| distributed init (rank 1): env://
dataset_dir: /projects/yuanai/data/
dataset_name: ImageNet
global_batch_size: 64
workers: 6
resolution: 256
channels: 3
ms_patch_size: 1_2_3_4_5_6_8_10_13_16
importance: (1, 1, 1, 2, 2, 2, 3, 3, 5, 5)
max_patch_size: 16
codebook_size: 65536
codebook_dim: 16
project_dim: 16
pq: 1
L: 4
alpha: 1.0
beta: 1.0
gamma: 0.0
disc_weight: 0.4
lecam_loss_weight: 0.001
disc_cr_loss_weight: 4.0
VQ: ema_vq
use_multiscale: False
transplant_epochs: 2
refinement_epochs: 5
eval_epochs: 1
disc_epoch: 2
lr_transplant: 0.0001
lr_refinement: 1e-05
dropout: 0.0
seed: 3407
weight_decay: 1e-05
stage: refinement
checkpoint_dir: /projects/yuanai/projects/VQ-Transplant2/checkpoint/Refinement/ImageNet
results_dir: /projects/yuanai/projects/VQ-Transplant2/results/Refinement/ImageNet
saver_dir: /projects/yuanai/projects/VQ-Transplant2/saver/Refinement/ImageNet
reconstruction_dir: /projects/yuanai/projects/VQ-Transplant2/reconstruction/Refinement/ImageNet
yaml_dir: /projects/yuanai/projects/VQ-Transplant2/yaml/Refinement/ImageNet
pretrained_tokenizer: /projects/yuanai/projects/VQ-Transplant2/pretrained_tokenizer/model.ckpt
checkpoint_name: checkpoint-ema_vq_transplant_False_ImageNet_model_65536_16_1_loss_1.0_1.0_0.0_0.4.pth.tar
nnodes: -1
node_rank: -1
local_rank: 0
dist_url: tcp://224.66.41.62:23456
dist_backend: nccl
world_size: 2
batch_size: 32
ms_token_size: (1, 2, 3, 4, 5, 6, 8, 10, 13, 16)
init_checkpoint_dir: /projects/yuanai/projects/VQ-Transplant2/checkpoint/
data_pre: ImageNet
model_pre: model_65536_16_1
loss_pre: loss_1.0_1.0_0.0_0.4
training_pre: ema_vq_refinement_False
saver_name_pre: ema_vq_refinement_False_ImageNet_model_65536_16_1_loss_1.0_1.0_0.0_0.4
| distributed init (rank 0): env://
making attention of type 'vanilla' with 512 in_channels
making attention of type 'vanilla' with 512 in_channels
making attention of type 'vanilla' with 512 in_channels
Working with z of shape (1, 16, 16, 16) = 4096 dimensions.
making attention of type 'vanilla' with 512 in_channels
making attention of type 'vanilla' with 512 in_channels
making attention of type 'vanilla' with 512 in_channels
making attention of type 'vanilla' with 512 in_channels
VQ Model Parameters: 69609635
loaded pretrained LPIPS loss from /projects/yuanai/projects/VQ-Transplant2/code/models/cache/vgg.pth
dataset name: ImageNet
len train_set: 1281167
len val_set: 50000
Start training...
epoch:1, cur_lr:0.000010
Train Epoch: [1/5] Iters:[10/20018] gen_loss 0.3302, rec_loss 0.0316, lpips_loss 0.2985, g_loss 0.2031, disc_weight 0.0000, disc_adaptive_weight 3.2853, codebook_loss 0.6187, utilization 0.1169, perplexity 5720.7677, d_loss 0.0000, logits_real -0.1994, logits_fake -0.2076,
Train Epoch: [1/5] Iters:[20/20018] gen_loss 0.3374, rec_loss 0.0337, lpips_loss 0.3037, g_loss 0.2068, disc_weight 0.0000, disc_adaptive_weight 3.2675, codebook_loss 0.5572, utilization 0.1127, perplexity 5398.4476, d_loss 0.0000, logits_real -0.2059, logits_fake -0.2112,
Train Epoch: [1/5] Iters:[30/20018] gen_loss 0.3404, rec_loss 0.0336, lpips_loss 0.3069, g_loss 0.2069, disc_weight 0.0000, disc_adaptive_weight 2.9569, codebook_loss 0.4990, utilization 0.1086, perplexity 5129.4707, d_loss 0.0000, logits_real -0.2047, logits_fake -0.2101,
Train Epoch: [1/5] Iters:[40/20018] gen_loss 0.3453, rec_loss 0.0345, lpips_loss 0.3108, g_loss 0.2078, disc_weight 0.0000, disc_adaptive_weight 2.8204, codebook_loss 0.4512, utilization 0.1056, perplexity 4910.8714, d_loss 0.0000, logits_real -0.2065, logits_fake -0.2106,
Train Epoch: [1/5] Iters:[50/20018] gen_loss 0.3497, rec_loss 0.0350, lpips_loss 0.3147, g_loss 0.2078, disc_weight 0.0000, disc_adaptive_weight 2.8102, codebook_loss 0.4114, utilization 0.1041, perplexity 4793.0024, d_loss 0.0000, logits_real -0.2071, logits_fake -0.2092,
Train Epoch: [1/5] Iters:[60/20018] gen_loss 0.3532, rec_loss 0.0354, lpips_loss 0.3178, g_loss 0.2096, disc_weight 0.0000, disc_adaptive_weight 2.7489, codebook_loss 0.3294, utilization 0.1005, perplexity 4514.9924, d_loss 0.0000, logits_real -0.2086, logits_fake -0.2096,
Train Epoch: [1/5] Iters:[70/20018] gen_loss 0.3541, rec_loss 0.0348, lpips_loss 0.3192, g_loss 0.2098, disc_weight 0.0000, disc_adaptive_weight 2.8751, codebook_loss 0.2662, utilization 0.0991, perplexity 4386.2502, d_loss 0.0000, logits_real -0.2079, logits_fake -0.2093,
Train Epoch: [1/5] Iters:[80/20018] gen_loss 0.3556, rec_loss 0.0353, lpips_loss 0.3203, g_loss 0.2097, disc_weight 0.0000, disc_adaptive_weight 3.2379, codebook_loss 0.2234, utilization 0.0997, perplexity 4386.8625, d_loss 0.0000, logits_real -0.2092, logits_fake -0.2094,
Train Epoch: [1/5] Iters:[90/20018] gen_loss 0.3543, rec_loss 0.0349, lpips_loss 0.3193, g_loss 0.2103, disc_weight 0.0000, disc_adaptive_weight 3.4765, codebook_loss 0.1935, utilization 0.1017, perplexity 4496.9951, d_loss 0.0000, logits_real -0.2088, logits_fake -0.2097,
Train Epoch: [1/5] Iters:[100/20018] gen_loss 0.3511, rec_loss 0.0343, lpips_loss 0.3168, g_loss 0.2118, disc_weight 0.0000, disc_adaptive_weight 3.6057, codebook_loss 0.1736, utilization 0.1042, perplexity 4645.8243, d_loss 0.0000, logits_real -0.2092, logits_fake -0.2124,
Train Epoch: [1/5] Iters:[110/20018] gen_loss 0.3529, rec_loss 0.0349, lpips_loss 0.3180, g_loss 0.2112, disc_weight 0.0000, disc_adaptive_weight 3.6263, codebook_loss 0.1624, utilization 0.1067, perplexity 4820.3255, d_loss 0.0000, logits_real -0.2103, logits_fake -0.2123,
Train Epoch: [1/5] Iters:[120/20018] gen_loss 0.3517, rec_loss 0.0352, lpips_loss 0.3164, g_loss 0.2120, disc_weight 0.0000, disc_adaptive_weight 3.2623, codebook_loss 0.1552, utilization 0.1089, perplexity 4979.7498, d_loss 0.0000, logits_real -0.2116, logits_fake -0.2130,
Train Epoch: [1/5] Iters:[130/20018] gen_loss 0.3509, rec_loss 0.0354, lpips_loss 0.3156, g_loss 0.2117, disc_weight 0.0000, disc_adaptive_weight 3.0230, codebook_loss 0.1501, utilization 0.1110, perplexity 5146.2763, d_loss 0.0000, logits_real -0.2107, logits_fake -0.2113,
Train Epoch: [1/5] Iters:[140/20018] gen_loss 0.3473, rec_loss 0.0345, lpips_loss 0.3128, g_loss 0.2113, disc_weight 0.0000, disc_adaptive_weight 2.7763, codebook_loss 0.1458, utilization 0.1126, perplexity 5272.3280, d_loss 0.0000, logits_real -0.2098, logits_fake -0.2110,
Train Epoch: [1/5] Iters:[150/20018] gen_loss 0.3461, rec_loss 0.0348, lpips_loss 0.3114, g_loss 0.2095, disc_weight 0.0000, disc_adaptive_weight 2.5228, codebook_loss 0.1433, utilization 0.1141, perplexity 5389.0087, d_loss 0.0000, logits_real -0.2082, logits_fake -0.2086,
Train Epoch: [1/5] Iters:[160/20018] gen_loss 0.3424, rec_loss 0.0342, lpips_loss 0.3082, g_loss 0.2093, disc_weight 0.0000, disc_adaptive_weight 2.3223, codebook_loss 0.1400, utilization 0.1152, perplexity 5472.2971, d_loss 0.0000, logits_real -0.2080, logits_fake -0.2080,
Train Epoch: [1/5] Iters:[170/20018] gen_loss 0.3412, rec_loss 0.0340, lpips_loss 0.3072, g_loss 0.2088, disc_weight 0.0000, disc_adaptive_weight 2.5572, codebook_loss 0.1378, utilization 0.1163, perplexity 5567.5674, d_loss 0.0000, logits_real -0.2067, logits_fake -0.2075,
Train Epoch: [1/5] Iters:[180/20018] gen_loss 0.3377, rec_loss 0.0336, lpips_loss 0.3042, g_loss 0.2092, disc_weight 0.0000, disc_adaptive_weight 2.5558, codebook_loss 0.1358, utilization 0.1172, perplexity 5645.2200, d_loss 0.0000, logits_real -0.2077, logits_fake -0.2094,
Train Epoch: [1/5] Iters:[190/20018] gen_loss 0.3370, rec_loss 0.0338, lpips_loss 0.3032, g_loss 0.2096, disc_weight 0.0000, disc_adaptive_weight 2.5496, codebook_loss 0.1350, utilization 0.1180, perplexity 5719.1731, d_loss 0.0000, logits_real -0.2074, logits_fake -0.2088,
Train Epoch: [1/5] Iters:[200/20018] gen_loss 0.3356, rec_loss 0.0338, lpips_loss 0.3018, g_loss 0.2095, disc_weight 0.0000, disc_adaptive_weight 2.6450, codebook_loss 0.1333, utilization 0.1187, perplexity 5787.2504, d_loss 0.0000, logits_real -0.2078, logits_fake -0.2101,
Train Epoch: [1/5] Iters:[210/20018] gen_loss 0.3331, rec_loss 0.0335, lpips_loss 0.2996, g_loss 0.2122, disc_weight 0.0000, disc_adaptive_weight 2.8587, codebook_loss 0.1323, utilization 0.1193, perplexity 5824.5469, d_loss 0.0000, logits_real -0.2084, logits_fake -0.2128,
Train Epoch: [1/5] Iters:[220/20018] gen_loss 0.3327, rec_loss 0.0335, lpips_loss 0.2992, g_loss 0.2113, disc_weight 0.0000, disc_adaptive_weight 2.8610, codebook_loss 0.1323, utilization 0.1200, perplexity 5889.7353, d_loss 0.0000, logits_real -0.2075, logits_fake -0.2108,
Train Epoch: [1/5] Iters:[230/20018] gen_loss 0.3333, rec_loss 0.0335, lpips_loss 0.2998, g_loss 0.2121, disc_weight 0.0000, disc_adaptive_weight 2.8953, codebook_loss 0.1316, utilization 0.1204, perplexity 5910.2808, d_loss 0.0000, logits_real -0.2072, logits_fake -0.2106,
Train Epoch: [1/5] Iters:[240/20018] gen_loss 0.3351, rec_loss 0.0343, lpips_loss 0.3008, g_loss 0.2115, disc_weight 0.0000, disc_adaptive_weight 3.0776, codebook_loss 0.1313, utilization 0.1209, perplexity 5951.8489, d_loss 0.0000, logits_real -0.2074, logits_fake -0.2091,
Train Epoch: [1/5] Iters:[250/20018] gen_loss 0.3334, rec_loss 0.0340, lpips_loss 0.2994, g_loss 0.2126, disc_weight 0.0000, disc_adaptive_weight 3.2312, codebook_loss 0.1303, utilization 0.1210, perplexity 5937.4965, d_loss 0.0000, logits_real -0.2087, logits_fake -0.2087,
Train Epoch: [1/5] Iters:[260/20018] gen_loss 0.3342, rec_loss 0.0340, lpips_loss 0.3002, g_loss 0.2113, disc_weight 0.0000, disc_adaptive_weight 3.2532, codebook_loss 0.1291, utilization 0.1210, perplexity 5952.4023, d_loss 0.0000, logits_real -0.2080, logits_fake -0.2079,
Train Epoch: [1/5] Iters:[270/20018] gen_loss 0.3322, rec_loss 0.0338, lpips_loss 0.2984, g_loss 0.2120, disc_weight 0.0000, disc_adaptive_weight 3.0963, codebook_loss 0.1274, utilization 0.1207, perplexity 5904.3278, d_loss 0.0000, logits_real -0.2095, logits_fake -0.2103,
Train Epoch: [1/5] Iters:[280/20018] gen_loss 0.3299, rec_loss 0.0336, lpips_loss 0.2963, g_loss 0.2110, disc_weight 0.0000, disc_adaptive_weight 3.1343, codebook_loss 0.1264, utilization 0.1209, perplexity 5914.6726, d_loss 0.0000, logits_real -0.2101, logits_fake -0.2109,
Train Epoch: [1/5] Iters:[290/20018] gen_loss 0.3258, rec_loss 0.0327, lpips_loss 0.2931, g_loss 0.2106, disc_weight 0.0000, disc_adaptive_weight 3.0060, codebook_loss 0.1249, utilization 0.1210, perplexity 5895.4687, d_loss 0.0000, logits_real -0.2103, logits_fake -0.2120,
Train Epoch: [1/5] Iters:[300/20018] gen_loss 0.3260, rec_loss 0.0334, lpips_loss 0.2926, g_loss 0.2129, disc_weight 0.0000, disc_adaptive_weight 2.8703, codebook_loss 0.1247, utilization 0.1212, perplexity 5908.9889, d_loss 0.0000, logits_real -0.2118, logits_fake -0.2152,
Train Epoch: [1/5] Iters:[310/20018] gen_loss 0.3260, rec_loss 0.0332, lpips_loss 0.2928, g_loss 0.2096, disc_weight 0.0000, disc_adaptive_weight 2.8407, codebook_loss 0.1242, utilization 0.1216, perplexity 5941.8158, d_loss 0.0000, logits_real -0.2089, logits_fake -0.2113,
Train Epoch: [1/5] Iters:[320/20018] gen_loss 0.3285, rec_loss 0.0341, lpips_loss 0.2944, g_loss 0.2080, disc_weight 0.0000, disc_adaptive_weight 2.8883, codebook_loss 0.1246, utilization 0.1221, perplexity 6015.3793, d_loss 0.0000, logits_real -0.2085, logits_fake -0.2091,
Train Epoch: [1/5] Iters:[330/20018] gen_loss 0.3300, rec_loss 0.0345, lpips_loss 0.2955, g_loss 0.2076, disc_weight 0.0000, disc_adaptive_weight 2.7888, codebook_loss 0.1248, utilization 0.1225, perplexity 6060.1830, d_loss 0.0000, logits_real -0.2079, logits_fake -0.2079,
Train Epoch: [1/5] Iters:[340/20018] gen_loss 0.3296, rec_loss 0.0346, lpips_loss 0.2950, g_loss 0.2094, disc_weight 0.0000, disc_adaptive_weight 2.8327, codebook_loss 0.1245, utilization 0.1223, perplexity 6058.2575, d_loss 0.0000, logits_real -0.2089, logits_fake -0.2106,
Train Epoch: [1/5] Iters:[350/20018] gen_loss 0.3296, rec_loss 0.0340, lpips_loss 0.2956, g_loss 0.2073, disc_weight 0.0000, disc_adaptive_weight 2.9976, codebook_loss 0.1238, utilization 0.1222, perplexity 6071.2058, d_loss 0.0000, logits_real -0.2069, logits_fake -0.2076,
Train Epoch: [1/5] Iters:[360/20018] gen_loss 0.3292, rec_loss 0.0343, lpips_loss 0.2948, g_loss 0.2087, disc_weight 0.0000, disc_adaptive_weight 3.0337, codebook_loss 0.1244, utilization 0.1224, perplexity 6084.3221, d_loss 0.0000, logits_real -0.2081, logits_fake -0.2087,
Train Epoch: [1/5] Iters:[370/20018] gen_loss 0.3264, rec_loss 0.0336, lpips_loss 0.2928, g_loss 0.2107, disc_weight 0.0000, disc_adaptive_weight 3.1770, codebook_loss 0.1235, utilization 0.1224, perplexity 6084.4005, d_loss 0.0000, logits_real -0.2085, logits_fake -0.2104,
Train Epoch: [1/5] Iters:[380/20018] gen_loss 0.3260, rec_loss 0.0341, lpips_loss 0.2919, g_loss 0.2129, disc_weight 0.0000, disc_adaptive_weight 3.1555, codebook_loss 0.1232, utilization 0.1224, perplexity 6096.1277, d_loss 0.0000, logits_real -0.2095, logits_fake -0.2125,
Train Epoch: [1/5] Iters:[390/20018] gen_loss 0.3277, rec_loss 0.0344, lpips_loss 0.2933, g_loss 0.2098, disc_weight 0.0000, disc_adaptive_weight 3.0221, codebook_loss 0.1233, utilization 0.1227, perplexity 6138.9492, d_loss 0.0000, logits_real -0.2087, logits_fake -0.2092,
Train Epoch: [1/5] Iters:[400/20018] gen_loss 0.3247, rec_loss 0.0344, lpips_loss 0.2903, g_loss 0.2098, disc_weight 0.0000, disc_adaptive_weight 2.7817, codebook_loss 0.1226, utilization 0.1230, perplexity 6142.5168, d_loss 0.0000, logits_real -0.2088, logits_fake -0.2090,
Train Epoch: [1/5] Iters:[410/20018] gen_loss 0.3234, rec_loss 0.0341, lpips_loss 0.2893, g_loss 0.2115, disc_weight 0.0000, disc_adaptive_weight 2.6156, codebook_loss 0.1217, utilization 0.1232, perplexity 6175.1917, d_loss 0.0000, logits_real -0.2114, logits_fake -0.2116,
Train Epoch: [1/5] Iters:[420/20018] gen_loss 0.3228, rec_loss 0.0340, lpips_loss 0.2888, g_loss 0.2114, disc_weight 0.0000, disc_adaptive_weight 2.5647, codebook_loss 0.1214, utilization 0.1231, perplexity 6167.3263, d_loss 0.0000, logits_real -0.2118, logits_fake -0.2113,
Train Epoch: [1/5] Iters:[430/20018] gen_loss 0.3215, rec_loss 0.0331, lpips_loss 0.2884, g_loss 0.2097, disc_weight 0.0000, disc_adaptive_weight 2.5932, codebook_loss 0.1207, utilization 0.1231, perplexity 6162.9852, d_loss 0.0000, logits_real -0.2109, logits_fake -0.2100,
Train Epoch: [1/5] Iters:[440/20018] gen_loss 0.3221, rec_loss 0.0334, lpips_loss 0.2887, g_loss 0.2110, disc_weight 0.0000, disc_adaptive_weight 2.7902, codebook_loss 0.1205, utilization 0.1231, perplexity 6161.4241, d_loss 0.0000, logits_real -0.2116, logits_fake -0.2110,
Train Epoch: [1/5] Iters:[450/20018] gen_loss 0.3236, rec_loss 0.0332, lpips_loss 0.2903, g_loss 0.2095, disc_weight 0.0000, disc_adaptive_weight 2.8291, codebook_loss 0.1204, utilization 0.1231, perplexity 6174.9395, d_loss 0.0000, logits_real -0.2094, logits_fake -0.2102,
Train Epoch: [1/5] Iters:[460/20018] gen_loss 0.3230, rec_loss 0.0335, lpips_loss 0.2895, g_loss 0.2073, disc_weight 0.0000, disc_adaptive_weight 2.8900, codebook_loss 0.1200, utilization 0.1230, perplexity 6150.8425, d_loss 0.0000, logits_real -0.2076, logits_fake -0.2080,
Train Epoch: [1/5] Iters:[470/20018] gen_loss 0.3257, rec_loss 0.0337, lpips_loss 0.2920, g_loss 0.2059, disc_weight 0.0000, disc_adaptive_weight 2.8129, codebook_loss 0.1204, utilization 0.1232, perplexity 6175.2402, d_loss 0.0000, logits_real -0.2061, logits_fake -0.2072,
Train Epoch: [1/5] Iters:[480/20018] gen_loss 0.3265, rec_loss 0.0338, lpips_loss 0.2926, g_loss 0.2063, disc_weight 0.0000, disc_adaptive_weight 2.7607, codebook_loss 0.1202, utilization 0.1235, perplexity 6196.8773, d_loss 0.0000, logits_real -0.2060, logits_fake -0.2069,
Train Epoch: [1/5] Iters:[490/20018] gen_loss 0.3242, rec_loss 0.0333, lpips_loss 0.2909, g_loss 0.2076, disc_weight 0.0000, disc_adaptive_weight 2.7035, codebook_loss 0.1197, utilization 0.1236, perplexity 6188.5344, d_loss 0.0000, logits_real -0.2070, logits_fake -0.2082,
Train Epoch: [1/5] Iters:[500/20018] gen_loss 0.3239, rec_loss 0.0336, lpips_loss 0.2903, g_loss 0.2088, disc_weight 0.0000, disc_adaptive_weight 2.7369, codebook_loss 0.1197, utilization 0.1237, perplexity 6193.7858, d_loss 0.0000, logits_real -0.2097, logits_fake -0.2089,
Train Epoch: [1/5] Iters:[510/20018] gen_loss 0.3243, rec_loss 0.0337, lpips_loss 0.2906, g_loss 0.2123, disc_weight 0.0000, disc_adaptive_weight 2.6241, codebook_loss 0.1200, utilization 0.1238, perplexity 6206.6410, d_loss 0.0000, logits_real -0.2106, logits_fake -0.2130,
Train Epoch: [1/5] Iters:[520/20018] gen_loss 0.3216, rec_loss 0.0337, lpips_loss 0.2878, g_loss 0.2129, disc_weight 0.0000, disc_adaptive_weight 2.7383, codebook_loss 0.1189, utilization 0.1235, perplexity 6186.4789, d_loss 0.0000, logits_real -0.2112, logits_fake -0.2129,
Train Epoch: [1/5] Iters:[530/20018] gen_loss 0.3209, rec_loss 0.0339, lpips_loss 0.2870, g_loss 0.2126, disc_weight 0.0000, disc_adaptive_weight 2.7854, codebook_loss 0.1185, utilization 0.1232, perplexity 6166.6140, d_loss 0.0000, logits_real -0.2101, logits_fake -0.2127,
Train Epoch: [1/5] Iters:[540/20018] gen_loss 0.3221, rec_loss 0.0343, lpips_loss 0.2877, g_loss 0.2110, disc_weight 0.0000, disc_adaptive_weight 2.7763, codebook_loss 0.1184, utilization 0.1234, perplexity 6176.6809, d_loss 0.0000, logits_real -0.2087, logits_fake -0.2109,
Train Epoch: [1/5] Iters:[550/20018] gen_loss 0.3227, rec_loss 0.0344, lpips_loss 0.2883, g_loss 0.2100, disc_weight 0.0000, disc_adaptive_weight 2.7792, codebook_loss 0.1182, utilization 0.1235, perplexity 6190.2560, d_loss 0.0000, logits_real -0.2077, logits_fake -0.2100,
Train Epoch: [1/5] Iters:[560/20018] gen_loss 0.3235, rec_loss 0.0342, lpips_loss 0.2893, g_loss 0.2067, disc_weight 0.0000, disc_adaptive_weight 2.9765, codebook_loss 0.1176, utilization 0.1235, perplexity 6186.6329, d_loss 0.0000, logits_real -0.2073, logits_fake -0.2067,
Train Epoch: [1/5] Iters:[570/20018] gen_loss 0.3242, rec_loss 0.0342, lpips_loss 0.2900, g_loss 0.2063, disc_weight 0.0000, disc_adaptive_weight 2.8517, codebook_loss 0.1174, utilization 0.1236, perplexity 6196.8535, d_loss 0.0000, logits_real -0.2064, logits_fake -0.2075,
Train Epoch: [1/5] Iters:[580/20018] gen_loss 0.3234, rec_loss 0.0338, lpips_loss 0.2896, g_loss 0.2059, disc_weight 0.0000, disc_adaptive_weight 3.0164, codebook_loss 0.1178, utilization 0.1238, perplexity 6197.0517, d_loss 0.0000, logits_real -0.2072, logits_fake -0.2076,
Train Epoch: [1/5] Iters:[590/20018] gen_loss 0.3235, rec_loss 0.0339, lpips_loss 0.2896, g_loss 0.2057, disc_weight 0.0000, disc_adaptive_weight 3.0404, codebook_loss 0.1173, utilization 0.1237, perplexity 6204.0536, d_loss 0.0000, logits_real -0.2059, logits_fake -0.2078,
Train Epoch: [1/5] Iters:[600/20018] gen_loss 0.3227, rec_loss 0.0335, lpips_loss 0.2892, g_loss 0.2075, disc_weight 0.0000, disc_adaptive_weight 3.0514, codebook_loss 0.1169, utilization 0.1237, perplexity 6220.1524, d_loss 0.0000, logits_real -0.2059, logits_fake -0.2105,
Train Epoch: [1/5] Iters:[610/20018] gen_loss 0.3216, rec_loss 0.0337, lpips_loss 0.2879, g_loss 0.2076, disc_weight 0.0000, disc_adaptive_weight 2.8242, codebook_loss 0.1170, utilization 0.1237, perplexity 6226.5751, d_loss 0.0000, logits_real -0.2043, logits_fake -0.2096,
Train Epoch: [1/5] Iters:[620/20018] gen_loss 0.3209, rec_loss 0.0337, lpips_loss 0.2872, g_loss 0.2093, disc_weight 0.0000, disc_adaptive_weight 2.8466, codebook_loss 0.1169, utilization 0.1239, perplexity 6244.9575, d_loss 0.0000, logits_real -0.2045, logits_fake -0.2098,
Train Epoch: [1/5] Iters:[630/20018] gen_loss 0.3196, rec_loss 0.0335, lpips_loss 0.2861, g_loss 0.2109, disc_weight 0.0000, disc_adaptive_weight 2.7394, codebook_loss 0.1162, utilization 0.1236, perplexity 6223.5366, d_loss 0.0000, logits_real -0.2066, logits_fake -0.2115,
Train Epoch: [1/5] Iters:[640/20018] gen_loss 0.3187, rec_loss 0.0332, lpips_loss 0.2856, g_loss 0.2134, disc_weight 0.0000, disc_adaptive_weight 2.7294, codebook_loss 0.1160, utilization 0.1237, perplexity 6243.0737, d_loss 0.0000, logits_real -0.2078, logits_fake -0.2130,
Train Epoch: [1/5] Iters:[650/20018] gen_loss 0.3185, rec_loss 0.0334, lpips_loss 0.2851, g_loss 0.2118, disc_weight 0.0000, disc_adaptive_weight 2.7211, codebook_loss 0.1162, utilization 0.1237, perplexity 6239.4666, d_loss 0.0000, logits_real -0.2089, logits_fake -0.2119,
Train Epoch: [1/5] Iters:[660/20018] gen_loss 0.3179, rec_loss 0.0331, lpips_loss 0.2847, g_loss 0.2140, disc_weight 0.0000, disc_adaptive_weight 2.9816, codebook_loss 0.1157, utilization 0.1236, perplexity 6226.9144, d_loss 0.0000, logits_real -0.2109, logits_fake -0.2150,
Train Epoch: [1/5] Iters:[670/20018] gen_loss 0.3185, rec_loss 0.0330, lpips_loss 0.2855, g_loss 0.2122, disc_weight 0.0000, disc_adaptive_weight 2.9975, codebook_loss 0.1160, utilization 0.1237, perplexity 6241.5619, d_loss 0.0000, logits_real -0.2113, logits_fake -0.2149,
Train Epoch: [1/5] Iters:[680/20018] gen_loss 0.3193, rec_loss 0.0332, lpips_loss 0.2861, g_loss 0.2126, disc_weight 0.0000, disc_adaptive_weight 2.9252, codebook_loss 0.1161, utilization 0.1239, perplexity 6254.6197, d_loss 0.0000, logits_real -0.2107, logits_fake -0.2145,
Train Epoch: [1/5] Iters:[690/20018] gen_loss 0.3191, rec_loss 0.0332, lpips_loss 0.2858, g_loss 0.2123, disc_weight 0.0000, disc_adaptive_weight 2.9564, codebook_loss 0.1161, utilization 0.1238, perplexity 6240.7071, d_loss 0.0000, logits_real -0.2109, logits_fake -0.2149,
Train Epoch: [1/5] Iters:[700/20018] gen_loss 0.3189, rec_loss 0.0333, lpips_loss 0.2856, g_loss 0.2130, disc_weight 0.0000, disc_adaptive_weight 2.8583, codebook_loss 0.1159, utilization 0.1238, perplexity 6233.0534, d_loss 0.0000, logits_real -0.2086, logits_fake -0.2143,
Train Epoch: [1/5] Iters:[710/20018] gen_loss 0.3189, rec_loss 0.0335, lpips_loss 0.2855, g_loss 0.2124, disc_weight 0.0000, disc_adaptive_weight 2.7269, codebook_loss 0.1162, utilization 0.1238, perplexity 6242.5937, d_loss 0.0000, logits_real -0.2075, logits_fake -0.2127,
Train Epoch: [1/5] Iters:[720/20018] gen_loss 0.3178, rec_loss 0.0335, lpips_loss 0.2842, g_loss 0.2140, disc_weight 0.0000, disc_adaptive_weight 2.7813, codebook_loss 0.1159, utilization 0.1236, perplexity 6224.4551, d_loss 0.0000, logits_real -0.2062, logits_fake -0.2128,
Train Epoch: [1/5] Iters:[730/20018] gen_loss 0.3185, rec_loss 0.0338, lpips_loss 0.2847, g_loss 0.2133, disc_weight 0.0000, disc_adaptive_weight 2.8762, codebook_loss 0.1156, utilization 0.1235, perplexity 6228.7506, d_loss 0.0000, logits_real -0.2050, logits_fake -0.2129,
Train Epoch: [1/5] Iters:[740/20018] gen_loss 0.3198, rec_loss 0.0343, lpips_loss 0.2856, g_loss 0.2115, disc_weight 0.0000, disc_adaptive_weight 3.2149, codebook_loss 0.1163, utilization 0.1235, perplexity 6221.8344, d_loss 0.0000, logits_real -0.2047, logits_fake -0.2109,
Train Epoch: [1/5] Iters:[750/20018] gen_loss 0.3187, rec_loss 0.0340, lpips_loss 0.2847, g_loss 0.2128, disc_weight 0.0000, disc_adaptive_weight 3.5033, codebook_loss 0.1164, utilization 0.1235, perplexity 6208.6419, d_loss 0.0000, logits_real -0.2059, logits_fake -0.2114,
Train Epoch: [1/5] Iters:[760/20018] gen_loss 0.3189, rec_loss 0.0338, lpips_loss 0.2852, g_loss 0.2121, disc_weight 0.0000, disc_adaptive_weight 3.7539, codebook_loss 0.1159, utilization 0.1233, perplexity 6206.7599, d_loss 0.0000, logits_real -0.2074, logits_fake -0.2113,
Train Epoch: [1/5] Iters:[770/20018] gen_loss 0.3180, rec_loss 0.0335, lpips_loss 0.2845, g_loss 0.2110, disc_weight 0.0000, disc_adaptive_weight 3.7539, codebook_loss 0.1154, utilization 0.1232, perplexity 6177.1602, d_loss 0.0000, logits_real -0.2087, logits_fake -0.2101,
Train Epoch: [1/5] Iters:[780/20018] gen_loss 0.3172, rec_loss 0.0332, lpips_loss 0.2840, g_loss 0.2115, disc_weight 0.0000, disc_adaptive_weight 3.6174, codebook_loss 0.1157, utilization 0.1233, perplexity 6186.6311, d_loss 0.0000, logits_real -0.2100, logits_fake -0.2106,
Train Epoch: [1/5] Iters:[790/20018] gen_loss 0.3166, rec_loss 0.0330, lpips_loss 0.2836, g_loss 0.2106, disc_weight 0.0000, disc_adaptive_weight 3.1092, codebook_loss 0.1153, utilization 0.1235, perplexity 6207.3242, d_loss 0.0000, logits_real -0.2082, logits_fake -0.2097,
Train Epoch: [1/5] Iters:[800/20018] gen_loss 0.3177, rec_loss 0.0332, lpips_loss 0.2845, g_loss 0.2091, disc_weight 0.0000, disc_adaptive_weight 2.9720, codebook_loss 0.1148, utilization 0.1234, perplexity 6201.4825, d_loss 0.0000, logits_real -0.2090, logits_fake -0.2099,
Train Epoch: [1/5] Iters:[810/20018] gen_loss 0.3181, rec_loss 0.0336, lpips_loss 0.2845, g_loss 0.2118, disc_weight 0.0000, disc_adaptive_weight 2.7392, codebook_loss 0.1149, utilization 0.1235, perplexity 6220.2992, d_loss 0.0000, logits_real -0.2089, logits_fake -0.2117,
Train Epoch: [1/5] Iters:[820/20018] gen_loss 0.3180, rec_loss 0.0337, lpips_loss 0.2843, g_loss 0.2117, disc_weight 0.0000, disc_adaptive_weight 2.6340, codebook_loss 0.1152, utilization 0.1235, perplexity 6229.2614, d_loss 0.0000, logits_real -0.2093, logits_fake -0.2128,
Train Epoch: [1/5] Iters:[830/20018] gen_loss 0.3174, rec_loss 0.0337, lpips_loss 0.2838, g_loss 0.2101, disc_weight 0.0000, disc_adaptive_weight 2.7123, codebook_loss 0.1149, utilization 0.1233, perplexity 6212.5097, d_loss 0.0000, logits_real -0.2081, logits_fake -0.2114,
Train Epoch: [1/5] Iters:[840/20018] gen_loss 0.3168, rec_loss 0.0335, lpips_loss 0.2833, g_loss 0.2122, disc_weight 0.0000, disc_adaptive_weight 2.8420, codebook_loss 0.1146, utilization 0.1231, perplexity 6219.9356, d_loss 0.0000, logits_real -0.2105, logits_fake -0.2141,
Train Epoch: [1/5] Iters:[850/20018] gen_loss 0.3156, rec_loss 0.0332, lpips_loss 0.2824, g_loss 0.2117, disc_weight 0.0000, disc_adaptive_weight 2.7835, codebook_loss 0.1144, utilization 0.1231, perplexity 6216.8577, d_loss 0.0000, logits_real -0.2102, logits_fake -0.2132,
Train Epoch: [1/5] Iters:[860/20018] gen_loss 0.3158, rec_loss 0.0335, lpips_loss 0.2823, g_loss 0.2107, disc_weight 0.0000, disc_adaptive_weight 2.7688, codebook_loss 0.1144, utilization 0.1231, perplexity 6191.5866, d_loss 0.0000, logits_real -0.2104, logits_fake -0.2130,
Train Epoch: [1/5] Iters:[870/20018] gen_loss 0.3175, rec_loss 0.0336, lpips_loss 0.2838, g_loss 0.2112, disc_weight 0.0000, disc_adaptive_weight 2.7890, codebook_loss 0.1144, utilization 0.1231, perplexity 6173.1964, d_loss 0.0000, logits_real -0.2097, logits_fake -0.2122,
Train Epoch: [1/5] Iters:[880/20018] gen_loss 0.3181, rec_loss 0.0337, lpips_loss 0.2844, g_loss 0.2132, disc_weight 0.0000, disc_adaptive_weight 2.6293, codebook_loss 0.1143, utilization 0.1232, perplexity 6178.5394, d_loss 0.0000, logits_real -0.2097, logits_fake -0.2129,
Train Epoch: [1/5] Iters:[890/20018] gen_loss 0.3162, rec_loss 0.0332, lpips_loss 0.2830, g_loss 0.2139, disc_weight 0.0000, disc_adaptive_weight 2.5434, codebook_loss 0.1135, utilization 0.1230, perplexity 6158.5270, d_loss 0.0000, logits_real -0.2104, logits_fake -0.2137,
Train Epoch: [1/5] Iters:[900/20018] gen_loss 0.3181, rec_loss 0.0336, lpips_loss 0.2845, g_loss 0.2147, disc_weight 0.0000, disc_adaptive_weight 2.5401, codebook_loss 0.1133, utilization 0.1231, perplexity 6181.4224, d_loss 0.0000, logits_real -0.2099, logits_fake -0.2145,
Train Epoch: [1/5] Iters:[910/20018] gen_loss 0.3178, rec_loss 0.0333, lpips_loss 0.2845, g_loss 0.2124, disc_weight 0.0000, disc_adaptive_weight 2.5862, codebook_loss 0.1132, utilization 0.1231, perplexity 6195.4050, d_loss 0.0000, logits_real -0.2084, logits_fake -0.2124,
Train Epoch: [1/5] Iters:[920/20018] gen_loss 0.3152, rec_loss 0.0331, lpips_loss 0.2821, g_loss 0.2122, disc_weight 0.0000, disc_adaptive_weight 2.4497, codebook_loss 0.1131, utilization 0.1233, perplexity 6202.1256, d_loss 0.0000, logits_real -0.2083, logits_fake -0.2127,
Train Epoch: [1/5] Iters:[930/20018] gen_loss 0.3158, rec_loss 0.0333, lpips_loss 0.2825, g_loss 0.2128, disc_weight 0.0000, disc_adaptive_weight 2.4632, codebook_loss 0.1130, utilization 0.1232, perplexity 6199.7841, d_loss 0.0000, logits_real -0.2100, logits_fake -0.2136,
Train Epoch: [1/5] Iters:[940/20018] gen_loss 0.3163, rec_loss 0.0333, lpips_loss 0.2830, g_loss 0.2121, disc_weight 0.0000, disc_adaptive_weight 2.4695, codebook_loss 0.1132, utilization 0.1232, perplexity 6191.2444, d_loss 0.0000, logits_real -0.2095, logits_fake -0.2116,
Train Epoch: [1/5] Iters:[950/20018] gen_loss 0.3154, rec_loss 0.0330, lpips_loss 0.2824, g_loss 0.2118, disc_weight 0.0000, disc_adaptive_weight 2.5222, codebook_loss 0.1135, utilization 0.1229, perplexity 6173.7267, d_loss 0.0000, logits_real -0.2096, logits_fake -0.2116,
Train Epoch: [1/5] Iters:[960/20018] gen_loss 0.3158, rec_loss 0.0331, lpips_loss 0.2827, g_loss 0.2134, disc_weight 0.0000, disc_adaptive_weight 2.4070, codebook_loss 0.1133, utilization 0.1230, perplexity 6180.1836, d_loss 0.0000, logits_real -0.2124, logits_fake -0.2127,
Train Epoch: [1/5] Iters:[970/20018] gen_loss 0.3173, rec_loss 0.0333, lpips_loss 0.2840, g_loss 0.2145, disc_weight 0.0000, disc_adaptive_weight 2.4484, codebook_loss 0.1131, utilization 0.1230, perplexity 6204.2244, d_loss 0.0000, logits_real -0.2138, logits_fake -0.2139,
Train Epoch: [1/5] Iters:[980/20018] gen_loss 0.3165, rec_loss 0.0332, lpips_loss 0.2834, g_loss 0.2144, disc_weight 0.0000, disc_adaptive_weight 2.5356, codebook_loss 0.1125, utilization 0.1229, perplexity 6203.9373, d_loss 0.0000, logits_real -0.2130, logits_fake -0.2131,
Train Epoch: [1/5] Iters:[990/20018] gen_loss 0.3153, rec_loss 0.0332, lpips_loss 0.2821, g_loss 0.2141, disc_weight 0.0000, disc_adaptive_weight 2.5638, codebook_loss 0.1127, utilization 0.1229, perplexity 6204.9177, d_loss 0.0000, logits_real -0.2116, logits_fake -0.2124,
Train Epoch: [1/5] Iters:[1000/20018] gen_loss 0.3156, rec_loss 0.0336, lpips_loss 0.2820, g_loss 0.2156, disc_weight 0.0000, disc_adaptive_weight 2.5137, codebook_loss 0.1130, utilization 0.1233, perplexity 6220.8065, d_loss 0.0000, logits_real -0.2123, logits_fake -0.2119,
Train Epoch: [1/5] Iters:[1010/20018] gen_loss 0.3140, rec_loss 0.0332, lpips_loss 0.2808, g_loss 0.2162, disc_weight 0.0000, disc_adaptive_weight 2.4498, codebook_loss 0.1130, utilization 0.1231, perplexity 6203.0156, d_loss 0.0000, logits_real -0.2092, logits_fake -0.2118,
Train Epoch: [1/5] Iters:[1020/20018] gen_loss 0.3141, rec_loss 0.0332, lpips_loss 0.2809, g_loss 0.2142, disc_weight 0.0000, disc_adaptive_weight 2.5668, codebook_loss 0.1129, utilization 0.1229, perplexity 6179.2007, d_loss 0.0000, logits_real -0.2075, logits_fake -0.2096,
Train Epoch: [1/5] Iters:[1030/20018] gen_loss 0.3151, rec_loss 0.0334, lpips_loss 0.2817, g_loss 0.2140, disc_weight 0.0000, disc_adaptive_weight 2.5032, codebook_loss 0.1134, utilization 0.1231, perplexity 6187.0916, d_loss 0.0000, logits_real -0.2080, logits_fake -0.2097,
Train Epoch: [1/5] Iters:[1040/20018] gen_loss 0.3172, rec_loss 0.0338, lpips_loss 0.2835, g_loss 0.2134, disc_weight 0.0000, disc_adaptive_weight 2.4452, codebook_loss 0.1132, utilization 0.1230, perplexity 6192.7680, d_loss 0.0000, logits_real -0.2086, logits_fake -0.2101,
Train Epoch: [1/5] Iters:[1050/20018] gen_loss 0.3162, rec_loss 0.0334, lpips_loss 0.2828, g_loss 0.2135, disc_weight 0.0000, disc_adaptive_weight 2.3205, codebook_loss 0.1128, utilization 0.1228, perplexity 6190.8082, d_loss 0.0000, logits_real -0.2082, logits_fake -0.2107,
Train Epoch: [1/5] Iters:[1060/20018] gen_loss 0.3157, rec_loss 0.0333, lpips_loss 0.2824, g_loss 0.2114, disc_weight 0.0000, disc_adaptive_weight 2.3620, codebook_loss 0.1126, utilization 0.1227, perplexity 6202.8856, d_loss 0.0000, logits_real -0.2089, logits_fake -0.2109,
Train Epoch: [1/5] Iters:[1070/20018] gen_loss 0.3158, rec_loss 0.0330, lpips_loss 0.2828, g_loss 0.2115, disc_weight 0.0000, disc_adaptive_weight 2.2015, codebook_loss 0.1125, utilization 0.1228, perplexity 6218.2171, d_loss 0.0000, logits_real -0.2092, logits_fake -0.2116,
Train Epoch: [1/5] Iters:[1080/20018] gen_loss 0.3151, rec_loss 0.0328, lpips_loss 0.2823, g_loss 0.2120, disc_weight 0.0000, disc_adaptive_weight 2.1917, codebook_loss 0.1120, utilization 0.1229, perplexity 6235.4436, d_loss 0.0000, logits_real -0.2103, logits_fake -0.2135,
Train Epoch: [1/5] Iters:[1090/20018] gen_loss 0.3137, rec_loss 0.0326, lpips_loss 0.2811, g_loss 0.2124, disc_weight 0.0000, disc_adaptive_weight 2.1756, codebook_loss 0.1116, utilization 0.1229, perplexity 6228.5451, d_loss 0.0000, logits_real -0.2098, logits_fake -0.2137,
Train Epoch: [1/5] Iters:[1100/20018] gen_loss 0.3144, rec_loss 0.0327, lpips_loss 0.2817, g_loss 0.2109, disc_weight 0.0000, disc_adaptive_weight 2.1652, codebook_loss 0.1111, utilization 0.1228, perplexity 6222.7510, d_loss 0.0000, logits_real -0.2087, logits_fake -0.2131,
Train Epoch: [1/5] Iters:[1110/20018] gen_loss 0.3131, rec_loss 0.0326, lpips_loss 0.2805, g_loss 0.2113, disc_weight 0.0000, disc_adaptive_weight 2.2225, codebook_loss 0.1112, utilization 0.1228, perplexity 6208.4536, d_loss 0.0000, logits_real -0.2075, logits_fake -0.2108,
Train Epoch: [1/5] Iters:[1120/20018] gen_loss 0.3138, rec_loss 0.0334, lpips_loss 0.2804, g_loss 0.2106, disc_weight 0.0000, disc_adaptive_weight 2.3419, codebook_loss 0.1115, utilization 0.1229, perplexity 6219.4230, d_loss 0.0000, logits_real -0.2079, logits_fake -0.2095,
Train Epoch: [1/5] Iters:[1130/20018] gen_loss 0.3132, rec_loss 0.0332, lpips_loss 0.2799, g_loss 0.2094, disc_weight 0.0000, disc_adaptive_weight 2.2885, codebook_loss 0.1117, utilization 0.1228, perplexity 6211.1713, d_loss 0.0000, logits_real -0.2058, logits_fake -0.2082,
Train Epoch: [1/5] Iters:[1140/20018] gen_loss 0.3148, rec_loss 0.0338, lpips_loss 0.2810, g_loss 0.2112, disc_weight 0.0000, disc_adaptive_weight 2.3910, codebook_loss 0.1124, utilization 0.1230, perplexity 6220.3287, d_loss 0.0000, logits_real -0.2084, logits_fake -0.2113,
Train Epoch: [1/5] Iters:[1150/20018] gen_loss 0.3155, rec_loss 0.0340, lpips_loss 0.2815, g_loss 0.2106, disc_weight 0.0000, disc_adaptive_weight 2.6900, codebook_loss 0.1127, utilization 0.1232, perplexity 6240.6927, d_loss 0.0000, logits_real -0.2082, logits_fake -0.2103,
Train Epoch: [1/5] Iters:[1160/20018] gen_loss 0.3187, rec_loss 0.0350, lpips_loss 0.2837, g_loss 0.2097, disc_weight 0.0000, disc_adaptive_weight 2.7261, codebook_loss 0.1130, utilization 0.1234, perplexity 6251.4623, d_loss 0.0000, logits_real -0.2093, logits_fake -0.2114,
Train Epoch: [1/5] Iters:[1170/20018] gen_loss 0.3170, rec_loss 0.0341, lpips_loss 0.2829, g_loss 0.2113, disc_weight 0.0000, disc_adaptive_weight 2.9461, codebook_loss 0.1123, utilization 0.1233, perplexity 6254.4496, d_loss 0.0000, logits_real -0.2102, logits_fake -0.2141,
Train Epoch: [1/5] Iters:[1180/20018] gen_loss 0.3152, rec_loss 0.0340, lpips_loss 0.2812, g_loss 0.2107, disc_weight 0.0000, disc_adaptive_weight 3.0750, codebook_loss 0.1121, utilization 0.1233, perplexity 6227.6201, d_loss 0.0000, logits_real -0.2094, logits_fake -0.2135,
Train Epoch: [1/5] Iters:[1190/20018] gen_loss 0.3153, rec_loss 0.0341, lpips_loss 0.2812, g_loss 0.2085, disc_weight 0.0000, disc_adaptive_weight 3.0783, codebook_loss 0.1118, utilization 0.1231, perplexity 6223.0346, d_loss 0.0000, logits_real -0.2074, logits_fake -0.2102,
Train Epoch: [1/5] Iters:[1200/20018] gen_loss 0.3149, rec_loss 0.0340, lpips_loss 0.2809, g_loss 0.2098, disc_weight 0.0000, disc_adaptive_weight 2.7794, codebook_loss 0.1114, utilization 0.1229, perplexity 6212.0255, d_loss 0.0000, logits_real -0.2086, logits_fake -0.2111,
Train Epoch: [1/5] Iters:[1210/20018] gen_loss 0.3127, rec_loss 0.0333, lpips_loss 0.2794, g_loss 0.2111, disc_weight 0.0000, disc_adaptive_weight 2.6982, codebook_loss 0.1112, utilization 0.1229, perplexity 6213.2719, d_loss 0.0000, logits_real -0.2082, logits_fake -0.2112,
Train Epoch: [1/5] Iters:[1220/20018] gen_loss 0.3117, rec_loss 0.0335, lpips_loss 0.2783, g_loss 0.2116, disc_weight 0.0000, disc_adaptive_weight 2.4213, codebook_loss 0.1111, utilization 0.1228, perplexity 6178.3452, d_loss 0.0000, logits_real -0.2061, logits_fake -0.2101,
Train Epoch: [1/5] Iters:[1230/20018] gen_loss 0.3147, rec_loss 0.0344, lpips_loss 0.2804, g_loss 0.2134, disc_weight 0.0000, disc_adaptive_weight 2.4401, codebook_loss 0.1113, utilization 0.1227, perplexity 6190.8220, d_loss 0.0000, logits_real -0.2089, logits_fake -0.2109,
Train Epoch: [1/5] Iters:[1240/20018] gen_loss 0.3146, rec_loss 0.0341, lpips_loss 0.2805, g_loss 0.2121, disc_weight 0.0000, disc_adaptive_weight 2.4391, codebook_loss 0.1117, utilization 0.1228, perplexity 6200.5626, d_loss 0.0000, logits_real -0.2087, logits_fake -0.2096,
Train Epoch: [1/5] Iters:[1250/20018] gen_loss 0.3136, rec_loss 0.0340, lpips_loss 0.2796, g_loss 0.2113, disc_weight 0.0000, disc_adaptive_weight 2.4682, codebook_loss 0.1117, utilization 0.1227, perplexity 6180.2095, d_loss 0.0000, logits_real -0.2078, logits_fake -0.2099,
Train Epoch: [1/5] Iters:[1260/20018] gen_loss 0.3154, rec_loss 0.0345, lpips_loss 0.2809, g_loss 0.2110, disc_weight 0.0000, disc_adaptive_weight 2.5252, codebook_loss 0.1119, utilization 0.1226, perplexity 6165.7513, d_loss 0.0000, logits_real -0.2081, logits_fake -0.2110,
Train Epoch: [1/5] Iters:[1270/20018] gen_loss 0.3158, rec_loss 0.0346, lpips_loss 0.2813, g_loss 0.2121, disc_weight 0.0000, disc_adaptive_weight 2.5513, codebook_loss 0.1120, utilization 0.1225, perplexity 6166.2307, d_loss 0.0000, logits_real -0.2100, logits_fake -0.2116,
Train Epoch: [1/5] Iters:[1280/20018] gen_loss 0.3147, rec_loss 0.0341, lpips_loss 0.2806, g_loss 0.2107, disc_weight 0.0000, disc_adaptive_weight 2.5577, codebook_loss 0.1118, utilization 0.1226, perplexity 6172.8326, d_loss 0.0000, logits_real -0.2091, logits_fake -0.2102,
Train Epoch: [1/5] Iters:[1290/20018] gen_loss 0.3153, rec_loss 0.0341, lpips_loss 0.2812, g_loss 0.2118, disc_weight 0.0000, disc_adaptive_weight 2.5319, codebook_loss 0.1112, utilization 0.1224, perplexity 6164.9236, d_loss 0.0000, logits_real -0.2091, logits_fake -0.2122,
Train Epoch: [1/5] Iters:[1300/20018] gen_loss 0.3157, rec_loss 0.0344, lpips_loss 0.2813, g_loss 0.2115, disc_weight 0.0000, disc_adaptive_weight 2.5043, codebook_loss 0.1118, utilization 0.1224, perplexity 6175.5032, d_loss 0.0000, logits_real -0.2104, logits_fake -0.2117,
Train Epoch: [1/5] Iters:[1310/20018] gen_loss 0.3157, rec_loss 0.0344, lpips_loss 0.2813, g_loss 0.2106, disc_weight 0.0000, disc_adaptive_weight 2.4876, codebook_loss 0.1112, utilization 0.1223, perplexity 6174.9705, d_loss 0.0000, logits_real -0.2106, logits_fake -0.2104,
Train Epoch: [1/5] Iters:[1320/20018] gen_loss 0.3170, rec_loss 0.0346, lpips_loss 0.2824, g_loss 0.2077, disc_weight 0.0000, disc_adaptive_weight 2.4254, codebook_loss 0.1121, utilization 0.1226, perplexity 6215.7606, d_loss 0.0000, logits_real -0.2088, logits_fake -0.2093,
Train Epoch: [1/5] Iters:[1330/20018] gen_loss 0.3151, rec_loss 0.0342, lpips_loss 0.2809, g_loss 0.2064, disc_weight 0.0000, disc_adaptive_weight 2.3208, codebook_loss 0.1115, utilization 0.1224, perplexity 6192.3121, d_loss 0.0000, logits_real -0.2066, logits_fake -0.2092,
Train Epoch: [1/5] Iters:[1340/20018] gen_loss 0.3128, rec_loss 0.0337, lpips_loss 0.2791, g_loss 0.2062, disc_weight 0.0000, disc_adaptive_weight 2.5519, codebook_loss 0.1115, utilization 0.1224, perplexity 6191.0566, d_loss 0.0000, logits_real -0.2046, logits_fake -0.2085,
Train Epoch: [1/5] Iters:[1350/20018] gen_loss 0.3126, rec_loss 0.0336, lpips_loss 0.2790, g_loss 0.2066, disc_weight 0.0000, disc_adaptive_weight 2.8659, codebook_loss 0.1109, utilization 0.1224, perplexity 6188.2353, d_loss 0.0000, logits_real -0.2042, logits_fake -0.2089,
Train Epoch: [1/5] Iters:[1360/20018] gen_loss 0.3102, rec_loss 0.0328, lpips_loss 0.2773, g_loss 0.2067, disc_weight 0.0000, disc_adaptive_weight 3.0642, codebook_loss 0.1105, utilization 0.1223, perplexity 6169.2885, d_loss 0.0000, logits_real -0.2045, logits_fake -0.2090,
Train Epoch: [1/5] Iters:[1370/20018] gen_loss 0.3099, rec_loss 0.0331, lpips_loss 0.2768, g_loss 0.2079, disc_weight 0.0000, disc_adaptive_weight 3.0941, codebook_loss 0.1105, utilization 0.1223, perplexity 6155.7677, d_loss 0.0000, logits_real -0.2054, logits_fake -0.2094,
Train Epoch: [1/5] Iters:[1380/20018] gen_loss 0.3112, rec_loss 0.0330, lpips_loss 0.2783, g_loss 0.2085, disc_weight 0.0000, disc_adaptive_weight 3.1811, codebook_loss 0.1110, utilization 0.1224, perplexity 6179.4191, d_loss 0.0000, logits_real -0.2065, logits_fake -0.2107,
Train Epoch: [1/5] Iters:[1390/20018] gen_loss 0.3112, rec_loss 0.0330, lpips_loss 0.2782, g_loss 0.2092, disc_weight 0.0000, disc_adaptive_weight 2.9625, codebook_loss 0.1113, utilization 0.1226, perplexity 6192.1017, d_loss 0.0000, logits_real -0.2079, logits_fake -0.2100,
Train Epoch: [1/5] Iters:[1400/20018] gen_loss 0.3125, rec_loss 0.0334, lpips_loss 0.2791, g_loss 0.2103, disc_weight 0.0000, disc_adaptive_weight 2.6626, codebook_loss 0.1115, utilization 0.1226, perplexity 6191.9799, d_loss 0.0000, logits_real -0.2082, logits_fake -0.2098,
Train Epoch: [1/5] Iters:[1410/20018] gen_loss 0.3142, rec_loss 0.0340, lpips_loss 0.2801, g_loss 0.2116, disc_weight 0.0000, disc_adaptive_weight 2.4851, codebook_loss 0.1126, utilization 0.1230, perplexity 6240.2738, d_loss 0.0000, logits_real -0.2080, logits_fake -0.2114,
Train Epoch: [1/5] Iters:[1420/20018] gen_loss 0.3137, rec_loss 0.0335, lpips_loss 0.2802, g_loss 0.2106, disc_weight 0.0000, disc_adaptive_weight 2.5012, codebook_loss 0.1117, utilization 0.1228, perplexity 6227.5768, d_loss 0.0000, logits_real -0.2083, logits_fake -0.2106,
Train Epoch: [1/5] Iters:[1430/20018] gen_loss 0.3135, rec_loss 0.0336, lpips_loss 0.2798, g_loss 0.2104, disc_weight 0.0000, disc_adaptive_weight 2.4014, codebook_loss 0.1112, utilization 0.1228, perplexity 6205.7683, d_loss 0.0000, logits_real -0.2085, logits_fake -0.2099,
Train Epoch: [1/5] Iters:[1440/20018] gen_loss 0.3139, rec_loss 0.0337, lpips_loss 0.2802, g_loss 0.2111, disc_weight 0.0000, disc_adaptive_weight 2.3093, codebook_loss 0.1116, utilization 0.1230, perplexity 6207.7917, d_loss 0.0000, logits_real -0.2099, logits_fake -0.2119,
Train Epoch: [1/5] Iters:[1450/20018] gen_loss 0.3115, rec_loss 0.0328, lpips_loss 0.2787, g_loss 0.2109, disc_weight 0.0000, disc_adaptive_weight 2.3946, codebook_loss 0.1114, utilization 0.1230, perplexity 6213.7028, d_loss 0.0000, logits_real -0.2099, logits_fake -0.2123,
Train Epoch: [1/5] Iters:[1460/20018] gen_loss 0.3112, rec_loss 0.0325, lpips_loss 0.2787, g_loss 0.2108, disc_weight 0.0000, disc_adaptive_weight 2.5622, codebook_loss 0.1108, utilization 0.1227, perplexity 6192.9736, d_loss 0.0000, logits_real -0.2100, logits_fake -0.2121,
Train Epoch: [1/5] Iters:[1470/20018] gen_loss 0.3109, rec_loss 0.0327, lpips_loss 0.2782, g_loss 0.2124, disc_weight 0.0000, disc_adaptive_weight 2.6833, codebook_loss 0.1111, utilization 0.1228, perplexity 6189.7038, d_loss 0.0000, logits_real -0.2105, logits_fake -0.2134,
Train Epoch: [1/5] Iters:[1480/20018] gen_loss 0.3106, rec_loss 0.0328, lpips_loss 0.2778, g_loss 0.2115, disc_weight 0.0000, disc_adaptive_weight 2.9940, codebook_loss 0.1114, utilization 0.1227, perplexity 6190.8709, d_loss 0.0000, logits_real -0.2091, logits_fake -0.2120,
Train Epoch: [1/5] Iters:[1490/20018] gen_loss 0.3108, rec_loss 0.0329, lpips_loss 0.2780, g_loss 0.2102, disc_weight 0.0000, disc_adaptive_weight 3.1250, codebook_loss 0.1111, utilization 0.1224, perplexity 6180.4686, d_loss 0.0000, logits_real -0.2074, logits_fake -0.2098,
Train Epoch: [1/5] Iters:[1500/20018] gen_loss 0.3103, rec_loss 0.0326, lpips_loss 0.2776, g_loss 0.2093, disc_weight 0.0000, disc_adaptive_weight 3.0875, codebook_loss 0.1108, utilization 0.1222, perplexity 6154.1301, d_loss 0.0000, logits_real -0.2058, logits_fake -0.2092,
Train Epoch: [1/5] Iters:[1510/20018] gen_loss 0.3127, rec_loss 0.0335, lpips_loss 0.2793, g_loss 0.2082, disc_weight 0.0000, disc_adaptive_weight 2.8684, codebook_loss 0.1111, utilization 0.1223, perplexity 6151.5694, d_loss 0.0000, logits_real -0.2045, logits_fake -0.2071,
Train Epoch: [1/5] Iters:[1520/20018] gen_loss 0.3128, rec_loss 0.0335, lpips_loss 0.2793, g_loss 0.2084, disc_weight 0.0000, disc_adaptive_weight 2.7616, codebook_loss 0.1107, utilization 0.1221, perplexity 6155.6316, d_loss 0.0000, logits_real -0.2041, logits_fake -0.2074,
Train Epoch: [1/5] Iters:[1530/20018] gen_loss 0.3141, rec_loss 0.0337, lpips_loss 0.2804, g_loss 0.2090, disc_weight 0.0000, disc_adaptive_weight 2.5375, codebook_loss 0.1107, utilization 0.1223, perplexity 6179.6076, d_loss 0.0000, logits_real -0.2046, logits_fake -0.2073,
Train Epoch: [1/5] Iters:[1540/20018] gen_loss 0.3148, rec_loss 0.0342, lpips_loss 0.2806, g_loss 0.2081, disc_weight 0.0000, disc_adaptive_weight 2.4861, codebook_loss 0.1106, utilization 0.1223, perplexity 6176.1847, d_loss 0.0000, logits_real -0.2042, logits_fake -0.2076,
Train Epoch: [1/5] Iters:[1550/20018] gen_loss 0.3157, rec_loss 0.0349, lpips_loss 0.2808, g_loss 0.2085, disc_weight 0.0000, disc_adaptive_weight 2.5897, codebook_loss 0.1108, utilization 0.1225, perplexity 6209.5476, d_loss 0.0000, logits_real -0.2051, logits_fake -0.2076,
Train Epoch: [1/5] Iters:[1560/20018] gen_loss 0.3138, rec_loss 0.0343, lpips_loss 0.2796, g_loss 0.2090, disc_weight 0.0000, disc_adaptive_weight 2.7097, codebook_loss 0.1103, utilization 0.1227, perplexity 6228.7093, d_loss 0.0000, logits_real -0.2074, logits_fake -0.2095,
Train Epoch: [1/5] Iters:[1570/20018] gen_loss 0.3144, rec_loss 0.0341, lpips_loss 0.2803, g_loss 0.2090, disc_weight 0.0000, disc_adaptive_weight 2.8039, codebook_loss 0.1105, utilization 0.1226, perplexity 6217.1491, d_loss 0.0000, logits_real -0.2083, logits_fake -0.2090,
Train Epoch: [1/5] Iters:[1580/20018] gen_loss 0.3127, rec_loss 0.0340, lpips_loss 0.2787, g_loss 0.2106, disc_weight 0.0000, disc_adaptive_weight 2.7802, codebook_loss 0.1102, utilization 0.1224, perplexity 6200.6312, d_loss 0.0000, logits_real -0.2091, logits_fake -0.2105,
Train Epoch: [1/5] Iters:[1590/20018] gen_loss 0.3118, rec_loss 0.0339, lpips_loss 0.2778, g_loss 0.2143, disc_weight 0.0000, disc_adaptive_weight 2.6148, codebook_loss 0.1101, utilization 0.1224, perplexity 6199.1028, d_loss 0.0000, logits_real -0.2115, logits_fake -0.2126,
Train Epoch: [1/5] Iters:[1600/20018] gen_loss 0.3135, rec_loss 0.0339, lpips_loss 0.2796, g_loss 0.2131, disc_weight 0.0000, disc_adaptive_weight 2.4331, codebook_loss 0.1101, utilization 0.1223, perplexity 6183.1161, d_loss 0.0000, logits_real -0.2103, logits_fake -0.2129,
