dataset_dir: /projects/yuanai/data/
dataset_name: ImageNet
global_batch_size: 64
workers: 6
resolution: 256
channels: 3
ms_patch_size: 1_2_3_4_5_6_8_10_13_16
importance: (1, 1, 1, 2, 2, 2, 3, 3, 5, 5)
max_patch_size: 16
codebook_size: 65536
codebook_dim: 16
project_dim: 16
pq: 1
L: 4
alpha: 1.0
beta: 1.0
gamma: 1.0
disc_weight: 0.4
lecam_loss_weight: 0.001
disc_cr_loss_weight: 4.0
VQ: mmd_vq
use_multiscale: False
transplant_epochs: 2
refinement_epochs: 5
eval_epochs: 1
disc_epoch: 2
lr_transplant: 0.0001
lr_refinement: 1e-05
dropout: 0.0
seed: 3407
weight_decay: 1e-05
stage: refinement
checkpoint_dir: /projects/yuanai/projects/VQ-Transplant2/checkpoint/Refinement/ImageNet
results_dir: /projects/yuanai/projects/VQ-Transplant2/results/Refinement/ImageNet
saver_dir: /projects/yuanai/projects/VQ-Transplant2/saver/Refinement/ImageNet
reconstruction_dir: /projects/yuanai/projects/VQ-Transplant2/reconstruction/Refinement/ImageNet
yaml_dir: /projects/yuanai/projects/VQ-Transplant2/yaml/Refinement/ImageNet
pretrained_tokenizer: /projects/yuanai/projects/VQ-Transplant2/pretrained_tokenizer/model.ckpt
checkpoint_name: checkpoint-mmd_vq_transplant_False_ImageNet_model_65536_16_1_loss_1.0_1.0_1.0_0.4.pth.tar
nnodes: -1
node_rank: -1
local_rank: 0
dist_url: tcp://224.66.41.62:23456
dist_backend: nccl
world_size: 2
batch_size: 32
ms_token_size: (1, 2, 3, 4, 5, 6, 8, 10, 13, 16)
init_checkpoint_dir: /projects/yuanai/projects/VQ-Transplant2/checkpoint/
data_pre: ImageNet
model_pre: model_65536_16_1
loss_pre: loss_1.0_1.0_1.0_0.4
training_pre: mmd_vq_refinement_False
saver_name_pre: mmd_vq_refinement_False_ImageNet_model_65536_16_1_loss_1.0_1.0_1.0_0.4
| distributed init (rank 1): env://
| distributed init (rank 0): env://
making attention of type 'vanilla' with 512 in_channels
making attention of type 'vanilla' with 512 in_channels
making attention of type 'vanilla' with 512 in_channels
Working with z of shape (1, 16, 16, 16) = 4096 dimensions.
making attention of type 'vanilla' with 512 in_channels
making attention of type 'vanilla' with 512 in_channels
making attention of type 'vanilla' with 512 in_channels
making attention of type 'vanilla' with 512 in_channels
VQ Model Parameters: 69609635
loaded pretrained LPIPS loss from /projects/yuanai/projects/VQ-Transplant2/code/models/cache/vgg.pth
dataset name: ImageNet
len train_set: 1281167
len val_set: 50000
Start training...
epoch:1, cur_lr:0.000010
Train Epoch: [1/5] Iters:[10/20018] gen_loss 0.3009, rec_loss 0.0288, lpips_loss 0.2721, g_loss -0.0294, disc_weight 0.0000, disc_adaptive_weight 3.1167, d_loss 0.0000, logits_real 0.0332, logits_fake 0.0282,
Train Epoch: [1/5] Iters:[20/20018] gen_loss 0.3069, rec_loss 0.0308, lpips_loss 0.2761, g_loss -0.0325, disc_weight 0.0000, disc_adaptive_weight 2.9455, d_loss 0.0000, logits_real 0.0355, logits_fake 0.0329,
Train Epoch: [1/5] Iters:[30/20018] gen_loss 0.3102, rec_loss 0.0306, lpips_loss 0.2797, g_loss -0.0315, disc_weight 0.0000, disc_adaptive_weight 2.8871, d_loss 0.0000, logits_real 0.0338, logits_fake 0.0322,
Train Epoch: [1/5] Iters:[40/20018] gen_loss 0.3148, rec_loss 0.0314, lpips_loss 0.2834, g_loss -0.0322, disc_weight 0.0000, disc_adaptive_weight 3.1289, d_loss 0.0000, logits_real 0.0338, logits_fake 0.0335,
Train Epoch: [1/5] Iters:[50/20018] gen_loss 0.3196, rec_loss 0.0320, lpips_loss 0.2877, g_loss -0.0316, disc_weight 0.0000, disc_adaptive_weight 3.0621, d_loss 0.0000, logits_real 0.0322, logits_fake 0.0324,
Train Epoch: [1/5] Iters:[60/20018] gen_loss 0.3241, rec_loss 0.0325, lpips_loss 0.2916, g_loss -0.0326, disc_weight 0.0000, disc_adaptive_weight 3.1934, d_loss 0.0000, logits_real 0.0325, logits_fake 0.0334,
Train Epoch: [1/5] Iters:[70/20018] gen_loss 0.3269, rec_loss 0.0321, lpips_loss 0.2948, g_loss -0.0314, disc_weight 0.0000, disc_adaptive_weight 3.4102, d_loss 0.0000, logits_real 0.0313, logits_fake 0.0316,
Train Epoch: [1/5] Iters:[80/20018] gen_loss 0.3309, rec_loss 0.0328, lpips_loss 0.2981, g_loss -0.0320, disc_weight 0.0000, disc_adaptive_weight 3.7003, d_loss 0.0000, logits_real 0.0315, logits_fake 0.0324,
Train Epoch: [1/5] Iters:[90/20018] gen_loss 0.3328, rec_loss 0.0328, lpips_loss 0.2999, g_loss -0.0314, disc_weight 0.0000, disc_adaptive_weight 3.4884, d_loss 0.0000, logits_real 0.0308, logits_fake 0.0311,
Train Epoch: [1/5] Iters:[100/20018] gen_loss 0.3329, rec_loss 0.0326, lpips_loss 0.3003, g_loss -0.0305, disc_weight 0.0000, disc_adaptive_weight 3.7559, d_loss 0.0000, logits_real 0.0313, logits_fake 0.0310,
Train Epoch: [1/5] Iters:[110/20018] gen_loss 0.3370, rec_loss 0.0334, lpips_loss 0.3036, g_loss -0.0307, disc_weight 0.0000, disc_adaptive_weight 3.9283, d_loss 0.0000, logits_real 0.0313, logits_fake 0.0320,
Train Epoch: [1/5] Iters:[120/20018] gen_loss 0.3380, rec_loss 0.0339, lpips_loss 0.3041, g_loss -0.0320, disc_weight 0.0000, disc_adaptive_weight 3.7904, d_loss 0.0000, logits_real 0.0322, logits_fake 0.0334,
Train Epoch: [1/5] Iters:[130/20018] gen_loss 0.3385, rec_loss 0.0340, lpips_loss 0.3045, g_loss -0.0318, disc_weight 0.0000, disc_adaptive_weight 3.6423, d_loss 0.0000, logits_real 0.0330, logits_fake 0.0329,
Train Epoch: [1/5] Iters:[140/20018] gen_loss 0.3365, rec_loss 0.0333, lpips_loss 0.3031, g_loss -0.0313, disc_weight 0.0000, disc_adaptive_weight 3.7147, d_loss 0.0000, logits_real 0.0328, logits_fake 0.0331,
Train Epoch: [1/5] Iters:[150/20018] gen_loss 0.3356, rec_loss 0.0334, lpips_loss 0.3022, g_loss -0.0323, disc_weight 0.0000, disc_adaptive_weight 3.5487, d_loss 0.0000, logits_real 0.0341, logits_fake 0.0342,
Train Epoch: [1/5] Iters:[160/20018] gen_loss 0.3330, rec_loss 0.0329, lpips_loss 0.3001, g_loss -0.0309, disc_weight 0.0000, disc_adaptive_weight 3.2548, d_loss 0.0000, logits_real 0.0326, logits_fake 0.0327,
Train Epoch: [1/5] Iters:[170/20018] gen_loss 0.3330, rec_loss 0.0327, lpips_loss 0.3003, g_loss -0.0290, disc_weight 0.0000, disc_adaptive_weight 3.2558, d_loss 0.0000, logits_real 0.0317, logits_fake 0.0313,
Train Epoch: [1/5] Iters:[180/20018] gen_loss 0.3297, rec_loss 0.0324, lpips_loss 0.2974, g_loss -0.0277, disc_weight 0.0000, disc_adaptive_weight 3.3250, d_loss 0.0000, logits_real 0.0298, logits_fake 0.0302,
Train Epoch: [1/5] Iters:[190/20018] gen_loss 0.3294, rec_loss 0.0325, lpips_loss 0.2969, g_loss -0.0298, disc_weight 0.0000, disc_adaptive_weight 3.5640, d_loss 0.0000, logits_real 0.0324, logits_fake 0.0322,
Train Epoch: [1/5] Iters:[200/20018] gen_loss 0.3283, rec_loss 0.0325, lpips_loss 0.2958, g_loss -0.0300, disc_weight 0.0000, disc_adaptive_weight 3.6814, d_loss 0.0000, logits_real 0.0320, logits_fake 0.0329,
Train Epoch: [1/5] Iters:[210/20018] gen_loss 0.3255, rec_loss 0.0323, lpips_loss 0.2933, g_loss -0.0313, disc_weight 0.0000, disc_adaptive_weight 3.8152, d_loss 0.0000, logits_real 0.0333, logits_fake 0.0340,
Train Epoch: [1/5] Iters:[220/20018] gen_loss 0.3242, rec_loss 0.0322, lpips_loss 0.2921, g_loss -0.0323, disc_weight 0.0000, disc_adaptive_weight 3.8897, d_loss 0.0000, logits_real 0.0340, logits_fake 0.0351,
Train Epoch: [1/5] Iters:[230/20018] gen_loss 0.3246, rec_loss 0.0321, lpips_loss 0.2925, g_loss -0.0328, disc_weight 0.0000, disc_adaptive_weight 3.7592, d_loss 0.0000, logits_real 0.0350, logits_fake 0.0351,
Train Epoch: [1/5] Iters:[240/20018] gen_loss 0.3256, rec_loss 0.0329, lpips_loss 0.2927, g_loss -0.0317, disc_weight 0.0000, disc_adaptive_weight 3.5676, d_loss 0.0000, logits_real 0.0329, logits_fake 0.0324,
Train Epoch: [1/5] Iters:[250/20018] gen_loss 0.3234, rec_loss 0.0324, lpips_loss 0.2910, g_loss -0.0315, disc_weight 0.0000, disc_adaptive_weight 3.5933, d_loss 0.0000, logits_real 0.0317, logits_fake 0.0316,
Train Epoch: [1/5] Iters:[260/20018] gen_loss 0.3240, rec_loss 0.0322, lpips_loss 0.2918, g_loss -0.0307, disc_weight 0.0000, disc_adaptive_weight 3.5295, d_loss 0.0000, logits_real 0.0314, logits_fake 0.0308,
Train Epoch: [1/5] Iters:[270/20018] gen_loss 0.3220, rec_loss 0.0321, lpips_loss 0.2898, g_loss -0.0300, disc_weight 0.0000, disc_adaptive_weight 3.6509, d_loss 0.0000, logits_real 0.0305, logits_fake 0.0303,
Train Epoch: [1/5] Iters:[280/20018] gen_loss 0.3198, rec_loss 0.0319, lpips_loss 0.2879, g_loss -0.0307, disc_weight 0.0000, disc_adaptive_weight 3.6518, d_loss 0.0000, logits_real 0.0307, logits_fake 0.0310,
Train Epoch: [1/5] Iters:[290/20018] gen_loss 0.3157, rec_loss 0.0310, lpips_loss 0.2847, g_loss -0.0296, disc_weight 0.0000, disc_adaptive_weight 3.7465, d_loss 0.0000, logits_real 0.0303, logits_fake 0.0306,
Train Epoch: [1/5] Iters:[300/20018] gen_loss 0.3155, rec_loss 0.0316, lpips_loss 0.2840, g_loss -0.0322, disc_weight 0.0000, disc_adaptive_weight 3.5187, d_loss 0.0000, logits_real 0.0329, logits_fake 0.0330,
Train Epoch: [1/5] Iters:[310/20018] gen_loss 0.3154, rec_loss 0.0315, lpips_loss 0.2839, g_loss -0.0305, disc_weight 0.0000, disc_adaptive_weight 3.7483, d_loss 0.0000, logits_real 0.0323, logits_fake 0.0314,
Train Epoch: [1/5] Iters:[320/20018] gen_loss 0.3174, rec_loss 0.0323, lpips_loss 0.2851, g_loss -0.0299, disc_weight 0.0000, disc_adaptive_weight 3.5900, d_loss 0.0000, logits_real 0.0316, logits_fake 0.0299,
Train Epoch: [1/5] Iters:[330/20018] gen_loss 0.3191, rec_loss 0.0328, lpips_loss 0.2863, g_loss -0.0278, disc_weight 0.0000, disc_adaptive_weight 3.6620, d_loss 0.0000, logits_real 0.0302, logits_fake 0.0284,
Train Epoch: [1/5] Iters:[340/20018] gen_loss 0.3180, rec_loss 0.0326, lpips_loss 0.2854, g_loss -0.0282, disc_weight 0.0000, disc_adaptive_weight 3.6113, d_loss 0.0000, logits_real 0.0302, logits_fake 0.0293,
Train Epoch: [1/5] Iters:[350/20018] gen_loss 0.3182, rec_loss 0.0322, lpips_loss 0.2860, g_loss -0.0261, disc_weight 0.0000, disc_adaptive_weight 3.6716, d_loss 0.0000, logits_real 0.0285, logits_fake 0.0273,
Train Epoch: [1/5] Iters:[360/20018] gen_loss 0.3169, rec_loss 0.0323, lpips_loss 0.2846, g_loss -0.0278, disc_weight 0.0000, disc_adaptive_weight 3.5229, d_loss 0.0000, logits_real 0.0292, logits_fake 0.0291,
Train Epoch: [1/5] Iters:[370/20018] gen_loss 0.3136, rec_loss 0.0313, lpips_loss 0.2823, g_loss -0.0293, disc_weight 0.0000, disc_adaptive_weight 3.5005, d_loss 0.0000, logits_real 0.0309, logits_fake 0.0311,
Train Epoch: [1/5] Iters:[380/20018] gen_loss 0.3120, rec_loss 0.0317, lpips_loss 0.2803, g_loss -0.0308, disc_weight 0.0000, disc_adaptive_weight 3.2914, d_loss 0.0000, logits_real 0.0319, logits_fake 0.0332,
Train Epoch: [1/5] Iters:[390/20018] gen_loss 0.3133, rec_loss 0.0319, lpips_loss 0.2814, g_loss -0.0307, disc_weight 0.0000, disc_adaptive_weight 3.2032, d_loss 0.0000, logits_real 0.0315, logits_fake 0.0330,
Train Epoch: [1/5] Iters:[400/20018] gen_loss 0.3100, rec_loss 0.0319, lpips_loss 0.2781, g_loss -0.0313, disc_weight 0.0000, disc_adaptive_weight 3.1546, d_loss 0.0000, logits_real 0.0329, logits_fake 0.0332,
Train Epoch: [1/5] Iters:[410/20018] gen_loss 0.3089, rec_loss 0.0318, lpips_loss 0.2772, g_loss -0.0313, disc_weight 0.0000, disc_adaptive_weight 2.8480, d_loss 0.0000, logits_real 0.0326, logits_fake 0.0331,
Train Epoch: [1/5] Iters:[420/20018] gen_loss 0.3082, rec_loss 0.0316, lpips_loss 0.2766, g_loss -0.0305, disc_weight 0.0000, disc_adaptive_weight 2.7449, d_loss 0.0000, logits_real 0.0318, logits_fake 0.0320,
Train Epoch: [1/5] Iters:[430/20018] gen_loss 0.3071, rec_loss 0.0307, lpips_loss 0.2764, g_loss -0.0314, disc_weight 0.0000, disc_adaptive_weight 2.8110, d_loss 0.0000, logits_real 0.0328, logits_fake 0.0319,
Train Epoch: [1/5] Iters:[440/20018] gen_loss 0.3074, rec_loss 0.0309, lpips_loss 0.2765, g_loss -0.0313, disc_weight 0.0000, disc_adaptive_weight 2.9243, d_loss 0.0000, logits_real 0.0332, logits_fake 0.0313,
Train Epoch: [1/5] Iters:[450/20018] gen_loss 0.3082, rec_loss 0.0308, lpips_loss 0.2774, g_loss -0.0289, disc_weight 0.0000, disc_adaptive_weight 3.0635, d_loss 0.0000, logits_real 0.0298, logits_fake 0.0284,
Train Epoch: [1/5] Iters:[460/20018] gen_loss 0.3069, rec_loss 0.0309, lpips_loss 0.2760, g_loss -0.0296, disc_weight 0.0000, disc_adaptive_weight 3.2660, d_loss 0.0000, logits_real 0.0299, logits_fake 0.0281,
Train Epoch: [1/5] Iters:[470/20018] gen_loss 0.3090, rec_loss 0.0311, lpips_loss 0.2779, g_loss -0.0299, disc_weight 0.0000, disc_adaptive_weight 3.3434, d_loss 0.0000, logits_real 0.0302, logits_fake 0.0282,
Train Epoch: [1/5] Iters:[480/20018] gen_loss 0.3089, rec_loss 0.0311, lpips_loss 0.2778, g_loss -0.0284, disc_weight 0.0000, disc_adaptive_weight 3.2585, d_loss 0.0000, logits_real 0.0284, logits_fake 0.0275,
Train Epoch: [1/5] Iters:[490/20018] gen_loss 0.3068, rec_loss 0.0306, lpips_loss 0.2761, g_loss -0.0291, disc_weight 0.0000, disc_adaptive_weight 3.1809, d_loss 0.0000, logits_real 0.0280, logits_fake 0.0283,
Train Epoch: [1/5] Iters:[500/20018] gen_loss 0.3064, rec_loss 0.0308, lpips_loss 0.2756, g_loss -0.0308, disc_weight 0.0000, disc_adaptive_weight 3.2244, d_loss 0.0000, logits_real 0.0305, logits_fake 0.0305,
Train Epoch: [1/5] Iters:[510/20018] gen_loss 0.3073, rec_loss 0.0309, lpips_loss 0.2763, g_loss -0.0312, disc_weight 0.0000, disc_adaptive_weight 3.2772, d_loss 0.0000, logits_real 0.0321, logits_fake 0.0319,
Train Epoch: [1/5] Iters:[520/20018] gen_loss 0.3048, rec_loss 0.0311, lpips_loss 0.2737, g_loss -0.0326, disc_weight 0.0000, disc_adaptive_weight 3.3052, d_loss 0.0000, logits_real 0.0323, logits_fake 0.0338,
Train Epoch: [1/5] Iters:[530/20018] gen_loss 0.3046, rec_loss 0.0311, lpips_loss 0.2735, g_loss -0.0329, disc_weight 0.0000, disc_adaptive_weight 3.4726, d_loss 0.0000, logits_real 0.0327, logits_fake 0.0335,
Train Epoch: [1/5] Iters:[540/20018] gen_loss 0.3053, rec_loss 0.0315, lpips_loss 0.2738, g_loss -0.0337, disc_weight 0.0000, disc_adaptive_weight 3.4816, d_loss 0.0000, logits_real 0.0336, logits_fake 0.0341,
Train Epoch: [1/5] Iters:[550/20018] gen_loss 0.3057, rec_loss 0.0316, lpips_loss 0.2741, g_loss -0.0322, disc_weight 0.0000, disc_adaptive_weight 3.4199, d_loss 0.0000, logits_real 0.0322, logits_fake 0.0333,
Train Epoch: [1/5] Iters:[560/20018] gen_loss 0.3062, rec_loss 0.0315, lpips_loss 0.2748, g_loss -0.0308, disc_weight 0.0000, disc_adaptive_weight 3.4394, d_loss 0.0000, logits_real 0.0308, logits_fake 0.0310,
Train Epoch: [1/5] Iters:[570/20018] gen_loss 0.3065, rec_loss 0.0314, lpips_loss 0.2751, g_loss -0.0301, disc_weight 0.0000, disc_adaptive_weight 3.5099, d_loss 0.0000, logits_real 0.0310, logits_fake 0.0302,
Train Epoch: [1/5] Iters:[580/20018] gen_loss 0.3053, rec_loss 0.0312, lpips_loss 0.2741, g_loss -0.0318, disc_weight 0.0000, disc_adaptive_weight 3.6902, d_loss 0.0000, logits_real 0.0325, logits_fake 0.0312,
Train Epoch: [1/5] Iters:[590/20018] gen_loss 0.3048, rec_loss 0.0312, lpips_loss 0.2736, g_loss -0.0319, disc_weight 0.0000, disc_adaptive_weight 3.4451, d_loss 0.0000, logits_real 0.0329, logits_fake 0.0311,
Train Epoch: [1/5] Iters:[600/20018] gen_loss 0.3038, rec_loss 0.0307, lpips_loss 0.2731, g_loss -0.0347, disc_weight 0.0000, disc_adaptive_weight 3.2716, d_loss 0.0000, logits_real 0.0350, logits_fake 0.0329,
Train Epoch: [1/5] Iters:[610/20018] gen_loss 0.3024, rec_loss 0.0309, lpips_loss 0.2714, g_loss -0.0344, disc_weight 0.0000, disc_adaptive_weight 3.3142, d_loss 0.0000, logits_real 0.0348, logits_fake 0.0337,
Train Epoch: [1/5] Iters:[620/20018] gen_loss 0.3015, rec_loss 0.0309, lpips_loss 0.2706, g_loss -0.0342, disc_weight 0.0000, disc_adaptive_weight 3.3928, d_loss 0.0000, logits_real 0.0346, logits_fake 0.0335,
Train Epoch: [1/5] Iters:[630/20018] gen_loss 0.2999, rec_loss 0.0306, lpips_loss 0.2693, g_loss -0.0333, disc_weight 0.0000, disc_adaptive_weight 3.0750, d_loss 0.0000, logits_real 0.0340, logits_fake 0.0336,
Train Epoch: [1/5] Iters:[640/20018] gen_loss 0.2991, rec_loss 0.0303, lpips_loss 0.2689, g_loss -0.0324, disc_weight 0.0000, disc_adaptive_weight 3.2826, d_loss 0.0000, logits_real 0.0336, logits_fake 0.0337,
Train Epoch: [1/5] Iters:[650/20018] gen_loss 0.2989, rec_loss 0.0304, lpips_loss 0.2684, g_loss -0.0307, disc_weight 0.0000, disc_adaptive_weight 3.2684, d_loss 0.0000, logits_real 0.0323, logits_fake 0.0327,
Train Epoch: [1/5] Iters:[660/20018] gen_loss 0.2985, rec_loss 0.0301, lpips_loss 0.2684, g_loss -0.0325, disc_weight 0.0000, disc_adaptive_weight 2.9550, d_loss 0.0000, logits_real 0.0326, logits_fake 0.0334,
Train Epoch: [1/5] Iters:[670/20018] gen_loss 0.2991, rec_loss 0.0299, lpips_loss 0.2692, g_loss -0.0316, disc_weight 0.0000, disc_adaptive_weight 2.7870, d_loss 0.0000, logits_real 0.0303, logits_fake 0.0322,
Train Epoch: [1/5] Iters:[680/20018] gen_loss 0.2994, rec_loss 0.0300, lpips_loss 0.2694, g_loss -0.0328, disc_weight 0.0000, disc_adaptive_weight 2.9365, d_loss 0.0000, logits_real 0.0309, logits_fake 0.0329,
Train Epoch: [1/5] Iters:[690/20018] gen_loss 0.2993, rec_loss 0.0300, lpips_loss 0.2692, g_loss -0.0329, disc_weight 0.0000, disc_adaptive_weight 2.9224, d_loss 0.0000, logits_real 0.0308, logits_fake 0.0325,
Train Epoch: [1/5] Iters:[700/20018] gen_loss 0.2987, rec_loss 0.0302, lpips_loss 0.2686, g_loss -0.0352, disc_weight 0.0000, disc_adaptive_weight 3.0140, d_loss 0.0000, logits_real 0.0322, logits_fake 0.0346,
Train Epoch: [1/5] Iters:[710/20018] gen_loss 0.2981, rec_loss 0.0303, lpips_loss 0.2678, g_loss -0.0333, disc_weight 0.0000, disc_adaptive_weight 3.1735, d_loss 0.0000, logits_real 0.0318, logits_fake 0.0333,
Train Epoch: [1/5] Iters:[720/20018] gen_loss 0.2966, rec_loss 0.0303, lpips_loss 0.2662, g_loss -0.0340, disc_weight 0.0000, disc_adaptive_weight 3.2488, d_loss 0.0000, logits_real 0.0345, logits_fake 0.0341,
Train Epoch: [1/5] Iters:[730/20018] gen_loss 0.2978, rec_loss 0.0308, lpips_loss 0.2671, g_loss -0.0328, disc_weight 0.0000, disc_adaptive_weight 3.1570, d_loss 0.0000, logits_real 0.0338, logits_fake 0.0332,
Train Epoch: [1/5] Iters:[740/20018] gen_loss 0.2989, rec_loss 0.0312, lpips_loss 0.2677, g_loss -0.0321, disc_weight 0.0000, disc_adaptive_weight 3.2337, d_loss 0.0000, logits_real 0.0330, logits_fake 0.0326,
Train Epoch: [1/5] Iters:[750/20018] gen_loss 0.2976, rec_loss 0.0308, lpips_loss 0.2668, g_loss -0.0299, disc_weight 0.0000, disc_adaptive_weight 3.2041, d_loss 0.0000, logits_real 0.0323, logits_fake 0.0307,
Train Epoch: [1/5] Iters:[760/20018] gen_loss 0.2979, rec_loss 0.0304, lpips_loss 0.2675, g_loss -0.0312, disc_weight 0.0000, disc_adaptive_weight 3.5368, d_loss 0.0000, logits_real 0.0330, logits_fake 0.0315,
Train Epoch: [1/5] Iters:[770/20018] gen_loss 0.2971, rec_loss 0.0301, lpips_loss 0.2669, g_loss -0.0306, disc_weight 0.0000, disc_adaptive_weight 3.5867, d_loss 0.0000, logits_real 0.0315, logits_fake 0.0306,
Train Epoch: [1/5] Iters:[780/20018] gen_loss 0.2961, rec_loss 0.0299, lpips_loss 0.2662, g_loss -0.0302, disc_weight 0.0000, disc_adaptive_weight 3.6367, d_loss 0.0000, logits_real 0.0312, logits_fake 0.0305,
Train Epoch: [1/5] Iters:[790/20018] gen_loss 0.2954, rec_loss 0.0298, lpips_loss 0.2657, g_loss -0.0319, disc_weight 0.0000, disc_adaptive_weight 3.6072, d_loss 0.0000, logits_real 0.0325, logits_fake 0.0311,
Train Epoch: [1/5] Iters:[800/20018] gen_loss 0.2966, rec_loss 0.0300, lpips_loss 0.2666, g_loss -0.0319, disc_weight 0.0000, disc_adaptive_weight 3.8237, d_loss 0.0000, logits_real 0.0308, logits_fake 0.0303,
Train Epoch: [1/5] Iters:[810/20018] gen_loss 0.2968, rec_loss 0.0304, lpips_loss 0.2665, g_loss -0.0305, disc_weight 0.0000, disc_adaptive_weight 3.6772, d_loss 0.0000, logits_real 0.0293, logits_fake 0.0296,
Train Epoch: [1/5] Iters:[820/20018] gen_loss 0.2968, rec_loss 0.0306, lpips_loss 0.2662, g_loss -0.0315, disc_weight 0.0000, disc_adaptive_weight 3.4379, d_loss 0.0000, logits_real 0.0303, logits_fake 0.0309,
Train Epoch: [1/5] Iters:[830/20018] gen_loss 0.2962, rec_loss 0.0306, lpips_loss 0.2656, g_loss -0.0319, disc_weight 0.0000, disc_adaptive_weight 3.4790, d_loss 0.0000, logits_real 0.0298, logits_fake 0.0305,
Train Epoch: [1/5] Iters:[840/20018] gen_loss 0.2956, rec_loss 0.0304, lpips_loss 0.2653, g_loss -0.0315, disc_weight 0.0000, disc_adaptive_weight 3.4187, d_loss 0.0000, logits_real 0.0297, logits_fake 0.0312,
Train Epoch: [1/5] Iters:[850/20018] gen_loss 0.2943, rec_loss 0.0302, lpips_loss 0.2641, g_loss -0.0312, disc_weight 0.0000, disc_adaptive_weight 3.2056, d_loss 0.0000, logits_real 0.0300, logits_fake 0.0313,
Train Epoch: [1/5] Iters:[860/20018] gen_loss 0.2940, rec_loss 0.0303, lpips_loss 0.2636, g_loss -0.0332, disc_weight 0.0000, disc_adaptive_weight 3.1589, d_loss 0.0000, logits_real 0.0314, logits_fake 0.0329,
Train Epoch: [1/5] Iters:[870/20018] gen_loss 0.2953, rec_loss 0.0303, lpips_loss 0.2650, g_loss -0.0330, disc_weight 0.0000, disc_adaptive_weight 3.1690, d_loss 0.0000, logits_real 0.0310, logits_fake 0.0326,
Train Epoch: [1/5] Iters:[880/20018] gen_loss 0.2957, rec_loss 0.0304, lpips_loss 0.2654, g_loss -0.0339, disc_weight 0.0000, disc_adaptive_weight 3.2586, d_loss 0.0000, logits_real 0.0317, logits_fake 0.0337,
Train Epoch: [1/5] Iters:[890/20018] gen_loss 0.2942, rec_loss 0.0300, lpips_loss 0.2642, g_loss -0.0359, disc_weight 0.0000, disc_adaptive_weight 3.4333, d_loss 0.0000, logits_real 0.0334, logits_fake 0.0354,
Train Epoch: [1/5] Iters:[900/20018] gen_loss 0.2966, rec_loss 0.0304, lpips_loss 0.2662, g_loss -0.0383, disc_weight 0.0000, disc_adaptive_weight 3.6549, d_loss 0.0000, logits_real 0.0346, logits_fake 0.0377,
Train Epoch: [1/5] Iters:[910/20018] gen_loss 0.2964, rec_loss 0.0304, lpips_loss 0.2661, g_loss -0.0370, disc_weight 0.0000, disc_adaptive_weight 3.5297, d_loss 0.0000, logits_real 0.0333, logits_fake 0.0363,
Train Epoch: [1/5] Iters:[920/20018] gen_loss 0.2942, rec_loss 0.0301, lpips_loss 0.2641, g_loss -0.0363, disc_weight 0.0000, disc_adaptive_weight 3.6945, d_loss 0.0000, logits_real 0.0338, logits_fake 0.0367,
Train Epoch: [1/5] Iters:[930/20018] gen_loss 0.2947, rec_loss 0.0302, lpips_loss 0.2645, g_loss -0.0365, disc_weight 0.0000, disc_adaptive_weight 3.5399, d_loss 0.0000, logits_real 0.0343, logits_fake 0.0369,
Train Epoch: [1/5] Iters:[940/20018] gen_loss 0.2945, rec_loss 0.0302, lpips_loss 0.2643, g_loss -0.0338, disc_weight 0.0000, disc_adaptive_weight 3.3360, d_loss 0.0000, logits_real 0.0323, logits_fake 0.0350,
Train Epoch: [1/5] Iters:[950/20018] gen_loss 0.2933, rec_loss 0.0299, lpips_loss 0.2634, g_loss -0.0318, disc_weight 0.0000, disc_adaptive_weight 3.0416, d_loss 0.0000, logits_real 0.0327, logits_fake 0.0336,
Train Epoch: [1/5] Iters:[960/20018] gen_loss 0.2939, rec_loss 0.0299, lpips_loss 0.2640, g_loss -0.0330, disc_weight 0.0000, disc_adaptive_weight 2.9684, d_loss 0.0000, logits_real 0.0337, logits_fake 0.0340,
Train Epoch: [1/5] Iters:[970/20018] gen_loss 0.2950, rec_loss 0.0302, lpips_loss 0.2648, g_loss -0.0344, disc_weight 0.0000, disc_adaptive_weight 2.7907, d_loss 0.0000, logits_real 0.0343, logits_fake 0.0346,
Train Epoch: [1/5] Iters:[980/20018] gen_loss 0.2939, rec_loss 0.0301, lpips_loss 0.2638, g_loss -0.0334, disc_weight 0.0000, disc_adaptive_weight 2.8298, d_loss 0.0000, logits_real 0.0335, logits_fake 0.0334,
Train Epoch: [1/5] Iters:[990/20018] gen_loss 0.2928, rec_loss 0.0301, lpips_loss 0.2627, g_loss -0.0344, disc_weight 0.0000, disc_adaptive_weight 3.1685, d_loss 0.0000, logits_real 0.0343, logits_fake 0.0338,
Train Epoch: [1/5] Iters:[1000/20018] gen_loss 0.2929, rec_loss 0.0305, lpips_loss 0.2625, g_loss -0.0356, disc_weight 0.0000, disc_adaptive_weight 3.2820, d_loss 0.0000, logits_real 0.0337, logits_fake 0.0342,
Train Epoch: [1/5] Iters:[1010/20018] gen_loss 0.2909, rec_loss 0.0301, lpips_loss 0.2608, g_loss -0.0348, disc_weight 0.0000, disc_adaptive_weight 3.2601, d_loss 0.0000, logits_real 0.0337, logits_fake 0.0352,
Train Epoch: [1/5] Iters:[1020/20018] gen_loss 0.2910, rec_loss 0.0300, lpips_loss 0.2610, g_loss -0.0330, disc_weight 0.0000, disc_adaptive_weight 3.3612, d_loss 0.0000, logits_real 0.0316, logits_fake 0.0331,
Train Epoch: [1/5] Iters:[1030/20018] gen_loss 0.2919, rec_loss 0.0301, lpips_loss 0.2618, g_loss -0.0339, disc_weight 0.0000, disc_adaptive_weight 3.3226, d_loss 0.0000, logits_real 0.0333, logits_fake 0.0346,
Train Epoch: [1/5] Iters:[1040/20018] gen_loss 0.2941, rec_loss 0.0306, lpips_loss 0.2636, g_loss -0.0327, disc_weight 0.0000, disc_adaptive_weight 3.0048, d_loss 0.0000, logits_real 0.0318, logits_fake 0.0333,
Train Epoch: [1/5] Iters:[1050/20018] gen_loss 0.2929, rec_loss 0.0302, lpips_loss 0.2627, g_loss -0.0313, disc_weight 0.0000, disc_adaptive_weight 2.9524, d_loss 0.0000, logits_real 0.0323, logits_fake 0.0329,
Train Epoch: [1/5] Iters:[1060/20018] gen_loss 0.2925, rec_loss 0.0301, lpips_loss 0.2624, g_loss -0.0327, disc_weight 0.0000, disc_adaptive_weight 3.0197, d_loss 0.0000, logits_real 0.0328, logits_fake 0.0339,
Train Epoch: [1/5] Iters:[1070/20018] gen_loss 0.2925, rec_loss 0.0298, lpips_loss 0.2627, g_loss -0.0345, disc_weight 0.0000, disc_adaptive_weight 2.9726, d_loss 0.0000, logits_real 0.0351, logits_fake 0.0360,
Train Epoch: [1/5] Iters:[1080/20018] gen_loss 0.2920, rec_loss 0.0297, lpips_loss 0.2623, g_loss -0.0345, disc_weight 0.0000, disc_adaptive_weight 2.9971, d_loss 0.0000, logits_real 0.0346, logits_fake 0.0352,
Train Epoch: [1/5] Iters:[1090/20018] gen_loss 0.2906, rec_loss 0.0295, lpips_loss 0.2611, g_loss -0.0350, disc_weight 0.0000, disc_adaptive_weight 2.9440, d_loss 0.0000, logits_real 0.0354, logits_fake 0.0357,
Train Epoch: [1/5] Iters:[1100/20018] gen_loss 0.2909, rec_loss 0.0295, lpips_loss 0.2614, g_loss -0.0342, disc_weight 0.0000, disc_adaptive_weight 3.2301, d_loss 0.0000, logits_real 0.0345, logits_fake 0.0350,
Train Epoch: [1/5] Iters:[1110/20018] gen_loss 0.2896, rec_loss 0.0294, lpips_loss 0.2602, g_loss -0.0320, disc_weight 0.0000, disc_adaptive_weight 3.5960, d_loss 0.0000, logits_real 0.0333, logits_fake 0.0334,
Train Epoch: [1/5] Iters:[1120/20018] gen_loss 0.2903, rec_loss 0.0300, lpips_loss 0.2602, g_loss -0.0293, disc_weight 0.0000, disc_adaptive_weight 3.7042, d_loss 0.0000, logits_real 0.0313, logits_fake 0.0311,
Train Epoch: [1/5] Iters:[1130/20018] gen_loss 0.2897, rec_loss 0.0300, lpips_loss 0.2598, g_loss -0.0291, disc_weight 0.0000, disc_adaptive_weight 3.7446, d_loss 0.0000, logits_real 0.0312, logits_fake 0.0315,
Train Epoch: [1/5] Iters:[1140/20018] gen_loss 0.2918, rec_loss 0.0305, lpips_loss 0.2614, g_loss -0.0316, disc_weight 0.0000, disc_adaptive_weight 3.7872, d_loss 0.0000, logits_real 0.0326, logits_fake 0.0332,
Train Epoch: [1/5] Iters:[1150/20018] gen_loss 0.2920, rec_loss 0.0305, lpips_loss 0.2615, g_loss -0.0325, disc_weight 0.0000, disc_adaptive_weight 3.4630, d_loss 0.0000, logits_real 0.0324, logits_fake 0.0334,
Train Epoch: [1/5] Iters:[1160/20018] gen_loss 0.2949, rec_loss 0.0315, lpips_loss 0.2634, g_loss -0.0347, disc_weight 0.0000, disc_adaptive_weight 3.1562, d_loss 0.0000, logits_real 0.0348, logits_fake 0.0343,
Train Epoch: [1/5] Iters:[1170/20018] gen_loss 0.2929, rec_loss 0.0306, lpips_loss 0.2623, g_loss -0.0358, disc_weight 0.0000, disc_adaptive_weight 3.0216, d_loss 0.0000, logits_real 0.0355, logits_fake 0.0344,
Train Epoch: [1/5] Iters:[1180/20018] gen_loss 0.2907, rec_loss 0.0303, lpips_loss 0.2604, g_loss -0.0340, disc_weight 0.0000, disc_adaptive_weight 3.0044, d_loss 0.0000, logits_real 0.0342, logits_fake 0.0329,
Train Epoch: [1/5] Iters:[1190/20018] gen_loss 0.2898, rec_loss 0.0303, lpips_loss 0.2595, g_loss -0.0301, disc_weight 0.0000, disc_adaptive_weight 2.9763, d_loss 0.0000, logits_real 0.0315, logits_fake 0.0299,
