dataset_dir: /datasets/
dataset_name: ImageNet
global_batch_size: 64
workers: 6
resolution: 256
channels: 3
ms_patch_size: 1_2_3_4_5_6_8_10_13_16
importance: (1, 1, 1, 2, 2, 2, 3, 3, 5, 5)
max_patch_size: 16
codebook_size: 4096
codebook_dim: 16
project_dim: 16
pq: 1
L: 4
alpha: 1.0
beta: 1.0
gamma: 0.0
disc_weight: 0.2
lecam_loss_weight: 0.001
disc_cr_loss_weight: 4.0
VQ: vanilla_vq
use_multiscale: True
transplant_epochs: 2
refinement_epochs: 5
eval_epochs: 1
disc_epoch: 3
lr_transplant: 0.0001
lr_refinement: 1e-05
dropout: 0.0
seed: 3407
weight_decay: 0.0001
stage: refinement
checkpoint_dir: /project/6105494/sunset/VQ-Projects/VQ-Transplant/checkpoint/Refinement/ImageNet
results_dir: /project/6105494/sunset/VQ-Projects/VQ-Transplant/results/Refinement/ImageNet
saver_dir: /project/6105494/sunset/VQ-Projects/VQ-Transplant/saver/Refinement/ImageNet
reconstruction_dir: /project/6105494/sunset/VQ-Projects/VQ-Transplant/reconstruction/Refinement/ImageNet
yaml_dir: /project/6105494/sunset/VQ-Projects/VQ-Transplant/yaml/Refinement/ImageNet
pretrained_tokenizer: /project/6105494/sunset/VQ-Projects/VQ-Transplant/pretrained_tokenizer/model.ckpt
checkpoint_name: checkpoint-vanilla_vq_transplant_True_ImageNet_model_4096_16_1_loss_1.0_1.0_0.0_0.2.pth.tar
nnodes: -1
node_rank: -1
local_rank: 0
dist_url: tcp://224.66.41.62:23456
dist_backend: nccl
world_size: 2
batch_size: 32
ms_token_size: (1, 2, 3, 4, 5, 6, 8, 10, 13, 16)
init_checkpoint_dir: /project/6105494/sunset/VQ-Projects/VQ-Transplant/checkpoint/
data_pre: ImageNet
model_pre: model_4096_16_1
loss_pre: loss_1.0_1.0_0.0_0.2
training_pre: vanilla_vq_refinement_True
saver_name_pre: vanilla_vq_refinement_True_ImageNet_model_4096_16_1_loss_1.0_1.0_0.0_0.2
| distributed init (rank 0): env://
| distributed init (rank 1): env://
making attention of type 'vanilla' with 512 in_channels
making attention of type 'vanilla' with 512 in_channels
making attention of type 'vanilla' with 512 in_channels
Working with z of shape (1, 16, 16, 16) = 4096 dimensions.
making attention of type 'vanilla' with 512 in_channels
making attention of type 'vanilla' with 512 in_channels
making attention of type 'vanilla' with 512 in_channels
making attention of type 'vanilla' with 512 in_channels
VQ Model Parameters: 69609635
loaded pretrained LPIPS loss from /project/6105494/sunset/VQ-Projects/VQ-Transplant/code/models/cache/vgg.pth
dataset name: ImageNet
len train_set: 1281167
len val_set: 50000
Start training...
epoch:1, cur_lr:0.000010
Train Epoch: [1/5] Iters:[10/20018] gen_loss 0.4324, rec_loss 0.0368, lpips_loss 0.3219, g_loss 0.3309, disc_weight 0.0000, disc_adaptive_weight 3.1395, d_loss 0.0000, logits_real -0.3320, logits_fake -0.3318,
Train Epoch: [1/5] Iters:[20/20018] gen_loss 0.4348, rec_loss 0.0381, lpips_loss 0.3205, g_loss 0.3319, disc_weight 0.0000, disc_adaptive_weight 2.7139, d_loss 0.0000, logits_real -0.3293, logits_fake -0.3300,
