dataset_dir: /projects/yuanai/data/
dataset_name: ImageNet
global_batch_size: 64
workers: 6
resolution: 256
channels: 3
ms_patch_size: 1_2_3_4_5_6_8_10_13_16
importance: (1, 1, 1, 2, 2, 2, 3, 3, 5, 5)
max_patch_size: 16
codebook_size: 65536
codebook_dim: 16
project_dim: 16
pq: 1
L: 4
alpha: 1.0
beta: 1.0
gamma: 0.0
disc_weight: 0.4
lecam_loss_weight: 0.001
disc_cr_loss_weight: 4.0
VQ: online_vq
use_multiscale: False
transplant_epochs: 2
refinement_epochs: 5
eval_epochs: 1
disc_epoch: 1
lr_transplant: 0.0001
lr_refinement: 1e-05
dropout: 0.0
seed: 3407
weight_decay: 1e-05
stage: refinement
path: bc
checkpoint_dir: /projects/yuanai/projects/VQ-Transplant3/checkpoint/Refinement/ImageNet
results_dir: /projects/yuanai/projects/VQ-Transplant3/results/Refinement/ImageNet
saver_dir: /projects/yuanai/projects/VQ-Transplant3/saver/Refinement/ImageNet
reconstruction_dir: /projects/yuanai/projects/VQ-Transplant3/reconstruction/Refinement/ImageNet
yaml_dir: /projects/yuanai/projects/VQ-Transplant3/yaml/Refinement/ImageNet
pretrained_tokenizer: /projects/yuanai/projects/VQ-Transplant3/pretrained_tokenizer/vae_ch160v4096z32.pth
checkpoint_name: checkpoint-online_vq_transplant_False_ImageNet_model_65536_16_1_loss_1.0_1.0_0.0_0.3.pth.tar
nnodes: -1
node_rank: -1
local_rank: 0
dist_url: tcp://224.66.41.62:23456
dist_backend: nccl
world_size: 2
batch_size: 32
ms_token_size: (1, 2, 3, 4, 5, 6, 8, 10, 13, 16)
init_checkpoint_dir: /projects/yuanai/projects/VQ-Transplant3/checkpoint/
data_pre: ImageNet
model_pre: model_65536_16_1
loss_pre: loss_1.0_1.0_0.0_0.4
training_pre: online_vq_refinement_False
saver_name_pre: online_vq_refinement_False_ImageNet_model_65536_16_1_loss_1.0_1.0_0.0_0.4
| distributed init (rank 0): env://
| distributed init (rank 1): env://
VQ Model Parameters: 108761795
loaded pretrained LPIPS loss from /projects/yuanai/projects/VQ-Transplant3/code/models/cache/vgg.pth
dataset name: ImageNet
len train_set: 1281167
len val_set: 50000
Start training...
epoch:1, cur_lr:0.000010
Train Epoch: [1/5] Iters:[10/20018] gen_loss 2.3036, rec_loss 0.0254, lpips_loss 0.2028, g_loss 0.4001, disc_weight 0.4000, disc_adaptive_weight 5.1598, d_loss 2.5738, logits_real -0.3762, logits_fake -0.4003,
Train Epoch: [1/5] Iters:[20/20018] gen_loss 2.0197, rec_loss 0.0281, lpips_loss 0.2105, g_loss 0.4039, disc_weight 0.4000, disc_adaptive_weight 4.4010, d_loss 2.3070, logits_real -0.3692, logits_fake -0.4047,
Train Epoch: [1/5] Iters:[30/20018] gen_loss 2.4986, rec_loss 0.0289, lpips_loss 0.2226, g_loss 0.4196, disc_weight 0.4000, disc_adaptive_weight 5.2798, d_loss 2.0895, logits_real -0.3677, logits_fake -0.4226,
Train Epoch: [1/5] Iters:[40/20018] gen_loss 2.9883, rec_loss 0.0322, lpips_loss 0.2391, g_loss 0.4259, disc_weight 0.4000, disc_adaptive_weight 6.2730, d_loss 1.9346, logits_real -0.3655, logits_fake -0.4293,
Train Epoch: [1/5] Iters:[50/20018] gen_loss 3.2233, rec_loss 0.0383, lpips_loss 0.2622, g_loss 0.4264, disc_weight 0.4000, disc_adaptive_weight 6.7633, d_loss 1.8215, logits_real -0.3643, logits_fake -0.4280,
Train Epoch: [1/5] Iters:[60/20018] gen_loss 3.3594, rec_loss 0.0534, lpips_loss 0.3045, g_loss 0.4245, disc_weight 0.4000, disc_adaptive_weight 6.9794, d_loss 1.5708, logits_real -0.3598, logits_fake -0.4262,
Train Epoch: [1/5] Iters:[70/20018] gen_loss 3.4817, rec_loss 0.0813, lpips_loss 0.3617, g_loss 0.4128, disc_weight 0.4000, disc_adaptive_weight 7.2017, d_loss 1.4185, logits_real -0.3574, logits_fake -0.4150,
Train Epoch: [1/5] Iters:[80/20018] gen_loss 3.2496, rec_loss 0.1269, lpips_loss 0.4258, g_loss 0.3809, disc_weight 0.4000, disc_adaptive_weight 6.8098, d_loss 1.3536, logits_real -0.3537, logits_fake -0.3810,
Train Epoch: [1/5] Iters:[90/20018] gen_loss 2.6880, rec_loss 0.1692, lpips_loss 0.4827, g_loss 0.3415, disc_weight 0.4000, disc_adaptive_weight 5.6303, d_loss 1.2956, logits_real -0.3494, logits_fake -0.3412,
Train Epoch: [1/5] Iters:[100/20018] gen_loss 2.1412, rec_loss 0.2043, lpips_loss 0.5312, g_loss 0.2999, disc_weight 0.4000, disc_adaptive_weight 4.4321, d_loss 1.2298, logits_real -0.3431, logits_fake -0.3020,
Train Epoch: [1/5] Iters:[110/20018] gen_loss 1.7703, rec_loss 0.2250, lpips_loss 0.5610, g_loss 0.2649, disc_weight 0.4000, disc_adaptive_weight 3.5246, d_loss 1.1611, logits_real -0.3357, logits_fake -0.2678,
Train Epoch: [1/5] Iters:[120/20018] gen_loss 1.5072, rec_loss 0.2263, lpips_loss 0.5560, g_loss 0.2392, disc_weight 0.4000, disc_adaptive_weight 2.9171, d_loss 1.0942, logits_real -0.3267, logits_fake -0.2419,
Train Epoch: [1/5] Iters:[130/20018] gen_loss 1.2783, rec_loss 0.2176, lpips_loss 0.5245, g_loss 0.2254, disc_weight 0.4000, disc_adaptive_weight 2.3808, d_loss 1.0144, logits_real -0.3161, logits_fake -0.2263,
Train Epoch: [1/5] Iters:[140/20018] gen_loss 1.1547, rec_loss 0.2039, lpips_loss 0.4831, g_loss 0.2205, disc_weight 0.4000, disc_adaptive_weight 2.1458, d_loss 0.9556, logits_real -0.3047, logits_fake -0.2212,
Train Epoch: [1/5] Iters:[150/20018] gen_loss 1.1243, rec_loss 0.2119, lpips_loss 0.4357, g_loss 0.2159, disc_weight 0.4000, disc_adaptive_weight 2.2477, d_loss 0.9229, logits_real -0.2920, logits_fake -0.2155,
Train Epoch: [1/5] Iters:[160/20018] gen_loss 1.1125, rec_loss 0.2124, lpips_loss 0.3903, g_loss 0.2126, disc_weight 0.4000, disc_adaptive_weight 2.4443, d_loss 0.8976, logits_real -0.2785, logits_fake -0.2121,
Train Epoch: [1/5] Iters:[170/20018] gen_loss 1.0733, rec_loss 0.1985, lpips_loss 0.3562, g_loss 0.2122, disc_weight 0.4000, disc_adaptive_weight 2.4832, d_loss 0.8743, logits_real -0.2652, logits_fake -0.2119,
Train Epoch: [1/5] Iters:[180/20018] gen_loss 1.0160, rec_loss 0.1855, lpips_loss 0.3317, g_loss 0.2064, disc_weight 0.4000, disc_adaptive_weight 2.4470, d_loss 0.8615, logits_real -0.2519, logits_fake -0.2077,
Train Epoch: [1/5] Iters:[190/20018] gen_loss 0.9523, rec_loss 0.1652, lpips_loss 0.3111, g_loss 0.2031, disc_weight 0.4000, disc_adaptive_weight 2.3616, d_loss 0.8447, logits_real -0.2386, logits_fake -0.2044,
Train Epoch: [1/5] Iters:[200/20018] gen_loss 0.8470, rec_loss 0.1225, lpips_loss 0.2892, g_loss 0.2054, disc_weight 0.4000, disc_adaptive_weight 2.1290, d_loss 0.8232, logits_real -0.2276, logits_fake -0.2066,
Train Epoch: [1/5] Iters:[210/20018] gen_loss 0.8007, rec_loss 0.0923, lpips_loss 0.2685, g_loss 0.2068, disc_weight 0.4000, disc_adaptive_weight 2.1281, d_loss 0.8050, logits_real -0.2185, logits_fake -0.2068,
Train Epoch: [1/5] Iters:[220/20018] gen_loss 0.7816, rec_loss 0.0827, lpips_loss 0.2542, g_loss 0.2036, disc_weight 0.4000, disc_adaptive_weight 2.1812, d_loss 0.7842, logits_real -0.2103, logits_fake -0.2028,
Train Epoch: [1/5] Iters:[230/20018] gen_loss 0.7512, rec_loss 0.0609, lpips_loss 0.2430, g_loss 0.2061, disc_weight 0.4000, disc_adaptive_weight 2.1697, d_loss 0.7494, logits_real -0.2040, logits_fake -0.2056,
Train Epoch: [1/5] Iters:[240/20018] gen_loss 0.8114, rec_loss 0.0518, lpips_loss 0.2367, g_loss 0.2050, disc_weight 0.4000, disc_adaptive_weight 2.5573, d_loss 0.7248, logits_real -0.1996, logits_fake -0.2039,
Train Epoch: [1/5] Iters:[250/20018] gen_loss 0.8382, rec_loss 0.0454, lpips_loss 0.2309, g_loss 0.2024, disc_weight 0.4000, disc_adaptive_weight 2.7828, d_loss 0.7037, logits_real -0.1959, logits_fake -0.2015,
Train Epoch: [1/5] Iters:[260/20018] gen_loss 0.8534, rec_loss 0.0407, lpips_loss 0.2281, g_loss 0.2002, disc_weight 0.4000, disc_adaptive_weight 2.9294, d_loss 0.6828, logits_real -0.1930, logits_fake -0.1993,
Train Epoch: [1/5] Iters:[270/20018] gen_loss 0.9219, rec_loss 0.0353, lpips_loss 0.2235, g_loss 0.1977, disc_weight 0.4000, disc_adaptive_weight 3.3678, d_loss 0.6671, logits_real -0.1912, logits_fake -0.1974,
Train Epoch: [1/5] Iters:[280/20018] gen_loss 0.9591, rec_loss 0.0335, lpips_loss 0.2196, g_loss 0.1946, disc_weight 0.4000, disc_adaptive_weight 3.6286, d_loss 0.6561, logits_real -0.1898, logits_fake -0.1945,
Train Epoch: [1/5] Iters:[290/20018] gen_loss 0.9284, rec_loss 0.0321, lpips_loss 0.2149, g_loss 0.1920, disc_weight 0.4000, disc_adaptive_weight 3.5493, d_loss 0.6450, logits_real -0.1888, logits_fake -0.1922,
Train Epoch: [1/5] Iters:[300/20018] gen_loss 0.9207, rec_loss 0.0325, lpips_loss 0.2130, g_loss 0.1904, disc_weight 0.4000, disc_adaptive_weight 3.5428, d_loss 0.6382, logits_real -0.1880, logits_fake -0.1904,
Train Epoch: [1/5] Iters:[310/20018] gen_loss 0.9052, rec_loss 0.0322, lpips_loss 0.2122, g_loss 0.1892, disc_weight 0.4000, disc_adaptive_weight 3.4886, d_loss 0.6290, logits_real -0.1872, logits_fake -0.1892,
Train Epoch: [1/5] Iters:[320/20018] gen_loss 0.8577, rec_loss 0.0331, lpips_loss 0.2132, g_loss 0.1882, disc_weight 0.4000, disc_adaptive_weight 3.2473, d_loss 0.6217, logits_real -0.1867, logits_fake -0.1881,
Train Epoch: [1/5] Iters:[330/20018] gen_loss 0.8314, rec_loss 0.0336, lpips_loss 0.2141, g_loss 0.1874, disc_weight 0.4000, disc_adaptive_weight 3.1125, d_loss 0.6144, logits_real -0.1863, logits_fake -0.1873,
Train Epoch: [1/5] Iters:[340/20018] gen_loss 0.8143, rec_loss 0.0335, lpips_loss 0.2132, g_loss 0.1865, disc_weight 0.4000, disc_adaptive_weight 3.0416, d_loss 0.6074, logits_real -0.1858, logits_fake -0.1863,
Train Epoch: [1/5] Iters:[350/20018] gen_loss 0.7998, rec_loss 0.0330, lpips_loss 0.2132, g_loss 0.1853, disc_weight 0.4000, disc_adaptive_weight 2.9858, d_loss 0.5988, logits_real -0.1845, logits_fake -0.1851,
Train Epoch: [1/5] Iters:[360/20018] gen_loss 0.7983, rec_loss 0.0334, lpips_loss 0.2125, g_loss 0.1841, disc_weight 0.4000, disc_adaptive_weight 3.0018, d_loss 0.5939, logits_real -0.1838, logits_fake -0.1839,
Train Epoch: [1/5] Iters:[370/20018] gen_loss 0.8043, rec_loss 0.0322, lpips_loss 0.2103, g_loss 0.1828, disc_weight 0.4000, disc_adaptive_weight 3.0752, d_loss 0.5871, logits_real -0.1826, logits_fake -0.1828,
Train Epoch: [1/5] Iters:[380/20018] gen_loss 0.8391, rec_loss 0.0330, lpips_loss 0.2095, g_loss 0.1814, disc_weight 0.4000, disc_adaptive_weight 3.2942, d_loss 0.5814, logits_real -0.1813, logits_fake -0.1815,
Train Epoch: [1/5] Iters:[390/20018] gen_loss 0.8438, rec_loss 0.0330, lpips_loss 0.2108, g_loss 0.1798, disc_weight 0.4000, disc_adaptive_weight 3.3392, d_loss 0.5763, logits_real -0.1797, logits_fake -0.1799,
Train Epoch: [1/5] Iters:[400/20018] gen_loss 0.8385, rec_loss 0.0328, lpips_loss 0.2086, g_loss 0.1785, disc_weight 0.4000, disc_adaptive_weight 3.3457, d_loss 0.5711, logits_real -0.1787, logits_fake -0.1785,
Train Epoch: [1/5] Iters:[410/20018] gen_loss 0.8331, rec_loss 0.0324, lpips_loss 0.2077, g_loss 0.1765, disc_weight 0.4000, disc_adaptive_weight 3.3568, d_loss 0.5657, logits_real -0.1770, logits_fake -0.1765,
Train Epoch: [1/5] Iters:[420/20018] gen_loss 0.8068, rec_loss 0.0319, lpips_loss 0.2070, g_loss 0.1751, disc_weight 0.4000, disc_adaptive_weight 3.2411, d_loss 0.5604, logits_real -0.1756, logits_fake -0.1749,
Train Epoch: [1/5] Iters:[430/20018] gen_loss 0.7926, rec_loss 0.0304, lpips_loss 0.2061, g_loss 0.1741, disc_weight 0.4000, disc_adaptive_weight 3.1962, d_loss 0.5555, logits_real -0.1745, logits_fake -0.1736,
Train Epoch: [1/5] Iters:[440/20018] gen_loss 0.8003, rec_loss 0.0305, lpips_loss 0.2059, g_loss 0.1729, disc_weight 0.4000, disc_adaptive_weight 3.2642, d_loss 0.5515, logits_real -0.1733, logits_fake -0.1726,
Train Epoch: [1/5] Iters:[450/20018] gen_loss 0.7951, rec_loss 0.0301, lpips_loss 0.2071, g_loss 0.1716, disc_weight 0.4000, disc_adaptive_weight 3.2503, d_loss 0.5469, logits_real -0.1721, logits_fake -0.1714,
Train Epoch: [1/5] Iters:[460/20018] gen_loss 0.8178, rec_loss 0.0300, lpips_loss 0.2066, g_loss 0.1707, disc_weight 0.4000, disc_adaptive_weight 3.4082, d_loss 0.5428, logits_real -0.1710, logits_fake -0.1704,
Train Epoch: [1/5] Iters:[470/20018] gen_loss 0.8535, rec_loss 0.0303, lpips_loss 0.2087, g_loss 0.1694, disc_weight 0.4000, disc_adaptive_weight 3.6297, d_loss 0.5398, logits_real -0.1700, logits_fake -0.1694,
Train Epoch: [1/5] Iters:[480/20018] gen_loss 0.8313, rec_loss 0.0303, lpips_loss 0.2092, g_loss 0.1679, disc_weight 0.4000, disc_adaptive_weight 3.5241, d_loss 0.5364, logits_real -0.1687, logits_fake -0.1680,
Train Epoch: [1/5] Iters:[490/20018] gen_loss 0.8191, rec_loss 0.0298, lpips_loss 0.2080, g_loss 0.1667, disc_weight 0.4000, disc_adaptive_weight 3.4867, d_loss 0.5328, logits_real -0.1677, logits_fake -0.1668,
Train Epoch: [1/5] Iters:[500/20018] gen_loss 0.8397, rec_loss 0.0300, lpips_loss 0.2076, g_loss 0.1656, disc_weight 0.4000, disc_adaptive_weight 3.6336, d_loss 0.5303, logits_real -0.1667, logits_fake -0.1660,
Train Epoch: [1/5] Iters:[510/20018] gen_loss 0.8065, rec_loss 0.0301, lpips_loss 0.2080, g_loss 0.1642, disc_weight 0.4000, disc_adaptive_weight 3.4582, d_loss 0.5275, logits_real -0.1657, logits_fake -0.1648,
Train Epoch: [1/5] Iters:[520/20018] gen_loss 0.7827, rec_loss 0.0299, lpips_loss 0.2058, g_loss 0.1631, disc_weight 0.4000, disc_adaptive_weight 3.3534, d_loss 0.5238, logits_real -0.1645, logits_fake -0.1635,
Train Epoch: [1/5] Iters:[530/20018] gen_loss 0.7759, rec_loss 0.0299, lpips_loss 0.2054, g_loss 0.1620, disc_weight 0.4000, disc_adaptive_weight 3.3355, d_loss 0.5207, logits_real -0.1631, logits_fake -0.1624,
Train Epoch: [1/5] Iters:[540/20018] gen_loss 0.8082, rec_loss 0.0301, lpips_loss 0.2058, g_loss 0.1609, disc_weight 0.4000, disc_adaptive_weight 3.5574, d_loss 0.5181, logits_real -0.1619, logits_fake -0.1612,
Train Epoch: [1/5] Iters:[550/20018] gen_loss 0.7965, rec_loss 0.0301, lpips_loss 0.2067, g_loss 0.1595, disc_weight 0.4000, disc_adaptive_weight 3.5120, d_loss 0.5147, logits_real -0.1605, logits_fake -0.1594,
Train Epoch: [1/5] Iters:[560/20018] gen_loss 0.8467, rec_loss 0.0298, lpips_loss 0.2075, g_loss 0.1583, disc_weight 0.4000, disc_adaptive_weight 3.8529, d_loss 0.5119, logits_real -0.1593, logits_fake -0.1582,
Train Epoch: [1/5] Iters:[570/20018] gen_loss 0.8567, rec_loss 0.0300, lpips_loss 0.2082, g_loss 0.1570, disc_weight 0.4000, disc_adaptive_weight 3.9430, d_loss 0.5092, logits_real -0.1581, logits_fake -0.1570,
Train Epoch: [1/5] Iters:[580/20018] gen_loss 0.8869, rec_loss 0.0298, lpips_loss 0.2078, g_loss 0.1557, disc_weight 0.4000, disc_adaptive_weight 4.1696, d_loss 0.5069, logits_real -0.1571, logits_fake -0.1559,
Train Epoch: [1/5] Iters:[590/20018] gen_loss 0.8579, rec_loss 0.0302, lpips_loss 0.2085, g_loss 0.1547, disc_weight 0.4000, disc_adaptive_weight 4.0014, d_loss 0.5043, logits_real -0.1561, logits_fake -0.1547,
Train Epoch: [1/5] Iters:[600/20018] gen_loss 0.8540, rec_loss 0.0299, lpips_loss 0.2083, g_loss 0.1536, disc_weight 0.4000, disc_adaptive_weight 4.0018, d_loss 0.5020, logits_real -0.1549, logits_fake -0.1536,
Train Epoch: [1/5] Iters:[610/20018] gen_loss 0.7975, rec_loss 0.0300, lpips_loss 0.2074, g_loss 0.1522, disc_weight 0.4000, disc_adaptive_weight 3.6746, d_loss 0.4992, logits_real -0.1535, logits_fake -0.1521,
Train Epoch: [1/5] Iters:[620/20018] gen_loss 0.7724, rec_loss 0.0299, lpips_loss 0.2071, g_loss 0.1509, disc_weight 0.4000, disc_adaptive_weight 3.5441, d_loss 0.4964, logits_real -0.1522, logits_fake -0.1507,
Train Epoch: [1/5] Iters:[630/20018] gen_loss 0.7434, rec_loss 0.0294, lpips_loss 0.2064, g_loss 0.1497, disc_weight 0.4000, disc_adaptive_weight 3.3884, d_loss 0.4935, logits_real -0.1507, logits_fake -0.1492,
Train Epoch: [1/5] Iters:[640/20018] gen_loss 0.7332, rec_loss 0.0287, lpips_loss 0.2054, g_loss 0.1484, disc_weight 0.4000, disc_adaptive_weight 3.3642, d_loss 0.4907, logits_real -0.1495, logits_fake -0.1482,
Train Epoch: [1/5] Iters:[650/20018] gen_loss 0.7289, rec_loss 0.0286, lpips_loss 0.2049, g_loss 0.1475, disc_weight 0.4000, disc_adaptive_weight 3.3589, d_loss 0.4885, logits_real -0.1487, logits_fake -0.1475,
Train Epoch: [1/5] Iters:[660/20018] gen_loss 0.7496, rec_loss 0.0284, lpips_loss 0.2050, g_loss 0.1469, disc_weight 0.4000, disc_adaptive_weight 3.5169, d_loss 0.4859, logits_real -0.1480, logits_fake -0.1469,
Train Epoch: [1/5] Iters:[670/20018] gen_loss 0.7504, rec_loss 0.0282, lpips_loss 0.2054, g_loss 0.1463, disc_weight 0.4000, disc_adaptive_weight 3.5335, d_loss 0.4838, logits_real -0.1470, logits_fake -0.1462,
Train Epoch: [1/5] Iters:[680/20018] gen_loss 0.7719, rec_loss 0.0283, lpips_loss 0.2057, g_loss 0.1455, disc_weight 0.4000, disc_adaptive_weight 3.6967, d_loss 0.4816, logits_real -0.1465, logits_fake -0.1455,
Train Epoch: [1/5] Iters:[690/20018] gen_loss 0.7710, rec_loss 0.0284, lpips_loss 0.2061, g_loss 0.1448, disc_weight 0.4000, disc_adaptive_weight 3.7056, d_loss 0.4798, logits_real -0.1457, logits_fake -0.1447,
Train Epoch: [1/5] Iters:[700/20018] gen_loss 0.7594, rec_loss 0.0286, lpips_loss 0.2058, g_loss 0.1438, disc_weight 0.4000, disc_adaptive_weight 3.6479, d_loss 0.4781, logits_real -0.1448, logits_fake -0.1438,
Train Epoch: [1/5] Iters:[710/20018] gen_loss 0.7434, rec_loss 0.0286, lpips_loss 0.2055, g_loss 0.1432, disc_weight 0.4000, disc_adaptive_weight 3.5554, d_loss 0.4766, logits_real -0.1440, logits_fake -0.1431,
Train Epoch: [1/5] Iters:[720/20018] gen_loss 0.7750, rec_loss 0.0284, lpips_loss 0.2048, g_loss 0.1424, disc_weight 0.4000, disc_adaptive_weight 3.8008, d_loss 0.4749, logits_real -0.1437, logits_fake -0.1424,
Train Epoch: [1/5] Iters:[730/20018] gen_loss 0.7552, rec_loss 0.0287, lpips_loss 0.2058, g_loss 0.1417, disc_weight 0.4000, disc_adaptive_weight 3.6726, d_loss 0.4737, logits_real -0.1432, logits_fake -0.1418,
Train Epoch: [1/5] Iters:[740/20018] gen_loss 0.7689, rec_loss 0.0290, lpips_loss 0.2065, g_loss 0.1411, disc_weight 0.4000, disc_adaptive_weight 3.7791, d_loss 0.4717, logits_real -0.1427, logits_fake -0.1413,
Train Epoch: [1/5] Iters:[750/20018] gen_loss 0.7902, rec_loss 0.0285, lpips_loss 0.2053, g_loss 0.1405, disc_weight 0.4000, disc_adaptive_weight 3.9557, d_loss 0.4697, logits_real -0.1420, logits_fake -0.1404,
Train Epoch: [1/5] Iters:[760/20018] gen_loss 0.8006, rec_loss 0.0281, lpips_loss 0.2060, g_loss 0.1398, disc_weight 0.4000, disc_adaptive_weight 4.0490, d_loss 0.4676, logits_real -0.1412, logits_fake -0.1398,
Train Epoch: [1/5] Iters:[770/20018] gen_loss 0.7761, rec_loss 0.0281, lpips_loss 0.2058, g_loss 0.1391, disc_weight 0.4000, disc_adaptive_weight 3.8988, d_loss 0.4664, logits_real -0.1404, logits_fake -0.1391,
Train Epoch: [1/5] Iters:[780/20018] gen_loss 0.7687, rec_loss 0.0279, lpips_loss 0.2052, g_loss 0.1387, disc_weight 0.4000, disc_adaptive_weight 3.8601, d_loss 0.4644, logits_real -0.1396, logits_fake -0.1385,
Train Epoch: [1/5] Iters:[790/20018] gen_loss 0.7569, rec_loss 0.0276, lpips_loss 0.2047, g_loss 0.1382, disc_weight 0.4000, disc_adaptive_weight 3.7957, d_loss 0.4632, logits_real -0.1389, logits_fake -0.1378,
Train Epoch: [1/5] Iters:[800/20018] gen_loss 0.7470, rec_loss 0.0279, lpips_loss 0.2061, g_loss 0.1375, disc_weight 0.4000, disc_adaptive_weight 3.7291, d_loss 0.4622, logits_real -0.1385, logits_fake -0.1373,
Train Epoch: [1/5] Iters:[810/20018] gen_loss 0.7214, rec_loss 0.0281, lpips_loss 0.2059, g_loss 0.1369, disc_weight 0.4000, disc_adaptive_weight 3.5597, d_loss 0.4608, logits_real -0.1378, logits_fake -0.1366,
Train Epoch: [1/5] Iters:[820/20018] gen_loss 0.7093, rec_loss 0.0281, lpips_loss 0.2058, g_loss 0.1364, disc_weight 0.4000, disc_adaptive_weight 3.4846, d_loss 0.4594, logits_real -0.1372, logits_fake -0.1361,
Train Epoch: [1/5] Iters:[830/20018] gen_loss 0.7021, rec_loss 0.0279, lpips_loss 0.2052, g_loss 0.1354, disc_weight 0.4000, disc_adaptive_weight 3.4623, d_loss 0.4579, logits_real -0.1365, logits_fake -0.1352,
Train Epoch: [1/5] Iters:[840/20018] gen_loss 0.7172, rec_loss 0.0278, lpips_loss 0.2049, g_loss 0.1348, disc_weight 0.4000, disc_adaptive_weight 3.5963, d_loss 0.4568, logits_real -0.1358, logits_fake -0.1347,
Train Epoch: [1/5] Iters:[850/20018] gen_loss 0.7141, rec_loss 0.0274, lpips_loss 0.2041, g_loss 0.1342, disc_weight 0.4000, disc_adaptive_weight 3.5991, d_loss 0.4552, logits_real -0.1352, logits_fake -0.1341,
Train Epoch: [1/5] Iters:[860/20018] gen_loss 0.7202, rec_loss 0.0278, lpips_loss 0.2045, g_loss 0.1339, disc_weight 0.4000, disc_adaptive_weight 3.6442, d_loss 0.4542, logits_real -0.1348, logits_fake -0.1339,
Train Epoch: [1/5] Iters:[870/20018] gen_loss 0.7506, rec_loss 0.0279, lpips_loss 0.2054, g_loss 0.1334, disc_weight 0.4000, disc_adaptive_weight 3.8765, d_loss 0.4528, logits_real -0.1343, logits_fake -0.1335,
Train Epoch: [1/5] Iters:[880/20018] gen_loss 0.7825, rec_loss 0.0282, lpips_loss 0.2062, g_loss 0.1331, disc_weight 0.4000, disc_adaptive_weight 4.1179, d_loss 0.4511, logits_real -0.1340, logits_fake -0.1333,
Train Epoch: [1/5] Iters:[890/20018] gen_loss 0.7613, rec_loss 0.0278, lpips_loss 0.2055, g_loss 0.1326, disc_weight 0.4000, disc_adaptive_weight 3.9808, d_loss 0.4496, logits_real -0.1336, logits_fake -0.1328,
Train Epoch: [1/5] Iters:[900/20018] gen_loss 0.7571, rec_loss 0.0284, lpips_loss 0.2073, g_loss 0.1323, disc_weight 0.4000, disc_adaptive_weight 3.9385, d_loss 0.4481, logits_real -0.1332, logits_fake -0.1326,
Train Epoch: [1/5] Iters:[910/20018] gen_loss 0.7648, rec_loss 0.0283, lpips_loss 0.2072, g_loss 0.1314, disc_weight 0.4000, disc_adaptive_weight 4.0242, d_loss 0.4472, logits_real -0.1327, logits_fake -0.1317,
Train Epoch: [1/5] Iters:[920/20018] gen_loss 0.7436, rec_loss 0.0281, lpips_loss 0.2059, g_loss 0.1309, disc_weight 0.4000, disc_adaptive_weight 3.8917, d_loss 0.4461, logits_real -0.1322, logits_fake -0.1311,
Train Epoch: [1/5] Iters:[930/20018] gen_loss 0.7281, rec_loss 0.0282, lpips_loss 0.2059, g_loss 0.1304, disc_weight 0.4000, disc_adaptive_weight 3.7896, d_loss 0.4459, logits_real -0.1317, logits_fake -0.1306,
Train Epoch: [1/5] Iters:[940/20018] gen_loss 0.7177, rec_loss 0.0282, lpips_loss 0.2059, g_loss 0.1301, disc_weight 0.4000, disc_adaptive_weight 3.7167, d_loss 0.4453, logits_real -0.1313, logits_fake -0.1302,
Train Epoch: [1/5] Iters:[950/20018] gen_loss 0.7305, rec_loss 0.0279, lpips_loss 0.2050, g_loss 0.1296, disc_weight 0.4000, disc_adaptive_weight 3.8382, d_loss 0.4446, logits_real -0.1307, logits_fake -0.1295,
Train Epoch: [1/5] Iters:[960/20018] gen_loss 0.7292, rec_loss 0.0280, lpips_loss 0.2055, g_loss 0.1294, disc_weight 0.4000, disc_adaptive_weight 3.8266, d_loss 0.4439, logits_real -0.1303, logits_fake -0.1292,
Train Epoch: [1/5] Iters:[970/20018] gen_loss 0.7344, rec_loss 0.0282, lpips_loss 0.2066, g_loss 0.1290, disc_weight 0.4000, disc_adaptive_weight 3.8720, d_loss 0.4432, logits_real -0.1298, logits_fake -0.1287,
Train Epoch: [1/5] Iters:[980/20018] gen_loss 0.7417, rec_loss 0.0283, lpips_loss 0.2066, g_loss 0.1285, disc_weight 0.4000, disc_adaptive_weight 3.9455, d_loss 0.4421, logits_real -0.1293, logits_fake -0.1282,
Train Epoch: [1/5] Iters:[990/20018] gen_loss 0.7541, rec_loss 0.0281, lpips_loss 0.2058, g_loss 0.1277, disc_weight 0.4000, disc_adaptive_weight 4.0723, d_loss 0.4412, logits_real -0.1286, logits_fake -0.1276,
Train Epoch: [1/5] Iters:[1000/20018] gen_loss 0.7418, rec_loss 0.0282, lpips_loss 0.2053, g_loss 0.1271, disc_weight 0.4000, disc_adaptive_weight 3.9987, d_loss 0.4405, logits_real -0.1280, logits_fake -0.1270,
Train Epoch: [1/5] Iters:[1010/20018] gen_loss 0.7462, rec_loss 0.0277, lpips_loss 0.2038, g_loss 0.1265, disc_weight 0.4000, disc_adaptive_weight 4.0677, d_loss 0.4391, logits_real -0.1275, logits_fake -0.1265,
Train Epoch: [1/5] Iters:[1020/20018] gen_loss 0.7145, rec_loss 0.0275, lpips_loss 0.2036, g_loss 0.1260, disc_weight 0.4000, disc_adaptive_weight 3.8365, d_loss 0.4378, logits_real -0.1270, logits_fake -0.1260,
Train Epoch: [1/5] Iters:[1030/20018] gen_loss 0.6970, rec_loss 0.0275, lpips_loss 0.2042, g_loss 0.1257, disc_weight 0.4000, disc_adaptive_weight 3.7045, d_loss 0.4368, logits_real -0.1265, logits_fake -0.1255,
Train Epoch: [1/5] Iters:[1040/20018] gen_loss 0.7188, rec_loss 0.0279, lpips_loss 0.2056, g_loss 0.1253, disc_weight 0.4000, disc_adaptive_weight 3.8758, d_loss 0.4361, logits_real -0.1260, logits_fake -0.1251,
Train Epoch: [1/5] Iters:[1050/20018] gen_loss 0.7235, rec_loss 0.0279, lpips_loss 0.2056, g_loss 0.1250, disc_weight 0.4000, disc_adaptive_weight 3.9220, d_loss 0.4357, logits_real -0.1257, logits_fake -0.1248,
Train Epoch: [1/5] Iters:[1060/20018] gen_loss 0.7175, rec_loss 0.0280, lpips_loss 0.2054, g_loss 0.1246, disc_weight 0.4000, disc_adaptive_weight 3.8877, d_loss 0.4347, logits_real -0.1252, logits_fake -0.1244,
Train Epoch: [1/5] Iters:[1070/20018] gen_loss 0.7303, rec_loss 0.0278, lpips_loss 0.2058, g_loss 0.1242, disc_weight 0.4000, disc_adaptive_weight 4.0017, d_loss 0.4343, logits_real -0.1248, logits_fake -0.1239,
Train Epoch: [1/5] Iters:[1080/20018] gen_loss 0.7426, rec_loss 0.0277, lpips_loss 0.2053, g_loss 0.1237, disc_weight 0.4000, disc_adaptive_weight 4.1204, d_loss 0.4338, logits_real -0.1244, logits_fake -0.1235,
Train Epoch: [1/5] Iters:[1090/20018] gen_loss 0.7136, rec_loss 0.0276, lpips_loss 0.2049, g_loss 0.1234, disc_weight 0.4000, disc_adaptive_weight 3.8976, d_loss 0.4330, logits_real -0.1243, logits_fake -0.1231,
Train Epoch: [1/5] Iters:[1100/20018] gen_loss 0.7011, rec_loss 0.0276, lpips_loss 0.2054, g_loss 0.1232, disc_weight 0.4000, disc_adaptive_weight 3.7990, d_loss 0.4316, logits_real -0.1241, logits_fake -0.1228,
Train Epoch: [1/5] Iters:[1110/20018] gen_loss 0.6813, rec_loss 0.0274, lpips_loss 0.2042, g_loss 0.1230, disc_weight 0.4000, disc_adaptive_weight 3.6553, d_loss 0.4316, logits_real -0.1238, logits_fake -0.1227,
Train Epoch: [1/5] Iters:[1120/20018] gen_loss 0.6914, rec_loss 0.0279, lpips_loss 0.2044, g_loss 0.1228, disc_weight 0.4000, disc_adaptive_weight 3.7370, d_loss 0.4308, logits_real -0.1236, logits_fake -0.1226,
Train Epoch: [1/5] Iters:[1130/20018] gen_loss 0.6753, rec_loss 0.0279, lpips_loss 0.2040, g_loss 0.1226, disc_weight 0.4000, disc_adaptive_weight 3.6168, d_loss 0.4305, logits_real -0.1236, logits_fake -0.1225,
Train Epoch: [1/5] Iters:[1140/20018] gen_loss 0.6871, rec_loss 0.0282, lpips_loss 0.2047, g_loss 0.1221, disc_weight 0.4000, disc_adaptive_weight 3.7209, d_loss 0.4299, logits_real -0.1231, logits_fake -0.1221,
Train Epoch: [1/5] Iters:[1150/20018] gen_loss 0.6934, rec_loss 0.0283, lpips_loss 0.2049, g_loss 0.1217, disc_weight 0.4000, disc_adaptive_weight 3.7817, d_loss 0.4295, logits_real -0.1226, logits_fake -0.1218,
Train Epoch: [1/5] Iters:[1160/20018] gen_loss 0.6989, rec_loss 0.0292, lpips_loss 0.2071, g_loss 0.1212, disc_weight 0.4000, disc_adaptive_weight 3.8156, d_loss 0.4286, logits_real -0.1223, logits_fake -0.1214,
Train Epoch: [1/5] Iters:[1170/20018] gen_loss 0.7043, rec_loss 0.0285, lpips_loss 0.2062, g_loss 0.1209, disc_weight 0.4000, disc_adaptive_weight 3.8803, d_loss 0.4283, logits_real -0.1220, logits_fake -0.1210,
Train Epoch: [1/5] Iters:[1180/20018] gen_loss 0.7048, rec_loss 0.0283, lpips_loss 0.2050, g_loss 0.1203, disc_weight 0.4000, disc_adaptive_weight 3.9101, d_loss 0.4273, logits_real -0.1213, logits_fake -0.1204,
Train Epoch: [1/5] Iters:[1190/20018] gen_loss 0.6920, rec_loss 0.0284, lpips_loss 0.2050, g_loss 0.1199, disc_weight 0.4000, disc_adaptive_weight 3.8161, d_loss 0.4262, logits_real -0.1211, logits_fake -0.1202,
Train Epoch: [1/5] Iters:[1200/20018] gen_loss 0.7279, rec_loss 0.0285, lpips_loss 0.2050, g_loss 0.1194, disc_weight 0.4000, disc_adaptive_weight 4.1351, d_loss 0.4258, logits_real -0.1205, logits_fake -0.1197,
Train Epoch: [1/5] Iters:[1210/20018] gen_loss 0.7450, rec_loss 0.0279, lpips_loss 0.2038, g_loss 0.1191, disc_weight 0.4000, disc_adaptive_weight 4.3046, d_loss 0.4255, logits_real -0.1201, logits_fake -0.1191,
Train Epoch: [1/5] Iters:[1220/20018] gen_loss 0.7270, rec_loss 0.0283, lpips_loss 0.2031, g_loss 0.1186, disc_weight 0.4000, disc_adaptive_weight 4.1739, d_loss 0.4251, logits_real -0.1196, logits_fake -0.1188,
Train Epoch: [1/5] Iters:[1230/20018] gen_loss 0.7173, rec_loss 0.0290, lpips_loss 0.2047, g_loss 0.1185, disc_weight 0.4000, disc_adaptive_weight 4.0807, d_loss 0.4246, logits_real -0.1193, logits_fake -0.1186,
Train Epoch: [1/5] Iters:[1240/20018] gen_loss 0.7229, rec_loss 0.0288, lpips_loss 0.2045, g_loss 0.1180, disc_weight 0.4000, disc_adaptive_weight 4.1449, d_loss 0.4247, logits_real -0.1187, logits_fake -0.1179,
Train Epoch: [1/5] Iters:[1250/20018] gen_loss 0.7165, rec_loss 0.0287, lpips_loss 0.2038, g_loss 0.1176, disc_weight 0.4000, disc_adaptive_weight 4.1175, d_loss 0.4244, logits_real -0.1183, logits_fake -0.1173,
Train Epoch: [1/5] Iters:[1260/20018] gen_loss 0.6987, rec_loss 0.0292, lpips_loss 0.2048, g_loss 0.1169, disc_weight 0.4000, disc_adaptive_weight 3.9748, d_loss 0.4239, logits_real -0.1175, logits_fake -0.1165,
Train Epoch: [1/5] Iters:[1270/20018] gen_loss 0.6936, rec_loss 0.0292, lpips_loss 0.2049, g_loss 0.1161, disc_weight 0.4000, disc_adaptive_weight 3.9555, d_loss 0.4234, logits_real -0.1167, logits_fake -0.1159,
Train Epoch: [1/5] Iters:[1280/20018] gen_loss 0.6937, rec_loss 0.0290, lpips_loss 0.2050, g_loss 0.1156, disc_weight 0.4000, disc_adaptive_weight 3.9716, d_loss 0.4229, logits_real -0.1161, logits_fake -0.1155,
Train Epoch: [1/5] Iters:[1290/20018] gen_loss 0.6803, rec_loss 0.0290, lpips_loss 0.2057, g_loss 0.1152, disc_weight 0.4000, disc_adaptive_weight 3.8629, d_loss 0.4225, logits_real -0.1158, logits_fake -0.1153,
Train Epoch: [1/5] Iters:[1300/20018] gen_loss 0.6458, rec_loss 0.0291, lpips_loss 0.2052, g_loss 0.1149, disc_weight 0.4000, disc_adaptive_weight 3.5763, d_loss 0.4220, logits_real -0.1156, logits_fake -0.1151,
Train Epoch: [1/5] Iters:[1310/20018] gen_loss 0.6440, rec_loss 0.0290, lpips_loss 0.2057, g_loss 0.1147, disc_weight 0.4000, disc_adaptive_weight 3.5639, d_loss 0.4212, logits_real -0.1156, logits_fake -0.1150,
Train Epoch: [1/5] Iters:[1320/20018] gen_loss 0.6561, rec_loss 0.0294, lpips_loss 0.2070, g_loss 0.1146, disc_weight 0.4000, disc_adaptive_weight 3.6554, d_loss 0.4209, logits_real -0.1156, logits_fake -0.1149,
Train Epoch: [1/5] Iters:[1330/20018] gen_loss 0.6549, rec_loss 0.0288, lpips_loss 0.2056, g_loss 0.1143, disc_weight 0.4000, disc_adaptive_weight 3.6705, d_loss 0.4205, logits_real -0.1154, logits_fake -0.1147,
Train Epoch: [1/5] Iters:[1340/20018] gen_loss 0.6892, rec_loss 0.0284, lpips_loss 0.2042, g_loss 0.1142, disc_weight 0.4000, disc_adaptive_weight 3.9931, d_loss 0.4201, logits_real -0.1152, logits_fake -0.1144,
Train Epoch: [1/5] Iters:[1350/20018] gen_loss 0.6984, rec_loss 0.0286, lpips_loss 0.2048, g_loss 0.1140, disc_weight 0.4000, disc_adaptive_weight 4.0760, d_loss 0.4197, logits_real -0.1149, logits_fake -0.1144,
Train Epoch: [1/5] Iters:[1360/20018] gen_loss 0.7020, rec_loss 0.0280, lpips_loss 0.2033, g_loss 0.1141, disc_weight 0.4000, disc_adaptive_weight 4.1261, d_loss 0.4200, logits_real -0.1146, logits_fake -0.1143,
Train Epoch: [1/5] Iters:[1370/20018] gen_loss 0.6865, rec_loss 0.0280, lpips_loss 0.2025, g_loss 0.1136, disc_weight 0.4000, disc_adaptive_weight 4.0092, d_loss 0.4197, logits_real -0.1144, logits_fake -0.1140,
Train Epoch: [1/5] Iters:[1380/20018] gen_loss 0.6848, rec_loss 0.0281, lpips_loss 0.2038, g_loss 0.1133, disc_weight 0.4000, disc_adaptive_weight 3.9926, d_loss 0.4197, logits_real -0.1141, logits_fake -0.1136,
Train Epoch: [1/5] Iters:[1390/20018] gen_loss 0.6615, rec_loss 0.0283, lpips_loss 0.2038, g_loss 0.1128, disc_weight 0.4000, disc_adaptive_weight 3.8026, d_loss 0.4195, logits_real -0.1137, logits_fake -0.1131,
Train Epoch: [1/5] Iters:[1400/20018] gen_loss 0.6430, rec_loss 0.0285, lpips_loss 0.2047, g_loss 0.1123, disc_weight 0.4000, disc_adaptive_weight 3.6444, d_loss 0.4193, logits_real -0.1132, logits_fake -0.1125,
Train Epoch: [1/5] Iters:[1410/20018] gen_loss 0.6429, rec_loss 0.0290, lpips_loss 0.2052, g_loss 0.1120, disc_weight 0.4000, disc_adaptive_weight 3.6437, d_loss 0.4190, logits_real -0.1127, logits_fake -0.1120,
Train Epoch: [1/5] Iters:[1420/20018] gen_loss 0.6500, rec_loss 0.0286, lpips_loss 0.2056, g_loss 0.1117, disc_weight 0.4000, disc_adaptive_weight 3.7195, d_loss 0.4185, logits_real -0.1120, logits_fake -0.1115,
Train Epoch: [1/5] Iters:[1430/20018] gen_loss 0.6635, rec_loss 0.0286, lpips_loss 0.2049, g_loss 0.1110, disc_weight 0.4000, disc_adaptive_weight 3.8684, d_loss 0.4182, logits_real -0.1115, logits_fake -0.1108,
Train Epoch: [1/5] Iters:[1440/20018] gen_loss 0.6836, rec_loss 0.0286, lpips_loss 0.2052, g_loss 0.1104, disc_weight 0.4000, disc_adaptive_weight 4.0763, d_loss 0.4176, logits_real -0.1108, logits_fake -0.1103,
Train Epoch: [1/5] Iters:[1450/20018] gen_loss 0.6959, rec_loss 0.0279, lpips_loss 0.2038, g_loss 0.1094, disc_weight 0.4000, disc_adaptive_weight 4.2465, d_loss 0.4173, logits_real -0.1100, logits_fake -0.1095,
Train Epoch: [1/5] Iters:[1460/20018] gen_loss 0.6906, rec_loss 0.0277, lpips_loss 0.2040, g_loss 0.1082, disc_weight 0.4000, disc_adaptive_weight 4.2351, d_loss 0.4170, logits_real -0.1093, logits_fake -0.1086,
Train Epoch: [1/5] Iters:[1470/20018] gen_loss 0.6879, rec_loss 0.0278, lpips_loss 0.2034, g_loss 0.1073, disc_weight 0.4000, disc_adaptive_weight 4.2493, d_loss 0.4169, logits_real -0.1084, logits_fake -0.1075,
Train Epoch: [1/5] Iters:[1480/20018] gen_loss 0.6888, rec_loss 0.0281, lpips_loss 0.2030, g_loss 0.1068, disc_weight 0.4000, disc_adaptive_weight 4.2775, d_loss 0.4168, logits_real -0.1078, logits_fake -0.1070,
Train Epoch: [1/5] Iters:[1490/20018] gen_loss 0.6594, rec_loss 0.0282, lpips_loss 0.2032, g_loss 0.1063, disc_weight 0.4000, disc_adaptive_weight 4.0235, d_loss 0.4167, logits_real -0.1074, logits_fake -0.1064,
Train Epoch: [1/5] Iters:[1500/20018] gen_loss 0.6386, rec_loss 0.0279, lpips_loss 0.2027, g_loss 0.1060, disc_weight 0.4000, disc_adaptive_weight 3.8450, d_loss 0.4166, logits_real -0.1070, logits_fake -0.1059,
Train Epoch: [1/5] Iters:[1510/20018] gen_loss 0.6587, rec_loss 0.0286, lpips_loss 0.2040, g_loss 0.1055, disc_weight 0.4000, disc_adaptive_weight 4.0346, d_loss 0.4163, logits_real -0.1064, logits_fake -0.1054,
Train Epoch: [1/5] Iters:[1520/20018] gen_loss 0.6379, rec_loss 0.0285, lpips_loss 0.2041, g_loss 0.1053, disc_weight 0.4000, disc_adaptive_weight 3.8462, d_loss 0.4160, logits_real -0.1061, logits_fake -0.1054,
Train Epoch: [1/5] Iters:[1530/20018] gen_loss 0.6241, rec_loss 0.0286, lpips_loss 0.2053, g_loss 0.1048, disc_weight 0.4000, disc_adaptive_weight 3.7234, d_loss 0.4157, logits_real -0.1056, logits_fake -0.1049,
Train Epoch: [1/5] Iters:[1540/20018] gen_loss 0.6397, rec_loss 0.0290, lpips_loss 0.2057, g_loss 0.1044, disc_weight 0.4000, disc_adaptive_weight 3.8768, d_loss 0.4154, logits_real -0.1053, logits_fake -0.1044,
Train Epoch: [1/5] Iters:[1550/20018] gen_loss 0.6757, rec_loss 0.0298, lpips_loss 0.2064, g_loss 0.1042, disc_weight 0.4000, disc_adaptive_weight 4.2166, d_loss 0.4152, logits_real -0.1048, logits_fake -0.1041,
Train Epoch: [1/5] Iters:[1560/20018] gen_loss 0.6696, rec_loss 0.0293, lpips_loss 0.2055, g_loss 0.1039, disc_weight 0.4000, disc_adaptive_weight 4.1832, d_loss 0.4151, logits_real -0.1047, logits_fake -0.1039,
Train Epoch: [1/5] Iters:[1570/20018] gen_loss 0.7023, rec_loss 0.0294, lpips_loss 0.2062, g_loss 0.1036, disc_weight 0.4000, disc_adaptive_weight 4.5011, d_loss 0.4148, logits_real -0.1046, logits_fake -0.1034,
