downloading InceptionV3 model...
warming up TensorFlow...
computing reference batch activations...
computing/reading reference batch statistics...
computing sample batch activations...
computing/reading sample batch statistics...
Computing evaluations...
Inception Score: 181.2384033203125
FID: 1.8610802973969385
writing to /projects/yuanai/projects/VQ-Transplant3/reconstruction/Transplant/ImageNet/ema_vq_transplant_16384_False.txt
warming up TensorFlow...
computing reference batch activations...
computing/reading reference batch statistics...
computing sample batch activations...
computing/reading sample batch statistics...
Computing evaluations...
Inception Score: 183.0324249267578
FID: 1.8138707531755927
writing to /projects/yuanai/projects/VQ-Transplant3/reconstruction/Transplant/ImageNet/ema_vq_transplant_32768_False.txt
warming up TensorFlow...
computing reference batch activations...
computing/reading reference batch statistics...
computing sample batch activations...
computing/reading sample batch statistics...
Computing evaluations...
Inception Score: 185.80068969726562
FID: 1.779582444785774
writing to /projects/yuanai/projects/VQ-Transplant3/reconstruction/Transplant/ImageNet/ema_vq_transplant_65536_False.txt
warming up TensorFlow...
computing reference batch activations...
computing/reading reference batch statistics...
computing sample batch activations...
computing/reading sample batch statistics...
Computing evaluations...
Inception Score: 183.6822967529297
FID: 1.8394923423664409
writing to /projects/yuanai/projects/VQ-Transplant3/reconstruction/Transplant/ImageNet/mmd_vq_transplant_16384_False.txt
warming up TensorFlow...
computing reference batch activations...
computing/reading reference batch statistics...
computing sample batch activations...
computing/reading sample batch statistics...
Computing evaluations...
Inception Score: 187.0277862548828
FID: 1.7292318183847328
writing to /projects/yuanai/projects/VQ-Transplant3/reconstruction/Transplant/ImageNet/mmd_vq_transplant_32768_False.txt
warming up TensorFlow...
computing reference batch activations...
computing/reading reference batch statistics...
computing sample batch activations...
computing/reading sample batch statistics...
Computing evaluations...
Inception Score: 187.3343963623047
FID: 1.691247314662803
writing to /projects/yuanai/projects/VQ-Transplant3/reconstruction/Transplant/ImageNet/mmd_vq_transplant_65536_False.txt
warming up TensorFlow...
computing reference batch activations...
computing/reading reference batch statistics...
computing sample batch activations...
computing/reading sample batch statistics...
Computing evaluations...
Inception Score: 174.0823516845703
FID: 2.2046993501419365
writing to /projects/yuanai/projects/VQ-Transplant3/reconstruction/Transplant/ImageNet/online_vq_transplant_16384_False.txt
warming up TensorFlow...
computing reference batch activations...
computing/reading reference batch statistics...
computing sample batch activations...
computing/reading sample batch statistics...
Computing evaluations...
Inception Score: 175.57798767089844
FID: 2.129419903729115
writing to /projects/yuanai/projects/VQ-Transplant3/reconstruction/Transplant/ImageNet/online_vq_transplant_32768_False.txt
warming up TensorFlow...
computing reference batch activations...
computing/reading reference batch statistics...
computing sample batch activations...
computing/reading sample batch statistics...
Computing evaluations...
Inception Score: 174.1826629638672
FID: 2.2814998514446074
writing to /projects/yuanai/projects/VQ-Transplant3/reconstruction/Transplant/ImageNet/online_vq_transplant_65536_False.txt
warming up TensorFlow...
computing reference batch activations...
computing/reading reference batch statistics...
computing sample batch activations...
computing/reading sample batch statistics...
Computing evaluations...
Inception Score: 104.74112701416016
FID: 10.606927420537886
writing to /projects/yuanai/projects/VQ-Transplant3/reconstruction/Transplant/ImageNet/vanilla_vq_transplant_16384_False.txt
warming up TensorFlow...
computing reference batch activations...
computing/reading reference batch statistics...
computing sample batch activations...
