dataset_dir: /projects/yuanai/data/
dataset_name: ImageNet
global_batch_size: 32
workers: 6
resolution: 256
channels: 3
ms_patch_size: 1_2_3_4_5_6_8_10_13_16
importance: (1, 1, 1, 2, 2, 2, 3, 3, 5, 5)
max_patch_size: 16
codebook_size: 65536
codebook_dim: 16
project_dim: 16
pq: 1
L: 4
alpha: 1.0
beta: 1.0
gamma: 0.0
disc_weight: 0.4
lecam_loss_weight: 0.001
disc_cr_loss_weight: 4.0
VQ: vanilla_vq
use_multiscale: False
transplant_epochs: 2
refinement_epochs: 5
eval_epochs: 1
disc_epoch: 1
lr_transplant: 0.0001
lr_refinement: 1e-05
dropout: 0.0
seed: 3407
weight_decay: 1e-05
stage: refinement
path: bc
checkpoint_dir: /projects/yuanai/projects/VQ-Transplant3/checkpoint/Refinement/ImageNet
results_dir: /projects/yuanai/projects/VQ-Transplant3/results/Refinement/ImageNet
saver_dir: /projects/yuanai/projects/VQ-Transplant3/saver/Refinement/ImageNet
reconstruction_dir: /projects/yuanai/projects/VQ-Transplant3/reconstruction/Refinement/ImageNet
yaml_dir: /projects/yuanai/projects/VQ-Transplant3/yaml/Refinement/ImageNet
pretrained_tokenizer: /projects/yuanai/projects/VQ-Transplant3/pretrained_tokenizer/vae_ch160v4096z32.pth
checkpoint_name: checkpoint-vanilla_vq_transplant_False_ImageNet_model_65536_16_1_loss_1.0_1.0_0.0_0.3.pth.tar
nnodes: -1
node_rank: -1
local_rank: 0
dist_url: tcp://224.66.41.62:23456
dist_backend: nccl
world_size: 2
batch_size: 16
ms_token_size: (1, 2, 3, 4, 5, 6, 8, 10, 13, 16)
init_checkpoint_dir: /projects/yuanai/projects/VQ-Transplant3/checkpoint/
data_pre: ImageNet
model_pre: model_65536_16_1
loss_pre: loss_1.0_1.0_0.0_0.4
training_pre: vanilla_vq_refinement_False
saver_name_pre: vanilla_vq_refinement_False_ImageNet_model_65536_16_1_loss_1.0_1.0_0.0_0.4
| distributed init (rank 0): env://
| distributed init (rank 1): env://
VQ Model Parameters: 108761795
loaded pretrained LPIPS loss from /projects/yuanai/projects/VQ-Transplant3/code/models/cache/vgg.pth
dataset name: ImageNet
len train_set: 1281167
len val_set: 50000
Start training...
epoch:1, cur_lr:0.000010
Train Epoch: [1/5] Iters:[10/40036] gen_loss 1.8042, rec_loss 0.0424, lpips_loss 0.3058, g_loss 0.3930, disc_weight 0.4000, disc_adaptive_weight 3.6900, d_loss 2.5986, logits_real -0.3737, logits_fake -0.3916,
Train Epoch: [1/5] Iters:[20/40036] gen_loss 1.6482, rec_loss 0.0407, lpips_loss 0.3071, g_loss 0.3888, disc_weight 0.4000, disc_adaptive_weight 3.3282, d_loss 2.2939, logits_real -0.3708, logits_fake -0.3892,
Train Epoch: [1/5] Iters:[30/40036] gen_loss 1.7203, rec_loss 0.0424, lpips_loss 0.3105, g_loss 0.3862, disc_weight 0.4000, disc_adaptive_weight 3.5291, d_loss 2.0987, logits_real -0.3677, logits_fake -0.3858,
Train Epoch: [1/5] Iters:[40/40036] gen_loss 1.6554, rec_loss 0.0437, lpips_loss 0.3116, g_loss 0.3821, disc_weight 0.4000, disc_adaptive_weight 3.3920, d_loss 1.9347, logits_real -0.3667, logits_fake -0.3828,
Train Epoch: [1/5] Iters:[50/40036] gen_loss 1.6577, rec_loss 0.0444, lpips_loss 0.3138, g_loss 0.3801, disc_weight 0.4000, disc_adaptive_weight 3.4110, d_loss 1.8046, logits_real -0.3656, logits_fake -0.3807,
Train Epoch: [1/5] Iters:[60/40036] gen_loss 1.6210, rec_loss 0.0444, lpips_loss 0.3145, g_loss 0.3735, disc_weight 0.4000, disc_adaptive_weight 3.3771, d_loss 1.5179, logits_real -0.3622, logits_fake -0.3744,
Train Epoch: [1/5] Iters:[70/40036] gen_loss 1.6517, rec_loss 0.0464, lpips_loss 0.3156, g_loss 0.3665, disc_weight 0.4000, disc_adaptive_weight 3.5180, d_loss 1.3368, logits_real -0.3590, logits_fake -0.3669,
Train Epoch: [1/5] Iters:[80/40036] gen_loss 1.5929, rec_loss 0.0473, lpips_loss 0.3158, g_loss 0.3583, disc_weight 0.4000, disc_adaptive_weight 3.4358, d_loss 1.1992, logits_real -0.3567, logits_fake -0.3594,
Train Epoch: [1/5] Iters:[90/40036] gen_loss 1.6393, rec_loss 0.0472, lpips_loss 0.3165, g_loss 0.3523, disc_weight 0.4000, disc_adaptive_weight 3.6214, d_loss 1.0994, logits_real -0.3545, logits_fake -0.3524,
Train Epoch: [1/5] Iters:[100/40036] gen_loss 1.6518, rec_loss 0.0483, lpips_loss 0.3175, g_loss 0.3446, disc_weight 0.4000, disc_adaptive_weight 3.7340, d_loss 1.0223, logits_real -0.3515, logits_fake -0.3445,
Train Epoch: [1/5] Iters:[110/40036] gen_loss 1.6036, rec_loss 0.0496, lpips_loss 0.3190, g_loss 0.3380, disc_weight 0.4000, disc_adaptive_weight 3.6494, d_loss 0.9595, logits_real -0.3489, logits_fake -0.3379,
Train Epoch: [1/5] Iters:[120/40036] gen_loss 1.5535, rec_loss 0.0489, lpips_loss 0.3174, g_loss 0.3340, disc_weight 0.4000, disc_adaptive_weight 3.5475, d_loss 0.9052, logits_real -0.3476, logits_fake -0.3342,
Train Epoch: [1/5] Iters:[130/40036] gen_loss 1.5878, rec_loss 0.0479, lpips_loss 0.3159, g_loss 0.3318, disc_weight 0.4000, disc_adaptive_weight 3.6841, d_loss 0.8579, logits_real -0.3458, logits_fake -0.3311,
Train Epoch: [1/5] Iters:[140/40036] gen_loss 1.5853, rec_loss 0.0472, lpips_loss 0.3143, g_loss 0.3278, disc_weight 0.4000, disc_adaptive_weight 3.7329, d_loss 0.8179, logits_real -0.3433, logits_fake -0.3274,
Train Epoch: [1/5] Iters:[150/40036] gen_loss 1.6122, rec_loss 0.0464, lpips_loss 0.3137, g_loss 0.3241, disc_weight 0.4000, disc_adaptive_weight 3.8670, d_loss 0.7829, logits_real -0.3416, logits_fake -0.3238,
Train Epoch: [1/5] Iters:[160/40036] gen_loss 1.6460, rec_loss 0.0453, lpips_loss 0.3131, g_loss 0.3186, disc_weight 0.4000, disc_adaptive_weight 4.0409, d_loss 0.7504, logits_real -0.3396, logits_fake -0.3192,
Train Epoch: [1/5] Iters:[170/40036] gen_loss 1.6232, rec_loss 0.0460, lpips_loss 0.3152, g_loss 0.3108, disc_weight 0.4000, disc_adaptive_weight 4.0352, d_loss 0.7256, logits_real -0.3362, logits_fake -0.3118,
Train Epoch: [1/5] Iters:[180/40036] gen_loss 1.5171, rec_loss 0.0455, lpips_loss 0.3160, g_loss 0.2998, disc_weight 0.4000, disc_adaptive_weight 3.8184, d_loss 0.7000, logits_real -0.3327, logits_fake -0.3014,
Train Epoch: [1/5] Iters:[190/40036] gen_loss 1.4270, rec_loss 0.0456, lpips_loss 0.3184, g_loss 0.2895, disc_weight 0.4000, disc_adaptive_weight 3.6247, d_loss 0.6807, logits_real -0.3282, logits_fake -0.2900,
Train Epoch: [1/5] Iters:[200/40036] gen_loss 1.2656, rec_loss 0.0450, lpips_loss 0.3162, g_loss 0.2746, disc_weight 0.4000, disc_adaptive_weight 3.2609, d_loss 0.6587, logits_real -0.3222, logits_fake -0.2740,
Train Epoch: [1/5] Iters:[210/40036] gen_loss 1.1814, rec_loss 0.0460, lpips_loss 0.3194, g_loss 0.2623, disc_weight 0.4000, disc_adaptive_weight 3.0996, d_loss 0.6452, logits_real -0.3150, logits_fake -0.2595,
Train Epoch: [1/5] Iters:[220/40036] gen_loss 1.1561, rec_loss 0.0457, lpips_loss 0.3200, g_loss 0.2476, disc_weight 0.4000, disc_adaptive_weight 3.1985, d_loss 0.6280, logits_real -0.3059, logits_fake -0.2437,
Train Epoch: [1/5] Iters:[230/40036] gen_loss 1.1154, rec_loss 0.0460, lpips_loss 0.3207, g_loss 0.2325, disc_weight 0.4000, disc_adaptive_weight 3.2280, d_loss 0.6151, logits_real -0.2960, logits_fake -0.2295,
Train Epoch: [1/5] Iters:[240/40036] gen_loss 1.0739, rec_loss 0.0462, lpips_loss 0.3191, g_loss 0.2196, disc_weight 0.4000, disc_adaptive_weight 3.2436, d_loss 0.6026, logits_real -0.2843, logits_fake -0.2164,
Train Epoch: [1/5] Iters:[250/40036] gen_loss 1.0592, rec_loss 0.0469, lpips_loss 0.3203, g_loss 0.2103, disc_weight 0.4000, disc_adaptive_weight 3.2934, d_loss 0.5965, logits_real -0.2719, logits_fake -0.2079,
Train Epoch: [1/5] Iters:[260/40036] gen_loss 1.0330, rec_loss 0.0463, lpips_loss 0.3201, g_loss 0.1999, disc_weight 0.4000, disc_adaptive_weight 3.3369, d_loss 0.5876, logits_real -0.2587, logits_fake -0.1978,
Train Epoch: [1/5] Iters:[270/40036] gen_loss 0.9924, rec_loss 0.0446, lpips_loss 0.3179, g_loss 0.1915, disc_weight 0.4000, disc_adaptive_weight 3.2952, d_loss 0.5837, logits_real -0.2456, logits_fake -0.1893,
Train Epoch: [1/5] Iters:[280/40036] gen_loss 0.9798, rec_loss 0.0443, lpips_loss 0.3184, g_loss 0.1883, disc_weight 0.4000, disc_adaptive_weight 3.2687, d_loss 0.5834, logits_real -0.2322, logits_fake -0.1851,
Train Epoch: [1/5] Iters:[290/40036] gen_loss 0.9745, rec_loss 0.0443, lpips_loss 0.3202, g_loss 0.1841, disc_weight 0.4000, disc_adaptive_weight 3.2981, d_loss 0.5862, logits_real -0.2197, logits_fake -0.1817,
Train Epoch: [1/5] Iters:[300/40036] gen_loss 0.9550, rec_loss 0.0435, lpips_loss 0.3193, g_loss 0.1812, disc_weight 0.4000, disc_adaptive_weight 3.2531, d_loss 0.5886, logits_real -0.2079, logits_fake -0.1797,
Train Epoch: [1/5] Iters:[310/40036] gen_loss 0.9273, rec_loss 0.0433, lpips_loss 0.3172, g_loss 0.1794, disc_weight 0.4000, disc_adaptive_weight 3.1381, d_loss 0.5940, logits_real -0.1984, logits_fake -0.1795,
Train Epoch: [1/5] Iters:[320/40036] gen_loss 0.9313, rec_loss 0.0441, lpips_loss 0.3179, g_loss 0.1795, disc_weight 0.4000, disc_adaptive_weight 3.1573, d_loss 0.5988, logits_real -0.1914, logits_fake -0.1802,
Train Epoch: [1/5] Iters:[330/40036] gen_loss 0.9499, rec_loss 0.0438, lpips_loss 0.3151, g_loss 0.1777, disc_weight 0.4000, disc_adaptive_weight 3.3234, d_loss 0.6019, logits_real -0.1862, logits_fake -0.1787,
Train Epoch: [1/5] Iters:[340/40036] gen_loss 0.9440, rec_loss 0.0439, lpips_loss 0.3140, g_loss 0.1763, disc_weight 0.4000, disc_adaptive_weight 3.3313, d_loss 0.6020, logits_real -0.1826, logits_fake -0.1777,
Train Epoch: [1/5] Iters:[350/40036] gen_loss 0.9708, rec_loss 0.0440, lpips_loss 0.3116, g_loss 0.1744, disc_weight 0.4000, disc_adaptive_weight 3.5349, d_loss 0.6027, logits_real -0.1808, logits_fake -0.1758,
Train Epoch: [1/5] Iters:[360/40036] gen_loss 0.9984, rec_loss 0.0437, lpips_loss 0.3098, g_loss 0.1734, disc_weight 0.4000, disc_adaptive_weight 3.7252, d_loss 0.6007, logits_real -0.1791, logits_fake -0.1740,
Train Epoch: [1/5] Iters:[370/40036] gen_loss 1.0169, rec_loss 0.0435, lpips_loss 0.3089, g_loss 0.1727, disc_weight 0.4000, disc_adaptive_weight 3.8526, d_loss 0.5963, logits_real -0.1776, logits_fake -0.1731,
Train Epoch: [1/5] Iters:[380/40036] gen_loss 1.0093, rec_loss 0.0441, lpips_loss 0.3099, g_loss 0.1716, disc_weight 0.4000, disc_adaptive_weight 3.8230, d_loss 0.5918, logits_real -0.1760, logits_fake -0.1717,
Train Epoch: [1/5] Iters:[390/40036] gen_loss 1.0084, rec_loss 0.0439, lpips_loss 0.3084, g_loss 0.1700, disc_weight 0.4000, disc_adaptive_weight 3.8575, d_loss 0.5879, logits_real -0.1757, logits_fake -0.1702,
Train Epoch: [1/5] Iters:[400/40036] gen_loss 1.0014, rec_loss 0.0443, lpips_loss 0.3102, g_loss 0.1697, disc_weight 0.4000, disc_adaptive_weight 3.8087, d_loss 0.5829, logits_real -0.1749, logits_fake -0.1694,
Train Epoch: [1/5] Iters:[410/40036] gen_loss 1.0036, rec_loss 0.0443, lpips_loss 0.3088, g_loss 0.1689, disc_weight 0.4000, disc_adaptive_weight 3.8497, d_loss 0.5780, logits_real -0.1744, logits_fake -0.1685,
Train Epoch: [1/5] Iters:[420/40036] gen_loss 0.9906, rec_loss 0.0447, lpips_loss 0.3084, g_loss 0.1675, disc_weight 0.4000, disc_adaptive_weight 3.8072, d_loss 0.5745, logits_real -0.1740, logits_fake -0.1675,
Train Epoch: [1/5] Iters:[430/40036] gen_loss 1.0148, rec_loss 0.0449, lpips_loss 0.3088, g_loss 0.1676, disc_weight 0.4000, disc_adaptive_weight 3.9430, d_loss 0.5710, logits_real -0.1738, logits_fake -0.1677,
Train Epoch: [1/5] Iters:[440/40036] gen_loss 1.0095, rec_loss 0.0447, lpips_loss 0.3089, g_loss 0.1674, disc_weight 0.4000, disc_adaptive_weight 3.9169, d_loss 0.5665, logits_real -0.1727, logits_fake -0.1674,
Train Epoch: [1/5] Iters:[450/40036] gen_loss 1.0270, rec_loss 0.0442, lpips_loss 0.3083, g_loss 0.1669, disc_weight 0.4000, disc_adaptive_weight 4.0404, d_loss 0.5635, logits_real -0.1718, logits_fake -0.1671,
Train Epoch: [1/5] Iters:[460/40036] gen_loss 1.0199, rec_loss 0.0445, lpips_loss 0.3096, g_loss 0.1662, disc_weight 0.4000, disc_adaptive_weight 4.0037, d_loss 0.5602, logits_real -0.1713, logits_fake -0.1666,
Train Epoch: [1/5] Iters:[470/40036] gen_loss 1.0051, rec_loss 0.0456, lpips_loss 0.3110, g_loss 0.1659, disc_weight 0.4000, disc_adaptive_weight 3.9059, d_loss 0.5576, logits_real -0.1703, logits_fake -0.1663,
Train Epoch: [1/5] Iters:[480/40036] gen_loss 1.0139, rec_loss 0.0456, lpips_loss 0.3107, g_loss 0.1647, disc_weight 0.4000, disc_adaptive_weight 3.9965, d_loss 0.5544, logits_real -0.1696, logits_fake -0.1649,
Train Epoch: [1/5] Iters:[490/40036] gen_loss 1.0100, rec_loss 0.0463, lpips_loss 0.3102, g_loss 0.1641, disc_weight 0.4000, disc_adaptive_weight 3.9847, d_loss 0.5521, logits_real -0.1689, logits_fake -0.1646,
Train Epoch: [1/5] Iters:[500/40036] gen_loss 1.0026, rec_loss 0.0456, lpips_loss 0.3096, g_loss 0.1634, disc_weight 0.4000, disc_adaptive_weight 3.9693, d_loss 0.5489, logits_real -0.1684, logits_fake -0.1637,
Train Epoch: [1/5] Iters:[510/40036] gen_loss 1.0495, rec_loss 0.0451, lpips_loss 0.3089, g_loss 0.1632, disc_weight 0.4000, disc_adaptive_weight 4.2639, d_loss 0.5457, logits_real -0.1676, logits_fake -0.1633,
Train Epoch: [1/5] Iters:[520/40036] gen_loss 1.0478, rec_loss 0.0439, lpips_loss 0.3081, g_loss 0.1628, disc_weight 0.4000, disc_adaptive_weight 4.2726, d_loss 0.5424, logits_real -0.1672, logits_fake -0.1628,
Train Epoch: [1/5] Iters:[530/40036] gen_loss 1.0164, rec_loss 0.0432, lpips_loss 0.3064, g_loss 0.1624, disc_weight 0.4000, disc_adaptive_weight 4.1058, d_loss 0.5398, logits_real -0.1662, logits_fake -0.1626,
Train Epoch: [1/5] Iters:[540/40036] gen_loss 1.0622, rec_loss 0.0431, lpips_loss 0.3059, g_loss 0.1614, disc_weight 0.4000, disc_adaptive_weight 4.4218, d_loss 0.5376, logits_real -0.1653, logits_fake -0.1612,
Train Epoch: [1/5] Iters:[550/40036] gen_loss 1.0488, rec_loss 0.0439, lpips_loss 0.3064, g_loss 0.1606, disc_weight 0.4000, disc_adaptive_weight 4.3484, d_loss 0.5347, logits_real -0.1642, logits_fake -0.1603,
Train Epoch: [1/5] Iters:[560/40036] gen_loss 0.9825, rec_loss 0.0441, lpips_loss 0.3056, g_loss 0.1593, disc_weight 0.4000, disc_adaptive_weight 3.9739, d_loss 0.5331, logits_real -0.1634, logits_fake -0.1594,
Train Epoch: [1/5] Iters:[570/40036] gen_loss 1.0023, rec_loss 0.0447, lpips_loss 0.3041, g_loss 0.1582, disc_weight 0.4000, disc_adaptive_weight 4.1361, d_loss 0.5305, logits_real -0.1623, logits_fake -0.1584,
Train Epoch: [1/5] Iters:[580/40036] gen_loss 1.0185, rec_loss 0.0443, lpips_loss 0.3038, g_loss 0.1570, disc_weight 0.4000, disc_adaptive_weight 4.2748, d_loss 0.5279, logits_real -0.1615, logits_fake -0.1572,
Train Epoch: [1/5] Iters:[590/40036] gen_loss 0.9786, rec_loss 0.0444, lpips_loss 0.3035, g_loss 0.1562, disc_weight 0.4000, disc_adaptive_weight 4.0404, d_loss 0.5253, logits_real -0.1606, logits_fake -0.1566,
Train Epoch: [1/5] Iters:[600/40036] gen_loss 0.9517, rec_loss 0.0450, lpips_loss 0.3034, g_loss 0.1550, disc_weight 0.4000, disc_adaptive_weight 3.8878, d_loss 0.5243, logits_real -0.1596, logits_fake -0.1555,
Train Epoch: [1/5] Iters:[610/40036] gen_loss 0.9648, rec_loss 0.0449, lpips_loss 0.3039, g_loss 0.1542, disc_weight 0.4000, disc_adaptive_weight 3.9879, d_loss 0.5216, logits_real -0.1588, logits_fake -0.1545,
Train Epoch: [1/5] Iters:[620/40036] gen_loss 0.9332, rec_loss 0.0441, lpips_loss 0.3061, g_loss 0.1534, disc_weight 0.4000, disc_adaptive_weight 3.7904, d_loss 0.5185, logits_real -0.1583, logits_fake -0.1533,
Train Epoch: [1/5] Iters:[630/40036] gen_loss 0.9095, rec_loss 0.0460, lpips_loss 0.3087, g_loss 0.1532, disc_weight 0.4000, disc_adaptive_weight 3.6149, d_loss 0.5169, logits_real -0.1574, logits_fake -0.1529,
Train Epoch: [1/5] Iters:[640/40036] gen_loss 0.9129, rec_loss 0.0465, lpips_loss 0.3100, g_loss 0.1528, disc_weight 0.4000, disc_adaptive_weight 3.6398, d_loss 0.5147, logits_real -0.1568, logits_fake -0.1529,
Train Epoch: [1/5] Iters:[650/40036] gen_loss 0.9304, rec_loss 0.0458, lpips_loss 0.3103, g_loss 0.1524, disc_weight 0.4000, disc_adaptive_weight 3.7667, d_loss 0.5117, logits_real -0.1565, logits_fake -0.1524,
Train Epoch: [1/5] Iters:[660/40036] gen_loss 0.9585, rec_loss 0.0474, lpips_loss 0.3114, g_loss 0.1519, disc_weight 0.4000, disc_adaptive_weight 3.9498, d_loss 0.5097, logits_real -0.1553, logits_fake -0.1518,
Train Epoch: [1/5] Iters:[670/40036] gen_loss 0.9646, rec_loss 0.0474, lpips_loss 0.3075, g_loss 0.1516, disc_weight 0.4000, disc_adaptive_weight 4.0248, d_loss 0.5083, logits_real -0.1543, logits_fake -0.1515,
Train Epoch: [1/5] Iters:[680/40036] gen_loss 0.9570, rec_loss 0.0465, lpips_loss 0.3051, g_loss 0.1511, disc_weight 0.4000, disc_adaptive_weight 4.0099, d_loss 0.5056, logits_real -0.1535, logits_fake -0.1509,
Train Epoch: [1/5] Iters:[690/40036] gen_loss 0.9420, rec_loss 0.0456, lpips_loss 0.3054, g_loss 0.1506, disc_weight 0.4000, disc_adaptive_weight 3.9295, d_loss 0.5032, logits_real -0.1528, logits_fake -0.1499,
Train Epoch: [1/5] Iters:[700/40036] gen_loss 0.9383, rec_loss 0.0458, lpips_loss 0.3048, g_loss 0.1501, disc_weight 0.4000, disc_adaptive_weight 3.9179, d_loss 0.5013, logits_real -0.1520, logits_fake -0.1495,
Train Epoch: [1/5] Iters:[710/40036] gen_loss 0.9083, rec_loss 0.0450, lpips_loss 0.3058, g_loss 0.1494, disc_weight 0.4000, disc_adaptive_weight 3.7327, d_loss 0.4993, logits_real -0.1513, logits_fake -0.1494,
Train Epoch: [1/5] Iters:[720/40036] gen_loss 0.9196, rec_loss 0.0452, lpips_loss 0.3081, g_loss 0.1490, disc_weight 0.4000, disc_adaptive_weight 3.8019, d_loss 0.4977, logits_real -0.1510, logits_fake -0.1489,
Train Epoch: [1/5] Iters:[730/40036] gen_loss 0.9279, rec_loss 0.0449, lpips_loss 0.3078, g_loss 0.1480, disc_weight 0.4000, disc_adaptive_weight 3.8868, d_loss 0.4959, logits_real -0.1504, logits_fake -0.1482,
Train Epoch: [1/5] Iters:[740/40036] gen_loss 0.9546, rec_loss 0.0455, lpips_loss 0.3067, g_loss 0.1474, disc_weight 0.4000, disc_adaptive_weight 4.0844, d_loss 0.4943, logits_real -0.1499, logits_fake -0.1478,
Train Epoch: [1/5] Iters:[750/40036] gen_loss 0.9619, rec_loss 0.0462, lpips_loss 0.3068, g_loss 0.1466, disc_weight 0.4000, disc_adaptive_weight 4.1486, d_loss 0.4927, logits_real -0.1491, logits_fake -0.1470,
Train Epoch: [1/5] Iters:[760/40036] gen_loss 0.9524, rec_loss 0.0471, lpips_loss 0.3052, g_loss 0.1462, disc_weight 0.4000, disc_adaptive_weight 4.1007, d_loss 0.4909, logits_real -0.1486, logits_fake -0.1463,
Train Epoch: [1/5] Iters:[770/40036] gen_loss 0.9664, rec_loss 0.0476, lpips_loss 0.3049, g_loss 0.1456, disc_weight 0.4000, disc_adaptive_weight 4.2128, d_loss 0.4899, logits_real -0.1479, logits_fake -0.1456,
Train Epoch: [1/5] Iters:[780/40036] gen_loss 0.9531, rec_loss 0.0479, lpips_loss 0.3066, g_loss 0.1453, disc_weight 0.4000, disc_adaptive_weight 4.1178, d_loss 0.4886, logits_real -0.1475, logits_fake -0.1452,
Train Epoch: [1/5] Iters:[790/40036] gen_loss 0.9308, rec_loss 0.0475, lpips_loss 0.3041, g_loss 0.1449, disc_weight 0.4000, disc_adaptive_weight 3.9975, d_loss 0.4870, logits_real -0.1470, logits_fake -0.1445,
Train Epoch: [1/5] Iters:[800/40036] gen_loss 0.9141, rec_loss 0.0465, lpips_loss 0.3027, g_loss 0.1443, disc_weight 0.4000, disc_adaptive_weight 3.9124, d_loss 0.4854, logits_real -0.1466, logits_fake -0.1441,
Train Epoch: [1/5] Iters:[810/40036] gen_loss 0.9341, rec_loss 0.0451, lpips_loss 0.3021, g_loss 0.1437, disc_weight 0.4000, disc_adaptive_weight 4.0854, d_loss 0.4834, logits_real -0.1465, logits_fake -0.1435,
Train Epoch: [1/5] Iters:[820/40036] gen_loss 0.9202, rec_loss 0.0451, lpips_loss 0.3022, g_loss 0.1429, disc_weight 0.4000, disc_adaptive_weight 4.0095, d_loss 0.4818, logits_real -0.1458, logits_fake -0.1429,
Train Epoch: [1/5] Iters:[830/40036] gen_loss 0.9412, rec_loss 0.0448, lpips_loss 0.3011, g_loss 0.1423, disc_weight 0.4000, disc_adaptive_weight 4.1829, d_loss 0.4800, logits_real -0.1452, logits_fake -0.1422,
Train Epoch: [1/5] Iters:[840/40036] gen_loss 0.9536, rec_loss 0.0442, lpips_loss 0.3021, g_loss 0.1419, disc_weight 0.4000, disc_adaptive_weight 4.2774, d_loss 0.4783, logits_real -0.1447, logits_fake -0.1420,
Train Epoch: [1/5] Iters:[850/40036] gen_loss 0.9601, rec_loss 0.0437, lpips_loss 0.3029, g_loss 0.1414, disc_weight 0.4000, disc_adaptive_weight 4.3307, d_loss 0.4765, logits_real -0.1442, logits_fake -0.1415,
Train Epoch: [1/5] Iters:[860/40036] gen_loss 0.9694, rec_loss 0.0448, lpips_loss 0.3041, g_loss 0.1413, disc_weight 0.4000, disc_adaptive_weight 4.3856, d_loss 0.4755, logits_real -0.1437, logits_fake -0.1411,
Train Epoch: [1/5] Iters:[870/40036] gen_loss 0.9710, rec_loss 0.0452, lpips_loss 0.3046, g_loss 0.1410, disc_weight 0.4000, disc_adaptive_weight 4.4034, d_loss 0.4740, logits_real -0.1433, logits_fake -0.1406,
Train Epoch: [1/5] Iters:[880/40036] gen_loss 0.9640, rec_loss 0.0457, lpips_loss 0.3055, g_loss 0.1405, disc_weight 0.4000, disc_adaptive_weight 4.3565, d_loss 0.4718, logits_real -0.1429, logits_fake -0.1405,
Train Epoch: [1/5] Iters:[890/40036] gen_loss 0.9584, rec_loss 0.0462, lpips_loss 0.3069, g_loss 0.1398, disc_weight 0.4000, disc_adaptive_weight 4.3274, d_loss 0.4704, logits_real -0.1422, logits_fake -0.1397,
Train Epoch: [1/5] Iters:[900/40036] gen_loss 0.9894, rec_loss 0.0465, lpips_loss 0.3067, g_loss 0.1401, disc_weight 0.4000, disc_adaptive_weight 4.5358, d_loss 0.4683, logits_real -0.1418, logits_fake -0.1399,
Train Epoch: [1/5] Iters:[910/40036] gen_loss 0.9782, rec_loss 0.0464, lpips_loss 0.3052, g_loss 0.1396, disc_weight 0.4000, disc_adaptive_weight 4.4825, d_loss 0.4671, logits_real -0.1412, logits_fake -0.1395,
Train Epoch: [1/5] Iters:[920/40036] gen_loss 0.9964, rec_loss 0.0457, lpips_loss 0.3048, g_loss 0.1394, disc_weight 0.4000, disc_adaptive_weight 4.6338, d_loss 0.4657, logits_real -0.1411, logits_fake -0.1393,
Train Epoch: [1/5] Iters:[930/40036] gen_loss 1.0457, rec_loss 0.0454, lpips_loss 0.3053, g_loss 0.1389, disc_weight 0.4000, disc_adaptive_weight 5.0072, d_loss 0.4656, logits_real -0.1405, logits_fake -0.1388,
Train Epoch: [1/5] Iters:[940/40036] gen_loss 1.0477, rec_loss 0.0453, lpips_loss 0.3074, g_loss 0.1385, disc_weight 0.4000, disc_adaptive_weight 5.0218, d_loss 0.4654, logits_real -0.1399, logits_fake -0.1383,
Train Epoch: [1/5] Iters:[950/40036] gen_loss 1.0249, rec_loss 0.0456, lpips_loss 0.3089, g_loss 0.1374, disc_weight 0.4000, disc_adaptive_weight 4.8803, d_loss 0.4646, logits_real -0.1392, logits_fake -0.1374,
Train Epoch: [1/5] Iters:[960/40036] gen_loss 0.9906, rec_loss 0.0448, lpips_loss 0.3091, g_loss 0.1369, disc_weight 0.4000, disc_adaptive_weight 4.6489, d_loss 0.4635, logits_real -0.1388, logits_fake -0.1371,
Train Epoch: [1/5] Iters:[970/40036] gen_loss 0.9653, rec_loss 0.0446, lpips_loss 0.3092, g_loss 0.1362, disc_weight 0.4000, disc_adaptive_weight 4.4880, d_loss 0.4622, logits_real -0.1379, logits_fake -0.1365,
Train Epoch: [1/5] Iters:[980/40036] gen_loss 0.8936, rec_loss 0.0443, lpips_loss 0.3072, g_loss 0.1355, disc_weight 0.4000, disc_adaptive_weight 3.9977, d_loss 0.4607, logits_real -0.1373, logits_fake -0.1360,
Train Epoch: [1/5] Iters:[990/40036] gen_loss 0.8989, rec_loss 0.0450, lpips_loss 0.3057, g_loss 0.1350, disc_weight 0.4000, disc_adaptive_weight 4.0611, d_loss 0.4589, logits_real -0.1367, logits_fake -0.1355,
Train Epoch: [1/5] Iters:[1000/40036] gen_loss 0.8870, rec_loss 0.0445, lpips_loss 0.3030, g_loss 0.1345, disc_weight 0.4000, disc_adaptive_weight 4.0154, d_loss 0.4577, logits_real -0.1360, logits_fake -0.1350,
Train Epoch: [1/5] Iters:[1010/40036] gen_loss 0.9172, rec_loss 0.0451, lpips_loss 0.3039, g_loss 0.1342, disc_weight 0.4000, disc_adaptive_weight 4.2337, d_loss 0.4564, logits_real -0.1355, logits_fake -0.1345,
Train Epoch: [1/5] Iters:[1020/40036] gen_loss 0.8938, rec_loss 0.0460, lpips_loss 0.3039, g_loss 0.1339, disc_weight 0.4000, disc_adaptive_weight 4.0604, d_loss 0.4551, logits_real -0.1353, logits_fake -0.1342,
Train Epoch: [1/5] Iters:[1030/40036] gen_loss 0.8912, rec_loss 0.0460, lpips_loss 0.3028, g_loss 0.1336, disc_weight 0.4000, disc_adaptive_weight 4.0608, d_loss 0.4536, logits_real -0.1351, logits_fake -0.1338,
Train Epoch: [1/5] Iters:[1040/40036] gen_loss 0.8766, rec_loss 0.0457, lpips_loss 0.3015, g_loss 0.1334, disc_weight 0.4000, disc_adaptive_weight 3.9652, d_loss 0.4529, logits_real -0.1347, logits_fake -0.1336,
Train Epoch: [1/5] Iters:[1050/40036] gen_loss 0.8918, rec_loss 0.0457, lpips_loss 0.3028, g_loss 0.1333, disc_weight 0.4000, disc_adaptive_weight 4.0761, d_loss 0.4523, logits_real -0.1347, logits_fake -0.1335,
Train Epoch: [1/5] Iters:[1060/40036] gen_loss 0.8977, rec_loss 0.0460, lpips_loss 0.3031, g_loss 0.1331, disc_weight 0.4000, disc_adaptive_weight 4.1219, d_loss 0.4513, logits_real -0.1345, logits_fake -0.1332,
Train Epoch: [1/5] Iters:[1070/40036] gen_loss 0.9086, rec_loss 0.0460, lpips_loss 0.3033, g_loss 0.1331, disc_weight 0.4000, disc_adaptive_weight 4.2011, d_loss 0.4502, logits_real -0.1341, logits_fake -0.1331,
Train Epoch: [1/5] Iters:[1080/40036] gen_loss 0.9128, rec_loss 0.0459, lpips_loss 0.3043, g_loss 0.1331, disc_weight 0.4000, disc_adaptive_weight 4.2265, d_loss 0.4498, logits_real -0.1336, logits_fake -0.1327,
Train Epoch: [1/5] Iters:[1090/40036] gen_loss 0.9249, rec_loss 0.0458, lpips_loss 0.3054, g_loss 0.1327, disc_weight 0.4000, disc_adaptive_weight 4.3247, d_loss 0.4485, logits_real -0.1333, logits_fake -0.1323,
Train Epoch: [1/5] Iters:[1100/40036] gen_loss 0.9250, rec_loss 0.0468, lpips_loss 0.3067, g_loss 0.1326, disc_weight 0.4000, disc_adaptive_weight 4.3106, d_loss 0.4473, logits_real -0.1330, logits_fake -0.1320,
Train Epoch: [1/5] Iters:[1110/40036] gen_loss 0.9105, rec_loss 0.0458, lpips_loss 0.3066, g_loss 0.1325, disc_weight 0.4000, disc_adaptive_weight 4.2141, d_loss 0.4471, logits_real -0.1328, logits_fake -0.1318,
Train Epoch: [1/5] Iters:[1120/40036] gen_loss 0.9152, rec_loss 0.0454, lpips_loss 0.3072, g_loss 0.1321, disc_weight 0.4000, disc_adaptive_weight 4.2569, d_loss 0.4460, logits_real -0.1328, logits_fake -0.1316,
Train Epoch: [1/5] Iters:[1130/40036] gen_loss 0.9139, rec_loss 0.0462, lpips_loss 0.3078, g_loss 0.1319, disc_weight 0.4000, disc_adaptive_weight 4.2416, d_loss 0.4456, logits_real -0.1327, logits_fake -0.1313,
Train Epoch: [1/5] Iters:[1140/40036] gen_loss 0.9080, rec_loss 0.0457, lpips_loss 0.3069, g_loss 0.1319, disc_weight 0.4000, disc_adaptive_weight 4.2099, d_loss 0.4447, logits_real -0.1327, logits_fake -0.1316,
Train Epoch: [1/5] Iters:[1150/40036] gen_loss 0.8939, rec_loss 0.0450, lpips_loss 0.3066, g_loss 0.1317, disc_weight 0.4000, disc_adaptive_weight 4.1167, d_loss 0.4440, logits_real -0.1324, logits_fake -0.1315,
Train Epoch: [1/5] Iters:[1160/40036] gen_loss 0.8938, rec_loss 0.0456, lpips_loss 0.3063, g_loss 0.1312, disc_weight 0.4000, disc_adaptive_weight 4.1275, d_loss 0.4427, logits_real -0.1320, logits_fake -0.1312,
Train Epoch: [1/5] Iters:[1170/40036] gen_loss 0.9066, rec_loss 0.0457, lpips_loss 0.3053, g_loss 0.1309, disc_weight 0.4000, disc_adaptive_weight 4.2374, d_loss 0.4425, logits_real -0.1318, logits_fake -0.1309,
Train Epoch: [1/5] Iters:[1180/40036] gen_loss 0.9096, rec_loss 0.0452, lpips_loss 0.3054, g_loss 0.1305, disc_weight 0.4000, disc_adaptive_weight 4.2749, d_loss 0.4409, logits_real -0.1315, logits_fake -0.1307,
Train Epoch: [1/5] Iters:[1190/40036] gen_loss 0.8956, rec_loss 0.0460, lpips_loss 0.3065, g_loss 0.1299, disc_weight 0.4000, disc_adaptive_weight 4.1706, d_loss 0.4396, logits_real -0.1310, logits_fake -0.1301,
Train Epoch: [1/5] Iters:[1200/40036] gen_loss 0.9125, rec_loss 0.0454, lpips_loss 0.3055, g_loss 0.1292, disc_weight 0.4000, disc_adaptive_weight 4.3410, d_loss 0.4388, logits_real -0.1305, logits_fake -0.1294,
Train Epoch: [1/5] Iters:[1210/40036] gen_loss 0.8990, rec_loss 0.0450, lpips_loss 0.3044, g_loss 0.1286, disc_weight 0.4000, disc_adaptive_weight 4.2669, d_loss 0.4384, logits_real -0.1301, logits_fake -0.1289,
Train Epoch: [1/5] Iters:[1220/40036] gen_loss 0.9056, rec_loss 0.0451, lpips_loss 0.3041, g_loss 0.1280, disc_weight 0.4000, disc_adaptive_weight 4.3444, d_loss 0.4377, logits_real -0.1295, logits_fake -0.1285,
Train Epoch: [1/5] Iters:[1230/40036] gen_loss 0.8987, rec_loss 0.0450, lpips_loss 0.3031, g_loss 0.1275, disc_weight 0.4000, disc_adaptive_weight 4.3156, d_loss 0.4367, logits_real -0.1289, logits_fake -0.1280,
Train Epoch: [1/5] Iters:[1240/40036] gen_loss 0.9102, rec_loss 0.0452, lpips_loss 0.3023, g_loss 0.1273, disc_weight 0.4000, disc_adaptive_weight 4.4182, d_loss 0.4369, logits_real -0.1285, logits_fake -0.1276,
Train Epoch: [1/5] Iters:[1250/40036] gen_loss 0.9006, rec_loss 0.0459, lpips_loss 0.3027, g_loss 0.1272, disc_weight 0.4000, disc_adaptive_weight 4.3374, d_loss 0.4366, logits_real -0.1279, logits_fake -0.1272,
Train Epoch: [1/5] Iters:[1260/40036] gen_loss 0.9032, rec_loss 0.0454, lpips_loss 0.3019, g_loss 0.1267, disc_weight 0.4000, disc_adaptive_weight 4.3803, d_loss 0.4357, logits_real -0.1271, logits_fake -0.1267,
Train Epoch: [1/5] Iters:[1270/40036] gen_loss 0.9139, rec_loss 0.0453, lpips_loss 0.3025, g_loss 0.1263, disc_weight 0.4000, disc_adaptive_weight 4.4814, d_loss 0.4351, logits_real -0.1264, logits_fake -0.1261,
Train Epoch: [1/5] Iters:[1280/40036] gen_loss 0.9196, rec_loss 0.0452, lpips_loss 0.3024, g_loss 0.1258, disc_weight 0.4000, disc_adaptive_weight 4.5422, d_loss 0.4347, logits_real -0.1261, logits_fake -0.1259,
