dataset_dir: /projects/yuanai/data/
dataset_name: ImageNet
global_batch_size: 64
workers: 6
resolution: 256
channels: 3
ms_patch_size: 1_2_3_4_5_6_8_10_13_16
importance: (1, 1, 1, 2, 2, 2, 3, 3, 5, 5)
max_patch_size: 16
codebook_size: 65536
codebook_dim: 16
project_dim: 16
pq: 1
L: 4
alpha: 1.0
beta: 0.2
gamma: 1.0
disc_weight: 0.4
lecam_loss_weight: 0.001
disc_cr_loss_weight: 4.0
VQ: wasserstein_vq
use_multiscale: False
transplant_epochs: 2
refinement_epochs: 5
eval_epochs: 1
disc_epoch: 1
lr_transplant: 0.0001
lr_refinement: 1e-05
dropout: 0.0
seed: 3407
weight_decay: 1e-05
stage: refinement
path: bc
checkpoint_dir: /projects/yuanai/projects/VQ-Transplant3/checkpoint/Refinement/ImageNet
results_dir: /projects/yuanai/projects/VQ-Transplant3/results/Refinement/ImageNet
saver_dir: /projects/yuanai/projects/VQ-Transplant3/saver/Refinement/ImageNet
reconstruction_dir: /projects/yuanai/projects/VQ-Transplant3/reconstruction/Refinement/ImageNet
yaml_dir: /projects/yuanai/projects/VQ-Transplant3/yaml/Refinement/ImageNet
pretrained_tokenizer: /projects/yuanai/projects/VQ-Transplant3/pretrained_tokenizer/vae_ch160v4096z32.pth
checkpoint_name: checkpoint-wasserstein_vq_transplant_False_ImageNet_model_65536_16_1_loss_1.0_0.2_1.0_0.3.pth.tar
nnodes: -1
node_rank: -1
local_rank: 0
dist_url: tcp://224.66.41.62:23456
dist_backend: nccl
world_size: 2
batch_size: 32
ms_token_size: (1, 2, 3, 4, 5, 6, 8, 10, 13, 16)
init_checkpoint_dir: /projects/yuanai/projects/VQ-Transplant3/checkpoint/
data_pre: ImageNet
model_pre: model_65536_16_1
loss_pre: loss_1.0_0.2_1.0_0.4
training_pre: wasserstein_vq_refinement_False
saver_name_pre: wasserstein_vq_refinement_False_ImageNet_model_65536_16_1_loss_1.0_0.2_1.0_0.4
| distributed init (rank 0): env://
| distributed init (rank 1): env://
VQ Model Parameters: 108761795
loaded pretrained LPIPS loss from /projects/yuanai/projects/VQ-Transplant3/code/models/cache/vgg.pth
dataset name: ImageNet
len train_set: 1281167
len val_set: 50000
Start training...
epoch:1, cur_lr:0.000010
Train Epoch: [1/5] Iters:[10/20018] gen_loss -1.0236, rec_loss 0.0208, lpips_loss 0.1700, g_loss -0.3316, disc_weight 0.4000, disc_adaptive_weight 3.6333, d_loss 2.3777, logits_real 0.2995, logits_fake 0.3297,
Train Epoch: [1/5] Iters:[20/20018] gen_loss -2.3254, rec_loss 0.0247, lpips_loss 0.1853, g_loss -0.3646, disc_weight 0.4000, disc_adaptive_weight 6.6074, d_loss 2.1841, logits_real 0.2967, logits_fake 0.3643,
Train Epoch: [1/5] Iters:[30/20018] gen_loss -3.8518, rec_loss 0.0276, lpips_loss 0.2145, g_loss -0.3979, disc_weight 0.4000, disc_adaptive_weight 9.5661, d_loss 2.0249, logits_real 0.2938, logits_fake 0.4000,
Train Epoch: [1/5] Iters:[40/20018] gen_loss -4.2995, rec_loss 0.0287, lpips_loss 0.2302, g_loss -0.4079, disc_weight 0.4000, disc_adaptive_weight 10.5574, d_loss 1.8824, logits_real 0.2928, logits_fake 0.4105,
Train Epoch: [1/5] Iters:[50/20018] gen_loss -4.0191, rec_loss 0.0283, lpips_loss 0.2301, g_loss -0.3958, disc_weight 0.4000, disc_adaptive_weight 10.2539, d_loss 1.7577, logits_real 0.2919, logits_fake 0.3986,
Train Epoch: [1/5] Iters:[60/20018] gen_loss -4.2769, rec_loss 0.0292, lpips_loss 0.2359, g_loss -0.3884, disc_weight 0.4000, disc_adaptive_weight 11.2554, d_loss 1.5074, logits_real 0.2890, logits_fake 0.3917,
Train Epoch: [1/5] Iters:[70/20018] gen_loss -3.9683, rec_loss 0.0284, lpips_loss 0.2330, g_loss -0.3676, disc_weight 0.4000, disc_adaptive_weight 10.9074, d_loss 1.3181, logits_real 0.2865, logits_fake 0.3708,
Train Epoch: [1/5] Iters:[80/20018] gen_loss -2.9666, rec_loss 0.0266, lpips_loss 0.2153, g_loss -0.3343, disc_weight 0.4000, disc_adaptive_weight 9.2234, d_loss 1.1715, logits_real 0.2851, logits_fake 0.3360,
Train Epoch: [1/5] Iters:[90/20018] gen_loss -2.0972, rec_loss 0.0251, lpips_loss 0.1965, g_loss -0.3068, disc_weight 0.4000, disc_adaptive_weight 7.5187, d_loss 1.0648, logits_real 0.2827, logits_fake 0.3076,
Train Epoch: [1/5] Iters:[100/20018] gen_loss -1.8461, rec_loss 0.0244, lpips_loss 0.1872, g_loss -0.2980, disc_weight 0.4000, disc_adaptive_weight 6.9308, d_loss 0.9865, logits_real 0.2806, logits_fake 0.2982,
Train Epoch: [1/5] Iters:[110/20018] gen_loss -1.5465, rec_loss 0.0243, lpips_loss 0.1841, g_loss -0.2978, disc_weight 0.4000, disc_adaptive_weight 5.8979, d_loss 0.9275, logits_real 0.2786, logits_fake 0.2976,
Train Epoch: [1/5] Iters:[120/20018] gen_loss -1.3319, rec_loss 0.0243, lpips_loss 0.1831, g_loss -0.2947, disc_weight 0.4000, disc_adaptive_weight 5.2050, d_loss 0.8762, logits_real 0.2768, logits_fake 0.2947,
Train Epoch: [1/5] Iters:[130/20018] gen_loss -1.2299, rec_loss 0.0244, lpips_loss 0.1838, g_loss -0.2898, disc_weight 0.4000, disc_adaptive_weight 4.9614, d_loss 0.8343, logits_real 0.2749, logits_fake 0.2900,
Train Epoch: [1/5] Iters:[140/20018] gen_loss -1.2752, rec_loss 0.0240, lpips_loss 0.1829, g_loss -0.2858, disc_weight 0.4000, disc_adaptive_weight 5.1894, d_loss 0.7965, logits_real 0.2734, logits_fake 0.2858,
Train Epoch: [1/5] Iters:[150/20018] gen_loss -1.3333, rec_loss 0.0242, lpips_loss 0.1839, g_loss -0.2816, disc_weight 0.4000, disc_adaptive_weight 5.4893, d_loss 0.7667, logits_real 0.2716, logits_fake 0.2813,
Train Epoch: [1/5] Iters:[160/20018] gen_loss -1.3477, rec_loss 0.0239, lpips_loss 0.1831, g_loss -0.2777, disc_weight 0.4000, disc_adaptive_weight 5.5876, d_loss 0.7397, logits_real 0.2696, logits_fake 0.2776,
Train Epoch: [1/5] Iters:[170/20018] gen_loss -1.2903, rec_loss 0.0239, lpips_loss 0.1828, g_loss -0.2760, disc_weight 0.4000, disc_adaptive_weight 5.4000, d_loss 0.7178, logits_real 0.2681, logits_fake 0.2756,
Train Epoch: [1/5] Iters:[180/20018] gen_loss -1.1697, rec_loss 0.0235, lpips_loss 0.1801, g_loss -0.2751, disc_weight 0.4000, disc_adaptive_weight 4.9601, d_loss 0.6979, logits_real 0.2665, logits_fake 0.2746,
Train Epoch: [1/5] Iters:[190/20018] gen_loss -0.9692, rec_loss 0.0235, lpips_loss 0.1794, g_loss -0.2727, disc_weight 0.4000, disc_adaptive_weight 4.2652, d_loss 0.6817, logits_real 0.2652, logits_fake 0.2721,
Train Epoch: [1/5] Iters:[200/20018] gen_loss -0.6933, rec_loss 0.0234, lpips_loss 0.1774, g_loss -0.2689, disc_weight 0.4000, disc_adaptive_weight 3.3192, d_loss 0.6655, logits_real 0.2640, logits_fake 0.2685,
Train Epoch: [1/5] Iters:[210/20018] gen_loss -0.6265, rec_loss 0.0233, lpips_loss 0.1754, g_loss -0.2667, disc_weight 0.4000, disc_adaptive_weight 3.0911, d_loss 0.6520, logits_real 0.2629, logits_fake 0.2661,
Train Epoch: [1/5] Iters:[220/20018] gen_loss -0.6010, rec_loss 0.0232, lpips_loss 0.1748, g_loss -0.2649, disc_weight 0.4000, disc_adaptive_weight 3.0135, d_loss 0.6398, logits_real 0.2616, logits_fake 0.2642,
Train Epoch: [1/5] Iters:[230/20018] gen_loss -0.5833, rec_loss 0.0231, lpips_loss 0.1749, g_loss -0.2630, disc_weight 0.4000, disc_adaptive_weight 2.9726, d_loss 0.6290, logits_real 0.2605, logits_fake 0.2625,
Train Epoch: [1/5] Iters:[240/20018] gen_loss -0.6594, rec_loss 0.0237, lpips_loss 0.1759, g_loss -0.2617, disc_weight 0.4000, disc_adaptive_weight 3.2828, d_loss 0.6201, logits_real 0.2594, logits_fake 0.2614,
Train Epoch: [1/5] Iters:[250/20018] gen_loss -0.7161, rec_loss 0.0232, lpips_loss 0.1750, g_loss -0.2606, disc_weight 0.4000, disc_adaptive_weight 3.5095, d_loss 0.6116, logits_real 0.2579, logits_fake 0.2603,
Train Epoch: [1/5] Iters:[260/20018] gen_loss -0.7215, rec_loss 0.0233, lpips_loss 0.1763, g_loss -0.2595, disc_weight 0.4000, disc_adaptive_weight 3.5481, d_loss 0.6033, logits_real 0.2569, logits_fake 0.2595,
Train Epoch: [1/5] Iters:[270/20018] gen_loss -0.7035, rec_loss 0.0232, lpips_loss 0.1755, g_loss -0.2586, disc_weight 0.4000, disc_adaptive_weight 3.4856, d_loss 0.5969, logits_real 0.2560, logits_fake 0.2589,
Train Epoch: [1/5] Iters:[280/20018] gen_loss -0.6681, rec_loss 0.0231, lpips_loss 0.1748, g_loss -0.2575, disc_weight 0.4000, disc_adaptive_weight 3.3572, d_loss 0.5903, logits_real 0.2548, logits_fake 0.2576,
Train Epoch: [1/5] Iters:[290/20018] gen_loss -0.6069, rec_loss 0.0225, lpips_loss 0.1729, g_loss -0.2562, disc_weight 0.4000, disc_adaptive_weight 3.1289, d_loss 0.5829, logits_real 0.2536, logits_fake 0.2563,
Train Epoch: [1/5] Iters:[300/20018] gen_loss -0.5474, rec_loss 0.0229, lpips_loss 0.1727, g_loss -0.2551, disc_weight 0.4000, disc_adaptive_weight 2.9118, d_loss 0.5779, logits_real 0.2528, logits_fake 0.2550,
Train Epoch: [1/5] Iters:[310/20018] gen_loss -0.5374, rec_loss 0.0228, lpips_loss 0.1727, g_loss -0.2536, disc_weight 0.4000, disc_adaptive_weight 2.8898, d_loss 0.5725, logits_real 0.2515, logits_fake 0.2535,
Train Epoch: [1/5] Iters:[320/20018] gen_loss -0.5157, rec_loss 0.0234, lpips_loss 0.1741, g_loss -0.2526, disc_weight 0.4000, disc_adaptive_weight 2.8218, d_loss 0.5679, logits_real 0.2507, logits_fake 0.2523,
Train Epoch: [1/5] Iters:[330/20018] gen_loss -0.4968, rec_loss 0.0237, lpips_loss 0.1750, g_loss -0.2518, disc_weight 0.4000, disc_adaptive_weight 2.7613, d_loss 0.5633, logits_real 0.2499, logits_fake 0.2516,
Train Epoch: [1/5] Iters:[340/20018] gen_loss -0.4752, rec_loss 0.0237, lpips_loss 0.1746, g_loss -0.2505, disc_weight 0.4000, disc_adaptive_weight 2.6900, d_loss 0.5593, logits_real 0.2489, logits_fake 0.2504,
Train Epoch: [1/5] Iters:[350/20018] gen_loss -0.4836, rec_loss 0.0233, lpips_loss 0.1753, g_loss -0.2494, disc_weight 0.4000, disc_adaptive_weight 2.7393, d_loss 0.5542, logits_real 0.2480, logits_fake 0.2495,
Train Epoch: [1/5] Iters:[360/20018] gen_loss -0.4851, rec_loss 0.0234, lpips_loss 0.1746, g_loss -0.2486, disc_weight 0.4000, disc_adaptive_weight 2.7523, d_loss 0.5505, logits_real 0.2471, logits_fake 0.2485,
Train Epoch: [1/5] Iters:[370/20018] gen_loss -0.5222, rec_loss 0.0228, lpips_loss 0.1729, g_loss -0.2476, disc_weight 0.4000, disc_adaptive_weight 2.9034, d_loss 0.5455, logits_real 0.2463, logits_fake 0.2477,
Train Epoch: [1/5] Iters:[380/20018] gen_loss -0.5520, rec_loss 0.0232, lpips_loss 0.1724, g_loss -0.2464, disc_weight 0.4000, disc_adaptive_weight 3.0373, d_loss 0.5410, logits_real 0.2454, logits_fake 0.2465,
Train Epoch: [1/5] Iters:[390/20018] gen_loss -0.5944, rec_loss 0.0234, lpips_loss 0.1736, g_loss -0.2458, disc_weight 0.4000, disc_adaptive_weight 3.2218, d_loss 0.5371, logits_real 0.2446, logits_fake 0.2458,
Train Epoch: [1/5] Iters:[400/20018] gen_loss -0.5930, rec_loss 0.0233, lpips_loss 0.1717, g_loss -0.2451, disc_weight 0.4000, disc_adaptive_weight 3.2173, d_loss 0.5337, logits_real 0.2437, logits_fake 0.2452,
Train Epoch: [1/5] Iters:[410/20018] gen_loss -0.6126, rec_loss 0.0232, lpips_loss 0.1715, g_loss -0.2444, disc_weight 0.4000, disc_adaptive_weight 3.3045, d_loss 0.5303, logits_real 0.2429, logits_fake 0.2446,
Train Epoch: [1/5] Iters:[420/20018] gen_loss -0.6574, rec_loss 0.0231, lpips_loss 0.1716, g_loss -0.2436, disc_weight 0.4000, disc_adaptive_weight 3.5000, d_loss 0.5273, logits_real 0.2418, logits_fake 0.2438,
Train Epoch: [1/5] Iters:[430/20018] gen_loss -0.6873, rec_loss 0.0225, lpips_loss 0.1717, g_loss -0.2430, disc_weight 0.4000, disc_adaptive_weight 3.6293, d_loss 0.5244, logits_real 0.2408, logits_fake 0.2432,
Train Epoch: [1/5] Iters:[440/20018] gen_loss -0.6587, rec_loss 0.0227, lpips_loss 0.1720, g_loss -0.2421, disc_weight 0.4000, disc_adaptive_weight 3.5264, d_loss 0.5215, logits_real 0.2399, logits_fake 0.2422,
Train Epoch: [1/5] Iters:[450/20018] gen_loss -0.6593, rec_loss 0.0226, lpips_loss 0.1734, g_loss -0.2412, disc_weight 0.4000, disc_adaptive_weight 3.5458, d_loss 0.5182, logits_real 0.2389, logits_fake 0.2412,
Train Epoch: [1/5] Iters:[460/20018] gen_loss -0.6866, rec_loss 0.0228, lpips_loss 0.1732, g_loss -0.2404, disc_weight 0.4000, disc_adaptive_weight 3.6722, d_loss 0.5153, logits_real 0.2381, logits_fake 0.2403,
Train Epoch: [1/5] Iters:[470/20018] gen_loss -0.6487, rec_loss 0.0230, lpips_loss 0.1748, g_loss -0.2397, disc_weight 0.4000, disc_adaptive_weight 3.5337, d_loss 0.5129, logits_real 0.2372, logits_fake 0.2397,
Train Epoch: [1/5] Iters:[480/20018] gen_loss -0.5846, rec_loss 0.0230, lpips_loss 0.1750, g_loss -0.2392, disc_weight 0.4000, disc_adaptive_weight 3.2729, d_loss 0.5102, logits_real 0.2368, logits_fake 0.2389,
Train Epoch: [1/5] Iters:[490/20018] gen_loss -0.6052, rec_loss 0.0226, lpips_loss 0.1739, g_loss -0.2385, disc_weight 0.4000, disc_adaptive_weight 3.3625, d_loss 0.5071, logits_real 0.2362, logits_fake 0.2382,
Train Epoch: [1/5] Iters:[500/20018] gen_loss -0.6214, rec_loss 0.0228, lpips_loss 0.1734, g_loss -0.2380, disc_weight 0.4000, disc_adaptive_weight 3.4362, d_loss 0.5047, logits_real 0.2357, logits_fake 0.2377,
Train Epoch: [1/5] Iters:[510/20018] gen_loss -0.5546, rec_loss 0.0229, lpips_loss 0.1740, g_loss -0.2372, disc_weight 0.4000, disc_adaptive_weight 3.1670, d_loss 0.5021, logits_real 0.2349, logits_fake 0.2370,
Train Epoch: [1/5] Iters:[520/20018] gen_loss -0.4907, rec_loss 0.0229, lpips_loss 0.1725, g_loss -0.2363, disc_weight 0.4000, disc_adaptive_weight 2.9018, d_loss 0.4992, logits_real 0.2343, logits_fake 0.2360,
Train Epoch: [1/5] Iters:[530/20018] gen_loss -0.5319, rec_loss 0.0231, lpips_loss 0.1726, g_loss -0.2352, disc_weight 0.4000, disc_adaptive_weight 3.0913, d_loss 0.4970, logits_real 0.2334, logits_fake 0.2351,
Train Epoch: [1/5] Iters:[540/20018] gen_loss -0.5225, rec_loss 0.0234, lpips_loss 0.1732, g_loss -0.2344, disc_weight 0.4000, disc_adaptive_weight 3.0685, d_loss 0.4954, logits_real 0.2325, logits_fake 0.2344,
Train Epoch: [1/5] Iters:[550/20018] gen_loss -0.5162, rec_loss 0.0235, lpips_loss 0.1742, g_loss -0.2332, disc_weight 0.4000, disc_adaptive_weight 3.0642, d_loss 0.4930, logits_real 0.2314, logits_fake 0.2334,
Train Epoch: [1/5] Iters:[560/20018] gen_loss -0.5544, rec_loss 0.0234, lpips_loss 0.1750, g_loss -0.2323, disc_weight 0.4000, disc_adaptive_weight 3.2441, d_loss 0.4907, logits_real 0.2305, logits_fake 0.2325,
Train Epoch: [1/5] Iters:[570/20018] gen_loss -0.5810, rec_loss 0.0235, lpips_loss 0.1755, g_loss -0.2313, disc_weight 0.4000, disc_adaptive_weight 3.3710, d_loss 0.4885, logits_real 0.2295, logits_fake 0.2316,
Train Epoch: [1/5] Iters:[580/20018] gen_loss -0.5799, rec_loss 0.0231, lpips_loss 0.1748, g_loss -0.2303, disc_weight 0.4000, disc_adaptive_weight 3.3769, d_loss 0.4862, logits_real 0.2285, logits_fake 0.2305,
Train Epoch: [1/5] Iters:[590/20018] gen_loss -0.5755, rec_loss 0.0233, lpips_loss 0.1753, g_loss -0.2291, disc_weight 0.4000, disc_adaptive_weight 3.3784, d_loss 0.4835, logits_real 0.2275, logits_fake 0.2294,
Train Epoch: [1/5] Iters:[600/20018] gen_loss -0.5709, rec_loss 0.0229, lpips_loss 0.1748, g_loss -0.2284, disc_weight 0.4000, disc_adaptive_weight 3.3644, d_loss 0.4817, logits_real 0.2268, logits_fake 0.2285,
Train Epoch: [1/5] Iters:[610/20018] gen_loss -0.5319, rec_loss 0.0229, lpips_loss 0.1740, g_loss -0.2277, disc_weight 0.4000, disc_adaptive_weight 3.2006, d_loss 0.4798, logits_real 0.2262, logits_fake 0.2277,
Train Epoch: [1/5] Iters:[620/20018] gen_loss -0.5562, rec_loss 0.0229, lpips_loss 0.1734, g_loss -0.2272, disc_weight 0.4000, disc_adaptive_weight 3.3117, d_loss 0.4777, logits_real 0.2255, logits_fake 0.2271,
Train Epoch: [1/5] Iters:[630/20018] gen_loss -0.5462, rec_loss 0.0229, lpips_loss 0.1729, g_loss -0.2267, disc_weight 0.4000, disc_adaptive_weight 3.2744, d_loss 0.4756, logits_real 0.2249, logits_fake 0.2266,
Train Epoch: [1/5] Iters:[640/20018] gen_loss -0.5186, rec_loss 0.0225, lpips_loss 0.1720, g_loss -0.2263, disc_weight 0.4000, disc_adaptive_weight 3.1520, d_loss 0.4742, logits_real 0.2244, logits_fake 0.2260,
Train Epoch: [1/5] Iters:[650/20018] gen_loss -0.5180, rec_loss 0.0227, lpips_loss 0.1723, g_loss -0.2256, disc_weight 0.4000, disc_adaptive_weight 3.1619, d_loss 0.4722, logits_real 0.2238, logits_fake 0.2254,
Train Epoch: [1/5] Iters:[660/20018] gen_loss -0.5455, rec_loss 0.0225, lpips_loss 0.1722, g_loss -0.2251, disc_weight 0.4000, disc_adaptive_weight 3.2892, d_loss 0.4705, logits_real 0.2234, logits_fake 0.2248,
Train Epoch: [1/5] Iters:[670/20018] gen_loss -0.4934, rec_loss 0.0224, lpips_loss 0.1731, g_loss -0.2242, disc_weight 0.4000, disc_adaptive_weight 3.0712, d_loss 0.4695, logits_real 0.2229, logits_fake 0.2240,
Train Epoch: [1/5] Iters:[680/20018] gen_loss -0.4647, rec_loss 0.0224, lpips_loss 0.1733, g_loss -0.2235, disc_weight 0.4000, disc_adaptive_weight 2.9523, d_loss 0.4680, logits_real 0.2223, logits_fake 0.2235,
Train Epoch: [1/5] Iters:[690/20018] gen_loss -0.5592, rec_loss 0.0226, lpips_loss 0.1742, g_loss -0.2229, disc_weight 0.4000, disc_adaptive_weight 3.3920, d_loss 0.4666, logits_real 0.2217, logits_fake 0.2228,
Train Epoch: [1/5] Iters:[700/20018] gen_loss -0.5312, rec_loss 0.0227, lpips_loss 0.1738, g_loss -0.2223, disc_weight 0.4000, disc_adaptive_weight 3.2732, d_loss 0.4652, logits_real 0.2210, logits_fake 0.2223,
Train Epoch: [1/5] Iters:[710/20018] gen_loss -0.5076, rec_loss 0.0228, lpips_loss 0.1736, g_loss -0.2215, disc_weight 0.4000, disc_adaptive_weight 3.1779, d_loss 0.4640, logits_real 0.2199, logits_fake 0.2215,
Train Epoch: [1/5] Iters:[720/20018] gen_loss -0.5657, rec_loss 0.0229, lpips_loss 0.1728, g_loss -0.2210, disc_weight 0.4000, disc_adaptive_weight 3.4448, d_loss 0.4620, logits_real 0.2191, logits_fake 0.2209,
Train Epoch: [1/5] Iters:[730/20018] gen_loss -0.5857, rec_loss 0.0232, lpips_loss 0.1739, g_loss -0.2202, disc_weight 0.4000, disc_adaptive_weight 3.5500, d_loss 0.4605, logits_real 0.2184, logits_fake 0.2201,
Train Epoch: [1/5] Iters:[740/20018] gen_loss -0.4878, rec_loss 0.0235, lpips_loss 0.1740, g_loss -0.2197, disc_weight 0.4000, disc_adaptive_weight 3.1169, d_loss 0.4586, logits_real 0.2177, logits_fake 0.2197,
Train Epoch: [1/5] Iters:[750/20018] gen_loss -0.5101, rec_loss 0.0233, lpips_loss 0.1732, g_loss -0.2188, disc_weight 0.4000, disc_adaptive_weight 3.2269, d_loss 0.4576, logits_real 0.2168, logits_fake 0.2187,
Train Epoch: [1/5] Iters:[760/20018] gen_loss -0.5676, rec_loss 0.0231, lpips_loss 0.1738, g_loss -0.2179, disc_weight 0.4000, disc_adaptive_weight 3.5066, d_loss 0.4561, logits_real 0.2160, logits_fake 0.2179,
Train Epoch: [1/5] Iters:[770/20018] gen_loss -0.5458, rec_loss 0.0229, lpips_loss 0.1739, g_loss -0.2173, disc_weight 0.4000, disc_adaptive_weight 3.4158, d_loss 0.4542, logits_real 0.2154, logits_fake 0.2171,
Train Epoch: [1/5] Iters:[780/20018] gen_loss -0.5870, rec_loss 0.0227, lpips_loss 0.1732, g_loss -0.2166, disc_weight 0.4000, disc_adaptive_weight 3.6154, d_loss 0.4527, logits_real 0.2147, logits_fake 0.2163,
Train Epoch: [1/5] Iters:[790/20018] gen_loss -0.5803, rec_loss 0.0225, lpips_loss 0.1733, g_loss -0.2160, disc_weight 0.4000, disc_adaptive_weight 3.5914, d_loss 0.4515, logits_real 0.2140, logits_fake 0.2157,
Train Epoch: [1/5] Iters:[800/20018] gen_loss -0.5661, rec_loss 0.0227, lpips_loss 0.1740, g_loss -0.2153, disc_weight 0.4000, disc_adaptive_weight 3.5401, d_loss 0.4500, logits_real 0.2134, logits_fake 0.2152,
Train Epoch: [1/5] Iters:[810/20018] gen_loss -0.5439, rec_loss 0.0230, lpips_loss 0.1739, g_loss -0.2148, disc_weight 0.4000, disc_adaptive_weight 3.4489, d_loss 0.4481, logits_real 0.2131, logits_fake 0.2147,
Train Epoch: [1/5] Iters:[820/20018] gen_loss -0.5556, rec_loss 0.0230, lpips_loss 0.1736, g_loss -0.2137, disc_weight 0.4000, disc_adaptive_weight 3.5194, d_loss 0.4481, logits_real 0.2122, logits_fake 0.2140,
Train Epoch: [1/5] Iters:[830/20018] gen_loss -0.4896, rec_loss 0.0230, lpips_loss 0.1729, g_loss -0.2128, disc_weight 0.4000, disc_adaptive_weight 3.2205, d_loss 0.4476, logits_real 0.2111, logits_fake 0.2131,
Train Epoch: [1/5] Iters:[840/20018] gen_loss -0.5187, rec_loss 0.0229, lpips_loss 0.1726, g_loss -0.2114, disc_weight 0.4000, disc_adaptive_weight 3.3775, d_loss 0.4468, logits_real 0.2099, logits_fake 0.2117,
Train Epoch: [1/5] Iters:[850/20018] gen_loss -0.5215, rec_loss 0.0227, lpips_loss 0.1717, g_loss -0.2101, disc_weight 0.4000, disc_adaptive_weight 3.4055, d_loss 0.4452, logits_real 0.2087, logits_fake 0.2104,
Train Epoch: [1/5] Iters:[860/20018] gen_loss -0.4825, rec_loss 0.0228, lpips_loss 0.1721, g_loss -0.2090, disc_weight 0.4000, disc_adaptive_weight 3.2424, d_loss 0.4443, logits_real 0.2075, logits_fake 0.2092,
Train Epoch: [1/5] Iters:[870/20018] gen_loss -0.4582, rec_loss 0.0229, lpips_loss 0.1730, g_loss -0.2079, disc_weight 0.4000, disc_adaptive_weight 3.1462, d_loss 0.4431, logits_real 0.2066, logits_fake 0.2080,
Train Epoch: [1/5] Iters:[880/20018] gen_loss -0.5092, rec_loss 0.0231, lpips_loss 0.1739, g_loss -0.2068, disc_weight 0.4000, disc_adaptive_weight 3.4159, d_loss 0.4420, logits_real 0.2057, logits_fake 0.2069,
Train Epoch: [1/5] Iters:[890/20018] gen_loss -0.4935, rec_loss 0.0227, lpips_loss 0.1732, g_loss -0.2059, disc_weight 0.4000, disc_adaptive_weight 3.3495, d_loss 0.4411, logits_real 0.2047, logits_fake 0.2058,
Train Epoch: [1/5] Iters:[900/20018] gen_loss -0.4707, rec_loss 0.0232, lpips_loss 0.1751, g_loss -0.2052, disc_weight 0.4000, disc_adaptive_weight 3.2613, d_loss 0.4405, logits_real 0.2040, logits_fake 0.2052,
Train Epoch: [1/5] Iters:[910/20018] gen_loss -0.5197, rec_loss 0.0230, lpips_loss 0.1746, g_loss -0.2043, disc_weight 0.4000, disc_adaptive_weight 3.5127, d_loss 0.4399, logits_real 0.2031, logits_fake 0.2043,
Train Epoch: [1/5] Iters:[920/20018] gen_loss -0.5659, rec_loss 0.0229, lpips_loss 0.1733, g_loss -0.2035, disc_weight 0.4000, disc_adaptive_weight 3.7457, d_loss 0.4390, logits_real 0.2022, logits_fake 0.2036,
Train Epoch: [1/5] Iters:[930/20018] gen_loss -0.5516, rec_loss 0.0229, lpips_loss 0.1733, g_loss -0.2028, disc_weight 0.4000, disc_adaptive_weight 3.6897, d_loss 0.4385, logits_real 0.2015, logits_fake 0.2029,
Train Epoch: [1/5] Iters:[940/20018] gen_loss -0.5584, rec_loss 0.0230, lpips_loss 0.1736, g_loss -0.2022, disc_weight 0.4000, disc_adaptive_weight 3.7342, d_loss 0.4378, logits_real 0.2010, logits_fake 0.2025,
Train Epoch: [1/5] Iters:[950/20018] gen_loss -0.5800, rec_loss 0.0227, lpips_loss 0.1729, g_loss -0.2017, disc_weight 0.4000, disc_adaptive_weight 3.8449, d_loss 0.4371, logits_real 0.2001, logits_fake 0.2016,
Train Epoch: [1/5] Iters:[960/20018] gen_loss -0.5427, rec_loss 0.0228, lpips_loss 0.1735, g_loss -0.2010, disc_weight 0.4000, disc_adaptive_weight 3.6750, d_loss 0.4365, logits_real 0.1995, logits_fake 0.2009,
Train Epoch: [1/5] Iters:[970/20018] gen_loss -0.5011, rec_loss 0.0231, lpips_loss 0.1745, g_loss -0.2006, disc_weight 0.4000, disc_adaptive_weight 3.4809, d_loss 0.4357, logits_real 0.1992, logits_fake 0.2004,
Train Epoch: [1/5] Iters:[980/20018] gen_loss -0.5388, rec_loss 0.0231, lpips_loss 0.1746, g_loss -0.2001, disc_weight 0.4000, disc_adaptive_weight 3.6791, d_loss 0.4346, logits_real 0.1985, logits_fake 0.1999,
Train Epoch: [1/5] Iters:[990/20018] gen_loss -0.5126, rec_loss 0.0232, lpips_loss 0.1738, g_loss -0.1994, disc_weight 0.4000, disc_adaptive_weight 3.5566, d_loss 0.4338, logits_real 0.1978, logits_fake 0.1990,
Train Epoch: [1/5] Iters:[1000/20018] gen_loss -0.4951, rec_loss 0.0233, lpips_loss 0.1735, g_loss -0.1985, disc_weight 0.4000, disc_adaptive_weight 3.4822, d_loss 0.4333, logits_real 0.1972, logits_fake 0.1983,
Train Epoch: [1/5] Iters:[1010/20018] gen_loss -0.5335, rec_loss 0.0230, lpips_loss 0.1724, g_loss -0.1975, disc_weight 0.4000, disc_adaptive_weight 3.6903, d_loss 0.4325, logits_real 0.1963, logits_fake 0.1974,
Train Epoch: [1/5] Iters:[1020/20018] gen_loss -0.5600, rec_loss 0.0230, lpips_loss 0.1725, g_loss -0.1965, disc_weight 0.4000, disc_adaptive_weight 3.8435, d_loss 0.4317, logits_real 0.1954, logits_fake 0.1965,
Train Epoch: [1/5] Iters:[1030/20018] gen_loss -0.4885, rec_loss 0.0231, lpips_loss 0.1726, g_loss -0.1957, disc_weight 0.4000, disc_adaptive_weight 3.4994, d_loss 0.4311, logits_real 0.1948, logits_fake 0.1958,
Train Epoch: [1/5] Iters:[1040/20018] gen_loss -0.5005, rec_loss 0.0233, lpips_loss 0.1737, g_loss -0.1950, disc_weight 0.4000, disc_adaptive_weight 3.5781, d_loss 0.4302, logits_real 0.1939, logits_fake 0.1952,
Train Epoch: [1/5] Iters:[1050/20018] gen_loss -0.4973, rec_loss 0.0231, lpips_loss 0.1736, g_loss -0.1943, disc_weight 0.4000, disc_adaptive_weight 3.5715, d_loss 0.4297, logits_real 0.1932, logits_fake 0.1944,
Train Epoch: [1/5] Iters:[1060/20018] gen_loss -0.4496, rec_loss 0.0231, lpips_loss 0.1734, g_loss -0.1938, disc_weight 0.4000, disc_adaptive_weight 3.3336, d_loss 0.4293, logits_real 0.1927, logits_fake 0.1939,
Train Epoch: [1/5] Iters:[1070/20018] gen_loss -0.4941, rec_loss 0.0228, lpips_loss 0.1735, g_loss -0.1932, disc_weight 0.4000, disc_adaptive_weight 3.5770, d_loss 0.4287, logits_real 0.1921, logits_fake 0.1935,
Train Epoch: [1/5] Iters:[1080/20018] gen_loss -0.5282, rec_loss 0.0229, lpips_loss 0.1735, g_loss -0.1926, disc_weight 0.4000, disc_adaptive_weight 3.7642, d_loss 0.4283, logits_real 0.1914, logits_fake 0.1928,
Train Epoch: [1/5] Iters:[1090/20018] gen_loss -0.5364, rec_loss 0.0229, lpips_loss 0.1734, g_loss -0.1921, disc_weight 0.4000, disc_adaptive_weight 3.8167, d_loss 0.4276, logits_real 0.1911, logits_fake 0.1922,
Train Epoch: [1/5] Iters:[1100/20018] gen_loss -0.5850, rec_loss 0.0230, lpips_loss 0.1741, g_loss -0.1915, disc_weight 0.4000, disc_adaptive_weight 4.0850, d_loss 0.4272, logits_real 0.1906, logits_fake 0.1919,
Train Epoch: [1/5] Iters:[1110/20018] gen_loss -0.6401, rec_loss 0.0229, lpips_loss 0.1735, g_loss -0.1909, disc_weight 0.4000, disc_adaptive_weight 4.3822, d_loss 0.4264, logits_real 0.1900, logits_fake 0.1913,
Train Epoch: [1/5] Iters:[1120/20018] gen_loss -0.5824, rec_loss 0.0235, lpips_loss 0.1738, g_loss -0.1903, disc_weight 0.4000, disc_adaptive_weight 4.0986, d_loss 0.4263, logits_real 0.1891, logits_fake 0.1905,
Train Epoch: [1/5] Iters:[1130/20018] gen_loss -0.5514, rec_loss 0.0232, lpips_loss 0.1732, g_loss -0.1895, disc_weight 0.4000, disc_adaptive_weight 3.9449, d_loss 0.4255, logits_real 0.1883, logits_fake 0.1898,
Train Epoch: [1/5] Iters:[1140/20018] gen_loss -0.5309, rec_loss 0.0236, lpips_loss 0.1737, g_loss -0.1888, disc_weight 0.4000, disc_adaptive_weight 3.8524, d_loss 0.4251, logits_real 0.1874, logits_fake 0.1891,
Train Epoch: [1/5] Iters:[1150/20018] gen_loss -0.4841, rec_loss 0.0237, lpips_loss 0.1737, g_loss -0.1880, disc_weight 0.4000, disc_adaptive_weight 3.6215, d_loss 0.4245, logits_real 0.1865, logits_fake 0.1881,
Train Epoch: [1/5] Iters:[1160/20018] gen_loss -0.4478, rec_loss 0.0244, lpips_loss 0.1754, g_loss -0.1872, disc_weight 0.4000, disc_adaptive_weight 3.4592, d_loss 0.4239, logits_real 0.1858, logits_fake 0.1874,
Train Epoch: [1/5] Iters:[1170/20018] gen_loss -0.4371, rec_loss 0.0237, lpips_loss 0.1749, g_loss -0.1865, disc_weight 0.4000, disc_adaptive_weight 3.4111, d_loss 0.4236, logits_real 0.1851, logits_fake 0.1866,
Train Epoch: [1/5] Iters:[1180/20018] gen_loss -0.4641, rec_loss 0.0236, lpips_loss 0.1741, g_loss -0.1857, disc_weight 0.4000, disc_adaptive_weight 3.5652, d_loss 0.4231, logits_real 0.1845, logits_fake 0.1857,
Train Epoch: [1/5] Iters:[1190/20018] gen_loss -0.4981, rec_loss 0.0236, lpips_loss 0.1742, g_loss -0.1846, disc_weight 0.4000, disc_adaptive_weight 3.7719, d_loss 0.4230, logits_real 0.1836, logits_fake 0.1847,
Train Epoch: [1/5] Iters:[1200/20018] gen_loss -0.4873, rec_loss 0.0238, lpips_loss 0.1745, g_loss -0.1837, disc_weight 0.4000, disc_adaptive_weight 3.7307, d_loss 0.4227, logits_real 0.1826, logits_fake 0.1837,
Train Epoch: [1/5] Iters:[1210/20018] gen_loss -0.4978, rec_loss 0.0233, lpips_loss 0.1734, g_loss -0.1828, disc_weight 0.4000, disc_adaptive_weight 3.8019, d_loss 0.4225, logits_real 0.1817, logits_fake 0.1828,
Train Epoch: [1/5] Iters:[1220/20018] gen_loss -0.5461, rec_loss 0.0235, lpips_loss 0.1725, g_loss -0.1819, disc_weight 0.4000, disc_adaptive_weight 4.0836, d_loss 0.4217, logits_real 0.1806, logits_fake 0.1818,
Train Epoch: [1/5] Iters:[1230/20018] gen_loss -0.5341, rec_loss 0.0242, lpips_loss 0.1737, g_loss -0.1808, disc_weight 0.4000, disc_adaptive_weight 4.0523, d_loss 0.4214, logits_real 0.1796, logits_fake 0.1808,
Train Epoch: [1/5] Iters:[1240/20018] gen_loss -0.5153, rec_loss 0.0239, lpips_loss 0.1732, g_loss -0.1799, disc_weight 0.4000, disc_adaptive_weight 3.9607, d_loss 0.4209, logits_real 0.1787, logits_fake 0.1798,
Train Epoch: [1/5] Iters:[1250/20018] gen_loss -0.5265, rec_loss 0.0237, lpips_loss 0.1723, g_loss -0.1790, disc_weight 0.4000, disc_adaptive_weight 4.0351, d_loss 0.4207, logits_real 0.1778, logits_fake 0.1791,
Train Epoch: [1/5] Iters:[1260/20018] gen_loss -0.4987, rec_loss 0.0241, lpips_loss 0.1731, g_loss -0.1782, disc_weight 0.4000, disc_adaptive_weight 3.9043, d_loss 0.4205, logits_real 0.1769, logits_fake 0.1782,
Train Epoch: [1/5] Iters:[1270/20018] gen_loss -0.4223, rec_loss 0.0240, lpips_loss 0.1733, g_loss -0.1772, disc_weight 0.4000, disc_adaptive_weight 3.4951, d_loss 0.4203, logits_real 0.1761, logits_fake 0.1773,
Train Epoch: [1/5] Iters:[1280/20018] gen_loss -0.4075, rec_loss 0.0237, lpips_loss 0.1734, g_loss -0.1764, disc_weight 0.4000, disc_adaptive_weight 3.4254, d_loss 0.4200, logits_real 0.1752, logits_fake 0.1765,
Train Epoch: [1/5] Iters:[1290/20018] gen_loss -0.4086, rec_loss 0.0239, lpips_loss 0.1741, g_loss -0.1757, disc_weight 0.4000, disc_adaptive_weight 3.4527, d_loss 0.4198, logits_real 0.1746, logits_fake 0.1757,
Train Epoch: [1/5] Iters:[1300/20018] gen_loss -0.4324, rec_loss 0.0240, lpips_loss 0.1740, g_loss -0.1750, disc_weight 0.4000, disc_adaptive_weight 3.6042, d_loss 0.4195, logits_real 0.1739, logits_fake 0.1749,
Train Epoch: [1/5] Iters:[1310/20018] gen_loss -0.4251, rec_loss 0.0241, lpips_loss 0.1746, g_loss -0.1744, disc_weight 0.4000, disc_adaptive_weight 3.5778, d_loss 0.4190, logits_real 0.1731, logits_fake 0.1741,
Train Epoch: [1/5] Iters:[1320/20018] gen_loss -0.4291, rec_loss 0.0244, lpips_loss 0.1750, g_loss -0.1736, disc_weight 0.4000, disc_adaptive_weight 3.6198, d_loss 0.4187, logits_real 0.1724, logits_fake 0.1734,
Train Epoch: [1/5] Iters:[1330/20018] gen_loss -0.4578, rec_loss 0.0241, lpips_loss 0.1740, g_loss -0.1730, disc_weight 0.4000, disc_adaptive_weight 3.7941, d_loss 0.4185, logits_real 0.1718, logits_fake 0.1728,
Train Epoch: [1/5] Iters:[1340/20018] gen_loss -0.4788, rec_loss 0.0236, lpips_loss 0.1724, g_loss -0.1724, disc_weight 0.4000, disc_adaptive_weight 3.9146, d_loss 0.4177, logits_real 0.1710, logits_fake 0.1721,
Train Epoch: [1/5] Iters:[1350/20018] gen_loss -0.4410, rec_loss 0.0236, lpips_loss 0.1726, g_loss -0.1717, disc_weight 0.4000, disc_adaptive_weight 3.7123, d_loss 0.4172, logits_real 0.1704, logits_fake 0.1714,
Train Epoch: [1/5] Iters:[1360/20018] gen_loss -0.4404, rec_loss 0.0229, lpips_loss 0.1711, g_loss -0.1709, disc_weight 0.4000, disc_adaptive_weight 3.7125, d_loss 0.4169, logits_real 0.1699, logits_fake 0.1706,
Train Epoch: [1/5] Iters:[1370/20018] gen_loss -0.4404, rec_loss 0.0230, lpips_loss 0.1713, g_loss -0.1704, disc_weight 0.4000, disc_adaptive_weight 3.7225, d_loss 0.4166, logits_real 0.1691, logits_fake 0.1699,
Train Epoch: [1/5] Iters:[1380/20018] gen_loss -0.4187, rec_loss 0.0230, lpips_loss 0.1721, g_loss -0.1697, disc_weight 0.4000, disc_adaptive_weight 3.6143, d_loss 0.4165, logits_real 0.1684, logits_fake 0.1693,
Train Epoch: [1/5] Iters:[1390/20018] gen_loss -0.3704, rec_loss 0.0231, lpips_loss 0.1722, g_loss -0.1688, disc_weight 0.4000, disc_adaptive_weight 3.3500, d_loss 0.4166, logits_real 0.1679, logits_fake 0.1687,
Train Epoch: [1/5] Iters:[1400/20018] gen_loss -0.3690, rec_loss 0.0234, lpips_loss 0.1728, g_loss -0.1683, disc_weight 0.4000, disc_adaptive_weight 3.3569, d_loss 0.4165, logits_real 0.1672, logits_fake 0.1684,
Train Epoch: [1/5] Iters:[1410/20018] gen_loss -0.3474, rec_loss 0.0238, lpips_loss 0.1734, g_loss -0.1677, disc_weight 0.4000, disc_adaptive_weight 3.2466, d_loss 0.4165, logits_real 0.1665, logits_fake 0.1678,
Train Epoch: [1/5] Iters:[1420/20018] gen_loss -0.3673, rec_loss 0.0236, lpips_loss 0.1737, g_loss -0.1670, disc_weight 0.4000, disc_adaptive_weight 3.3812, d_loss 0.4163, logits_real 0.1659, logits_fake 0.1673,
Train Epoch: [1/5] Iters:[1430/20018] gen_loss -0.3992, rec_loss 0.0234, lpips_loss 0.1735, g_loss -0.1661, disc_weight 0.4000, disc_adaptive_weight 3.5952, d_loss 0.4159, logits_real 0.1652, logits_fake 0.1664,
Train Epoch: [1/5] Iters:[1440/20018] gen_loss -0.4378, rec_loss 0.0235, lpips_loss 0.1739, g_loss -0.1654, disc_weight 0.4000, disc_adaptive_weight 3.8477, d_loss 0.4154, logits_real 0.1641, logits_fake 0.1655,
Train Epoch: [1/5] Iters:[1450/20018] gen_loss -0.4574, rec_loss 0.0229, lpips_loss 0.1726, g_loss -0.1644, disc_weight 0.4000, disc_adaptive_weight 3.9751, d_loss 0.4150, logits_real 0.1632, logits_fake 0.1643,
Train Epoch: [1/5] Iters:[1460/20018] gen_loss -0.4885, rec_loss 0.0227, lpips_loss 0.1728, g_loss -0.1635, disc_weight 0.4000, disc_adaptive_weight 4.1838, d_loss 0.4147, logits_real 0.1624, logits_fake 0.1635,
Train Epoch: [1/5] Iters:[1470/20018] gen_loss -0.4823, rec_loss 0.0227, lpips_loss 0.1719, g_loss -0.1628, disc_weight 0.4000, disc_adaptive_weight 4.1574, d_loss 0.4145, logits_real 0.1616, logits_fake 0.1628,
Train Epoch: [1/5] Iters:[1480/20018] gen_loss -0.4410, rec_loss 0.0230, lpips_loss 0.1713, g_loss -0.1620, disc_weight 0.4000, disc_adaptive_weight 3.9191, d_loss 0.4143, logits_real 0.1609, logits_fake 0.1619,
Train Epoch: [1/5] Iters:[1490/20018] gen_loss -0.4374, rec_loss 0.0230, lpips_loss 0.1716, g_loss -0.1612, disc_weight 0.4000, disc_adaptive_weight 3.9209, d_loss 0.4142, logits_real 0.1602, logits_fake 0.1612,
Train Epoch: [1/5] Iters:[1500/20018] gen_loss -0.4545, rec_loss 0.0228, lpips_loss 0.1714, g_loss -0.1605, disc_weight 0.4000, disc_adaptive_weight 4.0455, d_loss 0.4142, logits_real 0.1595, logits_fake 0.1605,
Train Epoch: [1/5] Iters:[1510/20018] gen_loss -0.4442, rec_loss 0.0234, lpips_loss 0.1726, g_loss -0.1598, disc_weight 0.4000, disc_adaptive_weight 4.0093, d_loss 0.4140, logits_real 0.1587, logits_fake 0.1596,
Train Epoch: [1/5] Iters:[1520/20018] gen_loss -0.4313, rec_loss 0.0236, lpips_loss 0.1729, g_loss -0.1589, disc_weight 0.4000, disc_adaptive_weight 3.9509, d_loss 0.4138, logits_real 0.1579, logits_fake 0.1589,
Train Epoch: [1/5] Iters:[1530/20018] gen_loss -0.4424, rec_loss 0.0235, lpips_loss 0.1739, g_loss -0.1583, disc_weight 0.4000, disc_adaptive_weight 4.0426, d_loss 0.4136, logits_real 0.1573, logits_fake 0.1584,
Train Epoch: [1/5] Iters:[1540/20018] gen_loss -0.4392, rec_loss 0.0240, lpips_loss 0.1742, g_loss -0.1579, disc_weight 0.4000, disc_adaptive_weight 4.0376, d_loss 0.4135, logits_real 0.1568, logits_fake 0.1579,
