dataset_dir: /projects/yuanai/data/
dataset_name: CelebAHQ
global_batch_size: 64
workers: 6
resolution: 256
channels: 3
ms_patch_size: 1_2_3_4_5_6_8_10_13_16
importance: (1, 1, 1, 2, 2, 2, 3, 3, 5, 5)
max_patch_size: 16
codebook_size: 16384
codebook_dim: 16
project_dim: 16
pq: 1
L: 4
alpha: 1.0
beta: 0.2
gamma: 1.0
disc_weight: 0.4
lecam_loss_weight: 0.001
disc_cr_loss_weight: 4.0
VQ: wasserstein_vq
use_multiscale: False
transplant_epochs: 30
refinement_epochs: 30
eval_epochs: 5
disc_epoch: 1
lr_transplant: 0.0001
lr_refinement: 1e-05
dropout: 0.0
seed: 3407
weight_decay: 1e-05
stage: refinement
path: bc
checkpoint_dir: /projects/yuanai/projects/VQ-Transplant3/checkpoint/Refinement/CelebAHQ
results_dir: /projects/yuanai/projects/VQ-Transplant3/results/Refinement/CelebAHQ
saver_dir: /projects/yuanai/projects/VQ-Transplant3/saver/Refinement/CelebAHQ
reconstruction_dir: /projects/yuanai/projects/VQ-Transplant3/reconstruction/Refinement/CelebAHQ
yaml_dir: /projects/yuanai/projects/VQ-Transplant3/yaml/Refinement/CelebAHQ
pretrained_tokenizer: /projects/yuanai/projects/VQ-Transplant3/pretrained_tokenizer/vae_ch160v4096z32.pth
checkpoint_name: checkpoint-wasserstein_vq_transplant_False_CelebAHQ_model_16384_16_1_loss_1.0_0.2_1.0_0.3.pth.tar
nnodes: -1
node_rank: -1
local_rank: 0
dist_url: tcp://224.66.41.62:23456
dist_backend: nccl
world_size: 2
batch_size: 32
ms_token_size: (1, 2, 3, 4, 5, 6, 8, 10, 13, 16)
init_checkpoint_dir: /projects/yuanai/projects/VQ-Transplant3/checkpoint/
data_pre: CelebAHQ
model_pre: model_16384_16_1
loss_pre: loss_1.0_0.2_1.0_0.4
training_pre: wasserstein_vq_refinement_False
saver_name_pre: wasserstein_vq_refinement_False_CelebAHQ_model_16384_16_1_loss_1.0_0.2_1.0_0.4
| distributed init (rank 1): env://
| distributed init (rank 0): env://
VQ Model Parameters: 108761795
loaded pretrained LPIPS loss from /projects/yuanai/projects/VQ-Transplant3/code/models/cache/vgg.pth
dataset name: CelebAHQ
len train_set: 30000
len val_set: 30000
Start training...
epoch:1, cur_lr:0.000010
Train Epoch: [1/30] Iters:[10/468] gen_loss 5.9817, rec_loss 0.0158, lpips_loss 0.1743, g_loss 0.4085, disc_weight 0.4000, disc_adaptive_weight 13.4974, d_loss 2.6966, logits_real -0.2927, logits_fake -0.4134,
Train Epoch: [1/30] Iters:[20/468] gen_loss 11.3945, rec_loss 0.0361, lpips_loss 0.3076, g_loss 0.4937, disc_weight 0.4000, disc_adaptive_weight 20.8378, d_loss 2.4240, logits_real -0.2900, logits_fake -0.4983,
Train Epoch: [1/30] Iters:[30/468] gen_loss 13.7958, rec_loss 0.0659, lpips_loss 0.3903, g_loss 0.5201, disc_weight 0.4000, disc_adaptive_weight 24.2953, d_loss 2.2199, logits_real -0.2894, logits_fake -0.5232,
Train Epoch: [1/30] Iters:[40/468] gen_loss 13.3611, rec_loss 0.0948, lpips_loss 0.4456, g_loss 0.5197, disc_weight 0.4000, disc_adaptive_weight 23.6643, d_loss 2.0507, logits_real -0.2877, logits_fake -0.5215,
Train Epoch: [1/30] Iters:[50/468] gen_loss 12.8763, rec_loss 0.1176, lpips_loss 0.4813, g_loss 0.5134, disc_weight 0.4000, disc_adaptive_weight 23.0808, d_loss 1.9043, logits_real -0.2860, logits_fake -0.5130,
Train Epoch: [1/30] Iters:[60/468] gen_loss 13.2748, rec_loss 0.1488, lpips_loss 0.5659, g_loss 0.5207, disc_weight 0.4000, disc_adaptive_weight 23.5996, d_loss 1.5994, logits_real -0.2831, logits_fake -0.5181,
Train Epoch: [1/30] Iters:[70/468] gen_loss 11.4935, rec_loss 0.1740, lpips_loss 0.6017, g_loss 0.4893, disc_weight 0.4000, disc_adaptive_weight 21.3412, d_loss 1.3787, logits_real -0.2800, logits_fake -0.4848,
Train Epoch: [1/30] Iters:[80/468] gen_loss 9.7883, rec_loss 0.1925, lpips_loss 0.6218, g_loss 0.4467, disc_weight 0.4000, disc_adaptive_weight 20.2596, d_loss 1.2115, logits_real -0.2764, logits_fake -0.4439,
Train Epoch: [1/30] Iters:[90/468] gen_loss 9.3910, rec_loss 0.1939, lpips_loss 0.6298, g_loss 0.4023, disc_weight 0.4000, disc_adaptive_weight 22.1356, d_loss 1.0853, logits_real -0.2734, logits_fake -0.3996,
Train Epoch: [1/30] Iters:[100/468] gen_loss 9.0069, rec_loss 0.1836, lpips_loss 0.6387, g_loss 0.3515, disc_weight 0.4000, disc_adaptive_weight 24.9918, d_loss 0.9887, logits_real -0.2703, logits_fake -0.3513,
Train Epoch: [1/30] Iters:[110/468] gen_loss 8.7003, rec_loss 0.1720, lpips_loss 0.6513, g_loss 0.3099, disc_weight 0.4000, disc_adaptive_weight 26.6795, d_loss 0.9139, logits_real -0.2668, logits_fake -0.3102,
Train Epoch: [1/30] Iters:[120/468] gen_loss 7.9018, rec_loss 0.1536, lpips_loss 0.6535, g_loss 0.2752, disc_weight 0.4000, disc_adaptive_weight 25.8678, d_loss 0.8573, logits_real -0.2642, logits_fake -0.2767,
Train Epoch: [1/30] Iters:[130/468] gen_loss 6.9624, rec_loss 0.1255, lpips_loss 0.6418, g_loss 0.2533, disc_weight 0.4000, disc_adaptive_weight 24.4468, d_loss 0.8091, logits_real -0.2617, logits_fake -0.2523,
Train Epoch: [1/30] Iters:[140/468] gen_loss 6.7932, rec_loss 0.1030, lpips_loss 0.6313, g_loss 0.2403, disc_weight 0.4000, disc_adaptive_weight 25.5877, d_loss 0.7691, logits_real -0.2593, logits_fake -0.2394,
Train Epoch: [1/30] Iters:[150/468] gen_loss 5.6599, rec_loss 0.0856, lpips_loss 0.6134, g_loss 0.2409, disc_weight 0.4000, disc_adaptive_weight 20.8600, d_loss 0.7401, logits_real -0.2571, logits_fake -0.2392,
Train Epoch: [1/30] Iters:[160/468] gen_loss 5.4011, rec_loss 0.0739, lpips_loss 0.5901, g_loss 0.2409, disc_weight 0.4000, disc_adaptive_weight 19.8071, d_loss 0.7153, logits_real -0.2553, logits_fake -0.2401,
Train Epoch: [1/30] Iters:[170/468] gen_loss 5.5465, rec_loss 0.0668, lpips_loss 0.5734, g_loss 0.2349, disc_weight 0.4000, disc_adaptive_weight 20.9121, d_loss 0.6915, logits_real -0.2531, logits_fake -0.2341,
Train Epoch: [1/30] Iters:[180/468] gen_loss 4.8653, rec_loss 0.0614, lpips_loss 0.5633, g_loss 0.2275, disc_weight 0.4000, disc_adaptive_weight 18.4585, d_loss 0.6727, logits_real -0.2501, logits_fake -0.2270,
Train Epoch: [1/30] Iters:[190/468] gen_loss 3.3493, rec_loss 0.0548, lpips_loss 0.5450, g_loss 0.2237, disc_weight 0.4000, disc_adaptive_weight 12.1120, d_loss 0.6545, logits_real -0.2462, logits_fake -0.2234,
Train Epoch: [1/30] Iters:[200/468] gen_loss 3.2107, rec_loss 0.0470, lpips_loss 0.5137, g_loss 0.2208, disc_weight 0.4000, disc_adaptive_weight 11.8150, d_loss 0.6412, logits_real -0.2414, logits_fake -0.2205,
Train Epoch: [1/30] Iters:[210/468] gen_loss 2.8718, rec_loss 0.0412, lpips_loss 0.4739, g_loss 0.2168, disc_weight 0.4000, disc_adaptive_weight 10.7895, d_loss 0.6318, logits_real -0.2361, logits_fake -0.2161,
Train Epoch: [1/30] Iters:[220/468] gen_loss 2.4188, rec_loss 0.0347, lpips_loss 0.4198, g_loss 0.2158, disc_weight 0.4000, disc_adaptive_weight 9.0616, d_loss 0.6269, logits_real -0.2307, logits_fake -0.2149,
Train Epoch: [1/30] Iters:[230/468] gen_loss 2.7818, rec_loss 0.0277, lpips_loss 0.3527, g_loss 0.2168, disc_weight 0.4000, disc_adaptive_weight 11.0338, d_loss 0.6207, logits_real -0.2262, logits_fake -0.2163,
Train Epoch: [1/30] Iters:[240/468] gen_loss 2.9609, rec_loss 0.0222, lpips_loss 0.2894, g_loss 0.2165, disc_weight 0.4000, disc_adaptive_weight 12.2155, d_loss 0.6180, logits_real -0.2229, logits_fake -0.2160,
Train Epoch: [1/30] Iters:[250/468] gen_loss 2.7547, rec_loss 0.0188, lpips_loss 0.2397, g_loss 0.2138, disc_weight 0.4000, disc_adaptive_weight 11.6067, d_loss 0.6125, logits_real -0.2207, logits_fake -0.2137,
Train Epoch: [1/30] Iters:[260/468] gen_loss 2.3784, rec_loss 0.0161, lpips_loss 0.2034, g_loss 0.2124, disc_weight 0.4000, disc_adaptive_weight 10.1052, d_loss 0.6056, logits_real -0.2194, logits_fake -0.2125,
Train Epoch: [1/30] Iters:[270/468] gen_loss 2.1110, rec_loss 0.0142, lpips_loss 0.1789, g_loss 0.2124, disc_weight 0.4000, disc_adaptive_weight 8.9765, d_loss 0.5979, logits_real -0.2188, logits_fake -0.2123,
Train Epoch: [1/30] Iters:[280/468] gen_loss 1.5768, rec_loss 0.0134, lpips_loss 0.1665, g_loss 0.2117, disc_weight 0.4000, disc_adaptive_weight 6.6041, d_loss 0.5911, logits_real -0.2182, logits_fake -0.2117,
Train Epoch: [1/30] Iters:[290/468] gen_loss 1.3151, rec_loss 0.0127, lpips_loss 0.1576, g_loss 0.2120, disc_weight 0.4000, disc_adaptive_weight 5.4064, d_loss 0.5831, logits_real -0.2177, logits_fake -0.2121,
Train Epoch: [1/30] Iters:[300/468] gen_loss 1.2283, rec_loss 0.0120, lpips_loss 0.1519, g_loss 0.2125, disc_weight 0.4000, disc_adaptive_weight 5.0134, d_loss 0.5756, logits_real -0.2172, logits_fake -0.2128,
Train Epoch: [1/30] Iters:[310/468] gen_loss 1.1179, rec_loss 0.0116, lpips_loss 0.1484, g_loss 0.2125, disc_weight 0.4000, disc_adaptive_weight 4.5067, d_loss 0.5680, logits_real -0.2166, logits_fake -0.2128,
Train Epoch: [1/30] Iters:[320/468] gen_loss 1.0953, rec_loss 0.0114, lpips_loss 0.1462, g_loss 0.2120, disc_weight 0.4000, disc_adaptive_weight 4.4205, d_loss 0.5612, logits_real -0.2160, logits_fake -0.2125,
Train Epoch: [1/30] Iters:[330/468] gen_loss 1.0448, rec_loss 0.0111, lpips_loss 0.1453, g_loss 0.2112, disc_weight 0.4000, disc_adaptive_weight 4.2044, d_loss 0.5541, logits_real -0.2154, logits_fake -0.2119,
Train Epoch: [1/30] Iters:[340/468] gen_loss 1.0074, rec_loss 0.0112, lpips_loss 0.1454, g_loss 0.2110, disc_weight 0.4000, disc_adaptive_weight 4.0309, d_loss 0.5478, logits_real -0.2146, logits_fake -0.2116,
Train Epoch: [1/30] Iters:[350/468] gen_loss 0.9537, rec_loss 0.0113, lpips_loss 0.1457, g_loss 0.2108, disc_weight 0.4000, disc_adaptive_weight 3.7786, d_loss 0.5424, logits_real -0.2139, logits_fake -0.2113,
Train Epoch: [1/30] Iters:[360/468] gen_loss 0.9490, rec_loss 0.0112, lpips_loss 0.1453, g_loss 0.2103, disc_weight 0.4000, disc_adaptive_weight 3.7692, d_loss 0.5366, logits_real -0.2131, logits_fake -0.2108,
Train Epoch: [1/30] Iters:[370/468] gen_loss 0.9770, rec_loss 0.0112, lpips_loss 0.1453, g_loss 0.2094, disc_weight 0.4000, disc_adaptive_weight 3.9209, d_loss 0.5313, logits_real -0.2122, logits_fake -0.2100,
Train Epoch: [1/30] Iters:[380/468] gen_loss 1.0094, rec_loss 0.0112, lpips_loss 0.1452, g_loss 0.2080, disc_weight 0.4000, disc_adaptive_weight 4.1015, d_loss 0.5262, logits_real -0.2116, logits_fake -0.2084,
Train Epoch: [1/30] Iters:[390/468] gen_loss 1.0334, rec_loss 0.0111, lpips_loss 0.1447, g_loss 0.2065, disc_weight 0.4000, disc_adaptive_weight 4.2515, d_loss 0.5221, logits_real -0.2109, logits_fake -0.2070,
Train Epoch: [1/30] Iters:[400/468] gen_loss 1.0585, rec_loss 0.0110, lpips_loss 0.1442, g_loss 0.2050, disc_weight 0.4000, disc_adaptive_weight 4.4056, d_loss 0.5175, logits_real -0.2103, logits_fake -0.2053,
Train Epoch: [1/30] Iters:[410/468] gen_loss 1.1133, rec_loss 0.0112, lpips_loss 0.1447, g_loss 0.2037, disc_weight 0.4000, disc_adaptive_weight 4.6979, d_loss 0.5138, logits_real -0.2097, logits_fake -0.2041,
Train Epoch: [1/30] Iters:[420/468] gen_loss 1.1216, rec_loss 0.0113, lpips_loss 0.1457, g_loss 0.2031, disc_weight 0.4000, disc_adaptive_weight 4.7472, d_loss 0.5101, logits_real -0.2091, logits_fake -0.2032,
Train Epoch: [1/30] Iters:[430/468] gen_loss 1.1352, rec_loss 0.0114, lpips_loss 0.1461, g_loss 0.2027, disc_weight 0.4000, disc_adaptive_weight 4.8198, d_loss 0.5069, logits_real -0.2085, logits_fake -0.2028,
Train Epoch: [1/30] Iters:[440/468] gen_loss 1.0923, rec_loss 0.0115, lpips_loss 0.1467, g_loss 0.2020, disc_weight 0.4000, disc_adaptive_weight 4.6213, d_loss 0.5026, logits_real -0.2079, logits_fake -0.2019,
Train Epoch: [1/30] Iters:[450/468] gen_loss 1.1097, rec_loss 0.0116, lpips_loss 0.1470, g_loss 0.2017, disc_weight 0.4000, disc_adaptive_weight 4.7128, d_loss 0.4993, logits_real -0.2071, logits_fake -0.2014,
Train Epoch: [1/30] Iters:[460/468] gen_loss 1.0918, rec_loss 0.0116, lpips_loss 0.1471, g_loss 0.2014, disc_weight 0.4000, disc_adaptive_weight 4.6333, d_loss 0.4958, logits_real -0.2065, logits_fake -0.2008,
epoch:2, cur_lr:0.000010
Train Epoch: [2/30] Iters:[10/468] gen_loss 0.9563, rec_loss 0.0117, lpips_loss 0.1470, g_loss 0.1981, disc_weight 0.4000, disc_adaptive_weight 4.0235, d_loss 0.4848, logits_real -0.2042, logits_fake -0.1982,
Train Epoch: [2/30] Iters:[20/468] gen_loss 1.0656, rec_loss 0.0117, lpips_loss 0.1475, g_loss 0.1986, disc_weight 0.4000, disc_adaptive_weight 4.5624, d_loss 0.4827, logits_real -0.2035, logits_fake -0.1987,
Train Epoch: [2/30] Iters:[30/468] gen_loss 1.1562, rec_loss 0.0116, lpips_loss 0.1471, g_loss 0.1979, disc_weight 0.4000, disc_adaptive_weight 5.0384, d_loss 0.4815, logits_real -0.2030, logits_fake -0.1979,
Train Epoch: [2/30] Iters:[40/468] gen_loss 1.1505, rec_loss 0.0115, lpips_loss 0.1469, g_loss 0.1969, disc_weight 0.4000, disc_adaptive_weight 5.0362, d_loss 0.4805, logits_real -0.2027, logits_fake -0.1969,
Train Epoch: [2/30] Iters:[50/468] gen_loss 1.1945, rec_loss 0.0115, lpips_loss 0.1468, g_loss 0.1968, disc_weight 0.4000, disc_adaptive_weight 5.2653, d_loss 0.4791, logits_real -0.2025, logits_fake -0.1966,
Train Epoch: [2/30] Iters:[60/468] gen_loss 1.2742, rec_loss 0.0115, lpips_loss 0.1473, g_loss 0.1962, disc_weight 0.4000, disc_adaptive_weight 5.6857, d_loss 0.4762, logits_real -0.2018, logits_fake -0.1959,
Train Epoch: [2/30] Iters:[70/468] gen_loss 1.3127, rec_loss 0.0116, lpips_loss 0.1480, g_loss 0.1953, disc_weight 0.4000, disc_adaptive_weight 5.9007, d_loss 0.4739, logits_real -0.2013, logits_fake -0.1950,
Train Epoch: [2/30] Iters:[80/468] gen_loss 1.2249, rec_loss 0.0115, lpips_loss 0.1487, g_loss 0.1946, disc_weight 0.4000, disc_adaptive_weight 5.4670, d_loss 0.4715, logits_real -0.2007, logits_fake -0.1943,
Train Epoch: [2/30] Iters:[90/468] gen_loss 1.2289, rec_loss 0.0116, lpips_loss 0.1493, g_loss 0.1945, disc_weight 0.4000, disc_adaptive_weight 5.4876, d_loss 0.4688, logits_real -0.2000, logits_fake -0.1943,
Train Epoch: [2/30] Iters:[100/468] gen_loss 1.1756, rec_loss 0.0116, lpips_loss 0.1497, g_loss 0.1938, disc_weight 0.4000, disc_adaptive_weight 5.2302, d_loss 0.4663, logits_real -0.1992, logits_fake -0.1938,
Train Epoch: [2/30] Iters:[110/468] gen_loss 1.0935, rec_loss 0.0117, lpips_loss 0.1500, g_loss 0.1933, disc_weight 0.4000, disc_adaptive_weight 4.8149, d_loss 0.4643, logits_real -0.1985, logits_fake -0.1935,
Train Epoch: [2/30] Iters:[120/468] gen_loss 1.0308, rec_loss 0.0116, lpips_loss 0.1496, g_loss 0.1932, disc_weight 0.4000, disc_adaptive_weight 4.4998, d_loss 0.4621, logits_real -0.1978, logits_fake -0.1930,
Train Epoch: [2/30] Iters:[130/468] gen_loss 1.0608, rec_loss 0.0117, lpips_loss 0.1494, g_loss 0.1927, disc_weight 0.4000, disc_adaptive_weight 4.6654, d_loss 0.4601, logits_real -0.1970, logits_fake -0.1928,
Train Epoch: [2/30] Iters:[140/468] gen_loss 1.0475, rec_loss 0.0117, lpips_loss 0.1496, g_loss 0.1919, disc_weight 0.4000, disc_adaptive_weight 4.6178, d_loss 0.4582, logits_real -0.1962, logits_fake -0.1919,
Train Epoch: [2/30] Iters:[150/468] gen_loss 1.0566, rec_loss 0.0117, lpips_loss 0.1494, g_loss 0.1909, disc_weight 0.4000, disc_adaptive_weight 4.6932, d_loss 0.4563, logits_real -0.1954, logits_fake -0.1910,
Train Epoch: [2/30] Iters:[160/468] gen_loss 1.0877, rec_loss 0.0116, lpips_loss 0.1491, g_loss 0.1898, disc_weight 0.4000, disc_adaptive_weight 4.8850, d_loss 0.4547, logits_real -0.1945, logits_fake -0.1897,
Train Epoch: [2/30] Iters:[170/468] gen_loss 1.1220, rec_loss 0.0116, lpips_loss 0.1488, g_loss 0.1884, disc_weight 0.4000, disc_adaptive_weight 5.1068, d_loss 0.4530, logits_real -0.1936, logits_fake -0.1888,
Train Epoch: [2/30] Iters:[180/468] gen_loss 1.1354, rec_loss 0.0117, lpips_loss 0.1488, g_loss 0.1873, disc_weight 0.4000, disc_adaptive_weight 5.2048, d_loss 0.4514, logits_real -0.1930, logits_fake -0.1877,
Train Epoch: [2/30] Iters:[190/468] gen_loss 1.1226, rec_loss 0.0117, lpips_loss 0.1488, g_loss 0.1869, disc_weight 0.4000, disc_adaptive_weight 5.1471, d_loss 0.4499, logits_real -0.1923, logits_fake -0.1871,
Train Epoch: [2/30] Iters:[200/468] gen_loss 1.0876, rec_loss 0.0118, lpips_loss 0.1487, g_loss 0.1864, disc_weight 0.4000, disc_adaptive_weight 4.9727, d_loss 0.4489, logits_real -0.1916, logits_fake -0.1865,
Train Epoch: [2/30] Iters:[210/468] gen_loss 1.0591, rec_loss 0.0116, lpips_loss 0.1481, g_loss 0.1857, disc_weight 0.4000, disc_adaptive_weight 4.8397, d_loss 0.4475, logits_real -0.1911, logits_fake -0.1858,
Train Epoch: [2/30] Iters:[220/468] gen_loss 0.9861, rec_loss 0.0115, lpips_loss 0.1480, g_loss 0.1854, disc_weight 0.4000, disc_adaptive_weight 4.4583, d_loss 0.4460, logits_real -0.1907, logits_fake -0.1851,
Train Epoch: [2/30] Iters:[230/468] gen_loss 0.9788, rec_loss 0.0113, lpips_loss 0.1479, g_loss 0.1849, disc_weight 0.4000, disc_adaptive_weight 4.4327, d_loss 0.4446, logits_real -0.1901, logits_fake -0.1846,
Train Epoch: [2/30] Iters:[240/468] gen_loss 0.9936, rec_loss 0.0113, lpips_loss 0.1475, g_loss 0.1838, disc_weight 0.4000, disc_adaptive_weight 4.5425, d_loss 0.4432, logits_real -0.1894, logits_fake -0.1839,
Train Epoch: [2/30] Iters:[250/468] gen_loss 1.0173, rec_loss 0.0112, lpips_loss 0.1477, g_loss 0.1831, disc_weight 0.4000, disc_adaptive_weight 4.6888, d_loss 0.4419, logits_real -0.1888, logits_fake -0.1831,
Train Epoch: [2/30] Iters:[260/468] gen_loss 1.0154, rec_loss 0.0113, lpips_loss 0.1480, g_loss 0.1825, disc_weight 0.4000, disc_adaptive_weight 4.6904, d_loss 0.4409, logits_real -0.1879, logits_fake -0.1823,
Train Epoch: [2/30] Iters:[270/468] gen_loss 1.0392, rec_loss 0.0114, lpips_loss 0.1479, g_loss 0.1817, disc_weight 0.4000, disc_adaptive_weight 4.8366, d_loss 0.4399, logits_real -0.1871, logits_fake -0.1816,
Train Epoch: [2/30] Iters:[280/468] gen_loss 1.0456, rec_loss 0.0113, lpips_loss 0.1473, g_loss 0.1810, disc_weight 0.4000, disc_adaptive_weight 4.8958, d_loss 0.4389, logits_real -0.1863, logits_fake -0.1807,
Train Epoch: [2/30] Iters:[290/468] gen_loss 1.0661, rec_loss 0.0113, lpips_loss 0.1470, g_loss 0.1804, disc_weight 0.4000, disc_adaptive_weight 5.0297, d_loss 0.4378, logits_real -0.1854, logits_fake -0.1799,
Train Epoch: [2/30] Iters:[300/468] gen_loss 1.0643, rec_loss 0.0113, lpips_loss 0.1467, g_loss 0.1795, disc_weight 0.4000, disc_adaptive_weight 5.0501, d_loss 0.4368, logits_real -0.1846, logits_fake -0.1792,
Train Epoch: [2/30] Iters:[310/468] gen_loss 1.1340, rec_loss 0.0113, lpips_loss 0.1470, g_loss 0.1789, disc_weight 0.4000, disc_adaptive_weight 5.4536, d_loss 0.4357, logits_real -0.1840, logits_fake -0.1786,
Train Epoch: [2/30] Iters:[320/468] gen_loss 1.2452, rec_loss 0.0113, lpips_loss 0.1472, g_loss 0.1780, disc_weight 0.4000, disc_adaptive_weight 6.1089, d_loss 0.4347, logits_real -0.1833, logits_fake -0.1779,
Train Epoch: [2/30] Iters:[330/468] gen_loss 1.2917, rec_loss 0.0114, lpips_loss 0.1481, g_loss 0.1773, disc_weight 0.4000, disc_adaptive_weight 6.3858, d_loss 0.4340, logits_real -0.1827, logits_fake -0.1773,
Train Epoch: [2/30] Iters:[340/468] gen_loss 1.3034, rec_loss 0.0116, lpips_loss 0.1486, g_loss 0.1768, disc_weight 0.4000, disc_adaptive_weight 6.4638, d_loss 0.4334, logits_real -0.1823, logits_fake -0.1766,
Train Epoch: [2/30] Iters:[350/468] gen_loss 1.3116, rec_loss 0.0117, lpips_loss 0.1488, g_loss 0.1765, disc_weight 0.4000, disc_adaptive_weight 6.5159, d_loss 0.4328, logits_real -0.1819, logits_fake -0.1761,
Train Epoch: [2/30] Iters:[360/468] gen_loss 1.2509, rec_loss 0.0117, lpips_loss 0.1483, g_loss 0.1759, disc_weight 0.4000, disc_adaptive_weight 6.1951, d_loss 0.4319, logits_real -0.1815, logits_fake -0.1758,
Train Epoch: [2/30] Iters:[370/468] gen_loss 1.1344, rec_loss 0.0116, lpips_loss 0.1479, g_loss 0.1757, disc_weight 0.4000, disc_adaptive_weight 5.5420, d_loss 0.4311, logits_real -0.1811, logits_fake -0.1756,
Train Epoch: [2/30] Iters:[380/468] gen_loss 1.0815, rec_loss 0.0116, lpips_loss 0.1475, g_loss 0.1753, disc_weight 0.4000, disc_adaptive_weight 5.2604, d_loss 0.4303, logits_real -0.1807, logits_fake -0.1752,
Train Epoch: [2/30] Iters:[390/468] gen_loss 0.9877, rec_loss 0.0114, lpips_loss 0.1471, g_loss 0.1745, disc_weight 0.4000, disc_adaptive_weight 4.7471, d_loss 0.4295, logits_real -0.1801, logits_fake -0.1748,
Train Epoch: [2/30] Iters:[400/468] gen_loss 0.9462, rec_loss 0.0113, lpips_loss 0.1472, g_loss 0.1739, disc_weight 0.4000, disc_adaptive_weight 4.5275, d_loss 0.4287, logits_real -0.1795, logits_fake -0.1742,
Train Epoch: [2/30] Iters:[410/468] gen_loss 0.9531, rec_loss 0.0112, lpips_loss 0.1468, g_loss 0.1734, disc_weight 0.4000, disc_adaptive_weight 4.5840, d_loss 0.4281, logits_real -0.1788, logits_fake -0.1733,
Train Epoch: [2/30] Iters:[420/468] gen_loss 0.9835, rec_loss 0.0114, lpips_loss 0.1470, g_loss 0.1726, disc_weight 0.4000, disc_adaptive_weight 4.7786, d_loss 0.4276, logits_real -0.1781, logits_fake -0.1725,
Train Epoch: [2/30] Iters:[430/468] gen_loss 0.9552, rec_loss 0.0113, lpips_loss 0.1466, g_loss 0.1720, disc_weight 0.4000, disc_adaptive_weight 4.6362, d_loss 0.4271, logits_real -0.1775, logits_fake -0.1718,
Train Epoch: [2/30] Iters:[440/468] gen_loss 1.0003, rec_loss 0.0113, lpips_loss 0.1465, g_loss 0.1715, disc_weight 0.4000, disc_adaptive_weight 4.9097, d_loss 0.4266, logits_real -0.1769, logits_fake -0.1713,
Train Epoch: [2/30] Iters:[450/468] gen_loss 1.0153, rec_loss 0.0115, lpips_loss 0.1465, g_loss 0.1709, disc_weight 0.4000, disc_adaptive_weight 5.0140, d_loss 0.4260, logits_real -0.1761, logits_fake -0.1708,
Train Epoch: [2/30] Iters:[460/468] gen_loss 1.0396, rec_loss 0.0115, lpips_loss 0.1468, g_loss 0.1701, disc_weight 0.4000, disc_adaptive_weight 5.1841, d_loss 0.4255, logits_real -0.1754, logits_fake -0.1703,
epoch:3, cur_lr:0.000010
Train Epoch: [3/30] Iters:[10/468] gen_loss 1.2192, rec_loss 0.0114, lpips_loss 0.1488, g_loss 0.1662, disc_weight 0.4000, disc_adaptive_weight 6.3700, d_loss 0.4236, logits_real -0.1724, logits_fake -0.1661,
Train Epoch: [3/30] Iters:[20/468] gen_loss 1.1719, rec_loss 0.0116, lpips_loss 0.1486, g_loss 0.1662, disc_weight 0.4000, disc_adaptive_weight 6.0874, d_loss 0.4233, logits_real -0.1724, logits_fake -0.1663,
Train Epoch: [3/30] Iters:[30/468] gen_loss 1.0993, rec_loss 0.0114, lpips_loss 0.1489, g_loss 0.1660, disc_weight 0.4000, disc_adaptive_weight 5.6551, d_loss 0.4227, logits_real -0.1719, logits_fake -0.1662,
Train Epoch: [3/30] Iters:[40/468] gen_loss 1.0719, rec_loss 0.0115, lpips_loss 0.1485, g_loss 0.1661, disc_weight 0.4000, disc_adaptive_weight 5.4901, d_loss 0.4224, logits_real -0.1718, logits_fake -0.1663,
Train Epoch: [3/30] Iters:[50/468] gen_loss 1.0747, rec_loss 0.0114, lpips_loss 0.1477, g_loss 0.1660, disc_weight 0.4000, disc_adaptive_weight 5.5139, d_loss 0.4221, logits_real -0.1717, logits_fake -0.1662,
Train Epoch: [3/30] Iters:[60/468] gen_loss 1.0286, rec_loss 0.0115, lpips_loss 0.1472, g_loss 0.1657, disc_weight 0.4000, disc_adaptive_weight 5.2475, d_loss 0.4217, logits_real -0.1714, logits_fake -0.1661,
Train Epoch: [3/30] Iters:[70/468] gen_loss 1.0118, rec_loss 0.0114, lpips_loss 0.1470, g_loss 0.1656, disc_weight 0.4000, disc_adaptive_weight 5.1539, d_loss 0.4212, logits_real -0.1710, logits_fake -0.1657,
Train Epoch: [3/30] Iters:[80/468] gen_loss 0.9899, rec_loss 0.0114, lpips_loss 0.1460, g_loss 0.1653, disc_weight 0.4000, disc_adaptive_weight 5.0343, d_loss 0.4210, logits_real -0.1707, logits_fake -0.1653,
Train Epoch: [3/30] Iters:[90/468] gen_loss 1.0018, rec_loss 0.0113, lpips_loss 0.1458, g_loss 0.1650, disc_weight 0.4000, disc_adaptive_weight 5.1167, d_loss 0.4205, logits_real -0.1703, logits_fake -0.1651,
Train Epoch: [3/30] Iters:[100/468] gen_loss 0.9931, rec_loss 0.0114, lpips_loss 0.1465, g_loss 0.1645, disc_weight 0.4000, disc_adaptive_weight 5.0715, d_loss 0.4202, logits_real -0.1698, logits_fake -0.1646,
Train Epoch: [3/30] Iters:[110/468] gen_loss 1.0103, rec_loss 0.0113, lpips_loss 0.1465, g_loss 0.1643, disc_weight 0.4000, disc_adaptive_weight 5.1859, d_loss 0.4198, logits_real -0.1692, logits_fake -0.1643,
Train Epoch: [3/30] Iters:[120/468] gen_loss 1.0172, rec_loss 0.0113, lpips_loss 0.1464, g_loss 0.1637, disc_weight 0.4000, disc_adaptive_weight 5.2459, d_loss 0.4194, logits_real -0.1687, logits_fake -0.1639,
Train Epoch: [3/30] Iters:[130/468] gen_loss 1.0391, rec_loss 0.0115, lpips_loss 0.1470, g_loss 0.1634, disc_weight 0.4000, disc_adaptive_weight 5.3847, d_loss 0.4190, logits_real -0.1682, logits_fake -0.1636,
Train Epoch: [3/30] Iters:[140/468] gen_loss 1.0467, rec_loss 0.0116, lpips_loss 0.1473, g_loss 0.1631, disc_weight 0.4000, disc_adaptive_weight 5.4388, d_loss 0.4188, logits_real -0.1677, logits_fake -0.1630,
Train Epoch: [3/30] Iters:[150/468] gen_loss 1.0209, rec_loss 0.0116, lpips_loss 0.1468, g_loss 0.1628, disc_weight 0.4000, disc_adaptive_weight 5.2947, d_loss 0.4185, logits_real -0.1672, logits_fake -0.1624,
Train Epoch: [3/30] Iters:[160/468] gen_loss 0.9791, rec_loss 0.0116, lpips_loss 0.1467, g_loss 0.1622, disc_weight 0.4000, disc_adaptive_weight 5.0536, d_loss 0.4184, logits_real -0.1667, logits_fake -0.1617,
Train Epoch: [3/30] Iters:[170/468] gen_loss 0.9284, rec_loss 0.0116, lpips_loss 0.1463, g_loss 0.1618, disc_weight 0.4000, disc_adaptive_weight 4.7563, d_loss 0.4181, logits_real -0.1662, logits_fake -0.1610,
Train Epoch: [3/30] Iters:[180/468] gen_loss 0.9385, rec_loss 0.0114, lpips_loss 0.1453, g_loss 0.1612, disc_weight 0.4000, disc_adaptive_weight 4.8438, d_loss 0.4178, logits_real -0.1656, logits_fake -0.1605,
Train Epoch: [3/30] Iters:[190/468] gen_loss 0.8803, rec_loss 0.0112, lpips_loss 0.1449, g_loss 0.1603, disc_weight 0.4000, disc_adaptive_weight 4.5134, d_loss 0.4174, logits_real -0.1649, logits_fake -0.1599,
Train Epoch: [3/30] Iters:[200/468] gen_loss 0.8753, rec_loss 0.0111, lpips_loss 0.1447, g_loss 0.1598, disc_weight 0.4000, disc_adaptive_weight 4.4998, d_loss 0.4170, logits_real -0.1643, logits_fake -0.1595,
Train Epoch: [3/30] Iters:[210/468] gen_loss 0.8793, rec_loss 0.0110, lpips_loss 0.1442, g_loss 0.1593, disc_weight 0.4000, disc_adaptive_weight 4.5460, d_loss 0.4166, logits_real -0.1638, logits_fake -0.1592,
Train Epoch: [3/30] Iters:[220/468] gen_loss 0.8904, rec_loss 0.0110, lpips_loss 0.1442, g_loss 0.1587, disc_weight 0.4000, disc_adaptive_weight 4.6308, d_loss 0.4163, logits_real -0.1633, logits_fake -0.1588,
Train Epoch: [3/30] Iters:[230/468] gen_loss 0.9157, rec_loss 0.0110, lpips_loss 0.1446, g_loss 0.1582, disc_weight 0.4000, disc_adaptive_weight 4.8056, d_loss 0.4160, logits_real -0.1628, logits_fake -0.1583,
Train Epoch: [3/30] Iters:[240/468] gen_loss 1.0297, rec_loss 0.0110, lpips_loss 0.1446, g_loss 0.1578, disc_weight 0.4000, disc_adaptive_weight 5.5450, d_loss 0.4158, logits_real -0.1622, logits_fake -0.1576,
Train Epoch: [3/30] Iters:[250/468] gen_loss 1.1333, rec_loss 0.0112, lpips_loss 0.1448, g_loss 0.1570, disc_weight 0.4000, disc_adaptive_weight 6.2304, d_loss 0.4156, logits_real -0.1616, logits_fake -0.1569,
Train Epoch: [3/30] Iters:[260/468] gen_loss 1.2339, rec_loss 0.0113, lpips_loss 0.1454, g_loss 0.1564, disc_weight 0.4000, disc_adaptive_weight 6.8947, d_loss 0.4155, logits_real -0.1609, logits_fake -0.1561,
Train Epoch: [3/30] Iters:[270/468] gen_loss 1.2713, rec_loss 0.0115, lpips_loss 0.1462, g_loss 0.1556, disc_weight 0.4000, disc_adaptive_weight 7.1532, d_loss 0.4152, logits_real -0.1603, logits_fake -0.1554,
Train Epoch: [3/30] Iters:[280/468] gen_loss 1.2386, rec_loss 0.0116, lpips_loss 0.1466, g_loss 0.1549, disc_weight 0.4000, disc_adaptive_weight 6.9654, d_loss 0.4150, logits_real -0.1596, logits_fake -0.1548,
Train Epoch: [3/30] Iters:[290/468] gen_loss 1.1604, rec_loss 0.0115, lpips_loss 0.1470, g_loss 0.1543, disc_weight 0.4000, disc_adaptive_weight 6.4875, d_loss 0.4147, logits_real -0.1590, logits_fake -0.1541,
Train Epoch: [3/30] Iters:[300/468] gen_loss 1.0653, rec_loss 0.0115, lpips_loss 0.1471, g_loss 0.1538, disc_weight 0.4000, disc_adaptive_weight 5.8921, d_loss 0.4143, logits_real -0.1584, logits_fake -0.1538,
Train Epoch: [3/30] Iters:[310/468] gen_loss 0.9763, rec_loss 0.0114, lpips_loss 0.1474, g_loss 0.1532, disc_weight 0.4000, disc_adaptive_weight 5.3340, d_loss 0.4141, logits_real -0.1577, logits_fake -0.1532,
Train Epoch: [3/30] Iters:[320/468] gen_loss 0.9907, rec_loss 0.0115, lpips_loss 0.1474, g_loss 0.1527, disc_weight 0.4000, disc_adaptive_weight 5.4506, d_loss 0.4140, logits_real -0.1570, logits_fake -0.1527,
Train Epoch: [3/30] Iters:[330/468] gen_loss 1.0133, rec_loss 0.0115, lpips_loss 0.1478, g_loss 0.1519, disc_weight 0.4000, disc_adaptive_weight 5.6272, d_loss 0.4138, logits_real -0.1563, logits_fake -0.1520,
Train Epoch: [3/30] Iters:[340/468] gen_loss 1.0129, rec_loss 0.0115, lpips_loss 0.1481, g_loss 0.1511, disc_weight 0.4000, disc_adaptive_weight 5.6497, d_loss 0.4136, logits_real -0.1556, logits_fake -0.1513,
Train Epoch: [3/30] Iters:[350/468] gen_loss 1.0165, rec_loss 0.0114, lpips_loss 0.1480, g_loss 0.1503, disc_weight 0.4000, disc_adaptive_weight 5.7035, d_loss 0.4135, logits_real -0.1548, logits_fake -0.1504,
Train Epoch: [3/30] Iters:[360/468] gen_loss 0.9970, rec_loss 0.0115, lpips_loss 0.1480, g_loss 0.1495, disc_weight 0.4000, disc_adaptive_weight 5.5988, d_loss 0.4133, logits_real -0.1542, logits_fake -0.1497,
Train Epoch: [3/30] Iters:[370/468] gen_loss 0.9716, rec_loss 0.0113, lpips_loss 0.1473, g_loss 0.1490, disc_weight 0.4000, disc_adaptive_weight 5.4573, d_loss 0.4130, logits_real -0.1535, logits_fake -0.1491,
Train Epoch: [3/30] Iters:[380/468] gen_loss 0.9280, rec_loss 0.0113, lpips_loss 0.1468, g_loss 0.1485, disc_weight 0.4000, disc_adaptive_weight 5.1864, d_loss 0.4127, logits_real -0.1528, logits_fake -0.1487,
Train Epoch: [3/30] Iters:[390/468] gen_loss 0.9294, rec_loss 0.0112, lpips_loss 0.1465, g_loss 0.1478, disc_weight 0.4000, disc_adaptive_weight 5.2233, d_loss 0.4125, logits_real -0.1521, logits_fake -0.1480,
Train Epoch: [3/30] Iters:[400/468] gen_loss 0.9138, rec_loss 0.0113, lpips_loss 0.1462, g_loss 0.1472, disc_weight 0.4000, disc_adaptive_weight 5.1404, d_loss 0.4124, logits_real -0.1514, logits_fake -0.1474,
Train Epoch: [3/30] Iters:[410/468] gen_loss 0.9411, rec_loss 0.0113, lpips_loss 0.1458, g_loss 0.1466, disc_weight 0.4000, disc_adaptive_weight 5.3491, d_loss 0.4121, logits_real -0.1508, logits_fake -0.1468,
Train Epoch: [3/30] Iters:[420/468] gen_loss 0.9306, rec_loss 0.0114, lpips_loss 0.1462, g_loss 0.1459, disc_weight 0.4000, disc_adaptive_weight 5.2987, d_loss 0.4120, logits_real -0.1502, logits_fake -0.1462,
Train Epoch: [3/30] Iters:[430/468] gen_loss 0.9333, rec_loss 0.0114, lpips_loss 0.1461, g_loss 0.1454, disc_weight 0.4000, disc_adaptive_weight 5.3364, d_loss 0.4119, logits_real -0.1497, logits_fake -0.1455,
Train Epoch: [3/30] Iters:[440/468] gen_loss 0.9336, rec_loss 0.0114, lpips_loss 0.1461, g_loss 0.1450, disc_weight 0.4000, disc_adaptive_weight 5.3524, d_loss 0.4117, logits_real -0.1491, logits_fake -0.1450,
Train Epoch: [3/30] Iters:[450/468] gen_loss 0.9725, rec_loss 0.0115, lpips_loss 0.1462, g_loss 0.1446, disc_weight 0.4000, disc_adaptive_weight 5.6335, d_loss 0.4115, logits_real -0.1486, logits_fake -0.1447,
Train Epoch: [3/30] Iters:[460/468] gen_loss 0.9554, rec_loss 0.0115, lpips_loss 0.1461, g_loss 0.1441, disc_weight 0.4000, disc_adaptive_weight 5.5381, d_loss 0.4114, logits_real -0.1481, logits_fake -0.1440,
epoch:4, cur_lr:0.000010
Train Epoch: [4/30] Iters:[10/468] gen_loss 0.8703, rec_loss 0.0115, lpips_loss 0.1451, g_loss 0.1407, disc_weight 0.4000, disc_adaptive_weight 5.0724, d_loss 0.4108, logits_real -0.1442, logits_fake -0.1408,
Train Epoch: [4/30] Iters:[20/468] gen_loss 0.9424, rec_loss 0.0115, lpips_loss 0.1459, g_loss 0.1402, disc_weight 0.4000, disc_adaptive_weight 5.6025, d_loss 0.4109, logits_real -0.1443, logits_fake -0.1405,
Train Epoch: [4/30] Iters:[30/468] gen_loss 0.9674, rec_loss 0.0115, lpips_loss 0.1456, g_loss 0.1397, disc_weight 0.4000, disc_adaptive_weight 5.8049, d_loss 0.4108, logits_real -0.1436, logits_fake -0.1397,
Train Epoch: [4/30] Iters:[40/468] gen_loss 1.0228, rec_loss 0.0114, lpips_loss 0.1454, g_loss 0.1395, disc_weight 0.4000, disc_adaptive_weight 6.2139, d_loss 0.4107, logits_real -0.1434, logits_fake -0.1393,
Train Epoch: [4/30] Iters:[50/468] gen_loss 0.9966, rec_loss 0.0114, lpips_loss 0.1455, g_loss 0.1392, disc_weight 0.4000, disc_adaptive_weight 6.0350, d_loss 0.4106, logits_real -0.1432, logits_fake -0.1392,
Train Epoch: [4/30] Iters:[60/468] gen_loss 1.0374, rec_loss 0.0114, lpips_loss 0.1455, g_loss 0.1388, disc_weight 0.4000, disc_adaptive_weight 6.3433, d_loss 0.4105, logits_real -0.1429, logits_fake -0.1387,
Train Epoch: [4/30] Iters:[70/468] gen_loss 1.0702, rec_loss 0.0114, lpips_loss 0.1457, g_loss 0.1387, disc_weight 0.4000, disc_adaptive_weight 6.5829, d_loss 0.4104, logits_real -0.1427, logits_fake -0.1382,
Train Epoch: [4/30] Iters:[80/468] gen_loss 1.1205, rec_loss 0.0114, lpips_loss 0.1456, g_loss 0.1388, disc_weight 0.4000, disc_adaptive_weight 6.9378, d_loss 0.4103, logits_real -0.1429, logits_fake -0.1384,
Train Epoch: [4/30] Iters:[90/468] gen_loss 1.0856, rec_loss 0.0114, lpips_loss 0.1457, g_loss 0.1390, disc_weight 0.4000, disc_adaptive_weight 6.6772, d_loss 0.4102, logits_real -0.1432, logits_fake -0.1388,
Train Epoch: [4/30] Iters:[100/468] gen_loss 1.1469, rec_loss 0.0114, lpips_loss 0.1458, g_loss 0.1393, disc_weight 0.4000, disc_adaptive_weight 7.1078, d_loss 0.4101, logits_real -0.1434, logits_fake -0.1389,
Train Epoch: [4/30] Iters:[110/468] gen_loss 1.1911, rec_loss 0.0113, lpips_loss 0.1460, g_loss 0.1391, disc_weight 0.4000, disc_adaptive_weight 7.4352, d_loss 0.4100, logits_real -0.1434, logits_fake -0.1389,
Train Epoch: [4/30] Iters:[120/468] gen_loss 1.2258, rec_loss 0.0114, lpips_loss 0.1459, g_loss 0.1389, disc_weight 0.4000, disc_adaptive_weight 7.6983, d_loss 0.4099, logits_real -0.1434, logits_fake -0.1388,
Train Epoch: [4/30] Iters:[130/468] gen_loss 1.2316, rec_loss 0.0117, lpips_loss 0.1472, g_loss 0.1387, disc_weight 0.4000, disc_adaptive_weight 7.7431, d_loss 0.4098, logits_real -0.1432, logits_fake -0.1387,
Train Epoch: [4/30] Iters:[140/468] gen_loss 1.2673, rec_loss 0.0116, lpips_loss 0.1473, g_loss 0.1384, disc_weight 0.4000, disc_adaptive_weight 8.0134, d_loss 0.4097, logits_real -0.1429, logits_fake -0.1383,
Train Epoch: [4/30] Iters:[150/468] gen_loss 1.1961, rec_loss 0.0117, lpips_loss 0.1476, g_loss 0.1381, disc_weight 0.4000, disc_adaptive_weight 7.5090, d_loss 0.4097, logits_real -0.1427, logits_fake -0.1380,
Train Epoch: [4/30] Iters:[160/468] gen_loss 1.1191, rec_loss 0.0117, lpips_loss 0.1479, g_loss 0.1379, disc_weight 0.4000, disc_adaptive_weight 6.9538, d_loss 0.4096, logits_real -0.1425, logits_fake -0.1379,
Train Epoch: [4/30] Iters:[170/468] gen_loss 1.0638, rec_loss 0.0117, lpips_loss 0.1479, g_loss 0.1378, disc_weight 0.4000, disc_adaptive_weight 6.5636, d_loss 0.4094, logits_real -0.1422, logits_fake -0.1377,
Train Epoch: [4/30] Iters:[180/468] gen_loss 1.0394, rec_loss 0.0115, lpips_loss 0.1472, g_loss 0.1374, disc_weight 0.4000, disc_adaptive_weight 6.4122, d_loss 0.4093, logits_real -0.1418, logits_fake -0.1375,
Train Epoch: [4/30] Iters:[190/468] gen_loss 1.0093, rec_loss 0.0116, lpips_loss 0.1472, g_loss 0.1370, disc_weight 0.4000, disc_adaptive_weight 6.2093, d_loss 0.4092, logits_real -0.1415, logits_fake -0.1372,
Train Epoch: [4/30] Iters:[200/468] gen_loss 1.0668, rec_loss 0.0116, lpips_loss 0.1472, g_loss 0.1367, disc_weight 0.4000, disc_adaptive_weight 6.6471, d_loss 0.4092, logits_real -0.1411, logits_fake -0.1368,
Train Epoch: [4/30] Iters:[210/468] gen_loss 1.0881, rec_loss 0.0116, lpips_loss 0.1470, g_loss 0.1364, disc_weight 0.4000, disc_adaptive_weight 6.8173, d_loss 0.4091, logits_real -0.1408, logits_fake -0.1364,
Train Epoch: [4/30] Iters:[220/468] gen_loss 1.0506, rec_loss 0.0115, lpips_loss 0.1465, g_loss 0.1360, disc_weight 0.4000, disc_adaptive_weight 6.5596, d_loss 0.4090, logits_real -0.1405, logits_fake -0.1362,
Train Epoch: [4/30] Iters:[230/468] gen_loss 0.9913, rec_loss 0.0115, lpips_loss 0.1461, g_loss 0.1358, disc_weight 0.4000, disc_adaptive_weight 6.1380, d_loss 0.4089, logits_real -0.1403, logits_fake -0.1358,
Train Epoch: [4/30] Iters:[240/468] gen_loss 0.9872, rec_loss 0.0115, lpips_loss 0.1462, g_loss 0.1356, disc_weight 0.4000, disc_adaptive_weight 6.1165, d_loss 0.4088, logits_real -0.1400, logits_fake -0.1355,
Train Epoch: [4/30] Iters:[250/468] gen_loss 0.9649, rec_loss 0.0114, lpips_loss 0.1459, g_loss 0.1353, disc_weight 0.4000, disc_adaptive_weight 5.9669, d_loss 0.4087, logits_real -0.1396, logits_fake -0.1352,
Train Epoch: [4/30] Iters:[260/468] gen_loss 1.0393, rec_loss 0.0114, lpips_loss 0.1456, g_loss 0.1350, disc_weight 0.4000, disc_adaptive_weight 6.5369, d_loss 0.4085, logits_real -0.1393, logits_fake -0.1350,
Train Epoch: [4/30] Iters:[270/468] gen_loss 1.1337, rec_loss 0.0115, lpips_loss 0.1461, g_loss 0.1346, disc_weight 0.4000, disc_adaptive_weight 7.2576, d_loss 0.4085, logits_real -0.1389, logits_fake -0.1345,
Train Epoch: [4/30] Iters:[280/468] gen_loss 1.2048, rec_loss 0.0114, lpips_loss 0.1464, g_loss 0.1342, disc_weight 0.4000, disc_adaptive_weight 7.8101, d_loss 0.4085, logits_real -0.1384, logits_fake -0.1339,
Train Epoch: [4/30] Iters:[290/468] gen_loss 1.2419, rec_loss 0.0113, lpips_loss 0.1461, g_loss 0.1334, disc_weight 0.4000, disc_adaptive_weight 8.1299, d_loss 0.4084, logits_real -0.1376, logits_fake -0.1331,
Train Epoch: [4/30] Iters:[300/468] gen_loss 1.2185, rec_loss 0.0114, lpips_loss 0.1463, g_loss 0.1327, disc_weight 0.4000, disc_adaptive_weight 7.9856, d_loss 0.4083, logits_real -0.1370, logits_fake -0.1325,
Train Epoch: [4/30] Iters:[310/468] gen_loss 1.1132, rec_loss 0.0114, lpips_loss 0.1464, g_loss 0.1319, disc_weight 0.4000, disc_adaptive_weight 7.2327, d_loss 0.4082, logits_real -0.1362, logits_fake -0.1317,
Train Epoch: [4/30] Iters:[320/468] gen_loss 1.0542, rec_loss 0.0113, lpips_loss 0.1458, g_loss 0.1313, disc_weight 0.4000, disc_adaptive_weight 6.8263, d_loss 0.4081, logits_real -0.1353, logits_fake -0.1311,
Train Epoch: [4/30] Iters:[330/468] gen_loss 0.9851, rec_loss 0.0114, lpips_loss 0.1461, g_loss 0.1306, disc_weight 0.4000, disc_adaptive_weight 6.3346, d_loss 0.4080, logits_real -0.1345, logits_fake -0.1305,
Train Epoch: [4/30] Iters:[340/468] gen_loss 0.9730, rec_loss 0.0115, lpips_loss 0.1461, g_loss 0.1300, disc_weight 0.4000, disc_adaptive_weight 6.2758, d_loss 0.4079, logits_real -0.1341, logits_fake -0.1301,
Train Epoch: [4/30] Iters:[350/468] gen_loss 0.9514, rec_loss 0.0116, lpips_loss 0.1461, g_loss 0.1296, disc_weight 0.4000, disc_adaptive_weight 6.1254, d_loss 0.4078, logits_real -0.1336, logits_fake -0.1297,
Train Epoch: [4/30] Iters:[360/468] gen_loss 0.9838, rec_loss 0.0115, lpips_loss 0.1462, g_loss 0.1292, disc_weight 0.4000, disc_adaptive_weight 6.3962, d_loss 0.4077, logits_real -0.1332, logits_fake -0.1292,
Train Epoch: [4/30] Iters:[370/468] gen_loss 0.9382, rec_loss 0.0116, lpips_loss 0.1466, g_loss 0.1286, disc_weight 0.4000, disc_adaptive_weight 6.0651, d_loss 0.4076, logits_real -0.1327, logits_fake -0.1289,
Train Epoch: [4/30] Iters:[380/468] gen_loss 1.0295, rec_loss 0.0116, lpips_loss 0.1463, g_loss 0.1282, disc_weight 0.4000, disc_adaptive_weight 6.7992, d_loss 0.4076, logits_real -0.1323, logits_fake -0.1284,
Train Epoch: [4/30] Iters:[390/468] gen_loss 1.0028, rec_loss 0.0117, lpips_loss 0.1468, g_loss 0.1280, disc_weight 0.4000, disc_adaptive_weight 6.6048, d_loss 0.4075, logits_real -0.1317, logits_fake -0.1279,
Train Epoch: [4/30] Iters:[400/468] gen_loss 1.0682, rec_loss 0.0116, lpips_loss 0.1464, g_loss 0.1275, disc_weight 0.4000, disc_adaptive_weight 7.1385, d_loss 0.4074, logits_real -0.1314, logits_fake -0.1274,
Train Epoch: [4/30] Iters:[410/468] gen_loss 1.0910, rec_loss 0.0117, lpips_loss 0.1463, g_loss 0.1271, disc_weight 0.4000, disc_adaptive_weight 7.3414, d_loss 0.4073, logits_real -0.1311, logits_fake -0.1272,
Train Epoch: [4/30] Iters:[420/468] gen_loss 1.1700, rec_loss 0.0118, lpips_loss 0.1465, g_loss 0.1270, disc_weight 0.4000, disc_adaptive_weight 7.9671, d_loss 0.4073, logits_real -0.1310, logits_fake -0.1269,
Train Epoch: [4/30] Iters:[430/468] gen_loss 1.1582, rec_loss 0.0119, lpips_loss 0.1469, g_loss 0.1267, disc_weight 0.4000, disc_adaptive_weight 7.8915, d_loss 0.4072, logits_real -0.1307, logits_fake -0.1267,
Train Epoch: [4/30] Iters:[440/468] gen_loss 1.1755, rec_loss 0.0117, lpips_loss 0.1467, g_loss 0.1263, disc_weight 0.4000, disc_adaptive_weight 8.0504, d_loss 0.4071, logits_real -0.1306, logits_fake -0.1266,
Train Epoch: [4/30] Iters:[450/468] gen_loss 1.1577, rec_loss 0.0118, lpips_loss 0.1475, g_loss 0.1260, disc_weight 0.4000, disc_adaptive_weight 7.9198, d_loss 0.4071, logits_real -0.1303, logits_fake -0.1262,
Train Epoch: [4/30] Iters:[460/468] gen_loss 1.1481, rec_loss 0.0119, lpips_loss 0.1479, g_loss 0.1258, disc_weight 0.4000, disc_adaptive_weight 7.8517, d_loss 0.4070, logits_real -0.1299, logits_fake -0.1258,
epoch:5, cur_lr:0.000010
Train Epoch: [5/30] Iters:[10/468] gen_loss 0.9157, rec_loss 0.0115, lpips_loss 0.1471, g_loss 0.1250, disc_weight 0.4000, disc_adaptive_weight 6.0429, d_loss 0.4068, logits_real -0.1293, logits_fake -0.1250,
Train Epoch: [5/30] Iters:[20/468] gen_loss 0.8994, rec_loss 0.0115, lpips_loss 0.1460, g_loss 0.1252, disc_weight 0.4000, disc_adaptive_weight 5.9199, d_loss 0.4068, logits_real -0.1295, logits_fake -0.1252,
Train Epoch: [5/30] Iters:[30/468] gen_loss 0.9578, rec_loss 0.0116, lpips_loss 0.1465, g_loss 0.1254, disc_weight 0.4000, disc_adaptive_weight 6.3708, d_loss 0.4068, logits_real -0.1296, logits_fake -0.1255,
Train Epoch: [5/30] Iters:[40/468] gen_loss 0.9420, rec_loss 0.0117, lpips_loss 0.1465, g_loss 0.1255, disc_weight 0.4000, disc_adaptive_weight 6.2432, d_loss 0.4067, logits_real -0.1295, logits_fake -0.1255,
Train Epoch: [5/30] Iters:[50/468] gen_loss 0.9308, rec_loss 0.0116, lpips_loss 0.1465, g_loss 0.1253, disc_weight 0.4000, disc_adaptive_weight 6.1639, d_loss 0.4067, logits_real -0.1291, logits_fake -0.1253,
Train Epoch: [5/30] Iters:[60/468] gen_loss 0.9687, rec_loss 0.0117, lpips_loss 0.1466, g_loss 0.1248, disc_weight 0.4000, disc_adaptive_weight 6.4987, d_loss 0.4067, logits_real -0.1286, logits_fake -0.1249,
Train Epoch: [5/30] Iters:[70/468] gen_loss 0.9771, rec_loss 0.0116, lpips_loss 0.1466, g_loss 0.1242, disc_weight 0.4000, disc_adaptive_weight 6.5995, d_loss 0.4066, logits_real -0.1280, logits_fake -0.1241,
Train Epoch: [5/30] Iters:[80/468] gen_loss 0.9574, rec_loss 0.0116, lpips_loss 0.1464, g_loss 0.1232, disc_weight 0.4000, disc_adaptive_weight 6.4966, d_loss 0.4066, logits_real -0.1268, logits_fake -0.1232,
Train Epoch: [5/30] Iters:[90/468] gen_loss 0.9740, rec_loss 0.0114, lpips_loss 0.1457, g_loss 0.1220, disc_weight 0.4000, disc_adaptive_weight 6.7020, d_loss 0.4065, logits_real -0.1257, logits_fake -0.1220,
Train Epoch: [5/30] Iters:[100/468] gen_loss 0.9871, rec_loss 0.0115, lpips_loss 0.1454, g_loss 0.1210, disc_weight 0.4000, disc_adaptive_weight 6.8613, d_loss 0.4064, logits_real -0.1247, logits_fake -0.1211,
Train Epoch: [5/30] Iters:[110/468] gen_loss 0.9078, rec_loss 0.0114, lpips_loss 0.1451, g_loss 0.1205, disc_weight 0.4000, disc_adaptive_weight 6.2375, d_loss 0.4063, logits_real -0.1240, logits_fake -0.1204,
Train Epoch: [5/30] Iters:[120/468] gen_loss 0.8962, rec_loss 0.0114, lpips_loss 0.1453, g_loss 0.1200, disc_weight 0.4000, disc_adaptive_weight 6.1646, d_loss 0.4062, logits_real -0.1234, logits_fake -0.1200,
Train Epoch: [5/30] Iters:[130/468] gen_loss 0.8900, rec_loss 0.0114, lpips_loss 0.1447, g_loss 0.1197, disc_weight 0.4000, disc_adaptive_weight 6.1359, d_loss 0.4061, logits_real -0.1230, logits_fake -0.1196,
Train Epoch: [5/30] Iters:[140/468] gen_loss 0.8974, rec_loss 0.0115, lpips_loss 0.1449, g_loss 0.1196, disc_weight 0.4000, disc_adaptive_weight 6.1996, d_loss 0.4061, logits_real -0.1227, logits_fake -0.1194,
Train Epoch: [5/30] Iters:[150/468] gen_loss 0.8983, rec_loss 0.0115, lpips_loss 0.1447, g_loss 0.1196, disc_weight 0.4000, disc_adaptive_weight 6.2097, d_loss 0.4061, logits_real -0.1229, logits_fake -0.1194,
Train Epoch: [5/30] Iters:[160/468] gen_loss 0.9885, rec_loss 0.0115, lpips_loss 0.1443, g_loss 0.1195, disc_weight 0.4000, disc_adaptive_weight 6.9692, d_loss 0.4061, logits_real -0.1230, logits_fake -0.1194,
Train Epoch: [5/30] Iters:[170/468] gen_loss 1.0349, rec_loss 0.0116, lpips_loss 0.1448, g_loss 0.1195, disc_weight 0.4000, disc_adaptive_weight 7.3519, d_loss 0.4061, logits_real -0.1229, logits_fake -0.1194,
Train Epoch: [5/30] Iters:[180/468] gen_loss 1.0375, rec_loss 0.0116, lpips_loss 0.1457, g_loss 0.1194, disc_weight 0.4000, disc_adaptive_weight 7.3676, d_loss 0.4062, logits_real -0.1230, logits_fake -0.1192,
Train Epoch: [5/30] Iters:[190/468] gen_loss 0.9987, rec_loss 0.0115, lpips_loss 0.1458, g_loss 0.1195, disc_weight 0.4000, disc_adaptive_weight 7.0449, d_loss 0.4061, logits_real -0.1229, logits_fake -0.1192,
Train Epoch: [5/30] Iters:[200/468] gen_loss 1.0415, rec_loss 0.0116, lpips_loss 0.1461, g_loss 0.1192, disc_weight 0.4000, disc_adaptive_weight 7.4191, d_loss 0.4061, logits_real -0.1230, logits_fake -0.1190,
Train Epoch: [5/30] Iters:[210/468] gen_loss 0.9798, rec_loss 0.0117, lpips_loss 0.1465, g_loss 0.1189, disc_weight 0.4000, disc_adaptive_weight 6.9156, d_loss 0.4061, logits_real -0.1227, logits_fake -0.1186,
Train Epoch: [5/30] Iters:[220/468] gen_loss 0.9806, rec_loss 0.0117, lpips_loss 0.1462, g_loss 0.1183, disc_weight 0.4000, disc_adaptive_weight 6.9631, d_loss 0.4060, logits_real -0.1223, logits_fake -0.1181,
Train Epoch: [5/30] Iters:[230/468] gen_loss 0.9708, rec_loss 0.0117, lpips_loss 0.1459, g_loss 0.1178, disc_weight 0.4000, disc_adaptive_weight 6.9116, d_loss 0.4059, logits_real -0.1218, logits_fake -0.1178,
Train Epoch: [5/30] Iters:[240/468] gen_loss 0.9801, rec_loss 0.0117, lpips_loss 0.1462, g_loss 0.1173, disc_weight 0.4000, disc_adaptive_weight 7.0118, d_loss 0.4060, logits_real -0.1216, logits_fake -0.1173,
Train Epoch: [5/30] Iters:[250/468] gen_loss 0.9106, rec_loss 0.0116, lpips_loss 0.1460, g_loss 0.1169, disc_weight 0.4000, disc_adaptive_weight 6.4431, d_loss 0.4059, logits_real -0.1209, logits_fake -0.1168,
Train Epoch: [5/30] Iters:[260/468] gen_loss 0.9067, rec_loss 0.0114, lpips_loss 0.1457, g_loss 0.1167, disc_weight 0.4000, disc_adaptive_weight 6.4242, d_loss 0.4058, logits_real -0.1206, logits_fake -0.1166,
Train Epoch: [5/30] Iters:[270/468] gen_loss 0.8347, rec_loss 0.0112, lpips_loss 0.1447, g_loss 0.1166, disc_weight 0.4000, disc_adaptive_weight 5.8214, d_loss 0.4057, logits_real -0.1203, logits_fake -0.1164,
Train Epoch: [5/30] Iters:[280/468] gen_loss 0.8092, rec_loss 0.0111, lpips_loss 0.1442, g_loss 0.1166, disc_weight 0.4000, disc_adaptive_weight 5.6117, d_loss 0.4057, logits_real -0.1203, logits_fake -0.1165,
Train Epoch: [5/30] Iters:[290/468] gen_loss 0.8222, rec_loss 0.0111, lpips_loss 0.1437, g_loss 0.1163, disc_weight 0.4000, disc_adaptive_weight 5.7408, d_loss 0.4056, logits_real -0.1198, logits_fake -0.1163,
Train Epoch: [5/30] Iters:[300/468] gen_loss 0.8230, rec_loss 0.0112, lpips_loss 0.1437, g_loss 0.1161, disc_weight 0.4000, disc_adaptive_weight 5.7583, d_loss 0.4055, logits_real -0.1193, logits_fake -0.1161,
Train Epoch: [5/30] Iters:[310/468] gen_loss 0.8811, rec_loss 0.0113, lpips_loss 0.1440, g_loss 0.1157, disc_weight 0.4000, disc_adaptive_weight 6.2790, d_loss 0.4054, logits_real -0.1189, logits_fake -0.1157,
Train Epoch: [5/30] Iters:[320/468] gen_loss 0.9265, rec_loss 0.0113, lpips_loss 0.1445, g_loss 0.1153, disc_weight 0.4000, disc_adaptive_weight 6.6891, d_loss 0.4054, logits_real -0.1184, logits_fake -0.1152,
Train Epoch: [5/30] Iters:[330/468] gen_loss 0.9737, rec_loss 0.0113, lpips_loss 0.1445, g_loss 0.1150, disc_weight 0.4000, disc_adaptive_weight 7.1132, d_loss 0.4054, logits_real -0.1183, logits_fake -0.1148,
Train Epoch: [5/30] Iters:[340/468] gen_loss 1.0032, rec_loss 0.0114, lpips_loss 0.1447, g_loss 0.1148, disc_weight 0.4000, disc_adaptive_weight 7.3828, d_loss 0.4054, logits_real -0.1182, logits_fake -0.1147,
Train Epoch: [5/30] Iters:[350/468] gen_loss 1.0247, rec_loss 0.0114, lpips_loss 0.1448, g_loss 0.1144, disc_weight 0.4000, disc_adaptive_weight 7.5919, d_loss 0.4054, logits_real -0.1181, logits_fake -0.1144,
Train Epoch: [5/30] Iters:[360/468] gen_loss 0.9726, rec_loss 0.0113, lpips_loss 0.1441, g_loss 0.1141, disc_weight 0.4000, disc_adaptive_weight 7.1632, d_loss 0.4054, logits_real -0.1177, logits_fake -0.1143,
Train Epoch: [5/30] Iters:[370/468] gen_loss 0.9851, rec_loss 0.0114, lpips_loss 0.1441, g_loss 0.1138, disc_weight 0.4000, disc_adaptive_weight 7.2844, d_loss 0.4054, logits_real -0.1177, logits_fake -0.1140,
Train Epoch: [5/30] Iters:[380/468] gen_loss 0.9690, rec_loss 0.0114, lpips_loss 0.1444, g_loss 0.1134, disc_weight 0.4000, disc_adaptive_weight 7.1615, d_loss 0.4053, logits_real -0.1172, logits_fake -0.1137,
Train Epoch: [5/30] Iters:[390/468] gen_loss 0.9161, rec_loss 0.0114, lpips_loss 0.1442, g_loss 0.1129, disc_weight 0.4000, disc_adaptive_weight 6.7289, d_loss 0.4053, logits_real -0.1168, logits_fake -0.1131,
Train Epoch: [5/30] Iters:[400/468] gen_loss 0.8893, rec_loss 0.0114, lpips_loss 0.1444, g_loss 0.1124, disc_weight 0.4000, disc_adaptive_weight 6.5117, d_loss 0.4053, logits_real -0.1163, logits_fake -0.1127,
Train Epoch: [5/30] Iters:[410/468] gen_loss 0.8682, rec_loss 0.0114, lpips_loss 0.1450, g_loss 0.1121, disc_weight 0.4000, disc_adaptive_weight 6.3378, d_loss 0.4053, logits_real -0.1161, logits_fake -0.1121,
Train Epoch: [5/30] Iters:[420/468] gen_loss 0.9412, rec_loss 0.0113, lpips_loss 0.1450, g_loss 0.1116, disc_weight 0.4000, disc_adaptive_weight 7.0320, d_loss 0.4052, logits_real -0.1155, logits_fake -0.1118,
Train Epoch: [5/30] Iters:[430/468] gen_loss 0.9722, rec_loss 0.0114, lpips_loss 0.1453, g_loss 0.1113, disc_weight 0.4000, disc_adaptive_weight 7.3316, d_loss 0.4052, logits_real -0.1151, logits_fake -0.1114,
Train Epoch: [5/30] Iters:[440/468] gen_loss 1.0005, rec_loss 0.0114, lpips_loss 0.1455, g_loss 0.1111, disc_weight 0.4000, disc_adaptive_weight 7.5922, d_loss 0.4050, logits_real -0.1146, logits_fake -0.1112,
Train Epoch: [5/30] Iters:[450/468] gen_loss 1.0247, rec_loss 0.0114, lpips_loss 0.1452, g_loss 0.1109, disc_weight 0.4000, disc_adaptive_weight 7.8276, d_loss 0.4051, logits_real -0.1145, logits_fake -0.1108,
Train Epoch: [5/30] Iters:[460/468] gen_loss 1.0486, rec_loss 0.0114, lpips_loss 0.1449, g_loss 0.1107, disc_weight 0.4000, disc_adaptive_weight 8.0587, d_loss 0.4050, logits_real -0.1141, logits_fake -0.1105,
Loading pretrained model LPIPS from /home/fangxian/.cache/torch/hub/pyiqa/LPIPS_v0.1_alex-df73285e.pth
epoch:6, cur_lr:0.000010
Train Epoch: [6/30] Iters:[10/468] gen_loss 0.8469, rec_loss 0.0114, lpips_loss 0.1454, g_loss 0.1100, disc_weight 0.4000, disc_adaptive_weight 6.2758, d_loss 0.4047, logits_real -0.1130, logits_fake -0.1106,
Train Epoch: [6/30] Iters:[20/468] gen_loss 0.8893, rec_loss 0.0113, lpips_loss 0.1450, g_loss 0.1106, disc_weight 0.4000, disc_adaptive_weight 6.6290, d_loss 0.4048, logits_real -0.1140, logits_fake -0.1107,
Train Epoch: [6/30] Iters:[30/468] gen_loss 0.8920, rec_loss 0.0112, lpips_loss 0.1446, g_loss 0.1107, disc_weight 0.4000, disc_adaptive_weight 6.6535, d_loss 0.4048, logits_real -0.1143, logits_fake -0.1110,
Train Epoch: [6/30] Iters:[40/468] gen_loss 0.8652, rec_loss 0.0113, lpips_loss 0.1450, g_loss 0.1109, disc_weight 0.4000, disc_adaptive_weight 6.3978, d_loss 0.4048, logits_real -0.1141, logits_fake -0.1110,
Train Epoch: [6/30] Iters:[50/468] gen_loss 0.9125, rec_loss 0.0113, lpips_loss 0.1450, g_loss 0.1109, disc_weight 0.4000, disc_adaptive_weight 6.8290, d_loss 0.4048, logits_real -0.1142, logits_fake -0.1108,
Train Epoch: [6/30] Iters:[60/468] gen_loss 0.9499, rec_loss 0.0113, lpips_loss 0.1444, g_loss 0.1107, disc_weight 0.4000, disc_adaptive_weight 7.1846, d_loss 0.4048, logits_real -0.1140, logits_fake -0.1106,
Train Epoch: [6/30] Iters:[70/468] gen_loss 0.9303, rec_loss 0.0115, lpips_loss 0.1447, g_loss 0.1100, disc_weight 0.4000, disc_adaptive_weight 7.0457, d_loss 0.4048, logits_real -0.1134, logits_fake -0.1098,
Train Epoch: [6/30] Iters:[80/468] gen_loss 0.9062, rec_loss 0.0114, lpips_loss 0.1444, g_loss 0.1094, disc_weight 0.4000, disc_adaptive_weight 6.8609, d_loss 0.4048, logits_real -0.1129, logits_fake -0.1091,
Train Epoch: [6/30] Iters:[90/468] gen_loss 0.9432, rec_loss 0.0114, lpips_loss 0.1441, g_loss 0.1086, disc_weight 0.4000, disc_adaptive_weight 7.2454, d_loss 0.4048, logits_real -0.1125, logits_fake -0.1087,
Train Epoch: [6/30] Iters:[100/468] gen_loss 0.8886, rec_loss 0.0115, lpips_loss 0.1444, g_loss 0.1082, disc_weight 0.4000, disc_adaptive_weight 6.7729, d_loss 0.4047, logits_real -0.1118, logits_fake -0.1082,
Train Epoch: [6/30] Iters:[110/468] gen_loss 0.8581, rec_loss 0.0115, lpips_loss 0.1452, g_loss 0.1079, disc_weight 0.4000, disc_adaptive_weight 6.5008, d_loss 0.4048, logits_real -0.1117, logits_fake -0.1080,
Train Epoch: [6/30] Iters:[120/468] gen_loss 0.8882, rec_loss 0.0114, lpips_loss 0.1450, g_loss 0.1081, disc_weight 0.4000, disc_adaptive_weight 6.7735, d_loss 0.4046, logits_real -0.1115, logits_fake -0.1083,
Train Epoch: [6/30] Iters:[130/468] gen_loss 0.9513, rec_loss 0.0116, lpips_loss 0.1455, g_loss 0.1082, disc_weight 0.4000, disc_adaptive_weight 7.3410, d_loss 0.4046, logits_real -0.1112, logits_fake -0.1083,
Train Epoch: [6/30] Iters:[140/468] gen_loss 0.9937, rec_loss 0.0117, lpips_loss 0.1455, g_loss 0.1080, disc_weight 0.4000, disc_adaptive_weight 7.7550, d_loss 0.4045, logits_real -0.1108, logits_fake -0.1079,
Train Epoch: [6/30] Iters:[150/468] gen_loss 1.0204, rec_loss 0.0117, lpips_loss 0.1456, g_loss 0.1077, disc_weight 0.4000, disc_adaptive_weight 8.0176, d_loss 0.4045, logits_real -0.1105, logits_fake -0.1080,
Train Epoch: [6/30] Iters:[160/468] gen_loss 1.0355, rec_loss 0.0117, lpips_loss 0.1451, g_loss 0.1074, disc_weight 0.4000, disc_adaptive_weight 8.1848, d_loss 0.4045, logits_real -0.1105, logits_fake -0.1078,
Train Epoch: [6/30] Iters:[170/468] gen_loss 1.0263, rec_loss 0.0117, lpips_loss 0.1454, g_loss 0.1068, disc_weight 0.4000, disc_adaptive_weight 8.1395, d_loss 0.4046, logits_real -0.1105, logits_fake -0.1072,
Train Epoch: [6/30] Iters:[180/468] gen_loss 0.9885, rec_loss 0.0117, lpips_loss 0.1451, g_loss 0.1063, disc_weight 0.4000, disc_adaptive_weight 7.8288, d_loss 0.4045, logits_real -0.1102, logits_fake -0.1071,
Train Epoch: [6/30] Iters:[190/468] gen_loss 0.9148, rec_loss 0.0117, lpips_loss 0.1454, g_loss 0.1061, disc_weight 0.4000, disc_adaptive_weight 7.1437, d_loss 0.4045, logits_real -0.1099, logits_fake -0.1070,
Train Epoch: [6/30] Iters:[200/468] gen_loss 0.9055, rec_loss 0.0116, lpips_loss 0.1452, g_loss 0.1062, disc_weight 0.4000, disc_adaptive_weight 7.0518, d_loss 0.4046, logits_real -0.1097, logits_fake -0.1062,
Train Epoch: [6/30] Iters:[210/468] gen_loss 0.9068, rec_loss 0.0116, lpips_loss 0.1454, g_loss 0.1057, disc_weight 0.4000, disc_adaptive_weight 7.0972, d_loss 0.4045, logits_real -0.1089, logits_fake -0.1058,
Train Epoch: [6/30] Iters:[220/468] gen_loss 0.8812, rec_loss 0.0116, lpips_loss 0.1451, g_loss 0.1055, disc_weight 0.4000, disc_adaptive_weight 6.8665, d_loss 0.4044, logits_real -0.1084, logits_fake -0.1054,
Train Epoch: [6/30] Iters:[230/468] gen_loss 0.8622, rec_loss 0.0115, lpips_loss 0.1454, g_loss 0.1050, disc_weight 0.4000, disc_adaptive_weight 6.7179, d_loss 0.4044, logits_real -0.1076, logits_fake -0.1044,
Train Epoch: [6/30] Iters:[240/468] gen_loss 0.8869, rec_loss 0.0114, lpips_loss 0.1454, g_loss 0.1043, disc_weight 0.4000, disc_adaptive_weight 7.0133, d_loss 0.4043, logits_real -0.1069, logits_fake -0.1039,
Train Epoch: [6/30] Iters:[250/468] gen_loss 0.8797, rec_loss 0.0114, lpips_loss 0.1452, g_loss 0.1032, disc_weight 0.4000, disc_adaptive_weight 7.0202, d_loss 0.4044, logits_real -0.1067, logits_fake -0.1032,
Train Epoch: [6/30] Iters:[260/468] gen_loss 0.8341, rec_loss 0.0114, lpips_loss 0.1454, g_loss 0.1026, disc_weight 0.4000, disc_adaptive_weight 6.6199, d_loss 0.4045, logits_real -0.1064, logits_fake -0.1023,
Train Epoch: [6/30] Iters:[270/468] gen_loss 0.8350, rec_loss 0.0114, lpips_loss 0.1458, g_loss 0.1018, disc_weight 0.4000, disc_adaptive_weight 6.6675, d_loss 0.4045, logits_real -0.1057, logits_fake -0.1015,
Train Epoch: [6/30] Iters:[280/468] gen_loss 0.8312, rec_loss 0.0114, lpips_loss 0.1453, g_loss 0.1013, disc_weight 0.4000, disc_adaptive_weight 6.6674, d_loss 0.4044, logits_real -0.1053, logits_fake -0.1012,
Train Epoch: [6/30] Iters:[290/468] gen_loss 0.8072, rec_loss 0.0115, lpips_loss 0.1453, g_loss 0.1009, disc_weight 0.4000, disc_adaptive_weight 6.4521, d_loss 0.4045, logits_real -0.1050, logits_fake -0.1005,
Train Epoch: [6/30] Iters:[300/468] gen_loss 0.7980, rec_loss 0.0116, lpips_loss 0.1451, g_loss 0.1004, disc_weight 0.4000, disc_adaptive_weight 6.3929, d_loss 0.4043, logits_real -0.1042, logits_fake -0.1004,
Train Epoch: [6/30] Iters:[310/468] gen_loss 0.8396, rec_loss 0.0115, lpips_loss 0.1444, g_loss 0.1003, disc_weight 0.4000, disc_adaptive_weight 6.8209, d_loss 0.4042, logits_real -0.1038, logits_fake -0.1003,
Train Epoch: [6/30] Iters:[320/468] gen_loss 0.8592, rec_loss 0.0114, lpips_loss 0.1442, g_loss 0.1001, disc_weight 0.4000, disc_adaptive_weight 7.0325, d_loss 0.4042, logits_real -0.1037, logits_fake -0.1001,
Train Epoch: [6/30] Iters:[330/468] gen_loss 0.8641, rec_loss 0.0115, lpips_loss 0.1445, g_loss 0.0999, disc_weight 0.4000, disc_adaptive_weight 7.0880, d_loss 0.4042, logits_real -0.1035, logits_fake -0.1000,
Train Epoch: [6/30] Iters:[340/468] gen_loss 0.8464, rec_loss 0.0114, lpips_loss 0.1443, g_loss 0.0998, disc_weight 0.4000, disc_adaptive_weight 6.9195, d_loss 0.4043, logits_real -0.1035, logits_fake -0.0997,
Train Epoch: [6/30] Iters:[350/468] gen_loss 0.8480, rec_loss 0.0114, lpips_loss 0.1444, g_loss 0.0995, disc_weight 0.4000, disc_adaptive_weight 6.9551, d_loss 0.4042, logits_real -0.1033, logits_fake -0.0995,
Train Epoch: [6/30] Iters:[360/468] gen_loss 0.8237, rec_loss 0.0114, lpips_loss 0.1449, g_loss 0.0991, disc_weight 0.4000, disc_adaptive_weight 6.7353, d_loss 0.4042, logits_real -0.1028, logits_fake -0.0991,
Train Epoch: [6/30] Iters:[370/468] gen_loss 0.8240, rec_loss 0.0115, lpips_loss 0.1451, g_loss 0.0986, disc_weight 0.4000, disc_adaptive_weight 6.7684, d_loss 0.4041, logits_real -0.1021, logits_fake -0.0987,
Train Epoch: [6/30] Iters:[380/468] gen_loss 0.8614, rec_loss 0.0114, lpips_loss 0.1450, g_loss 0.0980, disc_weight 0.4000, disc_adaptive_weight 7.1996, d_loss 0.4042, logits_real -0.1018, logits_fake -0.0980,
Train Epoch: [6/30] Iters:[390/468] gen_loss 0.8764, rec_loss 0.0116, lpips_loss 0.1453, g_loss 0.0978, disc_weight 0.4000, disc_adaptive_weight 7.3605, d_loss 0.4041, logits_real -0.1013, logits_fake -0.0978,
Train Epoch: [6/30] Iters:[400/468] gen_loss 0.8877, rec_loss 0.0116, lpips_loss 0.1454, g_loss 0.0977, disc_weight 0.4000, disc_adaptive_weight 7.4837, d_loss 0.4040, logits_real -0.1011, logits_fake -0.0977,
Train Epoch: [6/30] Iters:[410/468] gen_loss 0.9057, rec_loss 0.0116, lpips_loss 0.1458, g_loss 0.0976, disc_weight 0.4000, disc_adaptive_weight 7.6656, d_loss 0.4040, logits_real -0.1010, logits_fake -0.0975,
Train Epoch: [6/30] Iters:[420/468] gen_loss 0.8965, rec_loss 0.0116, lpips_loss 0.1455, g_loss 0.0975, disc_weight 0.4000, disc_adaptive_weight 7.5835, d_loss 0.4040, logits_real -0.1010, logits_fake -0.0973,
Train Epoch: [6/30] Iters:[430/468] gen_loss 0.8659, rec_loss 0.0117, lpips_loss 0.1458, g_loss 0.0976, disc_weight 0.4000, disc_adaptive_weight 7.2553, d_loss 0.4040, logits_real -0.1009, logits_fake -0.0973,
Train Epoch: [6/30] Iters:[440/468] gen_loss 0.8844, rec_loss 0.0118, lpips_loss 0.1461, g_loss 0.0974, disc_weight 0.4000, disc_adaptive_weight 7.4640, d_loss 0.4040, logits_real -0.1008, logits_fake -0.0971,
Train Epoch: [6/30] Iters:[450/468] gen_loss 0.8804, rec_loss 0.0118, lpips_loss 0.1462, g_loss 0.0971, disc_weight 0.4000, disc_adaptive_weight 7.4407, d_loss 0.4040, logits_real -0.1007, logits_fake -0.0968,
Train Epoch: [6/30] Iters:[460/468] gen_loss 0.8632, rec_loss 0.0117, lpips_loss 0.1455, g_loss 0.0969, disc_weight 0.4000, disc_adaptive_weight 7.2850, d_loss 0.4040, logits_real -0.1005, logits_fake -0.0967,
epoch:7, cur_lr:0.000010
Train Epoch: [7/30] Iters:[10/468] gen_loss 0.6244, rec_loss 0.0109, lpips_loss 0.1417, g_loss 0.0974, disc_weight 0.4000, disc_adaptive_weight 4.8421, d_loss 0.4040, logits_real -0.1010, logits_fake -0.0969,
Train Epoch: [7/30] Iters:[20/468] gen_loss 0.7753, rec_loss 0.0112, lpips_loss 0.1438, g_loss 0.0976, disc_weight 0.4000, disc_adaptive_weight 6.3475, d_loss 0.4040, logits_real -0.1009, logits_fake -0.0968,
Train Epoch: [7/30] Iters:[30/468] gen_loss 0.7811, rec_loss 0.0113, lpips_loss 0.1440, g_loss 0.0977, disc_weight 0.4000, disc_adaptive_weight 6.4009, d_loss 0.4040, logits_real -0.1010, logits_fake -0.0969,
Train Epoch: [7/30] Iters:[40/468] gen_loss 0.7777, rec_loss 0.0112, lpips_loss 0.1438, g_loss 0.0977, disc_weight 0.4000, disc_adaptive_weight 6.3695, d_loss 0.4040, logits_real -0.1012, logits_fake -0.0971,
Train Epoch: [7/30] Iters:[50/468] gen_loss 0.7608, rec_loss 0.0112, lpips_loss 0.1435, g_loss 0.0976, disc_weight 0.4000, disc_adaptive_weight 6.2075, d_loss 0.4039, logits_real -0.1012, logits_fake -0.0974,
Train Epoch: [7/30] Iters:[60/468] gen_loss 0.8376, rec_loss 0.0114, lpips_loss 0.1441, g_loss 0.0978, disc_weight 0.4000, disc_adaptive_weight 6.9633, d_loss 0.4039, logits_real -0.1013, logits_fake -0.0976,
Train Epoch: [7/30] Iters:[70/468] gen_loss 0.8252, rec_loss 0.0114, lpips_loss 0.1436, g_loss 0.0979, disc_weight 0.4000, disc_adaptive_weight 6.8366, d_loss 0.4038, logits_real -0.1013, logits_fake -0.0975,
Train Epoch: [7/30] Iters:[80/468] gen_loss 0.8767, rec_loss 0.0114, lpips_loss 0.1441, g_loss 0.0979, disc_weight 0.4000, disc_adaptive_weight 7.3581, d_loss 0.4038, logits_real -0.1012, logits_fake -0.0974,
Train Epoch: [7/30] Iters:[90/468] gen_loss 0.9089, rec_loss 0.0115, lpips_loss 0.1443, g_loss 0.0977, disc_weight 0.4000, disc_adaptive_weight 7.7001, d_loss 0.4038, logits_real -0.1010, logits_fake -0.0972,
Train Epoch: [7/30] Iters:[100/468] gen_loss 0.9470, rec_loss 0.0115, lpips_loss 0.1447, g_loss 0.0978, disc_weight 0.4000, disc_adaptive_weight 8.0884, d_loss 0.4038, logits_real -0.1009, logits_fake -0.0970,
Train Epoch: [7/30] Iters:[110/468] gen_loss 0.8996, rec_loss 0.0114, lpips_loss 0.1449, g_loss 0.0973, disc_weight 0.4000, disc_adaptive_weight 7.6387, d_loss 0.4038, logits_real -0.1007, logits_fake -0.0969,
Train Epoch: [7/30] Iters:[120/468] gen_loss 0.8893, rec_loss 0.0115, lpips_loss 0.1454, g_loss 0.0969, disc_weight 0.4000, disc_adaptive_weight 7.5511, d_loss 0.4038, logits_real -0.1007, logits_fake -0.0970,
Train Epoch: [7/30] Iters:[130/468] gen_loss 0.8585, rec_loss 0.0115, lpips_loss 0.1450, g_loss 0.0967, disc_weight 0.4000, disc_adaptive_weight 7.2562, d_loss 0.4037, logits_real -0.1006, logits_fake -0.0971,
Train Epoch: [7/30] Iters:[140/468] gen_loss 0.8590, rec_loss 0.0116, lpips_loss 0.1452, g_loss 0.0967, disc_weight 0.4000, disc_adaptive_weight 7.2638, d_loss 0.4037, logits_real -0.1005, logits_fake -0.0971,
Train Epoch: [7/30] Iters:[150/468] gen_loss 0.8651, rec_loss 0.0117, lpips_loss 0.1452, g_loss 0.0966, disc_weight 0.4000, disc_adaptive_weight 7.3366, d_loss 0.4037, logits_real -0.1003, logits_fake -0.0969,
Train Epoch: [7/30] Iters:[160/468] gen_loss 0.8833, rec_loss 0.0118, lpips_loss 0.1452, g_loss 0.0964, disc_weight 0.4000, disc_adaptive_weight 7.5312, d_loss 0.4037, logits_real -0.1000, logits_fake -0.0966,
Train Epoch: [7/30] Iters:[170/468] gen_loss 0.8788, rec_loss 0.0117, lpips_loss 0.1450, g_loss 0.0962, disc_weight 0.4000, disc_adaptive_weight 7.5080, d_loss 0.4036, logits_real -0.0996, logits_fake -0.0963,
Train Epoch: [7/30] Iters:[180/468] gen_loss 0.8772, rec_loss 0.0116, lpips_loss 0.1446, g_loss 0.0958, disc_weight 0.4000, disc_adaptive_weight 7.5235, d_loss 0.4036, logits_real -0.0992, logits_fake -0.0959,
Train Epoch: [7/30] Iters:[190/468] gen_loss 0.8329, rec_loss 0.0116, lpips_loss 0.1445, g_loss 0.0954, disc_weight 0.4000, disc_adaptive_weight 7.0881, d_loss 0.4036, logits_real -0.0988, logits_fake -0.0955,
Train Epoch: [7/30] Iters:[200/468] gen_loss 0.8179, rec_loss 0.0115, lpips_loss 0.1442, g_loss 0.0951, disc_weight 0.4000, disc_adaptive_weight 6.9635, d_loss 0.4036, logits_real -0.0984, logits_fake -0.0950,
Train Epoch: [7/30] Iters:[210/468] gen_loss 0.8165, rec_loss 0.0114, lpips_loss 0.1442, g_loss 0.0947, disc_weight 0.4000, disc_adaptive_weight 6.9763, d_loss 0.4036, logits_real -0.0981, logits_fake -0.0947,
Train Epoch: [7/30] Iters:[220/468] gen_loss 0.7999, rec_loss 0.0113, lpips_loss 0.1441, g_loss 0.0945, disc_weight 0.4000, disc_adaptive_weight 6.8171, d_loss 0.4036, logits_real -0.0980, logits_fake -0.0944,
Train Epoch: [7/30] Iters:[230/468] gen_loss 0.7650, rec_loss 0.0114, lpips_loss 0.1441, g_loss 0.0943, disc_weight 0.4000, disc_adaptive_weight 6.4572, d_loss 0.4036, logits_real -0.0978, logits_fake -0.0942,
Train Epoch: [7/30] Iters:[240/468] gen_loss 0.7807, rec_loss 0.0113, lpips_loss 0.1441, g_loss 0.0942, disc_weight 0.4000, disc_adaptive_weight 6.6348, d_loss 0.4035, logits_real -0.0977, logits_fake -0.0941,
Train Epoch: [7/30] Iters:[250/468] gen_loss 0.7936, rec_loss 0.0115, lpips_loss 0.1445, g_loss 0.0941, disc_weight 0.4000, disc_adaptive_weight 6.7755, d_loss 0.4035, logits_real -0.0976, logits_fake -0.0941,
Train Epoch: [7/30] Iters:[260/468] gen_loss 0.7922, rec_loss 0.0115, lpips_loss 0.1441, g_loss 0.0939, disc_weight 0.4000, disc_adaptive_weight 6.7770, d_loss 0.4035, logits_real -0.0976, logits_fake -0.0941,
Train Epoch: [7/30] Iters:[270/468] gen_loss 0.8127, rec_loss 0.0115, lpips_loss 0.1444, g_loss 0.0936, disc_weight 0.4000, disc_adaptive_weight 7.0128, d_loss 0.4035, logits_real -0.0974, logits_fake -0.0939,
Train Epoch: [7/30] Iters:[280/468] gen_loss 0.8372, rec_loss 0.0115, lpips_loss 0.1444, g_loss 0.0932, disc_weight 0.4000, disc_adaptive_weight 7.3041, d_loss 0.4035, logits_real -0.0969, logits_fake -0.0935,
Train Epoch: [7/30] Iters:[290/468] gen_loss 0.8213, rec_loss 0.0115, lpips_loss 0.1439, g_loss 0.0926, disc_weight 0.4000, disc_adaptive_weight 7.1787, d_loss 0.4034, logits_real -0.0963, logits_fake -0.0930,
Train Epoch: [7/30] Iters:[300/468] gen_loss 0.7705, rec_loss 0.0114, lpips_loss 0.1434, g_loss 0.0919, disc_weight 0.4000, disc_adaptive_weight 6.6885, d_loss 0.4034, logits_real -0.0957, logits_fake -0.0924,
Train Epoch: [7/30] Iters:[310/468] gen_loss 0.7480, rec_loss 0.0114, lpips_loss 0.1434, g_loss 0.0914, disc_weight 0.4000, disc_adaptive_weight 6.4823, d_loss 0.4034, logits_real -0.0949, logits_fake -0.0917,
Train Epoch: [7/30] Iters:[320/468] gen_loss 0.7344, rec_loss 0.0114, lpips_loss 0.1433, g_loss 0.0908, disc_weight 0.4000, disc_adaptive_weight 6.3806, d_loss 0.4034, logits_real -0.0942, logits_fake -0.0910,
Train Epoch: [7/30] Iters:[330/468] gen_loss 0.7386, rec_loss 0.0114, lpips_loss 0.1431, g_loss 0.0900, disc_weight 0.4000, disc_adaptive_weight 6.5006, d_loss 0.4033, logits_real -0.0935, logits_fake -0.0903,
Train Epoch: [7/30] Iters:[340/468] gen_loss 0.7336, rec_loss 0.0115, lpips_loss 0.1437, g_loss 0.0893, disc_weight 0.4000, disc_adaptive_weight 6.4814, d_loss 0.4034, logits_real -0.0928, logits_fake -0.0894,
Train Epoch: [7/30] Iters:[350/468] gen_loss 0.7473, rec_loss 0.0115, lpips_loss 0.1440, g_loss 0.0889, disc_weight 0.4000, disc_adaptive_weight 6.6556, d_loss 0.4034, logits_real -0.0922, logits_fake -0.0888,
Train Epoch: [7/30] Iters:[360/468] gen_loss 0.7738, rec_loss 0.0116, lpips_loss 0.1445, g_loss 0.0883, disc_weight 0.4000, disc_adaptive_weight 6.9942, d_loss 0.4034, logits_real -0.0918, logits_fake -0.0884,
Train Epoch: [7/30] Iters:[370/468] gen_loss 0.7879, rec_loss 0.0116, lpips_loss 0.1443, g_loss 0.0882, disc_weight 0.4000, disc_adaptive_weight 7.1560, d_loss 0.4034, logits_real -0.0917, logits_fake -0.0883,
Train Epoch: [7/30] Iters:[380/468] gen_loss 0.7770, rec_loss 0.0117, lpips_loss 0.1445, g_loss 0.0886, disc_weight 0.4000, disc_adaptive_weight 7.0003, d_loss 0.4034, logits_real -0.0919, logits_fake -0.0884,
Train Epoch: [7/30] Iters:[390/468] gen_loss 0.7681, rec_loss 0.0118, lpips_loss 0.1444, g_loss 0.0889, disc_weight 0.4000, disc_adaptive_weight 6.8790, d_loss 0.4034, logits_real -0.0921, logits_fake -0.0887,
Train Epoch: [7/30] Iters:[400/468] gen_loss 0.7808, rec_loss 0.0118, lpips_loss 0.1443, g_loss 0.0892, disc_weight 0.4000, disc_adaptive_weight 7.0051, d_loss 0.4033, logits_real -0.0923, logits_fake -0.0890,
Train Epoch: [7/30] Iters:[410/468] gen_loss 0.7465, rec_loss 0.0117, lpips_loss 0.1440, g_loss 0.0894, disc_weight 0.4000, disc_adaptive_weight 6.6006, d_loss 0.4034, logits_real -0.0924, logits_fake -0.0889,
Train Epoch: [7/30] Iters:[420/468] gen_loss 0.7574, rec_loss 0.0117, lpips_loss 0.1442, g_loss 0.0893, disc_weight 0.4000, disc_adaptive_weight 6.7352, d_loss 0.4033, logits_real -0.0924, logits_fake -0.0890,
Train Epoch: [7/30] Iters:[430/468] gen_loss 0.7428, rec_loss 0.0116, lpips_loss 0.1442, g_loss 0.0892, disc_weight 0.4000, disc_adaptive_weight 6.5778, d_loss 0.4032, logits_real -0.0922, logits_fake -0.0890,
Train Epoch: [7/30] Iters:[440/468] gen_loss 0.7615, rec_loss 0.0116, lpips_loss 0.1444, g_loss 0.0892, disc_weight 0.4000, disc_adaptive_weight 6.7970, d_loss 0.4032, logits_real -0.0923, logits_fake -0.0891,
Train Epoch: [7/30] Iters:[450/468] gen_loss 0.7463, rec_loss 0.0116, lpips_loss 0.1442, g_loss 0.0890, disc_weight 0.4000, disc_adaptive_weight 6.6336, d_loss 0.4033, logits_real -0.0923, logits_fake -0.0889,
Train Epoch: [7/30] Iters:[460/468] gen_loss 0.7704, rec_loss 0.0116, lpips_loss 0.1441, g_loss 0.0890, disc_weight 0.4000, disc_adaptive_weight 6.9094, d_loss 0.4032, logits_real -0.0922, logits_fake -0.0891,
epoch:8, cur_lr:0.000010
Train Epoch: [8/30] Iters:[10/468] gen_loss 0.7999, rec_loss 0.0114, lpips_loss 0.1431, g_loss 0.0891, disc_weight 0.4000, disc_adaptive_weight 7.2370, d_loss 0.4032, logits_real -0.0918, logits_fake -0.0884,
Train Epoch: [8/30] Iters:[20/468] gen_loss 0.7150, rec_loss 0.0115, lpips_loss 0.1427, g_loss 0.0887, disc_weight 0.4000, disc_adaptive_weight 6.3116, d_loss 0.4032, logits_real -0.0916, logits_fake -0.0883,
Train Epoch: [8/30] Iters:[30/468] gen_loss 0.7278, rec_loss 0.0115, lpips_loss 0.1429, g_loss 0.0884, disc_weight 0.4000, disc_adaptive_weight 6.4799, d_loss 0.4032, logits_real -0.0913, logits_fake -0.0881,
Train Epoch: [8/30] Iters:[40/468] gen_loss 0.7583, rec_loss 0.0113, lpips_loss 0.1425, g_loss 0.0882, disc_weight 0.4000, disc_adaptive_weight 6.8581, d_loss 0.4032, logits_real -0.0910, logits_fake -0.0879,
Train Epoch: [8/30] Iters:[50/468] gen_loss 0.7761, rec_loss 0.0114, lpips_loss 0.1426, g_loss 0.0878, disc_weight 0.4000, disc_adaptive_weight 7.0893, d_loss 0.4032, logits_real -0.0908, logits_fake -0.0876,
Train Epoch: [8/30] Iters:[60/468] gen_loss 0.7787, rec_loss 0.0114, lpips_loss 0.1429, g_loss 0.0871, disc_weight 0.4000, disc_adaptive_weight 7.1758, d_loss 0.4032, logits_real -0.0903, logits_fake -0.0869,
Train Epoch: [8/30] Iters:[70/468] gen_loss 0.7897, rec_loss 0.0114, lpips_loss 0.1433, g_loss 0.0867, disc_weight 0.4000, disc_adaptive_weight 7.3259, d_loss 0.4032, logits_real -0.0899, logits_fake -0.0864,
Train Epoch: [8/30] Iters:[80/468] gen_loss 0.8107, rec_loss 0.0114, lpips_loss 0.1438, g_loss 0.0865, disc_weight 0.4000, disc_adaptive_weight 7.5742, d_loss 0.4032, logits_real -0.0897, logits_fake -0.0863,
Train Epoch: [8/30] Iters:[90/468] gen_loss 0.8488, rec_loss 0.0115, lpips_loss 0.1440, g_loss 0.0863, disc_weight 0.4000, disc_adaptive_weight 8.0287, d_loss 0.4031, logits_real -0.0896, logits_fake -0.0862,
Train Epoch: [8/30] Iters:[100/468] gen_loss 0.8518, rec_loss 0.0116, lpips_loss 0.1444, g_loss 0.0864, disc_weight 0.4000, disc_adaptive_weight 8.0529, d_loss 0.4031, logits_real -0.0895, logits_fake -0.0861,
Train Epoch: [8/30] Iters:[110/468] gen_loss 0.8998, rec_loss 0.0117, lpips_loss 0.1447, g_loss 0.0862, disc_weight 0.4000, disc_adaptive_weight 8.6348, d_loss 0.4031, logits_real -0.0897, logits_fake -0.0864,
Train Epoch: [8/30] Iters:[120/468] gen_loss 0.9685, rec_loss 0.0118, lpips_loss 0.1447, g_loss 0.0858, disc_weight 0.4000, disc_adaptive_weight 9.4728, d_loss 0.4031, logits_real -0.0895, logits_fake -0.0861,
Train Epoch: [8/30] Iters:[130/468] gen_loss 0.9660, rec_loss 0.0118, lpips_loss 0.1446, g_loss 0.0855, disc_weight 0.4000, disc_adaptive_weight 9.4770, d_loss 0.4031, logits_real -0.0891, logits_fake -0.0856,
Train Epoch: [8/30] Iters:[140/468] gen_loss 0.9194, rec_loss 0.0118, lpips_loss 0.1454, g_loss 0.0851, disc_weight 0.4000, disc_adaptive_weight 8.9595, d_loss 0.4031, logits_real -0.0889, logits_fake -0.0854,
Train Epoch: [8/30] Iters:[150/468] gen_loss 0.9317, rec_loss 0.0117, lpips_loss 0.1452, g_loss 0.0848, disc_weight 0.4000, disc_adaptive_weight 9.1421, d_loss 0.4032, logits_real -0.0888, logits_fake -0.0850,
Train Epoch: [8/30] Iters:[160/468] gen_loss 0.8760, rec_loss 0.0115, lpips_loss 0.1447, g_loss 0.0848, disc_weight 0.4000, disc_adaptive_weight 8.4831, d_loss 0.4031, logits_real -0.0884, logits_fake -0.0848,
Train Epoch: [8/30] Iters:[170/468] gen_loss 0.8576, rec_loss 0.0114, lpips_loss 0.1446, g_loss 0.0850, disc_weight 0.4000, disc_adaptive_weight 8.2472, d_loss 0.4030, logits_real -0.0884, logits_fake -0.0850,
Train Epoch: [8/30] Iters:[180/468] gen_loss 0.8511, rec_loss 0.0115, lpips_loss 0.1447, g_loss 0.0849, disc_weight 0.4000, disc_adaptive_weight 8.1758, d_loss 0.4031, logits_real -0.0885, logits_fake -0.0851,
Train Epoch: [8/30] Iters:[190/468] gen_loss 0.8374, rec_loss 0.0114, lpips_loss 0.1442, g_loss 0.0850, disc_weight 0.4000, disc_adaptive_weight 8.0179, d_loss 0.4031, logits_real -0.0882, logits_fake -0.0848,
Train Epoch: [8/30] Iters:[200/468] gen_loss 0.8044, rec_loss 0.0114, lpips_loss 0.1440, g_loss 0.0846, disc_weight 0.4000, disc_adaptive_weight 7.6633, d_loss 0.4030, logits_real -0.0880, logits_fake -0.0846,
Train Epoch: [8/30] Iters:[210/468] gen_loss 0.7767, rec_loss 0.0114, lpips_loss 0.1438, g_loss 0.0844, disc_weight 0.4000, disc_adaptive_weight 7.3520, d_loss 0.4030, logits_real -0.0879, logits_fake -0.0843,
Train Epoch: [8/30] Iters:[220/468] gen_loss 0.7417, rec_loss 0.0114, lpips_loss 0.1439, g_loss 0.0842, disc_weight 0.4000, disc_adaptive_weight 6.9611, d_loss 0.4030, logits_real -0.0877, logits_fake -0.0841,
Train Epoch: [8/30] Iters:[230/468] gen_loss 0.7063, rec_loss 0.0114, lpips_loss 0.1438, g_loss 0.0840, disc_weight 0.4000, disc_adaptive_weight 6.5601, d_loss 0.4031, logits_real -0.0874, logits_fake -0.0838,
Train Epoch: [8/30] Iters:[240/468] gen_loss 0.7110, rec_loss 0.0115, lpips_loss 0.1440, g_loss 0.0837, disc_weight 0.4000, disc_adaptive_weight 6.6344, d_loss 0.4030, logits_real -0.0873, logits_fake -0.0836,
Train Epoch: [8/30] Iters:[250/468] gen_loss 0.6844, rec_loss 0.0115, lpips_loss 0.1442, g_loss 0.0838, disc_weight 0.4000, disc_adaptive_weight 6.3090, d_loss 0.4030, logits_real -0.0872, logits_fake -0.0837,
Train Epoch: [8/30] Iters:[260/468] gen_loss 0.6949, rec_loss 0.0114, lpips_loss 0.1444, g_loss 0.0837, disc_weight 0.4000, disc_adaptive_weight 6.4409, d_loss 0.4029, logits_real -0.0870, logits_fake -0.0838,
Train Epoch: [8/30] Iters:[270/468] gen_loss 0.6869, rec_loss 0.0115, lpips_loss 0.1443, g_loss 0.0836, disc_weight 0.4000, disc_adaptive_weight 6.3535, d_loss 0.4030, logits_real -0.0871, logits_fake -0.0838,
Train Epoch: [8/30] Iters:[280/468] gen_loss 0.7019, rec_loss 0.0114, lpips_loss 0.1439, g_loss 0.0839, disc_weight 0.4000, disc_adaptive_weight 6.5162, d_loss 0.4029, logits_real -0.0872, logits_fake -0.0841,
Train Epoch: [8/30] Iters:[290/468] gen_loss 0.6947, rec_loss 0.0114, lpips_loss 0.1441, g_loss 0.0842, disc_weight 0.4000, disc_adaptive_weight 6.3966, d_loss 0.4029, logits_real -0.0874, logits_fake -0.0844,
Train Epoch: [8/30] Iters:[300/468] gen_loss 0.7063, rec_loss 0.0115, lpips_loss 0.1440, g_loss 0.0846, disc_weight 0.4000, disc_adaptive_weight 6.5065, d_loss 0.4029, logits_real -0.0876, logits_fake -0.0846,
Train Epoch: [8/30] Iters:[310/468] gen_loss 0.6872, rec_loss 0.0115, lpips_loss 0.1436, g_loss 0.0848, disc_weight 0.4000, disc_adaptive_weight 6.2708, d_loss 0.4029, logits_real -0.0878, logits_fake -0.0845,
Train Epoch: [8/30] Iters:[320/468] gen_loss 0.6633, rec_loss 0.0113, lpips_loss 0.1435, g_loss 0.0848, disc_weight 0.4000, disc_adaptive_weight 5.9840, d_loss 0.4029, logits_real -0.0877, logits_fake -0.0845,
Train Epoch: [8/30] Iters:[330/468] gen_loss 0.6566, rec_loss 0.0114, lpips_loss 0.1429, g_loss 0.0848, disc_weight 0.4000, disc_adaptive_weight 5.9151, d_loss 0.4029, logits_real -0.0876, logits_fake -0.0844,
Train Epoch: [8/30] Iters:[340/468] gen_loss 0.6499, rec_loss 0.0113, lpips_loss 0.1427, g_loss 0.0846, disc_weight 0.4000, disc_adaptive_weight 5.8532, d_loss 0.4029, logits_real -0.0875, logits_fake -0.0844,
Train Epoch: [8/30] Iters:[350/468] gen_loss 0.6590, rec_loss 0.0114, lpips_loss 0.1426, g_loss 0.0846, disc_weight 0.4000, disc_adaptive_weight 5.9569, d_loss 0.4029, logits_real -0.0875, logits_fake -0.0844,
Train Epoch: [8/30] Iters:[360/468] gen_loss 0.6841, rec_loss 0.0114, lpips_loss 0.1430, g_loss 0.0849, disc_weight 0.4000, disc_adaptive_weight 6.2306, d_loss 0.4029, logits_real -0.0878, logits_fake -0.0846,
Train Epoch: [8/30] Iters:[370/468] gen_loss 0.7249, rec_loss 0.0115, lpips_loss 0.1429, g_loss 0.0853, disc_weight 0.4000, disc_adaptive_weight 6.6799, d_loss 0.4028, logits_real -0.0881, logits_fake -0.0850,
Train Epoch: [8/30] Iters:[380/468] gen_loss 0.7502, rec_loss 0.0114, lpips_loss 0.1432, g_loss 0.0854, disc_weight 0.4000, disc_adaptive_weight 6.9678, d_loss 0.4028, logits_real -0.0884, logits_fake -0.0853,
Train Epoch: [8/30] Iters:[390/468] gen_loss 0.7436, rec_loss 0.0116, lpips_loss 0.1430, g_loss 0.0853, disc_weight 0.4000, disc_adaptive_weight 6.8954, d_loss 0.4029, logits_real -0.0885, logits_fake -0.0851,
Train Epoch: [8/30] Iters:[400/468] gen_loss 0.7334, rec_loss 0.0115, lpips_loss 0.1430, g_loss 0.0852, disc_weight 0.4000, disc_adaptive_weight 6.7898, d_loss 0.4029, logits_real -0.0885, logits_fake -0.0850,
Train Epoch: [8/30] Iters:[410/468] gen_loss 0.7297, rec_loss 0.0116, lpips_loss 0.1430, g_loss 0.0850, disc_weight 0.4000, disc_adaptive_weight 6.7608, d_loss 0.4028, logits_real -0.0882, logits_fake -0.0849,
Train Epoch: [8/30] Iters:[420/468] gen_loss 0.7180, rec_loss 0.0117, lpips_loss 0.1433, g_loss 0.0846, disc_weight 0.4000, disc_adaptive_weight 6.6513, d_loss 0.4029, logits_real -0.0880, logits_fake -0.0845,
Train Epoch: [8/30] Iters:[430/468] gen_loss 0.7402, rec_loss 0.0118, lpips_loss 0.1436, g_loss 0.0841, disc_weight 0.4000, disc_adaptive_weight 6.9620, d_loss 0.4029, logits_real -0.0876, logits_fake -0.0840,
Train Epoch: [8/30] Iters:[440/468] gen_loss 0.7486, rec_loss 0.0118, lpips_loss 0.1441, g_loss 0.0838, disc_weight 0.4000, disc_adaptive_weight 7.0820, d_loss 0.4029, logits_real -0.0871, logits_fake -0.0836,
Train Epoch: [8/30] Iters:[450/468] gen_loss 0.7635, rec_loss 0.0118, lpips_loss 0.1446, g_loss 0.0836, disc_weight 0.4000, disc_adaptive_weight 7.2686, d_loss 0.4029, logits_real -0.0869, logits_fake -0.0833,
Train Epoch: [8/30] Iters:[460/468] gen_loss 0.7667, rec_loss 0.0118, lpips_loss 0.1446, g_loss 0.0836, disc_weight 0.4000, disc_adaptive_weight 7.3076, d_loss 0.4029, logits_real -0.0868, logits_fake -0.0832,
epoch:9, cur_lr:0.000010
Train Epoch: [9/30] Iters:[10/468] gen_loss 0.5941, rec_loss 0.0114, lpips_loss 0.1444, g_loss 0.0838, disc_weight 0.4000, disc_adaptive_weight 5.2330, d_loss 0.4028, logits_real -0.0868, logits_fake -0.0835,
Train Epoch: [9/30] Iters:[20/468] gen_loss 0.6390, rec_loss 0.0114, lpips_loss 0.1446, g_loss 0.0835, disc_weight 0.4000, disc_adaptive_weight 5.7864, d_loss 0.4028, logits_real -0.0865, logits_fake -0.0832,
Train Epoch: [9/30] Iters:[30/468] gen_loss 0.7114, rec_loss 0.0114, lpips_loss 0.1437, g_loss 0.0833, disc_weight 0.4000, disc_adaptive_weight 6.6834, d_loss 0.4028, logits_real -0.0863, logits_fake -0.0829,
Train Epoch: [9/30] Iters:[40/468] gen_loss 0.7051, rec_loss 0.0114, lpips_loss 0.1436, g_loss 0.0829, disc_weight 0.4000, disc_adaptive_weight 6.6382, d_loss 0.4028, logits_real -0.0859, logits_fake -0.0826,
Train Epoch: [9/30] Iters:[50/468] gen_loss 0.6951, rec_loss 0.0115, lpips_loss 0.1437, g_loss 0.0827, disc_weight 0.4000, disc_adaptive_weight 6.5265, d_loss 0.4028, logits_real -0.0858, logits_fake -0.0824,
Train Epoch: [9/30] Iters:[60/468] gen_loss 0.6944, rec_loss 0.0115, lpips_loss 0.1433, g_loss 0.0820, disc_weight 0.4000, disc_adaptive_weight 6.5704, d_loss 0.4028, logits_real -0.0852, logits_fake -0.0818,
Train Epoch: [9/30] Iters:[70/468] gen_loss 0.7239, rec_loss 0.0115, lpips_loss 0.1430, g_loss 0.0812, disc_weight 0.4000, disc_adaptive_weight 7.0092, d_loss 0.4028, logits_real -0.0846, logits_fake -0.0811,
Train Epoch: [9/30] Iters:[80/468] gen_loss 0.7142, rec_loss 0.0115, lpips_loss 0.1434, g_loss 0.0803, disc_weight 0.4000, disc_adaptive_weight 6.9760, d_loss 0.4028, logits_real -0.0838, logits_fake -0.0803,
Train Epoch: [9/30] Iters:[90/468] gen_loss 0.7068, rec_loss 0.0115, lpips_loss 0.1433, g_loss 0.0798, disc_weight 0.4000, disc_adaptive_weight 6.9256, d_loss 0.4028, logits_real -0.0835, logits_fake -0.0798,
Train Epoch: [9/30] Iters:[100/468] gen_loss 0.7347, rec_loss 0.0115, lpips_loss 0.1437, g_loss 0.0793, disc_weight 0.4000, disc_adaptive_weight 7.3110, d_loss 0.4028, logits_real -0.0830, logits_fake -0.0794,
Train Epoch: [9/30] Iters:[110/468] gen_loss 0.7465, rec_loss 0.0115, lpips_loss 0.1444, g_loss 0.0794, disc_weight 0.4000, disc_adaptive_weight 7.4470, d_loss 0.4028, logits_real -0.0829, logits_fake -0.0793,
Train Epoch: [9/30] Iters:[120/468] gen_loss 0.7226, rec_loss 0.0115, lpips_loss 0.1446, g_loss 0.0797, disc_weight 0.4000, disc_adaptive_weight 7.1187, d_loss 0.4027, logits_real -0.0831, logits_fake -0.0795,
Train Epoch: [9/30] Iters:[130/468] gen_loss 0.7002, rec_loss 0.0115, lpips_loss 0.1446, g_loss 0.0799, disc_weight 0.4000, disc_adaptive_weight 6.8094, d_loss 0.4027, logits_real -0.0833, logits_fake -0.0799,
Train Epoch: [9/30] Iters:[140/468] gen_loss 0.7220, rec_loss 0.0115, lpips_loss 0.1447, g_loss 0.0802, disc_weight 0.4000, disc_adaptive_weight 7.0605, d_loss 0.4027, logits_real -0.0835, logits_fake -0.0801,
Train Epoch: [9/30] Iters:[150/468] gen_loss 0.6850, rec_loss 0.0114, lpips_loss 0.1443, g_loss 0.0801, disc_weight 0.4000, disc_adaptive_weight 6.5997, d_loss 0.4027, logits_real -0.0835, logits_fake -0.0800,
Train Epoch: [9/30] Iters:[160/468] gen_loss 0.7038, rec_loss 0.0114, lpips_loss 0.1439, g_loss 0.0799, disc_weight 0.4000, disc_adaptive_weight 6.8573, d_loss 0.4027, logits_real -0.0833, logits_fake -0.0799,
Train Epoch: [9/30] Iters:[170/468] gen_loss 0.6893, rec_loss 0.0113, lpips_loss 0.1436, g_loss 0.0796, disc_weight 0.4000, disc_adaptive_weight 6.7088, d_loss 0.4027, logits_real -0.0830, logits_fake -0.0796,
Train Epoch: [9/30] Iters:[180/468] gen_loss 0.6755, rec_loss 0.0114, lpips_loss 0.1436, g_loss 0.0793, disc_weight 0.4000, disc_adaptive_weight 6.5550, d_loss 0.4027, logits_real -0.0826, logits_fake -0.0792,
Train Epoch: [9/30] Iters:[190/468] gen_loss 0.6516, rec_loss 0.0115, lpips_loss 0.1434, g_loss 0.0787, disc_weight 0.4000, disc_adaptive_weight 6.3060, d_loss 0.4026, logits_real -0.0820, logits_fake -0.0787,
Train Epoch: [9/30] Iters:[200/468] gen_loss 0.6788, rec_loss 0.0115, lpips_loss 0.1434, g_loss 0.0784, disc_weight 0.4000, disc_adaptive_weight 6.6790, d_loss 0.4026, logits_real -0.0815, logits_fake -0.0783,
Train Epoch: [9/30] Iters:[210/468] gen_loss 0.6827, rec_loss 0.0116, lpips_loss 0.1438, g_loss 0.0781, disc_weight 0.4000, disc_adaptive_weight 6.7459, d_loss 0.4026, logits_real -0.0812, logits_fake -0.0779,
Train Epoch: [9/30] Iters:[220/468] gen_loss 0.6876, rec_loss 0.0116, lpips_loss 0.1439, g_loss 0.0779, disc_weight 0.4000, disc_adaptive_weight 6.8213, d_loss 0.4026, logits_real -0.0811, logits_fake -0.0778,
Train Epoch: [9/30] Iters:[230/468] gen_loss 0.7217, rec_loss 0.0115, lpips_loss 0.1435, g_loss 0.0779, disc_weight 0.4000, disc_adaptive_weight 7.2610, d_loss 0.4026, logits_real -0.0812, logits_fake -0.0779,
Train Epoch: [9/30] Iters:[240/468] gen_loss 0.7206, rec_loss 0.0115, lpips_loss 0.1436, g_loss 0.0782, disc_weight 0.4000, disc_adaptive_weight 7.2264, d_loss 0.4026, logits_real -0.0813, logits_fake -0.0780,
Train Epoch: [9/30] Iters:[250/468] gen_loss 0.7092, rec_loss 0.0115, lpips_loss 0.1437, g_loss 0.0782, disc_weight 0.4000, disc_adaptive_weight 7.0741, d_loss 0.4026, logits_real -0.0814, logits_fake -0.0781,
Train Epoch: [9/30] Iters:[260/468] gen_loss 0.6986, rec_loss 0.0115, lpips_loss 0.1437, g_loss 0.0784, disc_weight 0.4000, disc_adaptive_weight 6.9317, d_loss 0.4026, logits_real -0.0815, logits_fake -0.0783,
Train Epoch: [9/30] Iters:[270/468] gen_loss 0.7092, rec_loss 0.0115, lpips_loss 0.1436, g_loss 0.0785, disc_weight 0.4000, disc_adaptive_weight 7.0618, d_loss 0.4026, logits_real -0.0816, logits_fake -0.0782,
Train Epoch: [9/30] Iters:[280/468] gen_loss 0.6752, rec_loss 0.0115, lpips_loss 0.1438, g_loss 0.0782, disc_weight 0.4000, disc_adaptive_weight 6.6471, d_loss 0.4026, logits_real -0.0813, logits_fake -0.0780,
Train Epoch: [9/30] Iters:[290/468] gen_loss 0.6938, rec_loss 0.0115, lpips_loss 0.1437, g_loss 0.0780, disc_weight 0.4000, disc_adaptive_weight 6.9030, d_loss 0.4026, logits_real -0.0811, logits_fake -0.0779,
Train Epoch: [9/30] Iters:[300/468] gen_loss 0.6796, rec_loss 0.0115, lpips_loss 0.1436, g_loss 0.0778, disc_weight 0.4000, disc_adaptive_weight 6.7361, d_loss 0.4026, logits_real -0.0813, logits_fake -0.0778,
Train Epoch: [9/30] Iters:[310/468] gen_loss 0.6727, rec_loss 0.0115, lpips_loss 0.1431, g_loss 0.0778, disc_weight 0.4000, disc_adaptive_weight 6.6533, d_loss 0.4026, logits_real -0.0812, logits_fake -0.0778,
Train Epoch: [9/30] Iters:[320/468] gen_loss 0.6739, rec_loss 0.0115, lpips_loss 0.1430, g_loss 0.0779, disc_weight 0.4000, disc_adaptive_weight 6.6678, d_loss 0.4026, logits_real -0.0813, logits_fake -0.0779,
Train Epoch: [9/30] Iters:[330/468] gen_loss 0.6773, rec_loss 0.0115, lpips_loss 0.1431, g_loss 0.0782, disc_weight 0.4000, disc_adaptive_weight 6.6854, d_loss 0.4026, logits_real -0.0816, logits_fake -0.0782,
Train Epoch: [9/30] Iters:[340/468] gen_loss 0.6540, rec_loss 0.0115, lpips_loss 0.1431, g_loss 0.0783, disc_weight 0.4000, disc_adaptive_weight 6.3737, d_loss 0.4026, logits_real -0.0819, logits_fake -0.0784,
Train Epoch: [9/30] Iters:[350/468] gen_loss 0.6662, rec_loss 0.0114, lpips_loss 0.1427, g_loss 0.0785, disc_weight 0.4000, disc_adaptive_weight 6.5227, d_loss 0.4026, logits_real -0.0818, logits_fake -0.0783,
Train Epoch: [9/30] Iters:[360/468] gen_loss 0.6760, rec_loss 0.0114, lpips_loss 0.1429, g_loss 0.0783, disc_weight 0.4000, disc_adaptive_weight 6.6647, d_loss 0.4025, logits_real -0.0815, logits_fake -0.0781,
Train Epoch: [9/30] Iters:[370/468] gen_loss 0.6557, rec_loss 0.0113, lpips_loss 0.1429, g_loss 0.0778, disc_weight 0.4000, disc_adaptive_weight 6.4402, d_loss 0.4025, logits_real -0.0811, logits_fake -0.0779,
Train Epoch: [9/30] Iters:[380/468] gen_loss 0.6810, rec_loss 0.0113, lpips_loss 0.1429, g_loss 0.0774, disc_weight 0.4000, disc_adaptive_weight 6.7993, d_loss 0.4025, logits_real -0.0806, logits_fake -0.0775,
Train Epoch: [9/30] Iters:[390/468] gen_loss 0.6855, rec_loss 0.0115, lpips_loss 0.1435, g_loss 0.0769, disc_weight 0.4000, disc_adaptive_weight 6.8861, d_loss 0.4025, logits_real -0.0801, logits_fake -0.0769,
Train Epoch: [9/30] Iters:[400/468] gen_loss 0.6938, rec_loss 0.0116, lpips_loss 0.1438, g_loss 0.0764, disc_weight 0.4000, disc_adaptive_weight 7.0345, d_loss 0.4025, logits_real -0.0795, logits_fake -0.0763,
Train Epoch: [9/30] Iters:[410/468] gen_loss 0.7176, rec_loss 0.0116, lpips_loss 0.1442, g_loss 0.0759, disc_weight 0.4000, disc_adaptive_weight 7.4022, d_loss 0.4025, logits_real -0.0791, logits_fake -0.0760,
Train Epoch: [9/30] Iters:[420/468] gen_loss 0.7362, rec_loss 0.0118, lpips_loss 0.1444, g_loss 0.0756, disc_weight 0.4000, disc_adaptive_weight 7.6715, d_loss 0.4025, logits_real -0.0787, logits_fake -0.0755,
Train Epoch: [9/30] Iters:[430/468] gen_loss 0.7230, rec_loss 0.0118, lpips_loss 0.1444, g_loss 0.0751, disc_weight 0.4000, disc_adaptive_weight 7.5375, d_loss 0.4025, logits_real -0.0783, logits_fake -0.0751,
Train Epoch: [9/30] Iters:[440/468] gen_loss 0.7386, rec_loss 0.0117, lpips_loss 0.1441, g_loss 0.0748, disc_weight 0.4000, disc_adaptive_weight 7.7782, d_loss 0.4025, logits_real -0.0781, logits_fake -0.0748,
Train Epoch: [9/30] Iters:[450/468] gen_loss 0.7495, rec_loss 0.0117, lpips_loss 0.1442, g_loss 0.0745, disc_weight 0.4000, disc_adaptive_weight 7.9569, d_loss 0.4025, logits_real -0.0778, logits_fake -0.0746,
Train Epoch: [9/30] Iters:[460/468] gen_loss 0.7523, rec_loss 0.0116, lpips_loss 0.1438, g_loss 0.0739, disc_weight 0.4000, disc_adaptive_weight 8.0833, d_loss 0.4025, logits_real -0.0774, logits_fake -0.0741,
epoch:10, cur_lr:0.000010
Train Epoch: [10/30] Iters:[10/468] gen_loss 0.6023, rec_loss 0.0116, lpips_loss 0.1411, g_loss 0.0734, disc_weight 0.4000, disc_adaptive_weight 6.1255, d_loss 0.4024, logits_real -0.0765, logits_fake -0.0735,
Train Epoch: [10/30] Iters:[20/468] gen_loss 0.6912, rec_loss 0.0119, lpips_loss 0.1445, g_loss 0.0732, disc_weight 0.4000, disc_adaptive_weight 7.3140, d_loss 0.4023, logits_real -0.0762, logits_fake -0.0734,
Train Epoch: [10/30] Iters:[30/468] gen_loss 0.6864, rec_loss 0.0117, lpips_loss 0.1446, g_loss 0.0729, disc_weight 0.4000, disc_adaptive_weight 7.2788, d_loss 0.4024, logits_real -0.0762, logits_fake -0.0731,
Train Epoch: [10/30] Iters:[40/468] gen_loss 0.6664, rec_loss 0.0117, lpips_loss 0.1445, g_loss 0.0729, disc_weight 0.4000, disc_adaptive_weight 7.0010, d_loss 0.4024, logits_real -0.0762, logits_fake -0.0730,
Train Epoch: [10/30] Iters:[50/468] gen_loss 0.6555, rec_loss 0.0117, lpips_loss 0.1441, g_loss 0.0728, disc_weight 0.4000, disc_adaptive_weight 6.8639, d_loss 0.4024, logits_real -0.0763, logits_fake -0.0730,
Train Epoch: [10/30] Iters:[60/468] gen_loss 0.6567, rec_loss 0.0118, lpips_loss 0.1449, g_loss 0.0730, disc_weight 0.4000, disc_adaptive_weight 6.8559, d_loss 0.4024, logits_real -0.0763, logits_fake -0.0731,
Train Epoch: [10/30] Iters:[70/468] gen_loss 0.6390, rec_loss 0.0117, lpips_loss 0.1442, g_loss 0.0732, disc_weight 0.4000, disc_adaptive_weight 6.5982, d_loss 0.4024, logits_real -0.0766, logits_fake -0.0732,
Train Epoch: [10/30] Iters:[80/468] gen_loss 0.6723, rec_loss 0.0118, lpips_loss 0.1440, g_loss 0.0734, disc_weight 0.4000, disc_adaptive_weight 7.0263, d_loss 0.4024, logits_real -0.0768, logits_fake -0.0735,
Train Epoch: [10/30] Iters:[90/468] gen_loss 0.6757, rec_loss 0.0117, lpips_loss 0.1435, g_loss 0.0737, disc_weight 0.4000, disc_adaptive_weight 7.0614, d_loss 0.4024, logits_real -0.0770, logits_fake -0.0736,
Train Epoch: [10/30] Iters:[100/468] gen_loss 0.6618, rec_loss 0.0114, lpips_loss 0.1433, g_loss 0.0739, disc_weight 0.4000, disc_adaptive_weight 6.8597, d_loss 0.4024, logits_real -0.0770, logits_fake -0.0737,
Train Epoch: [10/30] Iters:[110/468] gen_loss 0.6618, rec_loss 0.0113, lpips_loss 0.1428, g_loss 0.0738, disc_weight 0.4000, disc_adaptive_weight 6.8798, d_loss 0.4024, logits_real -0.0769, logits_fake -0.0736,
Train Epoch: [10/30] Iters:[120/468] gen_loss 0.6479, rec_loss 0.0112, lpips_loss 0.1425, g_loss 0.0737, disc_weight 0.4000, disc_adaptive_weight 6.7072, d_loss 0.4024, logits_real -0.0768, logits_fake -0.0735,
Train Epoch: [10/30] Iters:[130/468] gen_loss 0.6101, rec_loss 0.0111, lpips_loss 0.1421, g_loss 0.0737, disc_weight 0.4000, disc_adaptive_weight 6.2008, d_loss 0.4024, logits_real -0.0767, logits_fake -0.0733,
Train Epoch: [10/30] Iters:[140/468] gen_loss 0.6010, rec_loss 0.0112, lpips_loss 0.1422, g_loss 0.0734, disc_weight 0.4000, disc_adaptive_weight 6.0988, d_loss 0.4024, logits_real -0.0764, logits_fake -0.0733,
Train Epoch: [10/30] Iters:[150/468] gen_loss 0.6276, rec_loss 0.0113, lpips_loss 0.1428, g_loss 0.0731, disc_weight 0.4000, disc_adaptive_weight 6.4797, d_loss 0.4024, logits_real -0.0762, logits_fake -0.0730,
Train Epoch: [10/30] Iters:[160/468] gen_loss 0.6293, rec_loss 0.0114, lpips_loss 0.1429, g_loss 0.0727, disc_weight 0.4000, disc_adaptive_weight 6.5343, d_loss 0.4024, logits_real -0.0759, logits_fake -0.0726,
Train Epoch: [10/30] Iters:[170/468] gen_loss 0.6490, rec_loss 0.0115, lpips_loss 0.1435, g_loss 0.0720, disc_weight 0.4000, disc_adaptive_weight 6.8664, d_loss 0.4024, logits_real -0.0752, logits_fake -0.0719,
Train Epoch: [10/30] Iters:[180/468] gen_loss 0.6540, rec_loss 0.0115, lpips_loss 0.1438, g_loss 0.0711, disc_weight 0.4000, disc_adaptive_weight 7.0194, d_loss 0.4023, logits_real -0.0743, logits_fake -0.0712,
Train Epoch: [10/30] Iters:[190/468] gen_loss 0.6619, rec_loss 0.0115, lpips_loss 0.1440, g_loss 0.0706, disc_weight 0.4000, disc_adaptive_weight 7.1706, d_loss 0.4023, logits_real -0.0737, logits_fake -0.0706,
Train Epoch: [10/30] Iters:[200/468] gen_loss 0.6489, rec_loss 0.0117, lpips_loss 0.1442, g_loss 0.0703, disc_weight 0.4000, disc_adaptive_weight 7.0159, d_loss 0.4023, logits_real -0.0733, logits_fake -0.0701,
Train Epoch: [10/30] Iters:[210/468] gen_loss 0.6692, rec_loss 0.0116, lpips_loss 0.1445, g_loss 0.0699, disc_weight 0.4000, disc_adaptive_weight 7.3445, d_loss 0.4023, logits_real -0.0729, logits_fake -0.0699,
Train Epoch: [10/30] Iters:[220/468] gen_loss 0.6467, rec_loss 0.0116, lpips_loss 0.1442, g_loss 0.0697, disc_weight 0.4000, disc_adaptive_weight 7.0485, d_loss 0.4022, logits_real -0.0728, logits_fake -0.0699,
Train Epoch: [10/30] Iters:[230/468] gen_loss 0.6402, rec_loss 0.0116, lpips_loss 0.1447, g_loss 0.0699, disc_weight 0.4000, disc_adaptive_weight 6.9228, d_loss 0.4023, logits_real -0.0731, logits_fake -0.0700,
Train Epoch: [10/30] Iters:[240/468] gen_loss 0.6495, rec_loss 0.0117, lpips_loss 0.1450, g_loss 0.0698, disc_weight 0.4000, disc_adaptive_weight 7.0618, d_loss 0.4023, logits_real -0.0731, logits_fake -0.0699,
Train Epoch: [10/30] Iters:[250/468] gen_loss 0.6673, rec_loss 0.0115, lpips_loss 0.1445, g_loss 0.0696, disc_weight 0.4000, disc_adaptive_weight 7.3499, d_loss 0.4023, logits_real -0.0729, logits_fake -0.0698,
Train Epoch: [10/30] Iters:[260/468] gen_loss 0.6618, rec_loss 0.0116, lpips_loss 0.1442, g_loss 0.0694, disc_weight 0.4000, disc_adaptive_weight 7.2967, d_loss 0.4023, logits_real -0.0727, logits_fake -0.0693,
Train Epoch: [10/30] Iters:[270/468] gen_loss 0.6829, rec_loss 0.0115, lpips_loss 0.1436, g_loss 0.0692, disc_weight 0.4000, disc_adaptive_weight 7.6249, d_loss 0.4024, logits_real -0.0726, logits_fake -0.0690,
Train Epoch: [10/30] Iters:[280/468] gen_loss 0.6960, rec_loss 0.0114, lpips_loss 0.1432, g_loss 0.0689, disc_weight 0.4000, disc_adaptive_weight 7.8562, d_loss 0.4023, logits_real -0.0720, logits_fake -0.0687,
Train Epoch: [10/30] Iters:[290/468] gen_loss 0.7058, rec_loss 0.0115, lpips_loss 0.1433, g_loss 0.0687, disc_weight 0.4000, disc_adaptive_weight 8.0179, d_loss 0.4023, logits_real -0.0718, logits_fake -0.0686,
Train Epoch: [10/30] Iters:[300/468] gen_loss 0.7099, rec_loss 0.0114, lpips_loss 0.1435, g_loss 0.0689, disc_weight 0.4000, disc_adaptive_weight 8.0536, d_loss 0.4023, logits_real -0.0721, logits_fake -0.0689,
Train Epoch: [10/30] Iters:[310/468] gen_loss 0.7397, rec_loss 0.0115, lpips_loss 0.1434, g_loss 0.0693, disc_weight 0.4000, disc_adaptive_weight 8.4281, d_loss 0.4023, logits_real -0.0726, logits_fake -0.0694,
Train Epoch: [10/30] Iters:[320/468] gen_loss 0.7318, rec_loss 0.0118, lpips_loss 0.1444, g_loss 0.0697, disc_weight 0.4000, disc_adaptive_weight 8.2631, d_loss 0.4022, logits_real -0.0729, logits_fake -0.0697,
Train Epoch: [10/30] Iters:[330/468] gen_loss 0.6954, rec_loss 0.0118, lpips_loss 0.1446, g_loss 0.0700, disc_weight 0.4000, disc_adaptive_weight 7.7035, d_loss 0.4022, logits_real -0.0732, logits_fake -0.0700,
Train Epoch: [10/30] Iters:[340/468] gen_loss 0.6781, rec_loss 0.0117, lpips_loss 0.1443, g_loss 0.0703, disc_weight 0.4000, disc_adaptive_weight 7.4313, d_loss 0.4022, logits_real -0.0733, logits_fake -0.0702,
Train Epoch: [10/30] Iters:[350/468] gen_loss 0.6567, rec_loss 0.0118, lpips_loss 0.1442, g_loss 0.0700, disc_weight 0.4000, disc_adaptive_weight 7.1529, d_loss 0.4022, logits_real -0.0729, logits_fake -0.0698,
Train Epoch: [10/30] Iters:[360/468] gen_loss 0.6092, rec_loss 0.0117, lpips_loss 0.1441, g_loss 0.0695, disc_weight 0.4000, disc_adaptive_weight 6.5275, d_loss 0.4022, logits_real -0.0723, logits_fake -0.0695,
Train Epoch: [10/30] Iters:[370/468] gen_loss 0.6070, rec_loss 0.0115, lpips_loss 0.1438, g_loss 0.0690, disc_weight 0.4000, disc_adaptive_weight 6.5533, d_loss 0.4021, logits_real -0.0716, logits_fake -0.0690,
Train Epoch: [10/30] Iters:[380/468] gen_loss 0.6395, rec_loss 0.0116, lpips_loss 0.1438, g_loss 0.0683, disc_weight 0.4000, disc_adaptive_weight 7.1027, d_loss 0.4022, logits_real -0.0711, logits_fake -0.0683,
Train Epoch: [10/30] Iters:[390/468] gen_loss 0.6420, rec_loss 0.0116, lpips_loss 0.1438, g_loss 0.0676, disc_weight 0.4000, disc_adaptive_weight 7.2096, d_loss 0.4022, logits_real -0.0704, logits_fake -0.0675,
Train Epoch: [10/30] Iters:[400/468] gen_loss 0.6446, rec_loss 0.0116, lpips_loss 0.1442, g_loss 0.0670, disc_weight 0.4000, disc_adaptive_weight 7.3092, d_loss 0.4022, logits_real -0.0701, logits_fake -0.0672,
Train Epoch: [10/30] Iters:[410/468] gen_loss 0.6370, rec_loss 0.0116, lpips_loss 0.1444, g_loss 0.0666, disc_weight 0.4000, disc_adaptive_weight 7.2301, d_loss 0.4022, logits_real -0.0697, logits_fake -0.0668,
Train Epoch: [10/30] Iters:[420/468] gen_loss 0.6157, rec_loss 0.0116, lpips_loss 0.1444, g_loss 0.0664, disc_weight 0.4000, disc_adaptive_weight 6.9286, d_loss 0.4022, logits_real -0.0699, logits_fake -0.0667,
Train Epoch: [10/30] Iters:[430/468] gen_loss 0.6131, rec_loss 0.0116, lpips_loss 0.1440, g_loss 0.0665, disc_weight 0.4000, disc_adaptive_weight 6.8931, d_loss 0.4022, logits_real -0.0697, logits_fake -0.0666,
Train Epoch: [10/30] Iters:[440/468] gen_loss 0.6231, rec_loss 0.0115, lpips_loss 0.1439, g_loss 0.0665, disc_weight 0.4000, disc_adaptive_weight 7.0409, d_loss 0.4022, logits_real -0.0698, logits_fake -0.0667,
Train Epoch: [10/30] Iters:[450/468] gen_loss 0.6144, rec_loss 0.0114, lpips_loss 0.1438, g_loss 0.0664, disc_weight 0.4000, disc_adaptive_weight 6.9189, d_loss 0.4022, logits_real -0.0695, logits_fake -0.0665,
Train Epoch: [10/30] Iters:[460/468] gen_loss 0.6142, rec_loss 0.0115, lpips_loss 0.1437, g_loss 0.0661, disc_weight 0.4000, disc_adaptive_weight 6.9477, d_loss 0.4022, logits_real -0.0692, logits_fake -0.0662,
Loading pretrained model LPIPS from /home/fangxian/.cache/torch/hub/pyiqa/LPIPS_v0.1_alex-df73285e.pth
