dataset_dir: /projects/yuanai/data/
dataset_name: FFHQ
global_batch_size: 64
workers: 6
resolution: 256
channels: 3
ms_patch_size: 1_2_3_4_5_6_8_10_13_16
importance: (1, 1, 1, 2, 2, 2, 3, 3, 5, 5)
max_patch_size: 16
codebook_size: 16384
codebook_dim: 16
project_dim: 16
pq: 1
L: 4
alpha: 1.0
beta: 0.2
gamma: 1.0
disc_weight: 0.4
lecam_loss_weight: 0.001
disc_cr_loss_weight: 4.0
VQ: wasserstein_vq
use_multiscale: False
transplant_epochs: 30
refinement_epochs: 30
eval_epochs: 5
disc_epoch: 1
lr_transplant: 0.0001
lr_refinement: 1e-05
dropout: 0.0
seed: 3407
weight_decay: 1e-05
stage: refinement
path: bc
checkpoint_dir: /projects/yuanai/projects/VQ-Transplant3/checkpoint/Refinement/FFHQ
results_dir: /projects/yuanai/projects/VQ-Transplant3/results/Refinement/FFHQ
saver_dir: /projects/yuanai/projects/VQ-Transplant3/saver/Refinement/FFHQ
reconstruction_dir: /projects/yuanai/projects/VQ-Transplant3/reconstruction/Refinement/FFHQ
yaml_dir: /projects/yuanai/projects/VQ-Transplant3/yaml/Refinement/FFHQ
pretrained_tokenizer: /projects/yuanai/projects/VQ-Transplant3/pretrained_tokenizer/vae_ch160v4096z32.pth
checkpoint_name: checkpoint-wasserstein_vq_transplant_False_FFHQ_model_16384_16_1_loss_1.0_0.2_1.0_0.3.pth.tar
nnodes: -1
node_rank: -1
local_rank: 0
dist_url: tcp://224.66.41.62:23456
dist_backend: nccl
world_size: 2
batch_size: 32
ms_token_size: (1, 2, 3, 4, 5, 6, 8, 10, 13, 16)
init_checkpoint_dir: /projects/yuanai/projects/VQ-Transplant3/checkpoint/
data_pre: FFHQ
model_pre: model_16384_16_1
loss_pre: loss_1.0_0.2_1.0_0.4
training_pre: wasserstein_vq_refinement_False
saver_name_pre: wasserstein_vq_refinement_False_FFHQ_model_16384_16_1_loss_1.0_0.2_1.0_0.4
| distributed init (rank 1): env://
| distributed init (rank 0): env://
VQ Model Parameters: 108761795
loaded pretrained LPIPS loss from /projects/yuanai/projects/VQ-Transplant3/code/models/cache/vgg.pth
dataset name: FFHQ
len train_set: 70000
len val_set: 70000
Start training...
epoch:1, cur_lr:0.000010
Train Epoch: [1/30] Iters:[10/1093] gen_loss 4.9852, rec_loss 0.0202, lpips_loss 0.2197, g_loss 0.1545, disc_weight 0.4000, disc_adaptive_weight 45.9803, d_loss 2.5075, logits_real -0.2954, logits_fake -0.1462,
Train Epoch: [1/30] Iters:[20/1093] gen_loss 1.8041, rec_loss 0.0584, lpips_loss 0.4304, g_loss 0.0657, disc_weight 0.4000, disc_adaptive_weight 67.1533, d_loss 2.1931, logits_real -0.2905, logits_fake -0.0620,
Train Epoch: [1/30] Iters:[30/1093] gen_loss 1.4026, rec_loss 0.0979, lpips_loss 0.5852, g_loss 0.0406, disc_weight 0.4000, disc_adaptive_weight 67.4878, d_loss 1.9734, logits_real -0.2889, logits_fake -0.0386,
Train Epoch: [1/30] Iters:[40/1093] gen_loss 2.1100, rec_loss 0.1267, lpips_loss 0.6845, g_loss 0.0447, disc_weight 0.4000, disc_adaptive_weight 64.1430, d_loss 1.8150, logits_real -0.2871, logits_fake -0.0441,
Train Epoch: [1/30] Iters:[50/1093] gen_loss 2.4791, rec_loss 0.1382, lpips_loss 0.7407, g_loss 0.0534, disc_weight 0.4000, disc_adaptive_weight 57.6110, d_loss 1.6898, logits_real -0.2854, logits_fake -0.0551,
Train Epoch: [1/30] Iters:[60/1093] gen_loss 3.0953, rec_loss 0.1625, lpips_loss 0.8758, g_loss 0.0472, disc_weight 0.4000, disc_adaptive_weight 59.4539, d_loss 1.3969, logits_real -0.2815, logits_fake -0.0517,
Train Epoch: [1/30] Iters:[70/1093] gen_loss 5.9764, rec_loss 0.1750, lpips_loss 0.9045, g_loss 0.0842, disc_weight 0.4000, disc_adaptive_weight 56.4099, d_loss 1.2102, logits_real -0.2784, logits_fake -0.0901,
Train Epoch: [1/30] Iters:[80/1093] gen_loss 7.2780, rec_loss 0.1769, lpips_loss 0.8653, g_loss 0.1225, disc_weight 0.4000, disc_adaptive_weight 49.6432, d_loss 1.0786, logits_real -0.2749, logits_fake -0.1280,
Train Epoch: [1/30] Iters:[90/1093] gen_loss 6.8114, rec_loss 0.1745, lpips_loss 0.8038, g_loss 0.1568, disc_weight 0.4000, disc_adaptive_weight 39.7244, d_loss 0.9748, logits_real -0.2717, logits_fake -0.1607,
Train Epoch: [1/30] Iters:[100/1093] gen_loss 6.8645, rec_loss 0.1774, lpips_loss 0.7474, g_loss 0.1905, disc_weight 0.4000, disc_adaptive_weight 36.0782, d_loss 0.8901, logits_real -0.2685, logits_fake -0.1924,
Train Epoch: [1/30] Iters:[110/1093] gen_loss 5.9602, rec_loss 0.1875, lpips_loss 0.7058, g_loss 0.2069, disc_weight 0.4000, disc_adaptive_weight 27.5756, d_loss 0.8307, logits_real -0.2647, logits_fake -0.2086,
Train Epoch: [1/30] Iters:[120/1093] gen_loss 3.8750, rec_loss 0.1926, lpips_loss 0.6827, g_loss 0.2215, disc_weight 0.4000, disc_adaptive_weight 14.4366, d_loss 0.7849, logits_real -0.2620, logits_fake -0.2215,
Train Epoch: [1/30] Iters:[130/1093] gen_loss 2.8794, rec_loss 0.1881, lpips_loss 0.6749, g_loss 0.2301, disc_weight 0.4000, disc_adaptive_weight 8.7278, d_loss 0.7466, logits_real -0.2587, logits_fake -0.2300,
Train Epoch: [1/30] Iters:[140/1093] gen_loss 2.9563, rec_loss 0.1750, lpips_loss 0.6676, g_loss 0.2298, disc_weight 0.4000, disc_adaptive_weight 9.1553, d_loss 0.7158, logits_real -0.2550, logits_fake -0.2305,
Train Epoch: [1/30] Iters:[150/1093] gen_loss 2.6018, rec_loss 0.1546, lpips_loss 0.6542, g_loss 0.2228, disc_weight 0.4000, disc_adaptive_weight 8.0567, d_loss 0.6936, logits_real -0.2513, logits_fake -0.2238,
Train Epoch: [1/30] Iters:[160/1093] gen_loss 2.4262, rec_loss 0.1322, lpips_loss 0.6290, g_loss 0.2248, disc_weight 0.4000, disc_adaptive_weight 7.3901, d_loss 0.6757, logits_real -0.2476, logits_fake -0.2245,
Train Epoch: [1/30] Iters:[170/1093] gen_loss 2.4653, rec_loss 0.1055, lpips_loss 0.5801, g_loss 0.2194, disc_weight 0.4000, disc_adaptive_weight 8.1421, d_loss 0.6635, logits_real -0.2432, logits_fake -0.2186,
Train Epoch: [1/30] Iters:[180/1093] gen_loss 2.7397, rec_loss 0.0799, lpips_loss 0.5154, g_loss 0.2135, disc_weight 0.4000, disc_adaptive_weight 10.1801, d_loss 0.6547, logits_real -0.2381, logits_fake -0.2112,
Train Epoch: [1/30] Iters:[190/1093] gen_loss 2.7137, rec_loss 0.0584, lpips_loss 0.4438, g_loss 0.2021, disc_weight 0.4000, disc_adaptive_weight 11.0215, d_loss 0.6445, logits_real -0.2324, logits_fake -0.1980,
Train Epoch: [1/30] Iters:[200/1093] gen_loss 2.5769, rec_loss 0.0433, lpips_loss 0.3662, g_loss 0.1887, disc_weight 0.4000, disc_adaptive_weight 11.4197, d_loss 0.6332, logits_real -0.2249, logits_fake -0.1832,
Train Epoch: [1/30] Iters:[210/1093] gen_loss 2.3246, rec_loss 0.0311, lpips_loss 0.2951, g_loss 0.1776, disc_weight 0.4000, disc_adaptive_weight 11.0067, d_loss 0.6194, logits_real -0.2158, logits_fake -0.1696,
Train Epoch: [1/30] Iters:[220/1093] gen_loss 2.0099, rec_loss 0.0244, lpips_loss 0.2476, g_loss 0.1675, disc_weight 0.4000, disc_adaptive_weight 10.0481, d_loss 0.6040, logits_real -0.2047, logits_fake -0.1593,
Train Epoch: [1/30] Iters:[230/1093] gen_loss 1.5121, rec_loss 0.0202, lpips_loss 0.2156, g_loss 0.1591, disc_weight 0.4000, disc_adaptive_weight 7.9198, d_loss 0.5918, logits_real -0.1924, logits_fake -0.1533,
Train Epoch: [1/30] Iters:[240/1093] gen_loss 1.3147, rec_loss 0.0176, lpips_loss 0.1949, g_loss 0.1561, disc_weight 0.4000, disc_adaptive_weight 7.0075, d_loss 0.5862, logits_real -0.1801, logits_fake -0.1520,
Train Epoch: [1/30] Iters:[250/1093] gen_loss 1.2336, rec_loss 0.0162, lpips_loss 0.1838, g_loss 0.1540, disc_weight 0.4000, disc_adaptive_weight 6.6950, d_loss 0.5892, logits_real -0.1682, logits_fake -0.1506,
Train Epoch: [1/30] Iters:[260/1093] gen_loss 1.1540, rec_loss 0.0153, lpips_loss 0.1754, g_loss 0.1488, disc_weight 0.4000, disc_adaptive_weight 6.4768, d_loss 0.5960, logits_real -0.1581, logits_fake -0.1482,
Train Epoch: [1/30] Iters:[270/1093] gen_loss 1.1749, rec_loss 0.0146, lpips_loss 0.1700, g_loss 0.1447, disc_weight 0.4000, disc_adaptive_weight 6.8874, d_loss 0.6029, logits_real -0.1508, logits_fake -0.1448,
Train Epoch: [1/30] Iters:[280/1093] gen_loss 1.1909, rec_loss 0.0142, lpips_loss 0.1663, g_loss 0.1408, disc_weight 0.4000, disc_adaptive_weight 7.1980, d_loss 0.6076, logits_real -0.1460, logits_fake -0.1401,
Train Epoch: [1/30] Iters:[290/1093] gen_loss 1.1388, rec_loss 0.0138, lpips_loss 0.1629, g_loss 0.1360, disc_weight 0.4000, disc_adaptive_weight 7.0588, d_loss 0.6087, logits_real -0.1431, logits_fake -0.1353,
Train Epoch: [1/30] Iters:[300/1093] gen_loss 1.0474, rec_loss 0.0133, lpips_loss 0.1591, g_loss 0.1337, disc_weight 0.4000, disc_adaptive_weight 6.5309, d_loss 0.6036, logits_real -0.1420, logits_fake -0.1333,
Train Epoch: [1/30] Iters:[310/1093] gen_loss 0.9948, rec_loss 0.0130, lpips_loss 0.1567, g_loss 0.1331, disc_weight 0.4000, disc_adaptive_weight 6.1768, d_loss 0.5952, logits_real -0.1417, logits_fake -0.1329,
Train Epoch: [1/30] Iters:[320/1093] gen_loss 0.8847, rec_loss 0.0126, lpips_loss 0.1545, g_loss 0.1321, disc_weight 0.4000, disc_adaptive_weight 5.4249, d_loss 0.5872, logits_real -0.1418, logits_fake -0.1323,
Train Epoch: [1/30] Iters:[330/1093] gen_loss 0.8042, rec_loss 0.0124, lpips_loss 0.1526, g_loss 0.1321, disc_weight 0.4000, disc_adaptive_weight 4.8414, d_loss 0.5794, logits_real -0.1420, logits_fake -0.1324,
Train Epoch: [1/30] Iters:[340/1093] gen_loss 0.7465, rec_loss 0.0122, lpips_loss 0.1508, g_loss 0.1329, disc_weight 0.4000, disc_adaptive_weight 4.3959, d_loss 0.5721, logits_real -0.1423, logits_fake -0.1334,
Train Epoch: [1/30] Iters:[350/1093] gen_loss 0.6957, rec_loss 0.0120, lpips_loss 0.1493, g_loss 0.1337, disc_weight 0.4000, disc_adaptive_weight 4.0059, d_loss 0.5656, logits_real -0.1427, logits_fake -0.1342,
Train Epoch: [1/30] Iters:[360/1093] gen_loss 0.6695, rec_loss 0.0119, lpips_loss 0.1482, g_loss 0.1348, disc_weight 0.4000, disc_adaptive_weight 3.7854, d_loss 0.5588, logits_real -0.1428, logits_fake -0.1351,
Train Epoch: [1/30] Iters:[370/1093] gen_loss 0.6351, rec_loss 0.0119, lpips_loss 0.1479, g_loss 0.1357, disc_weight 0.4000, disc_adaptive_weight 3.5043, d_loss 0.5529, logits_real -0.1429, logits_fake -0.1361,
Train Epoch: [1/30] Iters:[380/1093] gen_loss 0.6223, rec_loss 0.0118, lpips_loss 0.1475, g_loss 0.1365, disc_weight 0.4000, disc_adaptive_weight 3.3913, d_loss 0.5468, logits_real -0.1429, logits_fake -0.1367,
Train Epoch: [1/30] Iters:[390/1093] gen_loss 0.6354, rec_loss 0.0117, lpips_loss 0.1465, g_loss 0.1369, disc_weight 0.4000, disc_adaptive_weight 3.4851, d_loss 0.5418, logits_real -0.1430, logits_fake -0.1370,
Train Epoch: [1/30] Iters:[400/1093] gen_loss 0.6487, rec_loss 0.0118, lpips_loss 0.1469, g_loss 0.1369, disc_weight 0.4000, disc_adaptive_weight 3.5786, d_loss 0.5367, logits_real -0.1431, logits_fake -0.1367,
Train Epoch: [1/30] Iters:[410/1093] gen_loss 0.6896, rec_loss 0.0118, lpips_loss 0.1472, g_loss 0.1370, disc_weight 0.4000, disc_adaptive_weight 3.8724, d_loss 0.5321, logits_real -0.1433, logits_fake -0.1368,
Train Epoch: [1/30] Iters:[420/1093] gen_loss 0.7707, rec_loss 0.0117, lpips_loss 0.1474, g_loss 0.1369, disc_weight 0.4000, disc_adaptive_weight 4.4689, d_loss 0.5273, logits_real -0.1435, logits_fake -0.1366,
Train Epoch: [1/30] Iters:[430/1093] gen_loss 0.7780, rec_loss 0.0118, lpips_loss 0.1476, g_loss 0.1365, disc_weight 0.4000, disc_adaptive_weight 4.5311, d_loss 0.5236, logits_real -0.1435, logits_fake -0.1362,
Train Epoch: [1/30] Iters:[440/1093] gen_loss 0.8093, rec_loss 0.0120, lpips_loss 0.1486, g_loss 0.1367, disc_weight 0.4000, disc_adaptive_weight 4.7438, d_loss 0.5189, logits_real -0.1435, logits_fake -0.1363,
Train Epoch: [1/30] Iters:[450/1093] gen_loss 0.8404, rec_loss 0.0118, lpips_loss 0.1479, g_loss 0.1369, disc_weight 0.4000, disc_adaptive_weight 4.9696, d_loss 0.5145, logits_real -0.1433, logits_fake -0.1365,
Train Epoch: [1/30] Iters:[460/1093] gen_loss 0.8339, rec_loss 0.0118, lpips_loss 0.1477, g_loss 0.1366, disc_weight 0.4000, disc_adaptive_weight 4.9337, d_loss 0.5103, logits_real -0.1433, logits_fake -0.1362,
Train Epoch: [1/30] Iters:[470/1093] gen_loss 0.8389, rec_loss 0.0119, lpips_loss 0.1478, g_loss 0.1366, disc_weight 0.4000, disc_adaptive_weight 4.9628, d_loss 0.5066, logits_real -0.1433, logits_fake -0.1364,
Train Epoch: [1/30] Iters:[480/1093] gen_loss 0.9190, rec_loss 0.0118, lpips_loss 0.1487, g_loss 0.1368, disc_weight 0.4000, disc_adaptive_weight 5.5380, d_loss 0.5030, logits_real -0.1433, logits_fake -0.1364,
Train Epoch: [1/30] Iters:[490/1093] gen_loss 0.9697, rec_loss 0.0119, lpips_loss 0.1489, g_loss 0.1364, disc_weight 0.4000, disc_adaptive_weight 5.9280, d_loss 0.4999, logits_real -0.1433, logits_fake -0.1361,
Train Epoch: [1/30] Iters:[500/1093] gen_loss 1.0068, rec_loss 0.0123, lpips_loss 0.1509, g_loss 0.1362, disc_weight 0.4000, disc_adaptive_weight 6.1878, d_loss 0.4969, logits_real -0.1434, logits_fake -0.1361,
Train Epoch: [1/30] Iters:[510/1093] gen_loss 1.0432, rec_loss 0.0125, lpips_loss 0.1516, g_loss 0.1360, disc_weight 0.4000, disc_adaptive_weight 6.4593, d_loss 0.4941, logits_real -0.1434, logits_fake -0.1358,
Train Epoch: [1/30] Iters:[520/1093] gen_loss 1.0008, rec_loss 0.0125, lpips_loss 0.1511, g_loss 0.1356, disc_weight 0.4000, disc_adaptive_weight 6.1661, d_loss 0.4910, logits_real -0.1434, logits_fake -0.1354,
Train Epoch: [1/30] Iters:[530/1093] gen_loss 0.9272, rec_loss 0.0124, lpips_loss 0.1505, g_loss 0.1354, disc_weight 0.4000, disc_adaptive_weight 5.6387, d_loss 0.4879, logits_real -0.1433, logits_fake -0.1355,
Train Epoch: [1/30] Iters:[540/1093] gen_loss 0.8709, rec_loss 0.0123, lpips_loss 0.1502, g_loss 0.1354, disc_weight 0.4000, disc_adaptive_weight 5.2267, d_loss 0.4851, logits_real -0.1433, logits_fake -0.1354,
Train Epoch: [1/30] Iters:[550/1093] gen_loss 0.8002, rec_loss 0.0119, lpips_loss 0.1484, g_loss 0.1350, disc_weight 0.4000, disc_adaptive_weight 4.7390, d_loss 0.4812, logits_real -0.1431, logits_fake -0.1350,
Train Epoch: [1/30] Iters:[560/1093] gen_loss 0.7587, rec_loss 0.0118, lpips_loss 0.1480, g_loss 0.1350, disc_weight 0.4000, disc_adaptive_weight 4.4316, d_loss 0.4786, logits_real -0.1429, logits_fake -0.1351,
Train Epoch: [1/30] Iters:[570/1093] gen_loss 0.7657, rec_loss 0.0119, lpips_loss 0.1486, g_loss 0.1350, disc_weight 0.4000, disc_adaptive_weight 4.4804, d_loss 0.4759, logits_real -0.1427, logits_fake -0.1351,
Train Epoch: [1/30] Iters:[580/1093] gen_loss 0.8187, rec_loss 0.0118, lpips_loss 0.1483, g_loss 0.1349, disc_weight 0.4000, disc_adaptive_weight 4.8778, d_loss 0.4735, logits_real -0.1426, logits_fake -0.1348,
Train Epoch: [1/30] Iters:[590/1093] gen_loss 0.8278, rec_loss 0.0119, lpips_loss 0.1483, g_loss 0.1346, disc_weight 0.4000, disc_adaptive_weight 4.9548, d_loss 0.4712, logits_real -0.1423, logits_fake -0.1344,
Train Epoch: [1/30] Iters:[600/1093] gen_loss 0.8661, rec_loss 0.0120, lpips_loss 0.1491, g_loss 0.1345, disc_weight 0.4000, disc_adaptive_weight 5.2408, d_loss 0.4698, logits_real -0.1422, logits_fake -0.1340,
Train Epoch: [1/30] Iters:[610/1093] gen_loss 0.8918, rec_loss 0.0121, lpips_loss 0.1489, g_loss 0.1341, disc_weight 0.4000, disc_adaptive_weight 5.4488, d_loss 0.4674, logits_real -0.1419, logits_fake -0.1338,
Train Epoch: [1/30] Iters:[620/1093] gen_loss 0.8656, rec_loss 0.0121, lpips_loss 0.1486, g_loss 0.1338, disc_weight 0.4000, disc_adaptive_weight 5.2640, d_loss 0.4653, logits_real -0.1415, logits_fake -0.1334,
Train Epoch: [1/30] Iters:[630/1093] gen_loss 0.8767, rec_loss 0.0123, lpips_loss 0.1490, g_loss 0.1335, disc_weight 0.4000, disc_adaptive_weight 5.3586, d_loss 0.4629, logits_real -0.1411, logits_fake -0.1333,
Train Epoch: [1/30] Iters:[640/1093] gen_loss 0.8962, rec_loss 0.0123, lpips_loss 0.1488, g_loss 0.1331, disc_weight 0.4000, disc_adaptive_weight 5.5226, d_loss 0.4610, logits_real -0.1407, logits_fake -0.1332,
Train Epoch: [1/30] Iters:[650/1093] gen_loss 0.8973, rec_loss 0.0122, lpips_loss 0.1487, g_loss 0.1333, disc_weight 0.4000, disc_adaptive_weight 5.5247, d_loss 0.4589, logits_real -0.1402, logits_fake -0.1333,
Train Epoch: [1/30] Iters:[660/1093] gen_loss 0.8848, rec_loss 0.0122, lpips_loss 0.1494, g_loss 0.1333, disc_weight 0.4000, disc_adaptive_weight 5.4239, d_loss 0.4569, logits_real -0.1402, logits_fake -0.1333,
Train Epoch: [1/30] Iters:[670/1093] gen_loss 0.9038, rec_loss 0.0121, lpips_loss 0.1496, g_loss 0.1331, disc_weight 0.4000, disc_adaptive_weight 5.5709, d_loss 0.4553, logits_real -0.1399, logits_fake -0.1330,
Train Epoch: [1/30] Iters:[680/1093] gen_loss 0.8500, rec_loss 0.0120, lpips_loss 0.1491, g_loss 0.1326, disc_weight 0.4000, disc_adaptive_weight 5.1881, d_loss 0.4537, logits_real -0.1396, logits_fake -0.1327,
Train Epoch: [1/30] Iters:[690/1093] gen_loss 0.8066, rec_loss 0.0119, lpips_loss 0.1489, g_loss 0.1323, disc_weight 0.4000, disc_adaptive_weight 4.8746, d_loss 0.4519, logits_real -0.1393, logits_fake -0.1324,
Train Epoch: [1/30] Iters:[700/1093] gen_loss 0.7737, rec_loss 0.0120, lpips_loss 0.1489, g_loss 0.1316, disc_weight 0.4000, disc_adaptive_weight 4.6499, d_loss 0.4504, logits_real -0.1388, logits_fake -0.1318,
Train Epoch: [1/30] Iters:[710/1093] gen_loss 0.7834, rec_loss 0.0120, lpips_loss 0.1486, g_loss 0.1310, disc_weight 0.4000, disc_adaptive_weight 4.7512, d_loss 0.4489, logits_real -0.1381, logits_fake -0.1313,
Train Epoch: [1/30] Iters:[720/1093] gen_loss 0.7827, rec_loss 0.0121, lpips_loss 0.1484, g_loss 0.1305, disc_weight 0.4000, disc_adaptive_weight 4.7719, d_loss 0.4474, logits_real -0.1375, logits_fake -0.1307,
Train Epoch: [1/30] Iters:[730/1093] gen_loss 0.8035, rec_loss 0.0121, lpips_loss 0.1484, g_loss 0.1300, disc_weight 0.4000, disc_adaptive_weight 4.9463, d_loss 0.4464, logits_real -0.1371, logits_fake -0.1301,
Train Epoch: [1/30] Iters:[740/1093] gen_loss 0.7949, rec_loss 0.0121, lpips_loss 0.1485, g_loss 0.1296, disc_weight 0.4000, disc_adaptive_weight 4.8945, d_loss 0.4449, logits_real -0.1366, logits_fake -0.1298,
Train Epoch: [1/30] Iters:[750/1093] gen_loss 0.7978, rec_loss 0.0120, lpips_loss 0.1480, g_loss 0.1292, disc_weight 0.4000, disc_adaptive_weight 4.9314, d_loss 0.4436, logits_real -0.1362, logits_fake -0.1296,
Train Epoch: [1/30] Iters:[760/1093] gen_loss 0.7754, rec_loss 0.0120, lpips_loss 0.1477, g_loss 0.1289, disc_weight 0.4000, disc_adaptive_weight 4.7752, d_loss 0.4425, logits_real -0.1357, logits_fake -0.1292,
Train Epoch: [1/30] Iters:[770/1093] gen_loss 0.7358, rec_loss 0.0120, lpips_loss 0.1475, g_loss 0.1288, disc_weight 0.4000, disc_adaptive_weight 4.4734, d_loss 0.4411, logits_real -0.1353, logits_fake -0.1291,
Train Epoch: [1/30] Iters:[780/1093] gen_loss 0.7264, rec_loss 0.0120, lpips_loss 0.1477, g_loss 0.1286, disc_weight 0.4000, disc_adaptive_weight 4.4085, d_loss 0.4399, logits_real -0.1347, logits_fake -0.1289,
Train Epoch: [1/30] Iters:[790/1093] gen_loss 0.7799, rec_loss 0.0121, lpips_loss 0.1480, g_loss 0.1283, disc_weight 0.4000, disc_adaptive_weight 4.8360, d_loss 0.4390, logits_real -0.1341, logits_fake -0.1284,
Train Epoch: [1/30] Iters:[800/1093] gen_loss 0.7972, rec_loss 0.0122, lpips_loss 0.1481, g_loss 0.1277, disc_weight 0.4000, disc_adaptive_weight 4.9881, d_loss 0.4381, logits_real -0.1337, logits_fake -0.1278,
Train Epoch: [1/30] Iters:[810/1093] gen_loss 0.8237, rec_loss 0.0121, lpips_loss 0.1479, g_loss 0.1274, disc_weight 0.4000, disc_adaptive_weight 5.2131, d_loss 0.4371, logits_real -0.1334, logits_fake -0.1272,
Train Epoch: [1/30] Iters:[820/1093] gen_loss 0.8755, rec_loss 0.0122, lpips_loss 0.1484, g_loss 0.1269, disc_weight 0.4000, disc_adaptive_weight 5.6292, d_loss 0.4363, logits_real -0.1331, logits_fake -0.1268,
Train Epoch: [1/30] Iters:[830/1093] gen_loss 0.8492, rec_loss 0.0124, lpips_loss 0.1491, g_loss 0.1266, disc_weight 0.4000, disc_adaptive_weight 5.4289, d_loss 0.4356, logits_real -0.1331, logits_fake -0.1266,
Train Epoch: [1/30] Iters:[840/1093] gen_loss 0.8093, rec_loss 0.0123, lpips_loss 0.1487, g_loss 0.1265, disc_weight 0.4000, disc_adaptive_weight 5.1214, d_loss 0.4348, logits_real -0.1333, logits_fake -0.1267,
Train Epoch: [1/30] Iters:[850/1093] gen_loss 0.7887, rec_loss 0.0122, lpips_loss 0.1485, g_loss 0.1265, disc_weight 0.4000, disc_adaptive_weight 4.9640, d_loss 0.4338, logits_real -0.1332, logits_fake -0.1267,
Train Epoch: [1/30] Iters:[860/1093] gen_loss 0.7716, rec_loss 0.0123, lpips_loss 0.1490, g_loss 0.1263, disc_weight 0.4000, disc_adaptive_weight 4.8291, d_loss 0.4333, logits_real -0.1330, logits_fake -0.1266,
Train Epoch: [1/30] Iters:[870/1093] gen_loss 0.7393, rec_loss 0.0121, lpips_loss 0.1487, g_loss 0.1261, disc_weight 0.4000, disc_adaptive_weight 4.5864, d_loss 0.4323, logits_real -0.1327, logits_fake -0.1264,
Train Epoch: [1/30] Iters:[880/1093] gen_loss 0.7714, rec_loss 0.0121, lpips_loss 0.1481, g_loss 0.1261, disc_weight 0.4000, disc_adaptive_weight 4.8469, d_loss 0.4314, logits_real -0.1323, logits_fake -0.1263,
Train Epoch: [1/30] Iters:[890/1093] gen_loss 0.7932, rec_loss 0.0122, lpips_loss 0.1483, g_loss 0.1261, disc_weight 0.4000, disc_adaptive_weight 5.0145, d_loss 0.4306, logits_real -0.1322, logits_fake -0.1260,
Train Epoch: [1/30] Iters:[900/1093] gen_loss 0.8192, rec_loss 0.0122, lpips_loss 0.1487, g_loss 0.1263, disc_weight 0.4000, disc_adaptive_weight 5.2078, d_loss 0.4300, logits_real -0.1320, logits_fake -0.1260,
Train Epoch: [1/30] Iters:[910/1093] gen_loss 0.8133, rec_loss 0.0122, lpips_loss 0.1488, g_loss 0.1265, disc_weight 0.4000, disc_adaptive_weight 5.1535, d_loss 0.4293, logits_real -0.1320, logits_fake -0.1261,
Train Epoch: [1/30] Iters:[920/1093] gen_loss 0.8454, rec_loss 0.0122, lpips_loss 0.1491, g_loss 0.1269, disc_weight 0.4000, disc_adaptive_weight 5.3888, d_loss 0.4288, logits_real -0.1320, logits_fake -0.1262,
Train Epoch: [1/30] Iters:[930/1093] gen_loss 0.8376, rec_loss 0.0122, lpips_loss 0.1493, g_loss 0.1269, disc_weight 0.4000, disc_adaptive_weight 5.3221, d_loss 0.4282, logits_real -0.1321, logits_fake -0.1262,
Train Epoch: [1/30] Iters:[940/1093] gen_loss 0.8418, rec_loss 0.0123, lpips_loss 0.1495, g_loss 0.1266, disc_weight 0.4000, disc_adaptive_weight 5.3667, d_loss 0.4275, logits_real -0.1317, logits_fake -0.1261,
Train Epoch: [1/30] Iters:[950/1093] gen_loss 0.8275, rec_loss 0.0123, lpips_loss 0.1499, g_loss 0.1260, disc_weight 0.4000, disc_adaptive_weight 5.2764, d_loss 0.4270, logits_real -0.1311, logits_fake -0.1256,
Train Epoch: [1/30] Iters:[960/1093] gen_loss 0.8222, rec_loss 0.0122, lpips_loss 0.1497, g_loss 0.1254, disc_weight 0.4000, disc_adaptive_weight 5.2592, d_loss 0.4263, logits_real -0.1307, logits_fake -0.1252,
Train Epoch: [1/30] Iters:[970/1093] gen_loss 0.8142, rec_loss 0.0122, lpips_loss 0.1496, g_loss 0.1247, disc_weight 0.4000, disc_adaptive_weight 5.2299, d_loss 0.4256, logits_real -0.1303, logits_fake -0.1248,
Train Epoch: [1/30] Iters:[980/1093] gen_loss 0.8250, rec_loss 0.0122, lpips_loss 0.1498, g_loss 0.1243, disc_weight 0.4000, disc_adaptive_weight 5.3315, d_loss 0.4251, logits_real -0.1298, logits_fake -0.1243,
Train Epoch: [1/30] Iters:[990/1093] gen_loss 0.7756, rec_loss 0.0121, lpips_loss 0.1493, g_loss 0.1238, disc_weight 0.4000, disc_adaptive_weight 4.9595, d_loss 0.4246, logits_real -0.1293, logits_fake -0.1239,
Train Epoch: [1/30] Iters:[1000/1093] gen_loss 0.7815, rec_loss 0.0121, lpips_loss 0.1488, g_loss 0.1237, disc_weight 0.4000, disc_adaptive_weight 5.0153, d_loss 0.4239, logits_real -0.1292, logits_fake -0.1238,
Train Epoch: [1/30] Iters:[1010/1093] gen_loss 0.8203, rec_loss 0.0122, lpips_loss 0.1489, g_loss 0.1235, disc_weight 0.4000, disc_adaptive_weight 5.3351, d_loss 0.4236, logits_real -0.1288, logits_fake -0.1234,
Train Epoch: [1/30] Iters:[1020/1093] gen_loss 0.8308, rec_loss 0.0123, lpips_loss 0.1491, g_loss 0.1231, disc_weight 0.4000, disc_adaptive_weight 5.4347, d_loss 0.4232, logits_real -0.1283, logits_fake -0.1231,
Train Epoch: [1/30] Iters:[1030/1093] gen_loss 0.8557, rec_loss 0.0124, lpips_loss 0.1490, g_loss 0.1224, disc_weight 0.4000, disc_adaptive_weight 5.6783, d_loss 0.4226, logits_real -0.1278, logits_fake -0.1226,
Train Epoch: [1/30] Iters:[1040/1093] gen_loss 0.9158, rec_loss 0.0125, lpips_loss 0.1497, g_loss 0.1219, disc_weight 0.4000, disc_adaptive_weight 6.1885, d_loss 0.4222, logits_real -0.1272, logits_fake -0.1221,
Train Epoch: [1/30] Iters:[1050/1093] gen_loss 0.9155, rec_loss 0.0125, lpips_loss 0.1499, g_loss 0.1211, disc_weight 0.4000, disc_adaptive_weight 6.2176, d_loss 0.4218, logits_real -0.1266, logits_fake -0.1215,
Train Epoch: [1/30] Iters:[1060/1093] gen_loss 0.8955, rec_loss 0.0124, lpips_loss 0.1497, g_loss 0.1205, disc_weight 0.4000, disc_adaptive_weight 6.0875, d_loss 0.4214, logits_real -0.1260, logits_fake -0.1209,
Train Epoch: [1/30] Iters:[1070/1093] gen_loss 0.8841, rec_loss 0.0123, lpips_loss 0.1494, g_loss 0.1201, disc_weight 0.4000, disc_adaptive_weight 6.0133, d_loss 0.4209, logits_real -0.1256, logits_fake -0.1204,
Train Epoch: [1/30] Iters:[1080/1093] gen_loss 0.8784, rec_loss 0.0123, lpips_loss 0.1492, g_loss 0.1201, disc_weight 0.4000, disc_adaptive_weight 5.9696, d_loss 0.4205, logits_real -0.1251, logits_fake -0.1201,
Train Epoch: [1/30] Iters:[1090/1093] gen_loss 0.8432, rec_loss 0.0122, lpips_loss 0.1490, g_loss 0.1200, disc_weight 0.4000, disc_adaptive_weight 5.6815, d_loss 0.4200, logits_real -0.1248, logits_fake -0.1200,
epoch:2, cur_lr:0.000010
Train Epoch: [2/30] Iters:[10/1093] gen_loss 1.0815, rec_loss 0.0124, lpips_loss 0.1518, g_loss 0.1192, disc_weight 0.4000, disc_adaptive_weight 7.6992, d_loss 0.4193, logits_real -0.1238, logits_fake -0.1187,
Train Epoch: [2/30] Iters:[20/1093] gen_loss 1.0061, rec_loss 0.0127, lpips_loss 0.1516, g_loss 0.1190, disc_weight 0.4000, disc_adaptive_weight 7.0752, d_loss 0.4188, logits_real -0.1235, logits_fake -0.1187,
Train Epoch: [2/30] Iters:[30/1093] gen_loss 0.9870, rec_loss 0.0126, lpips_loss 0.1512, g_loss 0.1187, disc_weight 0.4000, disc_adaptive_weight 6.9262, d_loss 0.4188, logits_real -0.1232, logits_fake -0.1183,
Train Epoch: [2/30] Iters:[40/1093] gen_loss 0.9001, rec_loss 0.0125, lpips_loss 0.1503, g_loss 0.1184, disc_weight 0.4000, disc_adaptive_weight 6.2150, d_loss 0.4186, logits_real -0.1230, logits_fake -0.1181,
Train Epoch: [2/30] Iters:[50/1093] gen_loss 0.8521, rec_loss 0.0123, lpips_loss 0.1492, g_loss 0.1183, disc_weight 0.4000, disc_adaptive_weight 5.8265, d_loss 0.4183, logits_real -0.1228, logits_fake -0.1182,
Train Epoch: [2/30] Iters:[60/1093] gen_loss 0.7726, rec_loss 0.0120, lpips_loss 0.1477, g_loss 0.1180, disc_weight 0.4000, disc_adaptive_weight 5.1858, d_loss 0.4178, logits_real -0.1223, logits_fake -0.1180,
Train Epoch: [2/30] Iters:[70/1093] gen_loss 0.7227, rec_loss 0.0118, lpips_loss 0.1469, g_loss 0.1176, disc_weight 0.4000, disc_adaptive_weight 4.7897, d_loss 0.4175, logits_real -0.1220, logits_fake -0.1176,
Train Epoch: [2/30] Iters:[80/1093] gen_loss 0.6884, rec_loss 0.0117, lpips_loss 0.1461, g_loss 0.1171, disc_weight 0.4000, disc_adaptive_weight 4.5317, d_loss 0.4171, logits_real -0.1215, logits_fake -0.1173,
Train Epoch: [2/30] Iters:[90/1093] gen_loss 0.6951, rec_loss 0.0117, lpips_loss 0.1462, g_loss 0.1167, disc_weight 0.4000, disc_adaptive_weight 4.6052, d_loss 0.4168, logits_real -0.1209, logits_fake -0.1170,
Train Epoch: [2/30] Iters:[100/1093] gen_loss 0.7187, rec_loss 0.0118, lpips_loss 0.1465, g_loss 0.1162, disc_weight 0.4000, disc_adaptive_weight 4.8248, d_loss 0.4166, logits_real -0.1205, logits_fake -0.1163,
Train Epoch: [2/30] Iters:[110/1093] gen_loss 0.7356, rec_loss 0.0119, lpips_loss 0.1470, g_loss 0.1157, disc_weight 0.4000, disc_adaptive_weight 4.9828, d_loss 0.4163, logits_real -0.1199, logits_fake -0.1157,
Train Epoch: [2/30] Iters:[120/1093] gen_loss 0.7351, rec_loss 0.0118, lpips_loss 0.1467, g_loss 0.1152, disc_weight 0.4000, disc_adaptive_weight 5.0015, d_loss 0.4160, logits_real -0.1195, logits_fake -0.1154,
Train Epoch: [2/30] Iters:[130/1093] gen_loss 0.7212, rec_loss 0.0119, lpips_loss 0.1474, g_loss 0.1149, disc_weight 0.4000, disc_adaptive_weight 4.8864, d_loss 0.4158, logits_real -0.1191, logits_fake -0.1150,
Train Epoch: [2/30] Iters:[140/1093] gen_loss 0.7643, rec_loss 0.0120, lpips_loss 0.1472, g_loss 0.1148, disc_weight 0.4000, disc_adaptive_weight 5.2661, d_loss 0.4155, logits_real -0.1189, logits_fake -0.1148,
Train Epoch: [2/30] Iters:[150/1093] gen_loss 0.7868, rec_loss 0.0120, lpips_loss 0.1472, g_loss 0.1144, disc_weight 0.4000, disc_adaptive_weight 5.4811, d_loss 0.4153, logits_real -0.1185, logits_fake -0.1145,
Train Epoch: [2/30] Iters:[160/1093] gen_loss 0.8207, rec_loss 0.0120, lpips_loss 0.1468, g_loss 0.1141, disc_weight 0.4000, disc_adaptive_weight 5.7973, d_loss 0.4151, logits_real -0.1183, logits_fake -0.1142,
Train Epoch: [2/30] Iters:[170/1093] gen_loss 0.8202, rec_loss 0.0121, lpips_loss 0.1472, g_loss 0.1140, disc_weight 0.4000, disc_adaptive_weight 5.7960, d_loss 0.4149, logits_real -0.1181, logits_fake -0.1139,
Train Epoch: [2/30] Iters:[180/1093] gen_loss 0.8074, rec_loss 0.0120, lpips_loss 0.1465, g_loss 0.1138, disc_weight 0.4000, disc_adaptive_weight 5.6970, d_loss 0.4147, logits_real -0.1179, logits_fake -0.1136,
Train Epoch: [2/30] Iters:[190/1093] gen_loss 0.7732, rec_loss 0.0119, lpips_loss 0.1464, g_loss 0.1135, disc_weight 0.4000, disc_adaptive_weight 5.4140, d_loss 0.4143, logits_real -0.1177, logits_fake -0.1134,
Train Epoch: [2/30] Iters:[200/1093] gen_loss 0.7298, rec_loss 0.0119, lpips_loss 0.1467, g_loss 0.1134, disc_weight 0.4000, disc_adaptive_weight 5.0313, d_loss 0.4142, logits_real -0.1176, logits_fake -0.1132,
Train Epoch: [2/30] Iters:[210/1093] gen_loss 0.7117, rec_loss 0.0119, lpips_loss 0.1470, g_loss 0.1132, disc_weight 0.4000, disc_adaptive_weight 4.8808, d_loss 0.4140, logits_real -0.1173, logits_fake -0.1131,
Train Epoch: [2/30] Iters:[220/1093] gen_loss 0.7634, rec_loss 0.0119, lpips_loss 0.1468, g_loss 0.1131, disc_weight 0.4000, disc_adaptive_weight 5.3456, d_loss 0.4138, logits_real -0.1170, logits_fake -0.1128,
Train Epoch: [2/30] Iters:[230/1093] gen_loss 0.7893, rec_loss 0.0120, lpips_loss 0.1469, g_loss 0.1128, disc_weight 0.4000, disc_adaptive_weight 5.5860, d_loss 0.4136, logits_real -0.1167, logits_fake -0.1126,
Train Epoch: [2/30] Iters:[240/1093] gen_loss 0.8087, rec_loss 0.0121, lpips_loss 0.1474, g_loss 0.1123, disc_weight 0.4000, disc_adaptive_weight 5.7766, d_loss 0.4134, logits_real -0.1163, logits_fake -0.1122,
Train Epoch: [2/30] Iters:[250/1093] gen_loss 0.8228, rec_loss 0.0121, lpips_loss 0.1475, g_loss 0.1118, disc_weight 0.4000, disc_adaptive_weight 5.9238, d_loss 0.4132, logits_real -0.1158, logits_fake -0.1119,
Train Epoch: [2/30] Iters:[260/1093] gen_loss 0.8143, rec_loss 0.0122, lpips_loss 0.1473, g_loss 0.1114, disc_weight 0.4000, disc_adaptive_weight 5.8699, d_loss 0.4130, logits_real -0.1153, logits_fake -0.1116,
Train Epoch: [2/30] Iters:[270/1093] gen_loss 0.7394, rec_loss 0.0122, lpips_loss 0.1473, g_loss 0.1108, disc_weight 0.4000, disc_adaptive_weight 5.2263, d_loss 0.4128, logits_real -0.1149, logits_fake -0.1112,
Train Epoch: [2/30] Iters:[280/1093] gen_loss 0.7481, rec_loss 0.0121, lpips_loss 0.1470, g_loss 0.1102, disc_weight 0.4000, disc_adaptive_weight 5.3419, d_loss 0.4126, logits_real -0.1145, logits_fake -0.1107,
Train Epoch: [2/30] Iters:[290/1093] gen_loss 0.7458, rec_loss 0.0121, lpips_loss 0.1472, g_loss 0.1099, disc_weight 0.4000, disc_adaptive_weight 5.3330, d_loss 0.4125, logits_real -0.1140, logits_fake -0.1102,
Train Epoch: [2/30] Iters:[300/1093] gen_loss 0.7464, rec_loss 0.0122, lpips_loss 0.1473, g_loss 0.1096, disc_weight 0.4000, disc_adaptive_weight 5.3510, d_loss 0.4124, logits_real -0.1137, logits_fake -0.1098,
Train Epoch: [2/30] Iters:[310/1093] gen_loss 0.7315, rec_loss 0.0122, lpips_loss 0.1475, g_loss 0.1092, disc_weight 0.4000, disc_adaptive_weight 5.2345, d_loss 0.4122, logits_real -0.1134, logits_fake -0.1092,
Train Epoch: [2/30] Iters:[320/1093] gen_loss 0.7889, rec_loss 0.0122, lpips_loss 0.1478, g_loss 0.1089, disc_weight 0.4000, disc_adaptive_weight 5.7737, d_loss 0.4121, logits_real -0.1127, logits_fake -0.1088,
Train Epoch: [2/30] Iters:[330/1093] gen_loss 0.7837, rec_loss 0.0122, lpips_loss 0.1479, g_loss 0.1085, disc_weight 0.4000, disc_adaptive_weight 5.7465, d_loss 0.4119, logits_real -0.1123, logits_fake -0.1082,
Train Epoch: [2/30] Iters:[340/1093] gen_loss 0.7698, rec_loss 0.0122, lpips_loss 0.1475, g_loss 0.1080, disc_weight 0.4000, disc_adaptive_weight 5.6489, d_loss 0.4117, logits_real -0.1118, logits_fake -0.1078,
Train Epoch: [2/30] Iters:[350/1093] gen_loss 0.8105, rec_loss 0.0122, lpips_loss 0.1475, g_loss 0.1076, disc_weight 0.4000, disc_adaptive_weight 6.0522, d_loss 0.4115, logits_real -0.1112, logits_fake -0.1074,
Train Epoch: [2/30] Iters:[360/1093] gen_loss 0.8693, rec_loss 0.0122, lpips_loss 0.1477, g_loss 0.1072, disc_weight 0.4000, disc_adaptive_weight 6.6231, d_loss 0.4113, logits_real -0.1108, logits_fake -0.1071,
Train Epoch: [2/30] Iters:[370/1093] gen_loss 0.8661, rec_loss 0.0121, lpips_loss 0.1474, g_loss 0.1069, disc_weight 0.4000, disc_adaptive_weight 6.6144, d_loss 0.4111, logits_real -0.1107, logits_fake -0.1069,
Train Epoch: [2/30] Iters:[380/1093] gen_loss 0.8588, rec_loss 0.0121, lpips_loss 0.1476, g_loss 0.1068, disc_weight 0.4000, disc_adaptive_weight 6.5450, d_loss 0.4109, logits_real -0.1107, logits_fake -0.1069,
Train Epoch: [2/30] Iters:[390/1093] gen_loss 0.8496, rec_loss 0.0120, lpips_loss 0.1470, g_loss 0.1066, disc_weight 0.4000, disc_adaptive_weight 6.4765, d_loss 0.4109, logits_real -0.1106, logits_fake -0.1068,
Train Epoch: [2/30] Iters:[400/1093] gen_loss 0.8225, rec_loss 0.0119, lpips_loss 0.1466, g_loss 0.1063, disc_weight 0.4000, disc_adaptive_weight 6.2404, d_loss 0.4107, logits_real -0.1107, logits_fake -0.1067,
Train Epoch: [2/30] Iters:[410/1093] gen_loss 0.7718, rec_loss 0.0119, lpips_loss 0.1471, g_loss 0.1062, disc_weight 0.4000, disc_adaptive_weight 5.7657, d_loss 0.4106, logits_real -0.1103, logits_fake -0.1064,
Train Epoch: [2/30] Iters:[420/1093] gen_loss 0.7554, rec_loss 0.0121, lpips_loss 0.1473, g_loss 0.1060, disc_weight 0.4000, disc_adaptive_weight 5.6170, d_loss 0.4105, logits_real -0.1101, logits_fake -0.1060,
Train Epoch: [2/30] Iters:[430/1093] gen_loss 0.7663, rec_loss 0.0121, lpips_loss 0.1475, g_loss 0.1059, disc_weight 0.4000, disc_adaptive_weight 5.7232, d_loss 0.4104, logits_real -0.1098, logits_fake -0.1058,
Train Epoch: [2/30] Iters:[440/1093] gen_loss 0.7794, rec_loss 0.0122, lpips_loss 0.1482, g_loss 0.1059, disc_weight 0.4000, disc_adaptive_weight 5.8413, d_loss 0.4104, logits_real -0.1097, logits_fake -0.1057,
Train Epoch: [2/30] Iters:[450/1093] gen_loss 0.7654, rec_loss 0.0122, lpips_loss 0.1483, g_loss 0.1062, disc_weight 0.4000, disc_adaptive_weight 5.6942, d_loss 0.4102, logits_real -0.1095, logits_fake -0.1058,
Train Epoch: [2/30] Iters:[460/1093] gen_loss 0.7349, rec_loss 0.0122, lpips_loss 0.1473, g_loss 0.1062, disc_weight 0.4000, disc_adaptive_weight 5.4151, d_loss 0.4101, logits_real -0.1096, logits_fake -0.1058,
Train Epoch: [2/30] Iters:[470/1093] gen_loss 0.7338, rec_loss 0.0121, lpips_loss 0.1471, g_loss 0.1060, disc_weight 0.4000, disc_adaptive_weight 5.4185, d_loss 0.4100, logits_real -0.1094, logits_fake -0.1056,
Train Epoch: [2/30] Iters:[480/1093] gen_loss 0.7086, rec_loss 0.0120, lpips_loss 0.1464, g_loss 0.1056, disc_weight 0.4000, disc_adaptive_weight 5.2068, d_loss 0.4099, logits_real -0.1090, logits_fake -0.1052,
Train Epoch: [2/30] Iters:[490/1093] gen_loss 0.6988, rec_loss 0.0118, lpips_loss 0.1460, g_loss 0.1052, disc_weight 0.4000, disc_adaptive_weight 5.1394, d_loss 0.4097, logits_real -0.1084, logits_fake -0.1048,
Train Epoch: [2/30] Iters:[500/1093] gen_loss 0.7032, rec_loss 0.0118, lpips_loss 0.1455, g_loss 0.1045, disc_weight 0.4000, disc_adaptive_weight 5.2184, d_loss 0.4096, logits_real -0.1079, logits_fake -0.1043,
Train Epoch: [2/30] Iters:[510/1093] gen_loss 0.7178, rec_loss 0.0118, lpips_loss 0.1457, g_loss 0.1041, disc_weight 0.4000, disc_adaptive_weight 5.3704, d_loss 0.4095, logits_real -0.1075, logits_fake -0.1040,
Train Epoch: [2/30] Iters:[520/1093] gen_loss 0.6877, rec_loss 0.0116, lpips_loss 0.1454, g_loss 0.1039, disc_weight 0.4000, disc_adaptive_weight 5.0966, d_loss 0.4093, logits_real -0.1072, logits_fake -0.1040,
Train Epoch: [2/30] Iters:[530/1093] gen_loss 0.6847, rec_loss 0.0116, lpips_loss 0.1450, g_loss 0.1037, disc_weight 0.4000, disc_adaptive_weight 5.0843, d_loss 0.4091, logits_real -0.1069, logits_fake -0.1039,
Train Epoch: [2/30] Iters:[540/1093] gen_loss 0.6963, rec_loss 0.0115, lpips_loss 0.1447, g_loss 0.1035, disc_weight 0.4000, disc_adaptive_weight 5.2118, d_loss 0.4091, logits_real -0.1068, logits_fake -0.1038,
Train Epoch: [2/30] Iters:[550/1093] gen_loss 0.6715, rec_loss 0.0114, lpips_loss 0.1446, g_loss 0.1036, disc_weight 0.4000, disc_adaptive_weight 4.9695, d_loss 0.4090, logits_real -0.1066, logits_fake -0.1036,
Train Epoch: [2/30] Iters:[560/1093] gen_loss 0.6933, rec_loss 0.0116, lpips_loss 0.1446, g_loss 0.1036, disc_weight 0.4000, disc_adaptive_weight 5.1773, d_loss 0.4090, logits_real -0.1066, logits_fake -0.1035,
Train Epoch: [2/30] Iters:[570/1093] gen_loss 0.7812, rec_loss 0.0117, lpips_loss 0.1448, g_loss 0.1042, disc_weight 0.4000, disc_adaptive_weight 5.9808, d_loss 0.4090, logits_real -0.1071, logits_fake -0.1035,
Train Epoch: [2/30] Iters:[580/1093] gen_loss 0.8476, rec_loss 0.0119, lpips_loss 0.1454, g_loss 0.1047, disc_weight 0.4000, disc_adaptive_weight 6.5774, d_loss 0.4090, logits_real -0.1076, logits_fake -0.1037,
Train Epoch: [2/30] Iters:[590/1093] gen_loss 0.8569, rec_loss 0.0121, lpips_loss 0.1461, g_loss 0.1050, disc_weight 0.4000, disc_adaptive_weight 6.6403, d_loss 0.4089, logits_real -0.1078, logits_fake -0.1040,
Train Epoch: [2/30] Iters:[600/1093] gen_loss 0.8933, rec_loss 0.0121, lpips_loss 0.1465, g_loss 0.1049, disc_weight 0.4000, disc_adaptive_weight 6.9908, d_loss 0.4088, logits_real -0.1081, logits_fake -0.1042,
Train Epoch: [2/30] Iters:[610/1093] gen_loss 0.9277, rec_loss 0.0123, lpips_loss 0.1476, g_loss 0.1046, disc_weight 0.4000, disc_adaptive_weight 7.3345, d_loss 0.4086, logits_real -0.1080, logits_fake -0.1040,
Train Epoch: [2/30] Iters:[620/1093] gen_loss 0.9296, rec_loss 0.0123, lpips_loss 0.1485, g_loss 0.1037, disc_weight 0.4000, disc_adaptive_weight 7.4131, d_loss 0.4085, logits_real -0.1074, logits_fake -0.1036,
Train Epoch: [2/30] Iters:[630/1093] gen_loss 0.8882, rec_loss 0.0123, lpips_loss 0.1490, g_loss 0.1030, disc_weight 0.4000, disc_adaptive_weight 7.0589, d_loss 0.4084, logits_real -0.1068, logits_fake -0.1030,
Train Epoch: [2/30] Iters:[640/1093] gen_loss 0.8789, rec_loss 0.0124, lpips_loss 0.1491, g_loss 0.1025, disc_weight 0.4000, disc_adaptive_weight 7.0013, d_loss 0.4084, logits_real -0.1063, logits_fake -0.1024,
Train Epoch: [2/30] Iters:[650/1093] gen_loss 0.8682, rec_loss 0.0125, lpips_loss 0.1493, g_loss 0.1019, disc_weight 0.4000, disc_adaptive_weight 6.9318, d_loss 0.4084, logits_real -0.1058, logits_fake -0.1017,
Train Epoch: [2/30] Iters:[660/1093] gen_loss 0.8315, rec_loss 0.0123, lpips_loss 0.1485, g_loss 0.1014, disc_weight 0.4000, disc_adaptive_weight 6.6078, d_loss 0.4083, logits_real -0.1053, logits_fake -0.1013,
Train Epoch: [2/30] Iters:[670/1093] gen_loss 0.7813, rec_loss 0.0123, lpips_loss 0.1484, g_loss 0.1012, disc_weight 0.4000, disc_adaptive_weight 6.1317, d_loss 0.4082, logits_real -0.1050, logits_fake -0.1011,
Train Epoch: [2/30] Iters:[680/1093] gen_loss 0.7734, rec_loss 0.0123, lpips_loss 0.1485, g_loss 0.1011, disc_weight 0.4000, disc_adaptive_weight 6.0644, d_loss 0.4080, logits_real -0.1047, logits_fake -0.1009,
Train Epoch: [2/30] Iters:[690/1093] gen_loss 0.7754, rec_loss 0.0123, lpips_loss 0.1486, g_loss 0.1009, disc_weight 0.4000, disc_adaptive_weight 6.0899, d_loss 0.4079, logits_real -0.1046, logits_fake -0.1010,
Train Epoch: [2/30] Iters:[700/1093] gen_loss 0.7960, rec_loss 0.0123, lpips_loss 0.1485, g_loss 0.1009, disc_weight 0.4000, disc_adaptive_weight 6.2938, d_loss 0.4078, logits_real -0.1045, logits_fake -0.1010,
Train Epoch: [2/30] Iters:[710/1093] gen_loss 0.7956, rec_loss 0.0124, lpips_loss 0.1485, g_loss 0.1009, disc_weight 0.4000, disc_adaptive_weight 6.2913, d_loss 0.4078, logits_real -0.1043, logits_fake -0.1009,
Train Epoch: [2/30] Iters:[720/1093] gen_loss 0.7847, rec_loss 0.0125, lpips_loss 0.1484, g_loss 0.1006, disc_weight 0.4000, disc_adaptive_weight 6.1990, d_loss 0.4078, logits_real -0.1041, logits_fake -0.1006,
Train Epoch: [2/30] Iters:[730/1093] gen_loss 0.7958, rec_loss 0.0124, lpips_loss 0.1481, g_loss 0.1002, disc_weight 0.4000, disc_adaptive_weight 6.3381, d_loss 0.4077, logits_real -0.1036, logits_fake -0.1002,
Train Epoch: [2/30] Iters:[740/1093] gen_loss 0.7843, rec_loss 0.0125, lpips_loss 0.1479, g_loss 0.0997, disc_weight 0.4000, disc_adaptive_weight 6.2552, d_loss 0.4076, logits_real -0.1030, logits_fake -0.0996,
Train Epoch: [2/30] Iters:[750/1093] gen_loss 0.7730, rec_loss 0.0123, lpips_loss 0.1475, g_loss 0.0991, disc_weight 0.4000, disc_adaptive_weight 6.1850, d_loss 0.4075, logits_real -0.1026, logits_fake -0.0991,
Train Epoch: [2/30] Iters:[760/1093] gen_loss 0.7929, rec_loss 0.0122, lpips_loss 0.1473, g_loss 0.0987, disc_weight 0.4000, disc_adaptive_weight 6.4211, d_loss 0.4074, logits_real -0.1022, logits_fake -0.0988,
Train Epoch: [2/30] Iters:[770/1093] gen_loss 0.7778, rec_loss 0.0121, lpips_loss 0.1471, g_loss 0.0982, disc_weight 0.4000, disc_adaptive_weight 6.2985, d_loss 0.4073, logits_real -0.1015, logits_fake -0.0981,
Train Epoch: [2/30] Iters:[780/1093] gen_loss 0.7581, rec_loss 0.0121, lpips_loss 0.1465, g_loss 0.0976, disc_weight 0.4000, disc_adaptive_weight 6.1374, d_loss 0.4072, logits_real -0.1010, logits_fake -0.0977,
Train Epoch: [2/30] Iters:[790/1093] gen_loss 0.7657, rec_loss 0.0120, lpips_loss 0.1465, g_loss 0.0971, disc_weight 0.4000, disc_adaptive_weight 6.2465, d_loss 0.4071, logits_real -0.1004, logits_fake -0.0972,
Train Epoch: [2/30] Iters:[800/1093] gen_loss 0.7686, rec_loss 0.0122, lpips_loss 0.1469, g_loss 0.0969, disc_weight 0.4000, disc_adaptive_weight 6.2904, d_loss 0.4071, logits_real -0.0999, logits_fake -0.0969,
Train Epoch: [2/30] Iters:[810/1093] gen_loss 0.7376, rec_loss 0.0124, lpips_loss 0.1477, g_loss 0.0964, disc_weight 0.4000, disc_adaptive_weight 5.9879, d_loss 0.4071, logits_real -0.0993, logits_fake -0.0963,
Train Epoch: [2/30] Iters:[820/1093] gen_loss 0.7519, rec_loss 0.0123, lpips_loss 0.1466, g_loss 0.0961, disc_weight 0.4000, disc_adaptive_weight 6.1678, d_loss 0.4071, logits_real -0.0991, logits_fake -0.0960,
Train Epoch: [2/30] Iters:[830/1093] gen_loss 0.7375, rec_loss 0.0122, lpips_loss 0.1468, g_loss 0.0958, disc_weight 0.4000, disc_adaptive_weight 6.0322, d_loss 0.4070, logits_real -0.0990, logits_fake -0.0956,
Train Epoch: [2/30] Iters:[840/1093] gen_loss 0.7003, rec_loss 0.0122, lpips_loss 0.1462, g_loss 0.0956, disc_weight 0.4000, disc_adaptive_weight 5.6593, d_loss 0.4070, logits_real -0.0988, logits_fake -0.0953,
Train Epoch: [2/30] Iters:[850/1093] gen_loss 0.6596, rec_loss 0.0120, lpips_loss 0.1461, g_loss 0.0950, disc_weight 0.4000, disc_adaptive_weight 5.2736, d_loss 0.4069, logits_real -0.0985, logits_fake -0.0949,
Train Epoch: [2/30] Iters:[860/1093] gen_loss 0.6454, rec_loss 0.0118, lpips_loss 0.1449, g_loss 0.0945, disc_weight 0.4000, disc_adaptive_weight 5.1685, d_loss 0.4068, logits_real -0.0981, logits_fake -0.0947,
Train Epoch: [2/30] Iters:[870/1093] gen_loss 0.6466, rec_loss 0.0119, lpips_loss 0.1452, g_loss 0.0944, disc_weight 0.4000, disc_adaptive_weight 5.1830, d_loss 0.4068, logits_real -0.0979, logits_fake -0.0946,
Train Epoch: [2/30] Iters:[880/1093] gen_loss 0.6474, rec_loss 0.0118, lpips_loss 0.1450, g_loss 0.0945, disc_weight 0.4000, disc_adaptive_weight 5.1917, d_loss 0.4066, logits_real -0.0977, logits_fake -0.0947,
Train Epoch: [2/30] Iters:[890/1093] gen_loss 0.6802, rec_loss 0.0119, lpips_loss 0.1449, g_loss 0.0944, disc_weight 0.4000, disc_adaptive_weight 5.5450, d_loss 0.4066, logits_real -0.0976, logits_fake -0.0945,
Train Epoch: [2/30] Iters:[900/1093] gen_loss 0.7312, rec_loss 0.0119, lpips_loss 0.1447, g_loss 0.0944, disc_weight 0.4000, disc_adaptive_weight 6.0883, d_loss 0.4066, logits_real -0.0976, logits_fake -0.0944,
Train Epoch: [2/30] Iters:[910/1093] gen_loss 0.7540, rec_loss 0.0120, lpips_loss 0.1449, g_loss 0.0946, disc_weight 0.4000, disc_adaptive_weight 6.3156, d_loss 0.4066, logits_real -0.0978, logits_fake -0.0944,
Train Epoch: [2/30] Iters:[920/1093] gen_loss 0.7587, rec_loss 0.0120, lpips_loss 0.1451, g_loss 0.0945, disc_weight 0.4000, disc_adaptive_weight 6.3681, d_loss 0.4065, logits_real -0.0977, logits_fake -0.0943,
Train Epoch: [2/30] Iters:[930/1093] gen_loss 0.7626, rec_loss 0.0122, lpips_loss 0.1455, g_loss 0.0945, disc_weight 0.4000, disc_adaptive_weight 6.4048, d_loss 0.4065, logits_real -0.0978, logits_fake -0.0943,
Train Epoch: [2/30] Iters:[940/1093] gen_loss 0.7547, rec_loss 0.0121, lpips_loss 0.1457, g_loss 0.0946, disc_weight 0.4000, disc_adaptive_weight 6.3113, d_loss 0.4064, logits_real -0.0980, logits_fake -0.0945,
Train Epoch: [2/30] Iters:[950/1093] gen_loss 0.7153, rec_loss 0.0122, lpips_loss 0.1459, g_loss 0.0947, disc_weight 0.4000, disc_adaptive_weight 5.8798, d_loss 0.4064, logits_real -0.0981, logits_fake -0.0946,
Train Epoch: [2/30] Iters:[960/1093] gen_loss 0.6991, rec_loss 0.0122, lpips_loss 0.1466, g_loss 0.0946, disc_weight 0.4000, disc_adaptive_weight 5.7124, d_loss 0.4063, logits_real -0.0979, logits_fake -0.0945,
Train Epoch: [2/30] Iters:[970/1093] gen_loss 0.6730, rec_loss 0.0122, lpips_loss 0.1466, g_loss 0.0944, disc_weight 0.4000, disc_adaptive_weight 5.4446, d_loss 0.4062, logits_real -0.0976, logits_fake -0.0944,
Train Epoch: [2/30] Iters:[980/1093] gen_loss 0.6840, rec_loss 0.0122, lpips_loss 0.1463, g_loss 0.0939, disc_weight 0.4000, disc_adaptive_weight 5.5949, d_loss 0.4062, logits_real -0.0970, logits_fake -0.0939,
Train Epoch: [2/30] Iters:[990/1093] gen_loss 0.6720, rec_loss 0.0122, lpips_loss 0.1463, g_loss 0.0933, disc_weight 0.4000, disc_adaptive_weight 5.5030, d_loss 0.4062, logits_real -0.0963, logits_fake -0.0931,
Train Epoch: [2/30] Iters:[1000/1093] gen_loss 0.6685, rec_loss 0.0122, lpips_loss 0.1461, g_loss 0.0926, disc_weight 0.4000, disc_adaptive_weight 5.5073, d_loss 0.4062, logits_real -0.0958, logits_fake -0.0925,
Train Epoch: [2/30] Iters:[1010/1093] gen_loss 0.6914, rec_loss 0.0120, lpips_loss 0.1453, g_loss 0.0920, disc_weight 0.4000, disc_adaptive_weight 5.8101, d_loss 0.4061, logits_real -0.0953, logits_fake -0.0919,
Train Epoch: [2/30] Iters:[1020/1093] gen_loss 0.6915, rec_loss 0.0120, lpips_loss 0.1453, g_loss 0.0916, disc_weight 0.4000, disc_adaptive_weight 5.8313, d_loss 0.4060, logits_real -0.0950, logits_fake -0.0916,
Train Epoch: [2/30] Iters:[1030/1093] gen_loss 0.6861, rec_loss 0.0120, lpips_loss 0.1456, g_loss 0.0915, disc_weight 0.4000, disc_adaptive_weight 5.7838, d_loss 0.4060, logits_real -0.0950, logits_fake -0.0915,
Train Epoch: [2/30] Iters:[1040/1093] gen_loss 0.7057, rec_loss 0.0120, lpips_loss 0.1457, g_loss 0.0914, disc_weight 0.4000, disc_adaptive_weight 6.0040, d_loss 0.4059, logits_real -0.0949, logits_fake -0.0915,
Train Epoch: [2/30] Iters:[1050/1093] gen_loss 0.6839, rec_loss 0.0118, lpips_loss 0.1456, g_loss 0.0913, disc_weight 0.4000, disc_adaptive_weight 5.7705, d_loss 0.4058, logits_real -0.0946, logits_fake -0.0916,
Train Epoch: [2/30] Iters:[1060/1093] gen_loss 0.6606, rec_loss 0.0120, lpips_loss 0.1461, g_loss 0.0915, disc_weight 0.4000, disc_adaptive_weight 5.4995, d_loss 0.4057, logits_real -0.0946, logits_fake -0.0916,
Train Epoch: [2/30] Iters:[1070/1093] gen_loss 0.6911, rec_loss 0.0119, lpips_loss 0.1457, g_loss 0.0913, disc_weight 0.4000, disc_adaptive_weight 5.8529, d_loss 0.4056, logits_real -0.0943, logits_fake -0.0915,
Train Epoch: [2/30] Iters:[1080/1093] gen_loss 0.7137, rec_loss 0.0120, lpips_loss 0.1456, g_loss 0.0912, disc_weight 0.4000, disc_adaptive_weight 6.1043, d_loss 0.4056, logits_real -0.0941, logits_fake -0.0913,
Train Epoch: [2/30] Iters:[1090/1093] gen_loss 0.7235, rec_loss 0.0121, lpips_loss 0.1460, g_loss 0.0913, disc_weight 0.4000, disc_adaptive_weight 6.2021, d_loss 0.4056, logits_real -0.0942, logits_fake -0.0912,
epoch:3, cur_lr:0.000010
Train Epoch: [3/30] Iters:[10/1093] gen_loss 0.6513, rec_loss 0.0120, lpips_loss 0.1472, g_loss 0.0918, disc_weight 0.4000, disc_adaptive_weight 5.3603, d_loss 0.4054, logits_real -0.0936, logits_fake -0.0908,
Train Epoch: [3/30] Iters:[20/1093] gen_loss 0.6506, rec_loss 0.0122, lpips_loss 0.1472, g_loss 0.0915, disc_weight 0.4000, disc_adaptive_weight 5.3724, d_loss 0.4056, logits_real -0.0943, logits_fake -0.0910,
Train Epoch: [3/30] Iters:[30/1093] gen_loss 0.6712, rec_loss 0.0123, lpips_loss 0.1475, g_loss 0.0914, disc_weight 0.4000, disc_adaptive_weight 5.5995, d_loss 0.4055, logits_real -0.0942, logits_fake -0.0910,
Train Epoch: [3/30] Iters:[40/1093] gen_loss 0.7187, rec_loss 0.0123, lpips_loss 0.1469, g_loss 0.0913, disc_weight 0.4000, disc_adaptive_weight 6.1336, d_loss 0.4055, logits_real -0.0941, logits_fake -0.0909,
Train Epoch: [3/30] Iters:[50/1093] gen_loss 0.7230, rec_loss 0.0124, lpips_loss 0.1470, g_loss 0.0911, disc_weight 0.4000, disc_adaptive_weight 6.1907, d_loss 0.4056, logits_real -0.0941, logits_fake -0.0908,
Train Epoch: [3/30] Iters:[60/1093] gen_loss 0.7232, rec_loss 0.0125, lpips_loss 0.1471, g_loss 0.0908, disc_weight 0.4000, disc_adaptive_weight 6.2112, d_loss 0.4056, logits_real -0.0940, logits_fake -0.0906,
Train Epoch: [3/30] Iters:[70/1093] gen_loss 0.7262, rec_loss 0.0125, lpips_loss 0.1471, g_loss 0.0904, disc_weight 0.4000, disc_adaptive_weight 6.2695, d_loss 0.4055, logits_real -0.0936, logits_fake -0.0902,
Train Epoch: [3/30] Iters:[80/1093] gen_loss 0.7174, rec_loss 0.0123, lpips_loss 0.1462, g_loss 0.0901, disc_weight 0.4000, disc_adaptive_weight 6.2020, d_loss 0.4055, logits_real -0.0933, logits_fake -0.0898,
Train Epoch: [3/30] Iters:[90/1093] gen_loss 0.6684, rec_loss 0.0122, lpips_loss 0.1463, g_loss 0.0897, disc_weight 0.4000, disc_adaptive_weight 5.6808, d_loss 0.4055, logits_real -0.0931, logits_fake -0.0896,
Train Epoch: [3/30] Iters:[100/1093] gen_loss 0.6360, rec_loss 0.0120, lpips_loss 0.1460, g_loss 0.0896, disc_weight 0.4000, disc_adaptive_weight 5.3331, d_loss 0.4054, logits_real -0.0929, logits_fake -0.0895,
Train Epoch: [3/30] Iters:[110/1093] gen_loss 0.6524, rec_loss 0.0119, lpips_loss 0.1450, g_loss 0.0894, disc_weight 0.4000, disc_adaptive_weight 5.5439, d_loss 0.4054, logits_real -0.0927, logits_fake -0.0893,
Train Epoch: [3/30] Iters:[120/1093] gen_loss 0.6493, rec_loss 0.0119, lpips_loss 0.1446, g_loss 0.0892, disc_weight 0.4000, disc_adaptive_weight 5.5235, d_loss 0.4053, logits_real -0.0923, logits_fake -0.0891,
Train Epoch: [3/30] Iters:[130/1093] gen_loss 0.6309, rec_loss 0.0119, lpips_loss 0.1455, g_loss 0.0888, disc_weight 0.4000, disc_adaptive_weight 5.3303, d_loss 0.4053, logits_real -0.0920, logits_fake -0.0888,
Train Epoch: [3/30] Iters:[140/1093] gen_loss 0.6648, rec_loss 0.0119, lpips_loss 0.1454, g_loss 0.0884, disc_weight 0.4000, disc_adaptive_weight 5.7344, d_loss 0.4053, logits_real -0.0916, logits_fake -0.0884,
Train Epoch: [3/30] Iters:[150/1093] gen_loss 0.6974, rec_loss 0.0121, lpips_loss 0.1457, g_loss 0.0880, disc_weight 0.4000, disc_adaptive_weight 6.1211, d_loss 0.4052, logits_real -0.0911, logits_fake -0.0880,
Train Epoch: [3/30] Iters:[160/1093] gen_loss 0.7032, rec_loss 0.0121, lpips_loss 0.1461, g_loss 0.0877, disc_weight 0.4000, disc_adaptive_weight 6.2059, d_loss 0.4051, logits_real -0.0907, logits_fake -0.0876,
Train Epoch: [3/30] Iters:[170/1093] gen_loss 0.7289, rec_loss 0.0122, lpips_loss 0.1462, g_loss 0.0872, disc_weight 0.4000, disc_adaptive_weight 6.5347, d_loss 0.4050, logits_real -0.0903, logits_fake -0.0874,
Train Epoch: [3/30] Iters:[180/1093] gen_loss 0.7773, rec_loss 0.0123, lpips_loss 0.1462, g_loss 0.0871, disc_weight 0.4000, disc_adaptive_weight 7.0972, d_loss 0.4050, logits_real -0.0900, logits_fake -0.0870,
Train Epoch: [3/30] Iters:[190/1093] gen_loss 0.7760, rec_loss 0.0124, lpips_loss 0.1462, g_loss 0.0867, disc_weight 0.4000, disc_adaptive_weight 7.1170, d_loss 0.4051, logits_real -0.0898, logits_fake -0.0865,
Train Epoch: [3/30] Iters:[200/1093] gen_loss 0.7757, rec_loss 0.0123, lpips_loss 0.1458, g_loss 0.0864, disc_weight 0.4000, disc_adaptive_weight 7.1520, d_loss 0.4051, logits_real -0.0895, logits_fake -0.0861,
Train Epoch: [3/30] Iters:[210/1093] gen_loss 0.7722, rec_loss 0.0125, lpips_loss 0.1468, g_loss 0.0862, disc_weight 0.4000, disc_adaptive_weight 7.1169, d_loss 0.4051, logits_real -0.0895, logits_fake -0.0859,
Train Epoch: [3/30] Iters:[220/1093] gen_loss 0.7604, rec_loss 0.0125, lpips_loss 0.1468, g_loss 0.0863, disc_weight 0.4000, disc_adaptive_weight 6.9695, d_loss 0.4051, logits_real -0.0896, logits_fake -0.0859,
Train Epoch: [3/30] Iters:[230/1093] gen_loss 0.7226, rec_loss 0.0123, lpips_loss 0.1466, g_loss 0.0863, disc_weight 0.4000, disc_adaptive_weight 6.5377, d_loss 0.4051, logits_real -0.0898, logits_fake -0.0859,
Train Epoch: [3/30] Iters:[240/1093] gen_loss 0.7037, rec_loss 0.0124, lpips_loss 0.1469, g_loss 0.0864, disc_weight 0.4000, disc_adaptive_weight 6.3043, d_loss 0.4050, logits_real -0.0898, logits_fake -0.0862,
Train Epoch: [3/30] Iters:[250/1093] gen_loss 0.6859, rec_loss 0.0125, lpips_loss 0.1471, g_loss 0.0864, disc_weight 0.4000, disc_adaptive_weight 6.0945, d_loss 0.4049, logits_real -0.0898, logits_fake -0.0863,
Train Epoch: [3/30] Iters:[260/1093] gen_loss 0.6706, rec_loss 0.0123, lpips_loss 0.1464, g_loss 0.0863, disc_weight 0.4000, disc_adaptive_weight 5.9303, d_loss 0.4049, logits_real -0.0897, logits_fake -0.0863,
Train Epoch: [3/30] Iters:[270/1093] gen_loss 0.6491, rec_loss 0.0122, lpips_loss 0.1462, g_loss 0.0861, disc_weight 0.4000, disc_adaptive_weight 5.6971, d_loss 0.4048, logits_real -0.0894, logits_fake -0.0861,
Train Epoch: [3/30] Iters:[280/1093] gen_loss 0.6576, rec_loss 0.0123, lpips_loss 0.1458, g_loss 0.0858, disc_weight 0.4000, disc_adaptive_weight 5.8207, d_loss 0.4048, logits_real -0.0890, logits_fake -0.0858,
Train Epoch: [3/30] Iters:[290/1093] gen_loss 0.6822, rec_loss 0.0122, lpips_loss 0.1454, g_loss 0.0855, disc_weight 0.4000, disc_adaptive_weight 6.1374, d_loss 0.4048, logits_real -0.0887, logits_fake -0.0856,
Train Epoch: [3/30] Iters:[300/1093] gen_loss 0.6957, rec_loss 0.0122, lpips_loss 0.1451, g_loss 0.0851, disc_weight 0.4000, disc_adaptive_weight 6.3283, d_loss 0.4047, logits_real -0.0884, logits_fake -0.0853,
Train Epoch: [3/30] Iters:[310/1093] gen_loss 0.7037, rec_loss 0.0121, lpips_loss 0.1447, g_loss 0.0847, disc_weight 0.4000, disc_adaptive_weight 6.4643, d_loss 0.4047, logits_real -0.0878, logits_fake -0.0849,
Train Epoch: [3/30] Iters:[320/1093] gen_loss 0.7482, rec_loss 0.0123, lpips_loss 0.1451, g_loss 0.0840, disc_weight 0.4000, disc_adaptive_weight 7.0438, d_loss 0.4047, logits_real -0.0872, logits_fake -0.0841,
Train Epoch: [3/30] Iters:[330/1093] gen_loss 0.7422, rec_loss 0.0123, lpips_loss 0.1455, g_loss 0.0832, disc_weight 0.4000, disc_adaptive_weight 7.0220, d_loss 0.4047, logits_real -0.0866, logits_fake -0.0835,
Train Epoch: [3/30] Iters:[340/1093] gen_loss 0.7358, rec_loss 0.0122, lpips_loss 0.1455, g_loss 0.0826, disc_weight 0.4000, disc_adaptive_weight 7.0055, d_loss 0.4046, logits_real -0.0859, logits_fake -0.0829,
Train Epoch: [3/30] Iters:[350/1093] gen_loss 0.7248, rec_loss 0.0121, lpips_loss 0.1455, g_loss 0.0823, disc_weight 0.4000, disc_adaptive_weight 6.8957, d_loss 0.4046, logits_real -0.0854, logits_fake -0.0823,
Train Epoch: [3/30] Iters:[360/1093] gen_loss 0.7262, rec_loss 0.0123, lpips_loss 0.1461, g_loss 0.0820, disc_weight 0.4000, disc_adaptive_weight 6.9238, d_loss 0.4045, logits_real -0.0851, logits_fake -0.0819,
Train Epoch: [3/30] Iters:[370/1093] gen_loss 0.7067, rec_loss 0.0124, lpips_loss 0.1465, g_loss 0.0819, disc_weight 0.4000, disc_adaptive_weight 6.6901, d_loss 0.4045, logits_real -0.0850, logits_fake -0.0818,
Train Epoch: [3/30] Iters:[380/1093] gen_loss 0.7097, rec_loss 0.0124, lpips_loss 0.1464, g_loss 0.0821, disc_weight 0.4000, disc_adaptive_weight 6.7136, d_loss 0.4045, logits_real -0.0851, logits_fake -0.0819,
Train Epoch: [3/30] Iters:[390/1093] gen_loss 0.7199, rec_loss 0.0125, lpips_loss 0.1461, g_loss 0.0824, disc_weight 0.4000, disc_adaptive_weight 6.8107, d_loss 0.4045, logits_real -0.0852, logits_fake -0.0820,
Train Epoch: [3/30] Iters:[400/1093] gen_loss 0.7423, rec_loss 0.0126, lpips_loss 0.1465, g_loss 0.0823, disc_weight 0.4000, disc_adaptive_weight 7.0864, d_loss 0.4045, logits_real -0.0853, logits_fake -0.0820,
Train Epoch: [3/30] Iters:[410/1093] gen_loss 0.7697, rec_loss 0.0125, lpips_loss 0.1462, g_loss 0.0822, disc_weight 0.4000, disc_adaptive_weight 7.4308, d_loss 0.4045, logits_real -0.0853, logits_fake -0.0820,
Train Epoch: [3/30] Iters:[420/1093] gen_loss 0.7554, rec_loss 0.0124, lpips_loss 0.1455, g_loss 0.0823, disc_weight 0.4000, disc_adaptive_weight 7.2604, d_loss 0.4044, logits_real -0.0853, logits_fake -0.0821,
Train Epoch: [3/30] Iters:[430/1093] gen_loss 0.7603, rec_loss 0.0126, lpips_loss 0.1459, g_loss 0.0821, disc_weight 0.4000, disc_adaptive_weight 7.3264, d_loss 0.4045, logits_real -0.0852, logits_fake -0.0820,
Train Epoch: [3/30] Iters:[440/1093] gen_loss 0.7165, rec_loss 0.0126, lpips_loss 0.1465, g_loss 0.0818, disc_weight 0.4000, disc_adaptive_weight 6.8086, d_loss 0.4044, logits_real -0.0851, logits_fake -0.0820,
Train Epoch: [3/30] Iters:[450/1093] gen_loss 0.6992, rec_loss 0.0125, lpips_loss 0.1465, g_loss 0.0818, disc_weight 0.4000, disc_adaptive_weight 6.6028, d_loss 0.4044, logits_real -0.0851, logits_fake -0.0819,
Train Epoch: [3/30] Iters:[460/1093] gen_loss 0.6829, rec_loss 0.0124, lpips_loss 0.1463, g_loss 0.0818, disc_weight 0.4000, disc_adaptive_weight 6.4053, d_loss 0.4043, logits_real -0.0850, logits_fake -0.0819,
Train Epoch: [3/30] Iters:[470/1093] gen_loss 0.6720, rec_loss 0.0123, lpips_loss 0.1467, g_loss 0.0818, disc_weight 0.4000, disc_adaptive_weight 6.2726, d_loss 0.4043, logits_real -0.0849, logits_fake -0.0819,
Train Epoch: [3/30] Iters:[480/1093] gen_loss 0.6800, rec_loss 0.0123, lpips_loss 0.1462, g_loss 0.0818, disc_weight 0.4000, disc_adaptive_weight 6.3761, d_loss 0.4042, logits_real -0.0848, logits_fake -0.0819,
Train Epoch: [3/30] Iters:[490/1093] gen_loss 0.6847, rec_loss 0.0122, lpips_loss 0.1458, g_loss 0.0818, disc_weight 0.4000, disc_adaptive_weight 6.4415, d_loss 0.4042, logits_real -0.0848, logits_fake -0.0818,
Train Epoch: [3/30] Iters:[500/1093] gen_loss 0.6652, rec_loss 0.0120, lpips_loss 0.1453, g_loss 0.0817, disc_weight 0.4000, disc_adaptive_weight 6.2166, d_loss 0.4042, logits_real -0.0847, logits_fake -0.0818,
Train Epoch: [3/30] Iters:[510/1093] gen_loss 0.6338, rec_loss 0.0121, lpips_loss 0.1455, g_loss 0.0815, disc_weight 0.4000, disc_adaptive_weight 5.8377, d_loss 0.4042, logits_real -0.0846, logits_fake -0.0816,
Train Epoch: [3/30] Iters:[520/1093] gen_loss 0.6416, rec_loss 0.0121, lpips_loss 0.1453, g_loss 0.0815, disc_weight 0.4000, disc_adaptive_weight 5.9452, d_loss 0.4042, logits_real -0.0846, logits_fake -0.0814,
Train Epoch: [3/30] Iters:[530/1093] gen_loss 0.6313, rec_loss 0.0121, lpips_loss 0.1455, g_loss 0.0814, disc_weight 0.4000, disc_adaptive_weight 5.8249, d_loss 0.4042, logits_real -0.0846, logits_fake -0.0814,
Train Epoch: [3/30] Iters:[540/1093] gen_loss 0.6390, rec_loss 0.0121, lpips_loss 0.1455, g_loss 0.0814, disc_weight 0.4000, disc_adaptive_weight 5.9132, d_loss 0.4042, logits_real -0.0847, logits_fake -0.0815,
Train Epoch: [3/30] Iters:[550/1093] gen_loss 0.6381, rec_loss 0.0121, lpips_loss 0.1453, g_loss 0.0814, disc_weight 0.4000, disc_adaptive_weight 5.9054, d_loss 0.4041, logits_real -0.0846, logits_fake -0.0814,
