dataset_dir: /projects/yuanai/data/
dataset_name: ImageNet
global_batch_size: 64
workers: 6
resolution: 256
channels: 3
ms_patch_size: 1_2_3_4_5_6_8_10_13_16
importance: (1, 1, 1, 2, 2, 2, 3, 3, 5, 5)
max_patch_size: 16
codebook_size: 65536
codebook_dim: 16
project_dim: 16
pq: 1
L: 4
alpha: 1.0
beta: 1.0
gamma: 1.0
disc_weight: 0.4
lecam_loss_weight: 0.001
disc_cr_loss_weight: 4.0
VQ: mmd_vq
use_multiscale: False
transplant_epochs: 2
refinement_epochs: 5
eval_epochs: 1
disc_epoch: 2
lr_transplant: 0.0001
lr_refinement: 1e-05
dropout: 0.0
seed: 3407
weight_decay: 1e-05
stage: refinement
checkpoint_dir: /projects/yuanai/projects/VQ-Transplant2/checkpoint/Refinement/ImageNet
results_dir: /projects/yuanai/projects/VQ-Transplant2/results/Refinement/ImageNet
saver_dir: /projects/yuanai/projects/VQ-Transplant2/saver/Refinement/ImageNet
reconstruction_dir: /projects/yuanai/projects/VQ-Transplant2/reconstruction/Refinement/ImageNet
yaml_dir: /projects/yuanai/projects/VQ-Transplant2/yaml/Refinement/ImageNet
pretrained_tokenizer: /projects/yuanai/projects/VQ-Transplant2/pretrained_tokenizer/model.ckpt
checkpoint_name: checkpoint-mmd_vq_transplant_False_ImageNet_model_65536_16_1_loss_1.0_1.0_1.0_0.4.pth.tar
nnodes: -1
node_rank: -1
local_rank: 0
dist_url: tcp://224.66.41.62:23456
dist_backend: nccl
world_size: 2
batch_size: 32
ms_token_size: (1, 2, 3, 4, 5, 6, 8, 10, 13, 16)
init_checkpoint_dir: /projects/yuanai/projects/VQ-Transplant2/checkpoint/
data_pre: ImageNet
model_pre: model_65536_16_1
loss_pre: loss_1.0_1.0_1.0_0.4
training_pre: mmd_vq_refinement_False
saver_name_pre: mmd_vq_refinement_False_ImageNet_model_65536_16_1_loss_1.0_1.0_1.0_0.4
| distributed init (rank 1): env://
| distributed init (rank 0): env://
making attention of type 'vanilla' with 512 in_channels
making attention of type 'vanilla' with 512 in_channels
making attention of type 'vanilla' with 512 in_channels
Working with z of shape (1, 16, 16, 16) = 4096 dimensions.
making attention of type 'vanilla' with 512 in_channels
making attention of type 'vanilla' with 512 in_channels
making attention of type 'vanilla' with 512 in_channels
making attention of type 'vanilla' with 512 in_channels
VQ Model Parameters: 69609635
loaded pretrained LPIPS loss from /projects/yuanai/projects/VQ-Transplant2/code/models/cache/vgg.pth
dataset name: ImageNet
len train_set: 1281167
len val_set: 50000
Start training...
epoch:1, cur_lr:0.000010
Train Epoch: [1/5] Iters:[10/20018] gen_loss 0.3005, rec_loss 0.0290, lpips_loss 0.2716, g_loss -0.0299, disc_weight 0.0000, disc_adaptive_weight 3.3211, d_loss 0.0000, logits_real 0.0332, logits_fake 0.0280,
Train Epoch: [1/5] Iters:[20/20018] gen_loss 0.3048, rec_loss 0.0309, lpips_loss 0.2739, g_loss -0.0336, disc_weight 0.0000, disc_adaptive_weight 3.1023, d_loss 0.0000, logits_real 0.0355, logits_fake 0.0337,
Train Epoch: [1/5] Iters:[30/20018] gen_loss 0.3058, rec_loss 0.0306, lpips_loss 0.2752, g_loss -0.0325, disc_weight 0.0000, disc_adaptive_weight 3.0509, d_loss 0.0000, logits_real 0.0338, logits_fake 0.0331,
Train Epoch: [1/5] Iters:[40/20018] gen_loss 0.3075, rec_loss 0.0313, lpips_loss 0.2762, g_loss -0.0332, disc_weight 0.0000, disc_adaptive_weight 2.8681, d_loss 0.0000, logits_real 0.0338, logits_fake 0.0336,
Train Epoch: [1/5] Iters:[50/20018] gen_loss 0.3097, rec_loss 0.0318, lpips_loss 0.2780, g_loss -0.0324, disc_weight 0.0000, disc_adaptive_weight 2.8037, d_loss 0.0000, logits_real 0.0322, logits_fake 0.0323,
Train Epoch: [1/5] Iters:[60/20018] gen_loss 0.3093, rec_loss 0.0321, lpips_loss 0.2772, g_loss -0.0336, disc_weight 0.0000, disc_adaptive_weight 2.6733, d_loss 0.0000, logits_real 0.0325, logits_fake 0.0337,
Train Epoch: [1/5] Iters:[70/20018] gen_loss 0.3072, rec_loss 0.0314, lpips_loss 0.2757, g_loss -0.0322, disc_weight 0.0000, disc_adaptive_weight 2.6583, d_loss 0.0000, logits_real 0.0313, logits_fake 0.0317,
Train Epoch: [1/5] Iters:[80/20018] gen_loss 0.3072, rec_loss 0.0320, lpips_loss 0.2752, g_loss -0.0334, disc_weight 0.0000, disc_adaptive_weight 2.6011, d_loss 0.0000, logits_real 0.0315, logits_fake 0.0326,
Train Epoch: [1/5] Iters:[90/20018] gen_loss 0.3061, rec_loss 0.0318, lpips_loss 0.2743, g_loss -0.0328, disc_weight 0.0000, disc_adaptive_weight 2.6200, d_loss 0.0000, logits_real 0.0308, logits_fake 0.0320,
Train Epoch: [1/5] Iters:[100/20018] gen_loss 0.3039, rec_loss 0.0315, lpips_loss 0.2724, g_loss -0.0324, disc_weight 0.0000, disc_adaptive_weight 2.6754, d_loss 0.0000, logits_real 0.0313, logits_fake 0.0326,
Train Epoch: [1/5] Iters:[110/20018] gen_loss 0.3067, rec_loss 0.0322, lpips_loss 0.2746, g_loss -0.0314, disc_weight 0.0000, disc_adaptive_weight 2.6731, d_loss 0.0000, logits_real 0.0313, logits_fake 0.0325,
Train Epoch: [1/5] Iters:[120/20018] gen_loss 0.3071, rec_loss 0.0327, lpips_loss 0.2745, g_loss -0.0331, disc_weight 0.0000, disc_adaptive_weight 2.7558, d_loss 0.0000, logits_real 0.0322, logits_fake 0.0340,
Train Epoch: [1/5] Iters:[130/20018] gen_loss 0.3072, rec_loss 0.0327, lpips_loss 0.2744, g_loss -0.0320, disc_weight 0.0000, disc_adaptive_weight 2.8682, d_loss 0.0000, logits_real 0.0330, logits_fake 0.0329,
Train Epoch: [1/5] Iters:[140/20018] gen_loss 0.3048, rec_loss 0.0320, lpips_loss 0.2728, g_loss -0.0311, disc_weight 0.0000, disc_adaptive_weight 2.9493, d_loss 0.0000, logits_real 0.0328, logits_fake 0.0325,
Train Epoch: [1/5] Iters:[150/20018] gen_loss 0.3044, rec_loss 0.0321, lpips_loss 0.2723, g_loss -0.0317, disc_weight 0.0000, disc_adaptive_weight 2.9727, d_loss 0.0000, logits_real 0.0341, logits_fake 0.0331,
Train Epoch: [1/5] Iters:[160/20018] gen_loss 0.3022, rec_loss 0.0316, lpips_loss 0.2706, g_loss -0.0314, disc_weight 0.0000, disc_adaptive_weight 2.9685, d_loss 0.0000, logits_real 0.0326, logits_fake 0.0325,
Train Epoch: [1/5] Iters:[170/20018] gen_loss 0.3027, rec_loss 0.0315, lpips_loss 0.2712, g_loss -0.0289, disc_weight 0.0000, disc_adaptive_weight 2.8205, d_loss 0.0000, logits_real 0.0317, logits_fake 0.0306,
Train Epoch: [1/5] Iters:[180/20018] gen_loss 0.3004, rec_loss 0.0312, lpips_loss 0.2692, g_loss -0.0280, disc_weight 0.0000, disc_adaptive_weight 2.6586, d_loss 0.0000, logits_real 0.0298, logits_fake 0.0303,
Train Epoch: [1/5] Iters:[190/20018] gen_loss 0.3006, rec_loss 0.0314, lpips_loss 0.2692, g_loss -0.0297, disc_weight 0.0000, disc_adaptive_weight 2.6546, d_loss 0.0000, logits_real 0.0324, logits_fake 0.0318,
Train Epoch: [1/5] Iters:[200/20018] gen_loss 0.3000, rec_loss 0.0314, lpips_loss 0.2687, g_loss -0.0303, disc_weight 0.0000, disc_adaptive_weight 2.5316, d_loss 0.0000, logits_real 0.0320, logits_fake 0.0329,
Train Epoch: [1/5] Iters:[210/20018] gen_loss 0.2981, rec_loss 0.0312, lpips_loss 0.2669, g_loss -0.0315, disc_weight 0.0000, disc_adaptive_weight 2.5693, d_loss 0.0000, logits_real 0.0333, logits_fake 0.0341,
Train Epoch: [1/5] Iters:[220/20018] gen_loss 0.2975, rec_loss 0.0311, lpips_loss 0.2665, g_loss -0.0324, disc_weight 0.0000, disc_adaptive_weight 2.5679, d_loss 0.0000, logits_real 0.0340, logits_fake 0.0354,
Train Epoch: [1/5] Iters:[230/20018] gen_loss 0.2984, rec_loss 0.0310, lpips_loss 0.2674, g_loss -0.0326, disc_weight 0.0000, disc_adaptive_weight 2.6418, d_loss 0.0000, logits_real 0.0350, logits_fake 0.0347,
Train Epoch: [1/5] Iters:[240/20018] gen_loss 0.3005, rec_loss 0.0319, lpips_loss 0.2686, g_loss -0.0314, disc_weight 0.0000, disc_adaptive_weight 2.6088, d_loss 0.0000, logits_real 0.0329, logits_fake 0.0327,
Train Epoch: [1/5] Iters:[250/20018] gen_loss 0.2988, rec_loss 0.0314, lpips_loss 0.2674, g_loss -0.0304, disc_weight 0.0000, disc_adaptive_weight 2.7823, d_loss 0.0000, logits_real 0.0317, logits_fake 0.0309,
Train Epoch: [1/5] Iters:[260/20018] gen_loss 0.2998, rec_loss 0.0312, lpips_loss 0.2685, g_loss -0.0297, disc_weight 0.0000, disc_adaptive_weight 2.7288, d_loss 0.0000, logits_real 0.0314, logits_fake 0.0299,
Train Epoch: [1/5] Iters:[270/20018] gen_loss 0.2985, rec_loss 0.0312, lpips_loss 0.2673, g_loss -0.0293, disc_weight 0.0000, disc_adaptive_weight 2.7714, d_loss 0.0000, logits_real 0.0305, logits_fake 0.0291,
Train Epoch: [1/5] Iters:[280/20018] gen_loss 0.2972, rec_loss 0.0311, lpips_loss 0.2661, g_loss -0.0306, disc_weight 0.0000, disc_adaptive_weight 2.6655, d_loss 0.0000, logits_real 0.0307, logits_fake 0.0304,
Train Epoch: [1/5] Iters:[290/20018] gen_loss 0.2938, rec_loss 0.0302, lpips_loss 0.2636, g_loss -0.0298, disc_weight 0.0000, disc_adaptive_weight 2.6418, d_loss 0.0000, logits_real 0.0303, logits_fake 0.0307,
Train Epoch: [1/5] Iters:[300/20018] gen_loss 0.2946, rec_loss 0.0308, lpips_loss 0.2638, g_loss -0.0326, disc_weight 0.0000, disc_adaptive_weight 2.4605, d_loss 0.0000, logits_real 0.0329, logits_fake 0.0329,
Train Epoch: [1/5] Iters:[310/20018] gen_loss 0.2950, rec_loss 0.0307, lpips_loss 0.2643, g_loss -0.0308, disc_weight 0.0000, disc_adaptive_weight 2.4784, d_loss 0.0000, logits_real 0.0323, logits_fake 0.0316,
Train Epoch: [1/5] Iters:[320/20018] gen_loss 0.2976, rec_loss 0.0315, lpips_loss 0.2661, g_loss -0.0302, disc_weight 0.0000, disc_adaptive_weight 2.4039, d_loss 0.0000, logits_real 0.0316, logits_fake 0.0306,
Train Epoch: [1/5] Iters:[330/20018] gen_loss 0.2996, rec_loss 0.0320, lpips_loss 0.2676, g_loss -0.0283, disc_weight 0.0000, disc_adaptive_weight 2.3930, d_loss 0.0000, logits_real 0.0302, logits_fake 0.0296,
Train Epoch: [1/5] Iters:[340/20018] gen_loss 0.2989, rec_loss 0.0319, lpips_loss 0.2670, g_loss -0.0286, disc_weight 0.0000, disc_adaptive_weight 2.4007, d_loss 0.0000, logits_real 0.0302, logits_fake 0.0299,
Train Epoch: [1/5] Iters:[350/20018] gen_loss 0.2996, rec_loss 0.0315, lpips_loss 0.2681, g_loss -0.0271, disc_weight 0.0000, disc_adaptive_weight 2.3716, d_loss 0.0000, logits_real 0.0285, logits_fake 0.0287,
Train Epoch: [1/5] Iters:[360/20018] gen_loss 0.2992, rec_loss 0.0317, lpips_loss 0.2675, g_loss -0.0293, disc_weight 0.0000, disc_adaptive_weight 2.3619, d_loss 0.0000, logits_real 0.0292, logits_fake 0.0307,
Train Epoch: [1/5] Iters:[370/20018] gen_loss 0.2964, rec_loss 0.0308, lpips_loss 0.2657, g_loss -0.0313, disc_weight 0.0000, disc_adaptive_weight 2.5177, d_loss 0.0000, logits_real 0.0309, logits_fake 0.0327,
Train Epoch: [1/5] Iters:[380/20018] gen_loss 0.2959, rec_loss 0.0312, lpips_loss 0.2647, g_loss -0.0322, disc_weight 0.0000, disc_adaptive_weight 2.4931, d_loss 0.0000, logits_real 0.0319, logits_fake 0.0337,
Train Epoch: [1/5] Iters:[390/20018] gen_loss 0.2977, rec_loss 0.0314, lpips_loss 0.2663, g_loss -0.0324, disc_weight 0.0000, disc_adaptive_weight 2.4583, d_loss 0.0000, logits_real 0.0315, logits_fake 0.0338,
Train Epoch: [1/5] Iters:[400/20018] gen_loss 0.2948, rec_loss 0.0314, lpips_loss 0.2634, g_loss -0.0331, disc_weight 0.0000, disc_adaptive_weight 2.5431, d_loss 0.0000, logits_real 0.0329, logits_fake 0.0340,
Train Epoch: [1/5] Iters:[410/20018] gen_loss 0.2943, rec_loss 0.0313, lpips_loss 0.2630, g_loss -0.0323, disc_weight 0.0000, disc_adaptive_weight 2.5132, d_loss 0.0000, logits_real 0.0326, logits_fake 0.0328,
Train Epoch: [1/5] Iters:[420/20018] gen_loss 0.2941, rec_loss 0.0312, lpips_loss 0.2629, g_loss -0.0313, disc_weight 0.0000, disc_adaptive_weight 2.5182, d_loss 0.0000, logits_real 0.0318, logits_fake 0.0321,
Train Epoch: [1/5] Iters:[430/20018] gen_loss 0.2931, rec_loss 0.0304, lpips_loss 0.2627, g_loss -0.0321, disc_weight 0.0000, disc_adaptive_weight 2.6216, d_loss 0.0000, logits_real 0.0328, logits_fake 0.0318,
Train Epoch: [1/5] Iters:[440/20018] gen_loss 0.2936, rec_loss 0.0306, lpips_loss 0.2630, g_loss -0.0323, disc_weight 0.0000, disc_adaptive_weight 2.6839, d_loss 0.0000, logits_real 0.0332, logits_fake 0.0314,
Train Epoch: [1/5] Iters:[450/20018] gen_loss 0.2949, rec_loss 0.0305, lpips_loss 0.2644, g_loss -0.0295, disc_weight 0.0000, disc_adaptive_weight 2.7188, d_loss 0.0000, logits_real 0.0298, logits_fake 0.0286,
Train Epoch: [1/5] Iters:[460/20018] gen_loss 0.2939, rec_loss 0.0305, lpips_loss 0.2633, g_loss -0.0300, disc_weight 0.0000, disc_adaptive_weight 2.8783, d_loss 0.0000, logits_real 0.0299, logits_fake 0.0285,
Train Epoch: [1/5] Iters:[470/20018] gen_loss 0.2962, rec_loss 0.0307, lpips_loss 0.2655, g_loss -0.0304, disc_weight 0.0000, disc_adaptive_weight 2.8101, d_loss 0.0000, logits_real 0.0302, logits_fake 0.0285,
Train Epoch: [1/5] Iters:[480/20018] gen_loss 0.2964, rec_loss 0.0307, lpips_loss 0.2657, g_loss -0.0293, disc_weight 0.0000, disc_adaptive_weight 2.7943, d_loss 0.0000, logits_real 0.0284, logits_fake 0.0286,
Train Epoch: [1/5] Iters:[490/20018] gen_loss 0.2948, rec_loss 0.0302, lpips_loss 0.2646, g_loss -0.0291, disc_weight 0.0000, disc_adaptive_weight 2.7293, d_loss 0.0000, logits_real 0.0280, logits_fake 0.0291,
Train Epoch: [1/5] Iters:[500/20018] gen_loss 0.2950, rec_loss 0.0304, lpips_loss 0.2645, g_loss -0.0308, disc_weight 0.0000, disc_adaptive_weight 2.6635, d_loss 0.0000, logits_real 0.0305, logits_fake 0.0317,
Train Epoch: [1/5] Iters:[510/20018] gen_loss 0.2962, rec_loss 0.0306, lpips_loss 0.2656, g_loss -0.0316, disc_weight 0.0000, disc_adaptive_weight 2.5375, d_loss 0.0000, logits_real 0.0321, logits_fake 0.0335,
Train Epoch: [1/5] Iters:[520/20018] gen_loss 0.2941, rec_loss 0.0307, lpips_loss 0.2635, g_loss -0.0330, disc_weight 0.0000, disc_adaptive_weight 2.4032, d_loss 0.0000, logits_real 0.0323, logits_fake 0.0348,
Train Epoch: [1/5] Iters:[530/20018] gen_loss 0.2943, rec_loss 0.0308, lpips_loss 0.2635, g_loss -0.0334, disc_weight 0.0000, disc_adaptive_weight 2.4288, d_loss 0.0000, logits_real 0.0327, logits_fake 0.0344,
Train Epoch: [1/5] Iters:[540/20018] gen_loss 0.2952, rec_loss 0.0313, lpips_loss 0.2640, g_loss -0.0346, disc_weight 0.0000, disc_adaptive_weight 2.5378, d_loss 0.0000, logits_real 0.0336, logits_fake 0.0355,
Train Epoch: [1/5] Iters:[550/20018] gen_loss 0.2958, rec_loss 0.0314, lpips_loss 0.2644, g_loss -0.0332, disc_weight 0.0000, disc_adaptive_weight 2.5953, d_loss 0.0000, logits_real 0.0322, logits_fake 0.0343,
Train Epoch: [1/5] Iters:[560/20018] gen_loss 0.2966, rec_loss 0.0313, lpips_loss 0.2653, g_loss -0.0320, disc_weight 0.0000, disc_adaptive_weight 2.5882, d_loss 0.0000, logits_real 0.0308, logits_fake 0.0325,
Train Epoch: [1/5] Iters:[570/20018] gen_loss 0.2969, rec_loss 0.0312, lpips_loss 0.2657, g_loss -0.0310, disc_weight 0.0000, disc_adaptive_weight 2.7309, d_loss 0.0000, logits_real 0.0310, logits_fake 0.0322,
Train Epoch: [1/5] Iters:[580/20018] gen_loss 0.2961, rec_loss 0.0310, lpips_loss 0.2651, g_loss -0.0322, disc_weight 0.0000, disc_adaptive_weight 2.6960, d_loss 0.0000, logits_real 0.0325, logits_fake 0.0327,
Train Epoch: [1/5] Iters:[590/20018] gen_loss 0.2963, rec_loss 0.0310, lpips_loss 0.2653, g_loss -0.0320, disc_weight 0.0000, disc_adaptive_weight 2.5866, d_loss 0.0000, logits_real 0.0329, logits_fake 0.0317,
Train Epoch: [1/5] Iters:[600/20018] gen_loss 0.2956, rec_loss 0.0306, lpips_loss 0.2651, g_loss -0.0351, disc_weight 0.0000, disc_adaptive_weight 2.5688, d_loss 0.0000, logits_real 0.0350, logits_fake 0.0335,
Train Epoch: [1/5] Iters:[610/20018] gen_loss 0.2946, rec_loss 0.0307, lpips_loss 0.2639, g_loss -0.0346, disc_weight 0.0000, disc_adaptive_weight 2.4986, d_loss 0.0000, logits_real 0.0348, logits_fake 0.0338,
Train Epoch: [1/5] Iters:[620/20018] gen_loss 0.2945, rec_loss 0.0307, lpips_loss 0.2638, g_loss -0.0350, disc_weight 0.0000, disc_adaptive_weight 2.6412, d_loss 0.0000, logits_real 0.0346, logits_fake 0.0337,
Train Epoch: [1/5] Iters:[630/20018] gen_loss 0.2933, rec_loss 0.0305, lpips_loss 0.2628, g_loss -0.0344, disc_weight 0.0000, disc_adaptive_weight 2.5603, d_loss 0.0000, logits_real 0.0340, logits_fake 0.0340,
Train Epoch: [1/5] Iters:[640/20018] gen_loss 0.2923, rec_loss 0.0301, lpips_loss 0.2622, g_loss -0.0337, disc_weight 0.0000, disc_adaptive_weight 2.6428, d_loss 0.0000, logits_real 0.0336, logits_fake 0.0343,
Train Epoch: [1/5] Iters:[650/20018] gen_loss 0.2925, rec_loss 0.0303, lpips_loss 0.2623, g_loss -0.0311, disc_weight 0.0000, disc_adaptive_weight 2.5407, d_loss 0.0000, logits_real 0.0323, logits_fake 0.0326,
Train Epoch: [1/5] Iters:[660/20018] gen_loss 0.2922, rec_loss 0.0300, lpips_loss 0.2622, g_loss -0.0333, disc_weight 0.0000, disc_adaptive_weight 2.6610, d_loss 0.0000, logits_real 0.0326, logits_fake 0.0338,
Train Epoch: [1/5] Iters:[670/20018] gen_loss 0.2928, rec_loss 0.0298, lpips_loss 0.2630, g_loss -0.0308, disc_weight 0.0000, disc_adaptive_weight 2.4190, d_loss 0.0000, logits_real 0.0303, logits_fake 0.0314,
Train Epoch: [1/5] Iters:[680/20018] gen_loss 0.2931, rec_loss 0.0299, lpips_loss 0.2632, g_loss -0.0318, disc_weight 0.0000, disc_adaptive_weight 2.4493, d_loss 0.0000, logits_real 0.0309, logits_fake 0.0322,
Train Epoch: [1/5] Iters:[690/20018] gen_loss 0.2934, rec_loss 0.0299, lpips_loss 0.2635, g_loss -0.0322, disc_weight 0.0000, disc_adaptive_weight 2.5027, d_loss 0.0000, logits_real 0.0308, logits_fake 0.0322,
Train Epoch: [1/5] Iters:[700/20018] gen_loss 0.2930, rec_loss 0.0301, lpips_loss 0.2629, g_loss -0.0350, disc_weight 0.0000, disc_adaptive_weight 2.5600, d_loss 0.0000, logits_real 0.0322, logits_fake 0.0342,
Train Epoch: [1/5] Iters:[710/20018] gen_loss 0.2930, rec_loss 0.0302, lpips_loss 0.2628, g_loss -0.0326, disc_weight 0.0000, disc_adaptive_weight 2.6994, d_loss 0.0000, logits_real 0.0318, logits_fake 0.0326,
Train Epoch: [1/5] Iters:[720/20018] gen_loss 0.2917, rec_loss 0.0302, lpips_loss 0.2615, g_loss -0.0348, disc_weight 0.0000, disc_adaptive_weight 2.7721, d_loss 0.0000, logits_real 0.0345, logits_fake 0.0346,
Train Epoch: [1/5] Iters:[730/20018] gen_loss 0.2935, rec_loss 0.0307, lpips_loss 0.2629, g_loss -0.0338, disc_weight 0.0000, disc_adaptive_weight 2.8594, d_loss 0.0000, logits_real 0.0338, logits_fake 0.0334,
Train Epoch: [1/5] Iters:[740/20018] gen_loss 0.2946, rec_loss 0.0311, lpips_loss 0.2635, g_loss -0.0323, disc_weight 0.0000, disc_adaptive_weight 2.9228, d_loss 0.0000, logits_real 0.0330, logits_fake 0.0323,
Train Epoch: [1/5] Iters:[750/20018] gen_loss 0.2935, rec_loss 0.0308, lpips_loss 0.2627, g_loss -0.0307, disc_weight 0.0000, disc_adaptive_weight 2.8694, d_loss 0.0000, logits_real 0.0323, logits_fake 0.0315,
Train Epoch: [1/5] Iters:[760/20018] gen_loss 0.2937, rec_loss 0.0304, lpips_loss 0.2633, g_loss -0.0316, disc_weight 0.0000, disc_adaptive_weight 2.6578, d_loss 0.0000, logits_real 0.0330, logits_fake 0.0315,
Train Epoch: [1/5] Iters:[770/20018] gen_loss 0.2930, rec_loss 0.0302, lpips_loss 0.2628, g_loss -0.0303, disc_weight 0.0000, disc_adaptive_weight 2.7672, d_loss 0.0000, logits_real 0.0315, logits_fake 0.0300,
Train Epoch: [1/5] Iters:[780/20018] gen_loss 0.2922, rec_loss 0.0299, lpips_loss 0.2623, g_loss -0.0299, disc_weight 0.0000, disc_adaptive_weight 2.8174, d_loss 0.0000, logits_real 0.0312, logits_fake 0.0300,
Train Epoch: [1/5] Iters:[790/20018] gen_loss 0.2918, rec_loss 0.0297, lpips_loss 0.2621, g_loss -0.0322, disc_weight 0.0000, disc_adaptive_weight 2.5653, d_loss 0.0000, logits_real 0.0325, logits_fake 0.0309,
Train Epoch: [1/5] Iters:[800/20018] gen_loss 0.2934, rec_loss 0.0300, lpips_loss 0.2634, g_loss -0.0315, disc_weight 0.0000, disc_adaptive_weight 2.6386, d_loss 0.0000, logits_real 0.0308, logits_fake 0.0295,
Train Epoch: [1/5] Iters:[810/20018] gen_loss 0.2939, rec_loss 0.0303, lpips_loss 0.2636, g_loss -0.0298, disc_weight 0.0000, disc_adaptive_weight 2.5552, d_loss 0.0000, logits_real 0.0293, logits_fake 0.0291,
Train Epoch: [1/5] Iters:[820/20018] gen_loss 0.2940, rec_loss 0.0305, lpips_loss 0.2635, g_loss -0.0310, disc_weight 0.0000, disc_adaptive_weight 2.4198, d_loss 0.0000, logits_real 0.0303, logits_fake 0.0306,
Train Epoch: [1/5] Iters:[830/20018] gen_loss 0.2934, rec_loss 0.0305, lpips_loss 0.2629, g_loss -0.0321, disc_weight 0.0000, disc_adaptive_weight 2.2723, d_loss 0.0000, logits_real 0.0298, logits_fake 0.0309,
Train Epoch: [1/5] Iters:[840/20018] gen_loss 0.2928, rec_loss 0.0303, lpips_loss 0.2625, g_loss -0.0325, disc_weight 0.0000, disc_adaptive_weight 2.2910, d_loss 0.0000, logits_real 0.0297, logits_fake 0.0324,
Train Epoch: [1/5] Iters:[850/20018] gen_loss 0.2913, rec_loss 0.0302, lpips_loss 0.2611, g_loss -0.0325, disc_weight 0.0000, disc_adaptive_weight 2.3659, d_loss 0.0000, logits_real 0.0300, logits_fake 0.0327,
Train Epoch: [1/5] Iters:[860/20018] gen_loss 0.2914, rec_loss 0.0303, lpips_loss 0.2611, g_loss -0.0355, disc_weight 0.0000, disc_adaptive_weight 2.5207, d_loss 0.0000, logits_real 0.0314, logits_fake 0.0347,
Train Epoch: [1/5] Iters:[870/20018] gen_loss 0.2928, rec_loss 0.0304, lpips_loss 0.2624, g_loss -0.0350, disc_weight 0.0000, disc_adaptive_weight 2.4244, d_loss 0.0000, logits_real 0.0310, logits_fake 0.0339,
Train Epoch: [1/5] Iters:[880/20018] gen_loss 0.2937, rec_loss 0.0305, lpips_loss 0.2632, g_loss -0.0349, disc_weight 0.0000, disc_adaptive_weight 2.5685, d_loss 0.0000, logits_real 0.0317, logits_fake 0.0340,
Train Epoch: [1/5] Iters:[890/20018] gen_loss 0.2925, rec_loss 0.0301, lpips_loss 0.2624, g_loss -0.0357, disc_weight 0.0000, disc_adaptive_weight 2.5781, d_loss 0.0000, logits_real 0.0334, logits_fake 0.0345,
Train Epoch: [1/5] Iters:[900/20018] gen_loss 0.2950, rec_loss 0.0305, lpips_loss 0.2644, g_loss -0.0378, disc_weight 0.0000, disc_adaptive_weight 2.5438, d_loss 0.0000, logits_real 0.0346, logits_fake 0.0365,
Train Epoch: [1/5] Iters:[910/20018] gen_loss 0.2946, rec_loss 0.0304, lpips_loss 0.2642, g_loss -0.0362, disc_weight 0.0000, disc_adaptive_weight 2.4918, d_loss 0.0000, logits_real 0.0333, logits_fake 0.0351,
Train Epoch: [1/5] Iters:[920/20018] gen_loss 0.2927, rec_loss 0.0301, lpips_loss 0.2626, g_loss -0.0358, disc_weight 0.0000, disc_adaptive_weight 2.6502, d_loss 0.0000, logits_real 0.0338, logits_fake 0.0362,
Train Epoch: [1/5] Iters:[930/20018] gen_loss 0.2929, rec_loss 0.0302, lpips_loss 0.2627, g_loss -0.0361, disc_weight 0.0000, disc_adaptive_weight 2.5335, d_loss 0.0000, logits_real 0.0343, logits_fake 0.0367,
Train Epoch: [1/5] Iters:[940/20018] gen_loss 0.2928, rec_loss 0.0302, lpips_loss 0.2626, g_loss -0.0341, disc_weight 0.0000, disc_adaptive_weight 2.6483, d_loss 0.0000, logits_real 0.0323, logits_fake 0.0357,
Train Epoch: [1/5] Iters:[950/20018] gen_loss 0.2917, rec_loss 0.0299, lpips_loss 0.2618, g_loss -0.0325, disc_weight 0.0000, disc_adaptive_weight 2.5697, d_loss 0.0000, logits_real 0.0327, logits_fake 0.0346,
Train Epoch: [1/5] Iters:[960/20018] gen_loss 0.2923, rec_loss 0.0300, lpips_loss 0.2623, g_loss -0.0331, disc_weight 0.0000, disc_adaptive_weight 2.5761, d_loss 0.0000, logits_real 0.0337, logits_fake 0.0349,
Train Epoch: [1/5] Iters:[970/20018] gen_loss 0.2935, rec_loss 0.0303, lpips_loss 0.2632, g_loss -0.0350, disc_weight 0.0000, disc_adaptive_weight 2.5366, d_loss 0.0000, logits_real 0.0343, logits_fake 0.0360,
Train Epoch: [1/5] Iters:[980/20018] gen_loss 0.2929, rec_loss 0.0302, lpips_loss 0.2627, g_loss -0.0335, disc_weight 0.0000, disc_adaptive_weight 2.5700, d_loss 0.0000, logits_real 0.0335, logits_fake 0.0347,
Train Epoch: [1/5] Iters:[990/20018] gen_loss 0.2918, rec_loss 0.0302, lpips_loss 0.2616, g_loss -0.0344, disc_weight 0.0000, disc_adaptive_weight 2.4471, d_loss 0.0000, logits_real 0.0343, logits_fake 0.0345,
Train Epoch: [1/5] Iters:[1000/20018] gen_loss 0.2921, rec_loss 0.0305, lpips_loss 0.2616, g_loss -0.0357, disc_weight 0.0000, disc_adaptive_weight 2.4856, d_loss 0.0000, logits_real 0.0337, logits_fake 0.0351,
Train Epoch: [1/5] Iters:[1010/20018] gen_loss 0.2903, rec_loss 0.0301, lpips_loss 0.2602, g_loss -0.0351, disc_weight 0.0000, disc_adaptive_weight 2.4333, d_loss 0.0000, logits_real 0.0337, logits_fake 0.0357,
Train Epoch: [1/5] Iters:[1020/20018] gen_loss 0.2904, rec_loss 0.0300, lpips_loss 0.2603, g_loss -0.0329, disc_weight 0.0000, disc_adaptive_weight 2.4303, d_loss 0.0000, logits_real 0.0316, logits_fake 0.0329,
Train Epoch: [1/5] Iters:[1030/20018] gen_loss 0.2914, rec_loss 0.0301, lpips_loss 0.2613, g_loss -0.0345, disc_weight 0.0000, disc_adaptive_weight 2.4024, d_loss 0.0000, logits_real 0.0333, logits_fake 0.0348,
Train Epoch: [1/5] Iters:[1040/20018] gen_loss 0.2938, rec_loss 0.0305, lpips_loss 0.2632, g_loss -0.0326, disc_weight 0.0000, disc_adaptive_weight 2.4318, d_loss 0.0000, logits_real 0.0318, logits_fake 0.0331,
Train Epoch: [1/5] Iters:[1050/20018] gen_loss 0.2927, rec_loss 0.0302, lpips_loss 0.2625, g_loss -0.0313, disc_weight 0.0000, disc_adaptive_weight 2.4021, d_loss 0.0000, logits_real 0.0323, logits_fake 0.0328,
Train Epoch: [1/5] Iters:[1060/20018] gen_loss 0.2926, rec_loss 0.0302, lpips_loss 0.2624, g_loss -0.0325, disc_weight 0.0000, disc_adaptive_weight 2.5738, d_loss 0.0000, logits_real 0.0328, logits_fake 0.0338,
Train Epoch: [1/5] Iters:[1070/20018] gen_loss 0.2928, rec_loss 0.0299, lpips_loss 0.2629, g_loss -0.0350, disc_weight 0.0000, disc_adaptive_weight 2.5267, d_loss 0.0000, logits_real 0.0351, logits_fake 0.0366,
Train Epoch: [1/5] Iters:[1080/20018] gen_loss 0.2922, rec_loss 0.0298, lpips_loss 0.2624, g_loss -0.0348, disc_weight 0.0000, disc_adaptive_weight 2.5704, d_loss 0.0000, logits_real 0.0346, logits_fake 0.0354,
Train Epoch: [1/5] Iters:[1090/20018] gen_loss 0.2910, rec_loss 0.0296, lpips_loss 0.2614, g_loss -0.0355, disc_weight 0.0000, disc_adaptive_weight 2.5935, d_loss 0.0000, logits_real 0.0354, logits_fake 0.0360,
Train Epoch: [1/5] Iters:[1100/20018] gen_loss 0.2915, rec_loss 0.0296, lpips_loss 0.2619, g_loss -0.0351, disc_weight 0.0000, disc_adaptive_weight 2.6612, d_loss 0.0000, logits_real 0.0345, logits_fake 0.0355,
Train Epoch: [1/5] Iters:[1110/20018] gen_loss 0.2902, rec_loss 0.0295, lpips_loss 0.2608, g_loss -0.0333, disc_weight 0.0000, disc_adaptive_weight 2.6462, d_loss 0.0000, logits_real 0.0333, logits_fake 0.0338,
Train Epoch: [1/5] Iters:[1120/20018] gen_loss 0.2911, rec_loss 0.0302, lpips_loss 0.2609, g_loss -0.0303, disc_weight 0.0000, disc_adaptive_weight 2.7487, d_loss 0.0000, logits_real 0.0313, logits_fake 0.0312,
Train Epoch: [1/5] Iters:[1130/20018] gen_loss 0.2908, rec_loss 0.0301, lpips_loss 0.2607, g_loss -0.0307, disc_weight 0.0000, disc_adaptive_weight 2.7089, d_loss 0.0000, logits_real 0.0312, logits_fake 0.0321,
Train Epoch: [1/5] Iters:[1140/20018] gen_loss 0.2928, rec_loss 0.0306, lpips_loss 0.2623, g_loss -0.0330, disc_weight 0.0000, disc_adaptive_weight 2.7275, d_loss 0.0000, logits_real 0.0326, logits_fake 0.0339,
Train Epoch: [1/5] Iters:[1150/20018] gen_loss 0.2931, rec_loss 0.0306, lpips_loss 0.2625, g_loss -0.0326, disc_weight 0.0000, disc_adaptive_weight 2.7628, d_loss 0.0000, logits_real 0.0324, logits_fake 0.0329,
Train Epoch: [1/5] Iters:[1160/20018] gen_loss 0.2959, rec_loss 0.0315, lpips_loss 0.2644, g_loss -0.0352, disc_weight 0.0000, disc_adaptive_weight 2.5769, d_loss 0.0000, logits_real 0.0348, logits_fake 0.0343,
Train Epoch: [1/5] Iters:[1170/20018] gen_loss 0.2938, rec_loss 0.0307, lpips_loss 0.2632, g_loss -0.0362, disc_weight 0.0000, disc_adaptive_weight 2.4498, d_loss 0.0000, logits_real 0.0355, logits_fake 0.0341,
Train Epoch: [1/5] Iters:[1180/20018] gen_loss 0.2915, rec_loss 0.0304, lpips_loss 0.2611, g_loss -0.0343, disc_weight 0.0000, disc_adaptive_weight 2.5194, d_loss 0.0000, logits_real 0.0342, logits_fake 0.0326,
Train Epoch: [1/5] Iters:[1190/20018] gen_loss 0.2906, rec_loss 0.0303, lpips_loss 0.2603, g_loss -0.0311, disc_weight 0.0000, disc_adaptive_weight 2.6123, d_loss 0.0000, logits_real 0.0315, logits_fake 0.0297,
Train Epoch: [1/5] Iters:[1200/20018] gen_loss 0.2911, rec_loss 0.0305, lpips_loss 0.2606, g_loss -0.0319, disc_weight 0.0000, disc_adaptive_weight 2.5301, d_loss 0.0000, logits_real 0.0321, logits_fake 0.0308,
Train Epoch: [1/5] Iters:[1210/20018] gen_loss 0.2891, rec_loss 0.0299, lpips_loss 0.2593, g_loss -0.0292, disc_weight 0.0000, disc_adaptive_weight 2.6407, d_loss 0.0000, logits_real 0.0292, logits_fake 0.0287,
Train Epoch: [1/5] Iters:[1220/20018] gen_loss 0.2887, rec_loss 0.0302, lpips_loss 0.2585, g_loss -0.0310, disc_weight 0.0000, disc_adaptive_weight 2.7095, d_loss 0.0000, logits_real 0.0302, logits_fake 0.0308,
Train Epoch: [1/5] Iters:[1230/20018] gen_loss 0.2914, rec_loss 0.0310, lpips_loss 0.2604, g_loss -0.0336, disc_weight 0.0000, disc_adaptive_weight 2.7217, d_loss 0.0000, logits_real 0.0332, logits_fake 0.0335,
Train Epoch: [1/5] Iters:[1240/20018] gen_loss 0.2913, rec_loss 0.0309, lpips_loss 0.2604, g_loss -0.0349, disc_weight 0.0000, disc_adaptive_weight 2.5318, d_loss 0.0000, logits_real 0.0336, logits_fake 0.0345,
Train Epoch: [1/5] Iters:[1250/20018] gen_loss 0.2900, rec_loss 0.0307, lpips_loss 0.2593, g_loss -0.0353, disc_weight 0.0000, disc_adaptive_weight 2.4571, d_loss 0.0000, logits_real 0.0340, logits_fake 0.0348,
Train Epoch: [1/5] Iters:[1260/20018] gen_loss 0.2920, rec_loss 0.0312, lpips_loss 0.2608, g_loss -0.0349, disc_weight 0.0000, disc_adaptive_weight 2.3998, d_loss 0.0000, logits_real 0.0343, logits_fake 0.0346,
Train Epoch: [1/5] Iters:[1270/20018] gen_loss 0.2922, rec_loss 0.0312, lpips_loss 0.2610, g_loss -0.0333, disc_weight 0.0000, disc_adaptive_weight 2.2795, d_loss 0.0000, logits_real 0.0347, logits_fake 0.0330,
Train Epoch: [1/5] Iters:[1280/20018] gen_loss 0.2916, rec_loss 0.0308, lpips_loss 0.2608, g_loss -0.0311, disc_weight 0.0000, disc_adaptive_weight 2.2876, d_loss 0.0000, logits_real 0.0316, logits_fake 0.0301,
Train Epoch: [1/5] Iters:[1290/20018] gen_loss 0.2924, rec_loss 0.0309, lpips_loss 0.2615, g_loss -0.0297, disc_weight 0.0000, disc_adaptive_weight 2.3244, d_loss 0.0000, logits_real 0.0313, logits_fake 0.0290,
Train Epoch: [1/5] Iters:[1300/20018] gen_loss 0.2927, rec_loss 0.0311, lpips_loss 0.2616, g_loss -0.0309, disc_weight 0.0000, disc_adaptive_weight 2.4234, d_loss 0.0000, logits_real 0.0321, logits_fake 0.0306,
Train Epoch: [1/5] Iters:[1310/20018] gen_loss 0.2928, rec_loss 0.0310, lpips_loss 0.2618, g_loss -0.0325, disc_weight 0.0000, disc_adaptive_weight 2.3609, d_loss 0.0000, logits_real 0.0337, logits_fake 0.0325,
Train Epoch: [1/5] Iters:[1320/20018] gen_loss 0.2945, rec_loss 0.0313, lpips_loss 0.2632, g_loss -0.0327, disc_weight 0.0000, disc_adaptive_weight 2.3241, d_loss 0.0000, logits_real 0.0319, logits_fake 0.0320,
Train Epoch: [1/5] Iters:[1330/20018] gen_loss 0.2929, rec_loss 0.0308, lpips_loss 0.2621, g_loss -0.0332, disc_weight 0.0000, disc_adaptive_weight 2.3036, d_loss 0.0000, logits_real 0.0328, logits_fake 0.0326,
Train Epoch: [1/5] Iters:[1340/20018] gen_loss 0.2904, rec_loss 0.0303, lpips_loss 0.2601, g_loss -0.0337, disc_weight 0.0000, disc_adaptive_weight 2.4717, d_loss 0.0000, logits_real 0.0337, logits_fake 0.0332,
Train Epoch: [1/5] Iters:[1350/20018] gen_loss 0.2903, rec_loss 0.0303, lpips_loss 0.2600, g_loss -0.0314, disc_weight 0.0000, disc_adaptive_weight 2.5086, d_loss 0.0000, logits_real 0.0321, logits_fake 0.0305,
Train Epoch: [1/5] Iters:[1360/20018] gen_loss 0.2878, rec_loss 0.0296, lpips_loss 0.2582, g_loss -0.0314, disc_weight 0.0000, disc_adaptive_weight 2.7077, d_loss 0.0000, logits_real 0.0316, logits_fake 0.0306,
Train Epoch: [1/5] Iters:[1370/20018] gen_loss 0.2871, rec_loss 0.0297, lpips_loss 0.2575, g_loss -0.0302, disc_weight 0.0000, disc_adaptive_weight 2.8166, d_loss 0.0000, logits_real 0.0307, logits_fake 0.0309,
Train Epoch: [1/5] Iters:[1380/20018] gen_loss 0.2885, rec_loss 0.0297, lpips_loss 0.2587, g_loss -0.0285, disc_weight 0.0000, disc_adaptive_weight 2.7446, d_loss 0.0000, logits_real 0.0289, logits_fake 0.0291,
Train Epoch: [1/5] Iters:[1390/20018] gen_loss 0.2888, rec_loss 0.0299, lpips_loss 0.2590, g_loss -0.0279, disc_weight 0.0000, disc_adaptive_weight 2.6767, d_loss 0.0000, logits_real 0.0275, logits_fake 0.0284,
Train Epoch: [1/5] Iters:[1400/20018] gen_loss 0.2903, rec_loss 0.0302, lpips_loss 0.2601, g_loss -0.0287, disc_weight 0.0000, disc_adaptive_weight 2.7099, d_loss 0.0000, logits_real 0.0286, logits_fake 0.0295,
Train Epoch: [1/5] Iters:[1410/20018] gen_loss 0.2922, rec_loss 0.0308, lpips_loss 0.2613, g_loss -0.0279, disc_weight 0.0000, disc_adaptive_weight 2.5518, d_loss 0.0000, logits_real 0.0288, logits_fake 0.0288,
Train Epoch: [1/5] Iters:[1420/20018] gen_loss 0.2920, rec_loss 0.0304, lpips_loss 0.2617, g_loss -0.0315, disc_weight 0.0000, disc_adaptive_weight 2.5637, d_loss 0.0000, logits_real 0.0319, logits_fake 0.0310,
Train Epoch: [1/5] Iters:[1430/20018] gen_loss 0.2914, rec_loss 0.0303, lpips_loss 0.2610, g_loss -0.0335, disc_weight 0.0000, disc_adaptive_weight 2.6832, d_loss 0.0000, logits_real 0.0338, logits_fake 0.0316,
Train Epoch: [1/5] Iters:[1440/20018] gen_loss 0.2917, rec_loss 0.0304, lpips_loss 0.2613, g_loss -0.0352, disc_weight 0.0000, disc_adaptive_weight 2.5884, d_loss 0.0000, logits_real 0.0352, logits_fake 0.0332,
Train Epoch: [1/5] Iters:[1450/20018] gen_loss 0.2891, rec_loss 0.0296, lpips_loss 0.2596, g_loss -0.0361, disc_weight 0.0000, disc_adaptive_weight 2.4723, d_loss 0.0000, logits_real 0.0354, logits_fake 0.0338,
Train Epoch: [1/5] Iters:[1460/20018] gen_loss 0.2886, rec_loss 0.0292, lpips_loss 0.2594, g_loss -0.0372, disc_weight 0.0000, disc_adaptive_weight 2.5864, d_loss 0.0000, logits_real 0.0361, logits_fake 0.0341,
Train Epoch: [1/5] Iters:[1470/20018] gen_loss 0.2880, rec_loss 0.0294, lpips_loss 0.2586, g_loss -0.0352, disc_weight 0.0000, disc_adaptive_weight 2.7370, d_loss 0.0000, logits_real 0.0343, logits_fake 0.0328,
Train Epoch: [1/5] Iters:[1480/20018] gen_loss 0.2873, rec_loss 0.0295, lpips_loss 0.2578, g_loss -0.0343, disc_weight 0.0000, disc_adaptive_weight 2.7767, d_loss 0.0000, logits_real 0.0340, logits_fake 0.0333,
Train Epoch: [1/5] Iters:[1490/20018] gen_loss 0.2876, rec_loss 0.0295, lpips_loss 0.2581, g_loss -0.0335, disc_weight 0.0000, disc_adaptive_weight 3.0407, d_loss 0.0000, logits_real 0.0335, logits_fake 0.0329,
Train Epoch: [1/5] Iters:[1500/20018] gen_loss 0.2872, rec_loss 0.0293, lpips_loss 0.2579, g_loss -0.0318, disc_weight 0.0000, disc_adaptive_weight 3.0394, d_loss 0.0000, logits_real 0.0326, logits_fake 0.0318,
Train Epoch: [1/5] Iters:[1510/20018] gen_loss 0.2896, rec_loss 0.0301, lpips_loss 0.2595, g_loss -0.0301, disc_weight 0.0000, disc_adaptive_weight 2.9061, d_loss 0.0000, logits_real 0.0304, logits_fake 0.0302,
Train Epoch: [1/5] Iters:[1520/20018] gen_loss 0.2897, rec_loss 0.0302, lpips_loss 0.2595, g_loss -0.0309, disc_weight 0.0000, disc_adaptive_weight 2.6604, d_loss 0.0000, logits_real 0.0326, logits_fake 0.0307,
Train Epoch: [1/5] Iters:[1530/20018] gen_loss 0.2913, rec_loss 0.0303, lpips_loss 0.2610, g_loss -0.0301, disc_weight 0.0000, disc_adaptive_weight 2.5471, d_loss 0.0000, logits_real 0.0324, logits_fake 0.0301,
Train Epoch: [1/5] Iters:[1540/20018] gen_loss 0.2922, rec_loss 0.0308, lpips_loss 0.2614, g_loss -0.0294, disc_weight 0.0000, disc_adaptive_weight 2.3138, d_loss 0.0000, logits_real 0.0321, logits_fake 0.0294,
Train Epoch: [1/5] Iters:[1550/20018] gen_loss 0.2934, rec_loss 0.0314, lpips_loss 0.2620, g_loss -0.0323, disc_weight 0.0000, disc_adaptive_weight 2.3416, d_loss 0.0000, logits_real 0.0345, logits_fake 0.0315,
Train Epoch: [1/5] Iters:[1560/20018] gen_loss 0.2915, rec_loss 0.0308, lpips_loss 0.2607, g_loss -0.0343, disc_weight 0.0000, disc_adaptive_weight 2.4807, d_loss 0.0000, logits_real 0.0363, logits_fake 0.0347,
Train Epoch: [1/5] Iters:[1570/20018] gen_loss 0.2923, rec_loss 0.0308, lpips_loss 0.2616, g_loss -0.0326, disc_weight 0.0000, disc_adaptive_weight 2.6952, d_loss 0.0000, logits_real 0.0333, logits_fake 0.0335,
Train Epoch: [1/5] Iters:[1580/20018] gen_loss 0.2909, rec_loss 0.0308, lpips_loss 0.2602, g_loss -0.0336, disc_weight 0.0000, disc_adaptive_weight 2.6126, d_loss 0.0000, logits_real 0.0343, logits_fake 0.0348,
Train Epoch: [1/5] Iters:[1590/20018] gen_loss 0.2898, rec_loss 0.0305, lpips_loss 0.2593, g_loss -0.0349, disc_weight 0.0000, disc_adaptive_weight 2.6267, d_loss 0.0000, logits_real 0.0352, logits_fake 0.0364,
Train Epoch: [1/5] Iters:[1600/20018] gen_loss 0.2918, rec_loss 0.0306, lpips_loss 0.2612, g_loss -0.0316, disc_weight 0.0000, disc_adaptive_weight 2.6502, d_loss 0.0000, logits_real 0.0330, logits_fake 0.0331,
Train Epoch: [1/5] Iters:[1610/20018] gen_loss 0.2916, rec_loss 0.0308, lpips_loss 0.2608, g_loss -0.0303, disc_weight 0.0000, disc_adaptive_weight 2.5560, d_loss 0.0000, logits_real 0.0310, logits_fake 0.0309,
Train Epoch: [1/5] Iters:[1620/20018] gen_loss 0.2920, rec_loss 0.0313, lpips_loss 0.2607, g_loss -0.0284, disc_weight 0.0000, disc_adaptive_weight 2.4522, d_loss 0.0000, logits_real 0.0309, logits_fake 0.0296,
Train Epoch: [1/5] Iters:[1630/20018] gen_loss 0.2922, rec_loss 0.0311, lpips_loss 0.2610, g_loss -0.0290, disc_weight 0.0000, disc_adaptive_weight 2.6615, d_loss 0.0000, logits_real 0.0306, logits_fake 0.0289,
Train Epoch: [1/5] Iters:[1640/20018] gen_loss 0.2921, rec_loss 0.0309, lpips_loss 0.2612, g_loss -0.0308, disc_weight 0.0000, disc_adaptive_weight 2.8685, d_loss 0.0000, logits_real 0.0319, logits_fake 0.0301,
Train Epoch: [1/5] Iters:[1650/20018] gen_loss 0.2893, rec_loss 0.0305, lpips_loss 0.2588, g_loss -0.0304, disc_weight 0.0000, disc_adaptive_weight 2.9499, d_loss 0.0000, logits_real 0.0305, logits_fake 0.0305,
Train Epoch: [1/5] Iters:[1660/20018] gen_loss 0.2883, rec_loss 0.0300, lpips_loss 0.2583, g_loss -0.0290, disc_weight 0.0000, disc_adaptive_weight 3.0037, d_loss 0.0000, logits_real 0.0299, logits_fake 0.0296,
Train Epoch: [1/5] Iters:[1670/20018] gen_loss 0.2887, rec_loss 0.0297, lpips_loss 0.2591, g_loss -0.0307, disc_weight 0.0000, disc_adaptive_weight 3.1255, d_loss 0.0000, logits_real 0.0304, logits_fake 0.0311,
Train Epoch: [1/5] Iters:[1680/20018] gen_loss 0.2896, rec_loss 0.0302, lpips_loss 0.2594, g_loss -0.0301, disc_weight 0.0000, disc_adaptive_weight 2.9202, d_loss 0.0000, logits_real 0.0300, logits_fake 0.0319,
Train Epoch: [1/5] Iters:[1690/20018] gen_loss 0.2904, rec_loss 0.0302, lpips_loss 0.2601, g_loss -0.0279, disc_weight 0.0000, disc_adaptive_weight 2.7932, d_loss 0.0000, logits_real 0.0279, logits_fake 0.0303,
Train Epoch: [1/5] Iters:[1700/20018] gen_loss 0.2906, rec_loss 0.0305, lpips_loss 0.2601, g_loss -0.0306, disc_weight 0.0000, disc_adaptive_weight 2.7836, d_loss 0.0000, logits_real 0.0298, logits_fake 0.0316,
Train Epoch: [1/5] Iters:[1710/20018] gen_loss 0.2910, rec_loss 0.0308, lpips_loss 0.2603, g_loss -0.0330, disc_weight 0.0000, disc_adaptive_weight 2.7503, d_loss 0.0000, logits_real 0.0318, logits_fake 0.0327,
Train Epoch: [1/5] Iters:[1720/20018] gen_loss 0.2894, rec_loss 0.0305, lpips_loss 0.2590, g_loss -0.0334, disc_weight 0.0000, disc_adaptive_weight 2.6284, d_loss 0.0000, logits_real 0.0328, logits_fake 0.0326,
Train Epoch: [1/5] Iters:[1730/20018] gen_loss 0.2889, rec_loss 0.0301, lpips_loss 0.2589, g_loss -0.0342, disc_weight 0.0000, disc_adaptive_weight 2.7728, d_loss 0.0000, logits_real 0.0334, logits_fake 0.0325,
Train Epoch: [1/5] Iters:[1740/20018] gen_loss 0.2897, rec_loss 0.0303, lpips_loss 0.2594, g_loss -0.0346, disc_weight 0.0000, disc_adaptive_weight 2.6305, d_loss 0.0000, logits_real 0.0347, logits_fake 0.0327,
Train Epoch: [1/5] Iters:[1750/20018] gen_loss 0.2909, rec_loss 0.0305, lpips_loss 0.2604, g_loss -0.0330, disc_weight 0.0000, disc_adaptive_weight 2.6078, d_loss 0.0000, logits_real 0.0335, logits_fake 0.0322,
Train Epoch: [1/5] Iters:[1760/20018] gen_loss 0.2897, rec_loss 0.0300, lpips_loss 0.2597, g_loss -0.0324, disc_weight 0.0000, disc_adaptive_weight 2.5754, d_loss 0.0000, logits_real 0.0336, logits_fake 0.0325,
Train Epoch: [1/5] Iters:[1770/20018] gen_loss 0.2915, rec_loss 0.0305, lpips_loss 0.2611, g_loss -0.0323, disc_weight 0.0000, disc_adaptive_weight 2.5540, d_loss 0.0000, logits_real 0.0325, logits_fake 0.0328,
Train Epoch: [1/5] Iters:[1780/20018] gen_loss 0.2904, rec_loss 0.0302, lpips_loss 0.2602, g_loss -0.0328, disc_weight 0.0000, disc_adaptive_weight 2.4855, d_loss 0.0000, logits_real 0.0321, logits_fake 0.0326,
Train Epoch: [1/5] Iters:[1790/20018] gen_loss 0.2897, rec_loss 0.0301, lpips_loss 0.2596, g_loss -0.0333, disc_weight 0.0000, disc_adaptive_weight 2.7102, d_loss 0.0000, logits_real 0.0321, logits_fake 0.0336,
Train Epoch: [1/5] Iters:[1800/20018] gen_loss 0.2896, rec_loss 0.0297, lpips_loss 0.2599, g_loss -0.0330, disc_weight 0.0000, disc_adaptive_weight 2.7482, d_loss 0.0000, logits_real 0.0318, logits_fake 0.0331,
Train Epoch: [1/5] Iters:[1810/20018] gen_loss 0.2922, rec_loss 0.0306, lpips_loss 0.2616, g_loss -0.0333, disc_weight 0.0000, disc_adaptive_weight 2.7777, d_loss 0.0000, logits_real 0.0313, logits_fake 0.0317,
Train Epoch: [1/5] Iters:[1820/20018] gen_loss 0.2896, rec_loss 0.0298, lpips_loss 0.2598, g_loss -0.0313, disc_weight 0.0000, disc_adaptive_weight 2.7749, d_loss 0.0000, logits_real 0.0298, logits_fake 0.0302,
Train Epoch: [1/5] Iters:[1830/20018] gen_loss 0.2915, rec_loss 0.0303, lpips_loss 0.2612, g_loss -0.0308, disc_weight 0.0000, disc_adaptive_weight 2.7335, d_loss 0.0000, logits_real 0.0299, logits_fake 0.0306,
Train Epoch: [1/5] Iters:[1840/20018] gen_loss 0.2920, rec_loss 0.0307, lpips_loss 0.2613, g_loss -0.0315, disc_weight 0.0000, disc_adaptive_weight 2.5620, d_loss 0.0000, logits_real 0.0307, logits_fake 0.0310,
Train Epoch: [1/5] Iters:[1850/20018] gen_loss 0.2924, rec_loss 0.0311, lpips_loss 0.2613, g_loss -0.0324, disc_weight 0.0000, disc_adaptive_weight 2.3764, d_loss 0.0000, logits_real 0.0321, logits_fake 0.0315,
Train Epoch: [1/5] Iters:[1860/20018] gen_loss 0.2897, rec_loss 0.0305, lpips_loss 0.2593, g_loss -0.0311, disc_weight 0.0000, disc_adaptive_weight 2.3319, d_loss 0.0000, logits_real 0.0310, logits_fake 0.0314,
Train Epoch: [1/5] Iters:[1870/20018] gen_loss 0.2932, rec_loss 0.0313, lpips_loss 0.2619, g_loss -0.0332, disc_weight 0.0000, disc_adaptive_weight 2.3325, d_loss 0.0000, logits_real 0.0329, logits_fake 0.0338,
Train Epoch: [1/5] Iters:[1880/20018] gen_loss 0.2928, rec_loss 0.0314, lpips_loss 0.2614, g_loss -0.0326, disc_weight 0.0000, disc_adaptive_weight 2.3310, d_loss 0.0000, logits_real 0.0320, logits_fake 0.0327,
Train Epoch: [1/5] Iters:[1890/20018] gen_loss 0.2919, rec_loss 0.0307, lpips_loss 0.2611, g_loss -0.0309, disc_weight 0.0000, disc_adaptive_weight 2.5160, d_loss 0.0000, logits_real 0.0310, logits_fake 0.0308,
Train Epoch: [1/5] Iters:[1900/20018] gen_loss 0.2907, rec_loss 0.0304, lpips_loss 0.2603, g_loss -0.0320, disc_weight 0.0000, disc_adaptive_weight 2.6047, d_loss 0.0000, logits_real 0.0322, logits_fake 0.0319,
Train Epoch: [1/5] Iters:[1910/20018] gen_loss 0.2925, rec_loss 0.0306, lpips_loss 0.2619, g_loss -0.0327, disc_weight 0.0000, disc_adaptive_weight 2.5568, d_loss 0.0000, logits_real 0.0329, logits_fake 0.0317,
Train Epoch: [1/5] Iters:[1920/20018] gen_loss 0.2901, rec_loss 0.0304, lpips_loss 0.2597, g_loss -0.0337, disc_weight 0.0000, disc_adaptive_weight 2.5014, d_loss 0.0000, logits_real 0.0343, logits_fake 0.0318,
Train Epoch: [1/5] Iters:[1930/20018] gen_loss 0.2898, rec_loss 0.0304, lpips_loss 0.2594, g_loss -0.0357, disc_weight 0.0000, disc_adaptive_weight 2.4640, d_loss 0.0000, logits_real 0.0359, logits_fake 0.0345,
Train Epoch: [1/5] Iters:[1940/20018] gen_loss 0.2896, rec_loss 0.0307, lpips_loss 0.2589, g_loss -0.0367, disc_weight 0.0000, disc_adaptive_weight 2.2299, d_loss 0.0000, logits_real 0.0360, logits_fake 0.0347,
Train Epoch: [1/5] Iters:[1950/20018] gen_loss 0.2886, rec_loss 0.0303, lpips_loss 0.2584, g_loss -0.0334, disc_weight 0.0000, disc_adaptive_weight 2.2273, d_loss 0.0000, logits_real 0.0327, logits_fake 0.0321,
Train Epoch: [1/5] Iters:[1960/20018] gen_loss 0.2890, rec_loss 0.0303, lpips_loss 0.2587, g_loss -0.0353, disc_weight 0.0000, disc_adaptive_weight 2.2603, d_loss 0.0000, logits_real 0.0337, logits_fake 0.0352,
Train Epoch: [1/5] Iters:[1970/20018] gen_loss 0.2903, rec_loss 0.0305, lpips_loss 0.2598, g_loss -0.0342, disc_weight 0.0000, disc_adaptive_weight 2.3343, d_loss 0.0000, logits_real 0.0326, logits_fake 0.0335,
Train Epoch: [1/5] Iters:[1980/20018] gen_loss 0.2916, rec_loss 0.0307, lpips_loss 0.2610, g_loss -0.0325, disc_weight 0.0000, disc_adaptive_weight 2.5510, d_loss 0.0000, logits_real 0.0323, logits_fake 0.0309,
Train Epoch: [1/5] Iters:[1990/20018] gen_loss 0.2922, rec_loss 0.0308, lpips_loss 0.2613, g_loss -0.0323, disc_weight 0.0000, disc_adaptive_weight 2.6913, d_loss 0.0000, logits_real 0.0321, logits_fake 0.0315,
Train Epoch: [1/5] Iters:[2000/20018] gen_loss 0.2940, rec_loss 0.0316, lpips_loss 0.2624, g_loss -0.0346, disc_weight 0.0000, disc_adaptive_weight 2.8392, d_loss 0.0000, logits_real 0.0346, logits_fake 0.0330,
Train Epoch: [1/5] Iters:[2010/20018] gen_loss 0.2936, rec_loss 0.0318, lpips_loss 0.2618, g_loss -0.0315, disc_weight 0.0000, disc_adaptive_weight 3.0341, d_loss 0.0000, logits_real 0.0323, logits_fake 0.0297,
Train Epoch: [1/5] Iters:[2020/20018] gen_loss 0.2913, rec_loss 0.0313, lpips_loss 0.2600, g_loss -0.0301, disc_weight 0.0000, disc_adaptive_weight 3.2055, d_loss 0.0000, logits_real 0.0311, logits_fake 0.0289,
Train Epoch: [1/5] Iters:[2030/20018] gen_loss 0.2904, rec_loss 0.0312, lpips_loss 0.2592, g_loss -0.0304, disc_weight 0.0000, disc_adaptive_weight 3.1501, d_loss 0.0000, logits_real 0.0309, logits_fake 0.0299,
Train Epoch: [1/5] Iters:[2040/20018] gen_loss 0.2891, rec_loss 0.0307, lpips_loss 0.2584, g_loss -0.0284, disc_weight 0.0000, disc_adaptive_weight 2.9870, d_loss 0.0000, logits_real 0.0296, logits_fake 0.0282,
Train Epoch: [1/5] Iters:[2050/20018] gen_loss 0.2900, rec_loss 0.0305, lpips_loss 0.2595, g_loss -0.0288, disc_weight 0.0000, disc_adaptive_weight 2.8549, d_loss 0.0000, logits_real 0.0299, logits_fake 0.0288,
Train Epoch: [1/5] Iters:[2060/20018] gen_loss 0.2884, rec_loss 0.0300, lpips_loss 0.2584, g_loss -0.0304, disc_weight 0.0000, disc_adaptive_weight 2.8595, d_loss 0.0000, logits_real 0.0320, logits_fake 0.0303,
Train Epoch: [1/5] Iters:[2070/20018] gen_loss 0.2895, rec_loss 0.0300, lpips_loss 0.2595, g_loss -0.0307, disc_weight 0.0000, disc_adaptive_weight 2.7981, d_loss 0.0000, logits_real 0.0323, logits_fake 0.0305,
Train Epoch: [1/5] Iters:[2080/20018] gen_loss 0.2887, rec_loss 0.0299, lpips_loss 0.2588, g_loss -0.0300, disc_weight 0.0000, disc_adaptive_weight 2.8689, d_loss 0.0000, logits_real 0.0309, logits_fake 0.0287,
Train Epoch: [1/5] Iters:[2090/20018] gen_loss 0.2899, rec_loss 0.0304, lpips_loss 0.2595, g_loss -0.0317, disc_weight 0.0000, disc_adaptive_weight 2.9004, d_loss 0.0000, logits_real 0.0320, logits_fake 0.0298,
Train Epoch: [1/5] Iters:[2100/20018] gen_loss 0.2896, rec_loss 0.0307, lpips_loss 0.2589, g_loss -0.0304, disc_weight 0.0000, disc_adaptive_weight 2.8817, d_loss 0.0000, logits_real 0.0303, logits_fake 0.0282,
Train Epoch: [1/5] Iters:[2110/20018] gen_loss 0.2903, rec_loss 0.0313, lpips_loss 0.2590, g_loss -0.0303, disc_weight 0.0000, disc_adaptive_weight 2.7800, d_loss 0.0000, logits_real 0.0306, logits_fake 0.0288,
Train Epoch: [1/5] Iters:[2120/20018] gen_loss 0.2910, rec_loss 0.0315, lpips_loss 0.2595, g_loss -0.0306, disc_weight 0.0000, disc_adaptive_weight 2.7517, d_loss 0.0000, logits_real 0.0309, logits_fake 0.0298,
Train Epoch: [1/5] Iters:[2130/20018] gen_loss 0.2910, rec_loss 0.0313, lpips_loss 0.2597, g_loss -0.0324, disc_weight 0.0000, disc_adaptive_weight 2.6281, d_loss 0.0000, logits_real 0.0329, logits_fake 0.0324,
Train Epoch: [1/5] Iters:[2140/20018] gen_loss 0.2904, rec_loss 0.0310, lpips_loss 0.2594, g_loss -0.0320, disc_weight 0.0000, disc_adaptive_weight 2.6925, d_loss 0.0000, logits_real 0.0316, logits_fake 0.0327,
Train Epoch: [1/5] Iters:[2150/20018] gen_loss 0.2890, rec_loss 0.0304, lpips_loss 0.2586, g_loss -0.0332, disc_weight 0.0000, disc_adaptive_weight 2.7141, d_loss 0.0000, logits_real 0.0329, logits_fake 0.0344,
Train Epoch: [1/5] Iters:[2160/20018] gen_loss 0.2896, rec_loss 0.0303, lpips_loss 0.2593, g_loss -0.0308, disc_weight 0.0000, disc_adaptive_weight 2.6590, d_loss 0.0000, logits_real 0.0302, logits_fake 0.0325,
Train Epoch: [1/5] Iters:[2170/20018] gen_loss 0.2891, rec_loss 0.0304, lpips_loss 0.2587, g_loss -0.0317, disc_weight 0.0000, disc_adaptive_weight 2.5637, d_loss 0.0000, logits_real 0.0306, logits_fake 0.0322,
Train Epoch: [1/5] Iters:[2180/20018] gen_loss 0.2895, rec_loss 0.0306, lpips_loss 0.2589, g_loss -0.0305, disc_weight 0.0000, disc_adaptive_weight 2.5426, d_loss 0.0000, logits_real 0.0292, logits_fake 0.0305,
Train Epoch: [1/5] Iters:[2190/20018] gen_loss 0.2883, rec_loss 0.0303, lpips_loss 0.2580, g_loss -0.0299, disc_weight 0.0000, disc_adaptive_weight 2.5145, d_loss 0.0000, logits_real 0.0298, logits_fake 0.0301,
Train Epoch: [1/5] Iters:[2200/20018] gen_loss 0.2889, rec_loss 0.0304, lpips_loss 0.2585, g_loss -0.0293, disc_weight 0.0000, disc_adaptive_weight 2.5695, d_loss 0.0000, logits_real 0.0288, logits_fake 0.0292,
Train Epoch: [1/5] Iters:[2210/20018] gen_loss 0.2867, rec_loss 0.0298, lpips_loss 0.2570, g_loss -0.0338, disc_weight 0.0000, disc_adaptive_weight 2.6716, d_loss 0.0000, logits_real 0.0323, logits_fake 0.0325,
Train Epoch: [1/5] Iters:[2220/20018] gen_loss 0.2853, rec_loss 0.0293, lpips_loss 0.2560, g_loss -0.0330, disc_weight 0.0000, disc_adaptive_weight 2.8043, d_loss 0.0000, logits_real 0.0314, logits_fake 0.0322,
Train Epoch: [1/5] Iters:[2230/20018] gen_loss 0.2859, rec_loss 0.0291, lpips_loss 0.2567, g_loss -0.0329, disc_weight 0.0000, disc_adaptive_weight 2.8778, d_loss 0.0000, logits_real 0.0316, logits_fake 0.0321,
Train Epoch: [1/5] Iters:[2240/20018] gen_loss 0.2882, rec_loss 0.0299, lpips_loss 0.2583, g_loss -0.0347, disc_weight 0.0000, disc_adaptive_weight 2.8229, d_loss 0.0000, logits_real 0.0333, logits_fake 0.0344,
Train Epoch: [1/5] Iters:[2250/20018] gen_loss 0.2889, rec_loss 0.0298, lpips_loss 0.2591, g_loss -0.0346, disc_weight 0.0000, disc_adaptive_weight 2.8424, d_loss 0.0000, logits_real 0.0331, logits_fake 0.0341,
Train Epoch: [1/5] Iters:[2260/20018] gen_loss 0.2908, rec_loss 0.0305, lpips_loss 0.2604, g_loss -0.0337, disc_weight 0.0000, disc_adaptive_weight 2.7906, d_loss 0.0000, logits_real 0.0331, logits_fake 0.0335,
Train Epoch: [1/5] Iters:[2270/20018] gen_loss 0.2920, rec_loss 0.0307, lpips_loss 0.2614, g_loss -0.0336, disc_weight 0.0000, disc_adaptive_weight 2.7478, d_loss 0.0000, logits_real 0.0335, logits_fake 0.0341,
Train Epoch: [1/5] Iters:[2280/20018] gen_loss 0.2915, rec_loss 0.0307, lpips_loss 0.2608, g_loss -0.0320, disc_weight 0.0000, disc_adaptive_weight 2.6819, d_loss 0.0000, logits_real 0.0330, logits_fake 0.0331,
Train Epoch: [1/5] Iters:[2290/20018] gen_loss 0.2900, rec_loss 0.0304, lpips_loss 0.2597, g_loss -0.0305, disc_weight 0.0000, disc_adaptive_weight 2.7569, d_loss 0.0000, logits_real 0.0313, logits_fake 0.0308,
Train Epoch: [1/5] Iters:[2300/20018] gen_loss 0.2888, rec_loss 0.0303, lpips_loss 0.2586, g_loss -0.0308, disc_weight 0.0000, disc_adaptive_weight 2.6470, d_loss 0.0000, logits_real 0.0323, logits_fake 0.0320,
Train Epoch: [1/5] Iters:[2310/20018] gen_loss 0.2876, rec_loss 0.0297, lpips_loss 0.2579, g_loss -0.0285, disc_weight 0.0000, disc_adaptive_weight 2.5727, d_loss 0.0000, logits_real 0.0294, logits_fake 0.0294,
Train Epoch: [1/5] Iters:[2320/20018] gen_loss 0.2856, rec_loss 0.0296, lpips_loss 0.2559, g_loss -0.0299, disc_weight 0.0000, disc_adaptive_weight 2.4376, d_loss 0.0000, logits_real 0.0313, logits_fake 0.0311,
Train Epoch: [1/5] Iters:[2330/20018] gen_loss 0.2851, rec_loss 0.0295, lpips_loss 0.2556, g_loss -0.0328, disc_weight 0.0000, disc_adaptive_weight 2.4239, d_loss 0.0000, logits_real 0.0326, logits_fake 0.0337,
Train Epoch: [1/5] Iters:[2340/20018] gen_loss 0.2835, rec_loss 0.0291, lpips_loss 0.2545, g_loss -0.0334, disc_weight 0.0000, disc_adaptive_weight 2.4701, d_loss 0.0000, logits_real 0.0331, logits_fake 0.0342,
Train Epoch: [1/5] Iters:[2350/20018] gen_loss 0.2841, rec_loss 0.0291, lpips_loss 0.2550, g_loss -0.0330, disc_weight 0.0000, disc_adaptive_weight 2.3999, d_loss 0.0000, logits_real 0.0325, logits_fake 0.0336,
Train Epoch: [1/5] Iters:[2360/20018] gen_loss 0.2852, rec_loss 0.0297, lpips_loss 0.2555, g_loss -0.0348, disc_weight 0.0000, disc_adaptive_weight 2.3296, d_loss 0.0000, logits_real 0.0346, logits_fake 0.0352,
Train Epoch: [1/5] Iters:[2370/20018] gen_loss 0.2878, rec_loss 0.0303, lpips_loss 0.2575, g_loss -0.0353, disc_weight 0.0000, disc_adaptive_weight 2.3228, d_loss 0.0000, logits_real 0.0339, logits_fake 0.0348,
Train Epoch: [1/5] Iters:[2380/20018] gen_loss 0.2880, rec_loss 0.0305, lpips_loss 0.2575, g_loss -0.0345, disc_weight 0.0000, disc_adaptive_weight 2.2796, d_loss 0.0000, logits_real 0.0330, logits_fake 0.0340,
Train Epoch: [1/5] Iters:[2390/20018] gen_loss 0.2890, rec_loss 0.0307, lpips_loss 0.2583, g_loss -0.0341, disc_weight 0.0000, disc_adaptive_weight 2.3622, d_loss 0.0000, logits_real 0.0322, logits_fake 0.0331,
Train Epoch: [1/5] Iters:[2400/20018] gen_loss 0.2870, rec_loss 0.0303, lpips_loss 0.2566, g_loss -0.0339, disc_weight 0.0000, disc_adaptive_weight 2.4393, d_loss 0.0000, logits_real 0.0315, logits_fake 0.0327,
Train Epoch: [1/5] Iters:[2410/20018] gen_loss 0.2874, rec_loss 0.0300, lpips_loss 0.2574, g_loss -0.0327, disc_weight 0.0000, disc_adaptive_weight 2.5331, d_loss 0.0000, logits_real 0.0308, logits_fake 0.0319,
Train Epoch: [1/5] Iters:[2420/20018] gen_loss 0.2875, rec_loss 0.0298, lpips_loss 0.2576, g_loss -0.0319, disc_weight 0.0000, disc_adaptive_weight 2.5736, d_loss 0.0000, logits_real 0.0300, logits_fake 0.0315,
Train Epoch: [1/5] Iters:[2430/20018] gen_loss 0.2883, rec_loss 0.0302, lpips_loss 0.2581, g_loss -0.0315, disc_weight 0.0000, disc_adaptive_weight 2.6098, d_loss 0.0000, logits_real 0.0310, logits_fake 0.0314,
Train Epoch: [1/5] Iters:[2440/20018] gen_loss 0.2884, rec_loss 0.0303, lpips_loss 0.2580, g_loss -0.0322, disc_weight 0.0000, disc_adaptive_weight 2.4170, d_loss 0.0000, logits_real 0.0322, logits_fake 0.0327,
Train Epoch: [1/5] Iters:[2450/20018] gen_loss 0.2896, rec_loss 0.0306, lpips_loss 0.2590, g_loss -0.0325, disc_weight 0.0000, disc_adaptive_weight 2.4868, d_loss 0.0000, logits_real 0.0323, logits_fake 0.0335,
Train Epoch: [1/5] Iters:[2460/20018] gen_loss 0.2885, rec_loss 0.0305, lpips_loss 0.2580, g_loss -0.0328, disc_weight 0.0000, disc_adaptive_weight 2.5187, d_loss 0.0000, logits_real 0.0326, logits_fake 0.0334,
Train Epoch: [1/5] Iters:[2470/20018] gen_loss 0.2883, rec_loss 0.0304, lpips_loss 0.2580, g_loss -0.0344, disc_weight 0.0000, disc_adaptive_weight 2.5402, d_loss 0.0000, logits_real 0.0350, logits_fake 0.0346,
Train Epoch: [1/5] Iters:[2480/20018] gen_loss 0.2890, rec_loss 0.0303, lpips_loss 0.2587, g_loss -0.0333, disc_weight 0.0000, disc_adaptive_weight 2.5989, d_loss 0.0000, logits_real 0.0330, logits_fake 0.0327,
Train Epoch: [1/5] Iters:[2490/20018] gen_loss 0.2884, rec_loss 0.0299, lpips_loss 0.2585, g_loss -0.0324, disc_weight 0.0000, disc_adaptive_weight 2.6121, d_loss 0.0000, logits_real 0.0325, logits_fake 0.0320,
Train Epoch: [1/5] Iters:[2500/20018] gen_loss 0.2883, rec_loss 0.0301, lpips_loss 0.2582, g_loss -0.0332, disc_weight 0.0000, disc_adaptive_weight 2.4531, d_loss 0.0000, logits_real 0.0338, logits_fake 0.0324,
Train Epoch: [1/5] Iters:[2510/20018] gen_loss 0.2900, rec_loss 0.0305, lpips_loss 0.2595, g_loss -0.0342, disc_weight 0.0000, disc_adaptive_weight 2.4188, d_loss 0.0000, logits_real 0.0341, logits_fake 0.0340,
Train Epoch: [1/5] Iters:[2520/20018] gen_loss 0.2889, rec_loss 0.0302, lpips_loss 0.2586, g_loss -0.0347, disc_weight 0.0000, disc_adaptive_weight 2.4520, d_loss 0.0000, logits_real 0.0335, logits_fake 0.0348,
Train Epoch: [1/5] Iters:[2530/20018] gen_loss 0.2868, rec_loss 0.0297, lpips_loss 0.2571, g_loss -0.0346, disc_weight 0.0000, disc_adaptive_weight 2.3986, d_loss 0.0000, logits_real 0.0347, logits_fake 0.0344,
Train Epoch: [1/5] Iters:[2540/20018] gen_loss 0.2888, rec_loss 0.0303, lpips_loss 0.2585, g_loss -0.0343, disc_weight 0.0000, disc_adaptive_weight 2.4548, d_loss 0.0000, logits_real 0.0346, logits_fake 0.0340,
Train Epoch: [1/5] Iters:[2550/20018] gen_loss 0.2888, rec_loss 0.0299, lpips_loss 0.2588, g_loss -0.0330, disc_weight 0.0000, disc_adaptive_weight 2.5753, d_loss 0.0000, logits_real 0.0330, logits_fake 0.0325,
Train Epoch: [1/5] Iters:[2560/20018] gen_loss 0.2874, rec_loss 0.0297, lpips_loss 0.2578, g_loss -0.0313, disc_weight 0.0000, disc_adaptive_weight 2.7449, d_loss 0.0000, logits_real 0.0310, logits_fake 0.0297,
Train Epoch: [1/5] Iters:[2570/20018] gen_loss 0.2866, rec_loss 0.0298, lpips_loss 0.2568, g_loss -0.0297, disc_weight 0.0000, disc_adaptive_weight 2.6796, d_loss 0.0000, logits_real 0.0307, logits_fake 0.0279,
Train Epoch: [1/5] Iters:[2580/20018] gen_loss 0.2857, rec_loss 0.0296, lpips_loss 0.2561, g_loss -0.0330, disc_weight 0.0000, disc_adaptive_weight 2.7470, d_loss 0.0000, logits_real 0.0335, logits_fake 0.0318,
Train Epoch: [1/5] Iters:[2590/20018] gen_loss 0.2854, rec_loss 0.0295, lpips_loss 0.2559, g_loss -0.0344, disc_weight 0.0000, disc_adaptive_weight 2.8166, d_loss 0.0000, logits_real 0.0347, logits_fake 0.0328,
Train Epoch: [1/5] Iters:[2600/20018] gen_loss 0.2845, rec_loss 0.0296, lpips_loss 0.2549, g_loss -0.0359, disc_weight 0.0000, disc_adaptive_weight 2.9573, d_loss 0.0000, logits_real 0.0356, logits_fake 0.0347,
Train Epoch: [1/5] Iters:[2610/20018] gen_loss 0.2841, rec_loss 0.0294, lpips_loss 0.2548, g_loss -0.0377, disc_weight 0.0000, disc_adaptive_weight 2.7528, d_loss 0.0000, logits_real 0.0372, logits_fake 0.0364,
Train Epoch: [1/5] Iters:[2620/20018] gen_loss 0.2846, rec_loss 0.0291, lpips_loss 0.2555, g_loss -0.0386, disc_weight 0.0000, disc_adaptive_weight 2.8299, d_loss 0.0000, logits_real 0.0374, logits_fake 0.0371,
Train Epoch: [1/5] Iters:[2630/20018] gen_loss 0.2846, rec_loss 0.0293, lpips_loss 0.2553, g_loss -0.0354, disc_weight 0.0000, disc_adaptive_weight 2.7558, d_loss 0.0000, logits_real 0.0336, logits_fake 0.0338,
Train Epoch: [1/5] Iters:[2640/20018] gen_loss 0.2846, rec_loss 0.0292, lpips_loss 0.2555, g_loss -0.0336, disc_weight 0.0000, disc_adaptive_weight 2.5466, d_loss 0.0000, logits_real 0.0322, logits_fake 0.0325,
Train Epoch: [1/5] Iters:[2650/20018] gen_loss 0.2854, rec_loss 0.0292, lpips_loss 0.2563, g_loss -0.0333, disc_weight 0.0000, disc_adaptive_weight 2.3612, d_loss 0.0000, logits_real 0.0329, logits_fake 0.0326,
Train Epoch: [1/5] Iters:[2660/20018] gen_loss 0.2860, rec_loss 0.0295, lpips_loss 0.2565, g_loss -0.0307, disc_weight 0.0000, disc_adaptive_weight 2.4010, d_loss 0.0000, logits_real 0.0302, logits_fake 0.0308,
Train Epoch: [1/5] Iters:[2670/20018] gen_loss 0.2870, rec_loss 0.0300, lpips_loss 0.2570, g_loss -0.0273, disc_weight 0.0000, disc_adaptive_weight 2.3155, d_loss 0.0000, logits_real 0.0277, logits_fake 0.0270,
Train Epoch: [1/5] Iters:[2680/20018] gen_loss 0.2875, rec_loss 0.0300, lpips_loss 0.2575, g_loss -0.0295, disc_weight 0.0000, disc_adaptive_weight 2.3145, d_loss 0.0000, logits_real 0.0303, logits_fake 0.0296,
Train Epoch: [1/5] Iters:[2690/20018] gen_loss 0.2863, rec_loss 0.0298, lpips_loss 0.2565, g_loss -0.0289, disc_weight 0.0000, disc_adaptive_weight 2.4065, d_loss 0.0000, logits_real 0.0291, logits_fake 0.0289,
Train Epoch: [1/5] Iters:[2700/20018] gen_loss 0.2854, rec_loss 0.0297, lpips_loss 0.2558, g_loss -0.0275, disc_weight 0.0000, disc_adaptive_weight 2.4592, d_loss 0.0000, logits_real 0.0276, logits_fake 0.0270,
Train Epoch: [1/5] Iters:[2710/20018] gen_loss 0.2852, rec_loss 0.0296, lpips_loss 0.2557, g_loss -0.0292, disc_weight 0.0000, disc_adaptive_weight 2.4462, d_loss 0.0000, logits_real 0.0301, logits_fake 0.0286,
Train Epoch: [1/5] Iters:[2720/20018] gen_loss 0.2848, rec_loss 0.0293, lpips_loss 0.2555, g_loss -0.0319, disc_weight 0.0000, disc_adaptive_weight 2.4382, d_loss 0.0000, logits_real 0.0315, logits_fake 0.0318,
Train Epoch: [1/5] Iters:[2730/20018] gen_loss 0.2853, rec_loss 0.0292, lpips_loss 0.2561, g_loss -0.0306, disc_weight 0.0000, disc_adaptive_weight 2.4571, d_loss 0.0000, logits_real 0.0299, logits_fake 0.0308,
Train Epoch: [1/5] Iters:[2740/20018] gen_loss 0.2862, rec_loss 0.0292, lpips_loss 0.2570, g_loss -0.0327, disc_weight 0.0000, disc_adaptive_weight 2.5571, d_loss 0.0000, logits_real 0.0308, logits_fake 0.0322,
Train Epoch: [1/5] Iters:[2750/20018] gen_loss 0.2900, rec_loss 0.0301, lpips_loss 0.2600, g_loss -0.0312, disc_weight 0.0000, disc_adaptive_weight 2.6845, d_loss 0.0000, logits_real 0.0305, logits_fake 0.0312,
Train Epoch: [1/5] Iters:[2760/20018] gen_loss 0.2906, rec_loss 0.0302, lpips_loss 0.2604, g_loss -0.0311, disc_weight 0.0000, disc_adaptive_weight 2.7686, d_loss 0.0000, logits_real 0.0296, logits_fake 0.0306,
Train Epoch: [1/5] Iters:[2770/20018] gen_loss 0.2891, rec_loss 0.0299, lpips_loss 0.2592, g_loss -0.0322, disc_weight 0.0000, disc_adaptive_weight 2.9604, d_loss 0.0000, logits_real 0.0309, logits_fake 0.0311,
Train Epoch: [1/5] Iters:[2780/20018] gen_loss 0.2894, rec_loss 0.0300, lpips_loss 0.2593, g_loss -0.0308, disc_weight 0.0000, disc_adaptive_weight 2.8985, d_loss 0.0000, logits_real 0.0294, logits_fake 0.0292,
Train Epoch: [1/5] Iters:[2790/20018] gen_loss 0.2874, rec_loss 0.0297, lpips_loss 0.2577, g_loss -0.0307, disc_weight 0.0000, disc_adaptive_weight 2.8109, d_loss 0.0000, logits_real 0.0305, logits_fake 0.0300,
Train Epoch: [1/5] Iters:[2800/20018] gen_loss 0.2846, rec_loss 0.0293, lpips_loss 0.2554, g_loss -0.0333, disc_weight 0.0000, disc_adaptive_weight 2.7055, d_loss 0.0000, logits_real 0.0320, logits_fake 0.0321,
Train Epoch: [1/5] Iters:[2810/20018] gen_loss 0.2833, rec_loss 0.0291, lpips_loss 0.2542, g_loss -0.0313, disc_weight 0.0000, disc_adaptive_weight 2.7004, d_loss 0.0000, logits_real 0.0326, logits_fake 0.0313,
Train Epoch: [1/5] Iters:[2820/20018] gen_loss 0.2853, rec_loss 0.0296, lpips_loss 0.2557, g_loss -0.0292, disc_weight 0.0000, disc_adaptive_weight 2.6675, d_loss 0.0000, logits_real 0.0317, logits_fake 0.0302,
Train Epoch: [1/5] Iters:[2830/20018] gen_loss 0.2855, rec_loss 0.0297, lpips_loss 0.2558, g_loss -0.0308, disc_weight 0.0000, disc_adaptive_weight 2.7425, d_loss 0.0000, logits_real 0.0342, logits_fake 0.0320,
Train Epoch: [1/5] Iters:[2840/20018] gen_loss 0.2886, rec_loss 0.0309, lpips_loss 0.2578, g_loss -0.0300, disc_weight 0.0000, disc_adaptive_weight 2.6848, d_loss 0.0000, logits_real 0.0335, logits_fake 0.0307,
Train Epoch: [1/5] Iters:[2850/20018] gen_loss 0.2862, rec_loss 0.0305, lpips_loss 0.2557, g_loss -0.0301, disc_weight 0.0000, disc_adaptive_weight 2.6409, d_loss 0.0000, logits_real 0.0331, logits_fake 0.0304,
Train Epoch: [1/5] Iters:[2860/20018] gen_loss 0.2875, rec_loss 0.0306, lpips_loss 0.2569, g_loss -0.0336, disc_weight 0.0000, disc_adaptive_weight 2.6377, d_loss 0.0000, logits_real 0.0341, logits_fake 0.0334,
Train Epoch: [1/5] Iters:[2870/20018] gen_loss 0.2885, rec_loss 0.0308, lpips_loss 0.2577, g_loss -0.0319, disc_weight 0.0000, disc_adaptive_weight 2.4955, d_loss 0.0000, logits_real 0.0321, logits_fake 0.0317,
Train Epoch: [1/5] Iters:[2880/20018] gen_loss 0.2869, rec_loss 0.0304, lpips_loss 0.2565, g_loss -0.0328, disc_weight 0.0000, disc_adaptive_weight 2.4229, d_loss 0.0000, logits_real 0.0318, logits_fake 0.0322,
Train Epoch: [1/5] Iters:[2890/20018] gen_loss 0.2856, rec_loss 0.0299, lpips_loss 0.2557, g_loss -0.0333, disc_weight 0.0000, disc_adaptive_weight 2.4437, d_loss 0.0000, logits_real 0.0325, logits_fake 0.0335,
Train Epoch: [1/5] Iters:[2900/20018] gen_loss 0.2878, rec_loss 0.0300, lpips_loss 0.2578, g_loss -0.0332, disc_weight 0.0000, disc_adaptive_weight 2.4196, d_loss 0.0000, logits_real 0.0323, logits_fake 0.0343,
Train Epoch: [1/5] Iters:[2910/20018] gen_loss 0.2871, rec_loss 0.0299, lpips_loss 0.2572, g_loss -0.0327, disc_weight 0.0000, disc_adaptive_weight 2.3903, d_loss 0.0000, logits_real 0.0313, logits_fake 0.0328,
Train Epoch: [1/5] Iters:[2920/20018] gen_loss 0.2877, rec_loss 0.0299, lpips_loss 0.2578, g_loss -0.0351, disc_weight 0.0000, disc_adaptive_weight 2.3450, d_loss 0.0000, logits_real 0.0331, logits_fake 0.0348,
Train Epoch: [1/5] Iters:[2930/20018] gen_loss 0.2881, rec_loss 0.0303, lpips_loss 0.2578, g_loss -0.0354, disc_weight 0.0000, disc_adaptive_weight 2.4297, d_loss 0.0000, logits_real 0.0333, logits_fake 0.0353,
Train Epoch: [1/5] Iters:[2940/20018] gen_loss 0.2877, rec_loss 0.0298, lpips_loss 0.2579, g_loss -0.0366, disc_weight 0.0000, disc_adaptive_weight 2.5419, d_loss 0.0000, logits_real 0.0349, logits_fake 0.0357,
Train Epoch: [1/5] Iters:[2950/20018] gen_loss 0.2881, rec_loss 0.0303, lpips_loss 0.2578, g_loss -0.0367, disc_weight 0.0000, disc_adaptive_weight 2.4880, d_loss 0.0000, logits_real 0.0349, logits_fake 0.0353,
Train Epoch: [1/5] Iters:[2960/20018] gen_loss 0.2878, rec_loss 0.0306, lpips_loss 0.2572, g_loss -0.0351, disc_weight 0.0000, disc_adaptive_weight 2.4268, d_loss 0.0000, logits_real 0.0343, logits_fake 0.0348,
Train Epoch: [1/5] Iters:[2970/20018] gen_loss 0.2852, rec_loss 0.0300, lpips_loss 0.2552, g_loss -0.0349, disc_weight 0.0000, disc_adaptive_weight 2.5302, d_loss 0.0000, logits_real 0.0333, logits_fake 0.0345,
Train Epoch: [1/5] Iters:[2980/20018] gen_loss 0.2869, rec_loss 0.0303, lpips_loss 0.2566, g_loss -0.0327, disc_weight 0.0000, disc_adaptive_weight 2.4477, d_loss 0.0000, logits_real 0.0318, logits_fake 0.0329,
Train Epoch: [1/5] Iters:[2990/20018] gen_loss 0.2869, rec_loss 0.0307, lpips_loss 0.2562, g_loss -0.0312, disc_weight 0.0000, disc_adaptive_weight 2.3944, d_loss 0.0000, logits_real 0.0307, logits_fake 0.0314,
Train Epoch: [1/5] Iters:[3000/20018] gen_loss 0.2870, rec_loss 0.0305, lpips_loss 0.2565, g_loss -0.0314, disc_weight 0.0000, disc_adaptive_weight 2.4385, d_loss 0.0000, logits_real 0.0317, logits_fake 0.0324,
Train Epoch: [1/5] Iters:[3010/20018] gen_loss 0.2880, rec_loss 0.0303, lpips_loss 0.2576, g_loss -0.0278, disc_weight 0.0000, disc_adaptive_weight 2.5371, d_loss 0.0000, logits_real 0.0293, logits_fake 0.0293,
Train Epoch: [1/5] Iters:[3020/20018] gen_loss 0.2885, rec_loss 0.0308, lpips_loss 0.2577, g_loss -0.0279, disc_weight 0.0000, disc_adaptive_weight 2.6667, d_loss 0.0000, logits_real 0.0300, logits_fake 0.0291,
Train Epoch: [1/5] Iters:[3030/20018] gen_loss 0.2886, rec_loss 0.0306, lpips_loss 0.2580, g_loss -0.0293, disc_weight 0.0000, disc_adaptive_weight 2.7176, d_loss 0.0000, logits_real 0.0307, logits_fake 0.0301,
Train Epoch: [1/5] Iters:[3040/20018] gen_loss 0.2888, rec_loss 0.0308, lpips_loss 0.2580, g_loss -0.0308, disc_weight 0.0000, disc_adaptive_weight 2.6160, d_loss 0.0000, logits_real 0.0307, logits_fake 0.0319,
Train Epoch: [1/5] Iters:[3050/20018] gen_loss 0.2900, rec_loss 0.0311, lpips_loss 0.2589, g_loss -0.0302, disc_weight 0.0000, disc_adaptive_weight 2.5902, d_loss 0.0000, logits_real 0.0296, logits_fake 0.0312,
Train Epoch: [1/5] Iters:[3060/20018] gen_loss 0.2903, rec_loss 0.0313, lpips_loss 0.2589, g_loss -0.0329, disc_weight 0.0000, disc_adaptive_weight 2.5349, d_loss 0.0000, logits_real 0.0323, logits_fake 0.0334,
Train Epoch: [1/5] Iters:[3070/20018] gen_loss 0.2903, rec_loss 0.0308, lpips_loss 0.2595, g_loss -0.0314, disc_weight 0.0000, disc_adaptive_weight 2.5106, d_loss 0.0000, logits_real 0.0301, logits_fake 0.0321,
Train Epoch: [1/5] Iters:[3080/20018] gen_loss 0.2892, rec_loss 0.0306, lpips_loss 0.2586, g_loss -0.0300, disc_weight 0.0000, disc_adaptive_weight 2.5259, d_loss 0.0000, logits_real 0.0286, logits_fake 0.0312,
Train Epoch: [1/5] Iters:[3090/20018] gen_loss 0.2914, rec_loss 0.0307, lpips_loss 0.2607, g_loss -0.0317, disc_weight 0.0000, disc_adaptive_weight 2.6078, d_loss 0.0000, logits_real 0.0305, logits_fake 0.0321,
Train Epoch: [1/5] Iters:[3100/20018] gen_loss 0.2890, rec_loss 0.0300, lpips_loss 0.2590, g_loss -0.0316, disc_weight 0.0000, disc_adaptive_weight 2.7129, d_loss 0.0000, logits_real 0.0303, logits_fake 0.0317,
Train Epoch: [1/5] Iters:[3110/20018] gen_loss 0.2875, rec_loss 0.0297, lpips_loss 0.2578, g_loss -0.0333, disc_weight 0.0000, disc_adaptive_weight 2.6367, d_loss 0.0000, logits_real 0.0308, logits_fake 0.0325,
Train Epoch: [1/5] Iters:[3120/20018] gen_loss 0.2867, rec_loss 0.0298, lpips_loss 0.2569, g_loss -0.0367, disc_weight 0.0000, disc_adaptive_weight 2.4695, d_loss 0.0000, logits_real 0.0347, logits_fake 0.0361,
Train Epoch: [1/5] Iters:[3130/20018] gen_loss 0.2846, rec_loss 0.0295, lpips_loss 0.2550, g_loss -0.0369, disc_weight 0.0000, disc_adaptive_weight 2.4164, d_loss 0.0000, logits_real 0.0359, logits_fake 0.0371,
Train Epoch: [1/5] Iters:[3140/20018] gen_loss 0.2819, rec_loss 0.0290, lpips_loss 0.2529, g_loss -0.0347, disc_weight 0.0000, disc_adaptive_weight 2.4791, d_loss 0.0000, logits_real 0.0344, logits_fake 0.0350,
Train Epoch: [1/5] Iters:[3150/20018] gen_loss 0.2837, rec_loss 0.0296, lpips_loss 0.2541, g_loss -0.0343, disc_weight 0.0000, disc_adaptive_weight 2.3630, d_loss 0.0000, logits_real 0.0339, logits_fake 0.0339,
Train Epoch: [1/5] Iters:[3160/20018] gen_loss 0.2839, rec_loss 0.0297, lpips_loss 0.2542, g_loss -0.0341, disc_weight 0.0000, disc_adaptive_weight 2.3094, d_loss 0.0000, logits_real 0.0343, logits_fake 0.0349,
Train Epoch: [1/5] Iters:[3170/20018] gen_loss 0.2845, rec_loss 0.0298, lpips_loss 0.2546, g_loss -0.0319, disc_weight 0.0000, disc_adaptive_weight 2.3519, d_loss 0.0000, logits_real 0.0319, logits_fake 0.0322,
Train Epoch: [1/5] Iters:[3180/20018] gen_loss 0.2859, rec_loss 0.0298, lpips_loss 0.2560, g_loss -0.0326, disc_weight 0.0000, disc_adaptive_weight 2.3669, d_loss 0.0000, logits_real 0.0313, logits_fake 0.0319,
Train Epoch: [1/5] Iters:[3190/20018] gen_loss 0.2888, rec_loss 0.0304, lpips_loss 0.2584, g_loss -0.0331, disc_weight 0.0000, disc_adaptive_weight 2.3099, d_loss 0.0000, logits_real 0.0308, logits_fake 0.0331,
Train Epoch: [1/5] Iters:[3200/20018] gen_loss 0.2886, rec_loss 0.0303, lpips_loss 0.2584, g_loss -0.0343, disc_weight 0.0000, disc_adaptive_weight 2.3512, d_loss 0.0000, logits_real 0.0320, logits_fake 0.0348,
Train Epoch: [1/5] Iters:[3210/20018] gen_loss 0.2910, rec_loss 0.0304, lpips_loss 0.2606, g_loss -0.0331, disc_weight 0.0000, disc_adaptive_weight 2.5849, d_loss 0.0000, logits_real 0.0303, logits_fake 0.0321,
Train Epoch: [1/5] Iters:[3220/20018] gen_loss 0.2916, rec_loss 0.0308, lpips_loss 0.2607, g_loss -0.0340, disc_weight 0.0000, disc_adaptive_weight 2.5590, d_loss 0.0000, logits_real 0.0328, logits_fake 0.0336,
Train Epoch: [1/5] Iters:[3230/20018] gen_loss 0.2917, rec_loss 0.0310, lpips_loss 0.2607, g_loss -0.0340, disc_weight 0.0000, disc_adaptive_weight 2.5277, d_loss 0.0000, logits_real 0.0334, logits_fake 0.0336,
Train Epoch: [1/5] Iters:[3240/20018] gen_loss 0.2907, rec_loss 0.0308, lpips_loss 0.2599, g_loss -0.0332, disc_weight 0.0000, disc_adaptive_weight 2.4918, d_loss 0.0000, logits_real 0.0330, logits_fake 0.0329,
Train Epoch: [1/5] Iters:[3250/20018] gen_loss 0.2886, rec_loss 0.0302, lpips_loss 0.2583, g_loss -0.0314, disc_weight 0.0000, disc_adaptive_weight 2.4838, d_loss 0.0000, logits_real 0.0316, logits_fake 0.0311,
Train Epoch: [1/5] Iters:[3260/20018] gen_loss 0.2880, rec_loss 0.0303, lpips_loss 0.2577, g_loss -0.0332, disc_weight 0.0000, disc_adaptive_weight 2.4258, d_loss 0.0000, logits_real 0.0332, logits_fake 0.0334,
Train Epoch: [1/5] Iters:[3270/20018] gen_loss 0.2869, rec_loss 0.0299, lpips_loss 0.2569, g_loss -0.0320, disc_weight 0.0000, disc_adaptive_weight 2.5066, d_loss 0.0000, logits_real 0.0302, logits_fake 0.0321,
Train Epoch: [1/5] Iters:[3280/20018] gen_loss 0.2874, rec_loss 0.0304, lpips_loss 0.2570, g_loss -0.0314, disc_weight 0.0000, disc_adaptive_weight 2.6063, d_loss 0.0000, logits_real 0.0289, logits_fake 0.0311,
Train Epoch: [1/5] Iters:[3290/20018] gen_loss 0.2840, rec_loss 0.0299, lpips_loss 0.2541, g_loss -0.0295, disc_weight 0.0000, disc_adaptive_weight 2.6602, d_loss 0.0000, logits_real 0.0279, logits_fake 0.0283,
Train Epoch: [1/5] Iters:[3300/20018] gen_loss 0.2864, rec_loss 0.0302, lpips_loss 0.2561, g_loss -0.0318, disc_weight 0.0000, disc_adaptive_weight 2.7878, d_loss 0.0000, logits_real 0.0297, logits_fake 0.0297,
Train Epoch: [1/5] Iters:[3310/20018] gen_loss 0.2840, rec_loss 0.0299, lpips_loss 0.2540, g_loss -0.0309, disc_weight 0.0000, disc_adaptive_weight 2.7152, d_loss 0.0000, logits_real 0.0299, logits_fake 0.0296,
Train Epoch: [1/5] Iters:[3320/20018] gen_loss 0.2834, rec_loss 0.0295, lpips_loss 0.2539, g_loss -0.0333, disc_weight 0.0000, disc_adaptive_weight 2.6168, d_loss 0.0000, logits_real 0.0324, logits_fake 0.0307,
Train Epoch: [1/5] Iters:[3330/20018] gen_loss 0.2837, rec_loss 0.0292, lpips_loss 0.2545, g_loss -0.0329, disc_weight 0.0000, disc_adaptive_weight 2.6793, d_loss 0.0000, logits_real 0.0335, logits_fake 0.0304,
Train Epoch: [1/5] Iters:[3340/20018] gen_loss 0.2858, rec_loss 0.0297, lpips_loss 0.2561, g_loss -0.0343, disc_weight 0.0000, disc_adaptive_weight 2.9171, d_loss 0.0000, logits_real 0.0332, logits_fake 0.0329,
Train Epoch: [1/5] Iters:[3350/20018] gen_loss 0.2849, rec_loss 0.0297, lpips_loss 0.2552, g_loss -0.0329, disc_weight 0.0000, disc_adaptive_weight 2.8543, d_loss 0.0000, logits_real 0.0326, logits_fake 0.0326,
Train Epoch: [1/5] Iters:[3360/20018] gen_loss 0.2850, rec_loss 0.0295, lpips_loss 0.2555, g_loss -0.0331, disc_weight 0.0000, disc_adaptive_weight 2.9271, d_loss 0.0000, logits_real 0.0326, logits_fake 0.0321,
Train Epoch: [1/5] Iters:[3370/20018] gen_loss 0.2860, rec_loss 0.0300, lpips_loss 0.2560, g_loss -0.0297, disc_weight 0.0000, disc_adaptive_weight 2.9224, d_loss 0.0000, logits_real 0.0297, logits_fake 0.0301,
Train Epoch: [1/5] Iters:[3380/20018] gen_loss 0.2852, rec_loss 0.0301, lpips_loss 0.2551, g_loss -0.0294, disc_weight 0.0000, disc_adaptive_weight 2.7690, d_loss 0.0000, logits_real 0.0287, logits_fake 0.0293,
Train Epoch: [1/5] Iters:[3390/20018] gen_loss 0.2848, rec_loss 0.0298, lpips_loss 0.2550, g_loss -0.0288, disc_weight 0.0000, disc_adaptive_weight 2.5674, d_loss 0.0000, logits_real 0.0304, logits_fake 0.0288,
Train Epoch: [1/5] Iters:[3400/20018] gen_loss 0.2849, rec_loss 0.0296, lpips_loss 0.2553, g_loss -0.0272, disc_weight 0.0000, disc_adaptive_weight 2.4528, d_loss 0.0000, logits_real 0.0293, logits_fake 0.0272,
Train Epoch: [1/5] Iters:[3410/20018] gen_loss 0.2861, rec_loss 0.0299, lpips_loss 0.2561, g_loss -0.0274, disc_weight 0.0000, disc_adaptive_weight 2.3274, d_loss 0.0000, logits_real 0.0297, logits_fake 0.0282,
Train Epoch: [1/5] Iters:[3420/20018] gen_loss 0.2873, rec_loss 0.0299, lpips_loss 0.2574, g_loss -0.0297, disc_weight 0.0000, disc_adaptive_weight 2.4794, d_loss 0.0000, logits_real 0.0315, logits_fake 0.0298,
Train Epoch: [1/5] Iters:[3430/20018] gen_loss 0.2864, rec_loss 0.0299, lpips_loss 0.2565, g_loss -0.0306, disc_weight 0.0000, disc_adaptive_weight 2.5480, d_loss 0.0000, logits_real 0.0330, logits_fake 0.0319,
Train Epoch: [1/5] Iters:[3440/20018] gen_loss 0.2881, rec_loss 0.0305, lpips_loss 0.2576, g_loss -0.0307, disc_weight 0.0000, disc_adaptive_weight 2.5487, d_loss 0.0000, logits_real 0.0326, logits_fake 0.0322,
Train Epoch: [1/5] Iters:[3450/20018] gen_loss 0.2891, rec_loss 0.0309, lpips_loss 0.2583, g_loss -0.0330, disc_weight 0.0000, disc_adaptive_weight 2.5003, d_loss 0.0000, logits_real 0.0339, logits_fake 0.0343,
Train Epoch: [1/5] Iters:[3460/20018] gen_loss 0.2876, rec_loss 0.0305, lpips_loss 0.2571, g_loss -0.0322, disc_weight 0.0000, disc_adaptive_weight 2.5066, d_loss 0.0000, logits_real 0.0322, logits_fake 0.0330,
Train Epoch: [1/5] Iters:[3470/20018] gen_loss 0.2875, rec_loss 0.0310, lpips_loss 0.2565, g_loss -0.0329, disc_weight 0.0000, disc_adaptive_weight 2.4548, d_loss 0.0000, logits_real 0.0333, logits_fake 0.0340,
Train Epoch: [1/5] Iters:[3480/20018] gen_loss 0.2883, rec_loss 0.0308, lpips_loss 0.2575, g_loss -0.0331, disc_weight 0.0000, disc_adaptive_weight 2.3133, d_loss 0.0000, logits_real 0.0322, logits_fake 0.0329,
Train Epoch: [1/5] Iters:[3490/20018] gen_loss 0.2877, rec_loss 0.0306, lpips_loss 0.2571, g_loss -0.0351, disc_weight 0.0000, disc_adaptive_weight 2.2805, d_loss 0.0000, logits_real 0.0331, logits_fake 0.0336,
Train Epoch: [1/5] Iters:[3500/20018] gen_loss 0.2854, rec_loss 0.0300, lpips_loss 0.2554, g_loss -0.0349, disc_weight 0.0000, disc_adaptive_weight 2.3452, d_loss 0.0000, logits_real 0.0331, logits_fake 0.0331,
Train Epoch: [1/5] Iters:[3510/20018] gen_loss 0.2877, rec_loss 0.0306, lpips_loss 0.2571, g_loss -0.0362, disc_weight 0.0000, disc_adaptive_weight 2.3522, d_loss 0.0000, logits_real 0.0345, logits_fake 0.0345,
Train Epoch: [1/5] Iters:[3520/20018] gen_loss 0.2871, rec_loss 0.0300, lpips_loss 0.2571, g_loss -0.0339, disc_weight 0.0000, disc_adaptive_weight 2.4504, d_loss 0.0000, logits_real 0.0326, logits_fake 0.0324,
Train Epoch: [1/5] Iters:[3530/20018] gen_loss 0.2873, rec_loss 0.0302, lpips_loss 0.2571, g_loss -0.0361, disc_weight 0.0000, disc_adaptive_weight 2.6560, d_loss 0.0000, logits_real 0.0343, logits_fake 0.0346,
Train Epoch: [1/5] Iters:[3540/20018] gen_loss 0.2868, rec_loss 0.0303, lpips_loss 0.2565, g_loss -0.0334, disc_weight 0.0000, disc_adaptive_weight 2.7014, d_loss 0.0000, logits_real 0.0322, logits_fake 0.0324,
Train Epoch: [1/5] Iters:[3550/20018] gen_loss 0.2872, rec_loss 0.0305, lpips_loss 0.2568, g_loss -0.0319, disc_weight 0.0000, disc_adaptive_weight 2.9954, d_loss 0.0000, logits_real 0.0304, logits_fake 0.0313,
Train Epoch: [1/5] Iters:[3560/20018] gen_loss 0.2862, rec_loss 0.0301, lpips_loss 0.2561, g_loss -0.0308, disc_weight 0.0000, disc_adaptive_weight 3.4110, d_loss 0.0000, logits_real 0.0292, logits_fake 0.0296,
Train Epoch: [1/5] Iters:[3570/20018] gen_loss 0.2867, rec_loss 0.0303, lpips_loss 0.2563, g_loss -0.0313, disc_weight 0.0000, disc_adaptive_weight 3.4282, d_loss 0.0000, logits_real 0.0305, logits_fake 0.0307,
Train Epoch: [1/5] Iters:[3580/20018] gen_loss 0.2890, rec_loss 0.0310, lpips_loss 0.2580, g_loss -0.0284, disc_weight 0.0000, disc_adaptive_weight 3.4789, d_loss 0.0000, logits_real 0.0288, logits_fake 0.0277,
Train Epoch: [1/5] Iters:[3590/20018] gen_loss 0.2894, rec_loss 0.0307, lpips_loss 0.2587, g_loss -0.0286, disc_weight 0.0000, disc_adaptive_weight 3.4813, d_loss 0.0000, logits_real 0.0295, logits_fake 0.0282,
Train Epoch: [1/5] Iters:[3600/20018] gen_loss 0.2897, rec_loss 0.0308, lpips_loss 0.2589, g_loss -0.0285, disc_weight 0.0000, disc_adaptive_weight 3.3449, d_loss 0.0000, logits_real 0.0311, logits_fake 0.0280,
Train Epoch: [1/5] Iters:[3610/20018] gen_loss 0.2898, rec_loss 0.0310, lpips_loss 0.2588, g_loss -0.0301, disc_weight 0.0000, disc_adaptive_weight 2.9781, d_loss 0.0000, logits_real 0.0316, logits_fake 0.0304,
Train Epoch: [1/5] Iters:[3620/20018] gen_loss 0.2888, rec_loss 0.0305, lpips_loss 0.2583, g_loss -0.0299, disc_weight 0.0000, disc_adaptive_weight 2.8423, d_loss 0.0000, logits_real 0.0307, logits_fake 0.0293,
Train Epoch: [1/5] Iters:[3630/20018] gen_loss 0.2857, rec_loss 0.0296, lpips_loss 0.2561, g_loss -0.0308, disc_weight 0.0000, disc_adaptive_weight 2.7617, d_loss 0.0000, logits_real 0.0309, logits_fake 0.0315,
Train Epoch: [1/5] Iters:[3640/20018] gen_loss 0.2865, rec_loss 0.0298, lpips_loss 0.2568, g_loss -0.0307, disc_weight 0.0000, disc_adaptive_weight 2.7713, d_loss 0.0000, logits_real 0.0300, logits_fake 0.0306,
Train Epoch: [1/5] Iters:[3650/20018] gen_loss 0.2875, rec_loss 0.0298, lpips_loss 0.2577, g_loss -0.0328, disc_weight 0.0000, disc_adaptive_weight 2.7117, d_loss 0.0000, logits_real 0.0296, logits_fake 0.0323,
Train Epoch: [1/5] Iters:[3660/20018] gen_loss 0.2878, rec_loss 0.0298, lpips_loss 0.2580, g_loss -0.0307, disc_weight 0.0000, disc_adaptive_weight 2.7189, d_loss 0.0000, logits_real 0.0288, logits_fake 0.0299,
Train Epoch: [1/5] Iters:[3670/20018] gen_loss 0.2887, rec_loss 0.0300, lpips_loss 0.2587, g_loss -0.0313, disc_weight 0.0000, disc_adaptive_weight 2.5641, d_loss 0.0000, logits_real 0.0289, logits_fake 0.0313,
Train Epoch: [1/5] Iters:[3680/20018] gen_loss 0.2910, rec_loss 0.0304, lpips_loss 0.2605, g_loss -0.0320, disc_weight 0.0000, disc_adaptive_weight 2.4122, d_loss 0.0000, logits_real 0.0301, logits_fake 0.0311,
Train Epoch: [1/5] Iters:[3690/20018] gen_loss 0.2904, rec_loss 0.0304, lpips_loss 0.2600, g_loss -0.0330, disc_weight 0.0000, disc_adaptive_weight 2.3894, d_loss 0.0000, logits_real 0.0310, logits_fake 0.0329,
Train Epoch: [1/5] Iters:[3700/20018] gen_loss 0.2897, rec_loss 0.0303, lpips_loss 0.2593, g_loss -0.0326, disc_weight 0.0000, disc_adaptive_weight 2.5080, d_loss 0.0000, logits_real 0.0320, logits_fake 0.0327,
Train Epoch: [1/5] Iters:[3710/20018] gen_loss 0.2877, rec_loss 0.0299, lpips_loss 0.2578, g_loss -0.0321, disc_weight 0.0000, disc_adaptive_weight 2.5237, d_loss 0.0000, logits_real 0.0325, logits_fake 0.0329,
Train Epoch: [1/5] Iters:[3720/20018] gen_loss 0.2879, rec_loss 0.0302, lpips_loss 0.2577, g_loss -0.0336, disc_weight 0.0000, disc_adaptive_weight 2.8700, d_loss 0.0000, logits_real 0.0336, logits_fake 0.0339,
Train Epoch: [1/5] Iters:[3730/20018] gen_loss 0.2858, rec_loss 0.0296, lpips_loss 0.2562, g_loss -0.0319, disc_weight 0.0000, disc_adaptive_weight 2.9347, d_loss 0.0000, logits_real 0.0318, logits_fake 0.0326,
Train Epoch: [1/5] Iters:[3740/20018] gen_loss 0.2846, rec_loss 0.0291, lpips_loss 0.2555, g_loss -0.0302, disc_weight 0.0000, disc_adaptive_weight 3.0021, d_loss 0.0000, logits_real 0.0307, logits_fake 0.0310,
Train Epoch: [1/5] Iters:[3750/20018] gen_loss 0.2850, rec_loss 0.0292, lpips_loss 0.2558, g_loss -0.0292, disc_weight 0.0000, disc_adaptive_weight 2.8679, d_loss 0.0000, logits_real 0.0292, logits_fake 0.0300,
Train Epoch: [1/5] Iters:[3760/20018] gen_loss 0.2863, rec_loss 0.0296, lpips_loss 0.2567, g_loss -0.0322, disc_weight 0.0000, disc_adaptive_weight 2.8065, d_loss 0.0000, logits_real 0.0304, logits_fake 0.0326,
Train Epoch: [1/5] Iters:[3770/20018] gen_loss 0.2842, rec_loss 0.0289, lpips_loss 0.2553, g_loss -0.0290, disc_weight 0.0000, disc_adaptive_weight 2.6354, d_loss 0.0000, logits_real 0.0280, logits_fake 0.0291,
Train Epoch: [1/5] Iters:[3780/20018] gen_loss 0.2857, rec_loss 0.0293, lpips_loss 0.2563, g_loss -0.0304, disc_weight 0.0000, disc_adaptive_weight 2.7009, d_loss 0.0000, logits_real 0.0290, logits_fake 0.0300,
Train Epoch: [1/5] Iters:[3790/20018] gen_loss 0.2869, rec_loss 0.0302, lpips_loss 0.2568, g_loss -0.0335, disc_weight 0.0000, disc_adaptive_weight 2.6298, d_loss 0.0000, logits_real 0.0323, logits_fake 0.0325,
Train Epoch: [1/5] Iters:[3800/20018] gen_loss 0.2859, rec_loss 0.0300, lpips_loss 0.2559, g_loss -0.0339, disc_weight 0.0000, disc_adaptive_weight 2.6444, d_loss 0.0000, logits_real 0.0323, logits_fake 0.0332,
Train Epoch: [1/5] Iters:[3810/20018] gen_loss 0.2861, rec_loss 0.0299, lpips_loss 0.2562, g_loss -0.0320, disc_weight 0.0000, disc_adaptive_weight 2.7345, d_loss 0.0000, logits_real 0.0314, logits_fake 0.0313,
Train Epoch: [1/5] Iters:[3820/20018] gen_loss 0.2892, rec_loss 0.0306, lpips_loss 0.2585, g_loss -0.0334, disc_weight 0.0000, disc_adaptive_weight 2.6774, d_loss 0.0000, logits_real 0.0331, logits_fake 0.0324,
Train Epoch: [1/5] Iters:[3830/20018] gen_loss 0.2882, rec_loss 0.0304, lpips_loss 0.2578, g_loss -0.0333, disc_weight 0.0000, disc_adaptive_weight 2.7567, d_loss 0.0000, logits_real 0.0326, logits_fake 0.0327,
Train Epoch: [1/5] Iters:[3840/20018] gen_loss 0.2882, rec_loss 0.0301, lpips_loss 0.2581, g_loss -0.0318, disc_weight 0.0000, disc_adaptive_weight 2.6858, d_loss 0.0000, logits_real 0.0312, logits_fake 0.0313,
Train Epoch: [1/5] Iters:[3850/20018] gen_loss 0.2881, rec_loss 0.0302, lpips_loss 0.2579, g_loss -0.0325, disc_weight 0.0000, disc_adaptive_weight 2.5888, d_loss 0.0000, logits_real 0.0311, logits_fake 0.0318,
Train Epoch: [1/5] Iters:[3860/20018] gen_loss 0.2870, rec_loss 0.0298, lpips_loss 0.2572, g_loss -0.0316, disc_weight 0.0000, disc_adaptive_weight 2.5275, d_loss 0.0000, logits_real 0.0305, logits_fake 0.0306,
Train Epoch: [1/5] Iters:[3870/20018] gen_loss 0.2856, rec_loss 0.0298, lpips_loss 0.2557, g_loss -0.0311, disc_weight 0.0000, disc_adaptive_weight 2.4686, d_loss 0.0000, logits_real 0.0295, logits_fake 0.0298,
Train Epoch: [1/5] Iters:[3880/20018] gen_loss 0.2854, rec_loss 0.0301, lpips_loss 0.2553, g_loss -0.0320, disc_weight 0.0000, disc_adaptive_weight 2.3164, d_loss 0.0000, logits_real 0.0305, logits_fake 0.0302,
Train Epoch: [1/5] Iters:[3890/20018] gen_loss 0.2850, rec_loss 0.0303, lpips_loss 0.2547, g_loss -0.0331, disc_weight 0.0000, disc_adaptive_weight 2.2737, d_loss 0.0000, logits_real 0.0313, logits_fake 0.0313,
Train Epoch: [1/5] Iters:[3900/20018] gen_loss 0.2857, rec_loss 0.0304, lpips_loss 0.2553, g_loss -0.0335, disc_weight 0.0000, disc_adaptive_weight 2.3121, d_loss 0.0000, logits_real 0.0330, logits_fake 0.0316,
Train Epoch: [1/5] Iters:[3910/20018] gen_loss 0.2860, rec_loss 0.0307, lpips_loss 0.2552, g_loss -0.0346, disc_weight 0.0000, disc_adaptive_weight 2.4268, d_loss 0.0000, logits_real 0.0332, logits_fake 0.0318,
Train Epoch: [1/5] Iters:[3920/20018] gen_loss 0.2863, rec_loss 0.0310, lpips_loss 0.2554, g_loss -0.0352, disc_weight 0.0000, disc_adaptive_weight 2.6020, d_loss 0.0000, logits_real 0.0346, logits_fake 0.0332,
Train Epoch: [1/5] Iters:[3930/20018] gen_loss 0.2868, rec_loss 0.0307, lpips_loss 0.2560, g_loss -0.0351, disc_weight 0.0000, disc_adaptive_weight 2.5833, d_loss 0.0000, logits_real 0.0346, logits_fake 0.0337,
Train Epoch: [1/5] Iters:[3940/20018] gen_loss 0.2863, rec_loss 0.0302, lpips_loss 0.2561, g_loss -0.0334, disc_weight 0.0000, disc_adaptive_weight 2.6927, d_loss 0.0000, logits_real 0.0336, logits_fake 0.0325,
Train Epoch: [1/5] Iters:[3950/20018] gen_loss 0.2865, rec_loss 0.0301, lpips_loss 0.2564, g_loss -0.0328, disc_weight 0.0000, disc_adaptive_weight 2.6452, d_loss 0.0000, logits_real 0.0328, logits_fake 0.0324,
Train Epoch: [1/5] Iters:[3960/20018] gen_loss 0.2865, rec_loss 0.0299, lpips_loss 0.2566, g_loss -0.0325, disc_weight 0.0000, disc_adaptive_weight 2.5022, d_loss 0.0000, logits_real 0.0336, logits_fake 0.0328,
Train Epoch: [1/5] Iters:[3970/20018] gen_loss 0.2865, rec_loss 0.0297, lpips_loss 0.2568, g_loss -0.0334, disc_weight 0.0000, disc_adaptive_weight 2.4155, d_loss 0.0000, logits_real 0.0336, logits_fake 0.0342,
Train Epoch: [1/5] Iters:[3980/20018] gen_loss 0.2872, rec_loss 0.0298, lpips_loss 0.2574, g_loss -0.0319, disc_weight 0.0000, disc_adaptive_weight 2.4435, d_loss 0.0000, logits_real 0.0332, logits_fake 0.0323,
Train Epoch: [1/5] Iters:[3990/20018] gen_loss 0.2879, rec_loss 0.0302, lpips_loss 0.2577, g_loss -0.0323, disc_weight 0.0000, disc_adaptive_weight 2.4341, d_loss 0.0000, logits_real 0.0333, logits_fake 0.0326,
Train Epoch: [1/5] Iters:[4000/20018] gen_loss 0.2876, rec_loss 0.0301, lpips_loss 0.2575, g_loss -0.0327, disc_weight 0.0000, disc_adaptive_weight 2.6093, d_loss 0.0000, logits_real 0.0343, logits_fake 0.0326,
