dataset_dir: /projects/yuanai/data/
dataset_name: ImageNet
global_batch_size: 64
workers: 6
resolution: 256
channels: 3
ms_patch_size: 1_2_3_4_5_6_8_10_13_16
importance: (1, 1, 1, 2, 2, 2, 3, 3, 5, 5)
max_patch_size: 16
codebook_size: 32768
codebook_dim: 16
project_dim: 16
pq: 1
L: 4
alpha: 1.0
beta: 1.0
gamma: 0.0
disc_weight: 0.5
lecam_loss_weight: 0.001
disc_cr_loss_weight: 4.0
VQ: vanilla_vq
use_multiscale: False
transplant_epochs: 2
refinement_epochs: 5
eval_epochs: 1
disc_epoch: 3
lr_transplant: 0.0001
lr_refinement: 1e-05
dropout: 0.0
seed: 3407
weight_decay: 0.0001
stage: refinement
checkpoint_dir: /projects/yuanai/projects/VQ-Transplant2/checkpoint/Refinement/ImageNet
results_dir: /projects/yuanai/projects/VQ-Transplant2/results/Refinement/ImageNet
saver_dir: /projects/yuanai/projects/VQ-Transplant2/saver/Refinement/ImageNet
reconstruction_dir: /projects/yuanai/projects/VQ-Transplant2/reconstruction/Refinement/ImageNet
yaml_dir: /projects/yuanai/projects/VQ-Transplant2/yaml/Refinement/ImageNet
pretrained_tokenizer: /projects/yuanai/projects/VQ-Transplant2/pretrained_tokenizer/model.ckpt
checkpoint_name: checkpoint-vanilla_vq_transplant_False_ImageNet_model_32768_16_1_loss_1.0_1.0_0.0_0.2.pth.tar
nnodes: -1
node_rank: -1
local_rank: 0
dist_url: tcp://224.66.41.62:23456
dist_backend: nccl
world_size: 2
batch_size: 32
ms_token_size: (1, 2, 3, 4, 5, 6, 8, 10, 13, 16)
init_checkpoint_dir: /projects/yuanai/projects/VQ-Transplant2/checkpoint/
data_pre: ImageNet
model_pre: model_32768_16_1
loss_pre: loss_1.0_1.0_0.0_0.5
training_pre: vanilla_vq_refinement_False
saver_name_pre: vanilla_vq_refinement_False_ImageNet_model_32768_16_1_loss_1.0_1.0_0.0_0.5
| distributed init (rank 0): env://
| distributed init (rank 1): env://
making attention of type 'vanilla' with 512 in_channels
making attention of type 'vanilla' with 512 in_channels
making attention of type 'vanilla' with 512 in_channels
Working with z of shape (1, 16, 16, 16) = 4096 dimensions.
making attention of type 'vanilla' with 512 in_channels
making attention of type 'vanilla' with 512 in_channels
making attention of type 'vanilla' with 512 in_channels
making attention of type 'vanilla' with 512 in_channels
VQ Model Parameters: 69609635
loaded pretrained LPIPS loss from /projects/yuanai/projects/VQ-Transplant2/code/models/cache/vgg.pth
dataset name: ImageNet
len train_set: 1281167
len val_set: 50000
Start training...
epoch:1, cur_lr:0.000010
Train Epoch: [1/5] Iters:[10/20018] gen_loss 0.9971, rec_loss 0.0666, lpips_loss 0.4652, g_loss 0.2069, disc_weight 0.0000, disc_adaptive_weight 4.9595, d_loss 0.0000, logits_real -0.1994, logits_fake -0.2098,
Train Epoch: [1/5] Iters:[20/20018] gen_loss 1.0004, rec_loss 0.0681, lpips_loss 0.4661, g_loss 0.2093, disc_weight 0.0000, disc_adaptive_weight 4.6019, d_loss 0.0000, logits_real -0.2059, logits_fake -0.2131,
Train Epoch: [1/5] Iters:[30/20018] gen_loss 0.9960, rec_loss 0.0665, lpips_loss 0.4647, g_loss 0.2103, disc_weight 0.0000, disc_adaptive_weight 4.2258, d_loss 0.0000, logits_real -0.2047, logits_fake -0.2128,
Train Epoch: [1/5] Iters:[40/20018] gen_loss 0.9954, rec_loss 0.0665, lpips_loss 0.4645, g_loss 0.2109, disc_weight 0.0000, disc_adaptive_weight 3.9406, d_loss 0.0000, logits_real -0.2065, logits_fake -0.2127,
Train Epoch: [1/5] Iters:[50/20018] gen_loss 0.9957, rec_loss 0.0664, lpips_loss 0.4647, g_loss 0.2112, disc_weight 0.0000, disc_adaptive_weight 3.7658, d_loss 0.0000, logits_real -0.2071, logits_fake -0.2118,
Train Epoch: [1/5] Iters:[60/20018] gen_loss 0.9896, rec_loss 0.0654, lpips_loss 0.4621, g_loss 0.2130, disc_weight 0.0000, disc_adaptive_weight 3.6008, d_loss 0.0000, logits_real -0.2086, logits_fake -0.2127,
Train Epoch: [1/5] Iters:[70/20018] gen_loss 0.9809, rec_loss 0.0633, lpips_loss 0.4588, g_loss 0.2126, disc_weight 0.0000, disc_adaptive_weight 3.4623, d_loss 0.0000, logits_real -0.2079, logits_fake -0.2112,
Train Epoch: [1/5] Iters:[80/20018] gen_loss 0.9773, rec_loss 0.0631, lpips_loss 0.4571, g_loss 0.2131, disc_weight 0.0000, disc_adaptive_weight 3.4539, d_loss 0.0000, logits_real -0.2092, logits_fake -0.2108,
Train Epoch: [1/5] Iters:[90/20018] gen_loss 0.9733, rec_loss 0.0625, lpips_loss 0.4554, g_loss 0.2145, disc_weight 0.0000, disc_adaptive_weight 3.6141, d_loss 0.0000, logits_real -0.2088, logits_fake -0.2122,
Train Epoch: [1/5] Iters:[100/20018] gen_loss 0.9683, rec_loss 0.0617, lpips_loss 0.4533, g_loss 0.2147, disc_weight 0.0000, disc_adaptive_weight 3.7622, d_loss 0.0000, logits_real -0.2092, logits_fake -0.2131,
Train Epoch: [1/5] Iters:[110/20018] gen_loss 0.9719, rec_loss 0.0625, lpips_loss 0.4547, g_loss 0.2136, disc_weight 0.0000, disc_adaptive_weight 3.8024, d_loss 0.0000, logits_real -0.2103, logits_fake -0.2126,
Train Epoch: [1/5] Iters:[120/20018] gen_loss 0.9695, rec_loss 0.0631, lpips_loss 0.4532, g_loss 0.2139, disc_weight 0.0000, disc_adaptive_weight 3.7818, d_loss 0.0000, logits_real -0.2116, logits_fake -0.2136,
Train Epoch: [1/5] Iters:[130/20018] gen_loss 0.9696, rec_loss 0.0637, lpips_loss 0.4530, g_loss 0.2129, disc_weight 0.0000, disc_adaptive_weight 3.8667, d_loss 0.0000, logits_real -0.2107, logits_fake -0.2123,
Train Epoch: [1/5] Iters:[140/20018] gen_loss 0.9632, rec_loss 0.0624, lpips_loss 0.4504, g_loss 0.2107, disc_weight 0.0000, disc_adaptive_weight 3.9463, d_loss 0.0000, logits_real -0.2098, logits_fake -0.2104,
Train Epoch: [1/5] Iters:[150/20018] gen_loss 0.9625, rec_loss 0.0624, lpips_loss 0.4500, g_loss 0.2109, disc_weight 0.0000, disc_adaptive_weight 3.8868, d_loss 0.0000, logits_real -0.2082, logits_fake -0.2098,
Train Epoch: [1/5] Iters:[160/20018] gen_loss 0.9567, rec_loss 0.0617, lpips_loss 0.4475, g_loss 0.2102, disc_weight 0.0000, disc_adaptive_weight 3.8089, d_loss 0.0000, logits_real -0.2080, logits_fake -0.2084,
Train Epoch: [1/5] Iters:[170/20018] gen_loss 0.9580, rec_loss 0.0613, lpips_loss 0.4483, g_loss 0.2097, disc_weight 0.0000, disc_adaptive_weight 3.9226, d_loss 0.0000, logits_real -0.2067, logits_fake -0.2073,
Train Epoch: [1/5] Iters:[180/20018] gen_loss 0.9543, rec_loss 0.0608, lpips_loss 0.4467, g_loss 0.2098, disc_weight 0.0000, disc_adaptive_weight 3.8538, d_loss 0.0000, logits_real -0.2077, logits_fake -0.2090,
Train Epoch: [1/5] Iters:[190/20018] gen_loss 0.9560, rec_loss 0.0616, lpips_loss 0.4472, g_loss 0.2106, disc_weight 0.0000, disc_adaptive_weight 3.6977, d_loss 0.0000, logits_real -0.2074, logits_fake -0.2096,
Train Epoch: [1/5] Iters:[200/20018] gen_loss 0.9538, rec_loss 0.0616, lpips_loss 0.4461, g_loss 0.2097, disc_weight 0.0000, disc_adaptive_weight 3.7729, d_loss 0.0000, logits_real -0.2078, logits_fake -0.2104,
Train Epoch: [1/5] Iters:[210/20018] gen_loss 0.9508, rec_loss 0.0613, lpips_loss 0.4448, g_loss 0.2117, disc_weight 0.0000, disc_adaptive_weight 3.6778, d_loss 0.0000, logits_real -0.2084, logits_fake -0.2123,
Train Epoch: [1/5] Iters:[220/20018] gen_loss 0.9512, rec_loss 0.0615, lpips_loss 0.4449, g_loss 0.2127, disc_weight 0.0000, disc_adaptive_weight 3.5393, d_loss 0.0000, logits_real -0.2075, logits_fake -0.2116,
Train Epoch: [1/5] Iters:[230/20018] gen_loss 0.9527, rec_loss 0.0613, lpips_loss 0.4457, g_loss 0.2138, disc_weight 0.0000, disc_adaptive_weight 3.5537, d_loss 0.0000, logits_real -0.2072, logits_fake -0.2115,
Train Epoch: [1/5] Iters:[240/20018] gen_loss 0.9563, rec_loss 0.0621, lpips_loss 0.4471, g_loss 0.2137, disc_weight 0.0000, disc_adaptive_weight 3.7651, d_loss 0.0000, logits_real -0.2074, logits_fake -0.2099,
Train Epoch: [1/5] Iters:[250/20018] gen_loss 0.9539, rec_loss 0.0618, lpips_loss 0.4461, g_loss 0.2152, disc_weight 0.0000, disc_adaptive_weight 3.7450, d_loss 0.0000, logits_real -0.2087, logits_fake -0.2099,
Train Epoch: [1/5] Iters:[260/20018] gen_loss 0.9554, rec_loss 0.0617, lpips_loss 0.4469, g_loss 0.2152, disc_weight 0.0000, disc_adaptive_weight 3.9259, d_loss 0.0000, logits_real -0.2080, logits_fake -0.2108,
Train Epoch: [1/5] Iters:[270/20018] gen_loss 0.9517, rec_loss 0.0615, lpips_loss 0.4451, g_loss 0.2162, disc_weight 0.0000, disc_adaptive_weight 4.0432, d_loss 0.0000, logits_real -0.2095, logits_fake -0.2135,
Train Epoch: [1/5] Iters:[280/20018] gen_loss 0.9481, rec_loss 0.0612, lpips_loss 0.4435, g_loss 0.2152, disc_weight 0.0000, disc_adaptive_weight 3.9385, d_loss 0.0000, logits_real -0.2101, logits_fake -0.2147,
Train Epoch: [1/5] Iters:[290/20018] gen_loss 0.9406, rec_loss 0.0600, lpips_loss 0.4403, g_loss 0.2152, disc_weight 0.0000, disc_adaptive_weight 3.6780, d_loss 0.0000, logits_real -0.2103, logits_fake -0.2160,
Train Epoch: [1/5] Iters:[300/20018] gen_loss 0.9429, rec_loss 0.0608, lpips_loss 0.4410, g_loss 0.2159, disc_weight 0.0000, disc_adaptive_weight 3.7200, d_loss 0.0000, logits_real -0.2118, logits_fake -0.2180,
Train Epoch: [1/5] Iters:[310/20018] gen_loss 0.9433, rec_loss 0.0605, lpips_loss 0.4414, g_loss 0.2131, disc_weight 0.0000, disc_adaptive_weight 3.6835, d_loss 0.0000, logits_real -0.2089, logits_fake -0.2145,
Train Epoch: [1/5] Iters:[320/20018] gen_loss 0.9484, rec_loss 0.0615, lpips_loss 0.4434, g_loss 0.2105, disc_weight 0.0000, disc_adaptive_weight 3.6579, d_loss 0.0000, logits_real -0.2085, logits_fake -0.2119,
Train Epoch: [1/5] Iters:[330/20018] gen_loss 0.9503, rec_loss 0.0622, lpips_loss 0.4441, g_loss 0.2094, disc_weight 0.0000, disc_adaptive_weight 3.6830, d_loss 0.0000, logits_real -0.2079, logits_fake -0.2095,
Train Epoch: [1/5] Iters:[340/20018] gen_loss 0.9495, rec_loss 0.0623, lpips_loss 0.4436, g_loss 0.2100, disc_weight 0.0000, disc_adaptive_weight 3.9626, d_loss 0.0000, logits_real -0.2089, logits_fake -0.2108,
Train Epoch: [1/5] Iters:[350/20018] gen_loss 0.9467, rec_loss 0.0612, lpips_loss 0.4427, g_loss 0.2088, disc_weight 0.0000, disc_adaptive_weight 4.0240, d_loss 0.0000, logits_real -0.2069, logits_fake -0.2085,
Train Epoch: [1/5] Iters:[360/20018] gen_loss 0.9451, rec_loss 0.0616, lpips_loss 0.4418, g_loss 0.2100, disc_weight 0.0000, disc_adaptive_weight 4.1991, d_loss 0.0000, logits_real -0.2081, logits_fake -0.2092,
