dataset_dir: /projects/yuanai/data/
dataset_name: ImageNet
global_batch_size: 64
workers: 6
resolution: 256
channels: 3
ms_patch_size: 1_2_3_4_5_6_8_10_13_16
importance: (1, 1, 1, 2, 2, 2, 3, 3, 5, 5)
max_patch_size: 16
codebook_size: 65536
codebook_dim: 16
project_dim: 16
pq: 1
L: 4
alpha: 1.0
beta: 1.0
gamma: 0.0
disc_weight: 0.5
lecam_loss_weight: 0.001
disc_cr_loss_weight: 4.0
VQ: vanilla_vq
use_multiscale: False
transplant_epochs: 2
refinement_epochs: 5
eval_epochs: 1
disc_epoch: 3
lr_transplant: 0.0001
lr_refinement: 1e-05
dropout: 0.0
seed: 3407
weight_decay: 0.0001
stage: refinement
checkpoint_dir: /projects/yuanai/projects/VQ-Transplant2/checkpoint/Refinement/ImageNet
results_dir: /projects/yuanai/projects/VQ-Transplant2/results/Refinement/ImageNet
saver_dir: /projects/yuanai/projects/VQ-Transplant2/saver/Refinement/ImageNet
reconstruction_dir: /projects/yuanai/projects/VQ-Transplant2/reconstruction/Refinement/ImageNet
yaml_dir: /projects/yuanai/projects/VQ-Transplant2/yaml/Refinement/ImageNet
pretrained_tokenizer: /projects/yuanai/projects/VQ-Transplant2/pretrained_tokenizer/model.ckpt
checkpoint_name: checkpoint-vanilla_vq_transplant_False_ImageNet_model_65536_16_1_loss_1.0_1.0_0.0_0.2.pth.tar
nnodes: -1
node_rank: -1
local_rank: 0
dist_url: tcp://224.66.41.62:23456
dist_backend: nccl
world_size: 2
batch_size: 32
ms_token_size: (1, 2, 3, 4, 5, 6, 8, 10, 13, 16)
init_checkpoint_dir: /projects/yuanai/projects/VQ-Transplant2/checkpoint/
data_pre: ImageNet
model_pre: model_65536_16_1
loss_pre: loss_1.0_1.0_0.0_0.5
training_pre: vanilla_vq_refinement_False
saver_name_pre: vanilla_vq_refinement_False_ImageNet_model_65536_16_1_loss_1.0_1.0_0.0_0.5
| distributed init (rank 0): env://
| distributed init (rank 1): env://
making attention of type 'vanilla' with 512 in_channels
making attention of type 'vanilla' with 512 in_channels
making attention of type 'vanilla' with 512 in_channels
Working with z of shape (1, 16, 16, 16) = 4096 dimensions.
making attention of type 'vanilla' with 512 in_channels
making attention of type 'vanilla' with 512 in_channels
making attention of type 'vanilla' with 512 in_channels
making attention of type 'vanilla' with 512 in_channels
VQ Model Parameters: 69609635
loaded pretrained LPIPS loss from /projects/yuanai/projects/VQ-Transplant2/code/models/cache/vgg.pth
dataset name: ImageNet
len train_set: 1281167
len val_set: 50000
Start training...
epoch:1, cur_lr:0.000010
Train Epoch: [1/5] Iters:[10/20018] gen_loss 1.0234, rec_loss 0.0690, lpips_loss 0.4772, g_loss -0.0362, disc_weight 0.0000, disc_adaptive_weight 7.5590, d_loss 0.0000, logits_real 0.0332, logits_fake 0.0348,
Train Epoch: [1/5] Iters:[20/20018] gen_loss 1.0279, rec_loss 0.0714, lpips_loss 0.4783, g_loss -0.0375, disc_weight 0.0000, disc_adaptive_weight 6.9452, d_loss 0.0000, logits_real 0.0355, logits_fake 0.0360,
Train Epoch: [1/5] Iters:[30/20018] gen_loss 1.0260, rec_loss 0.0702, lpips_loss 0.4779, g_loss -0.0355, disc_weight 0.0000, disc_adaptive_weight 6.3424, d_loss 0.0000, logits_real 0.0338, logits_fake 0.0348,
Train Epoch: [1/5] Iters:[40/20018] gen_loss 1.0249, rec_loss 0.0701, lpips_loss 0.4774, g_loss -0.0355, disc_weight 0.0000, disc_adaptive_weight 5.8390, d_loss 0.0000, logits_real 0.0338, logits_fake 0.0355,
Train Epoch: [1/5] Iters:[50/20018] gen_loss 1.0254, rec_loss 0.0699, lpips_loss 0.4777, g_loss -0.0348, disc_weight 0.0000, disc_adaptive_weight 5.5777, d_loss 0.0000, logits_real 0.0322, logits_fake 0.0348,
Train Epoch: [1/5] Iters:[60/20018] gen_loss 1.0207, rec_loss 0.0693, lpips_loss 0.4757, g_loss -0.0344, disc_weight 0.0000, disc_adaptive_weight 5.3860, d_loss 0.0000, logits_real 0.0325, logits_fake 0.0343,
Train Epoch: [1/5] Iters:[70/20018] gen_loss 1.0114, rec_loss 0.0671, lpips_loss 0.4722, g_loss -0.0337, disc_weight 0.0000, disc_adaptive_weight 5.0688, d_loss 0.0000, logits_real 0.0313, logits_fake 0.0338,
Train Epoch: [1/5] Iters:[80/20018] gen_loss 1.0073, rec_loss 0.0665, lpips_loss 0.4704, g_loss -0.0346, disc_weight 0.0000, disc_adaptive_weight 5.0491, d_loss 0.0000, logits_real 0.0315, logits_fake 0.0345,
Train Epoch: [1/5] Iters:[90/20018] gen_loss 1.0038, rec_loss 0.0659, lpips_loss 0.4689, g_loss -0.0346, disc_weight 0.0000, disc_adaptive_weight 5.3123, d_loss 0.0000, logits_real 0.0308, logits_fake 0.0341,
Train Epoch: [1/5] Iters:[100/20018] gen_loss 0.9997, rec_loss 0.0651, lpips_loss 0.4673, g_loss -0.0347, disc_weight 0.0000, disc_adaptive_weight 5.4009, d_loss 0.0000, logits_real 0.0313, logits_fake 0.0347,
Train Epoch: [1/5] Iters:[110/20018] gen_loss 1.0029, rec_loss 0.0661, lpips_loss 0.4684, g_loss -0.0354, disc_weight 0.0000, disc_adaptive_weight 5.2164, d_loss 0.0000, logits_real 0.0313, logits_fake 0.0362,
Train Epoch: [1/5] Iters:[120/20018] gen_loss 1.0010, rec_loss 0.0669, lpips_loss 0.4671, g_loss -0.0353, disc_weight 0.0000, disc_adaptive_weight 5.3394, d_loss 0.0000, logits_real 0.0322, logits_fake 0.0359,
Train Epoch: [1/5] Iters:[130/20018] gen_loss 1.0003, rec_loss 0.0674, lpips_loss 0.4665, g_loss -0.0340, disc_weight 0.0000, disc_adaptive_weight 5.3238, d_loss 0.0000, logits_real 0.0330, logits_fake 0.0349,
Train Epoch: [1/5] Iters:[140/20018] gen_loss 0.9945, rec_loss 0.0662, lpips_loss 0.4642, g_loss -0.0325, disc_weight 0.0000, disc_adaptive_weight 5.3498, d_loss 0.0000, logits_real 0.0328, logits_fake 0.0333,
Train Epoch: [1/5] Iters:[150/20018] gen_loss 0.9917, rec_loss 0.0662, lpips_loss 0.4628, g_loss -0.0323, disc_weight 0.0000, disc_adaptive_weight 5.3514, d_loss 0.0000, logits_real 0.0341, logits_fake 0.0331,
Train Epoch: [1/5] Iters:[160/20018] gen_loss 0.9858, rec_loss 0.0652, lpips_loss 0.4603, g_loss -0.0302, disc_weight 0.0000, disc_adaptive_weight 5.1387, d_loss 0.0000, logits_real 0.0326, logits_fake 0.0309,
Train Epoch: [1/5] Iters:[170/20018] gen_loss 0.9884, rec_loss 0.0648, lpips_loss 0.4618, g_loss -0.0291, disc_weight 0.0000, disc_adaptive_weight 5.0509, d_loss 0.0000, logits_real 0.0317, logits_fake 0.0302,
Train Epoch: [1/5] Iters:[180/20018] gen_loss 0.9846, rec_loss 0.0645, lpips_loss 0.4601, g_loss -0.0278, disc_weight 0.0000, disc_adaptive_weight 5.0990, d_loss 0.0000, logits_real 0.0298, logits_fake 0.0291,
Train Epoch: [1/5] Iters:[190/20018] gen_loss 0.9866, rec_loss 0.0652, lpips_loss 0.4607, g_loss -0.0295, disc_weight 0.0000, disc_adaptive_weight 4.8639, d_loss 0.0000, logits_real 0.0324, logits_fake 0.0312,
Train Epoch: [1/5] Iters:[200/20018] gen_loss 0.9859, rec_loss 0.0654, lpips_loss 0.4602, g_loss -0.0294, disc_weight 0.0000, disc_adaptive_weight 4.8503, d_loss 0.0000, logits_real 0.0320, logits_fake 0.0316,
Train Epoch: [1/5] Iters:[210/20018] gen_loss 0.9834, rec_loss 0.0651, lpips_loss 0.4591, g_loss -0.0317, disc_weight 0.0000, disc_adaptive_weight 4.7474, d_loss 0.0000, logits_real 0.0333, logits_fake 0.0337,
Train Epoch: [1/5] Iters:[220/20018] gen_loss 0.9832, rec_loss 0.0652, lpips_loss 0.4590, g_loss -0.0324, disc_weight 0.0000, disc_adaptive_weight 4.5033, d_loss 0.0000, logits_real 0.0340, logits_fake 0.0351,
Train Epoch: [1/5] Iters:[230/20018] gen_loss 0.9842, rec_loss 0.0648, lpips_loss 0.4597, g_loss -0.0339, disc_weight 0.0000, disc_adaptive_weight 4.4415, d_loss 0.0000, logits_real 0.0350, logits_fake 0.0359,
Train Epoch: [1/5] Iters:[240/20018] gen_loss 0.9870, rec_loss 0.0658, lpips_loss 0.4606, g_loss -0.0333, disc_weight 0.0000, disc_adaptive_weight 4.6098, d_loss 0.0000, logits_real 0.0329, logits_fake 0.0337,
Train Epoch: [1/5] Iters:[250/20018] gen_loss 0.9838, rec_loss 0.0652, lpips_loss 0.4593, g_loss -0.0329, disc_weight 0.0000, disc_adaptive_weight 4.7152, d_loss 0.0000, logits_real 0.0317, logits_fake 0.0327,
Train Epoch: [1/5] Iters:[260/20018] gen_loss 0.9848, rec_loss 0.0648, lpips_loss 0.4600, g_loss -0.0318, disc_weight 0.0000, disc_adaptive_weight 4.8874, d_loss 0.0000, logits_real 0.0314, logits_fake 0.0318,
Train Epoch: [1/5] Iters:[270/20018] gen_loss 0.9815, rec_loss 0.0649, lpips_loss 0.4583, g_loss -0.0313, disc_weight 0.0000, disc_adaptive_weight 5.1315, d_loss 0.0000, logits_real 0.0305, logits_fake 0.0310,
Train Epoch: [1/5] Iters:[280/20018] gen_loss 0.9789, rec_loss 0.0649, lpips_loss 0.4570, g_loss -0.0322, disc_weight 0.0000, disc_adaptive_weight 4.9806, d_loss 0.0000, logits_real 0.0307, logits_fake 0.0320,
Train Epoch: [1/5] Iters:[290/20018] gen_loss 0.9709, rec_loss 0.0636, lpips_loss 0.4536, g_loss -0.0312, disc_weight 0.0000, disc_adaptive_weight 4.5988, d_loss 0.0000, logits_real 0.0303, logits_fake 0.0319,
Train Epoch: [1/5] Iters:[300/20018] gen_loss 0.9730, rec_loss 0.0644, lpips_loss 0.4543, g_loss -0.0333, disc_weight 0.0000, disc_adaptive_weight 4.4290, d_loss 0.0000, logits_real 0.0329, logits_fake 0.0338,
Train Epoch: [1/5] Iters:[310/20018] gen_loss 0.9737, rec_loss 0.0642, lpips_loss 0.4547, g_loss -0.0313, disc_weight 0.0000, disc_adaptive_weight 4.3611, d_loss 0.0000, logits_real 0.0323, logits_fake 0.0317,
Train Epoch: [1/5] Iters:[320/20018] gen_loss 0.9775, rec_loss 0.0652, lpips_loss 0.4562, g_loss -0.0312, disc_weight 0.0000, disc_adaptive_weight 4.4635, d_loss 0.0000, logits_real 0.0316, logits_fake 0.0311,
Train Epoch: [1/5] Iters:[330/20018] gen_loss 0.9796, rec_loss 0.0657, lpips_loss 0.4569, g_loss -0.0301, disc_weight 0.0000, disc_adaptive_weight 4.6838, d_loss 0.0000, logits_real 0.0302, logits_fake 0.0307,
Train Epoch: [1/5] Iters:[340/20018] gen_loss 0.9787, rec_loss 0.0656, lpips_loss 0.4565, g_loss -0.0308, disc_weight 0.0000, disc_adaptive_weight 5.1791, d_loss 0.0000, logits_real 0.0302, logits_fake 0.0320,
Train Epoch: [1/5] Iters:[350/20018] gen_loss 0.9761, rec_loss 0.0648, lpips_loss 0.4557, g_loss -0.0310, disc_weight 0.0000, disc_adaptive_weight 5.1704, d_loss 0.0000, logits_real 0.0285, logits_fake 0.0315,
Train Epoch: [1/5] Iters:[360/20018] gen_loss 0.9730, rec_loss 0.0649, lpips_loss 0.4541, g_loss -0.0332, disc_weight 0.0000, disc_adaptive_weight 5.5413, d_loss 0.0000, logits_real 0.0292, logits_fake 0.0337,
