warming up TensorFlow...
computing reference batch activations...
computing/reading reference batch statistics...
computing sample batch activations...
computing/reading sample batch statistics...
Computing evaluations...
Inception Score: 189.53909301757812
FID: 1.195381584720451
writing to /projects/yuanai/projects/VQ-Transplant3/reconstruction/Refinement/ImageNet/wasserstein_vq_refinement_16384_False_1.txt
warming up TensorFlow...
computing reference batch activations...
computing/reading reference batch statistics...
computing sample batch activations...
computing/reading sample batch statistics...
Computing evaluations...
Inception Score: 190.10614013671875
FID: 1.1233818518257976
writing to /projects/yuanai/projects/VQ-Transplant3/reconstruction/Refinement/ImageNet/wasserstein_vq_refinement_16384_False_2.txt
warming up TensorFlow...
computing reference batch activations...
computing/reading reference batch statistics...
computing sample batch activations...
computing/reading sample batch statistics...
Computing evaluations...
Inception Score: 191.0614471435547
FID: 1.0952008136036397
writing to /projects/yuanai/projects/VQ-Transplant3/reconstruction/Refinement/ImageNet/wasserstein_vq_refinement_16384_False_3.txt
warming up TensorFlow...
computing reference batch activations...
computing/reading reference batch statistics...
computing sample batch activations...
computing/reading sample batch statistics...
Computing evaluations...
Inception Score: 191.61709594726562
FID: 1.0809548750302156
writing to /projects/yuanai/projects/VQ-Transplant3/reconstruction/Refinement/ImageNet/wasserstein_vq_refinement_16384_False_4.txt
warming up TensorFlow...
computing reference batch activations...
computing/reading reference batch statistics...
computing sample batch activations...
computing/reading sample batch statistics...
Computing evaluations...
Inception Score: 191.34251403808594
FID: 1.041387424342588
writing to /projects/yuanai/projects/VQ-Transplant3/reconstruction/Refinement/ImageNet/wasserstein_vq_refinement_16384_False_5.txt
warming up TensorFlow...
computing reference batch activations...
computing/reading reference batch statistics...
computing sample batch activations...
computing/reading sample batch statistics...
Computing evaluations...
Inception Score: 193.5272979736328
FID: 1.0642474661952406
writing to /projects/yuanai/projects/VQ-Transplant3/reconstruction/Refinement/ImageNet/wasserstein_vq_refinement_32768_False_1.txt
warming up TensorFlow...
computing reference batch activations...
computing/reading reference batch statistics...
computing sample batch activations...
computing/reading sample batch statistics...
Computing evaluations...
Inception Score: 192.75881958007812
FID: 1.0443672959295327
writing to /projects/yuanai/projects/VQ-Transplant3/reconstruction/Refinement/ImageNet/wasserstein_vq_refinement_32768_False_2.txt
warming up TensorFlow...
computing reference batch activations...
computing/reading reference batch statistics...
computing sample batch activations...
computing/reading sample batch statistics...
Computing evaluations...
Inception Score: 193.9468231201172
FID: 0.9994095029762775
writing to /projects/yuanai/projects/VQ-Transplant3/reconstruction/Refinement/ImageNet/wasserstein_vq_refinement_32768_False_3.txt
warming up TensorFlow...
computing reference batch activations...
computing/reading reference batch statistics...
computing sample batch activations...
computing/reading sample batch statistics...
Computing evaluations...
Inception Score: 193.87681579589844
FID: 0.9785772410742197
writing to /projects/yuanai/projects/VQ-Transplant3/reconstruction/Refinement/ImageNet/wasserstein_vq_refinement_32768_False_4.txt
warming up TensorFlow...
computing reference batch activations...
computing/reading reference batch statistics...
computing sample batch activations...
computing/reading sample batch statistics...
Computing evaluations...
Inception Score: 193.87417602539062
FID: 0.9999740893697435
writing to /projects/yuanai/projects/VQ-Transplant3/reconstruction/Refinement/ImageNet/wasserstein_vq_refinement_32768_False_5.txt
warming up TensorFlow...
computing reference batch activations...
computing/reading reference batch statistics...
computing sample batch activations...
computing/reading sample batch statistics...
Computing evaluations...
Inception Score: 193.15103149414062
FID: 1.087213212409722
writing to /projects/yuanai/projects/VQ-Transplant3/reconstruction/Refinement/ImageNet/wasserstein_vq_refinement_65536_False_1.txt
warming up TensorFlow...
computing reference batch activations...
computing/reading reference batch statistics...
computing sample batch activations...
computing/reading sample batch statistics...
Computing evaluations...
Inception Score: 193.71865844726562
FID: 1.0153132507583678
writing to /projects/yuanai/projects/VQ-Transplant3/reconstruction/Refinement/ImageNet/wasserstein_vq_refinement_65536_False_2.txt
warming up TensorFlow...
computing reference batch activations...
computing/reading reference batch statistics...
computing sample batch activations...
computing/reading sample batch statistics...
Computing evaluations...
Inception Score: 195.34390258789062
FID: 0.9353733875901185
writing to /projects/yuanai/projects/VQ-Transplant3/reconstruction/Refinement/ImageNet/wasserstein_vq_refinement_65536_False_3.txt
warming up TensorFlow...
computing reference batch activations...
computing/reading reference batch statistics...
computing sample batch activations...
computing/reading sample batch statistics...
Computing evaluations...
Inception Score: 195.31259155273438
FID: 0.9241421548638868
writing to /projects/yuanai/projects/VQ-Transplant3/reconstruction/Refinement/ImageNet/wasserstein_vq_refinement_65536_False_4.txt
warming up TensorFlow...
computing reference batch activations...
computing/reading reference batch statistics...
computing sample batch activations...
computing/reading sample batch statistics...
Computing evaluations...
Inception Score: 194.773681640625
FID: 0.9306496251234648
writing to /projects/yuanai/projects/VQ-Transplant3/reconstruction/Refinement/ImageNet/wasserstein_vq_refinement_65536_False_5.txt
