warming up TensorFlow...
computing reference batch activations...
computing/reading reference batch statistics...
computing sample batch activations...
computing/reading sample batch statistics...
Computing evaluations...
Inception Score: 117.69698333740234
FID: 5.981207401267227
writing to /projects/yuanai/projects/VQ-Transplant3/reconstruction/Refinement/ImageNet/vanilla_vq_refinement_65536_False_1.txt
warming up TensorFlow...
computing reference batch activations...
computing/reading reference batch statistics...
computing sample batch activations...
computing/reading sample batch statistics...
Computing evaluations...
Inception Score: 117.24222564697266
FID: 5.728724383195754
writing to /projects/yuanai/projects/VQ-Transplant3/reconstruction/Refinement/ImageNet/vanilla_vq_refinement_65536_False_2.txt
warming up TensorFlow...
computing reference batch activations...
computing/reading reference batch statistics...
computing sample batch activations...
computing/reading sample batch statistics...
Computing evaluations...
Inception Score: 117.46974182128906
FID: 5.458375959579769
writing to /projects/yuanai/projects/VQ-Transplant3/reconstruction/Refinement/ImageNet/vanilla_vq_refinement_65536_False_3.txt
warming up TensorFlow...
computing reference batch activations...
computing/reading reference batch statistics...
computing sample batch activations...
computing/reading sample batch statistics...
Computing evaluations...
Inception Score: 120.0982666015625
FID: 5.036757610105951
writing to /projects/yuanai/projects/VQ-Transplant3/reconstruction/Refinement/ImageNet/vanilla_vq_refinement_65536_False_4.txt
warming up TensorFlow...
computing reference batch activations...
computing/reading reference batch statistics...
computing sample batch activations...
computing/reading sample batch statistics...
Computing evaluations...
Inception Score: 118.35479736328125
FID: 5.016594468056155
writing to /projects/yuanai/projects/VQ-Transplant3/reconstruction/Refinement/ImageNet/vanilla_vq_refinement_65536_False_5.txt
warming up TensorFlow...
computing reference batch activations...
computing/reading reference batch statistics...
computing sample batch activations...
computing/reading sample batch statistics...
Computing evaluations...
Inception Score: 116.82099914550781
FID: 6.019352661375592
writing to /projects/yuanai/projects/VQ-Transplant3/reconstruction/Refinement/ImageNet/vanilla_vq_refinement_32768_False_1.txt
warming up TensorFlow...
computing reference batch activations...
computing/reading reference batch statistics...
computing sample batch activations...
computing/reading sample batch statistics...
Computing evaluations...
Inception Score: 116.90828704833984
FID: 5.777409057990667
writing to /projects/yuanai/projects/VQ-Transplant3/reconstruction/Refinement/ImageNet/vanilla_vq_refinement_32768_False_2.txt
warming up TensorFlow...
computing reference batch activations...
computing/reading reference batch statistics...
computing sample batch activations...
computing/reading sample batch statistics...
Computing evaluations...
Inception Score: 118.0606460571289
FID: 5.485504379102736
writing to /projects/yuanai/projects/VQ-Transplant3/reconstruction/Refinement/ImageNet/vanilla_vq_refinement_32768_False_3.txt
warming up TensorFlow...
computing reference batch activations...
computing/reading reference batch statistics...
computing sample batch activations...
computing/reading sample batch statistics...
Computing evaluations...
Inception Score: 118.18043518066406
FID: 5.203654167061359
writing to /projects/yuanai/projects/VQ-Transplant3/reconstruction/Refinement/ImageNet/vanilla_vq_refinement_32768_False_4.txt
warming up TensorFlow...
computing reference batch activations...
computing/reading reference batch statistics...
computing sample batch activations...
computing/reading sample batch statistics...
Computing evaluations...
Inception Score: 117.37739562988281
FID: 5.1117010681167585
writing to /projects/yuanai/projects/VQ-Transplant3/reconstruction/Refinement/ImageNet/vanilla_vq_refinement_32768_False_5.txt
warming up TensorFlow...
computing reference batch activations...
computing/reading reference batch statistics...
computing sample batch activations...
computing/reading sample batch statistics...
Computing evaluations...
Inception Score: 116.1707534790039
FID: 5.962808995911473
writing to /projects/yuanai/projects/VQ-Transplant3/reconstruction/Refinement/ImageNet/vanilla_vq_refinement_16384_False_1.txt
warming up TensorFlow...
computing reference batch activations...
computing/reading reference batch statistics...
computing sample batch activations...
computing/reading sample batch statistics...
Computing evaluations...
Inception Score: 116.67045593261719
FID: 5.687576653339363
writing to /projects/yuanai/projects/VQ-Transplant3/reconstruction/Refinement/ImageNet/vanilla_vq_refinement_16384_False_2.txt
warming up TensorFlow...
computing reference batch activations...
computing/reading reference batch statistics...
computing sample batch activations...
computing/reading sample batch statistics...
Computing evaluations...
Inception Score: 118.40013122558594
FID: 5.276082249128194
writing to /projects/yuanai/projects/VQ-Transplant3/reconstruction/Refinement/ImageNet/vanilla_vq_refinement_16384_False_3.txt
warming up TensorFlow...
computing reference batch activations...
computing/reading reference batch statistics...
computing sample batch activations...
computing/reading sample batch statistics...
Computing evaluations...
Inception Score: 118.89665222167969
FID: 5.05328127956443
writing to /projects/yuanai/projects/VQ-Transplant3/reconstruction/Refinement/ImageNet/vanilla_vq_refinement_16384_False_4.txt
warming up TensorFlow...
computing reference batch activations...
computing/reading reference batch statistics...
computing sample batch activations...
computing/reading sample batch statistics...
Computing evaluations...
Inception Score: 117.62803649902344
FID: 5.056754938376116
writing to /projects/yuanai/projects/VQ-Transplant3/reconstruction/Refinement/ImageNet/vanilla_vq_refinement_16384_False_5.txt
