dataset_dir: /datasets/
dataset_name: ImageNet
global_batch_size: 64
workers: 8
resolution: 256
channels: 3
ms_patch_size: 1_2_3_4_5_6_8
max_patch_size: 8
codebook_size: 16384
codebook_dim: 8
project_dim: 16
pq: 1
L: 4
alpha: 1.0
beta: 1.0
gamma: 0.5
disc_weight: 0.2
lecam_loss_weight: 0.001
disc_cr_loss_weight: 4.0
VQ: wasserstein_vq
use_multiscale: False
transplant_epochs: 5
refinement_epochs: 5
eval_epochs: 1
lr_transplant: 0.0001
lr_refinement: 1e-05
dropout: 0.0
seed: 3407
weight_decay: 0.0001
stage: transplant
checkpoint_dir: /project/6105494/sunset/VQ-Projects/VQ-Transplant/checkpoint/Transplant/ImageNet
results_dir: /project/6105494/sunset/VQ-Projects/VQ-Transplant/results/Transplant/ImageNet
saver_dir: /project/6105494/sunset/VQ-Projects/VQ-Transplant/saver/Transplant/ImageNet
reconstruction_dir: /project/6105494/sunset/VQ-Projects/VQ-Transplant/reconstruction/Transplant/ImageNet
yaml_dir: /project/6105494/sunset/VQ-Projects/VQ-Transplant/yaml/Transplant/ImageNet
pretrained_tokenizer: /project/6105494/sunset/VQ-Projects/VQ-Transplant/pretrained_tokenizer/dc-ae-f32c32-sana-1.0.safetensors
checkpoint_name: 
nnodes: -1
node_rank: -1
local_rank: 0
dist_url: tcp://224.66.41.62:23456
dist_backend: nccl
world_size: 1
batch_size: 64
ms_token_size: (1, 2, 3, 4, 5, 6, 8)
init_checkpoint_dir: /project/6105494/sunset/VQ-Projects/VQ-Transplant/checkpoint/
data_pre: ImageNet
model_pre: model_16384_8_1
loss_pre: loss_1.0_1.0_0.5_0.2
training_pre: wasserstein_vq_transplant_False
saver_name_pre: wasserstein_vq_transplant_False_ImageNet_model_16384_8_1_loss_1.0_1.0_0.5_0.2
| distributed init (rank 0): env://
VQ Model Parameters: 312250275
dataset name: ImageNet
len train_set: 1281167
len val_set: 50000
Start training...
epoch:1, cur_lr:0.000100
Train Epoch: [1/5] Iters:[10/20018] transplant_loss 78.3526, rec_loss 0.1906, quant_error 3.7536,
Train Epoch: [1/5] Iters:[20/20018] transplant_loss 82.2600, rec_loss 0.1598, quant_error 3.1567,
Train Epoch: [1/5] Iters:[30/20018] transplant_loss 79.8854, rec_loss 0.1434, quant_error 2.7925,
Train Epoch: [1/5] Iters:[40/20018] transplant_loss 76.8143, rec_loss 0.1337, quant_error 2.5653,
Train Epoch: [1/5] Iters:[50/20018] transplant_loss 74.0190, rec_loss 0.1275, quant_error 2.4015,
Train Epoch: [1/5] Iters:[60/20018] transplant_loss 70.3606, rec_loss 0.1091, quant_error 1.9903,
Train Epoch: [1/5] Iters:[70/20018] transplant_loss 64.0430, rec_loss 0.1033, quant_error 1.8059,
Train Epoch: [1/5] Iters:[80/20018] transplant_loss 58.7289, rec_loss 0.1015, quant_error 1.7078,
Train Epoch: [1/5] Iters:[90/20018] transplant_loss 53.8346, rec_loss 0.1008, quant_error 1.6378,
Train Epoch: [1/5] Iters:[100/20018] transplant_loss 48.8521, rec_loss 0.1000, quant_error 1.5886,
Train Epoch: [1/5] Iters:[110/20018] transplant_loss 43.5368, rec_loss 0.0995, quant_error 1.5372,
Train Epoch: [1/5] Iters:[120/20018] transplant_loss 38.6573, rec_loss 0.0981, quant_error 1.4883,
Train Epoch: [1/5] Iters:[130/20018] transplant_loss 34.3964, rec_loss 0.0967, quant_error 1.4398,
Train Epoch: [1/5] Iters:[140/20018] transplant_loss 30.6816, rec_loss 0.0935, quant_error 1.3836,
Train Epoch: [1/5] Iters:[150/20018] transplant_loss 27.6588, rec_loss 0.0912, quant_error 1.3255,
Train Epoch: [1/5] Iters:[160/20018] transplant_loss 25.2111, rec_loss 0.0894, quant_error 1.2702,
Train Epoch: [1/5] Iters:[170/20018] transplant_loss 23.1005, rec_loss 0.0873, quant_error 1.2127,
Train Epoch: [1/5] Iters:[180/20018] transplant_loss 21.3937, rec_loss 0.0852, quant_error 1.1631,
Train Epoch: [1/5] Iters:[190/20018] transplant_loss 19.9957, rec_loss 0.0837, quant_error 1.1208,
Train Epoch: [1/5] Iters:[200/20018] transplant_loss 18.7157, rec_loss 0.0822, quant_error 1.0778,
Train Epoch: [1/5] Iters:[210/20018] transplant_loss 17.5917, rec_loss 0.0800, quant_error 1.0382,
Train Epoch: [1/5] Iters:[220/20018] transplant_loss 16.6094, rec_loss 0.0790, quant_error 1.0049,
Train Epoch: [1/5] Iters:[230/20018] transplant_loss 15.6007, rec_loss 0.0772, quant_error 0.9661,
Train Epoch: [1/5] Iters:[240/20018] transplant_loss 14.7142, rec_loss 0.0763, quant_error 0.9317,
Train Epoch: [1/5] Iters:[250/20018] transplant_loss 13.9380, rec_loss 0.0745, quant_error 0.9022,
Train Epoch: [1/5] Iters:[260/20018] transplant_loss 13.1736, rec_loss 0.0730, quant_error 0.8713,
Train Epoch: [1/5] Iters:[270/20018] transplant_loss 12.4983, rec_loss 0.0712, quant_error 0.8427,
Train Epoch: [1/5] Iters:[280/20018] transplant_loss 11.9791, rec_loss 0.0697, quant_error 0.8223,
Train Epoch: [1/5] Iters:[290/20018] transplant_loss 11.4904, rec_loss 0.0690, quant_error 0.8033,
Train Epoch: [1/5] Iters:[300/20018] transplant_loss 11.0225, rec_loss 0.0680, quant_error 0.7830,
Train Epoch: [1/5] Iters:[310/20018] transplant_loss 10.6129, rec_loss 0.0672, quant_error 0.7660,
Train Epoch: [1/5] Iters:[320/20018] transplant_loss 10.2643, rec_loss 0.0673, quant_error 0.7507,
Train Epoch: [1/5] Iters:[330/20018] transplant_loss 9.9380, rec_loss 0.0669, quant_error 0.7366,
Train Epoch: [1/5] Iters:[340/20018] transplant_loss 9.6352, rec_loss 0.0657, quant_error 0.7206,
Train Epoch: [1/5] Iters:[350/20018] transplant_loss 9.3996, rec_loss 0.0651, quant_error 0.7086,
Train Epoch: [1/5] Iters:[360/20018] transplant_loss 9.2522, rec_loss 0.0649, quant_error 0.7007,
Train Epoch: [1/5] Iters:[370/20018] transplant_loss 9.1101, rec_loss 0.0635, quant_error 0.6920,
Train Epoch: [1/5] Iters:[380/20018] transplant_loss 8.9840, rec_loss 0.0639, quant_error 0.6828,
Train Epoch: [1/5] Iters:[390/20018] transplant_loss 8.8807, rec_loss 0.0637, quant_error 0.6755,
Train Epoch: [1/5] Iters:[400/20018] transplant_loss 8.7895, rec_loss 0.0638, quant_error 0.6683,
Train Epoch: [1/5] Iters:[410/20018] transplant_loss 8.6870, rec_loss 0.0634, quant_error 0.6605,
Train Epoch: [1/5] Iters:[420/20018] transplant_loss 8.5586, rec_loss 0.0630, quant_error 0.6508,
Train Epoch: [1/5] Iters:[430/20018] transplant_loss 8.4404, rec_loss 0.0616, quant_error 0.6424,
Train Epoch: [1/5] Iters:[440/20018] transplant_loss 8.3662, rec_loss 0.0613, quant_error 0.6363,
Train Epoch: [1/5] Iters:[450/20018] transplant_loss 8.2617, rec_loss 0.0608, quant_error 0.6294,
Train Epoch: [1/5] Iters:[460/20018] transplant_loss 8.1926, rec_loss 0.0608, quant_error 0.6236,
Train Epoch: [1/5] Iters:[470/20018] transplant_loss 8.1183, rec_loss 0.0604, quant_error 0.6184,
Train Epoch: [1/5] Iters:[480/20018] transplant_loss 8.0774, rec_loss 0.0607, quant_error 0.6145,
Train Epoch: [1/5] Iters:[490/20018] transplant_loss 7.9843, rec_loss 0.0598, quant_error 0.6074,
Train Epoch: [1/5] Iters:[500/20018] transplant_loss 7.9597, rec_loss 0.0597, quant_error 0.6046,
Train Epoch: [1/5] Iters:[510/20018] transplant_loss 7.8805, rec_loss 0.0595, quant_error 0.5997,
Train Epoch: [1/5] Iters:[520/20018] transplant_loss 7.8065, rec_loss 0.0595, quant_error 0.5929,
Train Epoch: [1/5] Iters:[530/20018] transplant_loss 7.7112, rec_loss 0.0589, quant_error 0.5859,
Train Epoch: [1/5] Iters:[540/20018] transplant_loss 7.6621, rec_loss 0.0594, quant_error 0.5821,
Train Epoch: [1/5] Iters:[550/20018] transplant_loss 7.5879, rec_loss 0.0595, quant_error 0.5762,
Train Epoch: [1/5] Iters:[560/20018] transplant_loss 7.5151, rec_loss 0.0588, quant_error 0.5694,
Train Epoch: [1/5] Iters:[570/20018] transplant_loss 7.4706, rec_loss 0.0588, quant_error 0.5660,
Train Epoch: [1/5] Iters:[580/20018] transplant_loss 7.4594, rec_loss 0.0583, quant_error 0.5645,
Train Epoch: [1/5] Iters:[590/20018] transplant_loss 7.4072, rec_loss 0.0583, quant_error 0.5603,
Train Epoch: [1/5] Iters:[600/20018] transplant_loss 7.3651, rec_loss 0.0575, quant_error 0.5559,
Train Epoch: [1/5] Iters:[610/20018] transplant_loss 7.3337, rec_loss 0.0575, quant_error 0.5531,
Train Epoch: [1/5] Iters:[620/20018] transplant_loss 7.3236, rec_loss 0.0576, quant_error 0.5517,
Train Epoch: [1/5] Iters:[630/20018] transplant_loss 7.2829, rec_loss 0.0571, quant_error 0.5477,
Train Epoch: [1/5] Iters:[640/20018] transplant_loss 7.2516, rec_loss 0.0566, quant_error 0.5450,
Train Epoch: [1/5] Iters:[650/20018] transplant_loss 7.1944, rec_loss 0.0562, quant_error 0.5415,
Train Epoch: [1/5] Iters:[660/20018] transplant_loss 7.1513, rec_loss 0.0558, quant_error 0.5374,
Train Epoch: [1/5] Iters:[670/20018] transplant_loss 7.1112, rec_loss 0.0551, quant_error 0.5341,
Train Epoch: [1/5] Iters:[680/20018] transplant_loss 7.0820, rec_loss 0.0552, quant_error 0.5317,
Train Epoch: [1/5] Iters:[690/20018] transplant_loss 7.0316, rec_loss 0.0549, quant_error 0.5274,
Train Epoch: [1/5] Iters:[700/20018] transplant_loss 7.0323, rec_loss 0.0548, quant_error 0.5263,
Train Epoch: [1/5] Iters:[710/20018] transplant_loss 7.0309, rec_loss 0.0548, quant_error 0.5257,
Train Epoch: [1/5] Iters:[720/20018] transplant_loss 7.0017, rec_loss 0.0554, quant_error 0.5225,
Train Epoch: [1/5] Iters:[730/20018] transplant_loss 6.9667, rec_loss 0.0553, quant_error 0.5194,
Train Epoch: [1/5] Iters:[740/20018] transplant_loss 6.9919, rec_loss 0.0556, quant_error 0.5200,
Train Epoch: [1/5] Iters:[750/20018] transplant_loss 6.9649, rec_loss 0.0553, quant_error 0.5174,
Train Epoch: [1/5] Iters:[760/20018] transplant_loss 6.9194, rec_loss 0.0546, quant_error 0.5140,
Train Epoch: [1/5] Iters:[770/20018] transplant_loss 6.9144, rec_loss 0.0539, quant_error 0.5131,
Train Epoch: [1/5] Iters:[780/20018] transplant_loss 6.9139, rec_loss 0.0540, quant_error 0.5123,
Train Epoch: [1/5] Iters:[790/20018] transplant_loss 6.8950, rec_loss 0.0539, quant_error 0.5106,
Train Epoch: [1/5] Iters:[800/20018] transplant_loss 6.8867, rec_loss 0.0542, quant_error 0.5095,
Train Epoch: [1/5] Iters:[810/20018] transplant_loss 6.8891, rec_loss 0.0550, quant_error 0.5087,
Train Epoch: [1/5] Iters:[820/20018] transplant_loss 6.8919, rec_loss 0.0549, quant_error 0.5086,
Train Epoch: [1/5] Iters:[830/20018] transplant_loss 6.8567, rec_loss 0.0549, quant_error 0.5059,
Train Epoch: [1/5] Iters:[840/20018] transplant_loss 6.8354, rec_loss 0.0546, quant_error 0.5040,
Train Epoch: [1/5] Iters:[850/20018] transplant_loss 6.8256, rec_loss 0.0540, quant_error 0.5024,
Train Epoch: [1/5] Iters:[860/20018] transplant_loss 6.8124, rec_loss 0.0537, quant_error 0.5015,
Train Epoch: [1/5] Iters:[870/20018] transplant_loss 6.7877, rec_loss 0.0537, quant_error 0.4994,
Train Epoch: [1/5] Iters:[880/20018] transplant_loss 6.7862, rec_loss 0.0537, quant_error 0.4993,
Train Epoch: [1/5] Iters:[890/20018] transplant_loss 6.7700, rec_loss 0.0531, quant_error 0.4974,
Train Epoch: [1/5] Iters:[900/20018] transplant_loss 6.7327, rec_loss 0.0535, quant_error 0.4950,
Train Epoch: [1/5] Iters:[910/20018] transplant_loss 6.7321, rec_loss 0.0540, quant_error 0.4939,
Train Epoch: [1/5] Iters:[920/20018] transplant_loss 6.7357, rec_loss 0.0539, quant_error 0.4934,
Train Epoch: [1/5] Iters:[930/20018] transplant_loss 6.7150, rec_loss 0.0536, quant_error 0.4913,
Train Epoch: [1/5] Iters:[940/20018] transplant_loss 6.7003, rec_loss 0.0541, quant_error 0.4902,
Train Epoch: [1/5] Iters:[950/20018] transplant_loss 6.6899, rec_loss 0.0535, quant_error 0.4893,
Train Epoch: [1/5] Iters:[960/20018] transplant_loss 6.6679, rec_loss 0.0530, quant_error 0.4877,
Train Epoch: [1/5] Iters:[970/20018] transplant_loss 6.6306, rec_loss 0.0531, quant_error 0.4845,
Train Epoch: [1/5] Iters:[980/20018] transplant_loss 6.6135, rec_loss 0.0537, quant_error 0.4828,
Train Epoch: [1/5] Iters:[990/20018] transplant_loss 6.5876, rec_loss 0.0532, quant_error 0.4803,
Train Epoch: [1/5] Iters:[1000/20018] transplant_loss 6.6027, rec_loss 0.0540, quant_error 0.4803,
Train Epoch: [1/5] Iters:[1010/20018] transplant_loss 6.5935, rec_loss 0.0537, quant_error 0.4793,
Train Epoch: [1/5] Iters:[1020/20018] transplant_loss 6.5746, rec_loss 0.0534, quant_error 0.4782,
Train Epoch: [1/5] Iters:[1030/20018] transplant_loss 6.5625, rec_loss 0.0530, quant_error 0.4772,
Train Epoch: [1/5] Iters:[1040/20018] transplant_loss 6.5544, rec_loss 0.0533, quant_error 0.4760,
Train Epoch: [1/5] Iters:[1050/20018] transplant_loss 6.5308, rec_loss 0.0529, quant_error 0.4741,
Train Epoch: [1/5] Iters:[1060/20018] transplant_loss 6.5385, rec_loss 0.0529, quant_error 0.4741,
Train Epoch: [1/5] Iters:[1070/20018] transplant_loss 6.5487, rec_loss 0.0525, quant_error 0.4741,
Train Epoch: [1/5] Iters:[1080/20018] transplant_loss 6.5426, rec_loss 0.0528, quant_error 0.4734,
Train Epoch: [1/5] Iters:[1090/20018] transplant_loss 6.5512, rec_loss 0.0528, quant_error 0.4735,
Train Epoch: [1/5] Iters:[1100/20018] transplant_loss 6.5366, rec_loss 0.0528, quant_error 0.4722,
Train Epoch: [1/5] Iters:[1110/20018] transplant_loss 6.5188, rec_loss 0.0526, quant_error 0.4707,
Train Epoch: [1/5] Iters:[1120/20018] transplant_loss 6.5116, rec_loss 0.0534, quant_error 0.4703,
Train Epoch: [1/5] Iters:[1130/20018] transplant_loss 6.5305, rec_loss 0.0524, quant_error 0.4713,
Train Epoch: [1/5] Iters:[1140/20018] transplant_loss 6.5240, rec_loss 0.0523, quant_error 0.4708,
Train Epoch: [1/5] Iters:[1150/20018] transplant_loss 6.5355, rec_loss 0.0524, quant_error 0.4709,
Train Epoch: [1/5] Iters:[1160/20018] transplant_loss 6.5644, rec_loss 0.0534, quant_error 0.4719,
Train Epoch: [1/5] Iters:[1170/20018] transplant_loss 6.5613, rec_loss 0.0529, quant_error 0.4712,
Train Epoch: [1/5] Iters:[1180/20018] transplant_loss 6.5563, rec_loss 0.0532, quant_error 0.4700,
Train Epoch: [1/5] Iters:[1190/20018] transplant_loss 6.5395, rec_loss 0.0532, quant_error 0.4692,
Train Epoch: [1/5] Iters:[1200/20018] transplant_loss 6.5140, rec_loss 0.0534, quant_error 0.4674,
Train Epoch: [1/5] Iters:[1210/20018] transplant_loss 6.4793, rec_loss 0.0526, quant_error 0.4654,
Train Epoch: [1/5] Iters:[1220/20018] transplant_loss 6.4800, rec_loss 0.0525, quant_error 0.4648,
Train Epoch: [1/5] Iters:[1230/20018] transplant_loss 6.4509, rec_loss 0.0530, quant_error 0.4632,
Train Epoch: [1/5] Iters:[1240/20018] transplant_loss 6.4772, rec_loss 0.0530, quant_error 0.4645,
Train Epoch: [1/5] Iters:[1250/20018] transplant_loss 6.4898, rec_loss 0.0525, quant_error 0.4653,
Train Epoch: [1/5] Iters:[1260/20018] transplant_loss 6.4978, rec_loss 0.0531, quant_error 0.4656,
Train Epoch: [1/5] Iters:[1270/20018] transplant_loss 6.4984, rec_loss 0.0529, quant_error 0.4652,
Train Epoch: [1/5] Iters:[1280/20018] transplant_loss 6.5062, rec_loss 0.0531, quant_error 0.4651,
Train Epoch: [1/5] Iters:[1290/20018] transplant_loss 6.4693, rec_loss 0.0532, quant_error 0.4621,
Train Epoch: [1/5] Iters:[1300/20018] transplant_loss 6.4620, rec_loss 0.0532, quant_error 0.4614,
Train Epoch: [1/5] Iters:[1310/20018] transplant_loss 6.4356, rec_loss 0.0532, quant_error 0.4594,
Train Epoch: [1/5] Iters:[1320/20018] transplant_loss 6.4458, rec_loss 0.0538, quant_error 0.4600,
Train Epoch: [1/5] Iters:[1330/20018] transplant_loss 6.4424, rec_loss 0.0528, quant_error 0.4591,
Train Epoch: [1/5] Iters:[1340/20018] transplant_loss 6.4513, rec_loss 0.0527, quant_error 0.4596,
Train Epoch: [1/5] Iters:[1350/20018] transplant_loss 6.4692, rec_loss 0.0526, quant_error 0.4600,
Train Epoch: [1/5] Iters:[1360/20018] transplant_loss 6.4476, rec_loss 0.0518, quant_error 0.4579,
Train Epoch: [1/5] Iters:[1370/20018] transplant_loss 6.4370, rec_loss 0.0519, quant_error 0.4574,
Train Epoch: [1/5] Iters:[1380/20018] transplant_loss 6.4407, rec_loss 0.0518, quant_error 0.4578,
Train Epoch: [1/5] Iters:[1390/20018] transplant_loss 6.4418, rec_loss 0.0515, quant_error 0.4575,
Train Epoch: [1/5] Iters:[1400/20018] transplant_loss 6.4253, rec_loss 0.0522, quant_error 0.4563,
Train Epoch: [1/5] Iters:[1410/20018] transplant_loss 6.4591, rec_loss 0.0523, quant_error 0.4585,
Train Epoch: [1/5] Iters:[1420/20018] transplant_loss 6.4269, rec_loss 0.0515, quant_error 0.4558,
Train Epoch: [1/5] Iters:[1430/20018] transplant_loss 6.4114, rec_loss 0.0515, quant_error 0.4544,
Train Epoch: [1/5] Iters:[1440/20018] transplant_loss 6.4101, rec_loss 0.0514, quant_error 0.4541,
Train Epoch: [1/5] Iters:[1450/20018] transplant_loss 6.3997, rec_loss 0.0505, quant_error 0.4534,
Train Epoch: [1/5] Iters:[1460/20018] transplant_loss 6.3789, rec_loss 0.0500, quant_error 0.4519,
Train Epoch: [1/5] Iters:[1470/20018] transplant_loss 6.4045, rec_loss 0.0509, quant_error 0.4532,
Train Epoch: [1/5] Iters:[1480/20018] transplant_loss 6.3991, rec_loss 0.0513, quant_error 0.4524,
Train Epoch: [1/5] Iters:[1490/20018] transplant_loss 6.3914, rec_loss 0.0512, quant_error 0.4519,
Train Epoch: [1/5] Iters:[1500/20018] transplant_loss 6.3953, rec_loss 0.0518, quant_error 0.4517,
Train Epoch: [1/5] Iters:[1510/20018] transplant_loss 6.3964, rec_loss 0.0526, quant_error 0.4515,
Train Epoch: [1/5] Iters:[1520/20018] transplant_loss 6.3778, rec_loss 0.0520, quant_error 0.4500,
Train Epoch: [1/5] Iters:[1530/20018] transplant_loss 6.3801, rec_loss 0.0520, quant_error 0.4502,
Train Epoch: [1/5] Iters:[1540/20018] transplant_loss 6.3693, rec_loss 0.0524, quant_error 0.4490,
Train Epoch: [1/5] Iters:[1550/20018] transplant_loss 6.3572, rec_loss 0.0524, quant_error 0.4483,
Train Epoch: [1/5] Iters:[1560/20018] transplant_loss 6.3422, rec_loss 0.0519, quant_error 0.4476,
Train Epoch: [1/5] Iters:[1570/20018] transplant_loss 6.3263, rec_loss 0.0518, quant_error 0.4467,
Train Epoch: [1/5] Iters:[1580/20018] transplant_loss 6.3118, rec_loss 0.0515, quant_error 0.4458,
Train Epoch: [1/5] Iters:[1590/20018] transplant_loss 6.3031, rec_loss 0.0515, quant_error 0.4454,
Train Epoch: [1/5] Iters:[1600/20018] transplant_loss 6.2855, rec_loss 0.0517, quant_error 0.4441,
Train Epoch: [1/5] Iters:[1610/20018] transplant_loss 6.2866, rec_loss 0.0519, quant_error 0.4433,
Train Epoch: [1/5] Iters:[1620/20018] transplant_loss 6.3096, rec_loss 0.0524, quant_error 0.4442,
Train Epoch: [1/5] Iters:[1630/20018] transplant_loss 6.3017, rec_loss 0.0526, quant_error 0.4435,
Train Epoch: [1/5] Iters:[1640/20018] transplant_loss 6.2910, rec_loss 0.0521, quant_error 0.4426,
Train Epoch: [1/5] Iters:[1650/20018] transplant_loss 6.3321, rec_loss 0.0520, quant_error 0.4447,
Train Epoch: [1/5] Iters:[1660/20018] transplant_loss 6.3143, rec_loss 0.0511, quant_error 0.4433,
Train Epoch: [1/5] Iters:[1670/20018] transplant_loss 6.2895, rec_loss 0.0508, quant_error 0.4421,
Train Epoch: [1/5] Iters:[1680/20018] transplant_loss 6.2947, rec_loss 0.0506, quant_error 0.4421,
Train Epoch: [1/5] Iters:[1690/20018] transplant_loss 6.3077, rec_loss 0.0509, quant_error 0.4429,
Train Epoch: [1/5] Iters:[1700/20018] transplant_loss 6.2669, rec_loss 0.0502, quant_error 0.4404,
Train Epoch: [1/5] Iters:[1710/20018] transplant_loss 6.2789, rec_loss 0.0509, quant_error 0.4415,
Train Epoch: [1/5] Iters:[1720/20018] transplant_loss 6.2879, rec_loss 0.0511, quant_error 0.4420,
Train Epoch: [1/5] Iters:[1730/20018] transplant_loss 6.2761, rec_loss 0.0511, quant_error 0.4415,
Train Epoch: [1/5] Iters:[1740/20018] transplant_loss 6.2764, rec_loss 0.0511, quant_error 0.4411,
Train Epoch: [1/5] Iters:[1750/20018] transplant_loss 6.2857, rec_loss 0.0518, quant_error 0.4416,
Train Epoch: [1/5] Iters:[1760/20018] transplant_loss 6.2781, rec_loss 0.0512, quant_error 0.4407,
Train Epoch: [1/5] Iters:[1770/20018] transplant_loss 6.2744, rec_loss 0.0512, quant_error 0.4402,
Train Epoch: [1/5] Iters:[1780/20018] transplant_loss 6.2930, rec_loss 0.0514, quant_error 0.4410,
Train Epoch: [1/5] Iters:[1790/20018] transplant_loss 6.2841, rec_loss 0.0511, quant_error 0.4406,
Train Epoch: [1/5] Iters:[1800/20018] transplant_loss 6.2564, rec_loss 0.0507, quant_error 0.4386,
Train Epoch: [1/5] Iters:[1810/20018] transplant_loss 6.2759, rec_loss 0.0512, quant_error 0.4398,
Train Epoch: [1/5] Iters:[1820/20018] transplant_loss 6.2514, rec_loss 0.0506, quant_error 0.4379,
Train Epoch: [1/5] Iters:[1830/20018] transplant_loss 6.2463, rec_loss 0.0509, quant_error 0.4374,
Train Epoch: [1/5] Iters:[1840/20018] transplant_loss 6.2550, rec_loss 0.0515, quant_error 0.4377,
Train Epoch: [1/5] Iters:[1850/20018] transplant_loss 6.2775, rec_loss 0.0520, quant_error 0.4390,
Train Epoch: [1/5] Iters:[1860/20018] transplant_loss 6.2610, rec_loss 0.0518, quant_error 0.4382,
Train Epoch: [1/5] Iters:[1870/20018] transplant_loss 6.2683, rec_loss 0.0525, quant_error 0.4388,
Train Epoch: [1/5] Iters:[1880/20018] transplant_loss 6.2607, rec_loss 0.0520, quant_error 0.4384,
Train Epoch: [1/5] Iters:[1890/20018] transplant_loss 6.2421, rec_loss 0.0518, quant_error 0.4374,
Train Epoch: [1/5] Iters:[1900/20018] transplant_loss 6.2603, rec_loss 0.0513, quant_error 0.4384,
Train Epoch: [1/5] Iters:[1910/20018] transplant_loss 6.2589, rec_loss 0.0515, quant_error 0.4383,
Train Epoch: [1/5] Iters:[1920/20018] transplant_loss 6.2563, rec_loss 0.0516, quant_error 0.4378,
Train Epoch: [1/5] Iters:[1930/20018] transplant_loss 6.2629, rec_loss 0.0518, quant_error 0.4382,
Train Epoch: [1/5] Iters:[1940/20018] transplant_loss 6.2655, rec_loss 0.0519, quant_error 0.4372,
Train Epoch: [1/5] Iters:[1950/20018] transplant_loss 6.2423, rec_loss 0.0514, quant_error 0.4356,
Train Epoch: [1/5] Iters:[1960/20018] transplant_loss 6.2417, rec_loss 0.0515, quant_error 0.4353,
Train Epoch: [1/5] Iters:[1970/20018] transplant_loss 6.2656, rec_loss 0.0517, quant_error 0.4369,
Train Epoch: [1/5] Iters:[1980/20018] transplant_loss 6.2754, rec_loss 0.0518, quant_error 0.4371,
Train Epoch: [1/5] Iters:[1990/20018] transplant_loss 6.2657, rec_loss 0.0516, quant_error 0.4377,
Train Epoch: [1/5] Iters:[2000/20018] transplant_loss 6.2849, rec_loss 0.0528, quant_error 0.4395,
Train Epoch: [1/5] Iters:[2010/20018] transplant_loss 6.2768, rec_loss 0.0528, quant_error 0.4389,
Train Epoch: [1/5] Iters:[2020/20018] transplant_loss 6.2540, rec_loss 0.0521, quant_error 0.4369,
Train Epoch: [1/5] Iters:[2030/20018] transplant_loss 6.2234, rec_loss 0.0520, quant_error 0.4351,
Train Epoch: [1/5] Iters:[2040/20018] transplant_loss 6.2310, rec_loss 0.0514, quant_error 0.4351,
Train Epoch: [1/5] Iters:[2050/20018] transplant_loss 6.1898, rec_loss 0.0505, quant_error 0.4319,
Train Epoch: [1/5] Iters:[2060/20018] transplant_loss 6.1844, rec_loss 0.0498, quant_error 0.4311,
Train Epoch: [1/5] Iters:[2070/20018] transplant_loss 6.1733, rec_loss 0.0497, quant_error 0.4306,
Train Epoch: [1/5] Iters:[2080/20018] transplant_loss 6.1718, rec_loss 0.0495, quant_error 0.4307,
Train Epoch: [1/5] Iters:[2090/20018] transplant_loss 6.1482, rec_loss 0.0502, quant_error 0.4290,
Train Epoch: [1/5] Iters:[2100/20018] transplant_loss 6.1544, rec_loss 0.0508, quant_error 0.4290,
Train Epoch: [1/5] Iters:[2110/20018] transplant_loss 6.1722, rec_loss 0.0518, quant_error 0.4302,
Train Epoch: [1/5] Iters:[2120/20018] transplant_loss 6.1751, rec_loss 0.0523, quant_error 0.4304,
Train Epoch: [1/5] Iters:[2130/20018] transplant_loss 6.1714, rec_loss 0.0524, quant_error 0.4301,
Train Epoch: [1/5] Iters:[2140/20018] transplant_loss 6.2000, rec_loss 0.0528, quant_error 0.4318,
Train Epoch: [1/5] Iters:[2150/20018] transplant_loss 6.1942, rec_loss 0.0525, quant_error 0.4318,
Train Epoch: [1/5] Iters:[2160/20018] transplant_loss 6.1796, rec_loss 0.0518, quant_error 0.4310,
Train Epoch: [1/5] Iters:[2170/20018] transplant_loss 6.1923, rec_loss 0.0517, quant_error 0.4318,
Train Epoch: [1/5] Iters:[2180/20018] transplant_loss 6.2196, rec_loss 0.0517, quant_error 0.4326,
Train Epoch: [1/5] Iters:[2190/20018] transplant_loss 6.2256, rec_loss 0.0508, quant_error 0.4323,
Train Epoch: [1/5] Iters:[2200/20018] transplant_loss 6.2458, rec_loss 0.0510, quant_error 0.4329,
Train Epoch: [1/5] Iters:[2210/20018] transplant_loss 6.2537, rec_loss 0.0505, quant_error 0.4325,
Train Epoch: [1/5] Iters:[2220/20018] transplant_loss 6.2388, rec_loss 0.0503, quant_error 0.4312,
Train Epoch: [1/5] Iters:[2230/20018] transplant_loss 6.1929, rec_loss 0.0497, quant_error 0.4288,
Train Epoch: [1/5] Iters:[2240/20018] transplant_loss 6.1645, rec_loss 0.0501, quant_error 0.4271,
Train Epoch: [1/5] Iters:[2250/20018] transplant_loss 6.1426, rec_loss 0.0501, quant_error 0.4261,
Train Epoch: [1/5] Iters:[2260/20018] transplant_loss 6.1273, rec_loss 0.0509, quant_error 0.4258,
Train Epoch: [1/5] Iters:[2270/20018] transplant_loss 6.1439, rec_loss 0.0509, quant_error 0.4269,
Train Epoch: [1/5] Iters:[2280/20018] transplant_loss 6.1666, rec_loss 0.0510, quant_error 0.4286,
Train Epoch: [1/5] Iters:[2290/20018] transplant_loss 6.1519, rec_loss 0.0507, quant_error 0.4283,
Train Epoch: [1/5] Iters:[2300/20018] transplant_loss 6.1388, rec_loss 0.0501, quant_error 0.4276,
Train Epoch: [1/5] Iters:[2310/20018] transplant_loss 6.1225, rec_loss 0.0492, quant_error 0.4263,
Train Epoch: [1/5] Iters:[2320/20018] transplant_loss 6.0876, rec_loss 0.0488, quant_error 0.4240,
Train Epoch: [1/5] Iters:[2330/20018] transplant_loss 6.0755, rec_loss 0.0485, quant_error 0.4226,
Train Epoch: [1/5] Iters:[2340/20018] transplant_loss 6.0785, rec_loss 0.0484, quant_error 0.4222,
Train Epoch: [1/5] Iters:[2350/20018] transplant_loss 6.0863, rec_loss 0.0488, quant_error 0.4226,
Train Epoch: [1/5] Iters:[2360/20018] transplant_loss 6.1221, rec_loss 0.0499, quant_error 0.4248,
Train Epoch: [1/5] Iters:[2370/20018] transplant_loss 6.1287, rec_loss 0.0502, quant_error 0.4248,
Train Epoch: [1/5] Iters:[2380/20018] transplant_loss 6.1190, rec_loss 0.0502, quant_error 0.4243,
Train Epoch: [1/5] Iters:[2390/20018] transplant_loss 6.1193, rec_loss 0.0507, quant_error 0.4247,
Train Epoch: [1/5] Iters:[2400/20018] transplant_loss 6.1112, rec_loss 0.0500, quant_error 0.4235,
Train Epoch: [1/5] Iters:[2410/20018] transplant_loss 6.0824, rec_loss 0.0497, quant_error 0.4214,
Train Epoch: [1/5] Iters:[2420/20018] transplant_loss 6.1128, rec_loss 0.0498, quant_error 0.4232,
Train Epoch: [1/5] Iters:[2430/20018] transplant_loss 6.1207, rec_loss 0.0499, quant_error 0.4236,
Train Epoch: [1/5] Iters:[2440/20018] transplant_loss 6.1158, rec_loss 0.0496, quant_error 0.4229,
Train Epoch: [1/5] Iters:[2450/20018] transplant_loss 6.1295, rec_loss 0.0501, quant_error 0.4243,
Train Epoch: [1/5] Iters:[2460/20018] transplant_loss 6.1305, rec_loss 0.0503, quant_error 0.4244,
Train Epoch: [1/5] Iters:[2470/20018] transplant_loss 6.0992, rec_loss 0.0502, quant_error 0.4226,
Train Epoch: [1/5] Iters:[2480/20018] transplant_loss 6.0974, rec_loss 0.0506, quant_error 0.4223,
Train Epoch: [1/5] Iters:[2490/20018] transplant_loss 6.1065, rec_loss 0.0501, quant_error 0.4229,
Train Epoch: [1/5] Iters:[2500/20018] transplant_loss 6.1286, rec_loss 0.0502, quant_error 0.4241,
Train Epoch: [1/5] Iters:[2510/20018] transplant_loss 6.1234, rec_loss 0.0498, quant_error 0.4239,
Train Epoch: [1/5] Iters:[2520/20018] transplant_loss 6.1320, rec_loss 0.0495, quant_error 0.4248,
Train Epoch: [1/5] Iters:[2530/20018] transplant_loss 6.1303, rec_loss 0.0490, quant_error 0.4250,
Train Epoch: [1/5] Iters:[2540/20018] transplant_loss 6.1233, rec_loss 0.0495, quant_error 0.4250,
Train Epoch: [1/5] Iters:[2550/20018] transplant_loss 6.0807, rec_loss 0.0489, quant_error 0.4224,
Train Epoch: [1/5] Iters:[2560/20018] transplant_loss 6.0883, rec_loss 0.0487, quant_error 0.4223,
Train Epoch: [1/5] Iters:[2570/20018] transplant_loss 6.0771, rec_loss 0.0489, quant_error 0.4211,
Train Epoch: [1/5] Iters:[2580/20018] transplant_loss 6.0601, rec_loss 0.0486, quant_error 0.4197,
Train Epoch: [1/5] Iters:[2590/20018] transplant_loss 6.0692, rec_loss 0.0490, quant_error 0.4200,
Train Epoch: [1/5] Iters:[2600/20018] transplant_loss 6.0900, rec_loss 0.0493, quant_error 0.4210,
Train Epoch: [1/5] Iters:[2610/20018] transplant_loss 6.0766, rec_loss 0.0492, quant_error 0.4206,
Train Epoch: [1/5] Iters:[2620/20018] transplant_loss 6.0710, rec_loss 0.0488, quant_error 0.4205,
Train Epoch: [1/5] Iters:[2630/20018] transplant_loss 6.1015, rec_loss 0.0491, quant_error 0.4228,
Train Epoch: [1/5] Iters:[2640/20018] transplant_loss 6.1029, rec_loss 0.0486, quant_error 0.4230,
Train Epoch: [1/5] Iters:[2650/20018] transplant_loss 6.1098, rec_loss 0.0490, quant_error 0.4237,
Train Epoch: [1/5] Iters:[2660/20018] transplant_loss 6.1152, rec_loss 0.0493, quant_error 0.4241,
Train Epoch: [1/5] Iters:[2670/20018] transplant_loss 6.1037, rec_loss 0.0497, quant_error 0.4230,
Train Epoch: [1/5] Iters:[2680/20018] transplant_loss 6.0831, rec_loss 0.0496, quant_error 0.4215,
Train Epoch: [1/5] Iters:[2690/20018] transplant_loss 6.1005, rec_loss 0.0496, quant_error 0.4223,
Train Epoch: [1/5] Iters:[2700/20018] transplant_loss 6.0591, rec_loss 0.0489, quant_error 0.4192,
Train Epoch: [1/5] Iters:[2710/20018] transplant_loss 6.0530, rec_loss 0.0488, quant_error 0.4184,
Train Epoch: [1/5] Iters:[2720/20018] transplant_loss 6.0544, rec_loss 0.0486, quant_error 0.4184,
Train Epoch: [1/5] Iters:[2730/20018] transplant_loss 6.0591, rec_loss 0.0486, quant_error 0.4185,
Train Epoch: [1/5] Iters:[2740/20018] transplant_loss 6.0388, rec_loss 0.0486, quant_error 0.4170,
Train Epoch: [1/5] Iters:[2750/20018] transplant_loss 6.0549, rec_loss 0.0494, quant_error 0.4184,
Train Epoch: [1/5] Iters:[2760/20018] transplant_loss 6.0489, rec_loss 0.0494, quant_error 0.4179,
Train Epoch: [1/5] Iters:[2770/20018] transplant_loss 6.0496, rec_loss 0.0492, quant_error 0.4179,
Train Epoch: [1/5] Iters:[2780/20018] transplant_loss 6.0590, rec_loss 0.0492, quant_error 0.4184,
Train Epoch: [1/5] Iters:[2790/20018] transplant_loss 6.0531, rec_loss 0.0488, quant_error 0.4176,
Train Epoch: [1/5] Iters:[2800/20018] transplant_loss 6.0723, rec_loss 0.0486, quant_error 0.4183,
Train Epoch: [1/5] Iters:[2810/20018] transplant_loss 6.0704, rec_loss 0.0489, quant_error 0.4187,
Train Epoch: [1/5] Iters:[2820/20018] transplant_loss 6.0797, rec_loss 0.0497, quant_error 0.4195,
Train Epoch: [1/5] Iters:[2830/20018] transplant_loss 6.0590, rec_loss 0.0498, quant_error 0.4182,
Train Epoch: [1/5] Iters:[2840/20018] transplant_loss 6.0648, rec_loss 0.0510, quant_error 0.4191,
Train Epoch: [1/5] Iters:[2850/20018] transplant_loss 6.0661, rec_loss 0.0506, quant_error 0.4193,
Train Epoch: [1/5] Iters:[2860/20018] transplant_loss 6.0681, rec_loss 0.0506, quant_error 0.4191,
Train Epoch: [1/5] Iters:[2870/20018] transplant_loss 6.0793, rec_loss 0.0504, quant_error 0.4195,
Train Epoch: [1/5] Iters:[2880/20018] transplant_loss 6.0776, rec_loss 0.0505, quant_error 0.4195,
Train Epoch: [1/5] Iters:[2890/20018] transplant_loss 6.0833, rec_loss 0.0499, quant_error 0.4192,
Train Epoch: [1/5] Iters:[2900/20018] transplant_loss 6.0696, rec_loss 0.0502, quant_error 0.4180,
Train Epoch: [1/5] Iters:[2910/20018] transplant_loss 6.0871, rec_loss 0.0499, quant_error 0.4186,
Train Epoch: [1/5] Iters:[2920/20018] transplant_loss 6.0691, rec_loss 0.0500, quant_error 0.4179,
Train Epoch: [1/5] Iters:[2930/20018] transplant_loss 6.0802, rec_loss 0.0504, quant_error 0.4184,
Train Epoch: [1/5] Iters:[2940/20018] transplant_loss 6.0445, rec_loss 0.0497, quant_error 0.4167,
Train Epoch: [1/5] Iters:[2950/20018] transplant_loss 6.0329, rec_loss 0.0500, quant_error 0.4167,
Train Epoch: [1/5] Iters:[2960/20018] transplant_loss 6.0243, rec_loss 0.0503, quant_error 0.4165,
Train Epoch: [1/5] Iters:[2970/20018] transplant_loss 6.0024, rec_loss 0.0497, quant_error 0.4150,
Train Epoch: [1/5] Iters:[2980/20018] transplant_loss 5.9976, rec_loss 0.0496, quant_error 0.4148,
Train Epoch: [1/5] Iters:[2990/20018] transplant_loss 6.0183, rec_loss 0.0503, quant_error 0.4160,
Train Epoch: [1/5] Iters:[3000/20018] transplant_loss 6.0426, rec_loss 0.0506, quant_error 0.4176,
Train Epoch: [1/5] Iters:[3010/20018] transplant_loss 6.0433, rec_loss 0.0507, quant_error 0.4174,
Train Epoch: [1/5] Iters:[3020/20018] transplant_loss 6.0735, rec_loss 0.0511, quant_error 0.4196,
Train Epoch: [1/5] Iters:[3030/20018] transplant_loss 6.0614, rec_loss 0.0509, quant_error 0.4190,
Train Epoch: [1/5] Iters:[3040/20018] transplant_loss 6.0448, rec_loss 0.0509, quant_error 0.4177,
Train Epoch: [1/5] Iters:[3050/20018] transplant_loss 6.0386, rec_loss 0.0510, quant_error 0.4174,
Train Epoch: [1/5] Iters:[3060/20018] transplant_loss 6.0162, rec_loss 0.0506, quant_error 0.4159,
Train Epoch: [1/5] Iters:[3070/20018] transplant_loss 6.0114, rec_loss 0.0505, quant_error 0.4151,
Train Epoch: [1/5] Iters:[3080/20018] transplant_loss 6.0103, rec_loss 0.0498, quant_error 0.4147,
Train Epoch: [1/5] Iters:[3090/20018] transplant_loss 6.0255, rec_loss 0.0499, quant_error 0.4158,
Train Epoch: [1/5] Iters:[3100/20018] transplant_loss 6.0031, rec_loss 0.0490, quant_error 0.4135,
Train Epoch: [1/5] Iters:[3110/20018] transplant_loss 6.0228, rec_loss 0.0494, quant_error 0.4148,
Train Epoch: [1/5] Iters:[3120/20018] transplant_loss 6.0284, rec_loss 0.0488, quant_error 0.4152,
Train Epoch: [1/5] Iters:[3130/20018] transplant_loss 6.0190, rec_loss 0.0489, quant_error 0.4146,
Train Epoch: [1/5] Iters:[3140/20018] transplant_loss 6.0185, rec_loss 0.0491, quant_error 0.4147,
Train Epoch: [1/5] Iters:[3150/20018] transplant_loss 6.0269, rec_loss 0.0495, quant_error 0.4160,
Train Epoch: [1/5] Iters:[3160/20018] transplant_loss 6.0028, rec_loss 0.0491, quant_error 0.4146,
Train Epoch: [1/5] Iters:[3170/20018] transplant_loss 5.9978, rec_loss 0.0500, quant_error 0.4145,
Train Epoch: [1/5] Iters:[3180/20018] transplant_loss 5.9951, rec_loss 0.0501, quant_error 0.4139,
Train Epoch: [1/5] Iters:[3190/20018] transplant_loss 5.9913, rec_loss 0.0503, quant_error 0.4135,
Train Epoch: [1/5] Iters:[3200/20018] transplant_loss 6.0104, rec_loss 0.0500, quant_error 0.4142,
Train Epoch: [1/5] Iters:[3210/20018] transplant_loss 6.0255, rec_loss 0.0502, quant_error 0.4155,
Train Epoch: [1/5] Iters:[3220/20018] transplant_loss 6.0138, rec_loss 0.0499, quant_error 0.4143,
Train Epoch: [1/5] Iters:[3230/20018] transplant_loss 6.0084, rec_loss 0.0499, quant_error 0.4142,
Train Epoch: [1/5] Iters:[3240/20018] transplant_loss 6.0028, rec_loss 0.0493, quant_error 0.4138,
Train Epoch: [1/5] Iters:[3250/20018] transplant_loss 5.9629, rec_loss 0.0492, quant_error 0.4109,
Train Epoch: [1/5] Iters:[3260/20018] transplant_loss 5.9634, rec_loss 0.0493, quant_error 0.4104,
Train Epoch: [1/5] Iters:[3270/20018] transplant_loss 5.9642, rec_loss 0.0490, quant_error 0.4108,
Train Epoch: [1/5] Iters:[3280/20018] transplant_loss 5.9798, rec_loss 0.0493, quant_error 0.4112,
Train Epoch: [1/5] Iters:[3290/20018] transplant_loss 5.9798, rec_loss 0.0487, quant_error 0.4113,
Train Epoch: [1/5] Iters:[3300/20018] transplant_loss 5.9876, rec_loss 0.0487, quant_error 0.4123,
Train Epoch: [1/5] Iters:[3310/20018] transplant_loss 5.9754, rec_loss 0.0483, quant_error 0.4116,
Train Epoch: [1/5] Iters:[3320/20018] transplant_loss 5.9474, rec_loss 0.0479, quant_error 0.4095,
Train Epoch: [1/5] Iters:[3330/20018] transplant_loss 5.9775, rec_loss 0.0479, quant_error 0.4117,
Train Epoch: [1/5] Iters:[3340/20018] transplant_loss 5.9988, rec_loss 0.0485, quant_error 0.4126,
Train Epoch: [1/5] Iters:[3350/20018] transplant_loss 6.0026, rec_loss 0.0490, quant_error 0.4129,
Train Epoch: [1/5] Iters:[3360/20018] transplant_loss 5.9889, rec_loss 0.0486, quant_error 0.4117,
Train Epoch: [1/5] Iters:[3370/20018] transplant_loss 6.0157, rec_loss 0.0496, quant_error 0.4137,
Train Epoch: [1/5] Iters:[3380/20018] transplant_loss 6.0011, rec_loss 0.0497, quant_error 0.4136,
Train Epoch: [1/5] Iters:[3390/20018] transplant_loss 5.9775, rec_loss 0.0497, quant_error 0.4124,
Train Epoch: [1/5] Iters:[3400/20018] transplant_loss 5.9725, rec_loss 0.0493, quant_error 0.4121,
Train Epoch: [1/5] Iters:[3410/20018] transplant_loss 5.9998, rec_loss 0.0501, quant_error 0.4146,
Train Epoch: [1/5] Iters:[3420/20018] transplant_loss 6.0004, rec_loss 0.0499, quant_error 0.4148,
Train Epoch: [1/5] Iters:[3430/20018] transplant_loss 5.9883, rec_loss 0.0503, quant_error 0.4137,
Train Epoch: [1/5] Iters:[3440/20018] transplant_loss 5.9954, rec_loss 0.0501, quant_error 0.4139,
Train Epoch: [1/5] Iters:[3450/20018] transplant_loss 5.9956, rec_loss 0.0502, quant_error 0.4137,
Train Epoch: [1/5] Iters:[3460/20018] transplant_loss 5.9953, rec_loss 0.0496, quant_error 0.4133,
Train Epoch: [1/5] Iters:[3470/20018] transplant_loss 5.9989, rec_loss 0.0500, quant_error 0.4136,
Train Epoch: [1/5] Iters:[3480/20018] transplant_loss 5.9915, rec_loss 0.0493, quant_error 0.4129,
Train Epoch: [1/5] Iters:[3490/20018] transplant_loss 5.9691, rec_loss 0.0494, quant_error 0.4119,
Train Epoch: [1/5] Iters:[3500/20018] transplant_loss 5.9772, rec_loss 0.0490, quant_error 0.4123,
Train Epoch: [1/5] Iters:[3510/20018] transplant_loss 5.9650, rec_loss 0.0494, quant_error 0.4114,
Train Epoch: [1/5] Iters:[3520/20018] transplant_loss 5.9503, rec_loss 0.0487, quant_error 0.4103,
Train Epoch: [1/5] Iters:[3530/20018] transplant_loss 5.9560, rec_loss 0.0489, quant_error 0.4109,
Train Epoch: [1/5] Iters:[3540/20018] transplant_loss 5.9662, rec_loss 0.0489, quant_error 0.4114,
Train Epoch: [1/5] Iters:[3550/20018] transplant_loss 5.9476, rec_loss 0.0494, quant_error 0.4104,
Train Epoch: [1/5] Iters:[3560/20018] transplant_loss 5.9433, rec_loss 0.0494, quant_error 0.4101,
Train Epoch: [1/5] Iters:[3570/20018] transplant_loss 5.9379, rec_loss 0.0497, quant_error 0.4095,
Train Epoch: [1/5] Iters:[3580/20018] transplant_loss 5.9221, rec_loss 0.0500, quant_error 0.4081,
Train Epoch: [1/5] Iters:[3590/20018] transplant_loss 5.9141, rec_loss 0.0504, quant_error 0.4076,
Train Epoch: [1/5] Iters:[3600/20018] transplant_loss 5.9319, rec_loss 0.0501, quant_error 0.4082,
Train Epoch: [1/5] Iters:[3610/20018] transplant_loss 5.9306, rec_loss 0.0503, quant_error 0.4083,
Train Epoch: [1/5] Iters:[3620/20018] transplant_loss 5.9305, rec_loss 0.0497, quant_error 0.4084,
Train Epoch: [1/5] Iters:[3630/20018] transplant_loss 5.9249, rec_loss 0.0493, quant_error 0.4083,
Train Epoch: [1/5] Iters:[3640/20018] transplant_loss 5.9402, rec_loss 0.0490, quant_error 0.4088,
Train Epoch: [1/5] Iters:[3650/20018] transplant_loss 5.9004, rec_loss 0.0491, quant_error 0.4066,
Train Epoch: [1/5] Iters:[3660/20018] transplant_loss 5.8873, rec_loss 0.0490, quant_error 0.4055,
Train Epoch: [1/5] Iters:[3670/20018] transplant_loss 5.8874, rec_loss 0.0495, quant_error 0.4053,
Train Epoch: [1/5] Iters:[3680/20018] transplant_loss 5.8949, rec_loss 0.0496, quant_error 0.4053,
Train Epoch: [1/5] Iters:[3690/20018] transplant_loss 5.9138, rec_loss 0.0497, quant_error 0.4065,
Train Epoch: [1/5] Iters:[3700/20018] transplant_loss 5.9443, rec_loss 0.0496, quant_error 0.4080,
Train Epoch: [1/5] Iters:[3710/20018] transplant_loss 5.9640, rec_loss 0.0491, quant_error 0.4088,
Train Epoch: [1/5] Iters:[3720/20018] transplant_loss 5.9746, rec_loss 0.0492, quant_error 0.4098,
Train Epoch: [1/5] Iters:[3730/20018] transplant_loss 5.9632, rec_loss 0.0486, quant_error 0.4092,
Train Epoch: [1/5] Iters:[3740/20018] transplant_loss 5.9441, rec_loss 0.0478, quant_error 0.4082,
Train Epoch: [1/5] Iters:[3750/20018] transplant_loss 5.9346, rec_loss 0.0478, quant_error 0.4082,
Train Epoch: [1/5] Iters:[3760/20018] transplant_loss 5.9166, rec_loss 0.0479, quant_error 0.4078,
Train Epoch: [1/5] Iters:[3770/20018] transplant_loss 5.9122, rec_loss 0.0474, quant_error 0.4076,
Train Epoch: [1/5] Iters:[3780/20018] transplant_loss 5.9281, rec_loss 0.0483, quant_error 0.4084,
Train Epoch: [1/5] Iters:[3790/20018] transplant_loss 5.9242, rec_loss 0.0489, quant_error 0.4085,
Train Epoch: [1/5] Iters:[3800/20018] transplant_loss 5.9386, rec_loss 0.0490, quant_error 0.4094,
Train Epoch: [1/5] Iters:[3810/20018] transplant_loss 5.9405, rec_loss 0.0497, quant_error 0.4088,
Train Epoch: [1/5] Iters:[3820/20018] transplant_loss 5.9518, rec_loss 0.0502, quant_error 0.4090,
Train Epoch: [1/5] Iters:[3830/20018] transplant_loss 5.9592, rec_loss 0.0495, quant_error 0.4098,
Train Epoch: [1/5] Iters:[3840/20018] transplant_loss 5.9510, rec_loss 0.0495, quant_error 0.4091,
Train Epoch: [1/5] Iters:[3850/20018] transplant_loss 5.9463, rec_loss 0.0492, quant_error 0.4089,
Train Epoch: [1/5] Iters:[3860/20018] transplant_loss 5.9246, rec_loss 0.0482, quant_error 0.4073,
Train Epoch: [1/5] Iters:[3870/20018] transplant_loss 5.9105, rec_loss 0.0482, quant_error 0.4065,
Train Epoch: [1/5] Iters:[3880/20018] transplant_loss 5.8985, rec_loss 0.0486, quant_error 0.4055,
Train Epoch: [1/5] Iters:[3890/20018] transplant_loss 5.8998, rec_loss 0.0486, quant_error 0.4055,
Train Epoch: [1/5] Iters:[3900/20018] transplant_loss 5.8852, rec_loss 0.0489, quant_error 0.4046,
Train Epoch: [1/5] Iters:[3910/20018] transplant_loss 5.9218, rec_loss 0.0496, quant_error 0.4073,
Train Epoch: [1/5] Iters:[3920/20018] transplant_loss 5.9315, rec_loss 0.0495, quant_error 0.4083,
Train Epoch: [1/5] Iters:[3930/20018] transplant_loss 5.9345, rec_loss 0.0495, quant_error 0.4084,
Train Epoch: [1/5] Iters:[3940/20018] transplant_loss 5.9279, rec_loss 0.0491, quant_error 0.4078,
Train Epoch: [1/5] Iters:[3950/20018] transplant_loss 5.9462, rec_loss 0.0494, quant_error 0.4089,
Train Epoch: [1/5] Iters:[3960/20018] transplant_loss 5.9308, rec_loss 0.0490, quant_error 0.4076,
Train Epoch: [1/5] Iters:[3970/20018] transplant_loss 5.9074, rec_loss 0.0487, quant_error 0.4059,
Train Epoch: [1/5] Iters:[3980/20018] transplant_loss 5.9089, rec_loss 0.0485, quant_error 0.4059,
Train Epoch: [1/5] Iters:[3990/20018] transplant_loss 5.9078, rec_loss 0.0489, quant_error 0.4055,
Train Epoch: [1/5] Iters:[4000/20018] transplant_loss 5.8940, rec_loss 0.0485, quant_error 0.4044,
Train Epoch: [1/5] Iters:[4010/20018] transplant_loss 5.8957, rec_loss 0.0483, quant_error 0.4046,
Train Epoch: [1/5] Iters:[4020/20018] transplant_loss 5.9026, rec_loss 0.0486, quant_error 0.4052,
Train Epoch: [1/5] Iters:[4030/20018] transplant_loss 5.9015, rec_loss 0.0491, quant_error 0.4055,
Train Epoch: [1/5] Iters:[4040/20018] transplant_loss 5.9176, rec_loss 0.0486, quant_error 0.4069,
Train Epoch: [1/5] Iters:[4050/20018] transplant_loss 5.9302, rec_loss 0.0489, quant_error 0.4081,
Train Epoch: [1/5] Iters:[4060/20018] transplant_loss 5.9292, rec_loss 0.0490, quant_error 0.4086,
Train Epoch: [1/5] Iters:[4070/20018] transplant_loss 5.9097, rec_loss 0.0486, quant_error 0.4070,
Train Epoch: [1/5] Iters:[4080/20018] transplant_loss 5.9115, rec_loss 0.0482, quant_error 0.4070,
Train Epoch: [1/5] Iters:[4090/20018] transplant_loss 5.9108, rec_loss 0.0482, quant_error 0.4067,
Train Epoch: [1/5] Iters:[4100/20018] transplant_loss 5.8906, rec_loss 0.0486, quant_error 0.4048,
Train Epoch: [1/5] Iters:[4110/20018] transplant_loss 5.8880, rec_loss 0.0488, quant_error 0.4043,
Train Epoch: [1/5] Iters:[4120/20018] transplant_loss 5.9129, rec_loss 0.0486, quant_error 0.4059,
Train Epoch: [1/5] Iters:[4130/20018] transplant_loss 5.9094, rec_loss 0.0482, quant_error 0.4056,
Train Epoch: [1/5] Iters:[4140/20018] transplant_loss 5.8964, rec_loss 0.0482, quant_error 0.4045,
Train Epoch: [1/5] Iters:[4150/20018] transplant_loss 5.9149, rec_loss 0.0474, quant_error 0.4062,
Train Epoch: [1/5] Iters:[4160/20018] transplant_loss 5.9272, rec_loss 0.0479, quant_error 0.4069,
Train Epoch: [1/5] Iters:[4170/20018] transplant_loss 5.9181, rec_loss 0.0480, quant_error 0.4064,
Train Epoch: [1/5] Iters:[4180/20018] transplant_loss 5.9237, rec_loss 0.0482, quant_error 0.4068,
Train Epoch: [1/5] Iters:[4190/20018] transplant_loss 5.9281, rec_loss 0.0486, quant_error 0.4072,
Train Epoch: [1/5] Iters:[4200/20018] transplant_loss 5.9430, rec_loss 0.0490, quant_error 0.4077,
Train Epoch: [1/5] Iters:[4210/20018] transplant_loss 5.9520, rec_loss 0.0483, quant_error 0.4082,
Train Epoch: [1/5] Iters:[4220/20018] transplant_loss 5.9570, rec_loss 0.0481, quant_error 0.4085,
Train Epoch: [1/5] Iters:[4230/20018] transplant_loss 5.9583, rec_loss 0.0484, quant_error 0.4082,
Train Epoch: [1/5] Iters:[4240/20018] transplant_loss 5.9592, rec_loss 0.0485, quant_error 0.4089,
Train Epoch: [1/5] Iters:[4250/20018] transplant_loss 5.9361, rec_loss 0.0487, quant_error 0.4076,
Train Epoch: [1/5] Iters:[4260/20018] transplant_loss 5.9034, rec_loss 0.0489, quant_error 0.4054,
Train Epoch: [1/5] Iters:[4270/20018] transplant_loss 5.9000, rec_loss 0.0497, quant_error 0.4050,
Train Epoch: [1/5] Iters:[4280/20018] transplant_loss 5.8808, rec_loss 0.0496, quant_error 0.4038,
Train Epoch: [1/5] Iters:[4290/20018] transplant_loss 5.8666, rec_loss 0.0493, quant_error 0.4026,
Train Epoch: [1/5] Iters:[4300/20018] transplant_loss 5.8621, rec_loss 0.0485, quant_error 0.4020,
Train Epoch: [1/5] Iters:[4310/20018] transplant_loss 5.8767, rec_loss 0.0488, quant_error 0.4032,
Train Epoch: [1/5] Iters:[4320/20018] transplant_loss 5.8831, rec_loss 0.0488, quant_error 0.4039,
Train Epoch: [1/5] Iters:[4330/20018] transplant_loss 5.8791, rec_loss 0.0484, quant_error 0.4034,
Train Epoch: [1/5] Iters:[4340/20018] transplant_loss 5.9011, rec_loss 0.0483, quant_error 0.4046,
Train Epoch: [1/5] Iters:[4350/20018] transplant_loss 5.9161, rec_loss 0.0486, quant_error 0.4057,
Train Epoch: [1/5] Iters:[4360/20018] transplant_loss 5.9282, rec_loss 0.0486, quant_error 0.4060,
Train Epoch: [1/5] Iters:[4370/20018] transplant_loss 5.9076, rec_loss 0.0483, quant_error 0.4045,
Train Epoch: [1/5] Iters:[4380/20018] transplant_loss 5.9240, rec_loss 0.0482, quant_error 0.4052,
Train Epoch: [1/5] Iters:[4390/20018] transplant_loss 5.9065, rec_loss 0.0486, quant_error 0.4046,
Train Epoch: [1/5] Iters:[4400/20018] transplant_loss 5.8791, rec_loss 0.0484, quant_error 0.4031,
Train Epoch: [1/5] Iters:[4410/20018] transplant_loss 5.8565, rec_loss 0.0479, quant_error 0.4022,
Train Epoch: [1/5] Iters:[4420/20018] transplant_loss 5.8630, rec_loss 0.0475, quant_error 0.4028,
Train Epoch: [1/5] Iters:[4430/20018] transplant_loss 5.8627, rec_loss 0.0479, quant_error 0.4034,
Train Epoch: [1/5] Iters:[4440/20018] transplant_loss 5.8650, rec_loss 0.0474, quant_error 0.4029,
Train Epoch: [1/5] Iters:[4450/20018] transplant_loss 5.8625, rec_loss 0.0476, quant_error 0.4024,
Train Epoch: [1/5] Iters:[4460/20018] transplant_loss 5.8715, rec_loss 0.0477, quant_error 0.4030,
Train Epoch: [1/5] Iters:[4470/20018] transplant_loss 5.8662, rec_loss 0.0475, quant_error 0.4025,
Train Epoch: [1/5] Iters:[4480/20018] transplant_loss 5.8453, rec_loss 0.0474, quant_error 0.4013,
Train Epoch: [1/5] Iters:[4490/20018] transplant_loss 5.8219, rec_loss 0.0474, quant_error 0.4001,
Train Epoch: [1/5] Iters:[4500/20018] transplant_loss 5.8406, rec_loss 0.0474, quant_error 0.4014,
Train Epoch: [1/5] Iters:[4510/20018] transplant_loss 5.8260, rec_loss 0.0474, quant_error 0.3999,
Train Epoch: [1/5] Iters:[4520/20018] transplant_loss 5.8524, rec_loss 0.0474, quant_error 0.4017,
Train Epoch: [1/5] Iters:[4530/20018] transplant_loss 5.8618, rec_loss 0.0472, quant_error 0.4024,
Train Epoch: [1/5] Iters:[4540/20018] transplant_loss 5.8908, rec_loss 0.0473, quant_error 0.4041,
Train Epoch: [1/5] Iters:[4550/20018] transplant_loss 5.8801, rec_loss 0.0474, quant_error 0.4035,
Train Epoch: [1/5] Iters:[4560/20018] transplant_loss 5.8936, rec_loss 0.0479, quant_error 0.4048,
Train Epoch: [1/5] Iters:[4570/20018] transplant_loss 5.8935, rec_loss 0.0483, quant_error 0.4048,
Train Epoch: [1/5] Iters:[4580/20018] transplant_loss 5.8946, rec_loss 0.0484, quant_error 0.4043,
Train Epoch: [1/5] Iters:[4590/20018] transplant_loss 5.8905, rec_loss 0.0487, quant_error 0.4040,
Train Epoch: [1/5] Iters:[4600/20018] transplant_loss 5.8887, rec_loss 0.0482, quant_error 0.4037,
Train Epoch: [1/5] Iters:[4610/20018] transplant_loss 5.8727, rec_loss 0.0481, quant_error 0.4026,
Train Epoch: [1/5] Iters:[4620/20018] transplant_loss 5.8511, rec_loss 0.0480, quant_error 0.4013,
Train Epoch: [1/5] Iters:[4630/20018] transplant_loss 5.8629, rec_loss 0.0482, quant_error 0.4025,
Train Epoch: [1/5] Iters:[4640/20018] transplant_loss 5.8568, rec_loss 0.0476, quant_error 0.4022,
Train Epoch: [1/5] Iters:[4650/20018] transplant_loss 5.8523, rec_loss 0.0474, quant_error 0.4018,
Train Epoch: [1/5] Iters:[4660/20018] transplant_loss 5.8704, rec_loss 0.0472, quant_error 0.4027,
Train Epoch: [1/5] Iters:[4670/20018] transplant_loss 5.8728, rec_loss 0.0472, quant_error 0.4031,
Train Epoch: [1/5] Iters:[4680/20018] transplant_loss 5.8391, rec_loss 0.0469, quant_error 0.4011,
Train Epoch: [1/5] Iters:[4690/20018] transplant_loss 5.8320, rec_loss 0.0471, quant_error 0.4010,
Train Epoch: [1/5] Iters:[4700/20018] transplant_loss 5.8303, rec_loss 0.0469, quant_error 0.4010,
Train Epoch: [1/5] Iters:[4710/20018] transplant_loss 5.8217, rec_loss 0.0469, quant_error 0.4003,
Train Epoch: [1/5] Iters:[4720/20018] transplant_loss 5.8359, rec_loss 0.0470, quant_error 0.4008,
Train Epoch: [1/5] Iters:[4730/20018] transplant_loss 5.8543, rec_loss 0.0474, quant_error 0.4013,
Train Epoch: [1/5] Iters:[4740/20018] transplant_loss 5.8776, rec_loss 0.0476, quant_error 0.4022,
Train Epoch: [1/5] Iters:[4750/20018] transplant_loss 5.8854, rec_loss 0.0486, quant_error 0.4028,
Train Epoch: [1/5] Iters:[4760/20018] transplant_loss 5.8855, rec_loss 0.0483, quant_error 0.4033,
Train Epoch: [1/5] Iters:[4770/20018] transplant_loss 5.8637, rec_loss 0.0477, quant_error 0.4019,
Train Epoch: [1/5] Iters:[4780/20018] transplant_loss 5.8531, rec_loss 0.0476, quant_error 0.4017,
Train Epoch: [1/5] Iters:[4790/20018] transplant_loss 5.8415, rec_loss 0.0475, quant_error 0.4013,
Train Epoch: [1/5] Iters:[4800/20018] transplant_loss 5.8384, rec_loss 0.0468, quant_error 0.4009,
Train Epoch: [1/5] Iters:[4810/20018] transplant_loss 5.8395, rec_loss 0.0471, quant_error 0.4006,
Train Epoch: [1/5] Iters:[4820/20018] transplant_loss 5.8516, rec_loss 0.0477, quant_error 0.4016,
Train Epoch: [1/5] Iters:[4830/20018] transplant_loss 5.8533, rec_loss 0.0475, quant_error 0.4019,
Train Epoch: [1/5] Iters:[4840/20018] transplant_loss 5.8498, rec_loss 0.0478, quant_error 0.4018,
Train Epoch: [1/5] Iters:[4850/20018] transplant_loss 5.8538, rec_loss 0.0488, quant_error 0.4024,
Train Epoch: [1/5] Iters:[4860/20018] transplant_loss 5.8587, rec_loss 0.0487, quant_error 0.4027,
Train Epoch: [1/5] Iters:[4870/20018] transplant_loss 5.8460, rec_loss 0.0485, quant_error 0.4013,
Train Epoch: [1/5] Iters:[4880/20018] transplant_loss 5.8619, rec_loss 0.0488, quant_error 0.4020,
Train Epoch: [1/5] Iters:[4890/20018] transplant_loss 5.8679, rec_loss 0.0488, quant_error 0.4017,
Train Epoch: [1/5] Iters:[4900/20018] transplant_loss 5.8831, rec_loss 0.0479, quant_error 0.4026,
Train Epoch: [1/5] Iters:[4910/20018] transplant_loss 5.8741, rec_loss 0.0479, quant_error 0.4019,
Train Epoch: [1/5] Iters:[4920/20018] transplant_loss 5.8751, rec_loss 0.0478, quant_error 0.4024,
Train Epoch: [1/5] Iters:[4930/20018] transplant_loss 5.8611, rec_loss 0.0479, quant_error 0.4018,
Train Epoch: [1/5] Iters:[4940/20018] transplant_loss 5.8517, rec_loss 0.0479, quant_error 0.4019,
Train Epoch: [1/5] Iters:[4950/20018] transplant_loss 5.8292, rec_loss 0.0481, quant_error 0.4006,
Train Epoch: [1/5] Iters:[4960/20018] transplant_loss 5.8473, rec_loss 0.0483, quant_error 0.4019,
Train Epoch: [1/5] Iters:[4970/20018] transplant_loss 5.8544, rec_loss 0.0479, quant_error 0.4024,
Train Epoch: [1/5] Iters:[4980/20018] transplant_loss 5.8703, rec_loss 0.0478, quant_error 0.4029,
Train Epoch: [1/5] Iters:[4990/20018] transplant_loss 5.8693, rec_loss 0.0477, quant_error 0.4025,
Train Epoch: [1/5] Iters:[5000/20018] transplant_loss 5.8835, rec_loss 0.0478, quant_error 0.4032,
Train Epoch: [1/5] Iters:[5010/20018] transplant_loss 5.8660, rec_loss 0.0479, quant_error 0.4022,
Train Epoch: [1/5] Iters:[5020/20018] transplant_loss 5.8548, rec_loss 0.0480, quant_error 0.4013,
Train Epoch: [1/5] Iters:[5030/20018] transplant_loss 5.8351, rec_loss 0.0475, quant_error 0.4005,
Train Epoch: [1/5] Iters:[5040/20018] transplant_loss 5.8331, rec_loss 0.0477, quant_error 0.4001,
Train Epoch: [1/5] Iters:[5050/20018] transplant_loss 5.8297, rec_loss 0.0472, quant_error 0.3997,
Train Epoch: [1/5] Iters:[5060/20018] transplant_loss 5.8419, rec_loss 0.0473, quant_error 0.4001,
Train Epoch: [1/5] Iters:[5070/20018] transplant_loss 5.8549, rec_loss 0.0479, quant_error 0.4012,
Train Epoch: [1/5] Iters:[5080/20018] transplant_loss 5.8628, rec_loss 0.0481, quant_error 0.4018,
Train Epoch: [1/5] Iters:[5090/20018] transplant_loss 5.8727, rec_loss 0.0480, quant_error 0.4030,
Train Epoch: [1/5] Iters:[5100/20018] transplant_loss 5.8573, rec_loss 0.0485, quant_error 0.4024,
Train Epoch: [1/5] Iters:[5110/20018] transplant_loss 5.8319, rec_loss 0.0482, quant_error 0.4010,
Train Epoch: [1/5] Iters:[5120/20018] transplant_loss 5.8176, rec_loss 0.0484, quant_error 0.3999,
Train Epoch: [1/5] Iters:[5130/20018] transplant_loss 5.8217, rec_loss 0.0483, quant_error 0.3997,
Train Epoch: [1/5] Iters:[5140/20018] transplant_loss 5.8135, rec_loss 0.0482, quant_error 0.3987,
Train Epoch: [1/5] Iters:[5150/20018] transplant_loss 5.8228, rec_loss 0.0479, quant_error 0.3992,
Train Epoch: [1/5] Iters:[5160/20018] transplant_loss 5.8393, rec_loss 0.0480, quant_error 0.4003,
Train Epoch: [1/5] Iters:[5170/20018] transplant_loss 5.8458, rec_loss 0.0475, quant_error 0.4009,
Train Epoch: [1/5] Iters:[5180/20018] transplant_loss 5.8590, rec_loss 0.0479, quant_error 0.4016,
Train Epoch: [1/5] Iters:[5190/20018] transplant_loss 5.8516, rec_loss 0.0476, quant_error 0.4014,
Train Epoch: [1/5] Iters:[5200/20018] transplant_loss 5.8382, rec_loss 0.0476, quant_error 0.4007,
Train Epoch: [1/5] Iters:[5210/20018] transplant_loss 5.8360, rec_loss 0.0472, quant_error 0.4003,
Train Epoch: [1/5] Iters:[5220/20018] transplant_loss 5.8290, rec_loss 0.0472, quant_error 0.3998,
Train Epoch: [1/5] Iters:[5230/20018] transplant_loss 5.8102, rec_loss 0.0469, quant_error 0.3987,
Train Epoch: [1/5] Iters:[5240/20018] transplant_loss 5.8092, rec_loss 0.0465, quant_error 0.3982,
Train Epoch: [1/5] Iters:[5250/20018] transplant_loss 5.8182, rec_loss 0.0469, quant_error 0.3987,
Train Epoch: [1/5] Iters:[5260/20018] transplant_loss 5.8256, rec_loss 0.0474, quant_error 0.3994,
Train Epoch: [1/5] Iters:[5270/20018] transplant_loss 5.8308, rec_loss 0.0476, quant_error 0.3995,
Train Epoch: [1/5] Iters:[5280/20018] transplant_loss 5.8276, rec_loss 0.0473, quant_error 0.3992,
Train Epoch: [1/5] Iters:[5290/20018] transplant_loss 5.8428, rec_loss 0.0478, quant_error 0.4005,
Train Epoch: [1/5] Iters:[5300/20018] transplant_loss 5.8378, rec_loss 0.0477, quant_error 0.3998,
Train Epoch: [1/5] Iters:[5310/20018] transplant_loss 5.8326, rec_loss 0.0472, quant_error 0.3995,
Train Epoch: [1/5] Iters:[5320/20018] transplant_loss 5.8484, rec_loss 0.0470, quant_error 0.4005,
Train Epoch: [1/5] Iters:[5330/20018] transplant_loss 5.8478, rec_loss 0.0473, quant_error 0.4008,
Train Epoch: [1/5] Iters:[5340/20018] transplant_loss 5.8362, rec_loss 0.0476, quant_error 0.3995,
Train Epoch: [1/5] Iters:[5350/20018] transplant_loss 5.8525, rec_loss 0.0480, quant_error 0.4010,
Train Epoch: [1/5] Iters:[5360/20018] transplant_loss 5.8599, rec_loss 0.0482, quant_error 0.4011,
Train Epoch: [1/5] Iters:[5370/20018] transplant_loss 5.8545, rec_loss 0.0478, quant_error 0.4008,
Train Epoch: [1/5] Iters:[5380/20018] transplant_loss 5.8536, rec_loss 0.0481, quant_error 0.4005,
Train Epoch: [1/5] Iters:[5390/20018] transplant_loss 5.8571, rec_loss 0.0481, quant_error 0.4014,
Train Epoch: [1/5] Iters:[5400/20018] transplant_loss 5.8501, rec_loss 0.0476, quant_error 0.4008,
Train Epoch: [1/5] Iters:[5410/20018] transplant_loss 5.8471, rec_loss 0.0476, quant_error 0.4004,
Train Epoch: [1/5] Iters:[5420/20018] transplant_loss 5.8331, rec_loss 0.0479, quant_error 0.3995,
Train Epoch: [1/5] Iters:[5430/20018] transplant_loss 5.8390, rec_loss 0.0479, quant_error 0.4002,
Train Epoch: [1/5] Iters:[5440/20018] transplant_loss 5.8227, rec_loss 0.0476, quant_error 0.3987,
Train Epoch: [1/5] Iters:[5450/20018] transplant_loss 5.8515, rec_loss 0.0478, quant_error 0.4002,
Train Epoch: [1/5] Iters:[5460/20018] transplant_loss 5.8392, rec_loss 0.0478, quant_error 0.3992,
Train Epoch: [1/5] Iters:[5470/20018] transplant_loss 5.8608, rec_loss 0.0476, quant_error 0.4003,
Train Epoch: [1/5] Iters:[5480/20018] transplant_loss 5.8658, rec_loss 0.0473, quant_error 0.4004,
Train Epoch: [1/5] Iters:[5490/20018] transplant_loss 5.8818, rec_loss 0.0475, quant_error 0.4015,
Train Epoch: [1/5] Iters:[5500/20018] transplant_loss 5.8485, rec_loss 0.0479, quant_error 0.3998,
Train Epoch: [1/5] Iters:[5510/20018] transplant_loss 5.8595, rec_loss 0.0481, quant_error 0.4009,
Train Epoch: [1/5] Iters:[5520/20018] transplant_loss 5.8419, rec_loss 0.0487, quant_error 0.4003,
Train Epoch: [1/5] Iters:[5530/20018] transplant_loss 5.8167, rec_loss 0.0484, quant_error 0.3986,
Train Epoch: [1/5] Iters:[5540/20018] transplant_loss 5.8018, rec_loss 0.0483, quant_error 0.3979,
Train Epoch: [1/5] Iters:[5550/20018] transplant_loss 5.8152, rec_loss 0.0474, quant_error 0.3987,
Train Epoch: [1/5] Iters:[5560/20018] transplant_loss 5.8038, rec_loss 0.0469, quant_error 0.3978,
Train Epoch: [1/5] Iters:[5570/20018] transplant_loss 5.8234, rec_loss 0.0471, quant_error 0.3992,
Train Epoch: [1/5] Iters:[5580/20018] transplant_loss 5.8568, rec_loss 0.0477, quant_error 0.4014,
Train Epoch: [1/5] Iters:[5590/20018] transplant_loss 5.8520, rec_loss 0.0477, quant_error 0.4010,
Train Epoch: [1/5] Iters:[5600/20018] transplant_loss 5.8322, rec_loss 0.0483, quant_error 0.3997,
Train Epoch: [1/5] Iters:[5610/20018] transplant_loss 5.8331, rec_loss 0.0486, quant_error 0.4001,
Train Epoch: [1/5] Iters:[5620/20018] transplant_loss 5.8092, rec_loss 0.0482, quant_error 0.3984,
Train Epoch: [1/5] Iters:[5630/20018] transplant_loss 5.7927, rec_loss 0.0482, quant_error 0.3978,
Train Epoch: [1/5] Iters:[5640/20018] transplant_loss 5.8095, rec_loss 0.0486, quant_error 0.3989,
Train Epoch: [1/5] Iters:[5650/20018] transplant_loss 5.8012, rec_loss 0.0484, quant_error 0.3982,
Train Epoch: [1/5] Iters:[5660/20018] transplant_loss 5.7939, rec_loss 0.0484, quant_error 0.3974,
Train Epoch: [1/5] Iters:[5670/20018] transplant_loss 5.8006, rec_loss 0.0488, quant_error 0.3979,
Train Epoch: [1/5] Iters:[5680/20018] transplant_loss 5.8007, rec_loss 0.0483, quant_error 0.3976,
Train Epoch: [1/5] Iters:[5690/20018] transplant_loss 5.7993, rec_loss 0.0479, quant_error 0.3972,
Train Epoch: [1/5] Iters:[5700/20018] transplant_loss 5.8103, rec_loss 0.0479, quant_error 0.3979,
Train Epoch: [1/5] Iters:[5710/20018] transplant_loss 5.8062, rec_loss 0.0477, quant_error 0.3979,
Train Epoch: [1/5] Iters:[5720/20018] transplant_loss 5.8058, rec_loss 0.0480, quant_error 0.3977,
Train Epoch: [1/5] Iters:[5730/20018] transplant_loss 5.7939, rec_loss 0.0482, quant_error 0.3970,
Train Epoch: [1/5] Iters:[5740/20018] transplant_loss 5.7798, rec_loss 0.0478, quant_error 0.3961,
Train Epoch: [1/5] Iters:[5750/20018] transplant_loss 5.7786, rec_loss 0.0477, quant_error 0.3959,
Train Epoch: [1/5] Iters:[5760/20018] transplant_loss 5.7941, rec_loss 0.0479, quant_error 0.3969,
Train Epoch: [1/5] Iters:[5770/20018] transplant_loss 5.7942, rec_loss 0.0470, quant_error 0.3967,
Train Epoch: [1/5] Iters:[5780/20018] transplant_loss 5.7980, rec_loss 0.0469, quant_error 0.3968,
Train Epoch: [1/5] Iters:[5790/20018] transplant_loss 5.8000, rec_loss 0.0474, quant_error 0.3974,
Train Epoch: [1/5] Iters:[5800/20018] transplant_loss 5.8000, rec_loss 0.0475, quant_error 0.3978,
Train Epoch: [1/5] Iters:[5810/20018] transplant_loss 5.7896, rec_loss 0.0474, quant_error 0.3970,
Train Epoch: [1/5] Iters:[5820/20018] transplant_loss 5.7950, rec_loss 0.0477, quant_error 0.3975,
Train Epoch: [1/5] Iters:[5830/20018] transplant_loss 5.8115, rec_loss 0.0484, quant_error 0.3984,
Train Epoch: [1/5] Iters:[5840/20018] transplant_loss 5.8117, rec_loss 0.0477, quant_error 0.3983,
Train Epoch: [1/5] Iters:[5850/20018] transplant_loss 5.8004, rec_loss 0.0474, quant_error 0.3971,
Train Epoch: [1/5] Iters:[5860/20018] transplant_loss 5.8317, rec_loss 0.0476, quant_error 0.3989,
Train Epoch: [1/5] Iters:[5870/20018] transplant_loss 5.8294, rec_loss 0.0480, quant_error 0.3984,
Train Epoch: [1/5] Iters:[5880/20018] transplant_loss 5.8379, rec_loss 0.0478, quant_error 0.3993,
Train Epoch: [1/5] Iters:[5890/20018] transplant_loss 5.8577, rec_loss 0.0484, quant_error 0.4008,
Train Epoch: [1/5] Iters:[5900/20018] transplant_loss 5.8531, rec_loss 0.0484, quant_error 0.4008,
Train Epoch: [1/5] Iters:[5910/20018] transplant_loss 5.8208, rec_loss 0.0484, quant_error 0.3992,
Train Epoch: [1/5] Iters:[5920/20018] transplant_loss 5.8016, rec_loss 0.0481, quant_error 0.3982,
Train Epoch: [1/5] Iters:[5930/20018] transplant_loss 5.7817, rec_loss 0.0474, quant_error 0.3967,
Train Epoch: [1/5] Iters:[5940/20018] transplant_loss 5.7849, rec_loss 0.0482, quant_error 0.3967,
Train Epoch: [1/5] Iters:[5950/20018] transplant_loss 5.7905, rec_loss 0.0485, quant_error 0.3969,
Train Epoch: [1/5] Iters:[5960/20018] transplant_loss 5.8055, rec_loss 0.0482, quant_error 0.3972,
Train Epoch: [1/5] Iters:[5970/20018] transplant_loss 5.8034, rec_loss 0.0476, quant_error 0.3969,
Train Epoch: [1/5] Iters:[5980/20018] transplant_loss 5.8062, rec_loss 0.0481, quant_error 0.3969,
Train Epoch: [1/5] Iters:[5990/20018] transplant_loss 5.8013, rec_loss 0.0475, quant_error 0.3966,
Train Epoch: [1/5] Iters:[6000/20018] transplant_loss 5.8047, rec_loss 0.0474, quant_error 0.3968,
Train Epoch: [1/5] Iters:[6010/20018] transplant_loss 5.7972, rec_loss 0.0473, quant_error 0.3969,
Train Epoch: [1/5] Iters:[6020/20018] transplant_loss 5.7996, rec_loss 0.0477, quant_error 0.3974,
Train Epoch: [1/5] Iters:[6030/20018] transplant_loss 5.7887, rec_loss 0.0477, quant_error 0.3967,
Train Epoch: [1/5] Iters:[6040/20018] transplant_loss 5.7653, rec_loss 0.0475, quant_error 0.3954,
Train Epoch: [1/5] Iters:[6050/20018] transplant_loss 5.7720, rec_loss 0.0477, quant_error 0.3961,
Train Epoch: [1/5] Iters:[6060/20018] transplant_loss 5.7759, rec_loss 0.0480, quant_error 0.3961,
Train Epoch: [1/5] Iters:[6070/20018] transplant_loss 5.7824, rec_loss 0.0480, quant_error 0.3960,
Train Epoch: [1/5] Iters:[6080/20018] transplant_loss 5.7722, rec_loss 0.0480, quant_error 0.3955,
Train Epoch: [1/5] Iters:[6090/20018] transplant_loss 5.8154, rec_loss 0.0478, quant_error 0.3974,
Train Epoch: [1/5] Iters:[6100/20018] transplant_loss 5.8033, rec_loss 0.0473, quant_error 0.3964,
Train Epoch: [1/5] Iters:[6110/20018] transplant_loss 5.7914, rec_loss 0.0468, quant_error 0.3956,
Train Epoch: [1/5] Iters:[6120/20018] transplant_loss 5.7891, rec_loss 0.0466, quant_error 0.3959,
Train Epoch: [1/5] Iters:[6130/20018] transplant_loss 5.8080, rec_loss 0.0464, quant_error 0.3971,
Train Epoch: [1/5] Iters:[6140/20018] transplant_loss 5.7754, rec_loss 0.0464, quant_error 0.3954,
Train Epoch: [1/5] Iters:[6150/20018] transplant_loss 5.7771, rec_loss 0.0468, quant_error 0.3952,
Train Epoch: [1/5] Iters:[6160/20018] transplant_loss 5.7814, rec_loss 0.0471, quant_error 0.3957,
Train Epoch: [1/5] Iters:[6170/20018] transplant_loss 5.7840, rec_loss 0.0467, quant_error 0.3955,
Train Epoch: [1/5] Iters:[6180/20018] transplant_loss 5.7889, rec_loss 0.0469, quant_error 0.3958,
Train Epoch: [1/5] Iters:[6190/20018] transplant_loss 5.7910, rec_loss 0.0470, quant_error 0.3961,
Train Epoch: [1/5] Iters:[6200/20018] transplant_loss 5.7939, rec_loss 0.0468, quant_error 0.3969,
Train Epoch: [1/5] Iters:[6210/20018] transplant_loss 5.7977, rec_loss 0.0468, quant_error 0.3973,
Train Epoch: [1/5] Iters:[6220/20018] transplant_loss 5.8016, rec_loss 0.0473, quant_error 0.3979,
Train Epoch: [1/5] Iters:[6230/20018] transplant_loss 5.7965, rec_loss 0.0471, quant_error 0.3979,
Train Epoch: [1/5] Iters:[6240/20018] transplant_loss 5.7954, rec_loss 0.0471, quant_error 0.3978,
Train Epoch: [1/5] Iters:[6250/20018] transplant_loss 5.8132, rec_loss 0.0476, quant_error 0.3988,
Train Epoch: [1/5] Iters:[6260/20018] transplant_loss 5.8051, rec_loss 0.0478, quant_error 0.3980,
Train Epoch: [1/5] Iters:[6270/20018] transplant_loss 5.8006, rec_loss 0.0474, quant_error 0.3975,
Train Epoch: [1/5] Iters:[6280/20018] transplant_loss 5.7833, rec_loss 0.0476, quant_error 0.3960,
Train Epoch: [1/5] Iters:[6290/20018] transplant_loss 5.7692, rec_loss 0.0473, quant_error 0.3947,
Train Epoch: [1/5] Iters:[6300/20018] transplant_loss 5.7675, rec_loss 0.0472, quant_error 0.3940,
Train Epoch: [1/5] Iters:[6310/20018] transplant_loss 5.7884, rec_loss 0.0476, quant_error 0.3950,
Train Epoch: [1/5] Iters:[6320/20018] transplant_loss 5.8083, rec_loss 0.0480, quant_error 0.3961,
Train Epoch: [1/5] Iters:[6330/20018] transplant_loss 5.8194, rec_loss 0.0479, quant_error 0.3966,
Train Epoch: [1/5] Iters:[6340/20018] transplant_loss 5.8428, rec_loss 0.0482, quant_error 0.3985,
Train Epoch: [1/5] Iters:[6350/20018] transplant_loss 5.8199, rec_loss 0.0476, quant_error 0.3975,
Train Epoch: [1/5] Iters:[6360/20018] transplant_loss 5.8023, rec_loss 0.0478, quant_error 0.3967,
Train Epoch: [1/5] Iters:[6370/20018] transplant_loss 5.7813, rec_loss 0.0480, quant_error 0.3958,
Train Epoch: [1/5] Iters:[6380/20018] transplant_loss 5.7933, rec_loss 0.0481, quant_error 0.3968,
Train Epoch: [1/5] Iters:[6390/20018] transplant_loss 5.7777, rec_loss 0.0482, quant_error 0.3956,
Train Epoch: [1/5] Iters:[6400/20018] transplant_loss 5.8063, rec_loss 0.0485, quant_error 0.3967,
Train Epoch: [1/5] Iters:[6410/20018] transplant_loss 5.7968, rec_loss 0.0473, quant_error 0.3962,
Train Epoch: [1/5] Iters:[6420/20018] transplant_loss 5.7999, rec_loss 0.0472, quant_error 0.3963,
Train Epoch: [1/5] Iters:[6430/20018] transplant_loss 5.7641, rec_loss 0.0465, quant_error 0.3938,
Train Epoch: [1/5] Iters:[6440/20018] transplant_loss 5.7521, rec_loss 0.0470, quant_error 0.3929,
Train Epoch: [1/5] Iters:[6450/20018] transplant_loss 5.7166, rec_loss 0.0465, quant_error 0.3913,
Train Epoch: [1/5] Iters:[6460/20018] transplant_loss 5.7336, rec_loss 0.0468, quant_error 0.3924,
Train Epoch: [1/5] Iters:[6470/20018] transplant_loss 5.7190, rec_loss 0.0466, quant_error 0.3913,
Train Epoch: [1/5] Iters:[6480/20018] transplant_loss 5.7331, rec_loss 0.0466, quant_error 0.3920,
Train Epoch: [1/5] Iters:[6490/20018] transplant_loss 5.7687, rec_loss 0.0465, quant_error 0.3948,
Train Epoch: [1/5] Iters:[6500/20018] transplant_loss 5.7914, rec_loss 0.0469, quant_error 0.3966,
Train Epoch: [1/5] Iters:[6510/20018] transplant_loss 5.7642, rec_loss 0.0465, quant_error 0.3944,
Train Epoch: [1/5] Iters:[6520/20018] transplant_loss 5.7777, rec_loss 0.0464, quant_error 0.3956,
Train Epoch: [1/5] Iters:[6530/20018] transplant_loss 5.8098, rec_loss 0.0471, quant_error 0.3983,
Train Epoch: [1/5] Iters:[6540/20018] transplant_loss 5.7679, rec_loss 0.0465, quant_error 0.3953,
Train Epoch: [1/5] Iters:[6550/20018] transplant_loss 5.7764, rec_loss 0.0465, quant_error 0.3956,
Train Epoch: [1/5] Iters:[6560/20018] transplant_loss 5.8109, rec_loss 0.0474, quant_error 0.3984,
Train Epoch: [1/5] Iters:[6570/20018] transplant_loss 5.8292, rec_loss 0.0484, quant_error 0.3998,
Train Epoch: [1/5] Iters:[6580/20018] transplant_loss 5.8095, rec_loss 0.0483, quant_error 0.3985,
Train Epoch: [1/5] Iters:[6590/20018] transplant_loss 5.8299, rec_loss 0.0483, quant_error 0.3999,
Train Epoch: [1/5] Iters:[6600/20018] transplant_loss 5.8029, rec_loss 0.0483, quant_error 0.3983,
Train Epoch: [1/5] Iters:[6610/20018] transplant_loss 5.7774, rec_loss 0.0477, quant_error 0.3963,
Train Epoch: [1/5] Iters:[6620/20018] transplant_loss 5.7681, rec_loss 0.0472, quant_error 0.3954,
Train Epoch: [1/5] Iters:[6630/20018] transplant_loss 5.7494, rec_loss 0.0466, quant_error 0.3937,
Train Epoch: [1/5] Iters:[6640/20018] transplant_loss 5.7553, rec_loss 0.0472, quant_error 0.3941,
Train Epoch: [1/5] Iters:[6650/20018] transplant_loss 5.7680, rec_loss 0.0471, quant_error 0.3945,
Train Epoch: [1/5] Iters:[6660/20018] transplant_loss 5.7792, rec_loss 0.0472, quant_error 0.3954,
Train Epoch: [1/5] Iters:[6670/20018] transplant_loss 5.7693, rec_loss 0.0470, quant_error 0.3949,
Train Epoch: [1/5] Iters:[6680/20018] transplant_loss 5.7884, rec_loss 0.0483, quant_error 0.3968,
Train Epoch: [1/5] Iters:[6690/20018] transplant_loss 5.7796, rec_loss 0.0478, quant_error 0.3962,
Train Epoch: [1/5] Iters:[6700/20018] transplant_loss 5.7779, rec_loss 0.0478, quant_error 0.3966,
Train Epoch: [1/5] Iters:[6710/20018] transplant_loss 5.7745, rec_loss 0.0480, quant_error 0.3963,
Train Epoch: [1/5] Iters:[6720/20018] transplant_loss 5.7653, rec_loss 0.0478, quant_error 0.3957,
Train Epoch: [1/5] Iters:[6730/20018] transplant_loss 5.7449, rec_loss 0.0472, quant_error 0.3940,
Train Epoch: [1/5] Iters:[6740/20018] transplant_loss 5.7521, rec_loss 0.0473, quant_error 0.3944,
Train Epoch: [1/5] Iters:[6750/20018] transplant_loss 5.7498, rec_loss 0.0472, quant_error 0.3942,
Train Epoch: [1/5] Iters:[6760/20018] transplant_loss 5.7491, rec_loss 0.0467, quant_error 0.3946,
Train Epoch: [1/5] Iters:[6770/20018] transplant_loss 5.7718, rec_loss 0.0467, quant_error 0.3961,
Train Epoch: [1/5] Iters:[6780/20018] transplant_loss 5.7827, rec_loss 0.0463, quant_error 0.3968,
Train Epoch: [1/5] Iters:[6790/20018] transplant_loss 5.7708, rec_loss 0.0460, quant_error 0.3961,
Train Epoch: [1/5] Iters:[6800/20018] transplant_loss 5.7466, rec_loss 0.0462, quant_error 0.3946,
Train Epoch: [1/5] Iters:[6810/20018] transplant_loss 5.7370, rec_loss 0.0466, quant_error 0.3932,
Train Epoch: [1/5] Iters:[6820/20018] transplant_loss 5.7323, rec_loss 0.0464, quant_error 0.3927,
Train Epoch: [1/5] Iters:[6830/20018] transplant_loss 5.7346, rec_loss 0.0470, quant_error 0.3929,
