| distributed init (rank 1): env://
dataset_dir: /projects/yuanai/data/
dataset_name: ImageNet
global_batch_size: 64
workers: 6
resolution: 256
channels: 3
ms_patch_size: 1_2_3_4_5_6_8_10_13_16
importance: (1, 1, 1, 2, 2, 2, 3, 3, 5, 5)
max_patch_size: 16
codebook_size: 16384
codebook_dim: 16
project_dim: 16
pq: 1
L: 4
alpha: 1.0
beta: 1.0
gamma: 0.0
disc_weight: 0.3
lecam_loss_weight: 0.001
disc_cr_loss_weight: 4.0
VQ: ema_vq
use_multiscale: False
transplant_epochs: 2
refinement_epochs: 5
eval_epochs: 1
disc_epoch: 1
lr_transplant: 0.0001
lr_refinement: 1e-05
dropout: 0.0
seed: 3407
weight_decay: 1e-05
stage: transplant
path: bc
checkpoint_dir: /projects/yuanai/projects/VQ-Transplant3/checkpoint/Transplant/ImageNet
results_dir: /projects/yuanai/projects/VQ-Transplant3/results/Transplant/ImageNet
saver_dir: /projects/yuanai/projects/VQ-Transplant3/saver/Transplant/ImageNet
reconstruction_dir: /projects/yuanai/projects/VQ-Transplant3/reconstruction/Transplant/ImageNet
yaml_dir: /projects/yuanai/projects/VQ-Transplant3/yaml/Transplant/ImageNet
pretrained_tokenizer: /projects/yuanai/projects/VQ-Transplant3/pretrained_tokenizer/vae_ch160v4096z32.pth
checkpoint_name: 
nnodes: -1
node_rank: -1
local_rank: 0
dist_url: tcp://224.66.41.62:23456
dist_backend: nccl
world_size: 2
batch_size: 32
ms_token_size: (1, 2, 3, 4, 5, 6, 8, 10, 13, 16)
init_checkpoint_dir: /projects/yuanai/projects/VQ-Transplant3/checkpoint/
data_pre: ImageNet
model_pre: model_16384_16_1
loss_pre: loss_1.0_1.0_0.0_0.3
training_pre: ema_vq_transplant_False
saver_name_pre: ema_vq_transplant_False_ImageNet_model_16384_16_1_loss_1.0_1.0_0.0_0.3
| distributed init (rank 0): env://
loaded pretrained LPIPS loss from /projects/yuanai/projects/VQ-Transplant3/code/models/cache/vgg.pth
VQ Model Parameters: 108761795
dataset name: ImageNet
len train_set: 1281167
len val_set: 50000
Start training...
epoch:1, cur_lr:0.000100
Train Epoch: [1/2] Iters:[10/20018] transplant_loss 1.9331, rec_loss 0.2469, p_loss 0.5778, quant_error 0.5622, utilization 0.2172, perplexity 2256.0620,
Train Epoch: [1/2] Iters:[20/20018] transplant_loss 1.4209, rec_loss 0.1502, p_loss 0.4316, quant_error 0.4149, utilization 0.3841, perplexity 4712.8702,
Train Epoch: [1/2] Iters:[30/20018] transplant_loss 1.2296, rec_loss 0.1147, p_loss 0.3763, quant_error 0.3604, utilization 0.4323, perplexity 5459.6914,
Train Epoch: [1/2] Iters:[40/20018] transplant_loss 1.1380, rec_loss 0.0979, p_loss 0.3492, quant_error 0.3338, utilization 0.4520, perplexity 5748.9188,
Train Epoch: [1/2] Iters:[50/20018] transplant_loss 1.0882, rec_loss 0.0874, p_loss 0.3335, quant_error 0.3205, utilization 0.4631, perplexity 5931.9991,
Train Epoch: [1/2] Iters:[60/20018] transplant_loss 0.8671, rec_loss 0.0462, p_loss 0.2679, quant_error 0.2583, utilization 0.5184, perplexity 6748.8793,
Train Epoch: [1/2] Iters:[70/20018] transplant_loss 0.8482, rec_loss 0.0433, p_loss 0.2604, quant_error 0.2542, utilization 0.5061, perplexity 6567.9592,
Train Epoch: [1/2] Iters:[80/20018] transplant_loss 0.8447, rec_loss 0.0427, p_loss 0.2568, quant_error 0.2545, utilization 0.4974, perplexity 6415.7652,
Train Epoch: [1/2] Iters:[90/20018] transplant_loss 0.8393, rec_loss 0.0412, p_loss 0.2528, quant_error 0.2552, utilization 0.4919, perplexity 6324.8221,
Train Epoch: [1/2] Iters:[100/20018] transplant_loss 0.8260, rec_loss 0.0397, p_loss 0.2476, quant_error 0.2524, utilization 0.4872, perplexity 6228.1000,
Train Epoch: [1/2] Iters:[110/20018] transplant_loss 0.8337, rec_loss 0.0399, p_loss 0.2478, quant_error 0.2561, utilization 0.4855, perplexity 6197.7593,
Train Epoch: [1/2] Iters:[120/20018] transplant_loss 0.8329, rec_loss 0.0396, p_loss 0.2458, quant_error 0.2569, utilization 0.4827, perplexity 6144.6383,
Train Epoch: [1/2] Iters:[130/20018] transplant_loss 0.8366, rec_loss 0.0395, p_loss 0.2455, quant_error 0.2590, utilization 0.4827, perplexity 6130.1914,
Train Epoch: [1/2] Iters:[140/20018] transplant_loss 0.8229, rec_loss 0.0382, p_loss 0.2424, quant_error 0.2548, utilization 0.4797, perplexity 6071.6273,
Train Epoch: [1/2] Iters:[150/20018] transplant_loss 0.8234, rec_loss 0.0382, p_loss 0.2413, quant_error 0.2556, utilization 0.4799, perplexity 6077.3939,
Train Epoch: [1/2] Iters:[160/20018] transplant_loss 0.8124, rec_loss 0.0373, p_loss 0.2389, quant_error 0.2520, utilization 0.4785, perplexity 6047.0872,
Train Epoch: [1/2] Iters:[170/20018] transplant_loss 0.8108, rec_loss 0.0371, p_loss 0.2387, quant_error 0.2516, utilization 0.4790, perplexity 6058.6017,
Train Epoch: [1/2] Iters:[180/20018] transplant_loss 0.8004, rec_loss 0.0365, p_loss 0.2354, quant_error 0.2484, utilization 0.4784, perplexity 6062.4978,
Train Epoch: [1/2] Iters:[190/20018] transplant_loss 0.8041, rec_loss 0.0367, p_loss 0.2350, quant_error 0.2502, utilization 0.4801, perplexity 6106.2320,
Train Epoch: [1/2] Iters:[200/20018] transplant_loss 0.8010, rec_loss 0.0366, p_loss 0.2339, quant_error 0.2492, utilization 0.4803, perplexity 6118.2354,
Train Epoch: [1/2] Iters:[210/20018] transplant_loss 0.7936, rec_loss 0.0361, p_loss 0.2313, quant_error 0.2472, utilization 0.4804, perplexity 6109.6452,
Train Epoch: [1/2] Iters:[220/20018] transplant_loss 0.7944, rec_loss 0.0359, p_loss 0.2304, quant_error 0.2481, utilization 0.4820, perplexity 6144.4537,
Train Epoch: [1/2] Iters:[230/20018] transplant_loss 0.7958, rec_loss 0.0357, p_loss 0.2304, quant_error 0.2490, utilization 0.4832, perplexity 6155.9509,
Train Epoch: [1/2] Iters:[240/20018] transplant_loss 0.8018, rec_loss 0.0365, p_loss 0.2312, quant_error 0.2509, utilization 0.4833, perplexity 6154.9598,
Train Epoch: [1/2] Iters:[250/20018] transplant_loss 0.7967, rec_loss 0.0358, p_loss 0.2296, quant_error 0.2497, utilization 0.4820, perplexity 6109.5372,
Train Epoch: [1/2] Iters:[260/20018] transplant_loss 0.7945, rec_loss 0.0356, p_loss 0.2296, quant_error 0.2487, utilization 0.4810, perplexity 6101.5381,
Train Epoch: [1/2] Iters:[270/20018] transplant_loss 0.7887, rec_loss 0.0355, p_loss 0.2276, quant_error 0.2468, utilization 0.4788, perplexity 6047.7952,
Train Epoch: [1/2] Iters:[280/20018] transplant_loss 0.7825, rec_loss 0.0351, p_loss 0.2258, quant_error 0.2448, utilization 0.4783, perplexity 6043.1882,
Train Epoch: [1/2] Iters:[290/20018] transplant_loss 0.7732, rec_loss 0.0341, p_loss 0.2226, quant_error 0.2426, utilization 0.4799, perplexity 6044.9190,
Train Epoch: [1/2] Iters:[300/20018] transplant_loss 0.7783, rec_loss 0.0348, p_loss 0.2221, quant_error 0.2446, utilization 0.4803, perplexity 6050.0562,
Train Epoch: [1/2] Iters:[310/20018] transplant_loss 0.7798, rec_loss 0.0346, p_loss 0.2218, quant_error 0.2456, utilization 0.4821, perplexity 6087.8018,
Train Epoch: [1/2] Iters:[320/20018] transplant_loss 0.7855, rec_loss 0.0351, p_loss 0.2224, quant_error 0.2476, utilization 0.4836, perplexity 6126.9055,
Train Epoch: [1/2] Iters:[330/20018] transplant_loss 0.7918, rec_loss 0.0356, p_loss 0.2229, quant_error 0.2500, utilization 0.4843, perplexity 6148.2287,
Train Epoch: [1/2] Iters:[340/20018] transplant_loss 0.7894, rec_loss 0.0354, p_loss 0.2223, quant_error 0.2491, utilization 0.4824, perplexity 6121.4774,
Train Epoch: [1/2] Iters:[350/20018] transplant_loss 0.7837, rec_loss 0.0345, p_loss 0.2218, quant_error 0.2472, utilization 0.4823, perplexity 6125.7960,
Train Epoch: [1/2] Iters:[360/20018] transplant_loss 0.7861, rec_loss 0.0347, p_loss 0.2208, quant_error 0.2486, utilization 0.4823, perplexity 6128.0534,
Train Epoch: [1/2] Iters:[370/20018] transplant_loss 0.7795, rec_loss 0.0340, p_loss 0.2193, quant_error 0.2467, utilization 0.4825, perplexity 6125.7512,
Train Epoch: [1/2] Iters:[380/20018] transplant_loss 0.7791, rec_loss 0.0342, p_loss 0.2185, quant_error 0.2465, utilization 0.4828, perplexity 6129.6901,
Train Epoch: [1/2] Iters:[390/20018] transplant_loss 0.7851, rec_loss 0.0344, p_loss 0.2195, quant_error 0.2488, utilization 0.4835, perplexity 6151.9821,
Train Epoch: [1/2] Iters:[400/20018] transplant_loss 0.7793, rec_loss 0.0343, p_loss 0.2172, quant_error 0.2472, utilization 0.4830, perplexity 6137.7015,
Train Epoch: [1/2] Iters:[410/20018] transplant_loss 0.7765, rec_loss 0.0341, p_loss 0.2163, quant_error 0.2464, utilization 0.4836, perplexity 6152.9079,
Train Epoch: [1/2] Iters:[420/20018] transplant_loss 0.7727, rec_loss 0.0338, p_loss 0.2155, quant_error 0.2451, utilization 0.4815, perplexity 6117.5907,
Train Epoch: [1/2] Iters:[430/20018] transplant_loss 0.7696, rec_loss 0.0330, p_loss 0.2153, quant_error 0.2444, utilization 0.4807, perplexity 6095.8937,
Train Epoch: [1/2] Iters:[440/20018] transplant_loss 0.7685, rec_loss 0.0329, p_loss 0.2149, quant_error 0.2441, utilization 0.4807, perplexity 6104.1797,
Train Epoch: [1/2] Iters:[450/20018] transplant_loss 0.7709, rec_loss 0.0329, p_loss 0.2162, quant_error 0.2445, utilization 0.4817, perplexity 6126.7896,
Train Epoch: [1/2] Iters:[460/20018] transplant_loss 0.7674, rec_loss 0.0329, p_loss 0.2157, quant_error 0.2430, utilization 0.4806, perplexity 6098.9064,
Train Epoch: [1/2] Iters:[470/20018] transplant_loss 0.7756, rec_loss 0.0331, p_loss 0.2175, quant_error 0.2459, utilization 0.4825, perplexity 6140.1803,
Train Epoch: [1/2] Iters:[480/20018] transplant_loss 0.7743, rec_loss 0.0332, p_loss 0.2173, quant_error 0.2452, utilization 0.4834, perplexity 6166.3381,
Train Epoch: [1/2] Iters:[490/20018] transplant_loss 0.7698, rec_loss 0.0327, p_loss 0.2164, quant_error 0.2438, utilization 0.4829, perplexity 6139.0948,
Train Epoch: [1/2] Iters:[500/20018] transplant_loss 0.7711, rec_loss 0.0328, p_loss 0.2156, quant_error 0.2447, utilization 0.4829, perplexity 6135.7811,
Train Epoch: [1/2] Iters:[510/20018] transplant_loss 0.7759, rec_loss 0.0330, p_loss 0.2159, quant_error 0.2468, utilization 0.4839, perplexity 6157.9022,
Train Epoch: [1/2] Iters:[520/20018] transplant_loss 0.7657, rec_loss 0.0328, p_loss 0.2141, quant_error 0.2427, utilization 0.4831, perplexity 6130.1700,
Train Epoch: [1/2] Iters:[530/20018] transplant_loss 0.7633, rec_loss 0.0329, p_loss 0.2139, quant_error 0.2414, utilization 0.4820, perplexity 6118.5117,
Train Epoch: [1/2] Iters:[540/20018] transplant_loss 0.7623, rec_loss 0.0331, p_loss 0.2138, quant_error 0.2407, utilization 0.4825, perplexity 6136.0333,
Train Epoch: [1/2] Iters:[550/20018] transplant_loss 0.7640, rec_loss 0.0332, p_loss 0.2148, quant_error 0.2410, utilization 0.4830, perplexity 6151.2098,
Train Epoch: [1/2] Iters:[560/20018] transplant_loss 0.7617, rec_loss 0.0330, p_loss 0.2157, quant_error 0.2396, utilization 0.4830, perplexity 6151.0873,
Train Epoch: [1/2] Iters:[570/20018] transplant_loss 0.7651, rec_loss 0.0331, p_loss 0.2158, quant_error 0.2412, utilization 0.4843, perplexity 6179.6629,
Train Epoch: [1/2] Iters:[580/20018] transplant_loss 0.7678, rec_loss 0.0328, p_loss 0.2151, quant_error 0.2433, utilization 0.4846, perplexity 6160.1850,
Train Epoch: [1/2] Iters:[590/20018] transplant_loss 0.7714, rec_loss 0.0331, p_loss 0.2161, quant_error 0.2443, utilization 0.4849, perplexity 6167.1615,
Train Epoch: [1/2] Iters:[600/20018] transplant_loss 0.7694, rec_loss 0.0327, p_loss 0.2155, quant_error 0.2438, utilization 0.4845, perplexity 6172.9881,
Train Epoch: [1/2] Iters:[610/20018] transplant_loss 0.7690, rec_loss 0.0329, p_loss 0.2147, quant_error 0.2438, utilization 0.4840, perplexity 6163.4262,
Train Epoch: [1/2] Iters:[620/20018] transplant_loss 0.7697, rec_loss 0.0329, p_loss 0.2142, quant_error 0.2443, utilization 0.4845, perplexity 6180.5085,
Train Epoch: [1/2] Iters:[630/20018] transplant_loss 0.7632, rec_loss 0.0325, p_loss 0.2133, quant_error 0.2418, utilization 0.4826, perplexity 6150.3916,
Train Epoch: [1/2] Iters:[640/20018] transplant_loss 0.7601, rec_loss 0.0320, p_loss 0.2124, quant_error 0.2411, utilization 0.4828, perplexity 6166.3965,
Train Epoch: [1/2] Iters:[650/20018] transplant_loss 0.7614, rec_loss 0.0321, p_loss 0.2123, quant_error 0.2418, utilization 0.4829, perplexity 6172.7401,
Train Epoch: [1/2] Iters:[660/20018] transplant_loss 0.7591, rec_loss 0.0317, p_loss 0.2122, quant_error 0.2410, utilization 0.4830, perplexity 6163.5670,
Train Epoch: [1/2] Iters:[670/20018] transplant_loss 0.7619, rec_loss 0.0317, p_loss 0.2133, quant_error 0.2420, utilization 0.4831, perplexity 6166.0971,
Train Epoch: [1/2] Iters:[680/20018] transplant_loss 0.7643, rec_loss 0.0320, p_loss 0.2138, quant_error 0.2427, utilization 0.4846, perplexity 6194.9708,
Train Epoch: [1/2] Iters:[690/20018] transplant_loss 0.7628, rec_loss 0.0320, p_loss 0.2141, quant_error 0.2416, utilization 0.4836, perplexity 6171.8938,
Train Epoch: [1/2] Iters:[700/20018] transplant_loss 0.7637, rec_loss 0.0322, p_loss 0.2139, quant_error 0.2421, utilization 0.4835, perplexity 6154.7692,
Train Epoch: [1/2] Iters:[710/20018] transplant_loss 0.7680, rec_loss 0.0324, p_loss 0.2136, quant_error 0.2443, utilization 0.4832, perplexity 6158.1742,
Train Epoch: [1/2] Iters:[720/20018] transplant_loss 0.7656, rec_loss 0.0323, p_loss 0.2127, quant_error 0.2435, utilization 0.4833, perplexity 6151.7737,
Train Epoch: [1/2] Iters:[730/20018] transplant_loss 0.7702, rec_loss 0.0325, p_loss 0.2142, quant_error 0.2449, utilization 0.4827, perplexity 6150.2222,
Train Epoch: [1/2] Iters:[740/20018] transplant_loss 0.7801, rec_loss 0.0330, p_loss 0.2150, quant_error 0.2491, utilization 0.4836, perplexity 6152.2412,
Train Epoch: [1/2] Iters:[750/20018] transplant_loss 0.7758, rec_loss 0.0327, p_loss 0.2143, quant_error 0.2476, utilization 0.4829, perplexity 6135.1517,
Train Epoch: [1/2] Iters:[760/20018] transplant_loss 0.7740, rec_loss 0.0324, p_loss 0.2149, quant_error 0.2465, utilization 0.4822, perplexity 6131.9093,
Train Epoch: [1/2] Iters:[770/20018] transplant_loss 0.7676, rec_loss 0.0322, p_loss 0.2145, quant_error 0.2436, utilization 0.4803, perplexity 6080.5492,
Train Epoch: [1/2] Iters:[780/20018] transplant_loss 0.7662, rec_loss 0.0321, p_loss 0.2134, quant_error 0.2435, utilization 0.4809, perplexity 6084.7069,
Train Epoch: [1/2] Iters:[790/20018] transplant_loss 0.7641, rec_loss 0.0319, p_loss 0.2127, quant_error 0.2430, utilization 0.4824, perplexity 6122.9315,
Train Epoch: [1/2] Iters:[800/20018] transplant_loss 0.7657, rec_loss 0.0322, p_loss 0.2133, quant_error 0.2432, utilization 0.4827, perplexity 6132.1341,
Train Epoch: [1/2] Iters:[810/20018] transplant_loss 0.7665, rec_loss 0.0324, p_loss 0.2130, quant_error 0.2435, utilization 0.4834, perplexity 6148.2624,
Train Epoch: [1/2] Iters:[820/20018] transplant_loss 0.7724, rec_loss 0.0327, p_loss 0.2131, quant_error 0.2462, utilization 0.4827, perplexity 6149.3570,
Train Epoch: [1/2] Iters:[830/20018] transplant_loss 0.7678, rec_loss 0.0324, p_loss 0.2122, quant_error 0.2446, utilization 0.4815, perplexity 6128.2076,
Train Epoch: [1/2] Iters:[840/20018] transplant_loss 0.7632, rec_loss 0.0322, p_loss 0.2121, quant_error 0.2424, utilization 0.4804, perplexity 6127.2901,
Train Epoch: [1/2] Iters:[850/20018] transplant_loss 0.7588, rec_loss 0.0318, p_loss 0.2113, quant_error 0.2410, utilization 0.4795, perplexity 6095.9836,
Train Epoch: [1/2] Iters:[860/20018] transplant_loss 0.7589, rec_loss 0.0320, p_loss 0.2114, quant_error 0.2408, utilization 0.4796, perplexity 6081.2223,
Train Epoch: [1/2] Iters:[870/20018] transplant_loss 0.7599, rec_loss 0.0320, p_loss 0.2122, quant_error 0.2408, utilization 0.4808, perplexity 6089.0978,
Train Epoch: [1/2] Iters:[880/20018] transplant_loss 0.7628, rec_loss 0.0323, p_loss 0.2133, quant_error 0.2416, utilization 0.4820, perplexity 6115.2567,
Train Epoch: [1/2] Iters:[890/20018] transplant_loss 0.7594, rec_loss 0.0317, p_loss 0.2124, quant_error 0.2408, utilization 0.4817, perplexity 6095.7163,
Train Epoch: [1/2] Iters:[900/20018] transplant_loss 0.7661, rec_loss 0.0323, p_loss 0.2141, quant_error 0.2427, utilization 0.4839, perplexity 6158.5593,
Train Epoch: [1/2] Iters:[910/20018] transplant_loss 0.7661, rec_loss 0.0322, p_loss 0.2142, quant_error 0.2427, utilization 0.4842, perplexity 6180.0960,
Train Epoch: [1/2] Iters:[920/20018] transplant_loss 0.7627, rec_loss 0.0320, p_loss 0.2128, quant_error 0.2421, utilization 0.4849, perplexity 6175.2006,
Train Epoch: [1/2] Iters:[930/20018] transplant_loss 0.7648, rec_loss 0.0321, p_loss 0.2130, quant_error 0.2429, utilization 0.4842, perplexity 6155.9748,
Train Epoch: [1/2] Iters:[940/20018] transplant_loss 0.7658, rec_loss 0.0322, p_loss 0.2129, quant_error 0.2433, utilization 0.4840, perplexity 6147.2566,
Train Epoch: [1/2] Iters:[950/20018] transplant_loss 0.7630, rec_loss 0.0319, p_loss 0.2122, quant_error 0.2426, utilization 0.4816, perplexity 6108.2168,
Train Epoch: [1/2] Iters:[960/20018] transplant_loss 0.7638, rec_loss 0.0319, p_loss 0.2125, quant_error 0.2429, utilization 0.4817, perplexity 6103.8511,
Train Epoch: [1/2] Iters:[970/20018] transplant_loss 0.7647, rec_loss 0.0322, p_loss 0.2135, quant_error 0.2424, utilization 0.4807, perplexity 6128.9224,
Train Epoch: [1/2] Iters:[980/20018] transplant_loss 0.7597, rec_loss 0.0320, p_loss 0.2131, quant_error 0.2402, utilization 0.4808, perplexity 6142.1973,
Train Epoch: [1/2] Iters:[990/20018] transplant_loss 0.7559, rec_loss 0.0320, p_loss 0.2126, quant_error 0.2385, utilization 0.4804, perplexity 6138.1566,
Train Epoch: [1/2] Iters:[1000/20018] transplant_loss 0.7583, rec_loss 0.0322, p_loss 0.2122, quant_error 0.2397, utilization 0.4829, perplexity 6178.2305,
Train Epoch: [1/2] Iters:[1010/20018] transplant_loss 0.7549, rec_loss 0.0319, p_loss 0.2108, quant_error 0.2389, utilization 0.4832, perplexity 6171.8856,
Train Epoch: [1/2] Iters:[1020/20018] transplant_loss 0.7569, rec_loss 0.0318, p_loss 0.2108, quant_error 0.2401, utilization 0.4838, perplexity 6167.4568,
Train Epoch: [1/2] Iters:[1030/20018] transplant_loss 0.7630, rec_loss 0.0319, p_loss 0.2112, quant_error 0.2429, utilization 0.4841, perplexity 6166.5483,
Train Epoch: [1/2] Iters:[1040/20018] transplant_loss 0.7675, rec_loss 0.0322, p_loss 0.2120, quant_error 0.2446, utilization 0.4844, perplexity 6172.2886,
Train Epoch: [1/2] Iters:[1050/20018] transplant_loss 0.7640, rec_loss 0.0320, p_loss 0.2117, quant_error 0.2430, utilization 0.4835, perplexity 6161.4899,
Train Epoch: [1/2] Iters:[1060/20018] transplant_loss 0.7640, rec_loss 0.0320, p_loss 0.2120, quant_error 0.2429, utilization 0.4831, perplexity 6176.4419,
Train Epoch: [1/2] Iters:[1070/20018] transplant_loss 0.7603, rec_loss 0.0317, p_loss 0.2120, quant_error 0.2414, utilization 0.4832, perplexity 6189.8748,
