dataset_dir: /projects/yuanai/data/
dataset_name: ImageNet
global_batch_size: 16
workers: 6
resolution: 256
channels: 3
ms_patch_size: 1_2_3_4_5_6_8_10_13_16
importance: (1, 1, 1, 2, 2, 2, 3, 3, 5, 5)
max_patch_size: 16
codebook_size: 65536
codebook_dim: 16
project_dim: 16
pq: 1
L: 4
alpha: 1.0
beta: 1.0
gamma: 1.0
disc_weight: 0.3
lecam_loss_weight: 0.001
disc_cr_loss_weight: 4.0
VQ: mmd_vq
use_multiscale: False
transplant_epochs: 2
refinement_epochs: 5
eval_epochs: 1
disc_epoch: 1
lr_transplant: 0.0001
lr_refinement: 1e-05
dropout: 0.0
seed: 3407
weight_decay: 1e-05
stage: transplant
path: bc
checkpoint_dir: /projects/yuanai/projects/VQ-Transplant3/checkpoint/Transplant/ImageNet
results_dir: /projects/yuanai/projects/VQ-Transplant3/results/Transplant/ImageNet
saver_dir: /projects/yuanai/projects/VQ-Transplant3/saver/Transplant/ImageNet
reconstruction_dir: /projects/yuanai/projects/VQ-Transplant3/reconstruction/Transplant/ImageNet
yaml_dir: /projects/yuanai/projects/VQ-Transplant3/yaml/Transplant/ImageNet
pretrained_tokenizer: /projects/yuanai/projects/VQ-Transplant3/pretrained_tokenizer/vae_ch160v4096z32.pth
checkpoint_name: 
nnodes: -1
node_rank: -1
local_rank: 0
dist_url: tcp://224.66.41.62:23456
dist_backend: nccl
world_size: 2
batch_size: 8
ms_token_size: (1, 2, 3, 4, 5, 6, 8, 10, 13, 16)
init_checkpoint_dir: /projects/yuanai/projects/VQ-Transplant3/checkpoint/
data_pre: ImageNet
model_pre: model_65536_16_1
loss_pre: loss_1.0_1.0_1.0_0.3
training_pre: mmd_vq_transplant_False
saver_name_pre: mmd_vq_transplant_False_ImageNet_model_65536_16_1_loss_1.0_1.0_1.0_0.3
| distributed init (rank 0): env://
| distributed init (rank 1): env://
loaded pretrained LPIPS loss from /projects/yuanai/projects/VQ-Transplant3/code/models/cache/vgg.pth
VQ Model Parameters: 108761795
dataset name: ImageNet
len train_set: 1281167
len val_set: 50000
Start training...
epoch:1, cur_lr:0.000100
Train Epoch: [1/2] Iters:[10/80073] transplant_loss 6.0660, rec_loss 0.5808, p_loss 0.7769, quant_error 1.0442, utilization 0.0247, perplexity 1251.0192,
Train Epoch: [1/2] Iters:[20/80073] transplant_loss 5.3790, rec_loss 0.4378, p_loss 0.7462, quant_error 0.7980, utilization 0.0240, perplexity 1192.4513,
Train Epoch: [1/2] Iters:[30/80073] transplant_loss 4.9297, rec_loss 0.3698, p_loss 0.7239, quant_error 0.6918, utilization 0.0246, perplexity 1220.7154,
Train Epoch: [1/2] Iters:[40/80073] transplant_loss 4.4850, rec_loss 0.3179, p_loss 0.7009, quant_error 0.6271, utilization 0.0274, perplexity 1385.6498,
Train Epoch: [1/2] Iters:[50/80073] transplant_loss 4.1156, rec_loss 0.2794, p_loss 0.6760, quant_error 0.5806, utilization 0.0327, perplexity 1762.0948,
Train Epoch: [1/2] Iters:[60/80073] transplant_loss 3.3402, rec_loss 0.1813, p_loss 0.6051, quant_error 0.4480, utilization 0.0395, perplexity 2256.8258,
Train Epoch: [1/2] Iters:[70/80073] transplant_loss 2.7652, rec_loss 0.1353, p_loss 0.5300, quant_error 0.4086, utilization 0.0465, perplexity 2766.9629,
Train Epoch: [1/2] Iters:[80/80073] transplant_loss 2.2509, rec_loss 0.0988, p_loss 0.4513, quant_error 0.3722, utilization 0.0531, perplexity 3244.9424,
Train Epoch: [1/2] Iters:[90/80073] transplant_loss 1.8801, rec_loss 0.0751, p_loss 0.3788, quant_error 0.3408, utilization 0.0576, perplexity 3577.8225,
Train Epoch: [1/2] Iters:[100/80073] transplant_loss 1.6137, rec_loss 0.0595, p_loss 0.3166, quant_error 0.3194, utilization 0.0584, perplexity 3641.4963,
Train Epoch: [1/2] Iters:[110/80073] transplant_loss 1.3989, rec_loss 0.0495, p_loss 0.2818, quant_error 0.2928, utilization 0.0581, perplexity 3607.9359,
Train Epoch: [1/2] Iters:[120/80073] transplant_loss 1.2321, rec_loss 0.0435, p_loss 0.2616, quant_error 0.2653, utilization 0.0576, perplexity 3543.6446,
Train Epoch: [1/2] Iters:[130/80073] transplant_loss 1.1626, rec_loss 0.0421, p_loss 0.2550, quant_error 0.2556, utilization 0.0572, perplexity 3487.3043,
Train Epoch: [1/2] Iters:[140/80073] transplant_loss 1.1039, rec_loss 0.0412, p_loss 0.2489, quant_error 0.2453, utilization 0.0569, perplexity 3466.7512,
Train Epoch: [1/2] Iters:[150/80073] transplant_loss 1.0510, rec_loss 0.0396, p_loss 0.2445, quant_error 0.2349, utilization 0.0566, perplexity 3419.2475,
Train Epoch: [1/2] Iters:[160/80073] transplant_loss 1.0547, rec_loss 0.0408, p_loss 0.2461, quant_error 0.2369, utilization 0.0565, perplexity 3399.8882,
Train Epoch: [1/2] Iters:[170/80073] transplant_loss 1.0756, rec_loss 0.0423, p_loss 0.2485, quant_error 0.2432, utilization 0.0566, perplexity 3433.5656,
Train Epoch: [1/2] Iters:[180/80073] transplant_loss 1.0598, rec_loss 0.0410, p_loss 0.2460, quant_error 0.2407, utilization 0.0568, perplexity 3466.6739,
Train Epoch: [1/2] Iters:[190/80073] transplant_loss 1.0832, rec_loss 0.0420, p_loss 0.2477, quant_error 0.2476, utilization 0.0568, perplexity 3481.2753,
Train Epoch: [1/2] Iters:[200/80073] transplant_loss 1.0982, rec_loss 0.0426, p_loss 0.2483, quant_error 0.2524, utilization 0.0571, perplexity 3525.0893,
Train Epoch: [1/2] Iters:[210/80073] transplant_loss 1.0793, rec_loss 0.0410, p_loss 0.2428, quant_error 0.2493, utilization 0.0571, perplexity 3526.3990,
Train Epoch: [1/2] Iters:[220/80073] transplant_loss 1.0644, rec_loss 0.0409, p_loss 0.2398, quant_error 0.2458, utilization 0.0569, perplexity 3500.7355,
Train Epoch: [1/2] Iters:[230/80073] transplant_loss 1.0443, rec_loss 0.0401, p_loss 0.2357, quant_error 0.2411, utilization 0.0568, perplexity 3479.1907,
Train Epoch: [1/2] Iters:[240/80073] transplant_loss 1.0197, rec_loss 0.0385, p_loss 0.2311, quant_error 0.2355, utilization 0.0569, perplexity 3494.8254,
Train Epoch: [1/2] Iters:[250/80073] transplant_loss 1.0150, rec_loss 0.0378, p_loss 0.2300, quant_error 0.2350, utilization 0.0568, perplexity 3473.9929,
Train Epoch: [1/2] Iters:[260/80073] transplant_loss 0.9867, rec_loss 0.0368, p_loss 0.2286, quant_error 0.2267, utilization 0.0568, perplexity 3481.5141,
Train Epoch: [1/2] Iters:[270/80073] transplant_loss 0.9737, rec_loss 0.0353, p_loss 0.2265, quant_error 0.2238, utilization 0.0569, perplexity 3503.9808,
Train Epoch: [1/2] Iters:[280/80073] transplant_loss 0.9802, rec_loss 0.0357, p_loss 0.2274, quant_error 0.2255, utilization 0.0570, perplexity 3517.6873,
Train Epoch: [1/2] Iters:[290/80073] transplant_loss 0.9806, rec_loss 0.0360, p_loss 0.2286, quant_error 0.2253, utilization 0.0570, perplexity 3506.5419,
Train Epoch: [1/2] Iters:[300/80073] transplant_loss 0.9607, rec_loss 0.0363, p_loss 0.2261, quant_error 0.2191, utilization 0.0571, perplexity 3529.1856,
Train Epoch: [1/2] Iters:[310/80073] transplant_loss 0.9796, rec_loss 0.0369, p_loss 0.2263, quant_error 0.2250, utilization 0.0571, perplexity 3520.4486,
Train Epoch: [1/2] Iters:[320/80073] transplant_loss 0.9768, rec_loss 0.0368, p_loss 0.2253, quant_error 0.2244, utilization 0.0571, perplexity 3515.2940,
Train Epoch: [1/2] Iters:[330/80073] transplant_loss 0.9947, rec_loss 0.0380, p_loss 0.2274, quant_error 0.2289, utilization 0.0570, perplexity 3504.0558,
Train Epoch: [1/2] Iters:[340/80073] transplant_loss 0.9832, rec_loss 0.0374, p_loss 0.2242, quant_error 0.2265, utilization 0.0571, perplexity 3510.6657,
Train Epoch: [1/2] Iters:[350/80073] transplant_loss 0.9855, rec_loss 0.0363, p_loss 0.2230, quant_error 0.2285, utilization 0.0570, perplexity 3484.3076,
Train Epoch: [1/2] Iters:[360/80073] transplant_loss 0.9718, rec_loss 0.0360, p_loss 0.2228, quant_error 0.2242, utilization 0.0572, perplexity 3522.4021,
Train Epoch: [1/2] Iters:[370/80073] transplant_loss 0.9740, rec_loss 0.0358, p_loss 0.2247, quant_error 0.2246, utilization 0.0575, perplexity 3559.6012,
Train Epoch: [1/2] Iters:[380/80073] transplant_loss 0.9594, rec_loss 0.0343, p_loss 0.2218, quant_error 0.2214, utilization 0.0576, perplexity 3580.6153,
Train Epoch: [1/2] Iters:[390/80073] transplant_loss 0.9528, rec_loss 0.0339, p_loss 0.2220, quant_error 0.2195, utilization 0.0576, perplexity 3580.2547,
Train Epoch: [1/2] Iters:[400/80073] transplant_loss 0.9603, rec_loss 0.0347, p_loss 0.2222, quant_error 0.2213, utilization 0.0578, perplexity 3608.9810,
Train Epoch: [1/2] Iters:[410/80073] transplant_loss 0.9852, rec_loss 0.0357, p_loss 0.2250, quant_error 0.2279, utilization 0.0577, perplexity 3598.3848,
Train Epoch: [1/2] Iters:[420/80073] transplant_loss 0.9954, rec_loss 0.0361, p_loss 0.2242, quant_error 0.2313, utilization 0.0577, perplexity 3576.7569,
Train Epoch: [1/2] Iters:[430/80073] transplant_loss 0.9901, rec_loss 0.0358, p_loss 0.2224, quant_error 0.2302, utilization 0.0576, perplexity 3574.4112,
Train Epoch: [1/2] Iters:[440/80073] transplant_loss 1.0141, rec_loss 0.0367, p_loss 0.2243, quant_error 0.2369, utilization 0.0577, perplexity 3581.2623,
Train Epoch: [1/2] Iters:[450/80073] transplant_loss 0.9940, rec_loss 0.0357, p_loss 0.2225, quant_error 0.2319, utilization 0.0575, perplexity 3553.1840,
Train Epoch: [1/2] Iters:[460/80073] transplant_loss 0.9728, rec_loss 0.0347, p_loss 0.2194, quant_error 0.2266, utilization 0.0575, perplexity 3556.5435,
Train Epoch: [1/2] Iters:[470/80073] transplant_loss 0.9511, rec_loss 0.0340, p_loss 0.2150, quant_error 0.2212, utilization 0.0575, perplexity 3553.1621,
Train Epoch: [1/2] Iters:[480/80073] transplant_loss 0.9562, rec_loss 0.0344, p_loss 0.2164, quant_error 0.2225, utilization 0.0576, perplexity 3573.9023,
Train Epoch: [1/2] Iters:[490/80073] transplant_loss 0.9358, rec_loss 0.0338, p_loss 0.2141, quant_error 0.2168, utilization 0.0576, perplexity 3569.3706,
Train Epoch: [1/2] Iters:[500/80073] transplant_loss 0.9504, rec_loss 0.0345, p_loss 0.2156, quant_error 0.2207, utilization 0.0577, perplexity 3588.8174,
Train Epoch: [1/2] Iters:[510/80073] transplant_loss 0.9639, rec_loss 0.0345, p_loss 0.2167, quant_error 0.2250, utilization 0.0578, perplexity 3582.8524,
Train Epoch: [1/2] Iters:[520/80073] transplant_loss 0.9747, rec_loss 0.0348, p_loss 0.2199, quant_error 0.2273, utilization 0.0579, perplexity 3601.1456,
Train Epoch: [1/2] Iters:[530/80073] transplant_loss 0.9496, rec_loss 0.0336, p_loss 0.2182, quant_error 0.2200, utilization 0.0579, perplexity 3606.0291,
Train Epoch: [1/2] Iters:[540/80073] transplant_loss 0.9252, rec_loss 0.0319, p_loss 0.2147, quant_error 0.2139, utilization 0.0578, perplexity 3599.0423,
Train Epoch: [1/2] Iters:[550/80073] transplant_loss 0.8992, rec_loss 0.0307, p_loss 0.2123, quant_error 0.2067, utilization 0.0578, perplexity 3599.4635,
Train Epoch: [1/2] Iters:[560/80073] transplant_loss 0.8774, rec_loss 0.0298, p_loss 0.2100, quant_error 0.2005, utilization 0.0578, perplexity 3596.4342,
Train Epoch: [1/2] Iters:[570/80073] transplant_loss 0.8776, rec_loss 0.0297, p_loss 0.2082, quant_error 0.2012, utilization 0.0577, perplexity 3581.7519,
Train Epoch: [1/2] Iters:[580/80073] transplant_loss 0.9011, rec_loss 0.0310, p_loss 0.2104, quant_error 0.2075, utilization 0.0576, perplexity 3564.8870,
Train Epoch: [1/2] Iters:[590/80073] transplant_loss 0.9337, rec_loss 0.0328, p_loss 0.2133, quant_error 0.2164, utilization 0.0577, perplexity 3579.1679,
Train Epoch: [1/2] Iters:[600/80073] transplant_loss 0.9358, rec_loss 0.0332, p_loss 0.2142, quant_error 0.2166, utilization 0.0579, perplexity 3612.4933,
Train Epoch: [1/2] Iters:[610/80073] transplant_loss 0.9486, rec_loss 0.0338, p_loss 0.2134, quant_error 0.2207, utilization 0.0580, perplexity 3633.0459,
Train Epoch: [1/2] Iters:[620/80073] transplant_loss 0.9511, rec_loss 0.0337, p_loss 0.2142, quant_error 0.2213, utilization 0.0579, perplexity 3630.6889,
Train Epoch: [1/2] Iters:[630/80073] transplant_loss 0.9307, rec_loss 0.0329, p_loss 0.2112, quant_error 0.2161, utilization 0.0580, perplexity 3633.5179,
Train Epoch: [1/2] Iters:[640/80073] transplant_loss 0.9135, rec_loss 0.0322, p_loss 0.2109, quant_error 0.2111, utilization 0.0580, perplexity 3636.8992,
Train Epoch: [1/2] Iters:[650/80073] transplant_loss 0.9065, rec_loss 0.0316, p_loss 0.2085, quant_error 0.2100, utilization 0.0578, perplexity 3603.2008,
Train Epoch: [1/2] Iters:[660/80073] transplant_loss 0.8887, rec_loss 0.0312, p_loss 0.2080, quant_error 0.2046, utilization 0.0578, perplexity 3605.9415,
Train Epoch: [1/2] Iters:[670/80073] transplant_loss 0.8813, rec_loss 0.0312, p_loss 0.2074, quant_error 0.2023, utilization 0.0580, perplexity 3631.4411,
Train Epoch: [1/2] Iters:[680/80073] transplant_loss 0.8975, rec_loss 0.0316, p_loss 0.2093, quant_error 0.2069, utilization 0.0580, perplexity 3635.0875,
Train Epoch: [1/2] Iters:[690/80073] transplant_loss 0.9076, rec_loss 0.0322, p_loss 0.2088, quant_error 0.2098, utilization 0.0581, perplexity 3639.8003,
Train Epoch: [1/2] Iters:[700/80073] transplant_loss 0.9143, rec_loss 0.0325, p_loss 0.2086, quant_error 0.2119, utilization 0.0582, perplexity 3659.9773,
Train Epoch: [1/2] Iters:[710/80073] transplant_loss 0.9205, rec_loss 0.0325, p_loss 0.2087, quant_error 0.2139, utilization 0.0582, perplexity 3656.0012,
Train Epoch: [1/2] Iters:[720/80073] transplant_loss 0.9177, rec_loss 0.0323, p_loss 0.2080, quant_error 0.2136, utilization 0.0582, perplexity 3658.7773,
Train Epoch: [1/2] Iters:[730/80073] transplant_loss 0.9128, rec_loss 0.0318, p_loss 0.2063, quant_error 0.2128, utilization 0.0582, perplexity 3657.6397,
Train Epoch: [1/2] Iters:[740/80073] transplant_loss 0.8958, rec_loss 0.0303, p_loss 0.2042, quant_error 0.2088, utilization 0.0582, perplexity 3653.9802,
Train Epoch: [1/2] Iters:[750/80073] transplant_loss 0.9000, rec_loss 0.0302, p_loss 0.2070, quant_error 0.2094, utilization 0.0583, perplexity 3664.2555,
Train Epoch: [1/2] Iters:[760/80073] transplant_loss 0.8915, rec_loss 0.0301, p_loss 0.2054, quant_error 0.2072, utilization 0.0582, perplexity 3663.1508,
Train Epoch: [1/2] Iters:[770/80073] transplant_loss 0.8875, rec_loss 0.0303, p_loss 0.2054, quant_error 0.2059, utilization 0.0583, perplexity 3661.8193,
Train Epoch: [1/2] Iters:[780/80073] transplant_loss 0.8725, rec_loss 0.0299, p_loss 0.2052, quant_error 0.2011, utilization 0.0584, perplexity 3678.4172,
Train Epoch: [1/2] Iters:[790/80073] transplant_loss 0.9093, rec_loss 0.0318, p_loss 0.2096, quant_error 0.2106, utilization 0.0584, perplexity 3680.1463,
Train Epoch: [1/2] Iters:[800/80073] transplant_loss 0.9084, rec_loss 0.0324, p_loss 0.2081, quant_error 0.2104, utilization 0.0583, perplexity 3673.4162,
Train Epoch: [1/2] Iters:[810/80073] transplant_loss 0.9084, rec_loss 0.0319, p_loss 0.2074, quant_error 0.2108, utilization 0.0584, perplexity 3670.5558,
Train Epoch: [1/2] Iters:[820/80073] transplant_loss 0.9026, rec_loss 0.0318, p_loss 0.2051, quant_error 0.2092, utilization 0.0581, perplexity 3644.6137,
Train Epoch: [1/2] Iters:[830/80073] transplant_loss 0.9068, rec_loss 0.0319, p_loss 0.2039, quant_error 0.2110, utilization 0.0580, perplexity 3616.7293,
Train Epoch: [1/2] Iters:[840/80073] transplant_loss 0.8840, rec_loss 0.0309, p_loss 0.2010, quant_error 0.2051, utilization 0.0580, perplexity 3618.5568,
Train Epoch: [1/2] Iters:[850/80073] transplant_loss 0.8848, rec_loss 0.0303, p_loss 0.1996, quant_error 0.2061, utilization 0.0581, perplexity 3619.7179,
Train Epoch: [1/2] Iters:[860/80073] transplant_loss 0.8969, rec_loss 0.0313, p_loss 0.2017, quant_error 0.2086, utilization 0.0581, perplexity 3627.2063,
Train Epoch: [1/2] Iters:[870/80073] transplant_loss 0.9006, rec_loss 0.0311, p_loss 0.2034, quant_error 0.2096, utilization 0.0582, perplexity 3644.0662,
Train Epoch: [1/2] Iters:[880/80073] transplant_loss 0.9067, rec_loss 0.0313, p_loss 0.2049, quant_error 0.2113, utilization 0.0583, perplexity 3659.9976,
Train Epoch: [1/2] Iters:[890/80073] transplant_loss 0.8981, rec_loss 0.0310, p_loss 0.2051, quant_error 0.2086, utilization 0.0583, perplexity 3667.9594,
Train Epoch: [1/2] Iters:[900/80073] transplant_loss 0.8972, rec_loss 0.0312, p_loss 0.2052, quant_error 0.2082, utilization 0.0582, perplexity 3651.4244,
Train Epoch: [1/2] Iters:[910/80073] transplant_loss 0.8996, rec_loss 0.0310, p_loss 0.2049, quant_error 0.2093, utilization 0.0582, perplexity 3646.5827,
Train Epoch: [1/2] Iters:[920/80073] transplant_loss 0.9010, rec_loss 0.0308, p_loss 0.2050, quant_error 0.2102, utilization 0.0583, perplexity 3657.4877,
Train Epoch: [1/2] Iters:[930/80073] transplant_loss 0.9098, rec_loss 0.0317, p_loss 0.2055, quant_error 0.2120, utilization 0.0584, perplexity 3679.3184,
Train Epoch: [1/2] Iters:[940/80073] transplant_loss 0.9187, rec_loss 0.0327, p_loss 0.2054, quant_error 0.2141, utilization 0.0583, perplexity 3668.2834,
Train Epoch: [1/2] Iters:[950/80073] transplant_loss 0.9087, rec_loss 0.0324, p_loss 0.2060, quant_error 0.2108, utilization 0.0584, perplexity 3677.2622,
Train Epoch: [1/2] Iters:[960/80073] transplant_loss 0.9052, rec_loss 0.0326, p_loss 0.2077, quant_error 0.2091, utilization 0.0584, perplexity 3682.9623,
Train Epoch: [1/2] Iters:[970/80073] transplant_loss 0.9101, rec_loss 0.0332, p_loss 0.2079, quant_error 0.2101, utilization 0.0583, perplexity 3660.5137,
Train Epoch: [1/2] Iters:[980/80073] transplant_loss 0.8958, rec_loss 0.0326, p_loss 0.2066, quant_error 0.2063, utilization 0.0581, perplexity 3632.6213,
Train Epoch: [1/2] Iters:[990/80073] transplant_loss 0.8825, rec_loss 0.0311, p_loss 0.2054, quant_error 0.2034, utilization 0.0581, perplexity 3638.6861,
Train Epoch: [1/2] Iters:[1000/80073] transplant_loss 0.8900, rec_loss 0.0309, p_loss 0.2045, quant_error 0.2067, utilization 0.0583, perplexity 3661.3482,
Train Epoch: [1/2] Iters:[1010/80073] transplant_loss 0.8681, rec_loss 0.0295, p_loss 0.2011, quant_error 0.2012, utilization 0.0583, perplexity 3652.2638,
Train Epoch: [1/2] Iters:[1020/80073] transplant_loss 0.8601, rec_loss 0.0293, p_loss 0.2005, quant_error 0.1990, utilization 0.0583, perplexity 3659.8383,
Train Epoch: [1/2] Iters:[1030/80073] transplant_loss 0.8538, rec_loss 0.0288, p_loss 0.2008, quant_error 0.1972, utilization 0.0582, perplexity 3656.2039,
Train Epoch: [1/2] Iters:[1040/80073] transplant_loss 0.8600, rec_loss 0.0296, p_loss 0.2028, quant_error 0.1983, utilization 0.0583, perplexity 3668.6607,
Train Epoch: [1/2] Iters:[1050/80073] transplant_loss 0.8587, rec_loss 0.0300, p_loss 0.2032, quant_error 0.1972, utilization 0.0582, perplexity 3652.4750,
Train Epoch: [1/2] Iters:[1060/80073] transplant_loss 0.8703, rec_loss 0.0304, p_loss 0.2034, quant_error 0.2008, utilization 0.0581, perplexity 3644.7752,
Train Epoch: [1/2] Iters:[1070/80073] transplant_loss 0.8700, rec_loss 0.0300, p_loss 0.2015, quant_error 0.2015, utilization 0.0580, perplexity 3632.1292,
Train Epoch: [1/2] Iters:[1080/80073] transplant_loss 0.8830, rec_loss 0.0309, p_loss 0.2020, quant_error 0.2051, utilization 0.0582, perplexity 3655.9637,
Train Epoch: [1/2] Iters:[1090/80073] transplant_loss 0.8800, rec_loss 0.0309, p_loss 0.2001, quant_error 0.2045, utilization 0.0580, perplexity 3633.4033,
Train Epoch: [1/2] Iters:[1100/80073] transplant_loss 0.8820, rec_loss 0.0308, p_loss 0.2003, quant_error 0.2053, utilization 0.0581, perplexity 3642.4985,
Train Epoch: [1/2] Iters:[1110/80073] transplant_loss 0.8689, rec_loss 0.0305, p_loss 0.1982, quant_error 0.2017, utilization 0.0581, perplexity 3636.9926,
Train Epoch: [1/2] Iters:[1120/80073] transplant_loss 0.8724, rec_loss 0.0307, p_loss 0.2005, quant_error 0.2020, utilization 0.0584, perplexity 3663.6208,
Train Epoch: [1/2] Iters:[1130/80073] transplant_loss 0.8747, rec_loss 0.0309, p_loss 0.1998, quant_error 0.2028, utilization 0.0583, perplexity 3644.8460,
Train Epoch: [1/2] Iters:[1140/80073] transplant_loss 0.8743, rec_loss 0.0305, p_loss 0.1987, quant_error 0.2032, utilization 0.0584, perplexity 3665.0683,
Train Epoch: [1/2] Iters:[1150/80073] transplant_loss 0.8704, rec_loss 0.0303, p_loss 0.1979, quant_error 0.2022, utilization 0.0581, perplexity 3625.9515,
Train Epoch: [1/2] Iters:[1160/80073] transplant_loss 0.8753, rec_loss 0.0297, p_loss 0.1987, quant_error 0.2041, utilization 0.0582, perplexity 3639.8807,
Train Epoch: [1/2] Iters:[1170/80073] transplant_loss 0.8841, rec_loss 0.0303, p_loss 0.1991, quant_error 0.2065, utilization 0.0582, perplexity 3626.6291,
Train Epoch: [1/2] Iters:[1180/80073] transplant_loss 0.8691, rec_loss 0.0287, p_loss 0.1969, quant_error 0.2033, utilization 0.0582, perplexity 3635.6733,
Train Epoch: [1/2] Iters:[1190/80073] transplant_loss 0.8898, rec_loss 0.0299, p_loss 0.1984, quant_error 0.2088, utilization 0.0580, perplexity 3608.8445,
Train Epoch: [1/2] Iters:[1200/80073] transplant_loss 0.8904, rec_loss 0.0308, p_loss 0.2006, quant_error 0.2079, utilization 0.0582, perplexity 3649.2213,
Train Epoch: [1/2] Iters:[1210/80073] transplant_loss 0.8994, rec_loss 0.0320, p_loss 0.2028, quant_error 0.2095, utilization 0.0583, perplexity 3660.8246,
Train Epoch: [1/2] Iters:[1220/80073] transplant_loss 0.8798, rec_loss 0.0305, p_loss 0.2010, quant_error 0.2045, utilization 0.0584, perplexity 3678.1024,
Train Epoch: [1/2] Iters:[1230/80073] transplant_loss 0.8845, rec_loss 0.0309, p_loss 0.2032, quant_error 0.2049, utilization 0.0584, perplexity 3667.9924,
Train Epoch: [1/2] Iters:[1240/80073] transplant_loss 0.8687, rec_loss 0.0298, p_loss 0.2049, quant_error 0.2000, utilization 0.0584, perplexity 3677.5445,
Train Epoch: [1/2] Iters:[1250/80073] transplant_loss 0.8746, rec_loss 0.0298, p_loss 0.2043, quant_error 0.2021, utilization 0.0584, perplexity 3678.1850,
Train Epoch: [1/2] Iters:[1260/80073] transplant_loss 0.8906, rec_loss 0.0307, p_loss 0.2051, quant_error 0.2067, utilization 0.0584, perplexity 3676.9870,
Train Epoch: [1/2] Iters:[1270/80073] transplant_loss 0.8961, rec_loss 0.0315, p_loss 0.2057, quant_error 0.2081, utilization 0.0585, perplexity 3680.7866,
Train Epoch: [1/2] Iters:[1280/80073] transplant_loss 0.9056, rec_loss 0.0329, p_loss 0.2064, quant_error 0.2103, utilization 0.0585, perplexity 3688.5374,
Train Epoch: [1/2] Iters:[1290/80073] transplant_loss 0.8983, rec_loss 0.0333, p_loss 0.2055, quant_error 0.2080, utilization 0.0585, perplexity 3705.8166,
Train Epoch: [1/2] Iters:[1300/80073] transplant_loss 0.9031, rec_loss 0.0331, p_loss 0.2059, quant_error 0.2099, utilization 0.0586, perplexity 3710.2319,
Train Epoch: [1/2] Iters:[1310/80073] transplant_loss 0.9086, rec_loss 0.0336, p_loss 0.2060, quant_error 0.2112, utilization 0.0587, perplexity 3719.8757,
Train Epoch: [1/2] Iters:[1320/80073] transplant_loss 0.9201, rec_loss 0.0340, p_loss 0.2069, quant_error 0.2145, utilization 0.0587, perplexity 3711.7902,
Train Epoch: [1/2] Iters:[1330/80073] transplant_loss 0.8961, rec_loss 0.0319, p_loss 0.2024, quant_error 0.2091, utilization 0.0586, perplexity 3689.5019,
Train Epoch: [1/2] Iters:[1340/80073] transplant_loss 0.8890, rec_loss 0.0310, p_loss 0.2003, quant_error 0.2078, utilization 0.0585, perplexity 3670.4255,
Train Epoch: [1/2] Iters:[1350/80073] transplant_loss 0.8864, rec_loss 0.0306, p_loss 0.1997, quant_error 0.2071, utilization 0.0584, perplexity 3666.1344,
Train Epoch: [1/2] Iters:[1360/80073] transplant_loss 0.8642, rec_loss 0.0290, p_loss 0.1961, quant_error 0.2021, utilization 0.0583, perplexity 3654.8222,
Train Epoch: [1/2] Iters:[1370/80073] transplant_loss 0.8479, rec_loss 0.0282, p_loss 0.1951, quant_error 0.1974, utilization 0.0583, perplexity 3667.2462,
Train Epoch: [1/2] Iters:[1380/80073] transplant_loss 0.8689, rec_loss 0.0291, p_loss 0.1984, quant_error 0.2028, utilization 0.0584, perplexity 3684.1093,
Train Epoch: [1/2] Iters:[1390/80073] transplant_loss 0.8811, rec_loss 0.0295, p_loss 0.1993, quant_error 0.2064, utilization 0.0585, perplexity 3698.4105,
Train Epoch: [1/2] Iters:[1400/80073] transplant_loss 0.8812, rec_loss 0.0299, p_loss 0.2001, quant_error 0.2058, utilization 0.0585, perplexity 3689.4641,
Train Epoch: [1/2] Iters:[1410/80073] transplant_loss 0.8870, rec_loss 0.0304, p_loss 0.2026, quant_error 0.2065, utilization 0.0585, perplexity 3689.8279,
Train Epoch: [1/2] Iters:[1420/80073] transplant_loss 0.8975, rec_loss 0.0307, p_loss 0.2027, quant_error 0.2098, utilization 0.0585, perplexity 3676.4994,
Train Epoch: [1/2] Iters:[1430/80073] transplant_loss 0.8911, rec_loss 0.0307, p_loss 0.2021, quant_error 0.2078, utilization 0.0585, perplexity 3682.2119,
Train Epoch: [1/2] Iters:[1440/80073] transplant_loss 0.8867, rec_loss 0.0304, p_loss 0.2019, quant_error 0.2068, utilization 0.0585, perplexity 3680.7379,
Train Epoch: [1/2] Iters:[1450/80073] transplant_loss 0.8783, rec_loss 0.0296, p_loss 0.1992, quant_error 0.2053, utilization 0.0584, perplexity 3667.6111,
Train Epoch: [1/2] Iters:[1460/80073] transplant_loss 0.8690, rec_loss 0.0291, p_loss 0.1978, quant_error 0.2027, utilization 0.0584, perplexity 3665.6739,
Train Epoch: [1/2] Iters:[1470/80073] transplant_loss 0.8742, rec_loss 0.0297, p_loss 0.1979, quant_error 0.2042, utilization 0.0584, perplexity 3670.1937,
Train Epoch: [1/2] Iters:[1480/80073] transplant_loss 0.8673, rec_loss 0.0291, p_loss 0.1969, quant_error 0.2026, utilization 0.0586, perplexity 3690.1202,
Train Epoch: [1/2] Iters:[1490/80073] transplant_loss 0.8810, rec_loss 0.0305, p_loss 0.1979, quant_error 0.2059, utilization 0.0585, perplexity 3690.0267,
Train Epoch: [1/2] Iters:[1500/80073] transplant_loss 0.8890, rec_loss 0.0321, p_loss 0.1994, quant_error 0.2074, utilization 0.0587, perplexity 3716.6988,
Train Epoch: [1/2] Iters:[1510/80073] transplant_loss 0.9108, rec_loss 0.0334, p_loss 0.2018, quant_error 0.2131, utilization 0.0588, perplexity 3724.6135,
Train Epoch: [1/2] Iters:[1520/80073] transplant_loss 0.9039, rec_loss 0.0334, p_loss 0.2006, quant_error 0.2111, utilization 0.0588, perplexity 3725.9621,
Train Epoch: [1/2] Iters:[1530/80073] transplant_loss 0.9117, rec_loss 0.0339, p_loss 0.2022, quant_error 0.2128, utilization 0.0587, perplexity 3706.3616,
Train Epoch: [1/2] Iters:[1540/80073] transplant_loss 0.9046, rec_loss 0.0330, p_loss 0.2014, quant_error 0.2113, utilization 0.0588, perplexity 3719.7791,
Train Epoch: [1/2] Iters:[1550/80073] transplant_loss 0.8818, rec_loss 0.0308, p_loss 0.1992, quant_error 0.2057, utilization 0.0586, perplexity 3698.8049,
Train Epoch: [1/2] Iters:[1560/80073] transplant_loss 0.8848, rec_loss 0.0305, p_loss 0.2004, quant_error 0.2068, utilization 0.0586, perplexity 3693.7758,
Train Epoch: [1/2] Iters:[1570/80073] transplant_loss 0.8790, rec_loss 0.0294, p_loss 0.1989, quant_error 0.2058, utilization 0.0586, perplexity 3691.7322,
Train Epoch: [1/2] Iters:[1580/80073] transplant_loss 0.8725, rec_loss 0.0296, p_loss 0.1965, quant_error 0.2045, utilization 0.0586, perplexity 3691.9444,
Train Epoch: [1/2] Iters:[1590/80073] transplant_loss 0.8621, rec_loss 0.0295, p_loss 0.1950, quant_error 0.2014, utilization 0.0585, perplexity 3676.3320,
Train Epoch: [1/2] Iters:[1600/80073] transplant_loss 0.8797, rec_loss 0.0309, p_loss 0.1970, quant_error 0.2057, utilization 0.0585, perplexity 3680.4085,
Train Epoch: [1/2] Iters:[1610/80073] transplant_loss 0.8403, rec_loss 0.0287, p_loss 0.1917, quant_error 0.1955, utilization 0.0584, perplexity 3680.8293,
Train Epoch: [1/2] Iters:[1620/80073] transplant_loss 0.8472, rec_loss 0.0294, p_loss 0.1934, quant_error 0.1969, utilization 0.0584, perplexity 3678.1933,
Train Epoch: [1/2] Iters:[1630/80073] transplant_loss 0.8642, rec_loss 0.0297, p_loss 0.1966, quant_error 0.2013, utilization 0.0585, perplexity 3694.0737,
Train Epoch: [1/2] Iters:[1640/80073] transplant_loss 0.8666, rec_loss 0.0297, p_loss 0.1977, quant_error 0.2017, utilization 0.0586, perplexity 3699.1844,
Train Epoch: [1/2] Iters:[1650/80073] transplant_loss 0.8669, rec_loss 0.0291, p_loss 0.1971, quant_error 0.2024, utilization 0.0587, perplexity 3717.0661,
Train Epoch: [1/2] Iters:[1660/80073] transplant_loss 0.8808, rec_loss 0.0306, p_loss 0.2000, quant_error 0.2053, utilization 0.0588, perplexity 3715.9207,
Train Epoch: [1/2] Iters:[1670/80073] transplant_loss 0.8679, rec_loss 0.0296, p_loss 0.1992, quant_error 0.2018, utilization 0.0587, perplexity 3716.6562,
Train Epoch: [1/2] Iters:[1680/80073] transplant_loss 0.8466, rec_loss 0.0288, p_loss 0.1964, quant_error 0.1962, utilization 0.0586, perplexity 3707.7784,
Train Epoch: [1/2] Iters:[1690/80073] transplant_loss 0.8618, rec_loss 0.0291, p_loss 0.1974, quant_error 0.2008, utilization 0.0586, perplexity 3710.9961,
Train Epoch: [1/2] Iters:[1700/80073] transplant_loss 0.8441, rec_loss 0.0284, p_loss 0.1960, quant_error 0.1956, utilization 0.0586, perplexity 3699.4980,
Train Epoch: [1/2] Iters:[1710/80073] transplant_loss 0.8599, rec_loss 0.0287, p_loss 0.1972, quant_error 0.2001, utilization 0.0586, perplexity 3710.7639,
Train Epoch: [1/2] Iters:[1720/80073] transplant_loss 0.8740, rec_loss 0.0298, p_loss 0.1985, quant_error 0.2036, utilization 0.0586, perplexity 3706.0693,
Train Epoch: [1/2] Iters:[1730/80073] transplant_loss 0.8932, rec_loss 0.0307, p_loss 0.2000, quant_error 0.2089, utilization 0.0586, perplexity 3697.9996,
Train Epoch: [1/2] Iters:[1740/80073] transplant_loss 0.8905, rec_loss 0.0305, p_loss 0.2005, quant_error 0.2080, utilization 0.0586, perplexity 3704.7545,
Train Epoch: [1/2] Iters:[1750/80073] transplant_loss 0.8997, rec_loss 0.0311, p_loss 0.2013, quant_error 0.2105, utilization 0.0587, perplexity 3715.0314,
Train Epoch: [1/2] Iters:[1760/80073] transplant_loss 0.9006, rec_loss 0.0312, p_loss 0.2023, quant_error 0.2105, utilization 0.0587, perplexity 3709.8547,
Train Epoch: [1/2] Iters:[1770/80073] transplant_loss 0.8974, rec_loss 0.0308, p_loss 0.2038, quant_error 0.2096, utilization 0.0588, perplexity 3726.2984,
Train Epoch: [1/2] Iters:[1780/80073] transplant_loss 0.8798, rec_loss 0.0300, p_loss 0.2027, quant_error 0.2046, utilization 0.0588, perplexity 3728.5020,
Train Epoch: [1/2] Iters:[1790/80073] transplant_loss 0.8650, rec_loss 0.0297, p_loss 0.2011, quant_error 0.2004, utilization 0.0586, perplexity 3706.8875,
Train Epoch: [1/2] Iters:[1800/80073] transplant_loss 0.8694, rec_loss 0.0300, p_loss 0.2015, quant_error 0.2016, utilization 0.0586, perplexity 3695.5192,
Train Epoch: [1/2] Iters:[1810/80073] transplant_loss 0.8573, rec_loss 0.0296, p_loss 0.1974, quant_error 0.1990, utilization 0.0585, perplexity 3686.5245,
Train Epoch: [1/2] Iters:[1820/80073] transplant_loss 0.8626, rec_loss 0.0301, p_loss 0.1956, quant_error 0.2008, utilization 0.0584, perplexity 3662.2882,
Train Epoch: [1/2] Iters:[1830/80073] transplant_loss 0.8558, rec_loss 0.0301, p_loss 0.1959, quant_error 0.1985, utilization 0.0584, perplexity 3666.7523,
Train Epoch: [1/2] Iters:[1840/80073] transplant_loss 0.8541, rec_loss 0.0299, p_loss 0.1951, quant_error 0.1983, utilization 0.0586, perplexity 3686.8521,
Train Epoch: [1/2] Iters:[1850/80073] transplant_loss 0.8597, rec_loss 0.0296, p_loss 0.1955, quant_error 0.2003, utilization 0.0586, perplexity 3698.3176,
Train Epoch: [1/2] Iters:[1860/80073] transplant_loss 0.8602, rec_loss 0.0296, p_loss 0.1977, quant_error 0.1997, utilization 0.0586, perplexity 3700.2760,
Train Epoch: [1/2] Iters:[1870/80073] transplant_loss 0.8674, rec_loss 0.0294, p_loss 0.2004, quant_error 0.2016, utilization 0.0588, perplexity 3726.3886,
Train Epoch: [1/2] Iters:[1880/80073] transplant_loss 0.8810, rec_loss 0.0293, p_loss 0.2023, quant_error 0.2055, utilization 0.0589, perplexity 3733.3776,
Train Epoch: [1/2] Iters:[1890/80073] transplant_loss 0.9124, rec_loss 0.0306, p_loss 0.2065, quant_error 0.2138, utilization 0.0590, perplexity 3741.2897,
Train Epoch: [1/2] Iters:[1900/80073] transplant_loss 0.9034, rec_loss 0.0307, p_loss 0.2064, quant_error 0.2110, utilization 0.0590, perplexity 3745.7281,
Train Epoch: [1/2] Iters:[1910/80073] transplant_loss 0.9029, rec_loss 0.0304, p_loss 0.2062, quant_error 0.2113, utilization 0.0591, perplexity 3758.1404,
Train Epoch: [1/2] Iters:[1920/80073] transplant_loss 0.8827, rec_loss 0.0303, p_loss 0.2033, quant_error 0.2055, utilization 0.0590, perplexity 3745.3351,
Train Epoch: [1/2] Iters:[1930/80073] transplant_loss 0.8854, rec_loss 0.0302, p_loss 0.2024, quant_error 0.2068, utilization 0.0588, perplexity 3726.4301,
Train Epoch: [1/2] Iters:[1940/80073] transplant_loss 0.8541, rec_loss 0.0290, p_loss 0.1993, quant_error 0.1981, utilization 0.0587, perplexity 3704.0236,
Train Epoch: [1/2] Iters:[1950/80073] transplant_loss 0.8378, rec_loss 0.0279, p_loss 0.1955, quant_error 0.1943, utilization 0.0585, perplexity 3670.3724,
Train Epoch: [1/2] Iters:[1960/80073] transplant_loss 0.8513, rec_loss 0.0284, p_loss 0.1955, quant_error 0.1986, utilization 0.0584, perplexity 3657.8244,
Train Epoch: [1/2] Iters:[1970/80073] transplant_loss 0.8708, rec_loss 0.0284, p_loss 0.1964, quant_error 0.2046, utilization 0.0584, perplexity 3662.0362,
Train Epoch: [1/2] Iters:[1980/80073] transplant_loss 0.8763, rec_loss 0.0296, p_loss 0.1976, quant_error 0.2052, utilization 0.0585, perplexity 3675.7857,
Train Epoch: [1/2] Iters:[1990/80073] transplant_loss 0.8775, rec_loss 0.0291, p_loss 0.1958, quant_error 0.2065, utilization 0.0585, perplexity 3686.3208,
Train Epoch: [1/2] Iters:[2000/80073] transplant_loss 0.8865, rec_loss 0.0304, p_loss 0.1973, quant_error 0.2082, utilization 0.0585, perplexity 3687.2956,
Train Epoch: [1/2] Iters:[2010/80073] transplant_loss 0.8814, rec_loss 0.0303, p_loss 0.1972, quant_error 0.2065, utilization 0.0585, perplexity 3689.6507,
Train Epoch: [1/2] Iters:[2020/80073] transplant_loss 0.8731, rec_loss 0.0302, p_loss 0.1966, quant_error 0.2039, utilization 0.0585, perplexity 3676.8768,
Train Epoch: [1/2] Iters:[2030/80073] transplant_loss 0.8681, rec_loss 0.0291, p_loss 0.1942, quant_error 0.2037, utilization 0.0585, perplexity 3687.3337,
Train Epoch: [1/2] Iters:[2040/80073] transplant_loss 0.8655, rec_loss 0.0302, p_loss 0.1951, quant_error 0.2017, utilization 0.0585, perplexity 3686.1886,
Train Epoch: [1/2] Iters:[2050/80073] transplant_loss 0.8635, rec_loss 0.0293, p_loss 0.1959, quant_error 0.2014, utilization 0.0586, perplexity 3704.3493,
Train Epoch: [1/2] Iters:[2060/80073] transplant_loss 0.8534, rec_loss 0.0291, p_loss 0.1946, quant_error 0.1988, utilization 0.0586, perplexity 3701.2680,
Train Epoch: [1/2] Iters:[2070/80073] transplant_loss 0.8414, rec_loss 0.0286, p_loss 0.1941, quant_error 0.1955, utilization 0.0586, perplexity 3708.2654,
Train Epoch: [1/2] Iters:[2080/80073] transplant_loss 0.8428, rec_loss 0.0301, p_loss 0.1970, quant_error 0.1940, utilization 0.0586, perplexity 3699.8213,
Train Epoch: [1/2] Iters:[2090/80073] transplant_loss 0.8520, rec_loss 0.0302, p_loss 0.1991, quant_error 0.1964, utilization 0.0586, perplexity 3696.8334,
Train Epoch: [1/2] Iters:[2100/80073] transplant_loss 0.8501, rec_loss 0.0304, p_loss 0.1990, quant_error 0.1956, utilization 0.0586, perplexity 3698.6980,
Train Epoch: [1/2] Iters:[2110/80073] transplant_loss 0.8557, rec_loss 0.0306, p_loss 0.1993, quant_error 0.1969, utilization 0.0586, perplexity 3696.4008,
Train Epoch: [1/2] Iters:[2120/80073] transplant_loss 0.8665, rec_loss 0.0319, p_loss 0.2017, quant_error 0.1990, utilization 0.0587, perplexity 3709.5280,
Train Epoch: [1/2] Iters:[2130/80073] transplant_loss 0.8727, rec_loss 0.0319, p_loss 0.2007, quant_error 0.2014, utilization 0.0587, perplexity 3699.4575,
Train Epoch: [1/2] Iters:[2140/80073] transplant_loss 0.8670, rec_loss 0.0306, p_loss 0.1983, quant_error 0.2011, utilization 0.0587, perplexity 3708.2903,
Train Epoch: [1/2] Iters:[2150/80073] transplant_loss 0.8680, rec_loss 0.0303, p_loss 0.1980, quant_error 0.2015, utilization 0.0586, perplexity 3702.1442,
Train Epoch: [1/2] Iters:[2160/80073] transplant_loss 0.8618, rec_loss 0.0307, p_loss 0.1992, quant_error 0.1991, utilization 0.0587, perplexity 3714.0596,
Train Epoch: [1/2] Iters:[2170/80073] transplant_loss 0.8638, rec_loss 0.0300, p_loss 0.1979, quant_error 0.2004, utilization 0.0587, perplexity 3712.1567,
Train Epoch: [1/2] Iters:[2180/80073] transplant_loss 0.8487, rec_loss 0.0285, p_loss 0.1972, quant_error 0.1967, utilization 0.0587, perplexity 3720.1987,
Train Epoch: [1/2] Iters:[2190/80073] transplant_loss 0.8635, rec_loss 0.0303, p_loss 0.1995, quant_error 0.1998, utilization 0.0586, perplexity 3708.2688,
Train Epoch: [1/2] Iters:[2200/80073] transplant_loss 0.8811, rec_loss 0.0314, p_loss 0.2019, quant_error 0.2040, utilization 0.0587, perplexity 3716.8724,
Train Epoch: [1/2] Iters:[2210/80073] transplant_loss 0.8757, rec_loss 0.0305, p_loss 0.2010, quant_error 0.2031, utilization 0.0587, perplexity 3718.7184,
Train Epoch: [1/2] Iters:[2220/80073] transplant_loss 0.8677, rec_loss 0.0302, p_loss 0.2006, quant_error 0.2008, utilization 0.0586, perplexity 3695.9132,
Train Epoch: [1/2] Iters:[2230/80073] transplant_loss 0.8672, rec_loss 0.0298, p_loss 0.2001, quant_error 0.2009, utilization 0.0587, perplexity 3706.9427,
Train Epoch: [1/2] Iters:[2240/80073] transplant_loss 0.8647, rec_loss 0.0298, p_loss 0.2006, quant_error 0.1999, utilization 0.0587, perplexity 3708.5100,
Train Epoch: [1/2] Iters:[2250/80073] transplant_loss 0.8653, rec_loss 0.0303, p_loss 0.2005, quant_error 0.2000, utilization 0.0587, perplexity 3707.3036,
Train Epoch: [1/2] Iters:[2260/80073] transplant_loss 0.8717, rec_loss 0.0307, p_loss 0.2013, quant_error 0.2017, utilization 0.0588, perplexity 3716.5776,
Train Epoch: [1/2] Iters:[2270/80073] transplant_loss 0.8673, rec_loss 0.0305, p_loss 0.2002, quant_error 0.2006, utilization 0.0588, perplexity 3716.5022,
Train Epoch: [1/2] Iters:[2280/80073] transplant_loss 0.8692, rec_loss 0.0308, p_loss 0.2009, quant_error 0.2008, utilization 0.0587, perplexity 3709.8353,
Train Epoch: [1/2] Iters:[2290/80073] transplant_loss 0.8719, rec_loss 0.0299, p_loss 0.2002, quant_error 0.2026, utilization 0.0588, perplexity 3718.4979,
Train Epoch: [1/2] Iters:[2300/80073] transplant_loss 0.8611, rec_loss 0.0288, p_loss 0.1975, quant_error 0.2005, utilization 0.0588, perplexity 3714.9406,
Train Epoch: [1/2] Iters:[2310/80073] transplant_loss 0.8726, rec_loss 0.0288, p_loss 0.1978, quant_error 0.2041, utilization 0.0587, perplexity 3701.4684,
Train Epoch: [1/2] Iters:[2320/80073] transplant_loss 0.8778, rec_loss 0.0294, p_loss 0.1979, quant_error 0.2057, utilization 0.0587, perplexity 3700.4286,
Train Epoch: [1/2] Iters:[2330/80073] transplant_loss 0.8865, rec_loss 0.0299, p_loss 0.1982, quant_error 0.2080, utilization 0.0586, perplexity 3699.6770,
Train Epoch: [1/2] Iters:[2340/80073] transplant_loss 0.8727, rec_loss 0.0301, p_loss 0.1968, quant_error 0.2038, utilization 0.0586, perplexity 3693.5565,
Train Epoch: [1/2] Iters:[2350/80073] transplant_loss 0.8851, rec_loss 0.0305, p_loss 0.1993, quant_error 0.2070, utilization 0.0585, perplexity 3689.7345,
Train Epoch: [1/2] Iters:[2360/80073] transplant_loss 0.8730, rec_loss 0.0306, p_loss 0.1991, quant_error 0.2029, utilization 0.0585, perplexity 3679.7465,
Train Epoch: [1/2] Iters:[2370/80073] transplant_loss 0.8872, rec_loss 0.0313, p_loss 0.2011, quant_error 0.2067, utilization 0.0587, perplexity 3709.7592,
Train Epoch: [1/2] Iters:[2380/80073] transplant_loss 0.8768, rec_loss 0.0307, p_loss 0.2010, quant_error 0.2036, utilization 0.0587, perplexity 3703.4604,
Train Epoch: [1/2] Iters:[2390/80073] transplant_loss 0.8844, rec_loss 0.0304, p_loss 0.2022, quant_error 0.2059, utilization 0.0588, perplexity 3704.1343,
Train Epoch: [1/2] Iters:[2400/80073] transplant_loss 0.8636, rec_loss 0.0293, p_loss 0.1994, quant_error 0.2004, utilization 0.0588, perplexity 3714.5045,
Train Epoch: [1/2] Iters:[2410/80073] transplant_loss 0.8664, rec_loss 0.0296, p_loss 0.1996, quant_error 0.2012, utilization 0.0589, perplexity 3729.6023,
Train Epoch: [1/2] Iters:[2420/80073] transplant_loss 0.8416, rec_loss 0.0283, p_loss 0.1973, quant_error 0.1944, utilization 0.0587, perplexity 3710.5069,
Train Epoch: [1/2] Iters:[2430/80073] transplant_loss 0.8399, rec_loss 0.0286, p_loss 0.1956, quant_error 0.1945, utilization 0.0587, perplexity 3717.1966,
Train Epoch: [1/2] Iters:[2440/80073] transplant_loss 0.8400, rec_loss 0.0287, p_loss 0.1947, quant_error 0.1945, utilization 0.0587, perplexity 3709.5251,
Train Epoch: [1/2] Iters:[2450/80073] transplant_loss 0.8486, rec_loss 0.0298, p_loss 0.1959, quant_error 0.1966, utilization 0.0587, perplexity 3711.1374,
Train Epoch: [1/2] Iters:[2460/80073] transplant_loss 0.8387, rec_loss 0.0290, p_loss 0.1937, quant_error 0.1943, utilization 0.0587, perplexity 3711.0396,
Train Epoch: [1/2] Iters:[2470/80073] transplant_loss 0.8511, rec_loss 0.0291, p_loss 0.1931, quant_error 0.1985, utilization 0.0588, perplexity 3712.3416,
Train Epoch: [1/2] Iters:[2480/80073] transplant_loss 0.8728, rec_loss 0.0304, p_loss 0.1958, quant_error 0.2042, utilization 0.0588, perplexity 3716.8253,
Train Epoch: [1/2] Iters:[2490/80073] transplant_loss 0.8737, rec_loss 0.0306, p_loss 0.1970, quant_error 0.2041, utilization 0.0589, perplexity 3729.0325,
Train Epoch: [1/2] Iters:[2500/80073] transplant_loss 0.8767, rec_loss 0.0305, p_loss 0.1971, quant_error 0.2048, utilization 0.0587, perplexity 3713.4861,
Train Epoch: [1/2] Iters:[2510/80073] transplant_loss 0.8769, rec_loss 0.0305, p_loss 0.1965, quant_error 0.2052, utilization 0.0586, perplexity 3696.7643,
Train Epoch: [1/2] Iters:[2520/80073] transplant_loss 0.8631, rec_loss 0.0298, p_loss 0.1959, quant_error 0.2013, utilization 0.0587, perplexity 3707.7615,
Train Epoch: [1/2] Iters:[2530/80073] transplant_loss 0.8501, rec_loss 0.0290, p_loss 0.1955, quant_error 0.1976, utilization 0.0586, perplexity 3701.2540,
Train Epoch: [1/2] Iters:[2540/80073] transplant_loss 0.8433, rec_loss 0.0282, p_loss 0.1940, quant_error 0.1966, utilization 0.0585, perplexity 3693.1159,
Train Epoch: [1/2] Iters:[2550/80073] transplant_loss 0.8379, rec_loss 0.0276, p_loss 0.1934, quant_error 0.1954, utilization 0.0586, perplexity 3702.4425,
Train Epoch: [1/2] Iters:[2560/80073] transplant_loss 0.8453, rec_loss 0.0280, p_loss 0.1954, quant_error 0.1970, utilization 0.0588, perplexity 3724.5844,
Train Epoch: [1/2] Iters:[2570/80073] transplant_loss 0.8676, rec_loss 0.0292, p_loss 0.1976, quant_error 0.2031, utilization 0.0588, perplexity 3727.0820,
Train Epoch: [1/2] Iters:[2580/80073] transplant_loss 0.8715, rec_loss 0.0294, p_loss 0.1965, quant_error 0.2044, utilization 0.0588, perplexity 3732.7701,
Train Epoch: [1/2] Iters:[2590/80073] transplant_loss 0.8786, rec_loss 0.0301, p_loss 0.1982, quant_error 0.2057, utilization 0.0589, perplexity 3745.7513,
Train Epoch: [1/2] Iters:[2600/80073] transplant_loss 0.8769, rec_loss 0.0298, p_loss 0.1992, quant_error 0.2051, utilization 0.0590, perplexity 3752.0995,
Train Epoch: [1/2] Iters:[2610/80073] transplant_loss 0.8721, rec_loss 0.0295, p_loss 0.1976, quant_error 0.2041, utilization 0.0589, perplexity 3737.6251,
Train Epoch: [1/2] Iters:[2620/80073] transplant_loss 0.8614, rec_loss 0.0294, p_loss 0.1977, quant_error 0.2002, utilization 0.0588, perplexity 3733.1590,
Train Epoch: [1/2] Iters:[2630/80073] transplant_loss 0.8453, rec_loss 0.0286, p_loss 0.1967, quant_error 0.1957, utilization 0.0587, perplexity 3710.0726,
Train Epoch: [1/2] Iters:[2640/80073] transplant_loss 0.8421, rec_loss 0.0285, p_loss 0.1956, quant_error 0.1951, utilization 0.0586, perplexity 3694.0100,
Train Epoch: [1/2] Iters:[2650/80073] transplant_loss 0.8585, rec_loss 0.0296, p_loss 0.1977, quant_error 0.1991, utilization 0.0587, perplexity 3705.2411,
Train Epoch: [1/2] Iters:[2660/80073] transplant_loss 0.8690, rec_loss 0.0301, p_loss 0.1997, quant_error 0.2014, utilization 0.0586, perplexity 3701.7825,
Train Epoch: [1/2] Iters:[2670/80073] transplant_loss 0.8752, rec_loss 0.0295, p_loss 0.1990, quant_error 0.2042, utilization 0.0587, perplexity 3710.3945,
Train Epoch: [1/2] Iters:[2680/80073] transplant_loss 0.8767, rec_loss 0.0293, p_loss 0.1991, quant_error 0.2048, utilization 0.0589, perplexity 3736.1007,
Train Epoch: [1/2] Iters:[2690/80073] transplant_loss 0.8583, rec_loss 0.0285, p_loss 0.1968, quant_error 0.1998, utilization 0.0589, perplexity 3743.2254,
Train Epoch: [1/2] Iters:[2700/80073] transplant_loss 0.8507, rec_loss 0.0280, p_loss 0.1941, quant_error 0.1984, utilization 0.0588, perplexity 3723.1981,
Train Epoch: [1/2] Iters:[2710/80073] transplant_loss 0.8469, rec_loss 0.0274, p_loss 0.1935, quant_error 0.1979, utilization 0.0589, perplexity 3728.8777,
Train Epoch: [1/2] Iters:[2720/80073] transplant_loss 0.8515, rec_loss 0.0285, p_loss 0.1947, quant_error 0.1981, utilization 0.0587, perplexity 3715.5784,
Train Epoch: [1/2] Iters:[2730/80073] transplant_loss 0.8498, rec_loss 0.0287, p_loss 0.1953, quant_error 0.1973, utilization 0.0587, perplexity 3706.8229,
Train Epoch: [1/2] Iters:[2740/80073] transplant_loss 0.8628, rec_loss 0.0293, p_loss 0.1976, quant_error 0.2005, utilization 0.0587, perplexity 3706.4738,
Train Epoch: [1/2] Iters:[2750/80073] transplant_loss 0.8604, rec_loss 0.0292, p_loss 0.1991, quant_error 0.1995, utilization 0.0587, perplexity 3705.4432,
Train Epoch: [1/2] Iters:[2760/80073] transplant_loss 0.8559, rec_loss 0.0296, p_loss 0.1982, quant_error 0.1979, utilization 0.0586, perplexity 3698.1821,
Train Epoch: [1/2] Iters:[2770/80073] transplant_loss 0.8557, rec_loss 0.0294, p_loss 0.1983, quant_error 0.1979, utilization 0.0586, perplexity 3693.3750,
Train Epoch: [1/2] Iters:[2780/80073] transplant_loss 0.8757, rec_loss 0.0306, p_loss 0.1985, quant_error 0.2037, utilization 0.0587, perplexity 3702.1418,
Train Epoch: [1/2] Iters:[2790/80073] transplant_loss 0.8832, rec_loss 0.0308, p_loss 0.1985, quant_error 0.2059, utilization 0.0587, perplexity 3702.1619,
Train Epoch: [1/2] Iters:[2800/80073] transplant_loss 0.8747, rec_loss 0.0304, p_loss 0.1966, quant_error 0.2040, utilization 0.0587, perplexity 3710.2170,
Train Epoch: [1/2] Iters:[2810/80073] transplant_loss 0.8799, rec_loss 0.0302, p_loss 0.1959, quant_error 0.2062, utilization 0.0587, perplexity 3715.3039,
Train Epoch: [1/2] Iters:[2820/80073] transplant_loss 0.8730, rec_loss 0.0301, p_loss 0.1961, quant_error 0.2042, utilization 0.0588, perplexity 3720.3938,
Train Epoch: [1/2] Iters:[2830/80073] transplant_loss 0.8672, rec_loss 0.0294, p_loss 0.1961, quant_error 0.2026, utilization 0.0587, perplexity 3709.3481,
Train Epoch: [1/2] Iters:[2840/80073] transplant_loss 0.8664, rec_loss 0.0292, p_loss 0.1957, quant_error 0.2028, utilization 0.0587, perplexity 3709.5293,
Train Epoch: [1/2] Iters:[2850/80073] transplant_loss 0.8759, rec_loss 0.0297, p_loss 0.1957, quant_error 0.2056, utilization 0.0587, perplexity 3707.7139,
Train Epoch: [1/2] Iters:[2860/80073] transplant_loss 0.8812, rec_loss 0.0305, p_loss 0.1982, quant_error 0.2063, utilization 0.0589, perplexity 3723.9993,
Train Epoch: [1/2] Iters:[2870/80073] transplant_loss 0.8827, rec_loss 0.0302, p_loss 0.1977, quant_error 0.2071, utilization 0.0588, perplexity 3714.9082,
Train Epoch: [1/2] Iters:[2880/80073] transplant_loss 0.8689, rec_loss 0.0294, p_loss 0.1964, quant_error 0.2036, utilization 0.0588, perplexity 3720.0533,
Train Epoch: [1/2] Iters:[2890/80073] transplant_loss 0.8739, rec_loss 0.0302, p_loss 0.1982, quant_error 0.2041, utilization 0.0587, perplexity 3716.9778,
Train Epoch: [1/2] Iters:[2900/80073] transplant_loss 0.8717, rec_loss 0.0300, p_loss 0.2008, quant_error 0.2026, utilization 0.0588, perplexity 3725.7845,
Train Epoch: [1/2] Iters:[2910/80073] transplant_loss 0.8655, rec_loss 0.0298, p_loss 0.1991, quant_error 0.2009, utilization 0.0587, perplexity 3709.9900,
Train Epoch: [1/2] Iters:[2920/80073] transplant_loss 0.8681, rec_loss 0.0300, p_loss 0.1983, quant_error 0.2021, utilization 0.0587, perplexity 3712.8905,
Train Epoch: [1/2] Iters:[2930/80073] transplant_loss 0.8876, rec_loss 0.0309, p_loss 0.2004, quant_error 0.2074, utilization 0.0587, perplexity 3708.7647,
Train Epoch: [1/2] Iters:[2940/80073] transplant_loss 0.8890, rec_loss 0.0305, p_loss 0.2009, quant_error 0.2080, utilization 0.0588, perplexity 3713.3631,
Train Epoch: [1/2] Iters:[2950/80073] transplant_loss 0.9120, rec_loss 0.0317, p_loss 0.2027, quant_error 0.2143, utilization 0.0587, perplexity 3698.9086,
Train Epoch: [1/2] Iters:[2960/80073] transplant_loss 0.9047, rec_loss 0.0311, p_loss 0.2015, quant_error 0.2130, utilization 0.0585, perplexity 3677.0452,
Train Epoch: [1/2] Iters:[2970/80073] transplant_loss 0.8922, rec_loss 0.0305, p_loss 0.2006, quant_error 0.2093, utilization 0.0585, perplexity 3679.3549,
Train Epoch: [1/2] Iters:[2980/80073] transplant_loss 0.8807, rec_loss 0.0301, p_loss 0.1992, quant_error 0.2060, utilization 0.0585, perplexity 3680.2764,
Train Epoch: [1/2] Iters:[2990/80073] transplant_loss 0.8729, rec_loss 0.0300, p_loss 0.1976, quant_error 0.2041, utilization 0.0585, perplexity 3675.3859,
Train Epoch: [1/2] Iters:[3000/80073] transplant_loss 0.8415, rec_loss 0.0285, p_loss 0.1913, quant_error 0.1964, utilization 0.0584, perplexity 3669.1175,
Train Epoch: [1/2] Iters:[3010/80073] transplant_loss 0.8429, rec_loss 0.0281, p_loss 0.1912, quant_error 0.1972, utilization 0.0586, perplexity 3699.0828,
Train Epoch: [1/2] Iters:[3020/80073] transplant_loss 0.8445, rec_loss 0.0282, p_loss 0.1928, quant_error 0.1971, utilization 0.0588, perplexity 3713.9061,
Train Epoch: [1/2] Iters:[3030/80073] transplant_loss 0.8498, rec_loss 0.0285, p_loss 0.1942, quant_error 0.1982, utilization 0.0588, perplexity 3712.0066,
Train Epoch: [1/2] Iters:[3040/80073] transplant_loss 0.8438, rec_loss 0.0277, p_loss 0.1942, quant_error 0.1963, utilization 0.0588, perplexity 3717.2444,
Train Epoch: [1/2] Iters:[3050/80073] transplant_loss 0.8536, rec_loss 0.0279, p_loss 0.1964, quant_error 0.1987, utilization 0.0588, perplexity 3715.7102,
Train Epoch: [1/2] Iters:[3060/80073] transplant_loss 0.8502, rec_loss 0.0283, p_loss 0.1968, quant_error 0.1970, utilization 0.0587, perplexity 3701.7247,
Train Epoch: [1/2] Iters:[3070/80073] transplant_loss 0.8625, rec_loss 0.0292, p_loss 0.2000, quant_error 0.1995, utilization 0.0587, perplexity 3700.1846,
Train Epoch: [1/2] Iters:[3080/80073] transplant_loss 0.8349, rec_loss 0.0280, p_loss 0.1957, quant_error 0.1924, utilization 0.0586, perplexity 3687.6433,
Train Epoch: [1/2] Iters:[3090/80073] transplant_loss 0.8410, rec_loss 0.0286, p_loss 0.1958, quant_error 0.1941, utilization 0.0585, perplexity 3682.4710,
Train Epoch: [1/2] Iters:[3100/80073] transplant_loss 0.8427, rec_loss 0.0287, p_loss 0.1967, quant_error 0.1947, utilization 0.0586, perplexity 3695.0517,
Train Epoch: [1/2] Iters:[3110/80073] transplant_loss 0.8559, rec_loss 0.0293, p_loss 0.1993, quant_error 0.1981, utilization 0.0587, perplexity 3699.1322,
Train Epoch: [1/2] Iters:[3120/80073] transplant_loss 0.8480, rec_loss 0.0287, p_loss 0.1949, quant_error 0.1972, utilization 0.0587, perplexity 3692.4843,
Train Epoch: [1/2] Iters:[3130/80073] transplant_loss 0.8860, rec_loss 0.0304, p_loss 0.2008, quant_error 0.2072, utilization 0.0589, perplexity 3719.8251,
Train Epoch: [1/2] Iters:[3140/80073] transplant_loss 0.8874, rec_loss 0.0303, p_loss 0.2005, quant_error 0.2076, utilization 0.0589, perplexity 3727.3333,
Train Epoch: [1/2] Iters:[3150/80073] transplant_loss 0.8952, rec_loss 0.0309, p_loss 0.2004, quant_error 0.2099, utilization 0.0589, perplexity 3726.0869,
Train Epoch: [1/2] Iters:[3160/80073] transplant_loss 0.8875, rec_loss 0.0302, p_loss 0.1994, quant_error 0.2080, utilization 0.0589, perplexity 3729.0583,
Train Epoch: [1/2] Iters:[3170/80073] transplant_loss 0.8789, rec_loss 0.0298, p_loss 0.1998, quant_error 0.2052, utilization 0.0588, perplexity 3721.4216,
Train Epoch: [1/2] Iters:[3180/80073] transplant_loss 0.8700, rec_loss 0.0298, p_loss 0.1965, quant_error 0.2032, utilization 0.0587, perplexity 3713.9629,
Train Epoch: [1/2] Iters:[3190/80073] transplant_loss 0.8719, rec_loss 0.0301, p_loss 0.1979, quant_error 0.2035, utilization 0.0587, perplexity 3708.4699,
Train Epoch: [1/2] Iters:[3200/80073] transplant_loss 0.8529, rec_loss 0.0291, p_loss 0.1965, quant_error 0.1982, utilization 0.0586, perplexity 3696.5577,
Train Epoch: [1/2] Iters:[3210/80073] transplant_loss 0.8477, rec_loss 0.0288, p_loss 0.1963, quant_error 0.1964, utilization 0.0587, perplexity 3705.7346,
Train Epoch: [1/2] Iters:[3220/80073] transplant_loss 0.8661, rec_loss 0.0293, p_loss 0.1976, quant_error 0.2021, utilization 0.0587, perplexity 3699.4294,
Train Epoch: [1/2] Iters:[3230/80073] transplant_loss 0.8573, rec_loss 0.0289, p_loss 0.1985, quant_error 0.1990, utilization 0.0587, perplexity 3712.1527,
Train Epoch: [1/2] Iters:[3240/80073] transplant_loss 0.8579, rec_loss 0.0292, p_loss 0.1974, quant_error 0.1992, utilization 0.0588, perplexity 3724.2621,
Train Epoch: [1/2] Iters:[3250/80073] transplant_loss 0.8796, rec_loss 0.0308, p_loss 0.2000, quant_error 0.2046, utilization 0.0590, perplexity 3750.9967,
Train Epoch: [1/2] Iters:[3260/80073] transplant_loss 0.8936, rec_loss 0.0309, p_loss 0.2004, quant_error 0.2091, utilization 0.0590, perplexity 3758.0575,
Train Epoch: [1/2] Iters:[3270/80073] transplant_loss 0.8702, rec_loss 0.0300, p_loss 0.1971, quant_error 0.2028, utilization 0.0590, perplexity 3750.5960,
Train Epoch: [1/2] Iters:[3280/80073] transplant_loss 0.8647, rec_loss 0.0295, p_loss 0.1952, quant_error 0.2020, utilization 0.0588, perplexity 3731.7071,
Train Epoch: [1/2] Iters:[3290/80073] transplant_loss 0.8490, rec_loss 0.0283, p_loss 0.1916, quant_error 0.1986, utilization 0.0587, perplexity 3710.3557,
Train Epoch: [1/2] Iters:[3300/80073] transplant_loss 0.8373, rec_loss 0.0273, p_loss 0.1910, quant_error 0.1957, utilization 0.0587, perplexity 3708.2070,
Train Epoch: [1/2] Iters:[3310/80073] transplant_loss 0.8290, rec_loss 0.0279, p_loss 0.1905, quant_error 0.1929, utilization 0.0586, perplexity 3686.6314,
Train Epoch: [1/2] Iters:[3320/80073] transplant_loss 0.8457, rec_loss 0.0286, p_loss 0.1917, quant_error 0.1976, utilization 0.0587, perplexity 3703.7446,
Train Epoch: [1/2] Iters:[3330/80073] transplant_loss 0.8526, rec_loss 0.0289, p_loss 0.1946, quant_error 0.1989, utilization 0.0588, perplexity 3712.6371,
Train Epoch: [1/2] Iters:[3340/80073] transplant_loss 0.8488, rec_loss 0.0290, p_loss 0.1961, quant_error 0.1971, utilization 0.0589, perplexity 3729.7376,
Train Epoch: [1/2] Iters:[3350/80073] transplant_loss 0.8628, rec_loss 0.0297, p_loss 0.1966, quant_error 0.2011, utilization 0.0589, perplexity 3724.8078,
Train Epoch: [1/2] Iters:[3360/80073] transplant_loss 0.8585, rec_loss 0.0294, p_loss 0.1964, quant_error 0.1999, utilization 0.0590, perplexity 3746.6599,
Train Epoch: [1/2] Iters:[3370/80073] transplant_loss 0.8561, rec_loss 0.0291, p_loss 0.1974, quant_error 0.1991, utilization 0.0590, perplexity 3738.7263,
Train Epoch: [1/2] Iters:[3380/80073] transplant_loss 0.8533, rec_loss 0.0290, p_loss 0.1941, quant_error 0.1989, utilization 0.0588, perplexity 3726.2860,
Train Epoch: [1/2] Iters:[3390/80073] transplant_loss 0.8582, rec_loss 0.0293, p_loss 0.1943, quant_error 0.2003, utilization 0.0586, perplexity 3686.3073,
Train Epoch: [1/2] Iters:[3400/80073] transplant_loss 0.8481, rec_loss 0.0284, p_loss 0.1936, quant_error 0.1977, utilization 0.0586, perplexity 3691.5291,
Train Epoch: [1/2] Iters:[3410/80073] transplant_loss 0.8443, rec_loss 0.0280, p_loss 0.1926, quant_error 0.1969, utilization 0.0585, perplexity 3669.2311,
Train Epoch: [1/2] Iters:[3420/80073] transplant_loss 0.8391, rec_loss 0.0285, p_loss 0.1924, quant_error 0.1949, utilization 0.0585, perplexity 3661.4946,
Train Epoch: [1/2] Iters:[3430/80073] transplant_loss 0.8541, rec_loss 0.0292, p_loss 0.1961, quant_error 0.1984, utilization 0.0585, perplexity 3662.9527,
Train Epoch: [1/2] Iters:[3440/80073] transplant_loss 0.8639, rec_loss 0.0301, p_loss 0.1984, quant_error 0.2004, utilization 0.0588, perplexity 3709.4822,
Train Epoch: [1/2] Iters:[3450/80073] transplant_loss 0.8620, rec_loss 0.0303, p_loss 0.1991, quant_error 0.1991, utilization 0.0586, perplexity 3682.1521,
Train Epoch: [1/2] Iters:[3460/80073] transplant_loss 0.8739, rec_loss 0.0307, p_loss 0.2011, quant_error 0.2023, utilization 0.0586, perplexity 3679.0445,
Train Epoch: [1/2] Iters:[3470/80073] transplant_loss 0.8834, rec_loss 0.0310, p_loss 0.2019, quant_error 0.2051, utilization 0.0586, perplexity 3676.4534,
Train Epoch: [1/2] Iters:[3480/80073] transplant_loss 0.8712, rec_loss 0.0300, p_loss 0.1996, quant_error 0.2026, utilization 0.0586, perplexity 3690.0181,
Train Epoch: [1/2] Iters:[3490/80073] transplant_loss 0.8673, rec_loss 0.0295, p_loss 0.1984, quant_error 0.2019, utilization 0.0586, perplexity 3689.8208,
Train Epoch: [1/2] Iters:[3500/80073] transplant_loss 0.8677, rec_loss 0.0290, p_loss 0.1984, quant_error 0.2026, utilization 0.0588, perplexity 3717.5395,
Train Epoch: [1/2] Iters:[3510/80073] transplant_loss 0.8634, rec_loss 0.0295, p_loss 0.1974, quant_error 0.2011, utilization 0.0588, perplexity 3714.7466,
Train Epoch: [1/2] Iters:[3520/80073] transplant_loss 0.8643, rec_loss 0.0292, p_loss 0.1975, quant_error 0.2016, utilization 0.0589, perplexity 3739.6444,
Train Epoch: [1/2] Iters:[3530/80073] transplant_loss 0.8575, rec_loss 0.0292, p_loss 0.1976, quant_error 0.1995, utilization 0.0588, perplexity 3720.8161,
Train Epoch: [1/2] Iters:[3540/80073] transplant_loss 0.8539, rec_loss 0.0283, p_loss 0.1970, quant_error 0.1991, utilization 0.0588, perplexity 3721.4847,
Train Epoch: [1/2] Iters:[3550/80073] transplant_loss 0.8516, rec_loss 0.0284, p_loss 0.1956, quant_error 0.1987, utilization 0.0588, perplexity 3723.7058,
Train Epoch: [1/2] Iters:[3560/80073] transplant_loss 0.8513, rec_loss 0.0280, p_loss 0.1951, quant_error 0.1989, utilization 0.0589, perplexity 3735.9213,
Train Epoch: [1/2] Iters:[3570/80073] transplant_loss 0.8388, rec_loss 0.0271, p_loss 0.1935, quant_error 0.1955, utilization 0.0588, perplexity 3727.0674,
Train Epoch: [1/2] Iters:[3580/80073] transplant_loss 0.8464, rec_loss 0.0276, p_loss 0.1953, quant_error 0.1969, utilization 0.0589, perplexity 3738.4084,
Train Epoch: [1/2] Iters:[3590/80073] transplant_loss 0.8632, rec_loss 0.0295, p_loss 0.1978, quant_error 0.2002, utilization 0.0588, perplexity 3732.6125,
Train Epoch: [1/2] Iters:[3600/80073] transplant_loss 0.8690, rec_loss 0.0302, p_loss 0.1994, quant_error 0.2012, utilization 0.0588, perplexity 3724.2650,
Train Epoch: [1/2] Iters:[3610/80073] transplant_loss 0.8587, rec_loss 0.0296, p_loss 0.1995, quant_error 0.1982, utilization 0.0588, perplexity 3716.9177,
Train Epoch: [1/2] Iters:[3620/80073] transplant_loss 0.8593, rec_loss 0.0303, p_loss 0.2004, quant_error 0.1977, utilization 0.0588, perplexity 3725.4714,
Train Epoch: [1/2] Iters:[3630/80073] transplant_loss 0.8788, rec_loss 0.0310, p_loss 0.2010, quant_error 0.2037, utilization 0.0589, perplexity 3730.5684,
Train Epoch: [1/2] Iters:[3640/80073] transplant_loss 0.8747, rec_loss 0.0304, p_loss 0.1994, quant_error 0.2033, utilization 0.0589, perplexity 3742.4856,
Train Epoch: [1/2] Iters:[3650/80073] transplant_loss 0.8593, rec_loss 0.0294, p_loss 0.1954, quant_error 0.2002, utilization 0.0588, perplexity 3719.7942,
Train Epoch: [1/2] Iters:[3660/80073] transplant_loss 0.8608, rec_loss 0.0296, p_loss 0.1939, quant_error 0.2010, utilization 0.0586, perplexity 3693.6008,
Train Epoch: [1/2] Iters:[3670/80073] transplant_loss 0.8743, rec_loss 0.0303, p_loss 0.1940, quant_error 0.2049, utilization 0.0586, perplexity 3689.0025,
Train Epoch: [1/2] Iters:[3680/80073] transplant_loss 0.8578, rec_loss 0.0290, p_loss 0.1922, quant_error 0.2007, utilization 0.0586, perplexity 3683.4195,
Train Epoch: [1/2] Iters:[3690/80073] transplant_loss 0.8534, rec_loss 0.0283, p_loss 0.1921, quant_error 0.1999, utilization 0.0585, perplexity 3670.8802,
Train Epoch: [1/2] Iters:[3700/80073] transplant_loss 0.8677, rec_loss 0.0292, p_loss 0.1954, quant_error 0.2029, utilization 0.0586, perplexity 3683.3391,
Train Epoch: [1/2] Iters:[3710/80073] transplant_loss 0.8741, rec_loss 0.0291, p_loss 0.1960, quant_error 0.2051, utilization 0.0586, perplexity 3696.9929,
Train Epoch: [1/2] Iters:[3720/80073] transplant_loss 0.8732, rec_loss 0.0293, p_loss 0.1977, quant_error 0.2044, utilization 0.0586, perplexity 3701.1869,
Train Epoch: [1/2] Iters:[3730/80073] transplant_loss 0.8661, rec_loss 0.0294, p_loss 0.1975, quant_error 0.2022, utilization 0.0587, perplexity 3702.8482,
Train Epoch: [1/2] Iters:[3740/80073] transplant_loss 0.8471, rec_loss 0.0284, p_loss 0.1941, quant_error 0.1972, utilization 0.0586, perplexity 3688.1261,
Train Epoch: [1/2] Iters:[3750/80073] transplant_loss 0.8400, rec_loss 0.0278, p_loss 0.1929, quant_error 0.1957, utilization 0.0586, perplexity 3688.0318,
Train Epoch: [1/2] Iters:[3760/80073] transplant_loss 0.8580, rec_loss 0.0287, p_loss 0.1956, quant_error 0.2000, utilization 0.0587, perplexity 3710.3105,
Train Epoch: [1/2] Iters:[3770/80073] transplant_loss 0.8546, rec_loss 0.0279, p_loss 0.1942, quant_error 0.1997, utilization 0.0587, perplexity 3715.2348,
Train Epoch: [1/2] Iters:[3780/80073] transplant_loss 0.8596, rec_loss 0.0287, p_loss 0.1946, quant_error 0.2007, utilization 0.0588, perplexity 3722.1820,
Train Epoch: [1/2] Iters:[3790/80073] transplant_loss 0.8731, rec_loss 0.0297, p_loss 0.1978, quant_error 0.2039, utilization 0.0588, perplexity 3735.4502,
Train Epoch: [1/2] Iters:[3800/80073] transplant_loss 0.8719, rec_loss 0.0297, p_loss 0.1984, quant_error 0.2035, utilization 0.0588, perplexity 3729.6286,
Train Epoch: [1/2] Iters:[3810/80073] transplant_loss 0.8555, rec_loss 0.0289, p_loss 0.1966, quant_error 0.1991, utilization 0.0588, perplexity 3732.5754,
Train Epoch: [1/2] Iters:[3820/80073] transplant_loss 0.8530, rec_loss 0.0292, p_loss 0.1973, quant_error 0.1979, utilization 0.0587, perplexity 3715.9443,
Train Epoch: [1/2] Iters:[3830/80073] transplant_loss 0.8512, rec_loss 0.0288, p_loss 0.1979, quant_error 0.1974, utilization 0.0587, perplexity 3701.3036,
Train Epoch: [1/2] Iters:[3840/80073] transplant_loss 0.8609, rec_loss 0.0294, p_loss 0.1987, quant_error 0.1999, utilization 0.0588, perplexity 3704.8884,
Train Epoch: [1/2] Iters:[3850/80073] transplant_loss 0.8675, rec_loss 0.0299, p_loss 0.1998, quant_error 0.2012, utilization 0.0589, perplexity 3729.6869,
Train Epoch: [1/2] Iters:[3860/80073] transplant_loss 0.8786, rec_loss 0.0312, p_loss 0.2020, quant_error 0.2033, utilization 0.0589, perplexity 3731.0954,
Train Epoch: [1/2] Iters:[3870/80073] transplant_loss 0.8675, rec_loss 0.0302, p_loss 0.1998, quant_error 0.2011, utilization 0.0589, perplexity 3733.9065,
Train Epoch: [1/2] Iters:[3880/80073] transplant_loss 0.8563, rec_loss 0.0299, p_loss 0.1970, quant_error 0.1983, utilization 0.0589, perplexity 3743.4031,
Train Epoch: [1/2] Iters:[3890/80073] transplant_loss 0.8538, rec_loss 0.0299, p_loss 0.1974, quant_error 0.1974, utilization 0.0589, perplexity 3743.1684,
Train Epoch: [1/2] Iters:[3900/80073] transplant_loss 0.8396, rec_loss 0.0292, p_loss 0.1954, quant_error 0.1939, utilization 0.0588, perplexity 3733.8885,
Train Epoch: [1/2] Iters:[3910/80073] transplant_loss 0.8358, rec_loss 0.0287, p_loss 0.1956, quant_error 0.1930, utilization 0.0588, perplexity 3732.5652,
Train Epoch: [1/2] Iters:[3920/80073] transplant_loss 0.8388, rec_loss 0.0293, p_loss 0.1950, quant_error 0.1938, utilization 0.0588, perplexity 3730.1129,
Train Epoch: [1/2] Iters:[3930/80073] transplant_loss 0.8576, rec_loss 0.0297, p_loss 0.1963, quant_error 0.1993, utilization 0.0589, perplexity 3730.8298,
Train Epoch: [1/2] Iters:[3940/80073] transplant_loss 0.8321, rec_loss 0.0281, p_loss 0.1925, quant_error 0.1928, utilization 0.0588, perplexity 3726.2543,
Train Epoch: [1/2] Iters:[3950/80073] transplant_loss 0.8384, rec_loss 0.0285, p_loss 0.1929, quant_error 0.1944, utilization 0.0587, perplexity 3715.0028,
Train Epoch: [1/2] Iters:[3960/80073] transplant_loss 0.8196, rec_loss 0.0274, p_loss 0.1892, quant_error 0.1902, utilization 0.0588, perplexity 3713.4650,
Train Epoch: [1/2] Iters:[3970/80073] transplant_loss 0.8354, rec_loss 0.0277, p_loss 0.1910, quant_error 0.1948, utilization 0.0587, perplexity 3698.1003,
Train Epoch: [1/2] Iters:[3980/80073] transplant_loss 0.8283, rec_loss 0.0273, p_loss 0.1912, quant_error 0.1927, utilization 0.0588, perplexity 3710.7239,
Train Epoch: [1/2] Iters:[3990/80073] transplant_loss 0.8534, rec_loss 0.0285, p_loss 0.1937, quant_error 0.1998, utilization 0.0589, perplexity 3719.6871,
Train Epoch: [1/2] Iters:[4000/80073] transplant_loss 0.8622, rec_loss 0.0294, p_loss 0.1939, quant_error 0.2020, utilization 0.0589, perplexity 3723.4088,
Train Epoch: [1/2] Iters:[4010/80073] transplant_loss 0.8688, rec_loss 0.0295, p_loss 0.1947, quant_error 0.2036, utilization 0.0587, perplexity 3704.4153,
Train Epoch: [1/2] Iters:[4020/80073] transplant_loss 0.8565, rec_loss 0.0294, p_loss 0.1943, quant_error 0.1997, utilization 0.0589, perplexity 3734.0014,
Train Epoch: [1/2] Iters:[4030/80073] transplant_loss 0.8650, rec_loss 0.0299, p_loss 0.1947, quant_error 0.2022, utilization 0.0588, perplexity 3721.1805,
Train Epoch: [1/2] Iters:[4040/80073] transplant_loss 0.8579, rec_loss 0.0293, p_loss 0.1939, quant_error 0.2002, utilization 0.0587, perplexity 3701.3000,
Train Epoch: [1/2] Iters:[4050/80073] transplant_loss 0.8483, rec_loss 0.0282, p_loss 0.1930, quant_error 0.1981, utilization 0.0586, perplexity 3697.8621,
Train Epoch: [1/2] Iters:[4060/80073] transplant_loss 0.8581, rec_loss 0.0291, p_loss 0.1942, quant_error 0.2004, utilization 0.0587, perplexity 3710.6650,
Train Epoch: [1/2] Iters:[4070/80073] transplant_loss 0.8598, rec_loss 0.0287, p_loss 0.1950, quant_error 0.2008, utilization 0.0586, perplexity 3697.1877,
Train Epoch: [1/2] Iters:[4080/80073] transplant_loss 0.8658, rec_loss 0.0292, p_loss 0.1960, quant_error 0.2021, utilization 0.0586, perplexity 3695.0219,
Train Epoch: [1/2] Iters:[4090/80073] transplant_loss 0.8788, rec_loss 0.0299, p_loss 0.1976, quant_error 0.2057, utilization 0.0586, perplexity 3686.8400,
Train Epoch: [1/2] Iters:[4100/80073] transplant_loss 0.8882, rec_loss 0.0308, p_loss 0.1997, quant_error 0.2078, utilization 0.0587, perplexity 3701.6338,
Train Epoch: [1/2] Iters:[4110/80073] transplant_loss 0.8873, rec_loss 0.0303, p_loss 0.1997, quant_error 0.2081, utilization 0.0587, perplexity 3699.6330,
Train Epoch: [1/2] Iters:[4120/80073] transplant_loss 0.8925, rec_loss 0.0305, p_loss 0.1992, quant_error 0.2099, utilization 0.0588, perplexity 3716.8462,
Train Epoch: [1/2] Iters:[4130/80073] transplant_loss 0.8774, rec_loss 0.0301, p_loss 0.1993, quant_error 0.2050, utilization 0.0587, perplexity 3709.9451,
Train Epoch: [1/2] Iters:[4140/80073] transplant_loss 0.8695, rec_loss 0.0303, p_loss 0.1995, quant_error 0.2022, utilization 0.0589, perplexity 3736.3972,
Train Epoch: [1/2] Iters:[4150/80073] transplant_loss 0.8553, rec_loss 0.0292, p_loss 0.1958, quant_error 0.1990, utilization 0.0587, perplexity 3713.0764,
Train Epoch: [1/2] Iters:[4160/80073] transplant_loss 0.8563, rec_loss 0.0292, p_loss 0.1965, quant_error 0.1990, utilization 0.0587, perplexity 3715.9570,
Train Epoch: [1/2] Iters:[4170/80073] transplant_loss 0.8589, rec_loss 0.0296, p_loss 0.1963, quant_error 0.1997, utilization 0.0587, perplexity 3706.6767,
Train Epoch: [1/2] Iters:[4180/80073] transplant_loss 0.8474, rec_loss 0.0288, p_loss 0.1939, quant_error 0.1972, utilization 0.0588, perplexity 3721.5641,
Train Epoch: [1/2] Iters:[4190/80073] transplant_loss 0.8512, rec_loss 0.0284, p_loss 0.1930, quant_error 0.1991, utilization 0.0587, perplexity 3706.3611,
Train Epoch: [1/2] Iters:[4200/80073] transplant_loss 0.8624, rec_loss 0.0293, p_loss 0.1961, quant_error 0.2013, utilization 0.0589, perplexity 3729.3671,
Train Epoch: [1/2] Iters:[4210/80073] transplant_loss 0.8694, rec_loss 0.0297, p_loss 0.1953, quant_error 0.2036, utilization 0.0590, perplexity 3744.3629,
Train Epoch: [1/2] Iters:[4220/80073] transplant_loss 0.8648, rec_loss 0.0296, p_loss 0.1967, quant_error 0.2018, utilization 0.0590, perplexity 3752.5419,
Train Epoch: [1/2] Iters:[4230/80073] transplant_loss 0.8651, rec_loss 0.0294, p_loss 0.1963, quant_error 0.2019, utilization 0.0589, perplexity 3739.2385,
Train Epoch: [1/2] Iters:[4240/80073] transplant_loss 0.8486, rec_loss 0.0288, p_loss 0.1945, quant_error 0.1972, utilization 0.0589, perplexity 3744.4620,
Train Epoch: [1/2] Iters:[4250/80073] transplant_loss 0.8419, rec_loss 0.0280, p_loss 0.1939, quant_error 0.1957, utilization 0.0589, perplexity 3739.0721,
Train Epoch: [1/2] Iters:[4260/80073] transplant_loss 0.8323, rec_loss 0.0273, p_loss 0.1944, quant_error 0.1927, utilization 0.0588, perplexity 3731.5743,
Train Epoch: [1/2] Iters:[4270/80073] transplant_loss 0.8200, rec_loss 0.0265, p_loss 0.1915, quant_error 0.1899, utilization 0.0588, perplexity 3727.2017,
Train Epoch: [1/2] Iters:[4280/80073] transplant_loss 0.8298, rec_loss 0.0272, p_loss 0.1939, quant_error 0.1922, utilization 0.0589, perplexity 3734.3888,
Train Epoch: [1/2] Iters:[4290/80073] transplant_loss 0.8455, rec_loss 0.0285, p_loss 0.1969, quant_error 0.1957, utilization 0.0589, perplexity 3734.1576,
Train Epoch: [1/2] Iters:[4300/80073] transplant_loss 0.8546, rec_loss 0.0295, p_loss 0.1968, quant_error 0.1981, utilization 0.0587, perplexity 3707.9324,
Train Epoch: [1/2] Iters:[4310/80073] transplant_loss 0.8577, rec_loss 0.0300, p_loss 0.1970, quant_error 0.1988, utilization 0.0588, perplexity 3717.5953,
Train Epoch: [1/2] Iters:[4320/80073] transplant_loss 0.8632, rec_loss 0.0300, p_loss 0.1981, quant_error 0.2003, utilization 0.0588, perplexity 3722.5456,
Train Epoch: [1/2] Iters:[4330/80073] transplant_loss 0.8614, rec_loss 0.0300, p_loss 0.1973, quant_error 0.1999, utilization 0.0588, perplexity 3717.9679,
Train Epoch: [1/2] Iters:[4340/80073] transplant_loss 0.8568, rec_loss 0.0290, p_loss 0.1967, quant_error 0.1991, utilization 0.0588, perplexity 3719.9424,
Train Epoch: [1/2] Iters:[4350/80073] transplant_loss 0.8477, rec_loss 0.0289, p_loss 0.1950, quant_error 0.1966, utilization 0.0589, perplexity 3732.6885,
Train Epoch: [1/2] Iters:[4360/80073] transplant_loss 0.8322, rec_loss 0.0278, p_loss 0.1928, quant_error 0.1930, utilization 0.0588, perplexity 3717.8575,
Train Epoch: [1/2] Iters:[4370/80073] transplant_loss 0.8319, rec_loss 0.0277, p_loss 0.1925, quant_error 0.1929, utilization 0.0587, perplexity 3700.4974,
Train Epoch: [1/2] Iters:[4380/80073] transplant_loss 0.8415, rec_loss 0.0284, p_loss 0.1937, quant_error 0.1953, utilization 0.0587, perplexity 3698.4417,
Train Epoch: [1/2] Iters:[4390/80073] transplant_loss 0.8400, rec_loss 0.0286, p_loss 0.1925, quant_error 0.1950, utilization 0.0587, perplexity 3701.5962,
Train Epoch: [1/2] Iters:[4400/80073] transplant_loss 0.8575, rec_loss 0.0287, p_loss 0.1965, quant_error 0.1997, utilization 0.0588, perplexity 3713.6469,
Train Epoch: [1/2] Iters:[4410/80073] transplant_loss 0.8615, rec_loss 0.0291, p_loss 0.1966, quant_error 0.2006, utilization 0.0587, perplexity 3698.9004,
Train Epoch: [1/2] Iters:[4420/80073] transplant_loss 0.8626, rec_loss 0.0295, p_loss 0.1958, quant_error 0.2011, utilization 0.0587, perplexity 3698.3854,
Train Epoch: [1/2] Iters:[4430/80073] transplant_loss 0.8464, rec_loss 0.0280, p_loss 0.1915, quant_error 0.1980, utilization 0.0587, perplexity 3705.7695,
Train Epoch: [1/2] Iters:[4440/80073] transplant_loss 0.8479, rec_loss 0.0281, p_loss 0.1919, quant_error 0.1983, utilization 0.0587, perplexity 3707.2248,
Train Epoch: [1/2] Iters:[4450/80073] transplant_loss 0.8387, rec_loss 0.0279, p_loss 0.1898, quant_error 0.1962, utilization 0.0587, perplexity 3708.3747,
Train Epoch: [1/2] Iters:[4460/80073] transplant_loss 0.8586, rec_loss 0.0292, p_loss 0.1919, quant_error 0.2015, utilization 0.0589, perplexity 3733.6637,
Train Epoch: [1/2] Iters:[4470/80073] transplant_loss 0.8593, rec_loss 0.0296, p_loss 0.1942, quant_error 0.2008, utilization 0.0590, perplexity 3747.8704,
Train Epoch: [1/2] Iters:[4480/80073] transplant_loss 0.8708, rec_loss 0.0307, p_loss 0.1973, quant_error 0.2029, utilization 0.0589, perplexity 3738.2933,
Train Epoch: [1/2] Iters:[4490/80073] transplant_loss 0.8661, rec_loss 0.0306, p_loss 0.1964, quant_error 0.2017, utilization 0.0589, perplexity 3734.0490,
Train Epoch: [1/2] Iters:[4500/80073] transplant_loss 0.8641, rec_loss 0.0299, p_loss 0.1962, quant_error 0.2012, utilization 0.0588, perplexity 3731.3223,
Train Epoch: [1/2] Iters:[4510/80073] transplant_loss 0.8501, rec_loss 0.0289, p_loss 0.1945, quant_error 0.1975, utilization 0.0587, perplexity 3716.5660,
Train Epoch: [1/2] Iters:[4520/80073] transplant_loss 0.8593, rec_loss 0.0288, p_loss 0.1942, quant_error 0.2008, utilization 0.0587, perplexity 3721.1557,
Train Epoch: [1/2] Iters:[4530/80073] transplant_loss 0.8696, rec_loss 0.0288, p_loss 0.1955, quant_error 0.2041, utilization 0.0588, perplexity 3721.5424,
Train Epoch: [1/2] Iters:[4540/80073] transplant_loss 0.8761, rec_loss 0.0286, p_loss 0.1960, quant_error 0.2060, utilization 0.0587, perplexity 3708.6785,
Train Epoch: [1/2] Iters:[4550/80073] transplant_loss 0.8830, rec_loss 0.0296, p_loss 0.1971, quant_error 0.2076, utilization 0.0588, perplexity 3716.6876,
Train Epoch: [1/2] Iters:[4560/80073] transplant_loss 0.8925, rec_loss 0.0307, p_loss 0.1988, quant_error 0.2098, utilization 0.0589, perplexity 3727.1502,
Train Epoch: [1/2] Iters:[4570/80073] transplant_loss 0.8798, rec_loss 0.0303, p_loss 0.1981, quant_error 0.2059, utilization 0.0588, perplexity 3709.3812,
Train Epoch: [1/2] Iters:[4580/80073] transplant_loss 0.8780, rec_loss 0.0305, p_loss 0.1988, quant_error 0.2046, utilization 0.0588, perplexity 3723.5369,
Train Epoch: [1/2] Iters:[4590/80073] transplant_loss 0.8748, rec_loss 0.0304, p_loss 0.1992, quant_error 0.2035, utilization 0.0590, perplexity 3742.7635,
Train Epoch: [1/2] Iters:[4600/80073] transplant_loss 0.8739, rec_loss 0.0304, p_loss 0.1986, quant_error 0.2036, utilization 0.0589, perplexity 3737.7384,
Train Epoch: [1/2] Iters:[4610/80073] transplant_loss 0.8773, rec_loss 0.0300, p_loss 0.1987, quant_error 0.2048, utilization 0.0589, perplexity 3739.3760,
Train Epoch: [1/2] Iters:[4620/80073] transplant_loss 0.8914, rec_loss 0.0309, p_loss 0.1987, quant_error 0.2092, utilization 0.0590, perplexity 3740.4299,
Train Epoch: [1/2] Iters:[4630/80073] transplant_loss 0.8871, rec_loss 0.0314, p_loss 0.1984, quant_error 0.2078, utilization 0.0589, perplexity 3732.9221,
Train Epoch: [1/2] Iters:[4640/80073] transplant_loss 0.8822, rec_loss 0.0316, p_loss 0.1975, quant_error 0.2063, utilization 0.0588, perplexity 3721.9915,
Train Epoch: [1/2] Iters:[4650/80073] transplant_loss 0.8801, rec_loss 0.0319, p_loss 0.1984, quant_error 0.2050, utilization 0.0588, perplexity 3720.9902,
Train Epoch: [1/2] Iters:[4660/80073] transplant_loss 0.8590, rec_loss 0.0306, p_loss 0.1957, quant_error 0.1995, utilization 0.0588, perplexity 3719.5781,
Train Epoch: [1/2] Iters:[4670/80073] transplant_loss 0.8518, rec_loss 0.0299, p_loss 0.1967, quant_error 0.1970, utilization 0.0589, perplexity 3735.9894,
Train Epoch: [1/2] Iters:[4680/80073] transplant_loss 0.8332, rec_loss 0.0275, p_loss 0.1927, quant_error 0.1932, utilization 0.0589, perplexity 3738.4317,
Train Epoch: [1/2] Iters:[4690/80073] transplant_loss 0.8208, rec_loss 0.0269, p_loss 0.1897, quant_error 0.1904, utilization 0.0588, perplexity 3712.3055,
Train Epoch: [1/2] Iters:[4700/80073] transplant_loss 0.8279, rec_loss 0.0268, p_loss 0.1903, quant_error 0.1923, utilization 0.0588, perplexity 3711.6749,
Train Epoch: [1/2] Iters:[4710/80073] transplant_loss 0.8261, rec_loss 0.0264, p_loss 0.1905, quant_error 0.1920, utilization 0.0588, perplexity 3713.7265,
Train Epoch: [1/2] Iters:[4720/80073] transplant_loss 0.8194, rec_loss 0.0262, p_loss 0.1867, quant_error 0.1912, utilization 0.0587, perplexity 3688.9806,
Train Epoch: [1/2] Iters:[4730/80073] transplant_loss 0.8479, rec_loss 0.0281, p_loss 0.1890, quant_error 0.1990, utilization 0.0587, perplexity 3683.6790,
Train Epoch: [1/2] Iters:[4740/80073] transplant_loss 0.8589, rec_loss 0.0287, p_loss 0.1930, quant_error 0.2013, utilization 0.0588, perplexity 3712.5424,
Train Epoch: [1/2] Iters:[4750/80073] transplant_loss 0.8473, rec_loss 0.0284, p_loss 0.1918, quant_error 0.1983, utilization 0.0588, perplexity 3715.7731,
Train Epoch: [1/2] Iters:[4760/80073] transplant_loss 0.8518, rec_loss 0.0300, p_loss 0.1930, quant_error 0.1981, utilization 0.0588, perplexity 3699.3946,
Train Epoch: [1/2] Iters:[4770/80073] transplant_loss 0.8576, rec_loss 0.0297, p_loss 0.1953, quant_error 0.1993, utilization 0.0588, perplexity 3721.9431,
Train Epoch: [1/2] Iters:[4780/80073] transplant_loss 0.8474, rec_loss 0.0297, p_loss 0.1963, quant_error 0.1956, utilization 0.0589, perplexity 3730.7501,
Train Epoch: [1/2] Iters:[4790/80073] transplant_loss 0.8546, rec_loss 0.0301, p_loss 0.1973, quant_error 0.1973, utilization 0.0590, perplexity 3742.8701,
Train Epoch: [1/2] Iters:[4800/80073] transplant_loss 0.8568, rec_loss 0.0300, p_loss 0.1976, quant_error 0.1980, utilization 0.0589, perplexity 3736.2111,
Train Epoch: [1/2] Iters:[4810/80073] transplant_loss 0.8634, rec_loss 0.0294, p_loss 0.1974, quant_error 0.2007, utilization 0.0590, perplexity 3741.2594,
Train Epoch: [1/2] Iters:[4820/80073] transplant_loss 0.8625, rec_loss 0.0302, p_loss 0.1973, quant_error 0.2001, utilization 0.0587, perplexity 3698.9308,
Train Epoch: [1/2] Iters:[4830/80073] transplant_loss 0.8499, rec_loss 0.0292, p_loss 0.1946, quant_error 0.1973, utilization 0.0587, perplexity 3704.2809,
Train Epoch: [1/2] Iters:[4840/80073] transplant_loss 0.8498, rec_loss 0.0289, p_loss 0.1928, quant_error 0.1978, utilization 0.0586, perplexity 3690.7101,
Train Epoch: [1/2] Iters:[4850/80073] transplant_loss 0.8413, rec_loss 0.0279, p_loss 0.1903, quant_error 0.1965, utilization 0.0587, perplexity 3698.2714,
Train Epoch: [1/2] Iters:[4860/80073] transplant_loss 0.8465, rec_loss 0.0287, p_loss 0.1913, quant_error 0.1978, utilization 0.0586, perplexity 3691.5916,
Train Epoch: [1/2] Iters:[4870/80073] transplant_loss 0.8430, rec_loss 0.0284, p_loss 0.1907, quant_error 0.1969, utilization 0.0587, perplexity 3708.9260,
Train Epoch: [1/2] Iters:[4880/80073] transplant_loss 0.8431, rec_loss 0.0283, p_loss 0.1899, quant_error 0.1974, utilization 0.0586, perplexity 3690.1742,
Train Epoch: [1/2] Iters:[4890/80073] transplant_loss 0.8470, rec_loss 0.0292, p_loss 0.1919, quant_error 0.1976, utilization 0.0586, perplexity 3687.2567,
Train Epoch: [1/2] Iters:[4900/80073] transplant_loss 0.8611, rec_loss 0.0306, p_loss 0.1934, quant_error 0.2008, utilization 0.0585, perplexity 3670.9470,
Train Epoch: [1/2] Iters:[4910/80073] transplant_loss 0.8716, rec_loss 0.0312, p_loss 0.1944, quant_error 0.2036, utilization 0.0586, perplexity 3687.3336,
Train Epoch: [1/2] Iters:[4920/80073] transplant_loss 0.8818, rec_loss 0.0310, p_loss 0.1958, quant_error 0.2067, utilization 0.0587, perplexity 3707.5502,
Train Epoch: [1/2] Iters:[4930/80073] transplant_loss 0.8894, rec_loss 0.0312, p_loss 0.1974, quant_error 0.2086, utilization 0.0587, perplexity 3705.0919,
Train Epoch: [1/2] Iters:[4940/80073] transplant_loss 0.8903, rec_loss 0.0304, p_loss 0.1959, quant_error 0.2102, utilization 0.0589, perplexity 3721.0282,
Train Epoch: [1/2] Iters:[4950/80073] transplant_loss 0.8874, rec_loss 0.0299, p_loss 0.1974, quant_error 0.2092, utilization 0.0590, perplexity 3737.8243,
Train Epoch: [1/2] Iters:[4960/80073] transplant_loss 0.8731, rec_loss 0.0293, p_loss 0.1962, quant_error 0.2051, utilization 0.0589, perplexity 3725.7672,
Train Epoch: [1/2] Iters:[4970/80073] transplant_loss 0.8744, rec_loss 0.0300, p_loss 0.1960, quant_error 0.2051, utilization 0.0588, perplexity 3723.3088,
Train Epoch: [1/2] Iters:[4980/80073] transplant_loss 0.8804, rec_loss 0.0306, p_loss 0.1979, quant_error 0.2063, utilization 0.0589, perplexity 3742.8404,
Train Epoch: [1/2] Iters:[4990/80073] transplant_loss 0.8574, rec_loss 0.0298, p_loss 0.1954, quant_error 0.1994, utilization 0.0588, perplexity 3717.7922,
Train Epoch: [1/2] Iters:[5000/80073] transplant_loss 0.8581, rec_loss 0.0294, p_loss 0.1944, quant_error 0.2000, utilization 0.0588, perplexity 3721.1078,
Train Epoch: [1/2] Iters:[5010/80073] transplant_loss 0.8692, rec_loss 0.0300, p_loss 0.1965, quant_error 0.2028, utilization 0.0589, perplexity 3725.2176,
Train Epoch: [1/2] Iters:[5020/80073] transplant_loss 0.8702, rec_loss 0.0296, p_loss 0.1970, quant_error 0.2033, utilization 0.0588, perplexity 3713.1050,
Train Epoch: [1/2] Iters:[5030/80073] transplant_loss 0.8779, rec_loss 0.0304, p_loss 0.1977, quant_error 0.2052, utilization 0.0588, perplexity 3707.7142,
Train Epoch: [1/2] Iters:[5040/80073] transplant_loss 0.8829, rec_loss 0.0301, p_loss 0.1966, quant_error 0.2073, utilization 0.0587, perplexity 3679.1369,
Train Epoch: [1/2] Iters:[5050/80073] transplant_loss 0.8782, rec_loss 0.0305, p_loss 0.1954, quant_error 0.2060, utilization 0.0586, perplexity 3658.7102,
Train Epoch: [1/2] Iters:[5060/80073] transplant_loss 0.8685, rec_loss 0.0298, p_loss 0.1941, quant_error 0.2035, utilization 0.0586, perplexity 3665.8075,
Train Epoch: [1/2] Iters:[5070/80073] transplant_loss 0.8497, rec_loss 0.0285, p_loss 0.1914, quant_error 0.1990, utilization 0.0585, perplexity 3655.7391,
Train Epoch: [1/2] Iters:[5080/80073] transplant_loss 0.8306, rec_loss 0.0272, p_loss 0.1876, quant_error 0.1942, utilization 0.0584, perplexity 3643.0625,
Train Epoch: [1/2] Iters:[5090/80073] transplant_loss 0.8531, rec_loss 0.0288, p_loss 0.1919, quant_error 0.1999, utilization 0.0586, perplexity 3687.8352,
Train Epoch: [1/2] Iters:[5100/80073] transplant_loss 0.8485, rec_loss 0.0285, p_loss 0.1927, quant_error 0.1983, utilization 0.0586, perplexity 3691.6473,
Train Epoch: [1/2] Iters:[5110/80073] transplant_loss 0.8494, rec_loss 0.0284, p_loss 0.1921, quant_error 0.1988, utilization 0.0587, perplexity 3701.5031,
Train Epoch: [1/2] Iters:[5120/80073] transplant_loss 0.8616, rec_loss 0.0296, p_loss 0.1945, quant_error 0.2013, utilization 0.0588, perplexity 3717.3258,
Train Epoch: [1/2] Iters:[5130/80073] transplant_loss 0.8730, rec_loss 0.0303, p_loss 0.1978, quant_error 0.2038, utilization 0.0588, perplexity 3717.6936,
Train Epoch: [1/2] Iters:[5140/80073] transplant_loss 0.8633, rec_loss 0.0295, p_loss 0.1986, quant_error 0.2007, utilization 0.0588, perplexity 3719.9394,
Train Epoch: [1/2] Iters:[5150/80073] transplant_loss 0.8705, rec_loss 0.0299, p_loss 0.1987, quant_error 0.2029, utilization 0.0589, perplexity 3736.2973,
Train Epoch: [1/2] Iters:[5160/80073] transplant_loss 0.8718, rec_loss 0.0301, p_loss 0.1983, quant_error 0.2035, utilization 0.0588, perplexity 3722.1424,
Train Epoch: [1/2] Iters:[5170/80073] transplant_loss 0.8781, rec_loss 0.0305, p_loss 0.1991, quant_error 0.2050, utilization 0.0589, perplexity 3739.6940,
Train Epoch: [1/2] Iters:[5180/80073] transplant_loss 0.8654, rec_loss 0.0305, p_loss 0.1967, quant_error 0.2017, utilization 0.0590, perplexity 3742.0175,
Train Epoch: [1/2] Iters:[5190/80073] transplant_loss 0.8684, rec_loss 0.0306, p_loss 0.1947, quant_error 0.2031, utilization 0.0589, perplexity 3740.1692,
Train Epoch: [1/2] Iters:[5200/80073] transplant_loss 0.8644, rec_loss 0.0301, p_loss 0.1940, quant_error 0.2024, utilization 0.0589, perplexity 3734.7125,
Train Epoch: [1/2] Iters:[5210/80073] transplant_loss 0.8701, rec_loss 0.0302, p_loss 0.1960, quant_error 0.2033, utilization 0.0590, perplexity 3741.6360,
Train Epoch: [1/2] Iters:[5220/80073] transplant_loss 0.8624, rec_loss 0.0301, p_loss 0.1968, quant_error 0.2006, utilization 0.0589, perplexity 3732.4800,
Train Epoch: [1/2] Iters:[5230/80073] transplant_loss 0.8666, rec_loss 0.0300, p_loss 0.1972, quant_error 0.2019, utilization 0.0589, perplexity 3733.2792,
Train Epoch: [1/2] Iters:[5240/80073] transplant_loss 0.8735, rec_loss 0.0300, p_loss 0.1971, quant_error 0.2042, utilization 0.0588, perplexity 3708.3200,
Train Epoch: [1/2] Iters:[5250/80073] transplant_loss 0.8840, rec_loss 0.0303, p_loss 0.1983, quant_error 0.2071, utilization 0.0588, perplexity 3711.2630,
Train Epoch: [1/2] Iters:[5260/80073] transplant_loss 0.8771, rec_loss 0.0302, p_loss 0.1960, quant_error 0.2058, utilization 0.0588, perplexity 3711.7017,
Train Epoch: [1/2] Iters:[5270/80073] transplant_loss 0.8887, rec_loss 0.0300, p_loss 0.1957, quant_error 0.2099, utilization 0.0588, perplexity 3715.7684,
Train Epoch: [1/2] Iters:[5280/80073] transplant_loss 0.9010, rec_loss 0.0301, p_loss 0.1954, quant_error 0.2138, utilization 0.0589, perplexity 3730.3893,
Train Epoch: [1/2] Iters:[5290/80073] transplant_loss 0.9005, rec_loss 0.0307, p_loss 0.1970, quant_error 0.2129, utilization 0.0590, perplexity 3751.6125,
Train Epoch: [1/2] Iters:[5300/80073] transplant_loss 0.8794, rec_loss 0.0296, p_loss 0.1923, quant_error 0.2078, utilization 0.0589, perplexity 3733.2858,
Train Epoch: [1/2] Iters:[5310/80073] transplant_loss 0.8711, rec_loss 0.0288, p_loss 0.1915, quant_error 0.2057, utilization 0.0588, perplexity 3723.0121,
Train Epoch: [1/2] Iters:[5320/80073] transplant_loss 0.8550, rec_loss 0.0284, p_loss 0.1907, quant_error 0.2007, utilization 0.0587, perplexity 3716.7861,
Train Epoch: [1/2] Iters:[5330/80073] transplant_loss 0.8473, rec_loss 0.0278, p_loss 0.1921, quant_error 0.1982, utilization 0.0587, perplexity 3714.6902,
Train Epoch: [1/2] Iters:[5340/80073] transplant_loss 0.8437, rec_loss 0.0276, p_loss 0.1917, quant_error 0.1972, utilization 0.0588, perplexity 3714.8783,
Train Epoch: [1/2] Iters:[5350/80073] transplant_loss 0.8507, rec_loss 0.0280, p_loss 0.1939, quant_error 0.1986, utilization 0.0589, perplexity 3732.5463,
Train Epoch: [1/2] Iters:[5360/80073] transplant_loss 0.8483, rec_loss 0.0279, p_loss 0.1932, quant_error 0.1980, utilization 0.0588, perplexity 3726.2514,
Train Epoch: [1/2] Iters:[5370/80073] transplant_loss 0.8517, rec_loss 0.0282, p_loss 0.1919, quant_error 0.1994, utilization 0.0588, perplexity 3728.5027,
Train Epoch: [1/2] Iters:[5380/80073] transplant_loss 0.8429, rec_loss 0.0287, p_loss 0.1913, quant_error 0.1964, utilization 0.0587, perplexity 3719.1706,
Train Epoch: [1/2] Iters:[5390/80073] transplant_loss 0.8371, rec_loss 0.0285, p_loss 0.1904, quant_error 0.1951, utilization 0.0588, perplexity 3730.0254,
Train Epoch: [1/2] Iters:[5400/80073] transplant_loss 0.8459, rec_loss 0.0296, p_loss 0.1924, quant_error 0.1967, utilization 0.0587, perplexity 3722.9303,
Train Epoch: [1/2] Iters:[5410/80073] transplant_loss 0.8500, rec_loss 0.0304, p_loss 0.1950, quant_error 0.1968, utilization 0.0588, perplexity 3723.2040,
Train Epoch: [1/2] Iters:[5420/80073] transplant_loss 0.8376, rec_loss 0.0298, p_loss 0.1927, quant_error 0.1935, utilization 0.0587, perplexity 3712.5459,
Train Epoch: [1/2] Iters:[5430/80073] transplant_loss 0.8395, rec_loss 0.0290, p_loss 0.1927, quant_error 0.1947, utilization 0.0589, perplexity 3731.8722,
Train Epoch: [1/2] Iters:[5440/80073] transplant_loss 0.8296, rec_loss 0.0283, p_loss 0.1910, quant_error 0.1923, utilization 0.0588, perplexity 3714.5343,
Train Epoch: [1/2] Iters:[5450/80073] transplant_loss 0.8213, rec_loss 0.0279, p_loss 0.1897, quant_error 0.1904, utilization 0.0587, perplexity 3698.4463,
Train Epoch: [1/2] Iters:[5460/80073] transplant_loss 0.8296, rec_loss 0.0275, p_loss 0.1888, quant_error 0.1939, utilization 0.0587, perplexity 3704.2973,
Train Epoch: [1/2] Iters:[5470/80073] transplant_loss 0.8620, rec_loss 0.0284, p_loss 0.1930, quant_error 0.2028, utilization 0.0589, perplexity 3727.5821,
Train Epoch: [1/2] Iters:[5480/80073] transplant_loss 0.8706, rec_loss 0.0293, p_loss 0.1925, quant_error 0.2052, utilization 0.0587, perplexity 3706.6335,
Train Epoch: [1/2] Iters:[5490/80073] transplant_loss 0.8739, rec_loss 0.0296, p_loss 0.1935, quant_error 0.2059, utilization 0.0588, perplexity 3718.1163,
Train Epoch: [1/2] Iters:[5500/80073] transplant_loss 0.8785, rec_loss 0.0289, p_loss 0.1951, quant_error 0.2072, utilization 0.0589, perplexity 3731.8057,
Train Epoch: [1/2] Iters:[5510/80073] transplant_loss 0.8741, rec_loss 0.0291, p_loss 0.1956, quant_error 0.2054, utilization 0.0590, perplexity 3740.4128,
Train Epoch: [1/2] Iters:[5520/80073] transplant_loss 0.8587, rec_loss 0.0288, p_loss 0.1944, quant_error 0.2009, utilization 0.0588, perplexity 3716.6195,
Train Epoch: [1/2] Iters:[5530/80073] transplant_loss 0.8492, rec_loss 0.0286, p_loss 0.1939, quant_error 0.1980, utilization 0.0589, perplexity 3721.4285,
Train Epoch: [1/2] Iters:[5540/80073] transplant_loss 0.8519, rec_loss 0.0283, p_loss 0.1939, quant_error 0.1989, utilization 0.0589, perplexity 3726.7106,
Train Epoch: [1/2] Iters:[5550/80073] transplant_loss 0.8410, rec_loss 0.0283, p_loss 0.1928, quant_error 0.1957, utilization 0.0588, perplexity 3721.7920,
Train Epoch: [1/2] Iters:[5560/80073] transplant_loss 0.8496, rec_loss 0.0286, p_loss 0.1923, quant_error 0.1986, utilization 0.0589, perplexity 3728.5637,
Train Epoch: [1/2] Iters:[5570/80073] transplant_loss 0.8632, rec_loss 0.0295, p_loss 0.1931, quant_error 0.2025, utilization 0.0589, perplexity 3732.4515,
Train Epoch: [1/2] Iters:[5580/80073] transplant_loss 0.8822, rec_loss 0.0298, p_loss 0.1952, quant_error 0.2077, utilization 0.0589, perplexity 3735.8566,
Train Epoch: [1/2] Iters:[5590/80073] transplant_loss 0.8964, rec_loss 0.0311, p_loss 0.1971, quant_error 0.2113, utilization 0.0588, perplexity 3716.3529,
Train Epoch: [1/2] Iters:[5600/80073] transplant_loss 0.9069, rec_loss 0.0321, p_loss 0.1991, quant_error 0.2133, utilization 0.0589, perplexity 3720.8637,
Train Epoch: [1/2] Iters:[5610/80073] transplant_loss 0.9141, rec_loss 0.0328, p_loss 0.1998, quant_error 0.2149, utilization 0.0588, perplexity 3701.9230,
Train Epoch: [1/2] Iters:[5620/80073] transplant_loss 0.8990, rec_loss 0.0313, p_loss 0.1975, quant_error 0.2116, utilization 0.0588, perplexity 3696.9483,
Train Epoch: [1/2] Iters:[5630/80073] transplant_loss 0.8831, rec_loss 0.0306, p_loss 0.1945, quant_error 0.2080, utilization 0.0587, perplexity 3689.9007,
Train Epoch: [1/2] Iters:[5640/80073] transplant_loss 0.8836, rec_loss 0.0307, p_loss 0.1963, quant_error 0.2076, utilization 0.0588, perplexity 3712.9160,
Train Epoch: [1/2] Iters:[5650/80073] transplant_loss 0.8675, rec_loss 0.0299, p_loss 0.1936, quant_error 0.2037, utilization 0.0588, perplexity 3707.6899,
Train Epoch: [1/2] Iters:[5660/80073] transplant_loss 0.8431, rec_loss 0.0279, p_loss 0.1927, quant_error 0.1973, utilization 0.0588, perplexity 3709.3236,
Train Epoch: [1/2] Iters:[5670/80073] transplant_loss 0.8502, rec_loss 0.0289, p_loss 0.1955, quant_error 0.1981, utilization 0.0587, perplexity 3706.5996,
Train Epoch: [1/2] Iters:[5680/80073] transplant_loss 0.8465, rec_loss 0.0289, p_loss 0.1973, quant_error 0.1962, utilization 0.0588, perplexity 3714.7928,
Train Epoch: [1/2] Iters:[5690/80073] transplant_loss 0.8444, rec_loss 0.0286, p_loss 0.1941, quant_error 0.1964, utilization 0.0586, perplexity 3681.6407,
Train Epoch: [1/2] Iters:[5700/80073] transplant_loss 0.8557, rec_loss 0.0286, p_loss 0.1945, quant_error 0.2000, utilization 0.0586, perplexity 3690.1660,
Train Epoch: [1/2] Iters:[5710/80073] transplant_loss 0.8645, rec_loss 0.0292, p_loss 0.1961, quant_error 0.2019, utilization 0.0587, perplexity 3704.1990,
Train Epoch: [1/2] Iters:[5720/80073] transplant_loss 0.8487, rec_loss 0.0280, p_loss 0.1940, quant_error 0.1979, utilization 0.0588, perplexity 3713.6857,
Train Epoch: [1/2] Iters:[5730/80073] transplant_loss 0.8604, rec_loss 0.0283, p_loss 0.1947, quant_error 0.2015, utilization 0.0587, perplexity 3694.9904,
