dataset_dir: /projects/yuanai/data/
dataset_name: FFHQ
global_batch_size: 64
workers: 6
resolution: 256
channels: 3
ms_patch_size: 1_2_3_4_5_6_8_10_13_16
importance: (1, 1, 1, 2, 2, 2, 3, 3, 5, 5)
max_patch_size: 16
codebook_size: 16384
codebook_dim: 16
project_dim: 16
pq: 1
L: 4
alpha: 1.0
beta: 1.0
gamma: 1.0
disc_weight: 0.3
lecam_loss_weight: 0.001
disc_cr_loss_weight: 4.0
VQ: mmd_vq
use_multiscale: False
transplant_epochs: 30
refinement_epochs: 30
eval_epochs: 5
disc_epoch: 1
lr_transplant: 0.0001
lr_refinement: 1e-05
dropout: 0.0
seed: 3407
weight_decay: 1e-05
stage: transplant
path: bc
checkpoint_dir: /projects/yuanai/projects/VQ-Transplant3/checkpoint/Transplant/FFHQ
results_dir: /projects/yuanai/projects/VQ-Transplant3/results/Transplant/FFHQ
saver_dir: /projects/yuanai/projects/VQ-Transplant3/saver/Transplant/FFHQ
reconstruction_dir: /projects/yuanai/projects/VQ-Transplant3/reconstruction/Transplant/FFHQ
yaml_dir: /projects/yuanai/projects/VQ-Transplant3/yaml/Transplant/FFHQ
pretrained_tokenizer: /projects/yuanai/projects/VQ-Transplant3/pretrained_tokenizer/vae_ch160v4096z32.pth
checkpoint_name: 
nnodes: -1
node_rank: -1
local_rank: 0
dist_url: tcp://224.66.41.62:23456
dist_backend: nccl
world_size: 2
batch_size: 32
ms_token_size: (1, 2, 3, 4, 5, 6, 8, 10, 13, 16)
init_checkpoint_dir: /projects/yuanai/projects/VQ-Transplant3/checkpoint/
data_pre: FFHQ
model_pre: model_16384_16_1
loss_pre: loss_1.0_1.0_1.0_0.3
training_pre: mmd_vq_transplant_False
saver_name_pre: mmd_vq_transplant_False_FFHQ_model_16384_16_1_loss_1.0_1.0_1.0_0.3
| distributed init (rank 0): env://
| distributed init (rank 1): env://
loaded pretrained LPIPS loss from /projects/yuanai/projects/VQ-Transplant3/code/models/cache/vgg.pth
VQ Model Parameters: 108761795
dataset name: FFHQ
len train_set: 70000
len val_set: 70000
Start training...
epoch:1, cur_lr:0.000100
Train Epoch: [1/30] Iters:[10/1093] transplant_loss 4.0329, rec_loss 0.4516, p_loss 0.7696, quant_error 0.7386, utilization 0.1234, perplexity 1290.7894,
Train Epoch: [1/30] Iters:[20/1093] transplant_loss 3.5203, rec_loss 0.3437, p_loss 0.7178, quant_error 0.5761, utilization 0.1167, perplexity 1243.4732,
Train Epoch: [1/30] Iters:[30/1093] transplant_loss 3.1724, rec_loss 0.2756, p_loss 0.6688, quant_error 0.4907, utilization 0.1267, perplexity 1335.0970,
Train Epoch: [1/30] Iters:[40/1093] transplant_loss 2.8779, rec_loss 0.2241, p_loss 0.6000, quant_error 0.4362, utilization 0.1418, perplexity 1511.0405,
Train Epoch: [1/30] Iters:[50/1093] transplant_loss 2.6399, rec_loss 0.1885, p_loss 0.5368, quant_error 0.3976, utilization 0.1563, perplexity 1719.4905,
Train Epoch: [1/30] Iters:[60/1093] transplant_loss 2.1180, rec_loss 0.1047, p_loss 0.4291, quant_error 0.2936, utilization 0.1792, perplexity 2058.4207,
Train Epoch: [1/30] Iters:[70/1093] transplant_loss 1.7646, rec_loss 0.0632, p_loss 0.3381, quant_error 0.2534, utilization 0.2151, perplexity 2529.6532,
Train Epoch: [1/30] Iters:[80/1093] transplant_loss 1.4855, rec_loss 0.0406, p_loss 0.2645, quant_error 0.2305, utilization 0.2629, perplexity 3161.8950,
Train Epoch: [1/30] Iters:[90/1093] transplant_loss 1.2808, rec_loss 0.0316, p_loss 0.2250, quant_error 0.2166, utilization 0.3175, perplexity 3894.6745,
Train Epoch: [1/30] Iters:[100/1093] transplant_loss 1.1161, rec_loss 0.0269, p_loss 0.2060, quant_error 0.2064, utilization 0.3722, perplexity 4592.7498,
Train Epoch: [1/30] Iters:[110/1093] transplant_loss 0.9994, rec_loss 0.0248, p_loss 0.1970, quant_error 0.2013, utilization 0.4218, perplexity 5180.4481,
Train Epoch: [1/30] Iters:[120/1093] transplant_loss 0.9120, rec_loss 0.0231, p_loss 0.1911, quant_error 0.1966, utilization 0.4588, perplexity 5604.1816,
Train Epoch: [1/30] Iters:[130/1093] transplant_loss 0.8555, rec_loss 0.0219, p_loss 0.1861, quant_error 0.1932, utilization 0.4754, perplexity 5793.8578,
Train Epoch: [1/30] Iters:[140/1093] transplant_loss 0.8157, rec_loss 0.0209, p_loss 0.1815, quant_error 0.1892, utilization 0.4769, perplexity 5789.6396,
Train Epoch: [1/30] Iters:[150/1093] transplant_loss 0.7929, rec_loss 0.0202, p_loss 0.1779, quant_error 0.1864, utilization 0.4742, perplexity 5761.5718,
Train Epoch: [1/30] Iters:[160/1093] transplant_loss 0.7763, rec_loss 0.0196, p_loss 0.1744, quant_error 0.1839, utilization 0.4737, perplexity 5797.9416,
Train Epoch: [1/30] Iters:[170/1093] transplant_loss 0.7597, rec_loss 0.0188, p_loss 0.1710, quant_error 0.1806, utilization 0.4754, perplexity 5898.3973,
Train Epoch: [1/30] Iters:[180/1093] transplant_loss 0.7416, rec_loss 0.0179, p_loss 0.1680, quant_error 0.1766, utilization 0.4803, perplexity 6047.1954,
Train Epoch: [1/30] Iters:[190/1093] transplant_loss 0.7309, rec_loss 0.0174, p_loss 0.1661, quant_error 0.1742, utilization 0.4871, perplexity 6224.6042,
Train Epoch: [1/30] Iters:[200/1093] transplant_loss 0.7229, rec_loss 0.0169, p_loss 0.1642, quant_error 0.1726, utilization 0.4946, perplexity 6399.1015,
Train Epoch: [1/30] Iters:[210/1093] transplant_loss 0.7142, rec_loss 0.0164, p_loss 0.1627, quant_error 0.1707, utilization 0.5012, perplexity 6559.4886,
Train Epoch: [1/30] Iters:[220/1093] transplant_loss 0.7108, rec_loss 0.0163, p_loss 0.1619, quant_error 0.1700, utilization 0.5087, perplexity 6717.8899,
Train Epoch: [1/30] Iters:[230/1093] transplant_loss 0.7081, rec_loss 0.0163, p_loss 0.1609, quant_error 0.1696, utilization 0.5153, perplexity 6865.0777,
Train Epoch: [1/30] Iters:[240/1093] transplant_loss 0.7079, rec_loss 0.0163, p_loss 0.1604, quant_error 0.1697, utilization 0.5217, perplexity 7004.1924,
Train Epoch: [1/30] Iters:[250/1093] transplant_loss 0.7050, rec_loss 0.0161, p_loss 0.1597, quant_error 0.1692, utilization 0.5265, perplexity 7108.8475,
Train Epoch: [1/30] Iters:[260/1093] transplant_loss 0.7002, rec_loss 0.0159, p_loss 0.1586, quant_error 0.1681, utilization 0.5302, perplexity 7180.2129,
Train Epoch: [1/30] Iters:[270/1093] transplant_loss 0.6987, rec_loss 0.0159, p_loss 0.1581, quant_error 0.1678, utilization 0.5343, perplexity 7265.8638,
Train Epoch: [1/30] Iters:[280/1093] transplant_loss 0.6988, rec_loss 0.0160, p_loss 0.1581, quant_error 0.1677, utilization 0.5380, perplexity 7337.7654,
Train Epoch: [1/30] Iters:[290/1093] transplant_loss 0.6950, rec_loss 0.0158, p_loss 0.1575, quant_error 0.1669, utilization 0.5408, perplexity 7390.7849,
Train Epoch: [1/30] Iters:[300/1093] transplant_loss 0.6943, rec_loss 0.0158, p_loss 0.1573, quant_error 0.1667, utilization 0.5440, perplexity 7454.2925,
Train Epoch: [1/30] Iters:[310/1093] transplant_loss 0.6929, rec_loss 0.0157, p_loss 0.1572, quant_error 0.1664, utilization 0.5472, perplexity 7528.8932,
Train Epoch: [1/30] Iters:[320/1093] transplant_loss 0.6886, rec_loss 0.0156, p_loss 0.1564, quant_error 0.1653, utilization 0.5493, perplexity 7568.8103,
Train Epoch: [1/30] Iters:[330/1093] transplant_loss 0.6846, rec_loss 0.0153, p_loss 0.1556, quant_error 0.1644, utilization 0.5508, perplexity 7598.5934,
Train Epoch: [1/30] Iters:[340/1093] transplant_loss 0.6838, rec_loss 0.0154, p_loss 0.1552, quant_error 0.1643, utilization 0.5524, perplexity 7632.3643,
Train Epoch: [1/30] Iters:[350/1093] transplant_loss 0.6801, rec_loss 0.0152, p_loss 0.1545, quant_error 0.1635, utilization 0.5532, perplexity 7648.3283,
Train Epoch: [1/30] Iters:[360/1093] transplant_loss 0.6803, rec_loss 0.0152, p_loss 0.1544, quant_error 0.1635, utilization 0.5552, perplexity 7678.4325,
Train Epoch: [1/30] Iters:[370/1093] transplant_loss 0.6818, rec_loss 0.0153, p_loss 0.1545, quant_error 0.1639, utilization 0.5574, perplexity 7730.1174,
Train Epoch: [1/30] Iters:[380/1093] transplant_loss 0.6825, rec_loss 0.0153, p_loss 0.1546, quant_error 0.1641, utilization 0.5601, perplexity 7784.8228,
Train Epoch: [1/30] Iters:[390/1093] transplant_loss 0.6772, rec_loss 0.0151, p_loss 0.1536, quant_error 0.1627, utilization 0.5617, perplexity 7820.4415,
Train Epoch: [1/30] Iters:[400/1093] transplant_loss 0.6800, rec_loss 0.0153, p_loss 0.1542, quant_error 0.1634, utilization 0.5639, perplexity 7860.3230,
Train Epoch: [1/30] Iters:[410/1093] transplant_loss 0.6778, rec_loss 0.0152, p_loss 0.1543, quant_error 0.1626, utilization 0.5646, perplexity 7878.2778,
Train Epoch: [1/30] Iters:[420/1093] transplant_loss 0.6762, rec_loss 0.0150, p_loss 0.1545, quant_error 0.1621, utilization 0.5654, perplexity 7891.7916,
Train Epoch: [1/30] Iters:[430/1093] transplant_loss 0.6799, rec_loss 0.0152, p_loss 0.1545, quant_error 0.1632, utilization 0.5662, perplexity 7906.7002,
Train Epoch: [1/30] Iters:[440/1093] transplant_loss 0.6840, rec_loss 0.0153, p_loss 0.1551, quant_error 0.1643, utilization 0.5672, perplexity 7928.0592,
Train Epoch: [1/30] Iters:[450/1093] transplant_loss 0.6763, rec_loss 0.0150, p_loss 0.1536, quant_error 0.1624, utilization 0.5674, perplexity 7935.2250,
Train Epoch: [1/30] Iters:[460/1093] transplant_loss 0.6747, rec_loss 0.0149, p_loss 0.1529, quant_error 0.1622, utilization 0.5688, perplexity 7958.7169,
Train Epoch: [1/30] Iters:[470/1093] transplant_loss 0.6761, rec_loss 0.0150, p_loss 0.1527, quant_error 0.1626, utilization 0.5698, perplexity 7978.0556,
Train Epoch: [1/30] Iters:[480/1093] transplant_loss 0.6718, rec_loss 0.0148, p_loss 0.1527, quant_error 0.1613, utilization 0.5706, perplexity 7988.8877,
Train Epoch: [1/30] Iters:[490/1093] transplant_loss 0.6684, rec_loss 0.0148, p_loss 0.1522, quant_error 0.1604, utilization 0.5707, perplexity 7985.6207,
Train Epoch: [1/30] Iters:[500/1093] transplant_loss 0.6792, rec_loss 0.0151, p_loss 0.1539, quant_error 0.1631, utilization 0.5730, perplexity 8027.4438,
Train Epoch: [1/30] Iters:[510/1093] transplant_loss 0.6780, rec_loss 0.0151, p_loss 0.1537, quant_error 0.1627, utilization 0.5732, perplexity 8031.6475,
Train Epoch: [1/30] Iters:[520/1093] transplant_loss 0.6734, rec_loss 0.0150, p_loss 0.1526, quant_error 0.1616, utilization 0.5737, perplexity 8043.3701,
Train Epoch: [1/30] Iters:[530/1093] transplant_loss 0.6701, rec_loss 0.0150, p_loss 0.1519, quant_error 0.1607, utilization 0.5739, perplexity 8043.6792,
Train Epoch: [1/30] Iters:[540/1093] transplant_loss 0.6687, rec_loss 0.0148, p_loss 0.1517, quant_error 0.1604, utilization 0.5751, perplexity 8072.6429,
Train Epoch: [1/30] Iters:[550/1093] transplant_loss 0.6558, rec_loss 0.0143, p_loss 0.1499, quant_error 0.1571, utilization 0.5741, perplexity 8055.4250,
Train Epoch: [1/30] Iters:[560/1093] transplant_loss 0.6577, rec_loss 0.0144, p_loss 0.1503, quant_error 0.1574, utilization 0.5754, perplexity 8083.3356,
Train Epoch: [1/30] Iters:[570/1093] transplant_loss 0.6600, rec_loss 0.0145, p_loss 0.1511, quant_error 0.1578, utilization 0.5762, perplexity 8099.3626,
Train Epoch: [1/30] Iters:[580/1093] transplant_loss 0.6579, rec_loss 0.0143, p_loss 0.1505, quant_error 0.1573, utilization 0.5772, perplexity 8120.3883,
Train Epoch: [1/30] Iters:[590/1093] transplant_loss 0.6551, rec_loss 0.0142, p_loss 0.1502, quant_error 0.1566, utilization 0.5769, perplexity 8112.3714,
Train Epoch: [1/30] Iters:[600/1093] transplant_loss 0.6583, rec_loss 0.0145, p_loss 0.1505, quant_error 0.1573, utilization 0.5780, perplexity 8130.8714,
Train Epoch: [1/30] Iters:[610/1093] transplant_loss 0.6572, rec_loss 0.0144, p_loss 0.1501, quant_error 0.1571, utilization 0.5784, perplexity 8133.3078,
Train Epoch: [1/30] Iters:[620/1093] transplant_loss 0.6566, rec_loss 0.0145, p_loss 0.1495, quant_error 0.1570, utilization 0.5787, perplexity 8132.4006,
Train Epoch: [1/30] Iters:[630/1093] transplant_loss 0.6599, rec_loss 0.0146, p_loss 0.1497, quant_error 0.1580, utilization 0.5791, perplexity 8143.1734,
Train Epoch: [1/30] Iters:[640/1093] transplant_loss 0.6616, rec_loss 0.0147, p_loss 0.1497, quant_error 0.1584, utilization 0.5799, perplexity 8163.8994,
Train Epoch: [1/30] Iters:[650/1093] transplant_loss 0.6586, rec_loss 0.0145, p_loss 0.1495, quant_error 0.1576, utilization 0.5799, perplexity 8160.3562,
Train Epoch: [1/30] Iters:[660/1093] transplant_loss 0.6599, rec_loss 0.0145, p_loss 0.1497, quant_error 0.1579, utilization 0.5805, perplexity 8174.5112,
Train Epoch: [1/30] Iters:[670/1093] transplant_loss 0.6584, rec_loss 0.0143, p_loss 0.1499, quant_error 0.1574, utilization 0.5809, perplexity 8186.8093,
Train Epoch: [1/30] Iters:[680/1093] transplant_loss 0.6561, rec_loss 0.0143, p_loss 0.1495, quant_error 0.1568, utilization 0.5812, perplexity 8192.4104,
Train Epoch: [1/30] Iters:[690/1093] transplant_loss 0.6558, rec_loss 0.0143, p_loss 0.1493, quant_error 0.1567, utilization 0.5816, perplexity 8197.0972,
Train Epoch: [1/30] Iters:[700/1093] transplant_loss 0.6614, rec_loss 0.0144, p_loss 0.1500, quant_error 0.1581, utilization 0.5826, perplexity 8223.1852,
Train Epoch: [1/30] Iters:[710/1093] transplant_loss 0.6612, rec_loss 0.0144, p_loss 0.1500, quant_error 0.1581, utilization 0.5825, perplexity 8220.1581,
Train Epoch: [1/30] Iters:[720/1093] transplant_loss 0.6626, rec_loss 0.0144, p_loss 0.1501, quant_error 0.1585, utilization 0.5826, perplexity 8216.4233,
Train Epoch: [1/30] Iters:[730/1093] transplant_loss 0.6633, rec_loss 0.0145, p_loss 0.1502, quant_error 0.1586, utilization 0.5824, perplexity 8210.6288,
Train Epoch: [1/30] Iters:[740/1093] transplant_loss 0.6625, rec_loss 0.0145, p_loss 0.1503, quant_error 0.1583, utilization 0.5825, perplexity 8208.0786,
Train Epoch: [1/30] Iters:[750/1093] transplant_loss 0.6595, rec_loss 0.0144, p_loss 0.1494, quant_error 0.1576, utilization 0.5824, perplexity 8199.5506,
Train Epoch: [1/30] Iters:[760/1093] transplant_loss 0.6563, rec_loss 0.0143, p_loss 0.1489, quant_error 0.1566, utilization 0.5821, perplexity 8197.8440,
Train Epoch: [1/30] Iters:[770/1093] transplant_loss 0.6575, rec_loss 0.0144, p_loss 0.1487, quant_error 0.1570, utilization 0.5832, perplexity 8224.5151,
Train Epoch: [1/30] Iters:[780/1093] transplant_loss 0.6574, rec_loss 0.0144, p_loss 0.1490, quant_error 0.1568, utilization 0.5842, perplexity 8252.2672,
Train Epoch: [1/30] Iters:[790/1093] transplant_loss 0.6612, rec_loss 0.0145, p_loss 0.1493, quant_error 0.1579, utilization 0.5846, perplexity 8261.4831,
Train Epoch: [1/30] Iters:[800/1093] transplant_loss 0.6627, rec_loss 0.0146, p_loss 0.1497, quant_error 0.1581, utilization 0.5846, perplexity 8259.2824,
Train Epoch: [1/30] Iters:[810/1093] transplant_loss 0.6603, rec_loss 0.0145, p_loss 0.1492, quant_error 0.1576, utilization 0.5844, perplexity 8248.1659,
Train Epoch: [1/30] Iters:[820/1093] transplant_loss 0.6600, rec_loss 0.0145, p_loss 0.1495, quant_error 0.1574, utilization 0.5844, perplexity 8247.7677,
Train Epoch: [1/30] Iters:[830/1093] transplant_loss 0.6655, rec_loss 0.0147, p_loss 0.1503, quant_error 0.1588, utilization 0.5846, perplexity 8248.6729,
Train Epoch: [1/30] Iters:[840/1093] transplant_loss 0.6625, rec_loss 0.0146, p_loss 0.1500, quant_error 0.1580, utilization 0.5849, perplexity 8251.3208,
Train Epoch: [1/30] Iters:[850/1093] transplant_loss 0.6618, rec_loss 0.0146, p_loss 0.1499, quant_error 0.1577, utilization 0.5856, perplexity 8267.7355,
Train Epoch: [1/30] Iters:[860/1093] transplant_loss 0.6675, rec_loss 0.0148, p_loss 0.1507, quant_error 0.1591, utilization 0.5866, perplexity 8295.2027,
Train Epoch: [1/30] Iters:[870/1093] transplant_loss 0.6653, rec_loss 0.0147, p_loss 0.1504, quant_error 0.1585, utilization 0.5860, perplexity 8287.3976,
Train Epoch: [1/30] Iters:[880/1093] transplant_loss 0.6615, rec_loss 0.0146, p_loss 0.1495, quant_error 0.1575, utilization 0.5861, perplexity 8289.9456,
Train Epoch: [1/30] Iters:[890/1093] transplant_loss 0.6627, rec_loss 0.0146, p_loss 0.1497, quant_error 0.1577, utilization 0.5867, perplexity 8307.4012,
Train Epoch: [1/30] Iters:[900/1093] transplant_loss 0.6641, rec_loss 0.0145, p_loss 0.1498, quant_error 0.1581, utilization 0.5867, perplexity 8310.2758,
Train Epoch: [1/30] Iters:[910/1093] transplant_loss 0.6646, rec_loss 0.0146, p_loss 0.1500, quant_error 0.1582, utilization 0.5870, perplexity 8313.8649,
Train Epoch: [1/30] Iters:[920/1093] transplant_loss 0.6611, rec_loss 0.0144, p_loss 0.1495, quant_error 0.1572, utilization 0.5868, perplexity 8298.9162,
Train Epoch: [1/30] Iters:[930/1093] transplant_loss 0.6600, rec_loss 0.0144, p_loss 0.1493, quant_error 0.1569, utilization 0.5864, perplexity 8287.2403,
Train Epoch: [1/30] Iters:[940/1093] transplant_loss 0.6583, rec_loss 0.0144, p_loss 0.1491, quant_error 0.1564, utilization 0.5854, perplexity 8263.4988,
Train Epoch: [1/30] Iters:[950/1093] transplant_loss 0.6571, rec_loss 0.0144, p_loss 0.1494, quant_error 0.1559, utilization 0.5852, perplexity 8259.2680,
Train Epoch: [1/30] Iters:[960/1093] transplant_loss 0.6546, rec_loss 0.0142, p_loss 0.1490, quant_error 0.1553, utilization 0.5853, perplexity 8264.2633,
Train Epoch: [1/30] Iters:[970/1093] transplant_loss 0.6565, rec_loss 0.0142, p_loss 0.1492, quant_error 0.1558, utilization 0.5866, perplexity 8294.3522,
Train Epoch: [1/30] Iters:[980/1093] transplant_loss 0.6610, rec_loss 0.0143, p_loss 0.1498, quant_error 0.1569, utilization 0.5869, perplexity 8304.4369,
Train Epoch: [1/30] Iters:[990/1093] transplant_loss 0.6610, rec_loss 0.0143, p_loss 0.1497, quant_error 0.1568, utilization 0.5878, perplexity 8324.2433,
Train Epoch: [1/30] Iters:[1000/1093] transplant_loss 0.6596, rec_loss 0.0143, p_loss 0.1493, quant_error 0.1564, utilization 0.5882, perplexity 8332.8423,
Train Epoch: [1/30] Iters:[1010/1093] transplant_loss 0.6591, rec_loss 0.0144, p_loss 0.1492, quant_error 0.1563, utilization 0.5883, perplexity 8332.3544,
Train Epoch: [1/30] Iters:[1020/1093] transplant_loss 0.6613, rec_loss 0.0145, p_loss 0.1493, quant_error 0.1569, utilization 0.5882, perplexity 8330.5376,
Train Epoch: [1/30] Iters:[1030/1093] transplant_loss 0.6568, rec_loss 0.0144, p_loss 0.1487, quant_error 0.1556, utilization 0.5878, perplexity 8324.9405,
Train Epoch: [1/30] Iters:[1040/1093] transplant_loss 0.6589, rec_loss 0.0144, p_loss 0.1489, quant_error 0.1562, utilization 0.5885, perplexity 8335.6038,
Train Epoch: [1/30] Iters:[1050/1093] transplant_loss 0.6602, rec_loss 0.0144, p_loss 0.1490, quant_error 0.1566, utilization 0.5882, perplexity 8326.9056,
Train Epoch: [1/30] Iters:[1060/1093] transplant_loss 0.6605, rec_loss 0.0144, p_loss 0.1490, quant_error 0.1567, utilization 0.5881, perplexity 8325.8490,
Train Epoch: [1/30] Iters:[1070/1093] transplant_loss 0.6582, rec_loss 0.0143, p_loss 0.1486, quant_error 0.1561, utilization 0.5878, perplexity 8321.0277,
Train Epoch: [1/30] Iters:[1080/1093] transplant_loss 0.6556, rec_loss 0.0143, p_loss 0.1484, quant_error 0.1553, utilization 0.5877, perplexity 8314.2501,
Train Epoch: [1/30] Iters:[1090/1093] transplant_loss 0.6532, rec_loss 0.0142, p_loss 0.1483, quant_error 0.1545, utilization 0.5874, perplexity 8307.6252,
epoch:2, cur_lr:0.000097
Train Epoch: [2/30] Iters:[10/1093] transplant_loss 0.6568, rec_loss 0.0141, p_loss 0.1489, quant_error 0.1555, utilization 0.5887, perplexity 8338.6891,
Train Epoch: [2/30] Iters:[20/1093] transplant_loss 0.6610, rec_loss 0.0145, p_loss 0.1495, quant_error 0.1563, utilization 0.5905, perplexity 8377.0682,
Train Epoch: [2/30] Iters:[30/1093] transplant_loss 0.6610, rec_loss 0.0144, p_loss 0.1494, quant_error 0.1564, utilization 0.5902, perplexity 8368.3319,
Train Epoch: [2/30] Iters:[40/1093] transplant_loss 0.6588, rec_loss 0.0143, p_loss 0.1488, quant_error 0.1559, utilization 0.5901, perplexity 8372.7593,
Train Epoch: [2/30] Iters:[50/1093] transplant_loss 0.6567, rec_loss 0.0142, p_loss 0.1482, quant_error 0.1554, utilization 0.5895, perplexity 8352.5494,
Train Epoch: [2/30] Iters:[60/1093] transplant_loss 0.6527, rec_loss 0.0141, p_loss 0.1474, quant_error 0.1544, utilization 0.5895, perplexity 8352.8236,
Train Epoch: [2/30] Iters:[70/1093] transplant_loss 0.6508, rec_loss 0.0139, p_loss 0.1472, quant_error 0.1539, utilization 0.5884, perplexity 8327.1495,
Train Epoch: [2/30] Iters:[80/1093] transplant_loss 0.6493, rec_loss 0.0140, p_loss 0.1470, quant_error 0.1535, utilization 0.5887, perplexity 8331.7624,
Train Epoch: [2/30] Iters:[90/1093] transplant_loss 0.6523, rec_loss 0.0141, p_loss 0.1476, quant_error 0.1542, utilization 0.5894, perplexity 8342.0871,
Train Epoch: [2/30] Iters:[100/1093] transplant_loss 0.6524, rec_loss 0.0141, p_loss 0.1483, quant_error 0.1539, utilization 0.5895, perplexity 8347.9402,
Train Epoch: [2/30] Iters:[110/1093] transplant_loss 0.6537, rec_loss 0.0142, p_loss 0.1491, quant_error 0.1540, utilization 0.5892, perplexity 8340.1410,
Train Epoch: [2/30] Iters:[120/1093] transplant_loss 0.6506, rec_loss 0.0141, p_loss 0.1486, quant_error 0.1532, utilization 0.5899, perplexity 8355.6378,
Train Epoch: [2/30] Iters:[130/1093] transplant_loss 0.6550, rec_loss 0.0143, p_loss 0.1495, quant_error 0.1542, utilization 0.5901, perplexity 8357.6993,
Train Epoch: [2/30] Iters:[140/1093] transplant_loss 0.6534, rec_loss 0.0142, p_loss 0.1491, quant_error 0.1538, utilization 0.5893, perplexity 8343.5775,
Train Epoch: [2/30] Iters:[150/1093] transplant_loss 0.6520, rec_loss 0.0142, p_loss 0.1486, quant_error 0.1535, utilization 0.5891, perplexity 8338.2917,
Train Epoch: [2/30] Iters:[160/1093] transplant_loss 0.6513, rec_loss 0.0142, p_loss 0.1479, quant_error 0.1534, utilization 0.5894, perplexity 8342.2576,
Train Epoch: [2/30] Iters:[170/1093] transplant_loss 0.6547, rec_loss 0.0143, p_loss 0.1484, quant_error 0.1543, utilization 0.5896, perplexity 8349.1044,
Train Epoch: [2/30] Iters:[180/1093] transplant_loss 0.6484, rec_loss 0.0142, p_loss 0.1476, quant_error 0.1526, utilization 0.5887, perplexity 8330.2530,
Train Epoch: [2/30] Iters:[190/1093] transplant_loss 0.6488, rec_loss 0.0141, p_loss 0.1477, quant_error 0.1527, utilization 0.5886, perplexity 8325.4371,
Train Epoch: [2/30] Iters:[200/1093] transplant_loss 0.6512, rec_loss 0.0141, p_loss 0.1482, quant_error 0.1533, utilization 0.5891, perplexity 8334.9101,
Train Epoch: [2/30] Iters:[210/1093] transplant_loss 0.6536, rec_loss 0.0142, p_loss 0.1486, quant_error 0.1539, utilization 0.5893, perplexity 8333.5233,
Train Epoch: [2/30] Iters:[220/1093] transplant_loss 0.6524, rec_loss 0.0142, p_loss 0.1483, quant_error 0.1536, utilization 0.5889, perplexity 8319.7063,
Train Epoch: [2/30] Iters:[230/1093] transplant_loss 0.6522, rec_loss 0.0142, p_loss 0.1481, quant_error 0.1535, utilization 0.5898, perplexity 8340.1236,
Train Epoch: [2/30] Iters:[240/1093] transplant_loss 0.6511, rec_loss 0.0141, p_loss 0.1480, quant_error 0.1532, utilization 0.5901, perplexity 8348.4798,
Train Epoch: [2/30] Iters:[250/1093] transplant_loss 0.6518, rec_loss 0.0142, p_loss 0.1478, quant_error 0.1534, utilization 0.5904, perplexity 8352.4808,
Train Epoch: [2/30] Iters:[260/1093] transplant_loss 0.6509, rec_loss 0.0142, p_loss 0.1475, quant_error 0.1531, utilization 0.5900, perplexity 8351.9369,
Train Epoch: [2/30] Iters:[270/1093] transplant_loss 0.6533, rec_loss 0.0142, p_loss 0.1476, quant_error 0.1539, utilization 0.5904, perplexity 8364.1473,
Train Epoch: [2/30] Iters:[280/1093] transplant_loss 0.6539, rec_loss 0.0141, p_loss 0.1476, quant_error 0.1541, utilization 0.5905, perplexity 8364.5553,
Train Epoch: [2/30] Iters:[290/1093] transplant_loss 0.6565, rec_loss 0.0142, p_loss 0.1480, quant_error 0.1547, utilization 0.5905, perplexity 8359.3300,
Train Epoch: [2/30] Iters:[300/1093] transplant_loss 0.6569, rec_loss 0.0142, p_loss 0.1481, quant_error 0.1549, utilization 0.5904, perplexity 8362.7417,
Train Epoch: [2/30] Iters:[310/1093] transplant_loss 0.6556, rec_loss 0.0141, p_loss 0.1482, quant_error 0.1545, utilization 0.5906, perplexity 8366.6360,
Train Epoch: [2/30] Iters:[320/1093] transplant_loss 0.6540, rec_loss 0.0142, p_loss 0.1482, quant_error 0.1539, utilization 0.5902, perplexity 8358.1637,
Train Epoch: [2/30] Iters:[330/1093] transplant_loss 0.6528, rec_loss 0.0141, p_loss 0.1482, quant_error 0.1535, utilization 0.5897, perplexity 8350.4402,
Train Epoch: [2/30] Iters:[340/1093] transplant_loss 0.6504, rec_loss 0.0141, p_loss 0.1477, quant_error 0.1529, utilization 0.5903, perplexity 8361.3441,
Train Epoch: [2/30] Iters:[350/1093] transplant_loss 0.6498, rec_loss 0.0141, p_loss 0.1476, quant_error 0.1527, utilization 0.5902, perplexity 8361.2411,
Train Epoch: [2/30] Iters:[360/1093] transplant_loss 0.6496, rec_loss 0.0141, p_loss 0.1475, quant_error 0.1527, utilization 0.5905, perplexity 8368.7628,
Train Epoch: [2/30] Iters:[370/1093] transplant_loss 0.6466, rec_loss 0.0139, p_loss 0.1470, quant_error 0.1519, utilization 0.5905, perplexity 8368.2236,
Train Epoch: [2/30] Iters:[380/1093] transplant_loss 0.6481, rec_loss 0.0140, p_loss 0.1471, quant_error 0.1523, utilization 0.5906, perplexity 8372.5878,
Train Epoch: [2/30] Iters:[390/1093] transplant_loss 0.6441, rec_loss 0.0138, p_loss 0.1468, quant_error 0.1511, utilization 0.5897, perplexity 8356.4360,
Train Epoch: [2/30] Iters:[400/1093] transplant_loss 0.6427, rec_loss 0.0138, p_loss 0.1469, quant_error 0.1506, utilization 0.5901, perplexity 8360.7757,
Train Epoch: [2/30] Iters:[410/1093] transplant_loss 0.6469, rec_loss 0.0138, p_loss 0.1478, quant_error 0.1516, utilization 0.5908, perplexity 8375.7380,
Train Epoch: [2/30] Iters:[420/1093] transplant_loss 0.6533, rec_loss 0.0141, p_loss 0.1485, quant_error 0.1533, utilization 0.5917, perplexity 8390.7192,
Train Epoch: [2/30] Iters:[430/1093] transplant_loss 0.6549, rec_loss 0.0141, p_loss 0.1489, quant_error 0.1538, utilization 0.5916, perplexity 8389.8718,
Train Epoch: [2/30] Iters:[440/1093] transplant_loss 0.6605, rec_loss 0.0143, p_loss 0.1494, quant_error 0.1553, utilization 0.5922, perplexity 8399.7632,
Train Epoch: [2/30] Iters:[450/1093] transplant_loss 0.6609, rec_loss 0.0143, p_loss 0.1493, quant_error 0.1554, utilization 0.5920, perplexity 8395.1395,
Train Epoch: [2/30] Iters:[460/1093] transplant_loss 0.6559, rec_loss 0.0142, p_loss 0.1485, quant_error 0.1541, utilization 0.5913, perplexity 8384.2628,
Train Epoch: [2/30] Iters:[470/1093] transplant_loss 0.6515, rec_loss 0.0141, p_loss 0.1482, quant_error 0.1528, utilization 0.5905, perplexity 8365.0611,
Train Epoch: [2/30] Iters:[480/1093] transplant_loss 0.6481, rec_loss 0.0140, p_loss 0.1477, quant_error 0.1519, utilization 0.5906, perplexity 8356.6542,
Train Epoch: [2/30] Iters:[490/1093] transplant_loss 0.6442, rec_loss 0.0138, p_loss 0.1475, quant_error 0.1508, utilization 0.5907, perplexity 8359.7706,
Train Epoch: [2/30] Iters:[500/1093] transplant_loss 0.6444, rec_loss 0.0139, p_loss 0.1473, quant_error 0.1508, utilization 0.5908, perplexity 8361.6966,
Train Epoch: [2/30] Iters:[510/1093] transplant_loss 0.6456, rec_loss 0.0138, p_loss 0.1476, quant_error 0.1511, utilization 0.5904, perplexity 8349.8953,
Train Epoch: [2/30] Iters:[520/1093] transplant_loss 0.6454, rec_loss 0.0137, p_loss 0.1476, quant_error 0.1511, utilization 0.5914, perplexity 8375.7109,
Train Epoch: [2/30] Iters:[530/1093] transplant_loss 0.6461, rec_loss 0.0138, p_loss 0.1475, quant_error 0.1513, utilization 0.5914, perplexity 8381.8989,
Train Epoch: [2/30] Iters:[540/1093] transplant_loss 0.6453, rec_loss 0.0138, p_loss 0.1472, quant_error 0.1511, utilization 0.5908, perplexity 8371.7490,
Train Epoch: [2/30] Iters:[550/1093] transplant_loss 0.6453, rec_loss 0.0137, p_loss 0.1471, quant_error 0.1512, utilization 0.5915, perplexity 8388.8209,
Train Epoch: [2/30] Iters:[560/1093] transplant_loss 0.6494, rec_loss 0.0139, p_loss 0.1474, quant_error 0.1523, utilization 0.5925, perplexity 8408.9894,
Train Epoch: [2/30] Iters:[570/1093] transplant_loss 0.6484, rec_loss 0.0139, p_loss 0.1471, quant_error 0.1521, utilization 0.5916, perplexity 8387.9720,
Train Epoch: [2/30] Iters:[580/1093] transplant_loss 0.6495, rec_loss 0.0139, p_loss 0.1472, quant_error 0.1523, utilization 0.5918, perplexity 8390.1966,
Train Epoch: [2/30] Iters:[590/1093] transplant_loss 0.6512, rec_loss 0.0140, p_loss 0.1474, quant_error 0.1528, utilization 0.5925, perplexity 8404.6412,
Train Epoch: [2/30] Iters:[600/1093] transplant_loss 0.6500, rec_loss 0.0139, p_loss 0.1475, quant_error 0.1525, utilization 0.5920, perplexity 8392.5165,
Train Epoch: [2/30] Iters:[610/1093] transplant_loss 0.6507, rec_loss 0.0139, p_loss 0.1480, quant_error 0.1525, utilization 0.5918, perplexity 8389.4203,
Train Epoch: [2/30] Iters:[620/1093] transplant_loss 0.6532, rec_loss 0.0139, p_loss 0.1484, quant_error 0.1532, utilization 0.5918, perplexity 8390.1974,
Train Epoch: [2/30] Iters:[630/1093] transplant_loss 0.6524, rec_loss 0.0139, p_loss 0.1485, quant_error 0.1530, utilization 0.5916, perplexity 8384.7146,
Train Epoch: [2/30] Iters:[640/1093] transplant_loss 0.6517, rec_loss 0.0139, p_loss 0.1483, quant_error 0.1527, utilization 0.5912, perplexity 8376.2098,
Train Epoch: [2/30] Iters:[650/1093] transplant_loss 0.6532, rec_loss 0.0140, p_loss 0.1485, quant_error 0.1531, utilization 0.5913, perplexity 8378.6526,
Train Epoch: [2/30] Iters:[660/1093] transplant_loss 0.6479, rec_loss 0.0138, p_loss 0.1476, quant_error 0.1517, utilization 0.5910, perplexity 8372.5491,
Train Epoch: [2/30] Iters:[670/1093] transplant_loss 0.6475, rec_loss 0.0139, p_loss 0.1475, quant_error 0.1515, utilization 0.5916, perplexity 8384.1361,
Train Epoch: [2/30] Iters:[680/1093] transplant_loss 0.6500, rec_loss 0.0140, p_loss 0.1477, quant_error 0.1522, utilization 0.5918, perplexity 8391.2152,
Train Epoch: [2/30] Iters:[690/1093] transplant_loss 0.6540, rec_loss 0.0142, p_loss 0.1481, quant_error 0.1532, utilization 0.5921, perplexity 8395.8604,
Train Epoch: [2/30] Iters:[700/1093] transplant_loss 0.6529, rec_loss 0.0142, p_loss 0.1481, quant_error 0.1528, utilization 0.5918, perplexity 8387.0182,
Train Epoch: [2/30] Iters:[710/1093] transplant_loss 0.6566, rec_loss 0.0143, p_loss 0.1485, quant_error 0.1538, utilization 0.5922, perplexity 8394.9601,
Train Epoch: [2/30] Iters:[720/1093] transplant_loss 0.6603, rec_loss 0.0144, p_loss 0.1489, quant_error 0.1549, utilization 0.5922, perplexity 8396.6957,
Train Epoch: [2/30] Iters:[730/1093] transplant_loss 0.6607, rec_loss 0.0144, p_loss 0.1489, quant_error 0.1550, utilization 0.5925, perplexity 8409.7009,
Train Epoch: [2/30] Iters:[740/1093] transplant_loss 0.6595, rec_loss 0.0143, p_loss 0.1488, quant_error 0.1546, utilization 0.5924, perplexity 8404.6771,
Train Epoch: [2/30] Iters:[750/1093] transplant_loss 0.6556, rec_loss 0.0141, p_loss 0.1483, quant_error 0.1537, utilization 0.5921, perplexity 8399.6046,
Train Epoch: [2/30] Iters:[760/1093] transplant_loss 0.6510, rec_loss 0.0140, p_loss 0.1478, quant_error 0.1523, utilization 0.5916, perplexity 8386.7995,
Train Epoch: [2/30] Iters:[770/1093] transplant_loss 0.6503, rec_loss 0.0140, p_loss 0.1477, quant_error 0.1521, utilization 0.5917, perplexity 8385.9340,
Train Epoch: [2/30] Iters:[780/1093] transplant_loss 0.6461, rec_loss 0.0139, p_loss 0.1473, quant_error 0.1508, utilization 0.5911, perplexity 8370.5804,
Train Epoch: [2/30] Iters:[790/1093] transplant_loss 0.6448, rec_loss 0.0139, p_loss 0.1474, quant_error 0.1503, utilization 0.5913, perplexity 8374.3511,
Train Epoch: [2/30] Iters:[800/1093] transplant_loss 0.6500, rec_loss 0.0142, p_loss 0.1481, quant_error 0.1517, utilization 0.5920, perplexity 8390.7184,
Train Epoch: [2/30] Iters:[810/1093] transplant_loss 0.6584, rec_loss 0.0144, p_loss 0.1493, quant_error 0.1539, utilization 0.5921, perplexity 8397.4891,
Train Epoch: [2/30] Iters:[820/1093] transplant_loss 0.6519, rec_loss 0.0142, p_loss 0.1483, quant_error 0.1522, utilization 0.5911, perplexity 8377.4747,
Train Epoch: [2/30] Iters:[830/1093] transplant_loss 0.6555, rec_loss 0.0142, p_loss 0.1487, quant_error 0.1533, utilization 0.5918, perplexity 8392.1449,
Train Epoch: [2/30] Iters:[840/1093] transplant_loss 0.6562, rec_loss 0.0143, p_loss 0.1484, quant_error 0.1536, utilization 0.5916, perplexity 8391.7097,
Train Epoch: [2/30] Iters:[850/1093] transplant_loss 0.6551, rec_loss 0.0141, p_loss 0.1483, quant_error 0.1533, utilization 0.5911, perplexity 8380.8487,
Train Epoch: [2/30] Iters:[860/1093] transplant_loss 0.6491, rec_loss 0.0139, p_loss 0.1470, quant_error 0.1518, utilization 0.5914, perplexity 8383.6475,
Train Epoch: [2/30] Iters:[870/1093] transplant_loss 0.6522, rec_loss 0.0140, p_loss 0.1476, quant_error 0.1525, utilization 0.5925, perplexity 8409.8540,
Train Epoch: [2/30] Iters:[880/1093] transplant_loss 0.6487, rec_loss 0.0139, p_loss 0.1475, quant_error 0.1514, utilization 0.5917, perplexity 8393.0424,
Train Epoch: [2/30] Iters:[890/1093] transplant_loss 0.6483, rec_loss 0.0139, p_loss 0.1475, quant_error 0.1513, utilization 0.5921, perplexity 8403.9447,
Train Epoch: [2/30] Iters:[900/1093] transplant_loss 0.6478, rec_loss 0.0140, p_loss 0.1472, quant_error 0.1512, utilization 0.5926, perplexity 8415.7731,
Train Epoch: [2/30] Iters:[910/1093] transplant_loss 0.6480, rec_loss 0.0140, p_loss 0.1473, quant_error 0.1512, utilization 0.5922, perplexity 8407.4151,
Train Epoch: [2/30] Iters:[920/1093] transplant_loss 0.6493, rec_loss 0.0140, p_loss 0.1474, quant_error 0.1516, utilization 0.5924, perplexity 8409.6264,
Train Epoch: [2/30] Iters:[930/1093] transplant_loss 0.6525, rec_loss 0.0142, p_loss 0.1477, quant_error 0.1525, utilization 0.5931, perplexity 8422.0448,
Train Epoch: [2/30] Iters:[940/1093] transplant_loss 0.6507, rec_loss 0.0141, p_loss 0.1477, quant_error 0.1519, utilization 0.5927, perplexity 8414.9400,
Train Epoch: [2/30] Iters:[950/1093] transplant_loss 0.6537, rec_loss 0.0142, p_loss 0.1481, quant_error 0.1527, utilization 0.5924, perplexity 8412.0170,
Train Epoch: [2/30] Iters:[960/1093] transplant_loss 0.6567, rec_loss 0.0142, p_loss 0.1487, quant_error 0.1534, utilization 0.5929, perplexity 8425.8125,
Train Epoch: [2/30] Iters:[970/1093] transplant_loss 0.6563, rec_loss 0.0143, p_loss 0.1489, quant_error 0.1532, utilization 0.5925, perplexity 8411.1608,
Train Epoch: [2/30] Iters:[980/1093] transplant_loss 0.6552, rec_loss 0.0143, p_loss 0.1485, quant_error 0.1529, utilization 0.5927, perplexity 8414.3106,
Train Epoch: [2/30] Iters:[990/1093] transplant_loss 0.6545, rec_loss 0.0142, p_loss 0.1484, quant_error 0.1528, utilization 0.5924, perplexity 8405.3800,
Train Epoch: [2/30] Iters:[1000/1093] transplant_loss 0.6536, rec_loss 0.0142, p_loss 0.1483, quant_error 0.1525, utilization 0.5924, perplexity 8402.6058,
Train Epoch: [2/30] Iters:[1010/1093] transplant_loss 0.6488, rec_loss 0.0140, p_loss 0.1475, quant_error 0.1513, utilization 0.5917, perplexity 8383.8228,
Train Epoch: [2/30] Iters:[1020/1093] transplant_loss 0.6465, rec_loss 0.0139, p_loss 0.1474, quant_error 0.1506, utilization 0.5918, perplexity 8390.7021,
Train Epoch: [2/30] Iters:[1030/1093] transplant_loss 0.6483, rec_loss 0.0140, p_loss 0.1477, quant_error 0.1511, utilization 0.5919, perplexity 8394.4464,
Train Epoch: [2/30] Iters:[1040/1093] transplant_loss 0.6492, rec_loss 0.0140, p_loss 0.1479, quant_error 0.1513, utilization 0.5924, perplexity 8401.7388,
Train Epoch: [2/30] Iters:[1050/1093] transplant_loss 0.6467, rec_loss 0.0138, p_loss 0.1478, quant_error 0.1506, utilization 0.5926, perplexity 8403.9282,
Train Epoch: [2/30] Iters:[1060/1093] transplant_loss 0.6502, rec_loss 0.0140, p_loss 0.1483, quant_error 0.1515, utilization 0.5934, perplexity 8425.1114,
Train Epoch: [2/30] Iters:[1070/1093] transplant_loss 0.6482, rec_loss 0.0139, p_loss 0.1476, quant_error 0.1511, utilization 0.5924, perplexity 8408.3020,
Train Epoch: [2/30] Iters:[1080/1093] transplant_loss 0.6469, rec_loss 0.0139, p_loss 0.1472, quant_error 0.1508, utilization 0.5920, perplexity 8394.1454,
Train Epoch: [2/30] Iters:[1090/1093] transplant_loss 0.6478, rec_loss 0.0140, p_loss 0.1473, quant_error 0.1510, utilization 0.5923, perplexity 8401.6958,
epoch:3, cur_lr:0.000094
Train Epoch: [3/30] Iters:[10/1093] transplant_loss 0.6421, rec_loss 0.0137, p_loss 0.1483, quant_error 0.1489, utilization 0.5933, perplexity 8426.9868,
Train Epoch: [3/30] Iters:[20/1093] transplant_loss 0.6490, rec_loss 0.0139, p_loss 0.1486, quant_error 0.1510, utilization 0.5928, perplexity 8411.6968,
Train Epoch: [3/30] Iters:[30/1093] transplant_loss 0.6490, rec_loss 0.0140, p_loss 0.1485, quant_error 0.1509, utilization 0.5928, perplexity 8414.6721,
Train Epoch: [3/30] Iters:[40/1093] transplant_loss 0.6496, rec_loss 0.0141, p_loss 0.1481, quant_error 0.1512, utilization 0.5929, perplexity 8415.8582,
Train Epoch: [3/30] Iters:[50/1093] transplant_loss 0.6506, rec_loss 0.0142, p_loss 0.1481, quant_error 0.1515, utilization 0.5932, perplexity 8425.4712,
Train Epoch: [3/30] Iters:[60/1093] transplant_loss 0.6549, rec_loss 0.0143, p_loss 0.1484, quant_error 0.1527, utilization 0.5934, perplexity 8427.9546,
Train Epoch: [3/30] Iters:[70/1093] transplant_loss 0.6540, rec_loss 0.0143, p_loss 0.1483, quant_error 0.1524, utilization 0.5935, perplexity 8433.5461,
Train Epoch: [3/30] Iters:[80/1093] transplant_loss 0.6519, rec_loss 0.0141, p_loss 0.1478, quant_error 0.1520, utilization 0.5930, perplexity 8420.6725,
Train Epoch: [3/30] Iters:[90/1093] transplant_loss 0.6506, rec_loss 0.0140, p_loss 0.1479, quant_error 0.1516, utilization 0.5930, perplexity 8422.1036,
Train Epoch: [3/30] Iters:[100/1093] transplant_loss 0.6494, rec_loss 0.0139, p_loss 0.1478, quant_error 0.1512, utilization 0.5927, perplexity 8412.0873,
Train Epoch: [3/30] Iters:[110/1093] transplant_loss 0.6469, rec_loss 0.0138, p_loss 0.1470, quant_error 0.1506, utilization 0.5925, perplexity 8403.0715,
Train Epoch: [3/30] Iters:[120/1093] transplant_loss 0.6472, rec_loss 0.0139, p_loss 0.1469, quant_error 0.1508, utilization 0.5929, perplexity 8411.5026,
Train Epoch: [3/30] Iters:[130/1093] transplant_loss 0.6508, rec_loss 0.0139, p_loss 0.1477, quant_error 0.1516, utilization 0.5934, perplexity 8423.6186,
Train Epoch: [3/30] Iters:[140/1093] transplant_loss 0.6523, rec_loss 0.0139, p_loss 0.1478, quant_error 0.1521, utilization 0.5935, perplexity 8419.5238,
Train Epoch: [3/30] Iters:[150/1093] transplant_loss 0.6558, rec_loss 0.0141, p_loss 0.1481, quant_error 0.1530, utilization 0.5932, perplexity 8409.4043,
Train Epoch: [3/30] Iters:[160/1093] transplant_loss 0.6555, rec_loss 0.0141, p_loss 0.1483, quant_error 0.1528, utilization 0.5929, perplexity 8410.2972,
Train Epoch: [3/30] Iters:[170/1093] transplant_loss 0.6554, rec_loss 0.0141, p_loss 0.1482, quant_error 0.1528, utilization 0.5921, perplexity 8389.9279,
Train Epoch: [3/30] Iters:[180/1093] transplant_loss 0.6556, rec_loss 0.0142, p_loss 0.1480, quant_error 0.1529, utilization 0.5920, perplexity 8389.4684,
Train Epoch: [3/30] Iters:[190/1093] transplant_loss 0.6534, rec_loss 0.0142, p_loss 0.1476, quant_error 0.1523, utilization 0.5915, perplexity 8377.0244,
Train Epoch: [3/30] Iters:[200/1093] transplant_loss 0.6478, rec_loss 0.0139, p_loss 0.1468, quant_error 0.1508, utilization 0.5916, perplexity 8381.3729,
Train Epoch: [3/30] Iters:[210/1093] transplant_loss 0.6512, rec_loss 0.0141, p_loss 0.1475, quant_error 0.1517, utilization 0.5924, perplexity 8392.5178,
Train Epoch: [3/30] Iters:[220/1093] transplant_loss 0.6496, rec_loss 0.0140, p_loss 0.1474, quant_error 0.1512, utilization 0.5924, perplexity 8397.2854,
Train Epoch: [3/30] Iters:[230/1093] transplant_loss 0.6473, rec_loss 0.0139, p_loss 0.1473, quant_error 0.1505, utilization 0.5924, perplexity 8400.7642,
Train Epoch: [3/30] Iters:[240/1093] transplant_loss 0.6502, rec_loss 0.0140, p_loss 0.1479, quant_error 0.1511, utilization 0.5930, perplexity 8412.4461,
Train Epoch: [3/30] Iters:[250/1093] transplant_loss 0.6548, rec_loss 0.0142, p_loss 0.1485, quant_error 0.1524, utilization 0.5931, perplexity 8416.7190,
Train Epoch: [3/30] Iters:[260/1093] transplant_loss 0.6502, rec_loss 0.0140, p_loss 0.1480, quant_error 0.1512, utilization 0.5921, perplexity 8398.5657,
Train Epoch: [3/30] Iters:[270/1093] transplant_loss 0.6491, rec_loss 0.0139, p_loss 0.1479, quant_error 0.1508, utilization 0.5920, perplexity 8396.9640,
Train Epoch: [3/30] Iters:[280/1093] transplant_loss 0.6485, rec_loss 0.0140, p_loss 0.1475, quant_error 0.1507, utilization 0.5924, perplexity 8403.2778,
Train Epoch: [3/30] Iters:[290/1093] transplant_loss 0.6467, rec_loss 0.0140, p_loss 0.1472, quant_error 0.1502, utilization 0.5922, perplexity 8404.8047,
Train Epoch: [3/30] Iters:[300/1093] transplant_loss 0.6436, rec_loss 0.0140, p_loss 0.1468, quant_error 0.1493, utilization 0.5922, perplexity 8399.1316,
Train Epoch: [3/30] Iters:[310/1093] transplant_loss 0.6414, rec_loss 0.0139, p_loss 0.1465, quant_error 0.1488, utilization 0.5926, perplexity 8402.9084,
Train Epoch: [3/30] Iters:[320/1093] transplant_loss 0.6457, rec_loss 0.0140, p_loss 0.1469, quant_error 0.1500, utilization 0.5935, perplexity 8423.7354,
Train Epoch: [3/30] Iters:[330/1093] transplant_loss 0.6471, rec_loss 0.0139, p_loss 0.1474, quant_error 0.1503, utilization 0.5928, perplexity 8407.3227,
Train Epoch: [3/30] Iters:[340/1093] transplant_loss 0.6445, rec_loss 0.0138, p_loss 0.1472, quant_error 0.1496, utilization 0.5925, perplexity 8401.6843,
Train Epoch: [3/30] Iters:[350/1093] transplant_loss 0.6439, rec_loss 0.0137, p_loss 0.1472, quant_error 0.1494, utilization 0.5921, perplexity 8403.1994,
Train Epoch: [3/30] Iters:[360/1093] transplant_loss 0.6469, rec_loss 0.0138, p_loss 0.1476, quant_error 0.1502, utilization 0.5924, perplexity 8411.7385,
Train Epoch: [3/30] Iters:[370/1093] transplant_loss 0.6493, rec_loss 0.0140, p_loss 0.1480, quant_error 0.1507, utilization 0.5923, perplexity 8412.0024,
Train Epoch: [3/30] Iters:[380/1093] transplant_loss 0.6488, rec_loss 0.0140, p_loss 0.1478, quant_error 0.1506, utilization 0.5927, perplexity 8416.7305,
Train Epoch: [3/30] Iters:[390/1093] transplant_loss 0.6513, rec_loss 0.0142, p_loss 0.1476, quant_error 0.1514, utilization 0.5933, perplexity 8427.9796,
Train Epoch: [3/30] Iters:[400/1093] transplant_loss 0.6530, rec_loss 0.0143, p_loss 0.1477, quant_error 0.1518, utilization 0.5936, perplexity 8430.4628,
Train Epoch: [3/30] Iters:[410/1093] transplant_loss 0.6537, rec_loss 0.0143, p_loss 0.1475, quant_error 0.1521, utilization 0.5935, perplexity 8431.1924,
Train Epoch: [3/30] Iters:[420/1093] transplant_loss 0.6513, rec_loss 0.0142, p_loss 0.1469, quant_error 0.1515, utilization 0.5932, perplexity 8420.3539,
Train Epoch: [3/30] Iters:[430/1093] transplant_loss 0.6548, rec_loss 0.0143, p_loss 0.1473, quant_error 0.1525, utilization 0.5935, perplexity 8425.0206,
Train Epoch: [3/30] Iters:[440/1093] transplant_loss 0.6566, rec_loss 0.0143, p_loss 0.1481, quant_error 0.1528, utilization 0.5931, perplexity 8417.2474,
Train Epoch: [3/30] Iters:[450/1093] transplant_loss 0.6568, rec_loss 0.0143, p_loss 0.1482, quant_error 0.1528, utilization 0.5933, perplexity 8420.4581,
Train Epoch: [3/30] Iters:[460/1093] transplant_loss 0.6557, rec_loss 0.0142, p_loss 0.1482, quant_error 0.1526, utilization 0.5933, perplexity 8416.4253,
Train Epoch: [3/30] Iters:[470/1093] transplant_loss 0.6546, rec_loss 0.0141, p_loss 0.1485, quant_error 0.1521, utilization 0.5931, perplexity 8413.2194,
Train Epoch: [3/30] Iters:[480/1093] transplant_loss 0.6531, rec_loss 0.0140, p_loss 0.1482, quant_error 0.1517, utilization 0.5933, perplexity 8423.3316,
Train Epoch: [3/30] Iters:[490/1093] transplant_loss 0.6503, rec_loss 0.0140, p_loss 0.1478, quant_error 0.1510, utilization 0.5933, perplexity 8426.5654,
Train Epoch: [3/30] Iters:[500/1093] transplant_loss 0.6507, rec_loss 0.0139, p_loss 0.1477, quant_error 0.1511, utilization 0.5936, perplexity 8431.5892,
Train Epoch: [3/30] Iters:[510/1093] transplant_loss 0.6526, rec_loss 0.0140, p_loss 0.1482, quant_error 0.1515, utilization 0.5938, perplexity 8436.5999,
Train Epoch: [3/30] Iters:[520/1093] transplant_loss 0.6513, rec_loss 0.0140, p_loss 0.1480, quant_error 0.1511, utilization 0.5938, perplexity 8436.9532,
Train Epoch: [3/30] Iters:[530/1093] transplant_loss 0.6528, rec_loss 0.0140, p_loss 0.1480, quant_error 0.1515, utilization 0.5935, perplexity 8428.6779,
Train Epoch: [3/30] Iters:[540/1093] transplant_loss 0.6528, rec_loss 0.0141, p_loss 0.1481, quant_error 0.1515, utilization 0.5934, perplexity 8419.6612,
Train Epoch: [3/30] Iters:[550/1093] transplant_loss 0.6493, rec_loss 0.0140, p_loss 0.1478, quant_error 0.1505, utilization 0.5927, perplexity 8402.7939,
Train Epoch: [3/30] Iters:[560/1093] transplant_loss 0.6482, rec_loss 0.0140, p_loss 0.1475, quant_error 0.1502, utilization 0.5921, perplexity 8392.2394,
Train Epoch: [3/30] Iters:[570/1093] transplant_loss 0.6508, rec_loss 0.0141, p_loss 0.1476, quant_error 0.1509, utilization 0.5922, perplexity 8395.5470,
Train Epoch: [3/30] Iters:[580/1093] transplant_loss 0.6515, rec_loss 0.0141, p_loss 0.1478, quant_error 0.1511, utilization 0.5926, perplexity 8404.8376,
Train Epoch: [3/30] Iters:[590/1093] transplant_loss 0.6523, rec_loss 0.0140, p_loss 0.1477, quant_error 0.1515, utilization 0.5932, perplexity 8422.0939,
Train Epoch: [3/30] Iters:[600/1093] transplant_loss 0.6559, rec_loss 0.0141, p_loss 0.1481, quant_error 0.1524, utilization 0.5937, perplexity 8434.8200,
Train Epoch: [3/30] Iters:[610/1093] transplant_loss 0.6537, rec_loss 0.0140, p_loss 0.1477, quant_error 0.1519, utilization 0.5939, perplexity 8440.4647,
Train Epoch: [3/30] Iters:[620/1093] transplant_loss 0.6521, rec_loss 0.0139, p_loss 0.1475, quant_error 0.1515, utilization 0.5938, perplexity 8436.0249,
Train Epoch: [3/30] Iters:[630/1093] transplant_loss 0.6489, rec_loss 0.0139, p_loss 0.1473, quant_error 0.1505, utilization 0.5934, perplexity 8428.8729,
Train Epoch: [3/30] Iters:[640/1093] transplant_loss 0.6512, rec_loss 0.0140, p_loss 0.1475, quant_error 0.1512, utilization 0.5933, perplexity 8422.4611,
Train Epoch: [3/30] Iters:[650/1093] transplant_loss 0.6515, rec_loss 0.0140, p_loss 0.1472, quant_error 0.1513, utilization 0.5931, perplexity 8412.9148,
Train Epoch: [3/30] Iters:[660/1093] transplant_loss 0.6493, rec_loss 0.0140, p_loss 0.1471, quant_error 0.1507, utilization 0.5926, perplexity 8401.5827,
Train Epoch: [3/30] Iters:[670/1093] transplant_loss 0.6491, rec_loss 0.0140, p_loss 0.1470, quant_error 0.1506, utilization 0.5929, perplexity 8406.5366,
Train Epoch: [3/30] Iters:[680/1093] transplant_loss 0.6475, rec_loss 0.0140, p_loss 0.1467, quant_error 0.1502, utilization 0.5926, perplexity 8397.5088,
Train Epoch: [3/30] Iters:[690/1093] transplant_loss 0.6498, rec_loss 0.0140, p_loss 0.1472, quant_error 0.1508, utilization 0.5933, perplexity 8416.6723,
Train Epoch: [3/30] Iters:[700/1093] transplant_loss 0.6455, rec_loss 0.0139, p_loss 0.1467, quant_error 0.1496, utilization 0.5933, perplexity 8422.0377,
Train Epoch: [3/30] Iters:[710/1093] transplant_loss 0.6473, rec_loss 0.0139, p_loss 0.1471, quant_error 0.1500, utilization 0.5938, perplexity 8433.7679,
Train Epoch: [3/30] Iters:[720/1093] transplant_loss 0.6482, rec_loss 0.0138, p_loss 0.1473, quant_error 0.1503, utilization 0.5940, perplexity 8435.9396,
Train Epoch: [3/30] Iters:[730/1093] transplant_loss 0.6469, rec_loss 0.0138, p_loss 0.1470, quant_error 0.1499, utilization 0.5935, perplexity 8419.8537,
Train Epoch: [3/30] Iters:[740/1093] transplant_loss 0.6441, rec_loss 0.0137, p_loss 0.1466, quant_error 0.1491, utilization 0.5933, perplexity 8413.7955,
Train Epoch: [3/30] Iters:[750/1093] transplant_loss 0.6515, rec_loss 0.0139, p_loss 0.1476, quant_error 0.1510, utilization 0.5940, perplexity 8429.7680,
Train Epoch: [3/30] Iters:[760/1093] transplant_loss 0.6538, rec_loss 0.0141, p_loss 0.1476, quant_error 0.1517, utilization 0.5941, perplexity 8423.7336,
Train Epoch: [3/30] Iters:[770/1093] transplant_loss 0.6516, rec_loss 0.0141, p_loss 0.1474, quant_error 0.1511, utilization 0.5934, perplexity 8405.4825,
Train Epoch: [3/30] Iters:[780/1093] transplant_loss 0.6568, rec_loss 0.0143, p_loss 0.1483, quant_error 0.1524, utilization 0.5943, perplexity 8432.1354,
Train Epoch: [3/30] Iters:[790/1093] transplant_loss 0.6532, rec_loss 0.0142, p_loss 0.1478, quant_error 0.1514, utilization 0.5933, perplexity 8403.8757,
Train Epoch: [3/30] Iters:[800/1093] transplant_loss 0.6486, rec_loss 0.0141, p_loss 0.1474, quant_error 0.1501, utilization 0.5924, perplexity 8383.9961,
Train Epoch: [3/30] Iters:[810/1093] transplant_loss 0.6480, rec_loss 0.0140, p_loss 0.1476, quant_error 0.1498, utilization 0.5930, perplexity 8406.7376,
Train Epoch: [3/30] Iters:[820/1093] transplant_loss 0.6482, rec_loss 0.0140, p_loss 0.1476, quant_error 0.1499, utilization 0.5935, perplexity 8425.1820,
Train Epoch: [3/30] Iters:[830/1093] transplant_loss 0.6444, rec_loss 0.0139, p_loss 0.1472, quant_error 0.1488, utilization 0.5931, perplexity 8419.5820,
Train Epoch: [3/30] Iters:[840/1093] transplant_loss 0.6425, rec_loss 0.0139, p_loss 0.1471, quant_error 0.1482, utilization 0.5932, perplexity 8429.1852,
Train Epoch: [3/30] Iters:[850/1093] transplant_loss 0.6447, rec_loss 0.0139, p_loss 0.1473, quant_error 0.1489, utilization 0.5941, perplexity 8447.4467,
Train Epoch: [3/30] Iters:[860/1093] transplant_loss 0.6478, rec_loss 0.0140, p_loss 0.1477, quant_error 0.1496, utilization 0.5940, perplexity 8442.9422,
Train Epoch: [3/30] Iters:[870/1093] transplant_loss 0.6484, rec_loss 0.0141, p_loss 0.1478, quant_error 0.1497, utilization 0.5940, perplexity 8442.9076,
Train Epoch: [3/30] Iters:[880/1093] transplant_loss 0.6483, rec_loss 0.0141, p_loss 0.1473, quant_error 0.1498, utilization 0.5939, perplexity 8440.8860,
Train Epoch: [3/30] Iters:[890/1093] transplant_loss 0.6542, rec_loss 0.0144, p_loss 0.1479, quant_error 0.1514, utilization 0.5946, perplexity 8451.8667,
Train Epoch: [3/30] Iters:[900/1093] transplant_loss 0.6514, rec_loss 0.0143, p_loss 0.1473, quant_error 0.1507, utilization 0.5937, perplexity 8435.5696,
Train Epoch: [3/30] Iters:[910/1093] transplant_loss 0.6477, rec_loss 0.0141, p_loss 0.1468, quant_error 0.1498, utilization 0.5934, perplexity 8431.9317,
Train Epoch: [3/30] Iters:[920/1093] transplant_loss 0.6444, rec_loss 0.0140, p_loss 0.1466, quant_error 0.1489, utilization 0.5932, perplexity 8420.3414,
Train Epoch: [3/30] Iters:[930/1093] transplant_loss 0.6468, rec_loss 0.0140, p_loss 0.1474, quant_error 0.1494, utilization 0.5931, perplexity 8416.7428,
Train Epoch: [3/30] Iters:[940/1093] transplant_loss 0.6483, rec_loss 0.0141, p_loss 0.1477, quant_error 0.1498, utilization 0.5931, perplexity 8414.1428,
Train Epoch: [3/30] Iters:[950/1093] transplant_loss 0.6510, rec_loss 0.0141, p_loss 0.1484, quant_error 0.1504, utilization 0.5940, perplexity 8433.5098,
Train Epoch: [3/30] Iters:[960/1093] transplant_loss 0.6513, rec_loss 0.0142, p_loss 0.1484, quant_error 0.1505, utilization 0.5940, perplexity 8432.3694,
Train Epoch: [3/30] Iters:[970/1093] transplant_loss 0.6549, rec_loss 0.0142, p_loss 0.1488, quant_error 0.1515, utilization 0.5939, perplexity 8435.5474,
Train Epoch: [3/30] Iters:[980/1093] transplant_loss 0.6535, rec_loss 0.0141, p_loss 0.1484, quant_error 0.1512, utilization 0.5940, perplexity 8435.6313,
Train Epoch: [3/30] Iters:[990/1093] transplant_loss 0.6480, rec_loss 0.0139, p_loss 0.1474, quant_error 0.1498, utilization 0.5931, perplexity 8414.8540,
Train Epoch: [3/30] Iters:[1000/1093] transplant_loss 0.6460, rec_loss 0.0139, p_loss 0.1470, quant_error 0.1492, utilization 0.5923, perplexity 8391.8050,
Train Epoch: [3/30] Iters:[1010/1093] transplant_loss 0.6444, rec_loss 0.0140, p_loss 0.1468, quant_error 0.1487, utilization 0.5915, perplexity 8373.5977,
Train Epoch: [3/30] Iters:[1020/1093] transplant_loss 0.6415, rec_loss 0.0140, p_loss 0.1460, quant_error 0.1479, utilization 0.5920, perplexity 8380.9983,
Train Epoch: [3/30] Iters:[1030/1093] transplant_loss 0.6432, rec_loss 0.0141, p_loss 0.1462, quant_error 0.1484, utilization 0.5923, perplexity 8387.8086,
Train Epoch: [3/30] Iters:[1040/1093] transplant_loss 0.6445, rec_loss 0.0141, p_loss 0.1470, quant_error 0.1485, utilization 0.5930, perplexity 8411.8592,
Train Epoch: [3/30] Iters:[1050/1093] transplant_loss 0.6435, rec_loss 0.0140, p_loss 0.1470, quant_error 0.1482, utilization 0.5938, perplexity 8433.5068,
Train Epoch: [3/30] Iters:[1060/1093] transplant_loss 0.6499, rec_loss 0.0141, p_loss 0.1480, quant_error 0.1499, utilization 0.5947, perplexity 8453.5535,
Train Epoch: [3/30] Iters:[1070/1093] transplant_loss 0.6534, rec_loss 0.0140, p_loss 0.1484, quant_error 0.1510, utilization 0.5945, perplexity 8448.6232,
Train Epoch: [3/30] Iters:[1080/1093] transplant_loss 0.6512, rec_loss 0.0139, p_loss 0.1481, quant_error 0.1504, utilization 0.5944, perplexity 8445.9591,
Train Epoch: [3/30] Iters:[1090/1093] transplant_loss 0.6520, rec_loss 0.0139, p_loss 0.1477, quant_error 0.1508, utilization 0.5945, perplexity 8443.2783,
epoch:4, cur_lr:0.000091
Train Epoch: [4/30] Iters:[10/1093] transplant_loss 0.6594, rec_loss 0.0140, p_loss 0.1473, quant_error 0.1533, utilization 0.5926, perplexity 8400.1699,
Train Epoch: [4/30] Iters:[20/1093] transplant_loss 0.6516, rec_loss 0.0136, p_loss 0.1475, quant_error 0.1509, utilization 0.5934, perplexity 8422.8300,
Train Epoch: [4/30] Iters:[30/1093] transplant_loss 0.6533, rec_loss 0.0138, p_loss 0.1479, quant_error 0.1512, utilization 0.5938, perplexity 8426.5181,
Train Epoch: [4/30] Iters:[40/1093] transplant_loss 0.6536, rec_loss 0.0138, p_loss 0.1481, quant_error 0.1513, utilization 0.5938, perplexity 8429.1130,
Train Epoch: [4/30] Iters:[50/1093] transplant_loss 0.6503, rec_loss 0.0137, p_loss 0.1480, quant_error 0.1503, utilization 0.5936, perplexity 8423.6623,
Train Epoch: [4/30] Iters:[60/1093] transplant_loss 0.6502, rec_loss 0.0138, p_loss 0.1481, quant_error 0.1501, utilization 0.5936, perplexity 8426.7140,
Train Epoch: [4/30] Iters:[70/1093] transplant_loss 0.6512, rec_loss 0.0139, p_loss 0.1483, quant_error 0.1503, utilization 0.5940, perplexity 8435.4609,
Train Epoch: [4/30] Iters:[80/1093] transplant_loss 0.6490, rec_loss 0.0138, p_loss 0.1481, quant_error 0.1496, utilization 0.5938, perplexity 8438.2967,
