dataset_dir: /projects/yuanai/data/
dataset_name: ImageNet
global_batch_size: 64
workers: 6
resolution: 256
channels: 3
ms_patch_size: 1_2_3_4_5_6_8_10_13_16
importance: (1, 1, 1, 2, 2, 2, 3, 3, 5, 5)
max_patch_size: 16
codebook_size: 16384
codebook_dim: 16
project_dim: 16
pq: 1
L: 4
alpha: 1.0
beta: 1.0
gamma: 0.0
disc_weight: 0.3
lecam_loss_weight: 0.001
disc_cr_loss_weight: 4.0
VQ: vanilla_vq
use_multiscale: False
transplant_epochs: 2
refinement_epochs: 5
eval_epochs: 1
disc_epoch: 1
lr_transplant: 0.0001
lr_refinement: 1e-05
dropout: 0.0
seed: 3407
weight_decay: 1e-05
stage: transplant
path: bc
checkpoint_dir: /projects/yuanai/projects/VQ-Transplant3/checkpoint/Transplant/ImageNet
results_dir: /projects/yuanai/projects/VQ-Transplant3/results/Transplant/ImageNet
saver_dir: /projects/yuanai/projects/VQ-Transplant3/saver/Transplant/ImageNet
reconstruction_dir: /projects/yuanai/projects/VQ-Transplant3/reconstruction/Transplant/ImageNet
yaml_dir: /projects/yuanai/projects/VQ-Transplant3/yaml/Transplant/ImageNet
pretrained_tokenizer: /projects/yuanai/projects/VQ-Transplant3/pretrained_tokenizer/vae_ch160v4096z32.pth
checkpoint_name: 
nnodes: -1
node_rank: -1
local_rank: 0
dist_url: tcp://224.66.41.62:23456
dist_backend: nccl
world_size: 2
batch_size: 32
ms_token_size: (1, 2, 3, 4, 5, 6, 8, 10, 13, 16)
init_checkpoint_dir: /projects/yuanai/projects/VQ-Transplant3/checkpoint/
data_pre: ImageNet
model_pre: model_16384_16_1
loss_pre: loss_1.0_1.0_0.0_0.3
training_pre: vanilla_vq_transplant_False
saver_name_pre: vanilla_vq_transplant_False_ImageNet_model_16384_16_1_loss_1.0_1.0_0.0_0.3
| distributed init (rank 1): env://
| distributed init (rank 0): env://
loaded pretrained LPIPS loss from /projects/yuanai/projects/VQ-Transplant3/code/models/cache/vgg.pth
VQ Model Parameters: 108761795
dataset name: ImageNet
len train_set: 1281167
len val_set: 50000
Start training...
epoch:1, cur_lr:0.000100
Train Epoch: [1/2] Iters:[10/20018] transplant_loss 3.9493, rec_loss 0.4959, p_loss 0.8197, quant_error 0.9746, utilization 0.1193, perplexity 1247.9249,
Train Epoch: [1/2] Iters:[20/20018] transplant_loss 3.7087, rec_loss 0.4141, p_loss 0.7776, quant_error 0.8716, utilization 0.0985, perplexity 1067.0111,
Train Epoch: [1/2] Iters:[30/20018] transplant_loss 3.5522, rec_loss 0.3762, p_loss 0.7548, quant_error 0.8088, utilization 0.0885, perplexity 980.4755,
Train Epoch: [1/2] Iters:[40/20018] transplant_loss 3.4969, rec_loss 0.3603, p_loss 0.7467, quant_error 0.7863, utilization 0.0823, perplexity 925.8583,
Train Epoch: [1/2] Iters:[50/20018] transplant_loss 3.4697, rec_loss 0.3511, p_loss 0.7360, quant_error 0.7749, utilization 0.0777, perplexity 887.2538,
Train Epoch: [1/2] Iters:[60/20018] transplant_loss 3.3316, rec_loss 0.3176, p_loss 0.7111, quant_error 0.7162, utilization 0.0652, perplexity 777.8138,
Train Epoch: [1/2] Iters:[70/20018] transplant_loss 3.2750, rec_loss 0.3143, p_loss 0.7020, quant_error 0.6919, utilization 0.0605, perplexity 736.4451,
Train Epoch: [1/2] Iters:[80/20018] transplant_loss 3.2721, rec_loss 0.3171, p_loss 0.6981, quant_error 0.6879, utilization 0.0572, perplexity 707.5439,
Train Epoch: [1/2] Iters:[90/20018] transplant_loss 3.2478, rec_loss 0.3162, p_loss 0.6899, quant_error 0.6765, utilization 0.0546, perplexity 684.7515,
Train Epoch: [1/2] Iters:[100/20018] transplant_loss 3.2103, rec_loss 0.3122, p_loss 0.6898, quant_error 0.6627, utilization 0.0525, perplexity 666.0767,
Train Epoch: [1/2] Iters:[110/20018] transplant_loss 3.2000, rec_loss 0.3011, p_loss 0.6873, quant_error 0.6618, utilization 0.0508, perplexity 651.7018,
Train Epoch: [1/2] Iters:[120/20018] transplant_loss 3.1770, rec_loss 0.2894, p_loss 0.6876, quant_error 0.6616, utilization 0.0494, perplexity 640.2818,
Train Epoch: [1/2] Iters:[130/20018] transplant_loss 3.1369, rec_loss 0.2691, p_loss 0.6841, quant_error 0.6599, utilization 0.0483, perplexity 630.9461,
Train Epoch: [1/2] Iters:[140/20018] transplant_loss 3.0435, rec_loss 0.2456, p_loss 0.6799, quant_error 0.6426, utilization 0.0473, perplexity 623.5518,
Train Epoch: [1/2] Iters:[150/20018] transplant_loss 2.9843, rec_loss 0.2210, p_loss 0.6736, quant_error 0.6359, utilization 0.0466, perplexity 617.5881,
Train Epoch: [1/2] Iters:[160/20018] transplant_loss 2.9073, rec_loss 0.1994, p_loss 0.6687, quant_error 0.6232, utilization 0.0460, perplexity 613.0516,
Train Epoch: [1/2] Iters:[170/20018] transplant_loss 2.8521, rec_loss 0.1807, p_loss 0.6616, quant_error 0.6148, utilization 0.0455, perplexity 609.1849,
Train Epoch: [1/2] Iters:[180/20018] transplant_loss 2.8024, rec_loss 0.1712, p_loss 0.6581, quant_error 0.6028, utilization 0.0451, perplexity 606.6475,
Train Epoch: [1/2] Iters:[190/20018] transplant_loss 2.8023, rec_loss 0.1642, p_loss 0.6561, quant_error 0.6061, utilization 0.0447, perplexity 605.3735,
Train Epoch: [1/2] Iters:[200/20018] transplant_loss 2.7795, rec_loss 0.1598, p_loss 0.6545, quant_error 0.6008, utilization 0.0444, perplexity 604.2165,
Train Epoch: [1/2] Iters:[210/20018] transplant_loss 2.7545, rec_loss 0.1564, p_loss 0.6548, quant_error 0.5937, utilization 0.0442, perplexity 602.7553,
Train Epoch: [1/2] Iters:[220/20018] transplant_loss 2.7470, rec_loss 0.1523, p_loss 0.6553, quant_error 0.5937, utilization 0.0440, perplexity 602.5247,
Train Epoch: [1/2] Iters:[230/20018] transplant_loss 2.7420, rec_loss 0.1478, p_loss 0.6539, quant_error 0.5954, utilization 0.0439, perplexity 602.2996,
Train Epoch: [1/2] Iters:[240/20018] transplant_loss 2.7503, rec_loss 0.1463, p_loss 0.6544, quant_error 0.5989, utilization 0.0437, perplexity 601.6711,
Train Epoch: [1/2] Iters:[250/20018] transplant_loss 2.7381, rec_loss 0.1443, p_loss 0.6532, quant_error 0.5968, utilization 0.0436, perplexity 600.8599,
Train Epoch: [1/2] Iters:[260/20018] transplant_loss 2.7210, rec_loss 0.1420, p_loss 0.6511, quant_error 0.5931, utilization 0.0435, perplexity 600.8477,
Train Epoch: [1/2] Iters:[270/20018] transplant_loss 2.7077, rec_loss 0.1419, p_loss 0.6482, quant_error 0.5891, utilization 0.0434, perplexity 600.4381,
Train Epoch: [1/2] Iters:[280/20018] transplant_loss 2.6852, rec_loss 0.1403, p_loss 0.6483, quant_error 0.5822, utilization 0.0433, perplexity 599.7357,
Train Epoch: [1/2] Iters:[290/20018] transplant_loss 2.6630, rec_loss 0.1377, p_loss 0.6472, quant_error 0.5766, utilization 0.0433, perplexity 599.1055,
Train Epoch: [1/2] Iters:[300/20018] transplant_loss 2.6677, rec_loss 0.1369, p_loss 0.6464, quant_error 0.5785, utilization 0.0432, perplexity 598.7393,
Train Epoch: [1/2] Iters:[310/20018] transplant_loss 2.6645, rec_loss 0.1338, p_loss 0.6439, quant_error 0.5797, utilization 0.0431, perplexity 598.7591,
Train Epoch: [1/2] Iters:[320/20018] transplant_loss 2.6652, rec_loss 0.1313, p_loss 0.6423, quant_error 0.5812, utilization 0.0430, perplexity 598.8679,
Train Epoch: [1/2] Iters:[330/20018] transplant_loss 2.6771, rec_loss 0.1296, p_loss 0.6379, quant_error 0.5870, utilization 0.0430, perplexity 599.1494,
Train Epoch: [1/2] Iters:[340/20018] transplant_loss 2.6535, rec_loss 0.1261, p_loss 0.6329, quant_error 0.5821, utilization 0.0429, perplexity 598.8735,
Train Epoch: [1/2] Iters:[350/20018] transplant_loss 2.6255, rec_loss 0.1216, p_loss 0.6273, quant_error 0.5765, utilization 0.0429, perplexity 598.8593,
Train Epoch: [1/2] Iters:[360/20018] transplant_loss 2.6266, rec_loss 0.1196, p_loss 0.6242, quant_error 0.5785, utilization 0.0428, perplexity 598.9301,
Train Epoch: [1/2] Iters:[370/20018] transplant_loss 2.6015, rec_loss 0.1165, p_loss 0.6183, quant_error 0.5734, utilization 0.0427, perplexity 598.1509,
Train Epoch: [1/2] Iters:[380/20018] transplant_loss 2.5934, rec_loss 0.1165, p_loss 0.6150, quant_error 0.5710, utilization 0.0427, perplexity 598.1307,
Train Epoch: [1/2] Iters:[390/20018] transplant_loss 2.5971, rec_loss 0.1153, p_loss 0.6109, quant_error 0.5735, utilization 0.0427, perplexity 598.4534,
Train Epoch: [1/2] Iters:[400/20018] transplant_loss 2.5837, rec_loss 0.1157, p_loss 0.6050, quant_error 0.5697, utilization 0.0426, perplexity 598.4838,
Train Epoch: [1/2] Iters:[410/20018] transplant_loss 2.5748, rec_loss 0.1153, p_loss 0.5988, quant_error 0.5680, utilization 0.0426, perplexity 598.3242,
Train Epoch: [1/2] Iters:[420/20018] transplant_loss 2.5551, rec_loss 0.1133, p_loss 0.5950, quant_error 0.5633, utilization 0.0425, perplexity 598.3979,
Train Epoch: [1/2] Iters:[430/20018] transplant_loss 2.5322, rec_loss 0.1093, p_loss 0.5900, quant_error 0.5590, utilization 0.0425, perplexity 597.8187,
Train Epoch: [1/2] Iters:[440/20018] transplant_loss 2.5241, rec_loss 0.1089, p_loss 0.5859, quant_error 0.5572, utilization 0.0425, perplexity 597.0858,
Train Epoch: [1/2] Iters:[450/20018] transplant_loss 2.5128, rec_loss 0.1067, p_loss 0.5849, quant_error 0.5548, utilization 0.0424, perplexity 596.9396,
Train Epoch: [1/2] Iters:[460/20018] transplant_loss 2.4932, rec_loss 0.1066, p_loss 0.5826, quant_error 0.5489, utilization 0.0424, perplexity 596.7714,
Train Epoch: [1/2] Iters:[470/20018] transplant_loss 2.5084, rec_loss 0.1062, p_loss 0.5831, quant_error 0.5539, utilization 0.0424, perplexity 597.0358,
Train Epoch: [1/2] Iters:[480/20018] transplant_loss 2.5027, rec_loss 0.1063, p_loss 0.5825, quant_error 0.5517, utilization 0.0424, perplexity 597.7926,
Train Epoch: [1/2] Iters:[490/20018] transplant_loss 2.4893, rec_loss 0.1040, p_loss 0.5813, quant_error 0.5487, utilization 0.0423, perplexity 598.2458,
Train Epoch: [1/2] Iters:[500/20018] transplant_loss 2.5000, rec_loss 0.1049, p_loss 0.5813, quant_error 0.5515, utilization 0.0423, perplexity 598.4599,
Train Epoch: [1/2] Iters:[510/20018] transplant_loss 2.5091, rec_loss 0.1037, p_loss 0.5819, quant_error 0.5547, utilization 0.0423, perplexity 598.4630,
Train Epoch: [1/2] Iters:[520/20018] transplant_loss 2.4770, rec_loss 0.1033, p_loss 0.5782, quant_error 0.5453, utilization 0.0423, perplexity 598.8229,
Train Epoch: [1/2] Iters:[530/20018] transplant_loss 2.4601, rec_loss 0.1024, p_loss 0.5759, quant_error 0.5408, utilization 0.0423, perplexity 598.4891,
Train Epoch: [1/2] Iters:[540/20018] transplant_loss 2.4506, rec_loss 0.1029, p_loss 0.5744, quant_error 0.5376, utilization 0.0422, perplexity 598.2527,
Train Epoch: [1/2] Iters:[550/20018] transplant_loss 2.4431, rec_loss 0.1021, p_loss 0.5735, quant_error 0.5357, utilization 0.0422, perplexity 598.4316,
Train Epoch: [1/2] Iters:[560/20018] transplant_loss 2.4264, rec_loss 0.1011, p_loss 0.5703, quant_error 0.5315, utilization 0.0422, perplexity 598.3565,
Train Epoch: [1/2] Iters:[570/20018] transplant_loss 2.4302, rec_loss 0.1003, p_loss 0.5683, quant_error 0.5334, utilization 0.0422, perplexity 597.8989,
Train Epoch: [1/2] Iters:[580/20018] transplant_loss 2.4421, rec_loss 0.1001, p_loss 0.5667, quant_error 0.5375, utilization 0.0422, perplexity 597.6715,
Train Epoch: [1/2] Iters:[590/20018] transplant_loss 2.4439, rec_loss 0.0998, p_loss 0.5648, quant_error 0.5386, utilization 0.0422, perplexity 598.0689,
Train Epoch: [1/2] Iters:[600/20018] transplant_loss 2.4328, rec_loss 0.0988, p_loss 0.5610, quant_error 0.5364, utilization 0.0422, perplexity 598.0084,
Train Epoch: [1/2] Iters:[610/20018] transplant_loss 2.4249, rec_loss 0.0992, p_loss 0.5582, quant_error 0.5342, utilization 0.0421, perplexity 598.3716,
Train Epoch: [1/2] Iters:[620/20018] transplant_loss 2.4283, rec_loss 0.0994, p_loss 0.5556, quant_error 0.5358, utilization 0.0421, perplexity 598.8008,
Train Epoch: [1/2] Iters:[630/20018] transplant_loss 2.4047, rec_loss 0.0983, p_loss 0.5526, quant_error 0.5295, utilization 0.0421, perplexity 598.7298,
Train Epoch: [1/2] Iters:[640/20018] transplant_loss 2.3933, rec_loss 0.0978, p_loss 0.5505, quant_error 0.5264, utilization 0.0421, perplexity 599.0298,
Train Epoch: [1/2] Iters:[650/20018] transplant_loss 2.3954, rec_loss 0.0973, p_loss 0.5488, quant_error 0.5277, utilization 0.0421, perplexity 599.3610,
Train Epoch: [1/2] Iters:[660/20018] transplant_loss 2.3834, rec_loss 0.0954, p_loss 0.5463, quant_error 0.5253, utilization 0.0421, perplexity 598.9015,
Train Epoch: [1/2] Iters:[670/20018] transplant_loss 2.3809, rec_loss 0.0946, p_loss 0.5458, quant_error 0.5248, utilization 0.0421, perplexity 599.1976,
Train Epoch: [1/2] Iters:[680/20018] transplant_loss 2.3767, rec_loss 0.0947, p_loss 0.5431, quant_error 0.5238, utilization 0.0421, perplexity 599.2698,
Train Epoch: [1/2] Iters:[690/20018] transplant_loss 2.3602, rec_loss 0.0938, p_loss 0.5397, quant_error 0.5198, utilization 0.0420, perplexity 599.3554,
Train Epoch: [1/2] Iters:[700/20018] transplant_loss 2.3521, rec_loss 0.0940, p_loss 0.5355, quant_error 0.5175, utilization 0.0420, perplexity 598.7736,
Train Epoch: [1/2] Iters:[710/20018] transplant_loss 2.3612, rec_loss 0.0946, p_loss 0.5326, quant_error 0.5201, utilization 0.0420, perplexity 598.8891,
Train Epoch: [1/2] Iters:[720/20018] transplant_loss 2.3451, rec_loss 0.0939, p_loss 0.5274, quant_error 0.5163, utilization 0.0420, perplexity 598.8721,
Train Epoch: [1/2] Iters:[730/20018] transplant_loss 2.3470, rec_loss 0.0929, p_loss 0.5240, quant_error 0.5176, utilization 0.0420, perplexity 598.6740,
Train Epoch: [1/2] Iters:[740/20018] transplant_loss 2.3725, rec_loss 0.0938, p_loss 0.5224, quant_error 0.5249, utilization 0.0420, perplexity 598.2823,
Train Epoch: [1/2] Iters:[750/20018] transplant_loss 2.3495, rec_loss 0.0923, p_loss 0.5182, quant_error 0.5190, utilization 0.0420, perplexity 598.2691,
Train Epoch: [1/2] Iters:[760/20018] transplant_loss 2.3305, rec_loss 0.0912, p_loss 0.5152, quant_error 0.5141, utilization 0.0420, perplexity 598.7046,
Train Epoch: [1/2] Iters:[770/20018] transplant_loss 2.3067, rec_loss 0.0911, p_loss 0.5117, quant_error 0.5066, utilization 0.0420, perplexity 597.6439,
Train Epoch: [1/2] Iters:[780/20018] transplant_loss 2.2957, rec_loss 0.0908, p_loss 0.5092, quant_error 0.5035, utilization 0.0419, perplexity 598.0030,
Train Epoch: [1/2] Iters:[790/20018] transplant_loss 2.2844, rec_loss 0.0902, p_loss 0.5062, quant_error 0.5006, utilization 0.0419, perplexity 598.2869,
Train Epoch: [1/2] Iters:[800/20018] transplant_loss 2.2832, rec_loss 0.0901, p_loss 0.5049, quant_error 0.5004, utilization 0.0419, perplexity 598.4694,
Train Epoch: [1/2] Iters:[810/20018] transplant_loss 2.2858, rec_loss 0.0902, p_loss 0.5019, quant_error 0.5014, utilization 0.0419, perplexity 598.8626,
Train Epoch: [1/2] Iters:[820/20018] transplant_loss 2.2972, rec_loss 0.0901, p_loss 0.4996, quant_error 0.5054, utilization 0.0419, perplexity 599.5132,
Train Epoch: [1/2] Iters:[830/20018] transplant_loss 2.2868, rec_loss 0.0903, p_loss 0.4963, quant_error 0.5025, utilization 0.0419, perplexity 599.5650,
Train Epoch: [1/2] Iters:[840/20018] transplant_loss 2.2609, rec_loss 0.0898, p_loss 0.4928, quant_error 0.4947, utilization 0.0419, perplexity 599.7631,
Train Epoch: [1/2] Iters:[850/20018] transplant_loss 2.2536, rec_loss 0.0896, p_loss 0.4899, quant_error 0.4923, utilization 0.0419, perplexity 599.1606,
Train Epoch: [1/2] Iters:[860/20018] transplant_loss 2.2411, rec_loss 0.0893, p_loss 0.4872, quant_error 0.4888, utilization 0.0419, perplexity 598.4699,
Train Epoch: [1/2] Iters:[870/20018] transplant_loss 2.2366, rec_loss 0.0891, p_loss 0.4859, quant_error 0.4874, utilization 0.0419, perplexity 598.1659,
Train Epoch: [1/2] Iters:[880/20018] transplant_loss 2.2381, rec_loss 0.0890, p_loss 0.4851, quant_error 0.4876, utilization 0.0418, perplexity 598.2771,
Train Epoch: [1/2] Iters:[890/20018] transplant_loss 2.2242, rec_loss 0.0873, p_loss 0.4810, quant_error 0.4849, utilization 0.0418, perplexity 597.6713,
Train Epoch: [1/2] Iters:[900/20018] transplant_loss 2.2258, rec_loss 0.0868, p_loss 0.4797, quant_error 0.4856, utilization 0.0418, perplexity 598.5914,
Train Epoch: [1/2] Iters:[910/20018] transplant_loss 2.2262, rec_loss 0.0867, p_loss 0.4776, quant_error 0.4860, utilization 0.0418, perplexity 598.9600,
Train Epoch: [1/2] Iters:[920/20018] transplant_loss 2.2127, rec_loss 0.0862, p_loss 0.4734, quant_error 0.4826, utilization 0.0418, perplexity 599.0665,
Train Epoch: [1/2] Iters:[930/20018] transplant_loss 2.2081, rec_loss 0.0853, p_loss 0.4702, quant_error 0.4822, utilization 0.0418, perplexity 598.9226,
Train Epoch: [1/2] Iters:[940/20018] transplant_loss 2.2115, rec_loss 0.0856, p_loss 0.4687, quant_error 0.4832, utilization 0.0418, perplexity 599.4255,
Train Epoch: [1/2] Iters:[950/20018] transplant_loss 2.2022, rec_loss 0.0851, p_loss 0.4653, quant_error 0.4815, utilization 0.0418, perplexity 599.1224,
Train Epoch: [1/2] Iters:[960/20018] transplant_loss 2.1952, rec_loss 0.0849, p_loss 0.4638, quant_error 0.4794, utilization 0.0418, perplexity 599.1948,
Train Epoch: [1/2] Iters:[970/20018] transplant_loss 2.1847, rec_loss 0.0840, p_loss 0.4612, quant_error 0.4768, utilization 0.0418, perplexity 599.7106,
Train Epoch: [1/2] Iters:[980/20018] transplant_loss 2.1620, rec_loss 0.0838, p_loss 0.4580, quant_error 0.4705, utilization 0.0418, perplexity 599.9437,
Train Epoch: [1/2] Iters:[990/20018] transplant_loss 2.1457, rec_loss 0.0829, p_loss 0.4554, quant_error 0.4663, utilization 0.0418, perplexity 600.0769,
Train Epoch: [1/2] Iters:[1000/20018] transplant_loss 2.1508, rec_loss 0.0837, p_loss 0.4537, quant_error 0.4673, utilization 0.0417, perplexity 600.4051,
Train Epoch: [1/2] Iters:[1010/20018] transplant_loss 2.1382, rec_loss 0.0827, p_loss 0.4497, quant_error 0.4647, utilization 0.0417, perplexity 600.3309,
Train Epoch: [1/2] Iters:[1020/20018] transplant_loss 2.1395, rec_loss 0.0824, p_loss 0.4480, quant_error 0.4656, utilization 0.0417, perplexity 600.2094,
Train Epoch: [1/2] Iters:[1030/20018] transplant_loss 2.1569, rec_loss 0.0820, p_loss 0.4479, quant_error 0.4711, utilization 0.0417, perplexity 600.1959,
Train Epoch: [1/2] Iters:[1040/20018] transplant_loss 2.1600, rec_loss 0.0820, p_loss 0.4461, quant_error 0.4722, utilization 0.0417, perplexity 599.9565,
Train Epoch: [1/2] Iters:[1050/20018] transplant_loss 2.1394, rec_loss 0.0806, p_loss 0.4421, quant_error 0.4673, utilization 0.0417, perplexity 600.0441,
Train Epoch: [1/2] Iters:[1060/20018] transplant_loss 2.1303, rec_loss 0.0803, p_loss 0.4399, quant_error 0.4646, utilization 0.0417, perplexity 600.0321,
Train Epoch: [1/2] Iters:[1070/20018] transplant_loss 2.1126, rec_loss 0.0793, p_loss 0.4375, quant_error 0.4598, utilization 0.0417, perplexity 599.9609,
Train Epoch: [1/2] Iters:[1080/20018] transplant_loss 2.0984, rec_loss 0.0780, p_loss 0.4338, quant_error 0.4564, utilization 0.0417, perplexity 600.1464,
Train Epoch: [1/2] Iters:[1090/20018] transplant_loss 2.0844, rec_loss 0.0776, p_loss 0.4294, quant_error 0.4531, utilization 0.0417, perplexity 600.3972,
Train Epoch: [1/2] Iters:[1100/20018] transplant_loss 2.0839, rec_loss 0.0777, p_loss 0.4271, quant_error 0.4532, utilization 0.0417, perplexity 600.5468,
Train Epoch: [1/2] Iters:[1110/20018] transplant_loss 2.0741, rec_loss 0.0772, p_loss 0.4230, quant_error 0.4513, utilization 0.0417, perplexity 600.5766,
Train Epoch: [1/2] Iters:[1120/20018] transplant_loss 2.0915, rec_loss 0.0785, p_loss 0.4211, quant_error 0.4563, utilization 0.0417, perplexity 600.8587,
Train Epoch: [1/2] Iters:[1130/20018] transplant_loss 2.0836, rec_loss 0.0790, p_loss 0.4182, quant_error 0.4535, utilization 0.0417, perplexity 600.5731,
Train Epoch: [1/2] Iters:[1140/20018] transplant_loss 2.1068, rec_loss 0.0799, p_loss 0.4187, quant_error 0.4597, utilization 0.0417, perplexity 600.7162,
Train Epoch: [1/2] Iters:[1150/20018] transplant_loss 2.1012, rec_loss 0.0790, p_loss 0.4179, quant_error 0.4582, utilization 0.0417, perplexity 600.7856,
Train Epoch: [1/2] Iters:[1160/20018] transplant_loss 2.1204, rec_loss 0.0805, p_loss 0.4181, quant_error 0.4630, utilization 0.0417, perplexity 600.9183,
Train Epoch: [1/2] Iters:[1170/20018] transplant_loss 2.0959, rec_loss 0.0787, p_loss 0.4150, quant_error 0.4569, utilization 0.0417, perplexity 601.2898,
Train Epoch: [1/2] Iters:[1180/20018] transplant_loss 2.0763, rec_loss 0.0777, p_loss 0.4114, quant_error 0.4524, utilization 0.0417, perplexity 601.3695,
Train Epoch: [1/2] Iters:[1190/20018] transplant_loss 2.0549, rec_loss 0.0777, p_loss 0.4086, quant_error 0.4461, utilization 0.0417, perplexity 601.4243,
Train Epoch: [1/2] Iters:[1200/20018] transplant_loss 2.0465, rec_loss 0.0772, p_loss 0.4058, quant_error 0.4442, utilization 0.0417, perplexity 601.6256,
Train Epoch: [1/2] Iters:[1210/20018] transplant_loss 2.0236, rec_loss 0.0750, p_loss 0.4026, quant_error 0.4386, utilization 0.0417, perplexity 601.6025,
Train Epoch: [1/2] Iters:[1220/20018] transplant_loss 2.0254, rec_loss 0.0753, p_loss 0.3993, quant_error 0.4397, utilization 0.0417, perplexity 601.0929,
Train Epoch: [1/2] Iters:[1230/20018] transplant_loss 2.0444, rec_loss 0.0759, p_loss 0.3988, quant_error 0.4451, utilization 0.0417, perplexity 601.1835,
Train Epoch: [1/2] Iters:[1240/20018] transplant_loss 2.0430, rec_loss 0.0745, p_loss 0.3962, quant_error 0.4459, utilization 0.0416, perplexity 600.8783,
Train Epoch: [1/2] Iters:[1250/20018] transplant_loss 2.0341, rec_loss 0.0740, p_loss 0.3920, quant_error 0.4440, utilization 0.0416, perplexity 600.4157,
Train Epoch: [1/2] Iters:[1260/20018] transplant_loss 2.0458, rec_loss 0.0746, p_loss 0.3909, quant_error 0.4474, utilization 0.0416, perplexity 600.3655,
Train Epoch: [1/2] Iters:[1270/20018] transplant_loss 2.0300, rec_loss 0.0738, p_loss 0.3884, quant_error 0.4433, utilization 0.0416, perplexity 600.0410,
Train Epoch: [1/2] Iters:[1280/20018] transplant_loss 2.0133, rec_loss 0.0730, p_loss 0.3861, quant_error 0.4385, utilization 0.0416, perplexity 600.1749,
Train Epoch: [1/2] Iters:[1290/20018] transplant_loss 2.0016, rec_loss 0.0724, p_loss 0.3834, quant_error 0.4356, utilization 0.0416, perplexity 600.2199,
Train Epoch: [1/2] Iters:[1300/20018] transplant_loss 1.9997, rec_loss 0.0722, p_loss 0.3825, quant_error 0.4349, utilization 0.0416, perplexity 600.4051,
Train Epoch: [1/2] Iters:[1310/20018] transplant_loss 1.9871, rec_loss 0.0712, p_loss 0.3795, quant_error 0.4320, utilization 0.0416, perplexity 600.8991,
Train Epoch: [1/2] Iters:[1320/20018] transplant_loss 2.0127, rec_loss 0.0721, p_loss 0.3800, quant_error 0.4384, utilization 0.0416, perplexity 601.6078,
Train Epoch: [1/2] Iters:[1330/20018] transplant_loss 1.9933, rec_loss 0.0705, p_loss 0.3753, quant_error 0.4343, utilization 0.0416, perplexity 601.4809,
Train Epoch: [1/2] Iters:[1340/20018] transplant_loss 1.9866, rec_loss 0.0699, p_loss 0.3731, quant_error 0.4326, utilization 0.0416, perplexity 601.7256,
Train Epoch: [1/2] Iters:[1350/20018] transplant_loss 1.9744, rec_loss 0.0694, p_loss 0.3702, quant_error 0.4295, utilization 0.0416, perplexity 601.6780,
Train Epoch: [1/2] Iters:[1360/20018] transplant_loss 1.9409, rec_loss 0.0681, p_loss 0.3662, quant_error 0.4211, utilization 0.0416, perplexity 601.3084,
Train Epoch: [1/2] Iters:[1370/20018] transplant_loss 1.9309, rec_loss 0.0673, p_loss 0.3628, quant_error 0.4188, utilization 0.0416, perplexity 601.3262,
Train Epoch: [1/2] Iters:[1380/20018] transplant_loss 1.9352, rec_loss 0.0676, p_loss 0.3629, quant_error 0.4193, utilization 0.0416, perplexity 601.7999,
Train Epoch: [1/2] Iters:[1390/20018] transplant_loss 1.9276, rec_loss 0.0673, p_loss 0.3604, quant_error 0.4173, utilization 0.0416, perplexity 601.9334,
Train Epoch: [1/2] Iters:[1400/20018] transplant_loss 1.9467, rec_loss 0.0676, p_loss 0.3602, quant_error 0.4223, utilization 0.0416, perplexity 601.7214,
Train Epoch: [1/2] Iters:[1410/20018] transplant_loss 1.9742, rec_loss 0.0684, p_loss 0.3598, quant_error 0.4296, utilization 0.0416, perplexity 602.2343,
Train Epoch: [1/2] Iters:[1420/20018] transplant_loss 1.9434, rec_loss 0.0668, p_loss 0.3576, quant_error 0.4215, utilization 0.0416, perplexity 602.2849,
Train Epoch: [1/2] Iters:[1430/20018] transplant_loss 1.9318, rec_loss 0.0658, p_loss 0.3543, quant_error 0.4193, utilization 0.0416, perplexity 602.2245,
Train Epoch: [1/2] Iters:[1440/20018] transplant_loss 1.9359, rec_loss 0.0652, p_loss 0.3527, quant_error 0.4209, utilization 0.0416, perplexity 602.4842,
Train Epoch: [1/2] Iters:[1450/20018] transplant_loss 1.9041, rec_loss 0.0632, p_loss 0.3488, quant_error 0.4133, utilization 0.0416, perplexity 602.8296,
Train Epoch: [1/2] Iters:[1460/20018] transplant_loss 1.8862, rec_loss 0.0622, p_loss 0.3467, quant_error 0.4083, utilization 0.0416, perplexity 602.4331,
Train Epoch: [1/2] Iters:[1470/20018] transplant_loss 1.8948, rec_loss 0.0628, p_loss 0.3459, quant_error 0.4103, utilization 0.0416, perplexity 602.1254,
Train Epoch: [1/2] Iters:[1480/20018] transplant_loss 1.8920, rec_loss 0.0625, p_loss 0.3440, quant_error 0.4096, utilization 0.0416, perplexity 601.9994,
Train Epoch: [1/2] Iters:[1490/20018] transplant_loss 1.8821, rec_loss 0.0624, p_loss 0.3424, quant_error 0.4066, utilization 0.0416, perplexity 601.8183,
Train Epoch: [1/2] Iters:[1500/20018] transplant_loss 1.8662, rec_loss 0.0622, p_loss 0.3402, quant_error 0.4023, utilization 0.0416, perplexity 601.9442,
Train Epoch: [1/2] Iters:[1510/20018] transplant_loss 1.8793, rec_loss 0.0625, p_loss 0.3404, quant_error 0.4055, utilization 0.0416, perplexity 602.3135,
Train Epoch: [1/2] Iters:[1520/20018] transplant_loss 1.8695, rec_loss 0.0619, p_loss 0.3378, quant_error 0.4031, utilization 0.0416, perplexity 602.6603,
Train Epoch: [1/2] Iters:[1530/20018] transplant_loss 1.8769, rec_loss 0.0618, p_loss 0.3374, quant_error 0.4049, utilization 0.0416, perplexity 602.8193,
Train Epoch: [1/2] Iters:[1540/20018] transplant_loss 1.8793, rec_loss 0.0620, p_loss 0.3357, quant_error 0.4056, utilization 0.0416, perplexity 602.9812,
Train Epoch: [1/2] Iters:[1550/20018] transplant_loss 1.8955, rec_loss 0.0622, p_loss 0.3351, quant_error 0.4099, utilization 0.0416, perplexity 603.3797,
Train Epoch: [1/2] Iters:[1560/20018] transplant_loss 1.8681, rec_loss 0.0611, p_loss 0.3326, quant_error 0.4027, utilization 0.0416, perplexity 603.3687,
Train Epoch: [1/2] Iters:[1570/20018] transplant_loss 1.8644, rec_loss 0.0604, p_loss 0.3314, quant_error 0.4020, utilization 0.0416, perplexity 603.1839,
Train Epoch: [1/2] Iters:[1580/20018] transplant_loss 1.8463, rec_loss 0.0602, p_loss 0.3282, quant_error 0.3972, utilization 0.0416, perplexity 603.3170,
Train Epoch: [1/2] Iters:[1590/20018] transplant_loss 1.8314, rec_loss 0.0594, p_loss 0.3260, quant_error 0.3931, utilization 0.0416, perplexity 603.1890,
Train Epoch: [1/2] Iters:[1600/20018] transplant_loss 1.8225, rec_loss 0.0590, p_loss 0.3252, quant_error 0.3905, utilization 0.0416, perplexity 602.5955,
Train Epoch: [1/2] Iters:[1610/20018] transplant_loss 1.8278, rec_loss 0.0590, p_loss 0.3225, quant_error 0.3922, utilization 0.0416, perplexity 602.6070,
Train Epoch: [1/2] Iters:[1620/20018] transplant_loss 1.8339, rec_loss 0.0594, p_loss 0.3210, quant_error 0.3933, utilization 0.0416, perplexity 602.6966,
Train Epoch: [1/2] Iters:[1630/20018] transplant_loss 1.8222, rec_loss 0.0585, p_loss 0.3198, quant_error 0.3903, utilization 0.0416, perplexity 602.8323,
Train Epoch: [1/2] Iters:[1640/20018] transplant_loss 1.8163, rec_loss 0.0579, p_loss 0.3185, quant_error 0.3888, utilization 0.0416, perplexity 602.9950,
Train Epoch: [1/2] Iters:[1650/20018] transplant_loss 1.8081, rec_loss 0.0574, p_loss 0.3157, quant_error 0.3868, utilization 0.0416, perplexity 603.1024,
Train Epoch: [1/2] Iters:[1660/20018] transplant_loss 1.7915, rec_loss 0.0565, p_loss 0.3140, quant_error 0.3827, utilization 0.0416, perplexity 602.9685,
Train Epoch: [1/2] Iters:[1670/20018] transplant_loss 1.7793, rec_loss 0.0558, p_loss 0.3133, quant_error 0.3793, utilization 0.0416, perplexity 603.1898,
Train Epoch: [1/2] Iters:[1680/20018] transplant_loss 1.7987, rec_loss 0.0568, p_loss 0.3124, quant_error 0.3839, utilization 0.0416, perplexity 602.8580,
Train Epoch: [1/2] Iters:[1690/20018] transplant_loss 1.7980, rec_loss 0.0565, p_loss 0.3117, quant_error 0.3837, utilization 0.0416, perplexity 602.9740,
Train Epoch: [1/2] Iters:[1700/20018] transplant_loss 1.7894, rec_loss 0.0564, p_loss 0.3110, quant_error 0.3810, utilization 0.0416, perplexity 603.3665,
Train Epoch: [1/2] Iters:[1710/20018] transplant_loss 1.7915, rec_loss 0.0563, p_loss 0.3095, quant_error 0.3816, utilization 0.0416, perplexity 603.7281,
Train Epoch: [1/2] Iters:[1720/20018] transplant_loss 1.7821, rec_loss 0.0555, p_loss 0.3072, quant_error 0.3794, utilization 0.0416, perplexity 603.9395,
Train Epoch: [1/2] Iters:[1730/20018] transplant_loss 1.7702, rec_loss 0.0543, p_loss 0.3063, quant_error 0.3764, utilization 0.0416, perplexity 603.9063,
Train Epoch: [1/2] Iters:[1740/20018] transplant_loss 1.7778, rec_loss 0.0545, p_loss 0.3060, quant_error 0.3780, utilization 0.0416, perplexity 604.2910,
Train Epoch: [1/2] Iters:[1750/20018] transplant_loss 1.7874, rec_loss 0.0546, p_loss 0.3058, quant_error 0.3802, utilization 0.0416, perplexity 603.9104,
Train Epoch: [1/2] Iters:[1760/20018] transplant_loss 1.7711, rec_loss 0.0540, p_loss 0.3051, quant_error 0.3756, utilization 0.0416, perplexity 603.5603,
Train Epoch: [1/2] Iters:[1770/20018] transplant_loss 1.7830, rec_loss 0.0545, p_loss 0.3051, quant_error 0.3785, utilization 0.0416, perplexity 603.5356,
Train Epoch: [1/2] Iters:[1780/20018] transplant_loss 1.7664, rec_loss 0.0541, p_loss 0.3030, quant_error 0.3742, utilization 0.0416, perplexity 603.7402,
Train Epoch: [1/2] Iters:[1790/20018] transplant_loss 1.7549, rec_loss 0.0538, p_loss 0.3017, quant_error 0.3709, utilization 0.0416, perplexity 603.3111,
Train Epoch: [1/2] Iters:[1800/20018] transplant_loss 1.7337, rec_loss 0.0526, p_loss 0.2998, quant_error 0.3658, utilization 0.0416, perplexity 603.6371,
Train Epoch: [1/2] Iters:[1810/20018] transplant_loss 1.7553, rec_loss 0.0536, p_loss 0.2998, quant_error 0.3707, utilization 0.0416, perplexity 604.0974,
Train Epoch: [1/2] Iters:[1820/20018] transplant_loss 1.7211, rec_loss 0.0521, p_loss 0.2970, quant_error 0.3625, utilization 0.0416, perplexity 603.6987,
Train Epoch: [1/2] Iters:[1830/20018] transplant_loss 1.7318, rec_loss 0.0527, p_loss 0.2979, quant_error 0.3649, utilization 0.0416, perplexity 604.1816,
Train Epoch: [1/2] Iters:[1840/20018] transplant_loss 1.7324, rec_loss 0.0530, p_loss 0.2966, quant_error 0.3652, utilization 0.0416, perplexity 604.3685,
Train Epoch: [1/2] Iters:[1850/20018] transplant_loss 1.7461, rec_loss 0.0536, p_loss 0.2969, quant_error 0.3683, utilization 0.0416, perplexity 604.2549,
Train Epoch: [1/2] Iters:[1860/20018] transplant_loss 1.7326, rec_loss 0.0529, p_loss 0.2954, quant_error 0.3652, utilization 0.0416, perplexity 604.1934,
Train Epoch: [1/2] Iters:[1870/20018] transplant_loss 1.7549, rec_loss 0.0541, p_loss 0.2977, quant_error 0.3698, utilization 0.0416, perplexity 604.7569,
Train Epoch: [1/2] Iters:[1880/20018] transplant_loss 1.7508, rec_loss 0.0537, p_loss 0.2956, quant_error 0.3689, utilization 0.0416, perplexity 604.6115,
Train Epoch: [1/2] Iters:[1890/20018] transplant_loss 1.7295, rec_loss 0.0526, p_loss 0.2945, quant_error 0.3637, utilization 0.0416, perplexity 604.6650,
Train Epoch: [1/2] Iters:[1900/20018] transplant_loss 1.7212, rec_loss 0.0523, p_loss 0.2932, quant_error 0.3618, utilization 0.0416, perplexity 605.0275,
Train Epoch: [1/2] Iters:[1910/20018] transplant_loss 1.7330, rec_loss 0.0526, p_loss 0.2937, quant_error 0.3646, utilization 0.0416, perplexity 605.2935,
Train Epoch: [1/2] Iters:[1920/20018] transplant_loss 1.7152, rec_loss 0.0519, p_loss 0.2908, quant_error 0.3608, utilization 0.0416, perplexity 605.2573,
Train Epoch: [1/2] Iters:[1930/20018] transplant_loss 1.7083, rec_loss 0.0517, p_loss 0.2905, quant_error 0.3591, utilization 0.0416, perplexity 605.3238,
Train Epoch: [1/2] Iters:[1940/20018] transplant_loss 1.7129, rec_loss 0.0522, p_loss 0.2905, quant_error 0.3600, utilization 0.0416, perplexity 605.2694,
Train Epoch: [1/2] Iters:[1950/20018] transplant_loss 1.7073, rec_loss 0.0515, p_loss 0.2897, quant_error 0.3589, utilization 0.0416, perplexity 604.9724,
Train Epoch: [1/2] Iters:[1960/20018] transplant_loss 1.6958, rec_loss 0.0513, p_loss 0.2899, quant_error 0.3555, utilization 0.0416, perplexity 604.5135,
Train Epoch: [1/2] Iters:[1970/20018] transplant_loss 1.7138, rec_loss 0.0515, p_loss 0.2907, quant_error 0.3600, utilization 0.0416, perplexity 604.7869,
Train Epoch: [1/2] Iters:[1980/20018] transplant_loss 1.7247, rec_loss 0.0518, p_loss 0.2913, quant_error 0.3624, utilization 0.0416, perplexity 604.8405,
Train Epoch: [1/2] Iters:[1990/20018] transplant_loss 1.7422, rec_loss 0.0520, p_loss 0.2909, quant_error 0.3670, utilization 0.0416, perplexity 604.4865,
Train Epoch: [1/2] Iters:[2000/20018] transplant_loss 1.7544, rec_loss 0.0529, p_loss 0.2910, quant_error 0.3697, utilization 0.0416, perplexity 605.2013,
Train Epoch: [1/2] Iters:[2010/20018] transplant_loss 1.7538, rec_loss 0.0530, p_loss 0.2900, quant_error 0.3698, utilization 0.0416, perplexity 605.1482,
Train Epoch: [1/2] Iters:[2020/20018] transplant_loss 1.7299, rec_loss 0.0523, p_loss 0.2879, quant_error 0.3641, utilization 0.0416, perplexity 604.5344,
Train Epoch: [1/2] Iters:[2030/20018] transplant_loss 1.7124, rec_loss 0.0520, p_loss 0.2867, quant_error 0.3600, utilization 0.0416, perplexity 604.6055,
Train Epoch: [1/2] Iters:[2040/20018] transplant_loss 1.6871, rec_loss 0.0509, p_loss 0.2848, quant_error 0.3542, utilization 0.0416, perplexity 604.7050,
Train Epoch: [1/2] Iters:[2050/20018] transplant_loss 1.6854, rec_loss 0.0504, p_loss 0.2848, quant_error 0.3538, utilization 0.0416, perplexity 604.8856,
Train Epoch: [1/2] Iters:[2060/20018] transplant_loss 1.6727, rec_loss 0.0494, p_loss 0.2832, quant_error 0.3513, utilization 0.0416, perplexity 605.1618,
Train Epoch: [1/2] Iters:[2070/20018] transplant_loss 1.6758, rec_loss 0.0496, p_loss 0.2834, quant_error 0.3520, utilization 0.0416, perplexity 605.3466,
Train Epoch: [1/2] Iters:[2080/20018] transplant_loss 1.6852, rec_loss 0.0497, p_loss 0.2827, quant_error 0.3547, utilization 0.0416, perplexity 605.5823,
Train Epoch: [1/2] Iters:[2090/20018] transplant_loss 1.6944, rec_loss 0.0504, p_loss 0.2837, quant_error 0.3566, utilization 0.0416, perplexity 605.9484,
Train Epoch: [1/2] Iters:[2100/20018] transplant_loss 1.6897, rec_loss 0.0505, p_loss 0.2825, quant_error 0.3556, utilization 0.0416, perplexity 605.3299,
Train Epoch: [1/2] Iters:[2110/20018] transplant_loss 1.6880, rec_loss 0.0513, p_loss 0.2816, quant_error 0.3551, utilization 0.0416, perplexity 605.6869,
Train Epoch: [1/2] Iters:[2120/20018] transplant_loss 1.6936, rec_loss 0.0516, p_loss 0.2818, quant_error 0.3564, utilization 0.0416, perplexity 606.2196,
Train Epoch: [1/2] Iters:[2130/20018] transplant_loss 1.6846, rec_loss 0.0511, p_loss 0.2814, quant_error 0.3543, utilization 0.0416, perplexity 606.0246,
Train Epoch: [1/2] Iters:[2140/20018] transplant_loss 1.6864, rec_loss 0.0508, p_loss 0.2814, quant_error 0.3550, utilization 0.0416, perplexity 606.2300,
Train Epoch: [1/2] Iters:[2150/20018] transplant_loss 1.6703, rec_loss 0.0501, p_loss 0.2807, quant_error 0.3514, utilization 0.0416, perplexity 606.1548,
Train Epoch: [1/2] Iters:[2160/20018] transplant_loss 1.6818, rec_loss 0.0501, p_loss 0.2819, quant_error 0.3544, utilization 0.0416, perplexity 605.9099,
Train Epoch: [1/2] Iters:[2170/20018] transplant_loss 1.6790, rec_loss 0.0500, p_loss 0.2819, quant_error 0.3540, utilization 0.0416, perplexity 605.7928,
Train Epoch: [1/2] Iters:[2180/20018] transplant_loss 1.6820, rec_loss 0.0505, p_loss 0.2825, quant_error 0.3545, utilization 0.0416, perplexity 605.4427,
Train Epoch: [1/2] Iters:[2190/20018] transplant_loss 1.6565, rec_loss 0.0497, p_loss 0.2812, quant_error 0.3485, utilization 0.0416, perplexity 605.2475,
Train Epoch: [1/2] Iters:[2200/20018] transplant_loss 1.6744, rec_loss 0.0503, p_loss 0.2824, quant_error 0.3526, utilization 0.0416, perplexity 605.3183,
Train Epoch: [1/2] Iters:[2210/20018] transplant_loss 1.6510, rec_loss 0.0494, p_loss 0.2805, quant_error 0.3475, utilization 0.0416, perplexity 605.3949,
Train Epoch: [1/2] Iters:[2220/20018] transplant_loss 1.6414, rec_loss 0.0488, p_loss 0.2792, quant_error 0.3455, utilization 0.0416, perplexity 605.3599,
Train Epoch: [1/2] Iters:[2230/20018] transplant_loss 1.6334, rec_loss 0.0481, p_loss 0.2788, quant_error 0.3436, utilization 0.0416, perplexity 605.6193,
Train Epoch: [1/2] Iters:[2240/20018] transplant_loss 1.6509, rec_loss 0.0491, p_loss 0.2795, quant_error 0.3478, utilization 0.0416, perplexity 605.5955,
Train Epoch: [1/2] Iters:[2250/20018] transplant_loss 1.6317, rec_loss 0.0483, p_loss 0.2791, quant_error 0.3434, utilization 0.0416, perplexity 605.8794,
Train Epoch: [1/2] Iters:[2260/20018] transplant_loss 1.6517, rec_loss 0.0492, p_loss 0.2806, quant_error 0.3481, utilization 0.0416, perplexity 606.0968,
Train Epoch: [1/2] Iters:[2270/20018] transplant_loss 1.6516, rec_loss 0.0495, p_loss 0.2815, quant_error 0.3478, utilization 0.0416, perplexity 606.1390,
Train Epoch: [1/2] Iters:[2280/20018] transplant_loss 1.6468, rec_loss 0.0496, p_loss 0.2807, quant_error 0.3472, utilization 0.0416, perplexity 606.8474,
Train Epoch: [1/2] Iters:[2290/20018] transplant_loss 1.6436, rec_loss 0.0492, p_loss 0.2802, quant_error 0.3469, utilization 0.0416, perplexity 606.9599,
Train Epoch: [1/2] Iters:[2300/20018] transplant_loss 1.6421, rec_loss 0.0493, p_loss 0.2793, quant_error 0.3468, utilization 0.0416, perplexity 606.7286,
Train Epoch: [1/2] Iters:[2310/20018] transplant_loss 1.6263, rec_loss 0.0485, p_loss 0.2784, quant_error 0.3433, utilization 0.0416, perplexity 606.6762,
Train Epoch: [1/2] Iters:[2320/20018] transplant_loss 1.6177, rec_loss 0.0484, p_loss 0.2763, quant_error 0.3418, utilization 0.0416, perplexity 606.4833,
Train Epoch: [1/2] Iters:[2330/20018] transplant_loss 1.6116, rec_loss 0.0481, p_loss 0.2758, quant_error 0.3406, utilization 0.0417, perplexity 605.8961,
Train Epoch: [1/2] Iters:[2340/20018] transplant_loss 1.5871, rec_loss 0.0471, p_loss 0.2740, quant_error 0.3350, utilization 0.0417, perplexity 605.9717,
Train Epoch: [1/2] Iters:[2350/20018] transplant_loss 1.5843, rec_loss 0.0470, p_loss 0.2741, quant_error 0.3345, utilization 0.0417, perplexity 606.3196,
Train Epoch: [1/2] Iters:[2360/20018] transplant_loss 1.5878, rec_loss 0.0475, p_loss 0.2739, quant_error 0.3353, utilization 0.0417, perplexity 606.0969,
Train Epoch: [1/2] Iters:[2370/20018] transplant_loss 1.5996, rec_loss 0.0481, p_loss 0.2753, quant_error 0.3381, utilization 0.0417, perplexity 606.2623,
Train Epoch: [1/2] Iters:[2380/20018] transplant_loss 1.6056, rec_loss 0.0485, p_loss 0.2756, quant_error 0.3395, utilization 0.0417, perplexity 605.7794,
Train Epoch: [1/2] Iters:[2390/20018] transplant_loss 1.6233, rec_loss 0.0492, p_loss 0.2761, quant_error 0.3439, utilization 0.0417, perplexity 605.5904,
Train Epoch: [1/2] Iters:[2400/20018] transplant_loss 1.6091, rec_loss 0.0487, p_loss 0.2744, quant_error 0.3407, utilization 0.0417, perplexity 604.8615,
Train Epoch: [1/2] Iters:[2410/20018] transplant_loss 1.6039, rec_loss 0.0482, p_loss 0.2746, quant_error 0.3397, utilization 0.0417, perplexity 604.7345,
Train Epoch: [1/2] Iters:[2420/20018] transplant_loss 1.6089, rec_loss 0.0480, p_loss 0.2747, quant_error 0.3410, utilization 0.0417, perplexity 605.4634,
Train Epoch: [1/2] Iters:[2430/20018] transplant_loss 1.6199, rec_loss 0.0485, p_loss 0.2750, quant_error 0.3437, utilization 0.0417, perplexity 605.9827,
Train Epoch: [1/2] Iters:[2440/20018] transplant_loss 1.6208, rec_loss 0.0486, p_loss 0.2752, quant_error 0.3440, utilization 0.0417, perplexity 606.6172,
Train Epoch: [1/2] Iters:[2450/20018] transplant_loss 1.6404, rec_loss 0.0491, p_loss 0.2766, quant_error 0.3490, utilization 0.0417, perplexity 607.0909,
Train Epoch: [1/2] Iters:[2460/20018] transplant_loss 1.6294, rec_loss 0.0488, p_loss 0.2756, quant_error 0.3468, utilization 0.0417, perplexity 607.6815,
Train Epoch: [1/2] Iters:[2470/20018] transplant_loss 1.6183, rec_loss 0.0485, p_loss 0.2751, quant_error 0.3444, utilization 0.0417, perplexity 607.1306,
Train Epoch: [1/2] Iters:[2480/20018] transplant_loss 1.6228, rec_loss 0.0486, p_loss 0.2760, quant_error 0.3456, utilization 0.0417, perplexity 607.5145,
Train Epoch: [1/2] Iters:[2490/20018] transplant_loss 1.6152, rec_loss 0.0480, p_loss 0.2754, quant_error 0.3441, utilization 0.0417, perplexity 607.0436,
Train Epoch: [1/2] Iters:[2500/20018] transplant_loss 1.6078, rec_loss 0.0483, p_loss 0.2748, quant_error 0.3424, utilization 0.0417, perplexity 607.5579,
Train Epoch: [1/2] Iters:[2510/20018] transplant_loss 1.6336, rec_loss 0.0491, p_loss 0.2769, quant_error 0.3485, utilization 0.0417, perplexity 607.6265,
Train Epoch: [1/2] Iters:[2520/20018] transplant_loss 1.6339, rec_loss 0.0489, p_loss 0.2767, quant_error 0.3489, utilization 0.0417, perplexity 607.9093,
Train Epoch: [1/2] Iters:[2530/20018] transplant_loss 1.6147, rec_loss 0.0481, p_loss 0.2752, quant_error 0.3447, utilization 0.0417, perplexity 607.4944,
Train Epoch: [1/2] Iters:[2540/20018] transplant_loss 1.6127, rec_loss 0.0486, p_loss 0.2761, quant_error 0.3440, utilization 0.0417, perplexity 607.9127,
Train Epoch: [1/2] Iters:[2550/20018] transplant_loss 1.6119, rec_loss 0.0482, p_loss 0.2760, quant_error 0.3442, utilization 0.0418, perplexity 608.1243,
Train Epoch: [1/2] Iters:[2560/20018] transplant_loss 1.6037, rec_loss 0.0478, p_loss 0.2750, quant_error 0.3426, utilization 0.0418, perplexity 608.3133,
Train Epoch: [1/2] Iters:[2570/20018] transplant_loss 1.5895, rec_loss 0.0479, p_loss 0.2734, quant_error 0.3392, utilization 0.0418, perplexity 608.3200,
Train Epoch: [1/2] Iters:[2580/20018] transplant_loss 1.5738, rec_loss 0.0471, p_loss 0.2721, quant_error 0.3360, utilization 0.0418, perplexity 608.7400,
Train Epoch: [1/2] Iters:[2590/20018] transplant_loss 1.5837, rec_loss 0.0470, p_loss 0.2717, quant_error 0.3387, utilization 0.0417, perplexity 609.0701,
Train Epoch: [1/2] Iters:[2600/20018] transplant_loss 1.5834, rec_loss 0.0471, p_loss 0.2714, quant_error 0.3389, utilization 0.0418, perplexity 609.2426,
Train Epoch: [1/2] Iters:[2610/20018] transplant_loss 1.5681, rec_loss 0.0469, p_loss 0.2705, quant_error 0.3353, utilization 0.0418, perplexity 609.2698,
Train Epoch: [1/2] Iters:[2620/20018] transplant_loss 1.5784, rec_loss 0.0467, p_loss 0.2717, quant_error 0.3381, utilization 0.0418, perplexity 609.4533,
Train Epoch: [1/2] Iters:[2630/20018] transplant_loss 1.5864, rec_loss 0.0474, p_loss 0.2723, quant_error 0.3399, utilization 0.0418, perplexity 609.7584,
Train Epoch: [1/2] Iters:[2640/20018] transplant_loss 1.5786, rec_loss 0.0472, p_loss 0.2726, quant_error 0.3381, utilization 0.0418, perplexity 609.5999,
Train Epoch: [1/2] Iters:[2650/20018] transplant_loss 1.5879, rec_loss 0.0474, p_loss 0.2734, quant_error 0.3406, utilization 0.0418, perplexity 609.5794,
Train Epoch: [1/2] Iters:[2660/20018] transplant_loss 1.5879, rec_loss 0.0477, p_loss 0.2740, quant_error 0.3405, utilization 0.0418, perplexity 609.3634,
Train Epoch: [1/2] Iters:[2670/20018] transplant_loss 1.5866, rec_loss 0.0478, p_loss 0.2743, quant_error 0.3404, utilization 0.0418, perplexity 609.0013,
Train Epoch: [1/2] Iters:[2680/20018] transplant_loss 1.5940, rec_loss 0.0479, p_loss 0.2747, quant_error 0.3424, utilization 0.0418, perplexity 608.5954,
Train Epoch: [1/2] Iters:[2690/20018] transplant_loss 1.5948, rec_loss 0.0479, p_loss 0.2731, quant_error 0.3432, utilization 0.0418, perplexity 608.5600,
Train Epoch: [1/2] Iters:[2700/20018] transplant_loss 1.5751, rec_loss 0.0475, p_loss 0.2721, quant_error 0.3385, utilization 0.0418, perplexity 608.3967,
Train Epoch: [1/2] Iters:[2710/20018] transplant_loss 1.5750, rec_loss 0.0473, p_loss 0.2718, quant_error 0.3388, utilization 0.0418, perplexity 608.7007,
Train Epoch: [1/2] Iters:[2720/20018] transplant_loss 1.5627, rec_loss 0.0473, p_loss 0.2709, quant_error 0.3359, utilization 0.0418, perplexity 608.6680,
Train Epoch: [1/2] Iters:[2730/20018] transplant_loss 1.5615, rec_loss 0.0470, p_loss 0.2710, quant_error 0.3358, utilization 0.0418, perplexity 609.1829,
Train Epoch: [1/2] Iters:[2740/20018] transplant_loss 1.5646, rec_loss 0.0470, p_loss 0.2726, quant_error 0.3366, utilization 0.0418, perplexity 609.2029,
Train Epoch: [1/2] Iters:[2750/20018] transplant_loss 1.5892, rec_loss 0.0479, p_loss 0.2748, quant_error 0.3424, utilization 0.0418, perplexity 609.2758,
Train Epoch: [1/2] Iters:[2760/20018] transplant_loss 1.5979, rec_loss 0.0481, p_loss 0.2756, quant_error 0.3445, utilization 0.0418, perplexity 609.6660,
Train Epoch: [1/2] Iters:[2770/20018] transplant_loss 1.5917, rec_loss 0.0474, p_loss 0.2745, quant_error 0.3435, utilization 0.0418, perplexity 609.4684,
Train Epoch: [1/2] Iters:[2780/20018] transplant_loss 1.5893, rec_loss 0.0477, p_loss 0.2748, quant_error 0.3430, utilization 0.0418, perplexity 609.9265,
Train Epoch: [1/2] Iters:[2790/20018] transplant_loss 1.5781, rec_loss 0.0472, p_loss 0.2733, quant_error 0.3405, utilization 0.0419, perplexity 609.9705,
Train Epoch: [1/2] Iters:[2800/20018] transplant_loss 1.5687, rec_loss 0.0468, p_loss 0.2717, quant_error 0.3387, utilization 0.0418, perplexity 610.2825,
Train Epoch: [1/2] Iters:[2810/20018] transplant_loss 1.5610, rec_loss 0.0467, p_loss 0.2696, quant_error 0.3374, utilization 0.0419, perplexity 610.3336,
Train Epoch: [1/2] Iters:[2820/20018] transplant_loss 1.5783, rec_loss 0.0474, p_loss 0.2716, quant_error 0.3414, utilization 0.0419, perplexity 611.1871,
Train Epoch: [1/2] Iters:[2830/20018] transplant_loss 1.5761, rec_loss 0.0473, p_loss 0.2707, quant_error 0.3415, utilization 0.0419, perplexity 610.4717,
Train Epoch: [1/2] Iters:[2840/20018] transplant_loss 1.5939, rec_loss 0.0486, p_loss 0.2727, quant_error 0.3454, utilization 0.0419, perplexity 610.6690,
Train Epoch: [1/2] Iters:[2850/20018] transplant_loss 1.5814, rec_loss 0.0482, p_loss 0.2708, quant_error 0.3428, utilization 0.0419, perplexity 610.0899,
Train Epoch: [1/2] Iters:[2860/20018] transplant_loss 1.5814, rec_loss 0.0480, p_loss 0.2720, quant_error 0.3429, utilization 0.0419, perplexity 609.8355,
Train Epoch: [1/2] Iters:[2870/20018] transplant_loss 1.5838, rec_loss 0.0482, p_loss 0.2728, quant_error 0.3435, utilization 0.0419, perplexity 610.1967,
Train Epoch: [1/2] Iters:[2880/20018] transplant_loss 1.5780, rec_loss 0.0479, p_loss 0.2721, quant_error 0.3423, utilization 0.0419, perplexity 610.5264,
Train Epoch: [1/2] Iters:[2890/20018] transplant_loss 1.5658, rec_loss 0.0471, p_loss 0.2708, quant_error 0.3399, utilization 0.0419, perplexity 610.6122,
Train Epoch: [1/2] Iters:[2900/20018] transplant_loss 1.5646, rec_loss 0.0473, p_loss 0.2725, quant_error 0.3395, utilization 0.0419, perplexity 611.2747,
Train Epoch: [1/2] Iters:[2910/20018] transplant_loss 1.5668, rec_loss 0.0472, p_loss 0.2722, quant_error 0.3402, utilization 0.0419, perplexity 611.1256,
Train Epoch: [1/2] Iters:[2920/20018] transplant_loss 1.5772, rec_loss 0.0472, p_loss 0.2725, quant_error 0.3432, utilization 0.0419, perplexity 611.0038,
Train Epoch: [1/2] Iters:[2930/20018] transplant_loss 1.5835, rec_loss 0.0478, p_loss 0.2732, quant_error 0.3445, utilization 0.0419, perplexity 610.9843,
Train Epoch: [1/2] Iters:[2940/20018] transplant_loss 1.5775, rec_loss 0.0472, p_loss 0.2728, quant_error 0.3434, utilization 0.0419, perplexity 611.1260,
Train Epoch: [1/2] Iters:[2950/20018] transplant_loss 1.5813, rec_loss 0.0475, p_loss 0.2725, quant_error 0.3443, utilization 0.0419, perplexity 610.8267,
Train Epoch: [1/2] Iters:[2960/20018] transplant_loss 1.5769, rec_loss 0.0480, p_loss 0.2719, quant_error 0.3433, utilization 0.0419, perplexity 611.0925,
Train Epoch: [1/2] Iters:[2970/20018] transplant_loss 1.5451, rec_loss 0.0474, p_loss 0.2697, quant_error 0.3356, utilization 0.0419, perplexity 610.7863,
Train Epoch: [1/2] Iters:[2980/20018] transplant_loss 1.5530, rec_loss 0.0476, p_loss 0.2705, quant_error 0.3377, utilization 0.0420, perplexity 611.2308,
Train Epoch: [1/2] Iters:[2990/20018] transplant_loss 1.5645, rec_loss 0.0485, p_loss 0.2707, quant_error 0.3407, utilization 0.0420, perplexity 611.1990,
Train Epoch: [1/2] Iters:[3000/20018] transplant_loss 1.5703, rec_loss 0.0484, p_loss 0.2707, quant_error 0.3426, utilization 0.0420, perplexity 611.2009,
Train Epoch: [1/2] Iters:[3010/20018] transplant_loss 1.5733, rec_loss 0.0482, p_loss 0.2715, quant_error 0.3436, utilization 0.0419, perplexity 611.2351,
Train Epoch: [1/2] Iters:[3020/20018] transplant_loss 1.5951, rec_loss 0.0488, p_loss 0.2715, quant_error 0.3493, utilization 0.0420, perplexity 611.7932,
Train Epoch: [1/2] Iters:[3030/20018] transplant_loss 1.5891, rec_loss 0.0484, p_loss 0.2717, quant_error 0.3481, utilization 0.0420, perplexity 611.6623,
Train Epoch: [1/2] Iters:[3040/20018] transplant_loss 1.5819, rec_loss 0.0484, p_loss 0.2719, quant_error 0.3460, utilization 0.0420, perplexity 611.8243,
Train Epoch: [1/2] Iters:[3050/20018] transplant_loss 1.5937, rec_loss 0.0492, p_loss 0.2734, quant_error 0.3487, utilization 0.0420, perplexity 612.6533,
Train Epoch: [1/2] Iters:[3060/20018] transplant_loss 1.5963, rec_loss 0.0495, p_loss 0.2739, quant_error 0.3492, utilization 0.0421, perplexity 612.8072,
Train Epoch: [1/2] Iters:[3070/20018] transplant_loss 1.5854, rec_loss 0.0487, p_loss 0.2739, quant_error 0.3467, utilization 0.0421, perplexity 613.0089,
Train Epoch: [1/2] Iters:[3080/20018] transplant_loss 1.5836, rec_loss 0.0485, p_loss 0.2733, quant_error 0.3467, utilization 0.0420, perplexity 612.8637,
Train Epoch: [1/2] Iters:[3090/20018] transplant_loss 1.5981, rec_loss 0.0484, p_loss 0.2748, quant_error 0.3508, utilization 0.0420, perplexity 613.3908,
Train Epoch: [1/2] Iters:[3100/20018] transplant_loss 1.5740, rec_loss 0.0472, p_loss 0.2734, quant_error 0.3453, utilization 0.0420, perplexity 612.8373,
Train Epoch: [1/2] Iters:[3110/20018] transplant_loss 1.5594, rec_loss 0.0467, p_loss 0.2715, quant_error 0.3424, utilization 0.0420, perplexity 612.9855,
Train Epoch: [1/2] Iters:[3120/20018] transplant_loss 1.5587, rec_loss 0.0470, p_loss 0.2713, quant_error 0.3422, utilization 0.0421, perplexity 612.6625,
Train Epoch: [1/2] Iters:[3130/20018] transplant_loss 1.5381, rec_loss 0.0463, p_loss 0.2694, quant_error 0.3376, utilization 0.0421, perplexity 612.6664,
Train Epoch: [1/2] Iters:[3140/20018] transplant_loss 1.5217, rec_loss 0.0460, p_loss 0.2678, quant_error 0.3336, utilization 0.0421, perplexity 612.6068,
Train Epoch: [1/2] Iters:[3150/20018] transplant_loss 1.5422, rec_loss 0.0467, p_loss 0.2684, quant_error 0.3391, utilization 0.0421, perplexity 613.0566,
Train Epoch: [1/2] Iters:[3160/20018] transplant_loss 1.5441, rec_loss 0.0468, p_loss 0.2687, quant_error 0.3394, utilization 0.0421, perplexity 612.8753,
Train Epoch: [1/2] Iters:[3170/20018] transplant_loss 1.5405, rec_loss 0.0465, p_loss 0.2687, quant_error 0.3388, utilization 0.0421, perplexity 613.2048,
Train Epoch: [1/2] Iters:[3180/20018] transplant_loss 1.5489, rec_loss 0.0469, p_loss 0.2701, quant_error 0.3408, utilization 0.0421, perplexity 612.9397,
Train Epoch: [1/2] Iters:[3190/20018] transplant_loss 1.5630, rec_loss 0.0473, p_loss 0.2714, quant_error 0.3443, utilization 0.0421, perplexity 612.8314,
Train Epoch: [1/2] Iters:[3200/20018] transplant_loss 1.5567, rec_loss 0.0473, p_loss 0.2716, quant_error 0.3424, utilization 0.0421, perplexity 612.7259,
Train Epoch: [1/2] Iters:[3210/20018] transplant_loss 1.5730, rec_loss 0.0474, p_loss 0.2743, quant_error 0.3464, utilization 0.0421, perplexity 612.8617,
Train Epoch: [1/2] Iters:[3220/20018] transplant_loss 1.5862, rec_loss 0.0482, p_loss 0.2742, quant_error 0.3497, utilization 0.0422, perplexity 612.9362,
Train Epoch: [1/2] Iters:[3230/20018] transplant_loss 1.5691, rec_loss 0.0482, p_loss 0.2738, quant_error 0.3453, utilization 0.0422, perplexity 613.2716,
Train Epoch: [1/2] Iters:[3240/20018] transplant_loss 1.5638, rec_loss 0.0481, p_loss 0.2736, quant_error 0.3442, utilization 0.0421, perplexity 612.9231,
Train Epoch: [1/2] Iters:[3250/20018] transplant_loss 1.5372, rec_loss 0.0472, p_loss 0.2720, quant_error 0.3383, utilization 0.0422, perplexity 612.7492,
Train Epoch: [1/2] Iters:[3260/20018] transplant_loss 1.5319, rec_loss 0.0473, p_loss 0.2710, quant_error 0.3372, utilization 0.0422, perplexity 613.1745,
Train Epoch: [1/2] Iters:[3270/20018] transplant_loss 1.5218, rec_loss 0.0470, p_loss 0.2705, quant_error 0.3350, utilization 0.0422, perplexity 612.7615,
Train Epoch: [1/2] Iters:[3280/20018] transplant_loss 1.5328, rec_loss 0.0476, p_loss 0.2702, quant_error 0.3382, utilization 0.0422, perplexity 612.9095,
Train Epoch: [1/2] Iters:[3290/20018] transplant_loss 1.5189, rec_loss 0.0470, p_loss 0.2677, quant_error 0.3352, utilization 0.0422, perplexity 613.0242,
Train Epoch: [1/2] Iters:[3300/20018] transplant_loss 1.5345, rec_loss 0.0476, p_loss 0.2696, quant_error 0.3388, utilization 0.0422, perplexity 613.3961,
Train Epoch: [1/2] Iters:[3310/20018] transplant_loss 1.5269, rec_loss 0.0472, p_loss 0.2681, quant_error 0.3374, utilization 0.0422, perplexity 612.8833,
Train Epoch: [1/2] Iters:[3320/20018] transplant_loss 1.5169, rec_loss 0.0465, p_loss 0.2678, quant_error 0.3350, utilization 0.0422, perplexity 612.9154,
Train Epoch: [1/2] Iters:[3330/20018] transplant_loss 1.5215, rec_loss 0.0464, p_loss 0.2688, quant_error 0.3360, utilization 0.0422, perplexity 612.8916,
Train Epoch: [1/2] Iters:[3340/20018] transplant_loss 1.5316, rec_loss 0.0469, p_loss 0.2700, quant_error 0.3384, utilization 0.0422, perplexity 613.1518,
Train Epoch: [1/2] Iters:[3350/20018] transplant_loss 1.5256, rec_loss 0.0468, p_loss 0.2689, quant_error 0.3374, utilization 0.0422, perplexity 613.2046,
Train Epoch: [1/2] Iters:[3360/20018] transplant_loss 1.5117, rec_loss 0.0464, p_loss 0.2682, quant_error 0.3342, utilization 0.0422, perplexity 613.2658,
Train Epoch: [1/2] Iters:[3370/20018] transplant_loss 1.5232, rec_loss 0.0472, p_loss 0.2690, quant_error 0.3370, utilization 0.0422, perplexity 613.7902,
Train Epoch: [1/2] Iters:[3380/20018] transplant_loss 1.5212, rec_loss 0.0473, p_loss 0.2682, quant_error 0.3369, utilization 0.0423, perplexity 614.1161,
Train Epoch: [1/2] Iters:[3390/20018] transplant_loss 1.4983, rec_loss 0.0466, p_loss 0.2677, quant_error 0.3314, utilization 0.0423, perplexity 614.2429,
Train Epoch: [1/2] Iters:[3400/20018] transplant_loss 1.5024, rec_loss 0.0464, p_loss 0.2682, quant_error 0.3327, utilization 0.0423, perplexity 614.2121,
Train Epoch: [1/2] Iters:[3410/20018] transplant_loss 1.5206, rec_loss 0.0470, p_loss 0.2696, quant_error 0.3373, utilization 0.0423, perplexity 614.8159,
Train Epoch: [1/2] Iters:[3420/20018] transplant_loss 1.5175, rec_loss 0.0466, p_loss 0.2700, quant_error 0.3365, utilization 0.0423, perplexity 614.6292,
Train Epoch: [1/2] Iters:[3430/20018] transplant_loss 1.5225, rec_loss 0.0465, p_loss 0.2689, quant_error 0.3383, utilization 0.0423, perplexity 614.8464,
Train Epoch: [1/2] Iters:[3440/20018] transplant_loss 1.5424, rec_loss 0.0475, p_loss 0.2700, quant_error 0.3431, utilization 0.0423, perplexity 615.3496,
Train Epoch: [1/2] Iters:[3450/20018] transplant_loss 1.5537, rec_loss 0.0479, p_loss 0.2705, quant_error 0.3461, utilization 0.0424, perplexity 615.8794,
Train Epoch: [1/2] Iters:[3460/20018] transplant_loss 1.5396, rec_loss 0.0476, p_loss 0.2693, quant_error 0.3426, utilization 0.0424, perplexity 615.3838,
Train Epoch: [1/2] Iters:[3470/20018] transplant_loss 1.5476, rec_loss 0.0482, p_loss 0.2689, quant_error 0.3449, utilization 0.0424, perplexity 615.7041,
Train Epoch: [1/2] Iters:[3480/20018] transplant_loss 1.5443, rec_loss 0.0483, p_loss 0.2698, quant_error 0.3441, utilization 0.0424, perplexity 615.8569,
Train Epoch: [1/2] Iters:[3490/20018] transplant_loss 1.5330, rec_loss 0.0479, p_loss 0.2691, quant_error 0.3415, utilization 0.0424, perplexity 616.0952,
Train Epoch: [1/2] Iters:[3500/20018] transplant_loss 1.5148, rec_loss 0.0471, p_loss 0.2672, quant_error 0.3375, utilization 0.0424, perplexity 615.9445,
Train Epoch: [1/2] Iters:[3510/20018] transplant_loss 1.5257, rec_loss 0.0477, p_loss 0.2687, quant_error 0.3400, utilization 0.0424, perplexity 616.6801,
Train Epoch: [1/2] Iters:[3520/20018] transplant_loss 1.5121, rec_loss 0.0470, p_loss 0.2685, quant_error 0.3368, utilization 0.0424, perplexity 616.7073,
Train Epoch: [1/2] Iters:[3530/20018] transplant_loss 1.5099, rec_loss 0.0469, p_loss 0.2685, quant_error 0.3362, utilization 0.0424, perplexity 616.9009,
Train Epoch: [1/2] Iters:[3540/20018] transplant_loss 1.5127, rec_loss 0.0470, p_loss 0.2684, quant_error 0.3369, utilization 0.0424, perplexity 616.5493,
Train Epoch: [1/2] Iters:[3550/20018] transplant_loss 1.5116, rec_loss 0.0472, p_loss 0.2683, quant_error 0.3366, utilization 0.0424, perplexity 616.7439,
Train Epoch: [1/2] Iters:[3560/20018] transplant_loss 1.5076, rec_loss 0.0468, p_loss 0.2677, quant_error 0.3361, utilization 0.0425, perplexity 616.9940,
Train Epoch: [1/2] Iters:[3570/20018] transplant_loss 1.5099, rec_loss 0.0470, p_loss 0.2683, quant_error 0.3368, utilization 0.0425, perplexity 617.0550,
Train Epoch: [1/2] Iters:[3580/20018] transplant_loss 1.5199, rec_loss 0.0477, p_loss 0.2699, quant_error 0.3390, utilization 0.0425, perplexity 616.5109,
Train Epoch: [1/2] Iters:[3590/20018] transplant_loss 1.5161, rec_loss 0.0473, p_loss 0.2705, quant_error 0.3383, utilization 0.0424, perplexity 616.8730,
Train Epoch: [1/2] Iters:[3600/20018] transplant_loss 1.5143, rec_loss 0.0475, p_loss 0.2711, quant_error 0.3375, utilization 0.0425, perplexity 616.8411,
Train Epoch: [1/2] Iters:[3610/20018] transplant_loss 1.5138, rec_loss 0.0476, p_loss 0.2713, quant_error 0.3374, utilization 0.0425, perplexity 616.8820,
Train Epoch: [1/2] Iters:[3620/20018] transplant_loss 1.5101, rec_loss 0.0471, p_loss 0.2710, quant_error 0.3367, utilization 0.0425, perplexity 616.8771,
Train Epoch: [1/2] Iters:[3630/20018] transplant_loss 1.4931, rec_loss 0.0461, p_loss 0.2687, quant_error 0.3333, utilization 0.0425, perplexity 617.4275,
Train Epoch: [1/2] Iters:[3640/20018] transplant_loss 1.4985, rec_loss 0.0463, p_loss 0.2686, quant_error 0.3348, utilization 0.0425, perplexity 617.2931,
Train Epoch: [1/2] Iters:[3650/20018] transplant_loss 1.4981, rec_loss 0.0462, p_loss 0.2691, quant_error 0.3349, utilization 0.0425, perplexity 617.5549,
Train Epoch: [1/2] Iters:[3660/20018] transplant_loss 1.5020, rec_loss 0.0465, p_loss 0.2695, quant_error 0.3360, utilization 0.0425, perplexity 617.3980,
Train Epoch: [1/2] Iters:[3670/20018] transplant_loss 1.5082, rec_loss 0.0466, p_loss 0.2700, quant_error 0.3378, utilization 0.0425, perplexity 618.0104,
Train Epoch: [1/2] Iters:[3680/20018] transplant_loss 1.5237, rec_loss 0.0471, p_loss 0.2717, quant_error 0.3415, utilization 0.0425, perplexity 618.2399,
Train Epoch: [1/2] Iters:[3690/20018] transplant_loss 1.5348, rec_loss 0.0472, p_loss 0.2723, quant_error 0.3445, utilization 0.0425, perplexity 618.3114,
Train Epoch: [1/2] Iters:[3700/20018] transplant_loss 1.5346, rec_loss 0.0473, p_loss 0.2716, quant_error 0.3446, utilization 0.0426, perplexity 618.2502,
Train Epoch: [1/2] Iters:[3710/20018] transplant_loss 1.5145, rec_loss 0.0464, p_loss 0.2696, quant_error 0.3400, utilization 0.0426, perplexity 618.2360,
Train Epoch: [1/2] Iters:[3720/20018] transplant_loss 1.5119, rec_loss 0.0466, p_loss 0.2691, quant_error 0.3394, utilization 0.0426, perplexity 617.9309,
Train Epoch: [1/2] Iters:[3730/20018] transplant_loss 1.4915, rec_loss 0.0460, p_loss 0.2675, quant_error 0.3345, utilization 0.0426, perplexity 618.0905,
Train Epoch: [1/2] Iters:[3740/20018] transplant_loss 1.4800, rec_loss 0.0454, p_loss 0.2663, quant_error 0.3320, utilization 0.0426, perplexity 618.0812,
Train Epoch: [1/2] Iters:[3750/20018] transplant_loss 1.4865, rec_loss 0.0455, p_loss 0.2667, quant_error 0.3338, utilization 0.0426, perplexity 618.5992,
Train Epoch: [1/2] Iters:[3760/20018] transplant_loss 1.5009, rec_loss 0.0462, p_loss 0.2677, quant_error 0.3374, utilization 0.0427, perplexity 618.7002,
Train Epoch: [1/2] Iters:[3770/20018] transplant_loss 1.4929, rec_loss 0.0456, p_loss 0.2667, quant_error 0.3358, utilization 0.0427, perplexity 618.6540,
Train Epoch: [1/2] Iters:[3780/20018] transplant_loss 1.5004, rec_loss 0.0461, p_loss 0.2679, quant_error 0.3375, utilization 0.0426, perplexity 618.8653,
Train Epoch: [1/2] Iters:[3790/20018] transplant_loss 1.5048, rec_loss 0.0469, p_loss 0.2682, quant_error 0.3384, utilization 0.0426, perplexity 618.6658,
Train Epoch: [1/2] Iters:[3800/20018] transplant_loss 1.5035, rec_loss 0.0468, p_loss 0.2679, quant_error 0.3384, utilization 0.0426, perplexity 618.6142,
Train Epoch: [1/2] Iters:[3810/20018] transplant_loss 1.4976, rec_loss 0.0466, p_loss 0.2684, quant_error 0.3371, utilization 0.0426, perplexity 618.3833,
Train Epoch: [1/2] Iters:[3820/20018] transplant_loss 1.5174, rec_loss 0.0474, p_loss 0.2702, quant_error 0.3419, utilization 0.0426, perplexity 618.7891,
Train Epoch: [1/2] Iters:[3830/20018] transplant_loss 1.5176, rec_loss 0.0471, p_loss 0.2692, quant_error 0.3426, utilization 0.0426, perplexity 618.5717,
Train Epoch: [1/2] Iters:[3840/20018] transplant_loss 1.5182, rec_loss 0.0469, p_loss 0.2698, quant_error 0.3428, utilization 0.0426, perplexity 619.2037,
Train Epoch: [1/2] Iters:[3850/20018] transplant_loss 1.5113, rec_loss 0.0468, p_loss 0.2686, quant_error 0.3413, utilization 0.0427, perplexity 619.0432,
Train Epoch: [1/2] Iters:[3860/20018] transplant_loss 1.4964, rec_loss 0.0461, p_loss 0.2676, quant_error 0.3378, utilization 0.0427, perplexity 619.4634,
Train Epoch: [1/2] Iters:[3870/20018] transplant_loss 1.4889, rec_loss 0.0462, p_loss 0.2661, quant_error 0.3361, utilization 0.0427, perplexity 619.0789,
Train Epoch: [1/2] Iters:[3880/20018] transplant_loss 1.4855, rec_loss 0.0463, p_loss 0.2657, quant_error 0.3354, utilization 0.0427, perplexity 618.9417,
Train Epoch: [1/2] Iters:[3890/20018] transplant_loss 1.4784, rec_loss 0.0464, p_loss 0.2648, quant_error 0.3338, utilization 0.0427, perplexity 618.8446,
Train Epoch: [1/2] Iters:[3900/20018] transplant_loss 1.4792, rec_loss 0.0464, p_loss 0.2655, quant_error 0.3340, utilization 0.0427, perplexity 618.7158,
