| distributed init (rank 1): env://
dataset_dir: /projects/yuanai/data/
dataset_name: ImageNet
global_batch_size: 64
workers: 6
resolution: 256
channels: 3
ms_patch_size: 1_2_3_4_5_6_8_10_13_16
importance: (1, 1, 1, 2, 2, 2, 3, 3, 5, 5)
max_patch_size: 16
codebook_size: 32768
codebook_dim: 16
project_dim: 16
pq: 1
L: 4
alpha: 1.0
beta: 1.0
gamma: 0.0
disc_weight: 0.3
lecam_loss_weight: 0.001
disc_cr_loss_weight: 4.0
VQ: vanilla_vq
use_multiscale: False
transplant_epochs: 2
refinement_epochs: 5
eval_epochs: 1
disc_epoch: 1
lr_transplant: 0.0001
lr_refinement: 1e-05
dropout: 0.0
seed: 3407
weight_decay: 1e-05
stage: transplant
path: bc
checkpoint_dir: /projects/yuanai/projects/VQ-Transplant3/checkpoint/Transplant/ImageNet
results_dir: /projects/yuanai/projects/VQ-Transplant3/results/Transplant/ImageNet
saver_dir: /projects/yuanai/projects/VQ-Transplant3/saver/Transplant/ImageNet
reconstruction_dir: /projects/yuanai/projects/VQ-Transplant3/reconstruction/Transplant/ImageNet
yaml_dir: /projects/yuanai/projects/VQ-Transplant3/yaml/Transplant/ImageNet
pretrained_tokenizer: /projects/yuanai/projects/VQ-Transplant3/pretrained_tokenizer/vae_ch160v4096z32.pth
checkpoint_name: 
nnodes: -1
node_rank: -1
local_rank: 0
dist_url: tcp://224.66.41.62:23456
dist_backend: nccl
world_size: 2
batch_size: 32
ms_token_size: (1, 2, 3, 4, 5, 6, 8, 10, 13, 16)
init_checkpoint_dir: /projects/yuanai/projects/VQ-Transplant3/checkpoint/
data_pre: ImageNet
model_pre: model_32768_16_1
loss_pre: loss_1.0_1.0_0.0_0.3
training_pre: vanilla_vq_transplant_False
saver_name_pre: vanilla_vq_transplant_False_ImageNet_model_32768_16_1_loss_1.0_1.0_0.0_0.3
| distributed init (rank 0): env://
loaded pretrained LPIPS loss from /projects/yuanai/projects/VQ-Transplant3/code/models/cache/vgg.pth
VQ Model Parameters: 108761795
dataset name: ImageNet
len train_set: 1281167
len val_set: 50000
Start training...
epoch:1, cur_lr:0.000100
Train Epoch: [1/2] Iters:[10/20018] transplant_loss 3.7235, rec_loss 0.4263, p_loss 0.7889, quant_error 0.9224, utilization 0.0803, perplexity 1743.6528,
Train Epoch: [1/2] Iters:[20/20018] transplant_loss 3.5537, rec_loss 0.3774, p_loss 0.7535, quant_error 0.8243, utilization 0.0648, perplexity 1441.1049,
Train Epoch: [1/2] Iters:[30/20018] transplant_loss 3.4574, rec_loss 0.3524, p_loss 0.7398, quant_error 0.7815, utilization 0.0574, perplexity 1298.7418,
Train Epoch: [1/2] Iters:[40/20018] transplant_loss 3.4287, rec_loss 0.3443, p_loss 0.7352, quant_error 0.7665, utilization 0.0527, perplexity 1206.6384,
Train Epoch: [1/2] Iters:[50/20018] transplant_loss 3.4157, rec_loss 0.3401, p_loss 0.7266, quant_error 0.7579, utilization 0.0492, perplexity 1141.5070,
Train Epoch: [1/2] Iters:[60/20018] transplant_loss 3.3160, rec_loss 0.3182, p_loss 0.7073, quant_error 0.7059, utilization 0.0398, perplexity 959.4190,
Train Epoch: [1/2] Iters:[70/20018] transplant_loss 3.2771, rec_loss 0.3153, p_loss 0.7008, quant_error 0.6936, utilization 0.0363, perplexity 891.8924,
Train Epoch: [1/2] Iters:[80/20018] transplant_loss 3.2703, rec_loss 0.3181, p_loss 0.6944, quant_error 0.6874, utilization 0.0338, perplexity 844.6444,
Train Epoch: [1/2] Iters:[90/20018] transplant_loss 3.2406, rec_loss 0.3159, p_loss 0.6854, quant_error 0.6741, utilization 0.0320, perplexity 810.2852,
Train Epoch: [1/2] Iters:[100/20018] transplant_loss 3.1961, rec_loss 0.3101, p_loss 0.6820, quant_error 0.6583, utilization 0.0306, perplexity 782.7710,
Train Epoch: [1/2] Iters:[110/20018] transplant_loss 3.2106, rec_loss 0.3068, p_loss 0.6817, quant_error 0.6639, utilization 0.0295, perplexity 763.0218,
Train Epoch: [1/2] Iters:[120/20018] transplant_loss 3.1911, rec_loss 0.2996, p_loss 0.6820, quant_error 0.6567, utilization 0.0286, perplexity 747.5684,
Train Epoch: [1/2] Iters:[130/20018] transplant_loss 3.1605, rec_loss 0.2817, p_loss 0.6822, quant_error 0.6561, utilization 0.0280, perplexity 735.3241,
Train Epoch: [1/2] Iters:[140/20018] transplant_loss 3.0676, rec_loss 0.2554, p_loss 0.6806, quant_error 0.6407, utilization 0.0274, perplexity 725.4616,
Train Epoch: [1/2] Iters:[150/20018] transplant_loss 3.0207, rec_loss 0.2309, p_loss 0.6795, quant_error 0.6394, utilization 0.0270, perplexity 717.7512,
Train Epoch: [1/2] Iters:[160/20018] transplant_loss 2.9266, rec_loss 0.2030, p_loss 0.6742, quant_error 0.6251, utilization 0.0266, perplexity 710.7400,
Train Epoch: [1/2] Iters:[170/20018] transplant_loss 2.8584, rec_loss 0.1783, p_loss 0.6677, quant_error 0.6181, utilization 0.0262, perplexity 705.4174,
Train Epoch: [1/2] Iters:[180/20018] transplant_loss 2.7992, rec_loss 0.1679, p_loss 0.6628, quant_error 0.6042, utilization 0.0260, perplexity 701.2153,
Train Epoch: [1/2] Iters:[190/20018] transplant_loss 2.8017, rec_loss 0.1630, p_loss 0.6613, quant_error 0.6064, utilization 0.0257, perplexity 698.4377,
Train Epoch: [1/2] Iters:[200/20018] transplant_loss 2.7765, rec_loss 0.1590, p_loss 0.6585, quant_error 0.5999, utilization 0.0255, perplexity 696.4380,
Train Epoch: [1/2] Iters:[210/20018] transplant_loss 2.7525, rec_loss 0.1563, p_loss 0.6574, quant_error 0.5926, utilization 0.0254, perplexity 694.4783,
Train Epoch: [1/2] Iters:[220/20018] transplant_loss 2.7585, rec_loss 0.1548, p_loss 0.6572, quant_error 0.5956, utilization 0.0252, perplexity 693.5295,
Train Epoch: [1/2] Iters:[230/20018] transplant_loss 2.7533, rec_loss 0.1487, p_loss 0.6554, quant_error 0.5982, utilization 0.0251, perplexity 692.2446,
Train Epoch: [1/2] Iters:[240/20018] transplant_loss 2.7619, rec_loss 0.1480, p_loss 0.6539, quant_error 0.6022, utilization 0.0250, perplexity 691.0180,
Train Epoch: [1/2] Iters:[250/20018] transplant_loss 2.7427, rec_loss 0.1455, p_loss 0.6528, quant_error 0.5977, utilization 0.0249, perplexity 689.4432,
Train Epoch: [1/2] Iters:[260/20018] transplant_loss 2.7249, rec_loss 0.1432, p_loss 0.6514, quant_error 0.5935, utilization 0.0248, perplexity 688.4711,
Train Epoch: [1/2] Iters:[270/20018] transplant_loss 2.7098, rec_loss 0.1430, p_loss 0.6502, quant_error 0.5891, utilization 0.0247, perplexity 687.1033,
Train Epoch: [1/2] Iters:[280/20018] transplant_loss 2.6910, rec_loss 0.1418, p_loss 0.6496, quant_error 0.5832, utilization 0.0246, perplexity 686.5076,
Train Epoch: [1/2] Iters:[290/20018] transplant_loss 2.6684, rec_loss 0.1384, p_loss 0.6480, quant_error 0.5776, utilization 0.0246, perplexity 685.4937,
Train Epoch: [1/2] Iters:[300/20018] transplant_loss 2.6788, rec_loss 0.1379, p_loss 0.6459, quant_error 0.5816, utilization 0.0245, perplexity 684.9947,
Train Epoch: [1/2] Iters:[310/20018] transplant_loss 2.6759, rec_loss 0.1352, p_loss 0.6437, quant_error 0.5827, utilization 0.0245, perplexity 685.0385,
Train Epoch: [1/2] Iters:[320/20018] transplant_loss 2.6817, rec_loss 0.1329, p_loss 0.6429, quant_error 0.5855, utilization 0.0244, perplexity 684.4123,
Train Epoch: [1/2] Iters:[330/20018] transplant_loss 2.6939, rec_loss 0.1316, p_loss 0.6413, quant_error 0.5904, utilization 0.0244, perplexity 684.3575,
Train Epoch: [1/2] Iters:[340/20018] transplant_loss 2.6763, rec_loss 0.1302, p_loss 0.6403, quant_error 0.5857, utilization 0.0243, perplexity 683.8230,
Train Epoch: [1/2] Iters:[350/20018] transplant_loss 2.6580, rec_loss 0.1281, p_loss 0.6388, quant_error 0.5809, utilization 0.0243, perplexity 683.4523,
Train Epoch: [1/2] Iters:[360/20018] transplant_loss 2.6712, rec_loss 0.1289, p_loss 0.6380, quant_error 0.5849, utilization 0.0242, perplexity 683.2391,
Train Epoch: [1/2] Iters:[370/20018] transplant_loss 2.6460, rec_loss 0.1272, p_loss 0.6342, quant_error 0.5783, utilization 0.0242, perplexity 683.2218,
Train Epoch: [1/2] Iters:[380/20018] transplant_loss 2.6407, rec_loss 0.1282, p_loss 0.6318, quant_error 0.5761, utilization 0.0242, perplexity 683.0399,
Train Epoch: [1/2] Iters:[390/20018] transplant_loss 2.6465, rec_loss 0.1277, p_loss 0.6273, quant_error 0.5792, utilization 0.0242, perplexity 683.4604,
Train Epoch: [1/2] Iters:[400/20018] transplant_loss 2.6282, rec_loss 0.1280, p_loss 0.6237, quant_error 0.5734, utilization 0.0241, perplexity 683.2206,
Train Epoch: [1/2] Iters:[410/20018] transplant_loss 2.6135, rec_loss 0.1264, p_loss 0.6197, quant_error 0.5701, utilization 0.0241, perplexity 683.0657,
Train Epoch: [1/2] Iters:[420/20018] transplant_loss 2.5939, rec_loss 0.1241, p_loss 0.6162, quant_error 0.5656, utilization 0.0241, perplexity 682.8003,
Train Epoch: [1/2] Iters:[430/20018] transplant_loss 2.5704, rec_loss 0.1195, p_loss 0.6109, quant_error 0.5613, utilization 0.0241, perplexity 682.3902,
Train Epoch: [1/2] Iters:[440/20018] transplant_loss 2.5647, rec_loss 0.1178, p_loss 0.6058, quant_error 0.5611, utilization 0.0240, perplexity 681.2431,
Train Epoch: [1/2] Iters:[450/20018] transplant_loss 2.5518, rec_loss 0.1138, p_loss 0.6011, quant_error 0.5601, utilization 0.0240, perplexity 681.4880,
Train Epoch: [1/2] Iters:[460/20018] transplant_loss 2.5253, rec_loss 0.1121, p_loss 0.5948, quant_error 0.5537, utilization 0.0240, perplexity 681.1782,
Train Epoch: [1/2] Iters:[470/20018] transplant_loss 2.5363, rec_loss 0.1105, p_loss 0.5916, quant_error 0.5588, utilization 0.0240, perplexity 681.2358,
Train Epoch: [1/2] Iters:[480/20018] transplant_loss 2.5245, rec_loss 0.1090, p_loss 0.5883, quant_error 0.5564, utilization 0.0240, perplexity 681.2422,
Train Epoch: [1/2] Iters:[490/20018] transplant_loss 2.4967, rec_loss 0.1060, p_loss 0.5846, quant_error 0.5499, utilization 0.0239, perplexity 682.0447,
Train Epoch: [1/2] Iters:[500/20018] transplant_loss 2.5041, rec_loss 0.1060, p_loss 0.5831, quant_error 0.5523, utilization 0.0239, perplexity 681.5865,
Train Epoch: [1/2] Iters:[510/20018] transplant_loss 2.5125, rec_loss 0.1047, p_loss 0.5833, quant_error 0.5554, utilization 0.0239, perplexity 681.5662,
Train Epoch: [1/2] Iters:[520/20018] transplant_loss 2.4777, rec_loss 0.1038, p_loss 0.5796, quant_error 0.5453, utilization 0.0239, perplexity 681.7123,
Train Epoch: [1/2] Iters:[530/20018] transplant_loss 2.4614, rec_loss 0.1031, p_loss 0.5779, quant_error 0.5407, utilization 0.0239, perplexity 681.4273,
Train Epoch: [1/2] Iters:[540/20018] transplant_loss 2.4552, rec_loss 0.1030, p_loss 0.5771, quant_error 0.5384, utilization 0.0238, perplexity 680.9175,
Train Epoch: [1/2] Iters:[550/20018] transplant_loss 2.4436, rec_loss 0.1023, p_loss 0.5755, quant_error 0.5356, utilization 0.0238, perplexity 681.0660,
Train Epoch: [1/2] Iters:[560/20018] transplant_loss 2.4251, rec_loss 0.1015, p_loss 0.5722, quant_error 0.5305, utilization 0.0238, perplexity 680.7699,
Train Epoch: [1/2] Iters:[570/20018] transplant_loss 2.4253, rec_loss 0.1002, p_loss 0.5703, quant_error 0.5313, utilization 0.0238, perplexity 680.6566,
Train Epoch: [1/2] Iters:[580/20018] transplant_loss 2.4349, rec_loss 0.1000, p_loss 0.5690, quant_error 0.5345, utilization 0.0238, perplexity 680.3964,
Train Epoch: [1/2] Iters:[590/20018] transplant_loss 2.4395, rec_loss 0.1005, p_loss 0.5674, quant_error 0.5362, utilization 0.0238, perplexity 680.6872,
Train Epoch: [1/2] Iters:[600/20018] transplant_loss 2.4297, rec_loss 0.0996, p_loss 0.5646, quant_error 0.5341, utilization 0.0238, perplexity 680.8605,
Train Epoch: [1/2] Iters:[610/20018] transplant_loss 2.4232, rec_loss 0.0995, p_loss 0.5621, quant_error 0.5327, utilization 0.0238, perplexity 680.9938,
Train Epoch: [1/2] Iters:[620/20018] transplant_loss 2.4303, rec_loss 0.0997, p_loss 0.5598, quant_error 0.5356, utilization 0.0238, perplexity 681.3662,
Train Epoch: [1/2] Iters:[630/20018] transplant_loss 2.4046, rec_loss 0.0981, p_loss 0.5562, quant_error 0.5293, utilization 0.0237, perplexity 681.2969,
Train Epoch: [1/2] Iters:[640/20018] transplant_loss 2.3896, rec_loss 0.0966, p_loss 0.5532, quant_error 0.5261, utilization 0.0237, perplexity 681.5645,
Train Epoch: [1/2] Iters:[650/20018] transplant_loss 2.3907, rec_loss 0.0962, p_loss 0.5510, quant_error 0.5275, utilization 0.0237, perplexity 681.7368,
Train Epoch: [1/2] Iters:[660/20018] transplant_loss 2.3776, rec_loss 0.0942, p_loss 0.5476, quant_error 0.5248, utilization 0.0237, perplexity 681.4173,
Train Epoch: [1/2] Iters:[670/20018] transplant_loss 2.3746, rec_loss 0.0938, p_loss 0.5467, quant_error 0.5242, utilization 0.0237, perplexity 681.2339,
Train Epoch: [1/2] Iters:[680/20018] transplant_loss 2.3726, rec_loss 0.0942, p_loss 0.5442, quant_error 0.5236, utilization 0.0237, perplexity 681.2887,
Train Epoch: [1/2] Iters:[690/20018] transplant_loss 2.3614, rec_loss 0.0938, p_loss 0.5412, quant_error 0.5208, utilization 0.0237, perplexity 681.2593,
Train Epoch: [1/2] Iters:[700/20018] transplant_loss 2.3604, rec_loss 0.0939, p_loss 0.5377, quant_error 0.5205, utilization 0.0237, perplexity 681.1171,
Train Epoch: [1/2] Iters:[710/20018] transplant_loss 2.3716, rec_loss 0.0945, p_loss 0.5353, quant_error 0.5241, utilization 0.0237, perplexity 681.2833,
Train Epoch: [1/2] Iters:[720/20018] transplant_loss 2.3548, rec_loss 0.0938, p_loss 0.5302, quant_error 0.5201, utilization 0.0237, perplexity 681.6920,
Train Epoch: [1/2] Iters:[730/20018] transplant_loss 2.3556, rec_loss 0.0928, p_loss 0.5270, quant_error 0.5213, utilization 0.0237, perplexity 681.7416,
Train Epoch: [1/2] Iters:[740/20018] transplant_loss 2.3760, rec_loss 0.0930, p_loss 0.5254, quant_error 0.5275, utilization 0.0237, perplexity 681.4343,
Train Epoch: [1/2] Iters:[750/20018] transplant_loss 2.3518, rec_loss 0.0919, p_loss 0.5221, quant_error 0.5208, utilization 0.0237, perplexity 681.2003,
Train Epoch: [1/2] Iters:[760/20018] transplant_loss 2.3350, rec_loss 0.0905, p_loss 0.5203, quant_error 0.5163, utilization 0.0237, perplexity 681.3583,
Train Epoch: [1/2] Iters:[770/20018] transplant_loss 2.3113, rec_loss 0.0904, p_loss 0.5177, quant_error 0.5087, utilization 0.0236, perplexity 679.8398,
Train Epoch: [1/2] Iters:[780/20018] transplant_loss 2.3028, rec_loss 0.0902, p_loss 0.5154, quant_error 0.5060, utilization 0.0236, perplexity 679.9835,
Train Epoch: [1/2] Iters:[790/20018] transplant_loss 2.2944, rec_loss 0.0900, p_loss 0.5121, quant_error 0.5036, utilization 0.0236, perplexity 680.3138,
Train Epoch: [1/2] Iters:[800/20018] transplant_loss 2.2880, rec_loss 0.0897, p_loss 0.5097, quant_error 0.5018, utilization 0.0236, perplexity 680.3274,
Train Epoch: [1/2] Iters:[810/20018] transplant_loss 2.2868, rec_loss 0.0900, p_loss 0.5060, quant_error 0.5016, utilization 0.0236, perplexity 680.7207,
Train Epoch: [1/2] Iters:[820/20018] transplant_loss 2.2977, rec_loss 0.0902, p_loss 0.5032, quant_error 0.5053, utilization 0.0236, perplexity 681.3234,
Train Epoch: [1/2] Iters:[830/20018] transplant_loss 2.2848, rec_loss 0.0898, p_loss 0.5001, quant_error 0.5018, utilization 0.0236, perplexity 681.2693,
Train Epoch: [1/2] Iters:[840/20018] transplant_loss 2.2569, rec_loss 0.0890, p_loss 0.4971, quant_error 0.4936, utilization 0.0236, perplexity 681.4776,
Train Epoch: [1/2] Iters:[850/20018] transplant_loss 2.2519, rec_loss 0.0886, p_loss 0.4937, quant_error 0.4926, utilization 0.0236, perplexity 681.0769,
Train Epoch: [1/2] Iters:[860/20018] transplant_loss 2.2451, rec_loss 0.0886, p_loss 0.4914, quant_error 0.4906, utilization 0.0236, perplexity 680.5402,
Train Epoch: [1/2] Iters:[870/20018] transplant_loss 2.2438, rec_loss 0.0878, p_loss 0.4903, quant_error 0.4905, utilization 0.0236, perplexity 680.4092,
Train Epoch: [1/2] Iters:[880/20018] transplant_loss 2.2442, rec_loss 0.0883, p_loss 0.4886, quant_error 0.4906, utilization 0.0236, perplexity 680.8097,
Train Epoch: [1/2] Iters:[890/20018] transplant_loss 2.2402, rec_loss 0.0876, p_loss 0.4861, quant_error 0.4899, utilization 0.0236, perplexity 680.3746,
Train Epoch: [1/2] Iters:[900/20018] transplant_loss 2.2401, rec_loss 0.0868, p_loss 0.4845, quant_error 0.4903, utilization 0.0236, perplexity 680.9090,
Train Epoch: [1/2] Iters:[910/20018] transplant_loss 2.2364, rec_loss 0.0866, p_loss 0.4821, quant_error 0.4896, utilization 0.0236, perplexity 681.2889,
Train Epoch: [1/2] Iters:[920/20018] transplant_loss 2.2222, rec_loss 0.0863, p_loss 0.4782, quant_error 0.4859, utilization 0.0236, perplexity 681.4981,
Train Epoch: [1/2] Iters:[930/20018] transplant_loss 2.2211, rec_loss 0.0853, p_loss 0.4760, quant_error 0.4864, utilization 0.0236, perplexity 681.2648,
Train Epoch: [1/2] Iters:[940/20018] transplant_loss 2.2135, rec_loss 0.0848, p_loss 0.4739, quant_error 0.4848, utilization 0.0236, perplexity 681.6130,
Train Epoch: [1/2] Iters:[950/20018] transplant_loss 2.2029, rec_loss 0.0845, p_loss 0.4721, quant_error 0.4821, utilization 0.0236, perplexity 681.2696,
Train Epoch: [1/2] Iters:[960/20018] transplant_loss 2.2012, rec_loss 0.0842, p_loss 0.4712, quant_error 0.4818, utilization 0.0236, perplexity 681.2979,
Train Epoch: [1/2] Iters:[970/20018] transplant_loss 2.1948, rec_loss 0.0840, p_loss 0.4699, quant_error 0.4798, utilization 0.0236, perplexity 681.8557,
Train Epoch: [1/2] Iters:[980/20018] transplant_loss 2.1737, rec_loss 0.0838, p_loss 0.4675, quant_error 0.4738, utilization 0.0236, perplexity 682.1388,
Train Epoch: [1/2] Iters:[990/20018] transplant_loss 2.1576, rec_loss 0.0832, p_loss 0.4651, quant_error 0.4692, utilization 0.0236, perplexity 682.2348,
Train Epoch: [1/2] Iters:[1000/20018] transplant_loss 2.1670, rec_loss 0.0847, p_loss 0.4636, quant_error 0.4712, utilization 0.0236, perplexity 682.6291,
Train Epoch: [1/2] Iters:[1010/20018] transplant_loss 2.1530, rec_loss 0.0838, p_loss 0.4599, quant_error 0.4679, utilization 0.0236, perplexity 682.7728,
Train Epoch: [1/2] Iters:[1020/20018] transplant_loss 2.1513, rec_loss 0.0830, p_loss 0.4570, quant_error 0.4686, utilization 0.0236, perplexity 682.4936,
Train Epoch: [1/2] Iters:[1030/20018] transplant_loss 2.1661, rec_loss 0.0827, p_loss 0.4554, quant_error 0.4734, utilization 0.0236, perplexity 682.4042,
Train Epoch: [1/2] Iters:[1040/20018] transplant_loss 2.1687, rec_loss 0.0827, p_loss 0.4533, quant_error 0.4748, utilization 0.0236, perplexity 681.7832,
Train Epoch: [1/2] Iters:[1050/20018] transplant_loss 2.1460, rec_loss 0.0810, p_loss 0.4492, quant_error 0.4697, utilization 0.0236, perplexity 681.9353,
Train Epoch: [1/2] Iters:[1060/20018] transplant_loss 2.1343, rec_loss 0.0808, p_loss 0.4468, quant_error 0.4659, utilization 0.0236, perplexity 681.8901,
Train Epoch: [1/2] Iters:[1070/20018] transplant_loss 2.1192, rec_loss 0.0798, p_loss 0.4451, quant_error 0.4618, utilization 0.0236, perplexity 681.9953,
Train Epoch: [1/2] Iters:[1080/20018] transplant_loss 2.1095, rec_loss 0.0790, p_loss 0.4427, quant_error 0.4593, utilization 0.0236, perplexity 682.0731,
Train Epoch: [1/2] Iters:[1090/20018] transplant_loss 2.0999, rec_loss 0.0788, p_loss 0.4388, quant_error 0.4571, utilization 0.0236, perplexity 682.7203,
Train Epoch: [1/2] Iters:[1100/20018] transplant_loss 2.1021, rec_loss 0.0786, p_loss 0.4370, quant_error 0.4581, utilization 0.0235, perplexity 682.8187,
Train Epoch: [1/2] Iters:[1110/20018] transplant_loss 2.0890, rec_loss 0.0777, p_loss 0.4327, quant_error 0.4555, utilization 0.0235, perplexity 682.8345,
Train Epoch: [1/2] Iters:[1120/20018] transplant_loss 2.1031, rec_loss 0.0790, p_loss 0.4304, quant_error 0.4598, utilization 0.0235, perplexity 683.2939,
Train Epoch: [1/2] Iters:[1130/20018] transplant_loss 2.0941, rec_loss 0.0792, p_loss 0.4278, quant_error 0.4570, utilization 0.0235, perplexity 683.2454,
Train Epoch: [1/2] Iters:[1140/20018] transplant_loss 2.1162, rec_loss 0.0800, p_loss 0.4277, quant_error 0.4631, utilization 0.0235, perplexity 683.4535,
Train Epoch: [1/2] Iters:[1150/20018] transplant_loss 2.1107, rec_loss 0.0797, p_loss 0.4258, quant_error 0.4617, utilization 0.0235, perplexity 684.0796,
Train Epoch: [1/2] Iters:[1160/20018] transplant_loss 2.1380, rec_loss 0.0817, p_loss 0.4261, quant_error 0.4689, utilization 0.0235, perplexity 684.0426,
Train Epoch: [1/2] Iters:[1170/20018] transplant_loss 2.1127, rec_loss 0.0799, p_loss 0.4230, quant_error 0.4625, utilization 0.0235, perplexity 684.0433,
Train Epoch: [1/2] Iters:[1180/20018] transplant_loss 2.0919, rec_loss 0.0790, p_loss 0.4194, quant_error 0.4576, utilization 0.0235, perplexity 683.9095,
Train Epoch: [1/2] Iters:[1190/20018] transplant_loss 2.0735, rec_loss 0.0787, p_loss 0.4173, quant_error 0.4522, utilization 0.0235, perplexity 683.4740,
Train Epoch: [1/2] Iters:[1200/20018] transplant_loss 2.0658, rec_loss 0.0784, p_loss 0.4155, quant_error 0.4503, utilization 0.0235, perplexity 683.0374,
Train Epoch: [1/2] Iters:[1210/20018] transplant_loss 2.0416, rec_loss 0.0764, p_loss 0.4133, quant_error 0.4439, utilization 0.0235, perplexity 683.3898,
Train Epoch: [1/2] Iters:[1220/20018] transplant_loss 2.0445, rec_loss 0.0769, p_loss 0.4101, quant_error 0.4450, utilization 0.0235, perplexity 683.1286,
Train Epoch: [1/2] Iters:[1230/20018] transplant_loss 2.0657, rec_loss 0.0774, p_loss 0.4092, quant_error 0.4513, utilization 0.0235, perplexity 683.5491,
Train Epoch: [1/2] Iters:[1240/20018] transplant_loss 2.0634, rec_loss 0.0764, p_loss 0.4066, quant_error 0.4517, utilization 0.0235, perplexity 683.8661,
Train Epoch: [1/2] Iters:[1250/20018] transplant_loss 2.0531, rec_loss 0.0757, p_loss 0.4027, quant_error 0.4494, utilization 0.0235, perplexity 683.7670,
Train Epoch: [1/2] Iters:[1260/20018] transplant_loss 2.0664, rec_loss 0.0762, p_loss 0.4014, quant_error 0.4535, utilization 0.0235, perplexity 683.3235,
Train Epoch: [1/2] Iters:[1270/20018] transplant_loss 2.0590, rec_loss 0.0756, p_loss 0.4000, quant_error 0.4516, utilization 0.0235, perplexity 683.3835,
Train Epoch: [1/2] Iters:[1280/20018] transplant_loss 2.0412, rec_loss 0.0747, p_loss 0.3980, quant_error 0.4465, utilization 0.0235, perplexity 683.8252,
Train Epoch: [1/2] Iters:[1290/20018] transplant_loss 2.0311, rec_loss 0.0737, p_loss 0.3948, quant_error 0.4446, utilization 0.0235, perplexity 683.6450,
Train Epoch: [1/2] Iters:[1300/20018] transplant_loss 2.0265, rec_loss 0.0737, p_loss 0.3931, quant_error 0.4436, utilization 0.0235, perplexity 683.9037,
Train Epoch: [1/2] Iters:[1310/20018] transplant_loss 2.0114, rec_loss 0.0722, p_loss 0.3898, quant_error 0.4401, utilization 0.0235, perplexity 684.6138,
Train Epoch: [1/2] Iters:[1320/20018] transplant_loss 2.0270, rec_loss 0.0726, p_loss 0.3893, quant_error 0.4444, utilization 0.0235, perplexity 685.0236,
Train Epoch: [1/2] Iters:[1330/20018] transplant_loss 2.0101, rec_loss 0.0714, p_loss 0.3851, quant_error 0.4407, utilization 0.0235, perplexity 684.1651,
Train Epoch: [1/2] Iters:[1340/20018] transplant_loss 2.0018, rec_loss 0.0708, p_loss 0.3830, quant_error 0.4384, utilization 0.0235, perplexity 684.5695,
Train Epoch: [1/2] Iters:[1350/20018] transplant_loss 1.9918, rec_loss 0.0706, p_loss 0.3817, quant_error 0.4354, utilization 0.0235, perplexity 684.3211,
Train Epoch: [1/2] Iters:[1360/20018] transplant_loss 1.9557, rec_loss 0.0694, p_loss 0.3774, quant_error 0.4262, utilization 0.0235, perplexity 683.8356,
Train Epoch: [1/2] Iters:[1370/20018] transplant_loss 1.9474, rec_loss 0.0689, p_loss 0.3741, quant_error 0.4242, utilization 0.0235, perplexity 683.5790,
Train Epoch: [1/2] Iters:[1380/20018] transplant_loss 1.9489, rec_loss 0.0690, p_loss 0.3740, quant_error 0.4242, utilization 0.0235, perplexity 684.1340,
Train Epoch: [1/2] Iters:[1390/20018] transplant_loss 1.9427, rec_loss 0.0693, p_loss 0.3728, quant_error 0.4222, utilization 0.0235, perplexity 683.8955,
Train Epoch: [1/2] Iters:[1400/20018] transplant_loss 1.9639, rec_loss 0.0697, p_loss 0.3713, quant_error 0.4284, utilization 0.0235, perplexity 683.9562,
Train Epoch: [1/2] Iters:[1410/20018] transplant_loss 2.0014, rec_loss 0.0708, p_loss 0.3722, quant_error 0.4385, utilization 0.0235, perplexity 684.3454,
Train Epoch: [1/2] Iters:[1420/20018] transplant_loss 1.9736, rec_loss 0.0695, p_loss 0.3701, quant_error 0.4312, utilization 0.0235, perplexity 684.3342,
Train Epoch: [1/2] Iters:[1430/20018] transplant_loss 1.9616, rec_loss 0.0687, p_loss 0.3670, quant_error 0.4287, utilization 0.0235, perplexity 684.4267,
Train Epoch: [1/2] Iters:[1440/20018] transplant_loss 1.9659, rec_loss 0.0679, p_loss 0.3650, quant_error 0.4306, utilization 0.0235, perplexity 684.7075,
Train Epoch: [1/2] Iters:[1450/20018] transplant_loss 1.9348, rec_loss 0.0659, p_loss 0.3612, quant_error 0.4230, utilization 0.0235, perplexity 684.6498,
Train Epoch: [1/2] Iters:[1460/20018] transplant_loss 1.9115, rec_loss 0.0648, p_loss 0.3587, quant_error 0.4166, utilization 0.0235, perplexity 684.5064,
Train Epoch: [1/2] Iters:[1470/20018] transplant_loss 1.9162, rec_loss 0.0649, p_loss 0.3571, quant_error 0.4179, utilization 0.0235, perplexity 684.5981,
Train Epoch: [1/2] Iters:[1480/20018] transplant_loss 1.9166, rec_loss 0.0649, p_loss 0.3556, quant_error 0.4181, utilization 0.0235, perplexity 684.4497,
Train Epoch: [1/2] Iters:[1490/20018] transplant_loss 1.9086, rec_loss 0.0649, p_loss 0.3549, quant_error 0.4158, utilization 0.0235, perplexity 684.3146,
Train Epoch: [1/2] Iters:[1500/20018] transplant_loss 1.8996, rec_loss 0.0648, p_loss 0.3541, quant_error 0.4131, utilization 0.0235, perplexity 684.3982,
Train Epoch: [1/2] Iters:[1510/20018] transplant_loss 1.9110, rec_loss 0.0652, p_loss 0.3539, quant_error 0.4163, utilization 0.0235, perplexity 684.7634,
Train Epoch: [1/2] Iters:[1520/20018] transplant_loss 1.9006, rec_loss 0.0647, p_loss 0.3521, quant_error 0.4137, utilization 0.0235, perplexity 684.8422,
Train Epoch: [1/2] Iters:[1530/20018] transplant_loss 1.9040, rec_loss 0.0643, p_loss 0.3513, quant_error 0.4148, utilization 0.0235, perplexity 685.0096,
Train Epoch: [1/2] Iters:[1540/20018] transplant_loss 1.9043, rec_loss 0.0646, p_loss 0.3491, quant_error 0.4150, utilization 0.0235, perplexity 685.2030,
Train Epoch: [1/2] Iters:[1550/20018] transplant_loss 1.9096, rec_loss 0.0644, p_loss 0.3468, quant_error 0.4170, utilization 0.0235, perplexity 685.8064,
Train Epoch: [1/2] Iters:[1560/20018] transplant_loss 1.8845, rec_loss 0.0633, p_loss 0.3440, quant_error 0.4105, utilization 0.0235, perplexity 685.6418,
Train Epoch: [1/2] Iters:[1570/20018] transplant_loss 1.8846, rec_loss 0.0627, p_loss 0.3432, quant_error 0.4109, utilization 0.0235, perplexity 686.1968,
Train Epoch: [1/2] Iters:[1580/20018] transplant_loss 1.8725, rec_loss 0.0631, p_loss 0.3408, quant_error 0.4074, utilization 0.0235, perplexity 686.3895,
Train Epoch: [1/2] Iters:[1590/20018] transplant_loss 1.8594, rec_loss 0.0624, p_loss 0.3387, quant_error 0.4040, utilization 0.0235, perplexity 686.2790,
Train Epoch: [1/2] Iters:[1600/20018] transplant_loss 1.8555, rec_loss 0.0620, p_loss 0.3393, quant_error 0.4026, utilization 0.0235, perplexity 686.1023,
Train Epoch: [1/2] Iters:[1610/20018] transplant_loss 1.8591, rec_loss 0.0619, p_loss 0.3373, quant_error 0.4039, utilization 0.0235, perplexity 686.3090,
Train Epoch: [1/2] Iters:[1620/20018] transplant_loss 1.8688, rec_loss 0.0627, p_loss 0.3364, quant_error 0.4059, utilization 0.0235, perplexity 686.0842,
Train Epoch: [1/2] Iters:[1630/20018] transplant_loss 1.8582, rec_loss 0.0615, p_loss 0.3351, quant_error 0.4034, utilization 0.0235, perplexity 686.3290,
Train Epoch: [1/2] Iters:[1640/20018] transplant_loss 1.8568, rec_loss 0.0607, p_loss 0.3336, quant_error 0.4035, utilization 0.0235, perplexity 686.5907,
Train Epoch: [1/2] Iters:[1650/20018] transplant_loss 1.8502, rec_loss 0.0605, p_loss 0.3305, quant_error 0.4021, utilization 0.0235, perplexity 686.3713,
Train Epoch: [1/2] Iters:[1660/20018] transplant_loss 1.8321, rec_loss 0.0595, p_loss 0.3286, quant_error 0.3975, utilization 0.0235, perplexity 686.0751,
Train Epoch: [1/2] Iters:[1670/20018] transplant_loss 1.8177, rec_loss 0.0585, p_loss 0.3270, quant_error 0.3938, utilization 0.0235, perplexity 686.0074,
Train Epoch: [1/2] Iters:[1680/20018] transplant_loss 1.8335, rec_loss 0.0591, p_loss 0.3258, quant_error 0.3977, utilization 0.0235, perplexity 685.8952,
Train Epoch: [1/2] Iters:[1690/20018] transplant_loss 1.8329, rec_loss 0.0592, p_loss 0.3258, quant_error 0.3972, utilization 0.0235, perplexity 686.1007,
Train Epoch: [1/2] Iters:[1700/20018] transplant_loss 1.8241, rec_loss 0.0587, p_loss 0.3245, quant_error 0.3947, utilization 0.0235, perplexity 686.3420,
Train Epoch: [1/2] Iters:[1710/20018] transplant_loss 1.8285, rec_loss 0.0589, p_loss 0.3233, quant_error 0.3958, utilization 0.0235, perplexity 686.8028,
Train Epoch: [1/2] Iters:[1720/20018] transplant_loss 1.8153, rec_loss 0.0581, p_loss 0.3204, quant_error 0.3928, utilization 0.0235, perplexity 686.9993,
Train Epoch: [1/2] Iters:[1730/20018] transplant_loss 1.8041, rec_loss 0.0573, p_loss 0.3193, quant_error 0.3900, utilization 0.0235, perplexity 686.8447,
Train Epoch: [1/2] Iters:[1740/20018] transplant_loss 1.8059, rec_loss 0.0571, p_loss 0.3180, quant_error 0.3905, utilization 0.0235, perplexity 687.1647,
Train Epoch: [1/2] Iters:[1750/20018] transplant_loss 1.8097, rec_loss 0.0571, p_loss 0.3177, quant_error 0.3912, utilization 0.0235, perplexity 687.0128,
Train Epoch: [1/2] Iters:[1760/20018] transplant_loss 1.7977, rec_loss 0.0564, p_loss 0.3170, quant_error 0.3879, utilization 0.0235, perplexity 687.1787,
Train Epoch: [1/2] Iters:[1770/20018] transplant_loss 1.8138, rec_loss 0.0572, p_loss 0.3180, quant_error 0.3919, utilization 0.0235, perplexity 687.2152,
Train Epoch: [1/2] Iters:[1780/20018] transplant_loss 1.7973, rec_loss 0.0569, p_loss 0.3161, quant_error 0.3874, utilization 0.0235, perplexity 687.1246,
Train Epoch: [1/2] Iters:[1790/20018] transplant_loss 1.7844, rec_loss 0.0564, p_loss 0.3141, quant_error 0.3839, utilization 0.0235, perplexity 686.9183,
Train Epoch: [1/2] Iters:[1800/20018] transplant_loss 1.7658, rec_loss 0.0557, p_loss 0.3124, quant_error 0.3793, utilization 0.0235, perplexity 687.0914,
Train Epoch: [1/2] Iters:[1810/20018] transplant_loss 1.7821, rec_loss 0.0565, p_loss 0.3118, quant_error 0.3834, utilization 0.0235, perplexity 686.8633,
Train Epoch: [1/2] Iters:[1820/20018] transplant_loss 1.7443, rec_loss 0.0546, p_loss 0.3080, quant_error 0.3741, utilization 0.0235, perplexity 686.4817,
Train Epoch: [1/2] Iters:[1830/20018] transplant_loss 1.7536, rec_loss 0.0548, p_loss 0.3072, quant_error 0.3767, utilization 0.0235, perplexity 686.9921,
Train Epoch: [1/2] Iters:[1840/20018] transplant_loss 1.7541, rec_loss 0.0550, p_loss 0.3065, quant_error 0.3768, utilization 0.0235, perplexity 687.1099,
Train Epoch: [1/2] Iters:[1850/20018] transplant_loss 1.7721, rec_loss 0.0556, p_loss 0.3064, quant_error 0.3813, utilization 0.0235, perplexity 687.1888,
Train Epoch: [1/2] Iters:[1860/20018] transplant_loss 1.7536, rec_loss 0.0545, p_loss 0.3047, quant_error 0.3766, utilization 0.0235, perplexity 686.9962,
Train Epoch: [1/2] Iters:[1870/20018] transplant_loss 1.7760, rec_loss 0.0557, p_loss 0.3066, quant_error 0.3814, utilization 0.0235, perplexity 687.5963,
Train Epoch: [1/2] Iters:[1880/20018] transplant_loss 1.7700, rec_loss 0.0552, p_loss 0.3053, quant_error 0.3800, utilization 0.0235, perplexity 687.5818,
Train Epoch: [1/2] Iters:[1890/20018] transplant_loss 1.7498, rec_loss 0.0540, p_loss 0.3039, quant_error 0.3749, utilization 0.0235, perplexity 687.4428,
Train Epoch: [1/2] Iters:[1900/20018] transplant_loss 1.7350, rec_loss 0.0532, p_loss 0.3022, quant_error 0.3711, utilization 0.0235, perplexity 687.8103,
Train Epoch: [1/2] Iters:[1910/20018] transplant_loss 1.7529, rec_loss 0.0537, p_loss 0.3023, quant_error 0.3756, utilization 0.0235, perplexity 688.6728,
Train Epoch: [1/2] Iters:[1920/20018] transplant_loss 1.7369, rec_loss 0.0532, p_loss 0.2998, quant_error 0.3718, utilization 0.0235, perplexity 688.3292,
Train Epoch: [1/2] Iters:[1930/20018] transplant_loss 1.7314, rec_loss 0.0530, p_loss 0.2983, quant_error 0.3704, utilization 0.0235, perplexity 688.3098,
Train Epoch: [1/2] Iters:[1940/20018] transplant_loss 1.7328, rec_loss 0.0531, p_loss 0.2967, quant_error 0.3708, utilization 0.0235, perplexity 688.5977,
Train Epoch: [1/2] Iters:[1950/20018] transplant_loss 1.7244, rec_loss 0.0525, p_loss 0.2952, quant_error 0.3689, utilization 0.0235, perplexity 688.0122,
Train Epoch: [1/2] Iters:[1960/20018] transplant_loss 1.7095, rec_loss 0.0520, p_loss 0.2947, quant_error 0.3646, utilization 0.0235, perplexity 687.3530,
Train Epoch: [1/2] Iters:[1970/20018] transplant_loss 1.7258, rec_loss 0.0520, p_loss 0.2948, quant_error 0.3689, utilization 0.0235, perplexity 687.9796,
Train Epoch: [1/2] Iters:[1980/20018] transplant_loss 1.7348, rec_loss 0.0524, p_loss 0.2959, quant_error 0.3707, utilization 0.0235, perplexity 687.9310,
Train Epoch: [1/2] Iters:[1990/20018] transplant_loss 1.7529, rec_loss 0.0530, p_loss 0.2958, quant_error 0.3752, utilization 0.0235, perplexity 687.6224,
Train Epoch: [1/2] Iters:[2000/20018] transplant_loss 1.7673, rec_loss 0.0537, p_loss 0.2957, quant_error 0.3785, utilization 0.0235, perplexity 688.3556,
Train Epoch: [1/2] Iters:[2010/20018] transplant_loss 1.7599, rec_loss 0.0537, p_loss 0.2942, quant_error 0.3766, utilization 0.0235, perplexity 688.4717,
Train Epoch: [1/2] Iters:[2020/20018] transplant_loss 1.7364, rec_loss 0.0531, p_loss 0.2918, quant_error 0.3707, utilization 0.0235, perplexity 687.7494,
Train Epoch: [1/2] Iters:[2030/20018] transplant_loss 1.7223, rec_loss 0.0526, p_loss 0.2909, quant_error 0.3674, utilization 0.0235, perplexity 687.8188,
Train Epoch: [1/2] Iters:[2040/20018] transplant_loss 1.7009, rec_loss 0.0518, p_loss 0.2893, quant_error 0.3622, utilization 0.0235, perplexity 687.6653,
Train Epoch: [1/2] Iters:[2050/20018] transplant_loss 1.6972, rec_loss 0.0515, p_loss 0.2895, quant_error 0.3611, utilization 0.0235, perplexity 688.0367,
Train Epoch: [1/2] Iters:[2060/20018] transplant_loss 1.6908, rec_loss 0.0509, p_loss 0.2880, quant_error 0.3599, utilization 0.0235, perplexity 688.3269,
Train Epoch: [1/2] Iters:[2070/20018] transplant_loss 1.6915, rec_loss 0.0507, p_loss 0.2878, quant_error 0.3601, utilization 0.0235, perplexity 688.5764,
Train Epoch: [1/2] Iters:[2080/20018] transplant_loss 1.6979, rec_loss 0.0509, p_loss 0.2868, quant_error 0.3618, utilization 0.0235, perplexity 689.1938,
Train Epoch: [1/2] Iters:[2090/20018] transplant_loss 1.7047, rec_loss 0.0513, p_loss 0.2874, quant_error 0.3631, utilization 0.0235, perplexity 689.9076,
Train Epoch: [1/2] Iters:[2100/20018] transplant_loss 1.6985, rec_loss 0.0515, p_loss 0.2864, quant_error 0.3616, utilization 0.0235, perplexity 689.1125,
Train Epoch: [1/2] Iters:[2110/20018] transplant_loss 1.6970, rec_loss 0.0519, p_loss 0.2860, quant_error 0.3611, utilization 0.0235, perplexity 689.2855,
Train Epoch: [1/2] Iters:[2120/20018] transplant_loss 1.7031, rec_loss 0.0520, p_loss 0.2863, quant_error 0.3625, utilization 0.0235, perplexity 689.9516,
Train Epoch: [1/2] Iters:[2130/20018] transplant_loss 1.6956, rec_loss 0.0513, p_loss 0.2852, quant_error 0.3609, utilization 0.0235, perplexity 689.6898,
Train Epoch: [1/2] Iters:[2140/20018] transplant_loss 1.6944, rec_loss 0.0509, p_loss 0.2850, quant_error 0.3609, utilization 0.0235, perplexity 690.0084,
Train Epoch: [1/2] Iters:[2150/20018] transplant_loss 1.6810, rec_loss 0.0502, p_loss 0.2841, quant_error 0.3577, utilization 0.0235, perplexity 690.3186,
Train Epoch: [1/2] Iters:[2160/20018] transplant_loss 1.6936, rec_loss 0.0504, p_loss 0.2848, quant_error 0.3608, utilization 0.0235, perplexity 690.2166,
Train Epoch: [1/2] Iters:[2170/20018] transplant_loss 1.6893, rec_loss 0.0505, p_loss 0.2840, quant_error 0.3597, utilization 0.0235, perplexity 690.1782,
Train Epoch: [1/2] Iters:[2180/20018] transplant_loss 1.6824, rec_loss 0.0505, p_loss 0.2839, quant_error 0.3576, utilization 0.0235, perplexity 689.5472,
Train Epoch: [1/2] Iters:[2190/20018] transplant_loss 1.6571, rec_loss 0.0497, p_loss 0.2821, quant_error 0.3515, utilization 0.0235, perplexity 688.9080,
Train Epoch: [1/2] Iters:[2200/20018] transplant_loss 1.6769, rec_loss 0.0501, p_loss 0.2826, quant_error 0.3562, utilization 0.0235, perplexity 688.7474,
Train Epoch: [1/2] Iters:[2210/20018] transplant_loss 1.6502, rec_loss 0.0489, p_loss 0.2803, quant_error 0.3500, utilization 0.0235, perplexity 688.8860,
Train Epoch: [1/2] Iters:[2220/20018] transplant_loss 1.6431, rec_loss 0.0482, p_loss 0.2792, quant_error 0.3486, utilization 0.0235, perplexity 688.7442,
Train Epoch: [1/2] Iters:[2230/20018] transplant_loss 1.6429, rec_loss 0.0481, p_loss 0.2797, quant_error 0.3486, utilization 0.0235, perplexity 689.0873,
Train Epoch: [1/2] Iters:[2240/20018] transplant_loss 1.6623, rec_loss 0.0491, p_loss 0.2807, quant_error 0.3532, utilization 0.0235, perplexity 689.1873,
Train Epoch: [1/2] Iters:[2250/20018] transplant_loss 1.6386, rec_loss 0.0484, p_loss 0.2804, quant_error 0.3473, utilization 0.0235, perplexity 689.4204,
Train Epoch: [1/2] Iters:[2260/20018] transplant_loss 1.6597, rec_loss 0.0493, p_loss 0.2819, quant_error 0.3523, utilization 0.0235, perplexity 689.6390,
Train Epoch: [1/2] Iters:[2270/20018] transplant_loss 1.6568, rec_loss 0.0494, p_loss 0.2821, quant_error 0.3513, utilization 0.0235, perplexity 689.3060,
Train Epoch: [1/2] Iters:[2280/20018] transplant_loss 1.6502, rec_loss 0.0494, p_loss 0.2812, quant_error 0.3499, utilization 0.0235, perplexity 689.9430,
Train Epoch: [1/2] Iters:[2290/20018] transplant_loss 1.6416, rec_loss 0.0489, p_loss 0.2798, quant_error 0.3480, utilization 0.0235, perplexity 690.0514,
Train Epoch: [1/2] Iters:[2300/20018] transplant_loss 1.6400, rec_loss 0.0488, p_loss 0.2786, quant_error 0.3480, utilization 0.0235, perplexity 689.7444,
Train Epoch: [1/2] Iters:[2310/20018] transplant_loss 1.6227, rec_loss 0.0479, p_loss 0.2778, quant_error 0.3438, utilization 0.0235, perplexity 689.1765,
Train Epoch: [1/2] Iters:[2320/20018] transplant_loss 1.6110, rec_loss 0.0479, p_loss 0.2758, quant_error 0.3414, utilization 0.0235, perplexity 688.9588,
Train Epoch: [1/2] Iters:[2330/20018] transplant_loss 1.6046, rec_loss 0.0475, p_loss 0.2753, quant_error 0.3402, utilization 0.0235, perplexity 688.4856,
Train Epoch: [1/2] Iters:[2340/20018] transplant_loss 1.5864, rec_loss 0.0470, p_loss 0.2741, quant_error 0.3360, utilization 0.0235, perplexity 688.5232,
Train Epoch: [1/2] Iters:[2350/20018] transplant_loss 1.5834, rec_loss 0.0471, p_loss 0.2745, quant_error 0.3353, utilization 0.0235, perplexity 689.0711,
Train Epoch: [1/2] Iters:[2360/20018] transplant_loss 1.5850, rec_loss 0.0475, p_loss 0.2734, quant_error 0.3360, utilization 0.0235, perplexity 689.4567,
Train Epoch: [1/2] Iters:[2370/20018] transplant_loss 1.5959, rec_loss 0.0480, p_loss 0.2745, quant_error 0.3385, utilization 0.0235, perplexity 689.8275,
Train Epoch: [1/2] Iters:[2380/20018] transplant_loss 1.6012, rec_loss 0.0484, p_loss 0.2749, quant_error 0.3396, utilization 0.0235, perplexity 689.8574,
Train Epoch: [1/2] Iters:[2390/20018] transplant_loss 1.6165, rec_loss 0.0487, p_loss 0.2752, quant_error 0.3436, utilization 0.0235, perplexity 689.6036,
Train Epoch: [1/2] Iters:[2400/20018] transplant_loss 1.6029, rec_loss 0.0480, p_loss 0.2732, quant_error 0.3405, utilization 0.0235, perplexity 688.5697,
Train Epoch: [1/2] Iters:[2410/20018] transplant_loss 1.6037, rec_loss 0.0479, p_loss 0.2745, quant_error 0.3405, utilization 0.0235, perplexity 688.4939,
Train Epoch: [1/2] Iters:[2420/20018] transplant_loss 1.6129, rec_loss 0.0479, p_loss 0.2752, quant_error 0.3427, utilization 0.0235, perplexity 688.9900,
Train Epoch: [1/2] Iters:[2430/20018] transplant_loss 1.6250, rec_loss 0.0483, p_loss 0.2757, quant_error 0.3459, utilization 0.0235, perplexity 689.0485,
Train Epoch: [1/2] Iters:[2440/20018] transplant_loss 1.6235, rec_loss 0.0482, p_loss 0.2757, quant_error 0.3456, utilization 0.0235, perplexity 689.6079,
Train Epoch: [1/2] Iters:[2450/20018] transplant_loss 1.6435, rec_loss 0.0488, p_loss 0.2766, quant_error 0.3506, utilization 0.0235, perplexity 690.8707,
Train Epoch: [1/2] Iters:[2460/20018] transplant_loss 1.6306, rec_loss 0.0483, p_loss 0.2750, quant_error 0.3478, utilization 0.0235, perplexity 691.1766,
Train Epoch: [1/2] Iters:[2470/20018] transplant_loss 1.6196, rec_loss 0.0480, p_loss 0.2745, quant_error 0.3453, utilization 0.0235, perplexity 691.2770,
Train Epoch: [1/2] Iters:[2480/20018] transplant_loss 1.6234, rec_loss 0.0481, p_loss 0.2746, quant_error 0.3462, utilization 0.0235, perplexity 691.8249,
Train Epoch: [1/2] Iters:[2490/20018] transplant_loss 1.6151, rec_loss 0.0477, p_loss 0.2740, quant_error 0.3445, utilization 0.0235, perplexity 691.5811,
Train Epoch: [1/2] Iters:[2500/20018] transplant_loss 1.6059, rec_loss 0.0479, p_loss 0.2732, quant_error 0.3425, utilization 0.0235, perplexity 691.2449,
Train Epoch: [1/2] Iters:[2510/20018] transplant_loss 1.6280, rec_loss 0.0488, p_loss 0.2748, quant_error 0.3477, utilization 0.0235, perplexity 691.1431,
Train Epoch: [1/2] Iters:[2520/20018] transplant_loss 1.6259, rec_loss 0.0484, p_loss 0.2742, quant_error 0.3475, utilization 0.0235, perplexity 691.1933,
Train Epoch: [1/2] Iters:[2530/20018] transplant_loss 1.6046, rec_loss 0.0476, p_loss 0.2730, quant_error 0.3426, utilization 0.0236, perplexity 690.4545,
Train Epoch: [1/2] Iters:[2540/20018] transplant_loss 1.6067, rec_loss 0.0481, p_loss 0.2739, quant_error 0.3429, utilization 0.0236, perplexity 690.6029,
Train Epoch: [1/2] Iters:[2550/20018] transplant_loss 1.6077, rec_loss 0.0479, p_loss 0.2748, quant_error 0.3431, utilization 0.0236, perplexity 690.7827,
Train Epoch: [1/2] Iters:[2560/20018] transplant_loss 1.6008, rec_loss 0.0474, p_loss 0.2739, quant_error 0.3420, utilization 0.0236, perplexity 691.2016,
Train Epoch: [1/2] Iters:[2570/20018] transplant_loss 1.5885, rec_loss 0.0476, p_loss 0.2729, quant_error 0.3389, utilization 0.0236, perplexity 690.8442,
Train Epoch: [1/2] Iters:[2580/20018] transplant_loss 1.5762, rec_loss 0.0471, p_loss 0.2713, quant_error 0.3365, utilization 0.0236, perplexity 691.5622,
Train Epoch: [1/2] Iters:[2590/20018] transplant_loss 1.5826, rec_loss 0.0472, p_loss 0.2713, quant_error 0.3382, utilization 0.0236, perplexity 691.6936,
Train Epoch: [1/2] Iters:[2600/20018] transplant_loss 1.5802, rec_loss 0.0471, p_loss 0.2703, quant_error 0.3380, utilization 0.0236, perplexity 692.1975,
Train Epoch: [1/2] Iters:[2610/20018] transplant_loss 1.5612, rec_loss 0.0467, p_loss 0.2695, quant_error 0.3334, utilization 0.0236, perplexity 692.1741,
Train Epoch: [1/2] Iters:[2620/20018] transplant_loss 1.5668, rec_loss 0.0462, p_loss 0.2700, quant_error 0.3351, utilization 0.0236, perplexity 692.5255,
Train Epoch: [1/2] Iters:[2630/20018] transplant_loss 1.5700, rec_loss 0.0464, p_loss 0.2700, quant_error 0.3359, utilization 0.0236, perplexity 692.6806,
Train Epoch: [1/2] Iters:[2640/20018] transplant_loss 1.5616, rec_loss 0.0462, p_loss 0.2697, quant_error 0.3340, utilization 0.0236, perplexity 693.0054,
Train Epoch: [1/2] Iters:[2650/20018] transplant_loss 1.5704, rec_loss 0.0463, p_loss 0.2702, quant_error 0.3364, utilization 0.0236, perplexity 693.0522,
Train Epoch: [1/2] Iters:[2660/20018] transplant_loss 1.5745, rec_loss 0.0466, p_loss 0.2706, quant_error 0.3374, utilization 0.0236, perplexity 692.7181,
Train Epoch: [1/2] Iters:[2670/20018] transplant_loss 1.5771, rec_loss 0.0469, p_loss 0.2707, quant_error 0.3382, utilization 0.0236, perplexity 692.7232,
Train Epoch: [1/2] Iters:[2680/20018] transplant_loss 1.5840, rec_loss 0.0472, p_loss 0.2714, quant_error 0.3398, utilization 0.0236, perplexity 692.6887,
Train Epoch: [1/2] Iters:[2690/20018] transplant_loss 1.5856, rec_loss 0.0472, p_loss 0.2703, quant_error 0.3408, utilization 0.0236, perplexity 692.6309,
Train Epoch: [1/2] Iters:[2700/20018] transplant_loss 1.5647, rec_loss 0.0467, p_loss 0.2696, quant_error 0.3357, utilization 0.0236, perplexity 692.1882,
Train Epoch: [1/2] Iters:[2710/20018] transplant_loss 1.5611, rec_loss 0.0465, p_loss 0.2693, quant_error 0.3351, utilization 0.0236, perplexity 692.5753,
Train Epoch: [1/2] Iters:[2720/20018] transplant_loss 1.5472, rec_loss 0.0465, p_loss 0.2689, quant_error 0.3316, utilization 0.0236, perplexity 692.4668,
Train Epoch: [1/2] Iters:[2730/20018] transplant_loss 1.5461, rec_loss 0.0463, p_loss 0.2693, quant_error 0.3315, utilization 0.0236, perplexity 692.5826,
Train Epoch: [1/2] Iters:[2740/20018] transplant_loss 1.5459, rec_loss 0.0463, p_loss 0.2701, quant_error 0.3314, utilization 0.0236, perplexity 692.5898,
Train Epoch: [1/2] Iters:[2750/20018] transplant_loss 1.5748, rec_loss 0.0472, p_loss 0.2725, quant_error 0.3383, utilization 0.0236, perplexity 692.9919,
Train Epoch: [1/2] Iters:[2760/20018] transplant_loss 1.5864, rec_loss 0.0475, p_loss 0.2733, quant_error 0.3412, utilization 0.0236, perplexity 693.1872,
Train Epoch: [1/2] Iters:[2770/20018] transplant_loss 1.5819, rec_loss 0.0468, p_loss 0.2724, quant_error 0.3407, utilization 0.0236, perplexity 692.9533,
Train Epoch: [1/2] Iters:[2780/20018] transplant_loss 1.5838, rec_loss 0.0468, p_loss 0.2730, quant_error 0.3415, utilization 0.0236, perplexity 693.1114,
Train Epoch: [1/2] Iters:[2790/20018] transplant_loss 1.5741, rec_loss 0.0465, p_loss 0.2719, quant_error 0.3392, utilization 0.0236, perplexity 692.8505,
Train Epoch: [1/2] Iters:[2800/20018] transplant_loss 1.5604, rec_loss 0.0462, p_loss 0.2700, quant_error 0.3363, utilization 0.0236, perplexity 693.0092,
Train Epoch: [1/2] Iters:[2810/20018] transplant_loss 1.5528, rec_loss 0.0461, p_loss 0.2683, quant_error 0.3349, utilization 0.0236, perplexity 693.3533,
Train Epoch: [1/2] Iters:[2820/20018] transplant_loss 1.5703, rec_loss 0.0469, p_loss 0.2700, quant_error 0.3390, utilization 0.0236, perplexity 694.2441,
Train Epoch: [1/2] Iters:[2830/20018] transplant_loss 1.5690, rec_loss 0.0469, p_loss 0.2695, quant_error 0.3391, utilization 0.0236, perplexity 693.5046,
Train Epoch: [1/2] Iters:[2840/20018] transplant_loss 1.5850, rec_loss 0.0479, p_loss 0.2709, quant_error 0.3428, utilization 0.0236, perplexity 693.8697,
Train Epoch: [1/2] Iters:[2850/20018] transplant_loss 1.5761, rec_loss 0.0477, p_loss 0.2691, quant_error 0.3408, utilization 0.0236, perplexity 693.3231,
Train Epoch: [1/2] Iters:[2860/20018] transplant_loss 1.5760, rec_loss 0.0475, p_loss 0.2703, quant_error 0.3408, utilization 0.0236, perplexity 692.9035,
Train Epoch: [1/2] Iters:[2870/20018] transplant_loss 1.5771, rec_loss 0.0477, p_loss 0.2712, quant_error 0.3410, utilization 0.0236, perplexity 693.0399,
Train Epoch: [1/2] Iters:[2880/20018] transplant_loss 1.5693, rec_loss 0.0473, p_loss 0.2703, quant_error 0.3394, utilization 0.0236, perplexity 694.3448,
Train Epoch: [1/2] Iters:[2890/20018] transplant_loss 1.5568, rec_loss 0.0466, p_loss 0.2694, quant_error 0.3369, utilization 0.0236, perplexity 694.0709,
Train Epoch: [1/2] Iters:[2900/20018] transplant_loss 1.5527, rec_loss 0.0464, p_loss 0.2704, quant_error 0.3361, utilization 0.0236, perplexity 694.6944,
Train Epoch: [1/2] Iters:[2910/20018] transplant_loss 1.5523, rec_loss 0.0464, p_loss 0.2698, quant_error 0.3361, utilization 0.0236, perplexity 694.7299,
Train Epoch: [1/2] Iters:[2920/20018] transplant_loss 1.5608, rec_loss 0.0463, p_loss 0.2700, quant_error 0.3387, utilization 0.0236, perplexity 694.5632,
Train Epoch: [1/2] Iters:[2930/20018] transplant_loss 1.5674, rec_loss 0.0469, p_loss 0.2704, quant_error 0.3402, utilization 0.0236, perplexity 693.5907,
Train Epoch: [1/2] Iters:[2940/20018] transplant_loss 1.5658, rec_loss 0.0465, p_loss 0.2704, quant_error 0.3401, utilization 0.0237, perplexity 694.0499,
Train Epoch: [1/2] Iters:[2950/20018] transplant_loss 1.5708, rec_loss 0.0471, p_loss 0.2705, quant_error 0.3412, utilization 0.0236, perplexity 693.7758,
Train Epoch: [1/2] Iters:[2960/20018] transplant_loss 1.5662, rec_loss 0.0473, p_loss 0.2699, quant_error 0.3403, utilization 0.0236, perplexity 693.9692,
Train Epoch: [1/2] Iters:[2970/20018] transplant_loss 1.5361, rec_loss 0.0466, p_loss 0.2676, quant_error 0.3331, utilization 0.0237, perplexity 694.1280,
Train Epoch: [1/2] Iters:[2980/20018] transplant_loss 1.5432, rec_loss 0.0468, p_loss 0.2681, quant_error 0.3348, utilization 0.0237, perplexity 694.9693,
Train Epoch: [1/2] Iters:[2990/20018] transplant_loss 1.5504, rec_loss 0.0473, p_loss 0.2675, quant_error 0.3369, utilization 0.0237, perplexity 694.5997,
Train Epoch: [1/2] Iters:[3000/20018] transplant_loss 1.5581, rec_loss 0.0473, p_loss 0.2678, quant_error 0.3390, utilization 0.0237, perplexity 694.9988,
Train Epoch: [1/2] Iters:[3010/20018] transplant_loss 1.5647, rec_loss 0.0472, p_loss 0.2691, quant_error 0.3408, utilization 0.0237, perplexity 695.0745,
Train Epoch: [1/2] Iters:[3020/20018] transplant_loss 1.5849, rec_loss 0.0480, p_loss 0.2699, quant_error 0.3459, utilization 0.0237, perplexity 695.4098,
Train Epoch: [1/2] Iters:[3030/20018] transplant_loss 1.5791, rec_loss 0.0476, p_loss 0.2704, quant_error 0.3446, utilization 0.0237, perplexity 695.2392,
Train Epoch: [1/2] Iters:[3040/20018] transplant_loss 1.5708, rec_loss 0.0477, p_loss 0.2707, quant_error 0.3423, utilization 0.0237, perplexity 696.1882,
Train Epoch: [1/2] Iters:[3050/20018] transplant_loss 1.5789, rec_loss 0.0480, p_loss 0.2712, quant_error 0.3446, utilization 0.0237, perplexity 696.4671,
Train Epoch: [1/2] Iters:[3060/20018] transplant_loss 1.5794, rec_loss 0.0481, p_loss 0.2711, quant_error 0.3446, utilization 0.0237, perplexity 696.5577,
Train Epoch: [1/2] Iters:[3070/20018] transplant_loss 1.5705, rec_loss 0.0474, p_loss 0.2709, quant_error 0.3427, utilization 0.0237, perplexity 696.1011,
Train Epoch: [1/2] Iters:[3080/20018] transplant_loss 1.5672, rec_loss 0.0472, p_loss 0.2702, quant_error 0.3422, utilization 0.0237, perplexity 695.8935,
Train Epoch: [1/2] Iters:[3090/20018] transplant_loss 1.5852, rec_loss 0.0474, p_loss 0.2721, quant_error 0.3470, utilization 0.0237, perplexity 696.2050,
Train Epoch: [1/2] Iters:[3100/20018] transplant_loss 1.5629, rec_loss 0.0466, p_loss 0.2706, quant_error 0.3418, utilization 0.0237, perplexity 696.0054,
Train Epoch: [1/2] Iters:[3110/20018] transplant_loss 1.5485, rec_loss 0.0461, p_loss 0.2690, quant_error 0.3388, utilization 0.0237, perplexity 696.1837,
Train Epoch: [1/2] Iters:[3120/20018] transplant_loss 1.5471, rec_loss 0.0463, p_loss 0.2683, quant_error 0.3387, utilization 0.0237, perplexity 696.8319,
Train Epoch: [1/2] Iters:[3130/20018] transplant_loss 1.5292, rec_loss 0.0458, p_loss 0.2662, quant_error 0.3347, utilization 0.0237, perplexity 696.8716,
Train Epoch: [1/2] Iters:[3140/20018] transplant_loss 1.5108, rec_loss 0.0453, p_loss 0.2644, quant_error 0.3303, utilization 0.0237, perplexity 696.8135,
Train Epoch: [1/2] Iters:[3150/20018] transplant_loss 1.5291, rec_loss 0.0461, p_loss 0.2656, quant_error 0.3350, utilization 0.0237, perplexity 697.0826,
Train Epoch: [1/2] Iters:[3160/20018] transplant_loss 1.5338, rec_loss 0.0463, p_loss 0.2663, quant_error 0.3361, utilization 0.0237, perplexity 697.0682,
Train Epoch: [1/2] Iters:[3170/20018] transplant_loss 1.5327, rec_loss 0.0463, p_loss 0.2665, quant_error 0.3360, utilization 0.0237, perplexity 696.9928,
Train Epoch: [1/2] Iters:[3180/20018] transplant_loss 1.5398, rec_loss 0.0464, p_loss 0.2681, quant_error 0.3378, utilization 0.0237, perplexity 696.9880,
Train Epoch: [1/2] Iters:[3190/20018] transplant_loss 1.5533, rec_loss 0.0469, p_loss 0.2695, quant_error 0.3411, utilization 0.0237, perplexity 697.0174,
Train Epoch: [1/2] Iters:[3200/20018] transplant_loss 1.5475, rec_loss 0.0466, p_loss 0.2692, quant_error 0.3398, utilization 0.0237, perplexity 697.0589,
Train Epoch: [1/2] Iters:[3210/20018] transplant_loss 1.5622, rec_loss 0.0469, p_loss 0.2716, quant_error 0.3433, utilization 0.0237, perplexity 696.8047,
Train Epoch: [1/2] Iters:[3220/20018] transplant_loss 1.5733, rec_loss 0.0475, p_loss 0.2715, quant_error 0.3462, utilization 0.0238, perplexity 696.6537,
Train Epoch: [1/2] Iters:[3230/20018] transplant_loss 1.5582, rec_loss 0.0475, p_loss 0.2706, quant_error 0.3424, utilization 0.0238, perplexity 697.0149,
Train Epoch: [1/2] Iters:[3240/20018] transplant_loss 1.5566, rec_loss 0.0475, p_loss 0.2700, quant_error 0.3423, utilization 0.0237, perplexity 696.4431,
Train Epoch: [1/2] Iters:[3250/20018] transplant_loss 1.5309, rec_loss 0.0466, p_loss 0.2684, quant_error 0.3363, utilization 0.0238, perplexity 696.2733,
Train Epoch: [1/2] Iters:[3260/20018] transplant_loss 1.5245, rec_loss 0.0465, p_loss 0.2669, quant_error 0.3351, utilization 0.0238, perplexity 696.8743,
Train Epoch: [1/2] Iters:[3270/20018] transplant_loss 1.5130, rec_loss 0.0461, p_loss 0.2662, quant_error 0.3326, utilization 0.0238, perplexity 696.5182,
Train Epoch: [1/2] Iters:[3280/20018] transplant_loss 1.5207, rec_loss 0.0467, p_loss 0.2662, quant_error 0.3347, utilization 0.0238, perplexity 696.1772,
Train Epoch: [1/2] Iters:[3290/20018] transplant_loss 1.5072, rec_loss 0.0462, p_loss 0.2641, quant_error 0.3319, utilization 0.0238, perplexity 695.7505,
Train Epoch: [1/2] Iters:[3300/20018] transplant_loss 1.5236, rec_loss 0.0468, p_loss 0.2661, quant_error 0.3356, utilization 0.0238, perplexity 696.0309,
Train Epoch: [1/2] Iters:[3310/20018] transplant_loss 1.5146, rec_loss 0.0464, p_loss 0.2643, quant_error 0.3339, utilization 0.0238, perplexity 695.6668,
Train Epoch: [1/2] Iters:[3320/20018] transplant_loss 1.5043, rec_loss 0.0459, p_loss 0.2641, quant_error 0.3314, utilization 0.0238, perplexity 695.8676,
Train Epoch: [1/2] Iters:[3330/20018] transplant_loss 1.5118, rec_loss 0.0457, p_loss 0.2647, quant_error 0.3333, utilization 0.0238, perplexity 696.3049,
Train Epoch: [1/2] Iters:[3340/20018] transplant_loss 1.5214, rec_loss 0.0460, p_loss 0.2661, quant_error 0.3356, utilization 0.0238, perplexity 696.9617,
Train Epoch: [1/2] Iters:[3350/20018] transplant_loss 1.5158, rec_loss 0.0460, p_loss 0.2652, quant_error 0.3346, utilization 0.0238, perplexity 697.0759,
Train Epoch: [1/2] Iters:[3360/20018] transplant_loss 1.5086, rec_loss 0.0455, p_loss 0.2653, quant_error 0.3332, utilization 0.0238, perplexity 696.8999,
Train Epoch: [1/2] Iters:[3370/20018] transplant_loss 1.5212, rec_loss 0.0463, p_loss 0.2660, quant_error 0.3364, utilization 0.0238, perplexity 697.0706,
Train Epoch: [1/2] Iters:[3380/20018] transplant_loss 1.5172, rec_loss 0.0464, p_loss 0.2650, quant_error 0.3359, utilization 0.0238, perplexity 697.3190,
Train Epoch: [1/2] Iters:[3390/20018] transplant_loss 1.4938, rec_loss 0.0458, p_loss 0.2644, quant_error 0.3303, utilization 0.0238, perplexity 697.7307,
Train Epoch: [1/2] Iters:[3400/20018] transplant_loss 1.4978, rec_loss 0.0456, p_loss 0.2646, quant_error 0.3316, utilization 0.0238, perplexity 697.6195,
Train Epoch: [1/2] Iters:[3410/20018] transplant_loss 1.5084, rec_loss 0.0461, p_loss 0.2653, quant_error 0.3341, utilization 0.0238, perplexity 698.4130,
Train Epoch: [1/2] Iters:[3420/20018] transplant_loss 1.5085, rec_loss 0.0460, p_loss 0.2662, quant_error 0.3340, utilization 0.0238, perplexity 698.8510,
Train Epoch: [1/2] Iters:[3430/20018] transplant_loss 1.5144, rec_loss 0.0461, p_loss 0.2658, quant_error 0.3356, utilization 0.0238, perplexity 698.9312,
Train Epoch: [1/2] Iters:[3440/20018] transplant_loss 1.5319, rec_loss 0.0469, p_loss 0.2668, quant_error 0.3399, utilization 0.0239, perplexity 699.2479,
Train Epoch: [1/2] Iters:[3450/20018] transplant_loss 1.5441, rec_loss 0.0473, p_loss 0.2675, quant_error 0.3431, utilization 0.0239, perplexity 699.8831,
Train Epoch: [1/2] Iters:[3460/20018] transplant_loss 1.5307, rec_loss 0.0470, p_loss 0.2668, quant_error 0.3398, utilization 0.0239, perplexity 698.9450,
Train Epoch: [1/2] Iters:[3470/20018] transplant_loss 1.5375, rec_loss 0.0477, p_loss 0.2663, quant_error 0.3418, utilization 0.0239, perplexity 698.8947,
Train Epoch: [1/2] Iters:[3480/20018] transplant_loss 1.5319, rec_loss 0.0474, p_loss 0.2672, quant_error 0.3405, utilization 0.0239, perplexity 699.2675,
Train Epoch: [1/2] Iters:[3490/20018] transplant_loss 1.5220, rec_loss 0.0471, p_loss 0.2669, quant_error 0.3383, utilization 0.0239, perplexity 699.6753,
Train Epoch: [1/2] Iters:[3500/20018] transplant_loss 1.5052, rec_loss 0.0466, p_loss 0.2653, quant_error 0.3345, utilization 0.0239, perplexity 699.5842,
Train Epoch: [1/2] Iters:[3510/20018] transplant_loss 1.5177, rec_loss 0.0471, p_loss 0.2664, quant_error 0.3376, utilization 0.0239, perplexity 700.2751,
Train Epoch: [1/2] Iters:[3520/20018] transplant_loss 1.5028, rec_loss 0.0462, p_loss 0.2664, quant_error 0.3341, utilization 0.0239, perplexity 700.7161,
Train Epoch: [1/2] Iters:[3530/20018] transplant_loss 1.5027, rec_loss 0.0464, p_loss 0.2661, quant_error 0.3342, utilization 0.0239, perplexity 700.7911,
Train Epoch: [1/2] Iters:[3540/20018] transplant_loss 1.5084, rec_loss 0.0466, p_loss 0.2657, quant_error 0.3356, utilization 0.0239, perplexity 700.4446,
Train Epoch: [1/2] Iters:[3550/20018] transplant_loss 1.5030, rec_loss 0.0466, p_loss 0.2656, quant_error 0.3343, utilization 0.0239, perplexity 700.5983,
Train Epoch: [1/2] Iters:[3560/20018] transplant_loss 1.5005, rec_loss 0.0462, p_loss 0.2652, quant_error 0.3340, utilization 0.0239, perplexity 701.2157,
Train Epoch: [1/2] Iters:[3570/20018] transplant_loss 1.5030, rec_loss 0.0462, p_loss 0.2654, quant_error 0.3348, utilization 0.0239, perplexity 701.2604,
Train Epoch: [1/2] Iters:[3580/20018] transplant_loss 1.5128, rec_loss 0.0468, p_loss 0.2671, quant_error 0.3368, utilization 0.0239, perplexity 700.8650,
Train Epoch: [1/2] Iters:[3590/20018] transplant_loss 1.5075, rec_loss 0.0464, p_loss 0.2673, quant_error 0.3357, utilization 0.0239, perplexity 701.1874,
Train Epoch: [1/2] Iters:[3600/20018] transplant_loss 1.5020, rec_loss 0.0464, p_loss 0.2674, quant_error 0.3341, utilization 0.0239, perplexity 701.1869,
Train Epoch: [1/2] Iters:[3610/20018] transplant_loss 1.5003, rec_loss 0.0464, p_loss 0.2672, quant_error 0.3338, utilization 0.0239, perplexity 701.4147,
Train Epoch: [1/2] Iters:[3620/20018] transplant_loss 1.4961, rec_loss 0.0462, p_loss 0.2667, quant_error 0.3330, utilization 0.0239, perplexity 701.4849,
Train Epoch: [1/2] Iters:[3630/20018] transplant_loss 1.4766, rec_loss 0.0452, p_loss 0.2639, quant_error 0.3291, utilization 0.0240, perplexity 701.8894,
Train Epoch: [1/2] Iters:[3640/20018] transplant_loss 1.4842, rec_loss 0.0455, p_loss 0.2645, quant_error 0.3311, utilization 0.0240, perplexity 701.3813,
Train Epoch: [1/2] Iters:[3650/20018] transplant_loss 1.4884, rec_loss 0.0455, p_loss 0.2654, quant_error 0.3323, utilization 0.0240, perplexity 701.2126,
Train Epoch: [1/2] Iters:[3660/20018] transplant_loss 1.4873, rec_loss 0.0456, p_loss 0.2658, quant_error 0.3319, utilization 0.0240, perplexity 700.7929,
Train Epoch: [1/2] Iters:[3670/20018] transplant_loss 1.4955, rec_loss 0.0459, p_loss 0.2668, quant_error 0.3340, utilization 0.0240, perplexity 701.3682,
Train Epoch: [1/2] Iters:[3680/20018] transplant_loss 1.5135, rec_loss 0.0464, p_loss 0.2690, quant_error 0.3382, utilization 0.0240, perplexity 701.7488,
Train Epoch: [1/2] Iters:[3690/20018] transplant_loss 1.5225, rec_loss 0.0466, p_loss 0.2696, quant_error 0.3406, utilization 0.0240, perplexity 701.8913,
Train Epoch: [1/2] Iters:[3700/20018] transplant_loss 1.5240, rec_loss 0.0467, p_loss 0.2690, quant_error 0.3414, utilization 0.0240, perplexity 702.1962,
Train Epoch: [1/2] Iters:[3710/20018] transplant_loss 1.5095, rec_loss 0.0459, p_loss 0.2675, quant_error 0.3383, utilization 0.0240, perplexity 702.2413,
Train Epoch: [1/2] Iters:[3720/20018] transplant_loss 1.5035, rec_loss 0.0460, p_loss 0.2670, quant_error 0.3368, utilization 0.0240, perplexity 701.5379,
Train Epoch: [1/2] Iters:[3730/20018] transplant_loss 1.4805, rec_loss 0.0454, p_loss 0.2649, quant_error 0.3314, utilization 0.0240, perplexity 701.5145,
Train Epoch: [1/2] Iters:[3740/20018] transplant_loss 1.4689, rec_loss 0.0448, p_loss 0.2634, quant_error 0.3289, utilization 0.0240, perplexity 701.3809,
Train Epoch: [1/2] Iters:[3750/20018] transplant_loss 1.4748, rec_loss 0.0450, p_loss 0.2639, quant_error 0.3304, utilization 0.0240, perplexity 702.1154,
Train Epoch: [1/2] Iters:[3760/20018] transplant_loss 1.4849, rec_loss 0.0454, p_loss 0.2643, quant_error 0.3331, utilization 0.0240, perplexity 702.4278,
Train Epoch: [1/2] Iters:[3770/20018] transplant_loss 1.4818, rec_loss 0.0449, p_loss 0.2635, quant_error 0.3328, utilization 0.0240, perplexity 702.6777,
Train Epoch: [1/2] Iters:[3780/20018] transplant_loss 1.4874, rec_loss 0.0453, p_loss 0.2646, quant_error 0.3340, utilization 0.0240, perplexity 702.9557,
Train Epoch: [1/2] Iters:[3790/20018] transplant_loss 1.4937, rec_loss 0.0460, p_loss 0.2647, quant_error 0.3356, utilization 0.0240, perplexity 703.2223,
Train Epoch: [1/2] Iters:[3800/20018] transplant_loss 1.4932, rec_loss 0.0459, p_loss 0.2643, quant_error 0.3357, utilization 0.0240, perplexity 702.8124,
Train Epoch: [1/2] Iters:[3810/20018] transplant_loss 1.4891, rec_loss 0.0459, p_loss 0.2645, quant_error 0.3347, utilization 0.0240, perplexity 702.3267,
Train Epoch: [1/2] Iters:[3820/20018] transplant_loss 1.5051, rec_loss 0.0466, p_loss 0.2660, quant_error 0.3385, utilization 0.0240, perplexity 702.8311,
