dataset_dir: /datasets/
dataset_name: ImageNet
global_batch_size: 64
workers: 6
resolution: 256
channels: 3
ms_patch_size: 1_2_3_4_5_6_8_10_13_16
importance: (1, 1, 1, 2, 2, 2, 3, 3, 5, 5)
max_patch_size: 16
codebook_size: 256
codebook_dim: 8
project_dim: 16
pq: 2
L: 4
alpha: 1.0
beta: 1.0
gamma: 0.0
disc_weight: 0.3
lecam_loss_weight: 0.001
disc_cr_loss_weight: 4.0
VQ: vanilla_vq
use_multiscale: False
transplant_epochs: 2
refinement_epochs: 5
eval_epochs: 1
disc_epoch: 1
lr_transplant: 0.0001
lr_refinement: 1e-05
dropout: 0.0
seed: 3407
weight_decay: 1e-05
stage: transplant
path: vector
checkpoint_dir: /project/6105494/sunset/VQ-Projects/VQ-Transplant2/checkpoint/Transplant/ImageNet
results_dir: /project/6105494/sunset/VQ-Projects/VQ-Transplant2/results/Transplant/ImageNet
saver_dir: /project/6105494/sunset/VQ-Projects/VQ-Transplant2/saver/Transplant/ImageNet
reconstruction_dir: /project/6105494/sunset/VQ-Projects/VQ-Transplant2/reconstruction/Transplant/ImageNet
yaml_dir: /project/6105494/sunset/VQ-Projects/VQ-Transplant2/yaml/Transplant/ImageNet
pretrained_tokenizer: /project/6105494/sunset/VQ-Projects/VQ-Transplant2/pretrained_tokenizer/vae_ch160v4096z32.pth
checkpoint_name: 
nnodes: -1
node_rank: -1
local_rank: 0
dist_url: tcp://224.66.41.62:23456
dist_backend: nccl
world_size: 2
batch_size: 32
ms_token_size: (1, 2, 3, 4, 5, 6, 8, 10, 13, 16)
init_checkpoint_dir: /project/6105494/sunset/VQ-Projects/VQ-Transplant2/checkpoint/
data_pre: ImageNet
model_pre: model_256_8_2
loss_pre: loss_1.0_1.0_0.0_0.3
training_pre: vanilla_vq_transplant_False
saver_name_pre: vanilla_vq_transplant_False_ImageNet_model_256_8_2_loss_1.0_1.0_0.0_0.3
| distributed init (rank 0): env://
| distributed init (rank 1): env://
loaded pretrained LPIPS loss from /project/6105494/sunset/VQ-Projects/VQ-Transplant2/code/models/cache/vgg.pth
VQ Model Parameters: 108761795
dataset name: ImageNet
len train_set: 1281167
len val_set: 50000
Start training...
epoch:1, cur_lr:0.000100
Train Epoch: [1/2] Iters:[10/20018] transplant_loss 7.9866, rec_loss 0.5124, p_loss 0.7677, quant_error 1.1791, utilization 0.0439, perplexity 992.6680,
Train Epoch: [1/2] Iters:[20/20018] transplant_loss 7.7291, rec_loss 0.4243, p_loss 0.7473, quant_error 1.0169, utilization 0.0448, perplexity 803.2672,
Train Epoch: [1/2] Iters:[30/20018] transplant_loss 12.6369, rec_loss 0.3815, p_loss 0.7381, quant_error 0.9191, utilization 0.0409, perplexity 572.0488,
Train Epoch: [1/2] Iters:[40/20018] transplant_loss 26.5829, rec_loss 0.3563, p_loss 0.7350, quant_error 0.8589, utilization 0.0350, perplexity 432.3890,
Train Epoch: [1/2] Iters:[50/20018] transplant_loss 51.9387, rec_loss 0.3285, p_loss 0.7322, quant_error 0.8234, utilization 0.0303, perplexity 347.1656,
Train Epoch: [1/2] Iters:[60/20018] transplant_loss 88.8726, rec_loss 0.2635, p_loss 0.7163, quant_error 0.7175, utilization 0.0235, perplexity 149.6184,
Train Epoch: [1/2] Iters:[70/20018] transplant_loss 114.4380, rec_loss 0.2328, p_loss 0.7056, quant_error 0.6708, utilization 0.0165, perplexity 27.9640,
Train Epoch: [1/2] Iters:[80/20018] transplant_loss 127.0011, rec_loss 0.2112, p_loss 0.6966, quant_error 0.6548, utilization 0.0125, perplexity 7.4210,
Train Epoch: [1/2] Iters:[90/20018] transplant_loss 130.4492, rec_loss 0.1924, p_loss 0.6866, quant_error 0.6481, utilization 0.0114, perplexity 6.2345,
Train Epoch: [1/2] Iters:[100/20018] transplant_loss 123.5149, rec_loss 0.1845, p_loss 0.6763, quant_error 0.6396, utilization 0.0111, perplexity 6.3262,
Train Epoch: [1/2] Iters:[110/20018] transplant_loss 111.1734, rec_loss 0.1825, p_loss 0.6744, quant_error 0.6448, utilization 0.0111, perplexity 6.6762,
Train Epoch: [1/2] Iters:[120/20018] transplant_loss 113.7275, rec_loss 0.1811, p_loss 0.6754, quant_error 0.6471, utilization 0.0106, perplexity 7.0624,
Train Epoch: [1/2] Iters:[130/20018] transplant_loss 127.4850, rec_loss 0.1766, p_loss 0.6759, quant_error 0.6514, utilization 0.0097, perplexity 7.5483,
Train Epoch: [1/2] Iters:[140/20018] transplant_loss 141.8907, rec_loss 0.1698, p_loss 0.6770, quant_error 0.6402, utilization 0.0089, perplexity 8.4968,
Train Epoch: [1/2] Iters:[150/20018] transplant_loss 147.4479, rec_loss 0.1643, p_loss 0.6784, quant_error 0.6402, utilization 0.0084, perplexity 10.5789,
Train Epoch: [1/2] Iters:[160/20018] transplant_loss 147.7715, rec_loss 0.1586, p_loss 0.6752, quant_error 0.6304, utilization 0.0081, perplexity 12.9525,
Train Epoch: [1/2] Iters:[170/20018] transplant_loss 141.5357, rec_loss 0.1507, p_loss 0.6710, quant_error 0.6244, utilization 0.0079, perplexity 15.9987,
Train Epoch: [1/2] Iters:[180/20018] transplant_loss 129.0126, rec_loss 0.1452, p_loss 0.6681, quant_error 0.6133, utilization 0.0078, perplexity 19.6481,
Train Epoch: [1/2] Iters:[190/20018] transplant_loss 116.0238, rec_loss 0.1400, p_loss 0.6619, quant_error 0.6172, utilization 0.0078, perplexity 23.3297,
Train Epoch: [1/2] Iters:[200/20018] transplant_loss 104.3674, rec_loss 0.1359, p_loss 0.6559, quant_error 0.6132, utilization 0.0077, perplexity 26.9617,
Train Epoch: [1/2] Iters:[210/20018] transplant_loss 98.5965, rec_loss 0.1308, p_loss 0.6530, quant_error 0.6063, utilization 0.0076, perplexity 30.3123,
Train Epoch: [1/2] Iters:[220/20018] transplant_loss 89.7221, rec_loss 0.1273, p_loss 0.6568, quant_error 0.6114, utilization 0.0076, perplexity 33.3655,
Train Epoch: [1/2] Iters:[230/20018] transplant_loss 80.0154, rec_loss 0.1227, p_loss 0.6525, quant_error 0.6159, utilization 0.0077, perplexity 37.4283,
Train Epoch: [1/2] Iters:[240/20018] transplant_loss 68.2431, rec_loss 0.1224, p_loss 0.6584, quant_error 0.6210, utilization 0.0079, perplexity 41.2206,
Train Epoch: [1/2] Iters:[250/20018] transplant_loss 57.1272, rec_loss 0.1203, p_loss 0.6588, quant_error 0.6193, utilization 0.0083, perplexity 45.0114,
Train Epoch: [1/2] Iters:[260/20018] transplant_loss 42.8709, rec_loss 0.1177, p_loss 0.6585, quant_error 0.6154, utilization 0.0087, perplexity 48.7378,
Train Epoch: [1/2] Iters:[270/20018] transplant_loss 35.1859, rec_loss 0.1161, p_loss 0.6497, quant_error 0.6086, utilization 0.0090, perplexity 52.4531,
Train Epoch: [1/2] Iters:[280/20018] transplant_loss 33.5516, rec_loss 0.1147, p_loss 0.6493, quant_error 0.5992, utilization 0.0093, perplexity 55.0001,
Train Epoch: [1/2] Iters:[290/20018] transplant_loss 32.2891, rec_loss 0.1112, p_loss 0.6424, quant_error 0.5940, utilization 0.0096, perplexity 59.4881,
Train Epoch: [1/2] Iters:[300/20018] transplant_loss 30.0571, rec_loss 0.1092, p_loss 0.6376, quant_error 0.5974, utilization 0.0099, perplexity 66.0570,
Train Epoch: [1/2] Iters:[310/20018] transplant_loss 27.3614, rec_loss 0.1067, p_loss 0.6316, quant_error 0.5986, utilization 0.0103, perplexity 75.7283,
Train Epoch: [1/2] Iters:[320/20018] transplant_loss 23.8674, rec_loss 0.1053, p_loss 0.6284, quant_error 0.6010, utilization 0.0108, perplexity 85.4906,
Train Epoch: [1/2] Iters:[330/20018] transplant_loss 20.4202, rec_loss 0.1041, p_loss 0.6237, quant_error 0.6050, utilization 0.0113, perplexity 95.1544,
Train Epoch: [1/2] Iters:[340/20018] transplant_loss 18.5080, rec_loss 0.1023, p_loss 0.6163, quant_error 0.5971, utilization 0.0117, perplexity 102.9865,
