#################transplant-stage###########################
/projects/yuanai/projects/VQ-Transplant3/reconstruction/Transplant/CelebAHQ/mmd_vq_transplant_16384_False
compute FID between two folders
Found 30000 images in the folder /projects/yuanai/projects/VQ-Transplant3/reconstruction/Transplant/CelebAHQ/mmd_vq_transplant_16384_False
Found 30000 images in the folder /projects/yuanai/projects/VQ-Transplant3/reconstruction/CelebAHQ
FID: 2.9632116410126343
/projects/yuanai/projects/VQ-Transplant3/reconstruction/Transplant/CelebAHQ/wasserstein_vq_transplant_16384_False
compute FID between two folders
Found 30000 images in the folder /projects/yuanai/projects/VQ-Transplant3/reconstruction/Transplant/CelebAHQ/wasserstein_vq_transplant_16384_False
Found 30000 images in the folder /projects/yuanai/projects/VQ-Transplant3/reconstruction/CelebAHQ
FID: 3.3001169280365446
#################Refinement-stage###########################
/projects/yuanai/projects/VQ-Transplant3/reconstruction/Refinement/CelebAHQ/mmd_vq_refinement_16384_False
compute FID between two folders
Found 30000 images in the folder /projects/yuanai/projects/VQ-Transplant3/reconstruction/Refinement/CelebAHQ/mmd_vq_refinement_16384_False
Found 30000 images in the folder /projects/yuanai/projects/VQ-Transplant3/reconstruction/CelebAHQ
FID: 2.600531350164772
/projects/yuanai/projects/VQ-Transplant3/reconstruction/Refinement/CelebAHQ/wasserstein_vq_refinement_16384_False
compute FID between two folders
Found 30000 images in the folder /projects/yuanai/projects/VQ-Transplant3/reconstruction/Refinement/CelebAHQ/wasserstein_vq_refinement_16384_False
Found 30000 images in the folder /projects/yuanai/projects/VQ-Transplant3/reconstruction/CelebAHQ
FID: 3.020041330818219
