warming up TensorFlow...
computing reference batch activations...
computing/reading reference batch statistics...
computing sample batch activations...
computing/reading sample batch statistics...
Computing evaluations...
Inception Score: 177.29287719726562
FID: 1.6854598125576672
writing to /projects/yuanai/projects/VQ-Transplant3/reconstruction/Refinement/ImageNet/online_vq_refinement_16384_False_1.txt
warming up TensorFlow...
computing reference batch activations...
computing/reading reference batch statistics...
computing sample batch activations...
computing/reading sample batch statistics...
Computing evaluations...
Inception Score: 177.339111328125
FID: 1.6955839088072935
writing to /projects/yuanai/projects/VQ-Transplant3/reconstruction/Refinement/ImageNet/online_vq_refinement_16384_False_2.txt
warming up TensorFlow...
computing reference batch activations...
computing/reading reference batch statistics...
computing sample batch activations...
computing/reading sample batch statistics...
Computing evaluations...
Inception Score: 179.07705688476562
FID: 1.5721523946161255
writing to /projects/yuanai/projects/VQ-Transplant3/reconstruction/Refinement/ImageNet/online_vq_refinement_16384_False_3.txt
warming up TensorFlow...
computing reference batch activations...
computing/reading reference batch statistics...
computing sample batch activations...
computing/reading sample batch statistics...
Computing evaluations...
Inception Score: 179.25692749023438
FID: 1.5076435960597223
writing to /projects/yuanai/projects/VQ-Transplant3/reconstruction/Refinement/ImageNet/online_vq_refinement_16384_False_4.txt
warming up TensorFlow...
computing reference batch activations...
computing/reading reference batch statistics...
computing sample batch activations...
computing/reading sample batch statistics...
Computing evaluations...
Inception Score: 178.88710021972656
FID: 1.4894582219141057
writing to /projects/yuanai/projects/VQ-Transplant3/reconstruction/Refinement/ImageNet/online_vq_refinement_16384_False_5.txt
warming up TensorFlow...
computing reference batch activations...
computing/reading reference batch statistics...
computing sample batch activations...
computing/reading sample batch statistics...
Computing evaluations...
Inception Score: 180.3325653076172
FID: 1.6066329054788184
writing to /projects/yuanai/projects/VQ-Transplant3/reconstruction/Refinement/ImageNet/online_vq_refinement_32768_False_1.txt
warming up TensorFlow...
computing reference batch activations...
computing/reading reference batch statistics...
computing sample batch activations...
computing/reading sample batch statistics...
Computing evaluations...
Inception Score: 180.72763061523438
FID: 1.540304061928225
writing to /projects/yuanai/projects/VQ-Transplant3/reconstruction/Refinement/ImageNet/online_vq_refinement_32768_False_2.txt
warming up TensorFlow...
computing reference batch activations...
computing/reading reference batch statistics...
computing sample batch activations...
computing/reading sample batch statistics...
Computing evaluations...
Inception Score: 181.6674346923828
FID: 1.4894656190914475
writing to /projects/yuanai/projects/VQ-Transplant3/reconstruction/Refinement/ImageNet/online_vq_refinement_32768_False_3.txt
warming up TensorFlow...
computing reference batch activations...
computing/reading reference batch statistics...
computing sample batch activations...
computing/reading sample batch statistics...
Computing evaluations...
Inception Score: 182.06629943847656
FID: 1.4465890074945378
writing to /projects/yuanai/projects/VQ-Transplant3/reconstruction/Refinement/ImageNet/online_vq_refinement_32768_False_4.txt
warming up TensorFlow...
computing reference batch activations...
computing/reading reference batch statistics...
computing sample batch activations...
computing/reading sample batch statistics...
Computing evaluations...
Inception Score: 181.26487731933594
FID: 1.4003368138598375
writing to /projects/yuanai/projects/VQ-Transplant3/reconstruction/Refinement/ImageNet/online_vq_refinement_32768_False_5.txt
warming up TensorFlow...
computing reference batch activations...
computing/reading reference batch statistics...
computing sample batch activations...
computing/reading sample batch statistics...
Computing evaluations...
Inception Score: 178.9091033935547
FID: 1.6424456342313078
writing to /projects/yuanai/projects/VQ-Transplant3/reconstruction/Refinement/ImageNet/online_vq_refinement_65536_False_1.txt
warming up TensorFlow...
computing reference batch activations...
computing/reading reference batch statistics...
computing sample batch activations...
computing/reading sample batch statistics...
Computing evaluations...
Inception Score: 180.62159729003906
FID: 1.568874595194245
writing to /projects/yuanai/projects/VQ-Transplant3/reconstruction/Refinement/ImageNet/online_vq_refinement_65536_False_2.txt
warming up TensorFlow...
computing reference batch activations...
computing/reading reference batch statistics...
computing sample batch activations...
computing/reading sample batch statistics...
Computing evaluations...
Inception Score: 181.35806274414062
FID: 1.5200926914860702
writing to /projects/yuanai/projects/VQ-Transplant3/reconstruction/Refinement/ImageNet/online_vq_refinement_65536_False_3.txt
warming up TensorFlow...
computing reference batch activations...
computing/reading reference batch statistics...
computing sample batch activations...
computing/reading sample batch statistics...
Computing evaluations...
Inception Score: 182.99380493164062
FID: 1.3842066094681513
writing to /projects/yuanai/projects/VQ-Transplant3/reconstruction/Refinement/ImageNet/online_vq_refinement_65536_False_4.txt
warming up TensorFlow...
computing reference batch activations...
computing/reading reference batch statistics...
computing sample batch activations...
computing/reading sample batch statistics...
Computing evaluations...
Inception Score: 181.8600311279297
FID: 1.4486781370823678
writing to /projects/yuanai/projects/VQ-Transplant3/reconstruction/Refinement/ImageNet/online_vq_refinement_65536_False_5.txt
