downloading InceptionV3 model...
warming up TensorFlow...
computing reference batch activations...
computing/reading reference batch statistics...
computing sample batch activations...
computing/reading sample batch statistics...
Computing evaluations...
Inception Score: 177.22250366210938
FID: 3.145427715269534
writing to /projects/yuanai/projects/VQ-Transplant2/reconstruction/Transplant/ImageNet/ema_vq_transplant_16384_False.txt
warming up TensorFlow...
computing reference batch activations...
computing/reading reference batch statistics...
computing sample batch activations...
computing/reading sample batch statistics...
Computing evaluations...
Inception Score: 182.0395050048828
FID: 2.643349031767741
writing to /projects/yuanai/projects/VQ-Transplant2/reconstruction/Transplant/ImageNet/ema_vq_transplant_32768_False.txt
warming up TensorFlow...
computing reference batch activations...
computing/reading reference batch statistics...
computing sample batch activations...
computing/reading sample batch statistics...
Computing evaluations...
Inception Score: 182.59286499023438
FID: 2.6983233040373875
writing to /projects/yuanai/projects/VQ-Transplant2/reconstruction/Transplant/ImageNet/ema_vq_transplant_65536_False.txt
warming up TensorFlow...
computing reference batch activations...
computing/reading reference batch statistics...
computing sample batch activations...
computing/reading sample batch statistics...
Computing evaluations...
Inception Score: 178.20022583007812
FID: 3.2249042044090857
writing to /projects/yuanai/projects/VQ-Transplant2/reconstruction/Transplant/ImageNet/mmd_vq_transplant_16384_False.txt
warming up TensorFlow...
computing reference batch activations...
computing/reading reference batch statistics...
computing sample batch activations...
computing/reading sample batch statistics...
Computing evaluations...
Inception Score: 183.51234436035156
FID: 2.710709911879235
writing to /projects/yuanai/projects/VQ-Transplant2/reconstruction/Transplant/ImageNet/mmd_vq_transplant_32768_False.txt
warming up TensorFlow...
computing reference batch activations...
computing/reading reference batch statistics...
computing sample batch activations...
computing/reading sample batch statistics...
Computing evaluations...
Inception Score: 188.3660125732422
FID: 2.31786479922539
writing to /projects/yuanai/projects/VQ-Transplant2/reconstruction/Transplant/ImageNet/mmd_vq_transplant_65536_False.txt
warming up TensorFlow...
computing reference batch activations...
computing/reading reference batch statistics...
computing sample batch activations...
computing/reading sample batch statistics...
Computing evaluations...
Inception Score: 136.59486389160156
FID: 8.776376071077607
writing to /projects/yuanai/projects/VQ-Transplant2/reconstruction/Transplant/ImageNet/online_vq_transplant_16384_False.txt
warming up TensorFlow...
computing reference batch activations...
computing/reading reference batch statistics...
computing sample batch activations...
computing/reading sample batch statistics...
Computing evaluations...
Inception Score: 145.78860473632812
FID: 7.3894680101922745
writing to /projects/yuanai/projects/VQ-Transplant2/reconstruction/Transplant/ImageNet/online_vq_transplant_32768_False.txt
warming up TensorFlow...
computing reference batch activations...
computing/reading reference batch statistics...
computing sample batch activations...
computing/reading sample batch statistics...
Computing evaluations...
Inception Score: 147.4873504638672
FID: 6.697461493900448
writing to /projects/yuanai/projects/VQ-Transplant2/reconstruction/Transplant/ImageNet/online_vq_transplant_65536_False.txt
warming up TensorFlow...
computing reference batch activations...
computing/reading reference batch statistics...
computing sample batch activations...
computing/reading sample batch statistics...
Computing evaluations...
Inception Score: 82.90367126464844
FID: 20.952208256683093
writing to /projects/yuanai/projects/VQ-Transplant2/reconstruction/Transplant/ImageNet/vanilla_vq_transplant_16384_False.txt
warming up TensorFlow...
computing reference batch activations...
computing/reading reference batch statistics...
computing sample batch activations...
computing/reading sample batch statistics...
Computing evaluations...
Inception Score: 83.92448425292969
FID: 21.121142010826247
writing to /projects/yuanai/projects/VQ-Transplant2/reconstruction/Transplant/ImageNet/vanilla_vq_transplant_32768_False.txt
warming up TensorFlow...
computing reference batch activations...
computing/reading reference batch statistics...
computing sample batch activations...
computing/reading sample batch statistics...
Computing evaluations...
Inception Score: 80.91712951660156
FID: 21.49844046951108
writing to /projects/yuanai/projects/VQ-Transplant2/reconstruction/Transplant/ImageNet/vanilla_vq_transplant_65536_False.txt
warming up TensorFlow...
computing reference batch activations...
computing/reading reference batch statistics...
computing sample batch activations...
computing/reading sample batch statistics...
Computing evaluations...
Inception Score: 178.7341766357422
FID: 3.283240994254413
writing to /projects/yuanai/projects/VQ-Transplant2/reconstruction/Transplant/ImageNet/wasserstein_vq_transplant_16384_False.txt
warming up TensorFlow...
computing reference batch activations...
computing/reading reference batch statistics...
computing sample batch activations...
computing/reading sample batch statistics...
Computing evaluations...
Inception Score: 186.14877319335938
FID: 2.625787907634958
writing to /projects/yuanai/projects/VQ-Transplant2/reconstruction/Transplant/ImageNet/wasserstein_vq_transplant_32768_False.txt
warming up TensorFlow...
computing reference batch activations...
computing/reading reference batch statistics...
computing sample batch activations...
computing/reading sample batch statistics...
Computing evaluations...
Inception Score: 188.3203582763672
FID: 2.240273122038502
writing to /projects/yuanai/projects/VQ-Transplant2/reconstruction/Transplant/ImageNet/wasserstein_vq_transplant_65536_False.txt
