warming up TensorFlow...
computing reference batch activations...
computing/reading reference batch statistics...
computing sample batch activations...
computing/reading sample batch statistics...
Computing evaluations...
Inception Score: 194.9134521484375
FID: 0.9870697887342317
writing to /projects/yuanai/projects/VQ-Transplant3/reconstruction/Refinement/ImageNet/mmd_vq_refinement_65536_False_1.txt
warming up TensorFlow...
computing reference batch activations...
computing/reading reference batch statistics...
computing sample batch activations...
computing/reading sample batch statistics...
Computing evaluations...
Inception Score: 194.84957885742188
FID: 0.9924841527202943
writing to /projects/yuanai/projects/VQ-Transplant3/reconstruction/Refinement/ImageNet/mmd_vq_refinement_65536_False_2.txt
warming up TensorFlow...
computing reference batch activations...
computing/reading reference batch statistics...
computing sample batch activations...
computing/reading sample batch statistics...
Computing evaluations...
Inception Score: 195.63284301757812
FID: 0.9427222398238655
writing to /projects/yuanai/projects/VQ-Transplant3/reconstruction/Refinement/ImageNet/mmd_vq_refinement_65536_False_3.txt
warming up TensorFlow...
computing reference batch activations...
computing/reading reference batch statistics...
computing sample batch activations...
computing/reading sample batch statistics...
Computing evaluations...
Inception Score: 197.14154052734375
FID: 0.8638476787606351
writing to /projects/yuanai/projects/VQ-Transplant3/reconstruction/Refinement/ImageNet/mmd_vq_refinement_65536_False_4.txt
warming up TensorFlow...
computing reference batch activations...
computing/reading reference batch statistics...
computing sample batch activations...
computing/reading sample batch statistics...
Computing evaluations...
Inception Score: 195.79971313476562
FID: 0.9011349278756597
writing to /projects/yuanai/projects/VQ-Transplant3/reconstruction/Refinement/ImageNet/mmd_vq_refinement_65536_False_5.txt
