warming up TensorFlow...
computing reference batch activations...
computing/reading reference batch statistics...
computing sample batch activations...
computing/reading sample batch statistics...
Computing evaluations...
Inception Score: 193.28109741210938
FID: 1.087213212409722
writing to /projects/yuanai/projects/VQ-Transplant3/reconstruction/Refinement/ImageNet/wasserstein_vq_refinement_65536_False_1.txt
warming up TensorFlow...
computing reference batch activations...
computing/reading reference batch statistics...
computing sample batch activations...
computing/reading sample batch statistics...
Computing evaluations...
Inception Score: 193.40089416503906
FID: 1.0153132507583678
writing to /projects/yuanai/projects/VQ-Transplant3/reconstruction/Refinement/ImageNet/wasserstein_vq_refinement_65536_False_2.txt
warming up TensorFlow...
computing reference batch activations...
computing/reading reference batch statistics...
computing sample batch activations...
computing/reading sample batch statistics...
Computing evaluations...
Inception Score: 195.25900268554688
FID: 0.9353733875901185
writing to /projects/yuanai/projects/VQ-Transplant3/reconstruction/Refinement/ImageNet/wasserstein_vq_refinement_65536_False_3.txt
warming up TensorFlow...
computing reference batch activations...
computing/reading reference batch statistics...
computing sample batch activations...
computing/reading sample batch statistics...
Computing evaluations...
Inception Score: 195.52896118164062
FID: 0.9241421548638868
writing to /projects/yuanai/projects/VQ-Transplant3/reconstruction/Refinement/ImageNet/wasserstein_vq_refinement_65536_False_4.txt
warming up TensorFlow...
computing reference batch activations...
computing/reading reference batch statistics...
computing sample batch activations...
computing/reading sample batch statistics...
Computing evaluations...
Inception Score: 195.03298950195312
FID: 0.9306496251234648
writing to /projects/yuanai/projects/VQ-Transplant3/reconstruction/Refinement/ImageNet/wasserstein_vq_refinement_65536_False_5.txt
