warming up TensorFlow...
computing reference batch activations...
computing/reading reference batch statistics...
computing sample batch activations...
computing/reading sample batch statistics...
Computing evaluations...
Inception Score: 189.4351043701172
FID: 1.2018498932520174
writing to /projects/yuanai/projects/VQ-Transplant3/reconstruction/Refinement/ImageNet/ema_vq_refinement_16384_False_1.txt
warming up TensorFlow...
computing reference batch activations...
computing/reading reference batch statistics...
computing sample batch activations...
computing/reading sample batch statistics...
Computing evaluations...
Inception Score: 188.89840698242188
FID: 1.212030617169944
writing to /projects/yuanai/projects/VQ-Transplant3/reconstruction/Refinement/ImageNet/ema_vq_refinement_16384_False_2.txt
warming up TensorFlow...
computing reference batch activations...
computing/reading reference batch statistics...
computing sample batch activations...
computing/reading sample batch statistics...
Computing evaluations...
Inception Score: 189.9864959716797
FID: 1.1317366146181485
writing to /projects/yuanai/projects/VQ-Transplant3/reconstruction/Refinement/ImageNet/ema_vq_refinement_16384_False_3.txt
warming up TensorFlow...
computing reference batch activations...
computing/reading reference batch statistics...
computing sample batch activations...
computing/reading sample batch statistics...
Computing evaluations...
Inception Score: 189.7001495361328
FID: 1.113333305127071
writing to /projects/yuanai/projects/VQ-Transplant3/reconstruction/Refinement/ImageNet/ema_vq_refinement_16384_False_4.txt
warming up TensorFlow...
computing reference batch activations...
computing/reading reference batch statistics...
computing sample batch activations...
computing/reading sample batch statistics...
Computing evaluations...
Inception Score: 190.00804138183594
FID: 1.107817500820886
writing to /projects/yuanai/projects/VQ-Transplant3/reconstruction/Refinement/ImageNet/ema_vq_refinement_16384_False_5.txt
warming up TensorFlow...
computing reference batch activations...
computing/reading reference batch statistics...
computing sample batch activations...
computing/reading sample batch statistics...
Computing evaluations...
Inception Score: 191.06459045410156
FID: 1.0746654791112746
writing to /projects/yuanai/projects/VQ-Transplant3/reconstruction/Refinement/ImageNet/ema_vq_refinement_32768_False_1.txt
warming up TensorFlow...
computing reference batch activations...
computing/reading reference batch statistics...
computing sample batch activations...
computing/reading sample batch statistics...
Computing evaluations...
Inception Score: 191.3030548095703
FID: 1.0856659475415995
writing to /projects/yuanai/projects/VQ-Transplant3/reconstruction/Refinement/ImageNet/ema_vq_refinement_32768_False_2.txt
warming up TensorFlow...
computing reference batch activations...
computing/reading reference batch statistics...
computing sample batch activations...
computing/reading sample batch statistics...
Computing evaluations...
Inception Score: 192.31260681152344
FID: 1.0221732474622627
writing to /projects/yuanai/projects/VQ-Transplant3/reconstruction/Refinement/ImageNet/ema_vq_refinement_32768_False_3.txt
warming up TensorFlow...
computing reference batch activations...
computing/reading reference batch statistics...
computing sample batch activations...
computing/reading sample batch statistics...
Computing evaluations...
Inception Score: 193.1788787841797
FID: 0.9726573832413692
writing to /projects/yuanai/projects/VQ-Transplant3/reconstruction/Refinement/ImageNet/ema_vq_refinement_32768_False_4.txt
warming up TensorFlow...
computing reference batch activations...
computing/reading reference batch statistics...
computing sample batch activations...
computing/reading sample batch statistics...
Computing evaluations...
Inception Score: 192.22569274902344
FID: 0.9906139660475901
writing to /projects/yuanai/projects/VQ-Transplant3/reconstruction/Refinement/ImageNet/ema_vq_refinement_32768_False_5.txt
warming up TensorFlow...
computing reference batch activations...
computing/reading reference batch statistics...
computing sample batch activations...
computing/reading sample batch statistics...
Computing evaluations...
Inception Score: 193.77590942382812
FID: 1.0740727785548643
writing to /projects/yuanai/projects/VQ-Transplant3/reconstruction/Refinement/ImageNet/ema_vq_refinement_65536_False_1.txt
warming up TensorFlow...
computing reference batch activations...
computing/reading reference batch statistics...
computing sample batch activations...
computing/reading sample batch statistics...
Computing evaluations...
Inception Score: 192.35720825195312
FID: 1.080673101948605
writing to /projects/yuanai/projects/VQ-Transplant3/reconstruction/Refinement/ImageNet/ema_vq_refinement_65536_False_2.txt
warming up TensorFlow...
computing reference batch activations...
computing/reading reference batch statistics...
computing sample batch activations...
computing/reading sample batch statistics...
Computing evaluations...
Inception Score: 193.77297973632812
FID: 1.0194615197115127
writing to /projects/yuanai/projects/VQ-Transplant3/reconstruction/Refinement/ImageNet/ema_vq_refinement_65536_False_3.txt
warming up TensorFlow...
computing reference batch activations...
computing/reading reference batch statistics...
computing sample batch activations...
computing/reading sample batch statistics...
Computing evaluations...
Inception Score: 193.337890625
FID: 1.0016832146604315
writing to /projects/yuanai/projects/VQ-Transplant3/reconstruction/Refinement/ImageNet/ema_vq_refinement_65536_False_4.txt
warming up TensorFlow...
computing reference batch activations...
computing/reading reference batch statistics...
computing sample batch activations...
computing/reading sample batch statistics...
Computing evaluations...
Inception Score: 194.408935546875
FID: 0.9852377246333504
writing to /projects/yuanai/projects/VQ-Transplant3/reconstruction/Refinement/ImageNet/ema_vq_refinement_65536_False_5.txt
