dataset_dir: /projects/yuanai/data/
dataset_name: ImageNet
global_batch_size: 64
workers: 6
resolution: 256
channels: 3
ms_patch_size: 1_2_3_4_5_6_8_10_13_16
importance: (1, 1, 1, 2, 2, 2, 3, 3, 5, 5)
max_patch_size: 16
codebook_size: 32768
codebook_dim: 16
project_dim: 16
pq: 1
L: 4
alpha: 1.0
beta: 1.0
gamma: 0.0
disc_weight: 0.3
lecam_loss_weight: 0.001
disc_cr_loss_weight: 4.0
VQ: vanilla_vq
use_multiscale: False
transplant_epochs: 2
refinement_epochs: 5
eval_epochs: 1
disc_epoch: 1
lr_transplant: 0.0001
lr_refinement: 1e-05
dropout: 0.0
seed: 3407
weight_decay: 1e-05
stage: transplant
path: bc
checkpoint_dir: /projects/yuanai/projects/VQ-Transplant3/checkpoint/Transplant/ImageNet
results_dir: /projects/yuanai/projects/VQ-Transplant3/results/Transplant/ImageNet
saver_dir: /projects/yuanai/projects/VQ-Transplant3/saver/Transplant/ImageNet
reconstruction_dir: /projects/yuanai/projects/VQ-Transplant3/reconstruction/Transplant/ImageNet
yaml_dir: /projects/yuanai/projects/VQ-Transplant3/yaml/Transplant/ImageNet
pretrained_tokenizer: /projects/yuanai/projects/VQ-Transplant3/pretrained_tokenizer/vae_ch160v4096z32.pth
checkpoint_name: 
nnodes: -1
node_rank: -1
local_rank: 0
dist_url: tcp://224.66.41.62:23456
dist_backend: nccl
world_size: 2
batch_size: 32
ms_token_size: (1, 2, 3, 4, 5, 6, 8, 10, 13, 16)
init_checkpoint_dir: /projects/yuanai/projects/VQ-Transplant3/checkpoint/
data_pre: ImageNet
model_pre: model_32768_16_1
loss_pre: loss_1.0_1.0_0.0_0.3
training_pre: vanilla_vq_transplant_False
saver_name_pre: vanilla_vq_transplant_False_ImageNet_model_32768_16_1_loss_1.0_1.0_0.0_0.3
| distributed init (rank 1): env://
| distributed init (rank 0): env://
loaded pretrained LPIPS loss from /projects/yuanai/projects/VQ-Transplant3/code/models/cache/vgg.pth
VQ Model Parameters: 108761795
dataset name: ImageNet
len train_set: 1281167
len val_set: 50000
Start training...
epoch:1, cur_lr:0.000100
Train Epoch: [1/2] Iters:[10/20018] transplant_loss 9.9362, rec_loss 0.7414, p_loss 0.8147, quant_error 1.4393, utilization 0.0271, perplexity 381.0444,
Train Epoch: [1/2] Iters:[20/20018] transplant_loss 8.6402, rec_loss 0.5447, p_loss 0.7885, quant_error 1.1383, utilization 0.0176, perplexity 227.3011,
Train Epoch: [1/2] Iters:[30/20018] transplant_loss 9.8990, rec_loss 0.4669, p_loss 0.7632, quant_error 1.0145, utilization 0.0141, perplexity 161.9721,
Train Epoch: [1/2] Iters:[40/20018] transplant_loss 16.5327, rec_loss 0.4280, p_loss 0.7538, quant_error 0.9396, utilization 0.0120, perplexity 124.0012,
Train Epoch: [1/2] Iters:[50/20018] transplant_loss 31.1453, rec_loss 0.3996, p_loss 0.7431, quant_error 0.8903, utilization 0.0106, perplexity 100.4172,
Train Epoch: [1/2] Iters:[60/20018] transplant_loss 69.1562, rec_loss 0.2985, p_loss 0.7306, quant_error 0.7314, utilization 0.0059, perplexity 25.1880,
Train Epoch: [1/2] Iters:[70/20018] transplant_loss 137.7903, rec_loss 0.2696, p_loss 0.7228, quant_error 0.6969, utilization 0.0049, perplexity 11.3924,
Train Epoch: [1/2] Iters:[80/20018] transplant_loss 200.9264, rec_loss 0.2457, p_loss 0.7221, quant_error 0.6772, utilization 0.0040, perplexity 6.0557,
Train Epoch: [1/2] Iters:[90/20018] transplant_loss 230.7186, rec_loss 0.2211, p_loss 0.7135, quant_error 0.6636, utilization 0.0035, perplexity 4.9966,
Train Epoch: [1/2] Iters:[100/20018] transplant_loss 236.5793, rec_loss 0.2002, p_loss 0.7076, quant_error 0.6543, utilization 0.0031, perplexity 4.7534,
Train Epoch: [1/2] Iters:[110/20018] transplant_loss 221.8878, rec_loss 0.1893, p_loss 0.6914, quant_error 0.6616, utilization 0.0029, perplexity 4.7397,
Train Epoch: [1/2] Iters:[120/20018] transplant_loss 190.3248, rec_loss 0.1856, p_loss 0.6854, quant_error 0.6573, utilization 0.0028, perplexity 4.7728,
Train Epoch: [1/2] Iters:[130/20018] transplant_loss 170.3551, rec_loss 0.1835, p_loss 0.6802, quant_error 0.6579, utilization 0.0026, perplexity 4.7974,
Train Epoch: [1/2] Iters:[140/20018] transplant_loss 175.5858, rec_loss 0.1782, p_loss 0.6786, quant_error 0.6469, utilization 0.0023, perplexity 4.8013,
Train Epoch: [1/2] Iters:[150/20018] transplant_loss 186.0677, rec_loss 0.1750, p_loss 0.6802, quant_error 0.6465, utilization 0.0021, perplexity 4.8327,
Train Epoch: [1/2] Iters:[160/20018] transplant_loss 209.4651, rec_loss 0.1734, p_loss 0.6797, quant_error 0.6361, utilization 0.0019, perplexity 4.8654,
Train Epoch: [1/2] Iters:[170/20018] transplant_loss 219.9373, rec_loss 0.1695, p_loss 0.6740, quant_error 0.6319, utilization 0.0018, perplexity 4.9468,
Train Epoch: [1/2] Iters:[180/20018] transplant_loss 211.8006, rec_loss 0.1673, p_loss 0.6715, quant_error 0.6222, utilization 0.0017, perplexity 5.0970,
Train Epoch: [1/2] Iters:[190/20018] transplant_loss 206.5650, rec_loss 0.1684, p_loss 0.6717, quant_error 0.6266, utilization 0.0016, perplexity 5.2622,
Train Epoch: [1/2] Iters:[200/20018] transplant_loss 211.0661, rec_loss 0.1669, p_loss 0.6693, quant_error 0.6226, utilization 0.0015, perplexity 5.4322,
Train Epoch: [1/2] Iters:[210/20018] transplant_loss 209.8110, rec_loss 0.1649, p_loss 0.6715, quant_error 0.6172, utilization 0.0014, perplexity 5.6266,
Train Epoch: [1/2] Iters:[220/20018] transplant_loss 201.9943, rec_loss 0.1652, p_loss 0.6767, quant_error 0.6228, utilization 0.0014, perplexity 5.8761,
Train Epoch: [1/2] Iters:[230/20018] transplant_loss 204.1775, rec_loss 0.1626, p_loss 0.6785, quant_error 0.6290, utilization 0.0014, perplexity 6.1262,
Train Epoch: [1/2] Iters:[240/20018] transplant_loss 202.7585, rec_loss 0.1620, p_loss 0.6783, quant_error 0.6368, utilization 0.0013, perplexity 6.4222,
Train Epoch: [1/2] Iters:[250/20018] transplant_loss 192.3432, rec_loss 0.1600, p_loss 0.6815, quant_error 0.6360, utilization 0.0013, perplexity 6.6606,
Train Epoch: [1/2] Iters:[260/20018] transplant_loss 165.1875, rec_loss 0.1557, p_loss 0.6813, quant_error 0.6353, utilization 0.0013, perplexity 6.8641,
Train Epoch: [1/2] Iters:[270/20018] transplant_loss 139.6497, rec_loss 0.1526, p_loss 0.6779, quant_error 0.6303, utilization 0.0012, perplexity 7.0967,
Train Epoch: [1/2] Iters:[280/20018] transplant_loss 118.5550, rec_loss 0.1495, p_loss 0.6745, quant_error 0.6194, utilization 0.0012, perplexity 7.2644,
Train Epoch: [1/2] Iters:[290/20018] transplant_loss 102.0108, rec_loss 0.1448, p_loss 0.6728, quant_error 0.6120, utilization 0.0012, perplexity 7.3222,
Train Epoch: [1/2] Iters:[300/20018] transplant_loss 92.8583, rec_loss 0.1430, p_loss 0.6688, quant_error 0.6171, utilization 0.0012, perplexity 7.5156,
Train Epoch: [1/2] Iters:[310/20018] transplant_loss 86.3593, rec_loss 0.1396, p_loss 0.6638, quant_error 0.6181, utilization 0.0012, perplexity 7.8922,
Train Epoch: [1/2] Iters:[320/20018] transplant_loss 82.6621, rec_loss 0.1351, p_loss 0.6591, quant_error 0.6184, utilization 0.0012, perplexity 8.2223,
Train Epoch: [1/2] Iters:[330/20018] transplant_loss 77.3291, rec_loss 0.1315, p_loss 0.6559, quant_error 0.6255, utilization 0.0012, perplexity 8.5269,
Train Epoch: [1/2] Iters:[340/20018] transplant_loss 68.7730, rec_loss 0.1271, p_loss 0.6528, quant_error 0.6218, utilization 0.0012, perplexity 8.9385,
Train Epoch: [1/2] Iters:[350/20018] transplant_loss 59.5550, rec_loss 0.1230, p_loss 0.6490, quant_error 0.6152, utilization 0.0012, perplexity 9.2710,
Train Epoch: [1/2] Iters:[360/20018] transplant_loss 52.8555, rec_loss 0.1218, p_loss 0.6468, quant_error 0.6198, utilization 0.0013, perplexity 9.5401,
Train Epoch: [1/2] Iters:[370/20018] transplant_loss 49.1661, rec_loss 0.1195, p_loss 0.6445, quant_error 0.6172, utilization 0.0013, perplexity 9.7652,
Train Epoch: [1/2] Iters:[380/20018] transplant_loss 43.9341, rec_loss 0.1209, p_loss 0.6439, quant_error 0.6168, utilization 0.0013, perplexity 10.0381,
Train Epoch: [1/2] Iters:[390/20018] transplant_loss 41.2780, rec_loss 0.1208, p_loss 0.6415, quant_error 0.6199, utilization 0.0013, perplexity 10.2235,
Train Epoch: [1/2] Iters:[400/20018] transplant_loss 39.3849, rec_loss 0.1200, p_loss 0.6405, quant_error 0.6158, utilization 0.0013, perplexity 10.3538,
Train Epoch: [1/2] Iters:[410/20018] transplant_loss 37.6127, rec_loss 0.1187, p_loss 0.6372, quant_error 0.6112, utilization 0.0013, perplexity 10.4552,
Train Epoch: [1/2] Iters:[420/20018] transplant_loss 33.7743, rec_loss 0.1169, p_loss 0.6363, quant_error 0.6055, utilization 0.0013, perplexity 10.5980,
Train Epoch: [1/2] Iters:[430/20018] transplant_loss 30.8306, rec_loss 0.1128, p_loss 0.6351, quant_error 0.6012, utilization 0.0013, perplexity 10.6802,
Train Epoch: [1/2] Iters:[440/20018] transplant_loss 29.9640, rec_loss 0.1117, p_loss 0.6339, quant_error 0.6009, utilization 0.0013, perplexity 10.7661,
Train Epoch: [1/2] Iters:[450/20018] transplant_loss 26.9677, rec_loss 0.1099, p_loss 0.6318, quant_error 0.6000, utilization 0.0013, perplexity 11.0238,
Train Epoch: [1/2] Iters:[460/20018] transplant_loss 25.3148, rec_loss 0.1101, p_loss 0.6327, quant_error 0.5968, utilization 0.0013, perplexity 11.3003,
Train Epoch: [1/2] Iters:[470/20018] transplant_loss 23.9067, rec_loss 0.1133, p_loss 0.6323, quant_error 0.6030, utilization 0.0013, perplexity 11.5215,
Train Epoch: [1/2] Iters:[480/20018] transplant_loss 23.3770, rec_loss 0.1145, p_loss 0.6307, quant_error 0.6046, utilization 0.0013, perplexity 11.7760,
Train Epoch: [1/2] Iters:[490/20018] transplant_loss 23.2926, rec_loss 0.1134, p_loss 0.6294, quant_error 0.6012, utilization 0.0013, perplexity 11.9922,
Train Epoch: [1/2] Iters:[500/20018] transplant_loss 24.9006, rec_loss 0.1134, p_loss 0.6292, quant_error 0.6046, utilization 0.0013, perplexity 12.1848,
Train Epoch: [1/2] Iters:[510/20018] transplant_loss 24.7682, rec_loss 0.1130, p_loss 0.6284, quant_error 0.6082, utilization 0.0013, perplexity 12.4343,
Train Epoch: [1/2] Iters:[520/20018] transplant_loss 25.4703, rec_loss 0.1096, p_loss 0.6259, quant_error 0.5987, utilization 0.0013, perplexity 12.7268,
Train Epoch: [1/2] Iters:[530/20018] transplant_loss 24.8077, rec_loss 0.1069, p_loss 0.6238, quant_error 0.5926, utilization 0.0013, perplexity 13.0717,
Train Epoch: [1/2] Iters:[540/20018] transplant_loss 23.3323, rec_loss 0.1056, p_loss 0.6200, quant_error 0.5900, utilization 0.0013, perplexity 13.4225,
Train Epoch: [1/2] Iters:[550/20018] transplant_loss 20.6123, rec_loss 0.1050, p_loss 0.6158, quant_error 0.5892, utilization 0.0013, perplexity 13.8087,
Train Epoch: [1/2] Iters:[560/20018] transplant_loss 20.3520, rec_loss 0.1026, p_loss 0.6124, quant_error 0.5842, utilization 0.0013, perplexity 14.0673,
Train Epoch: [1/2] Iters:[570/20018] transplant_loss 19.9424, rec_loss 0.1005, p_loss 0.6094, quant_error 0.5858, utilization 0.0013, perplexity 14.3113,
Train Epoch: [1/2] Iters:[580/20018] transplant_loss 19.4513, rec_loss 0.0998, p_loss 0.6072, quant_error 0.5895, utilization 0.0013, perplexity 14.4968,
Train Epoch: [1/2] Iters:[590/20018] transplant_loss 17.2858, rec_loss 0.1000, p_loss 0.6061, quant_error 0.5904, utilization 0.0013, perplexity 14.7493,
Train Epoch: [1/2] Iters:[600/20018] transplant_loss 16.4110, rec_loss 0.0993, p_loss 0.6067, quant_error 0.5882, utilization 0.0013, perplexity 14.8475,
Train Epoch: [1/2] Iters:[610/20018] transplant_loss 16.4827, rec_loss 0.0990, p_loss 0.6053, quant_error 0.5867, utilization 0.0013, perplexity 14.9912,
Train Epoch: [1/2] Iters:[620/20018] transplant_loss 16.2647, rec_loss 0.0990, p_loss 0.6048, quant_error 0.5906, utilization 0.0013, perplexity 15.1908,
Train Epoch: [1/2] Iters:[630/20018] transplant_loss 15.5216, rec_loss 0.0982, p_loss 0.6040, quant_error 0.5841, utilization 0.0013, perplexity 15.3844,
Train Epoch: [1/2] Iters:[640/20018] transplant_loss 14.9811, rec_loss 0.0966, p_loss 0.6042, quant_error 0.5832, utilization 0.0013, perplexity 15.5940,
Train Epoch: [1/2] Iters:[650/20018] transplant_loss 14.2673, rec_loss 0.0968, p_loss 0.6017, quant_error 0.5832, utilization 0.0013, perplexity 15.8323,
Train Epoch: [1/2] Iters:[660/20018] transplant_loss 13.5074, rec_loss 0.0955, p_loss 0.6004, quant_error 0.5818, utilization 0.0013, perplexity 15.8984,
Train Epoch: [1/2] Iters:[670/20018] transplant_loss 13.0071, rec_loss 0.0945, p_loss 0.5995, quant_error 0.5810, utilization 0.0013, perplexity 15.9909,
Train Epoch: [1/2] Iters:[680/20018] transplant_loss 12.8498, rec_loss 0.0946, p_loss 0.5982, quant_error 0.5794, utilization 0.0013, perplexity 16.2217,
Train Epoch: [1/2] Iters:[690/20018] transplant_loss 12.7121, rec_loss 0.0951, p_loss 0.5974, quant_error 0.5756, utilization 0.0013, perplexity 16.4363,
Train Epoch: [1/2] Iters:[700/20018] transplant_loss 12.9817, rec_loss 0.0947, p_loss 0.5960, quant_error 0.5753, utilization 0.0013, perplexity 16.5976,
Train Epoch: [1/2] Iters:[710/20018] transplant_loss 12.7365, rec_loss 0.0953, p_loss 0.5952, quant_error 0.5790, utilization 0.0013, perplexity 16.9653,
Train Epoch: [1/2] Iters:[720/20018] transplant_loss 12.5119, rec_loss 0.0946, p_loss 0.5924, quant_error 0.5759, utilization 0.0013, perplexity 17.3450,
Train Epoch: [1/2] Iters:[730/20018] transplant_loss 12.2033, rec_loss 0.0936, p_loss 0.5903, quant_error 0.5791, utilization 0.0013, perplexity 17.6737,
Train Epoch: [1/2] Iters:[740/20018] transplant_loss 11.6186, rec_loss 0.0932, p_loss 0.5885, quant_error 0.5885, utilization 0.0013, perplexity 18.0049,
Train Epoch: [1/2] Iters:[750/20018] transplant_loss 11.1260, rec_loss 0.0913, p_loss 0.5863, quant_error 0.5838, utilization 0.0013, perplexity 18.3650,
Train Epoch: [1/2] Iters:[760/20018] transplant_loss 10.8088, rec_loss 0.0905, p_loss 0.5849, quant_error 0.5815, utilization 0.0013, perplexity 18.6598,
Train Epoch: [1/2] Iters:[770/20018] transplant_loss 10.6021, rec_loss 0.0905, p_loss 0.5837, quant_error 0.5757, utilization 0.0013, perplexity 18.8726,
Train Epoch: [1/2] Iters:[780/20018] transplant_loss 10.3694, rec_loss 0.0904, p_loss 0.5833, quant_error 0.5750, utilization 0.0013, perplexity 19.1028,
Train Epoch: [1/2] Iters:[790/20018] transplant_loss 10.1831, rec_loss 0.0896, p_loss 0.5814, quant_error 0.5718, utilization 0.0013, perplexity 19.3504,
Train Epoch: [1/2] Iters:[800/20018] transplant_loss 9.8548, rec_loss 0.0897, p_loss 0.5816, quant_error 0.5729, utilization 0.0013, perplexity 19.6280,
Train Epoch: [1/2] Iters:[810/20018] transplant_loss 9.6447, rec_loss 0.0895, p_loss 0.5806, quant_error 0.5727, utilization 0.0013, perplexity 19.9130,
Train Epoch: [1/2] Iters:[820/20018] transplant_loss 9.3117, rec_loss 0.0895, p_loss 0.5802, quant_error 0.5773, utilization 0.0013, perplexity 20.1186,
Train Epoch: [1/2] Iters:[830/20018] transplant_loss 9.1790, rec_loss 0.0895, p_loss 0.5782, quant_error 0.5753, utilization 0.0013, perplexity 20.3424,
Train Epoch: [1/2] Iters:[840/20018] transplant_loss 9.0859, rec_loss 0.0891, p_loss 0.5775, quant_error 0.5703, utilization 0.0013, perplexity 20.5197,
Train Epoch: [1/2] Iters:[850/20018] transplant_loss 9.2011, rec_loss 0.0884, p_loss 0.5758, quant_error 0.5702, utilization 0.0013, perplexity 20.5932,
Train Epoch: [1/2] Iters:[860/20018] transplant_loss 9.0766, rec_loss 0.0884, p_loss 0.5739, quant_error 0.5686, utilization 0.0013, perplexity 20.7751,
Train Epoch: [1/2] Iters:[870/20018] transplant_loss 8.8908, rec_loss 0.0876, p_loss 0.5735, quant_error 0.5693, utilization 0.0013, perplexity 20.9726,
Train Epoch: [1/2] Iters:[880/20018] transplant_loss 8.7568, rec_loss 0.0873, p_loss 0.5724, quant_error 0.5691, utilization 0.0013, perplexity 21.1422,
Train Epoch: [1/2] Iters:[890/20018] transplant_loss 8.6621, rec_loss 0.0859, p_loss 0.5704, quant_error 0.5659, utilization 0.0013, perplexity 21.3190,
Train Epoch: [1/2] Iters:[900/20018] transplant_loss 8.3681, rec_loss 0.0855, p_loss 0.5699, quant_error 0.5662, utilization 0.0013, perplexity 21.6160,
Train Epoch: [1/2] Iters:[910/20018] transplant_loss 8.2389, rec_loss 0.0852, p_loss 0.5687, quant_error 0.5658, utilization 0.0013, perplexity 21.9810,
Train Epoch: [1/2] Iters:[920/20018] transplant_loss 8.2018, rec_loss 0.0852, p_loss 0.5660, quant_error 0.5627, utilization 0.0013, perplexity 22.3040,
Train Epoch: [1/2] Iters:[930/20018] transplant_loss 8.0765, rec_loss 0.0847, p_loss 0.5654, quant_error 0.5639, utilization 0.0013, perplexity 22.4325,
Train Epoch: [1/2] Iters:[940/20018] transplant_loss 8.0565, rec_loss 0.0855, p_loss 0.5644, quant_error 0.5650, utilization 0.0013, perplexity 22.6754,
Train Epoch: [1/2] Iters:[950/20018] transplant_loss 8.0197, rec_loss 0.0856, p_loss 0.5625, quant_error 0.5633, utilization 0.0013, perplexity 22.8579,
Train Epoch: [1/2] Iters:[960/20018] transplant_loss 8.1164, rec_loss 0.0851, p_loss 0.5621, quant_error 0.5644, utilization 0.0013, perplexity 22.9039,
Train Epoch: [1/2] Iters:[970/20018] transplant_loss 8.1295, rec_loss 0.0848, p_loss 0.5617, quant_error 0.5631, utilization 0.0013, perplexity 22.9490,
Train Epoch: [1/2] Iters:[980/20018] transplant_loss 8.1355, rec_loss 0.0845, p_loss 0.5597, quant_error 0.5581, utilization 0.0013, perplexity 23.1507,
Train Epoch: [1/2] Iters:[990/20018] transplant_loss 8.0769, rec_loss 0.0829, p_loss 0.5580, quant_error 0.5525, utilization 0.0013, perplexity 23.3603,
Train Epoch: [1/2] Iters:[1000/20018] transplant_loss 8.0522, rec_loss 0.0837, p_loss 0.5577, quant_error 0.5554, utilization 0.0013, perplexity 23.6797,
Train Epoch: [1/2] Iters:[1010/20018] transplant_loss 7.9761, rec_loss 0.0834, p_loss 0.5562, quant_error 0.5523, utilization 0.0013, perplexity 23.8883,
Train Epoch: [1/2] Iters:[1020/20018] transplant_loss 7.9332, rec_loss 0.0833, p_loss 0.5545, quant_error 0.5541, utilization 0.0013, perplexity 24.1887,
Train Epoch: [1/2] Iters:[1030/20018] transplant_loss 7.8057, rec_loss 0.0827, p_loss 0.5533, quant_error 0.5592, utilization 0.0013, perplexity 24.5741,
Train Epoch: [1/2] Iters:[1040/20018] transplant_loss 7.6933, rec_loss 0.0831, p_loss 0.5527, quant_error 0.5624, utilization 0.0013, perplexity 24.7883,
Train Epoch: [1/2] Iters:[1050/20018] transplant_loss 7.5528, rec_loss 0.0820, p_loss 0.5505, quant_error 0.5570, utilization 0.0013, perplexity 24.9288,
Train Epoch: [1/2] Iters:[1060/20018] transplant_loss 7.5227, rec_loss 0.0819, p_loss 0.5484, quant_error 0.5546, utilization 0.0013, perplexity 25.0609,
Train Epoch: [1/2] Iters:[1070/20018] transplant_loss 7.4512, rec_loss 0.0809, p_loss 0.5476, quant_error 0.5497, utilization 0.0013, perplexity 25.1612,
Train Epoch: [1/2] Iters:[1080/20018] transplant_loss 7.5271, rec_loss 0.0801, p_loss 0.5470, quant_error 0.5467, utilization 0.0013, perplexity 25.2794,
Train Epoch: [1/2] Iters:[1090/20018] transplant_loss 7.6087, rec_loss 0.0800, p_loss 0.5435, quant_error 0.5438, utilization 0.0013, perplexity 25.5457,
Train Epoch: [1/2] Iters:[1100/20018] transplant_loss 7.6733, rec_loss 0.0795, p_loss 0.5424, quant_error 0.5444, utilization 0.0013, perplexity 25.7815,
Train Epoch: [1/2] Iters:[1110/20018] transplant_loss 7.6594, rec_loss 0.0792, p_loss 0.5397, quant_error 0.5422, utilization 0.0013, perplexity 26.0927,
Train Epoch: [1/2] Iters:[1120/20018] transplant_loss 7.6362, rec_loss 0.0802, p_loss 0.5386, quant_error 0.5457, utilization 0.0013, perplexity 26.4062,
Train Epoch: [1/2] Iters:[1130/20018] transplant_loss 7.7212, rec_loss 0.0810, p_loss 0.5383, quant_error 0.5451, utilization 0.0013, perplexity 26.6136,
Train Epoch: [1/2] Iters:[1140/20018] transplant_loss 7.7010, rec_loss 0.0819, p_loss 0.5392, quant_error 0.5528, utilization 0.0013, perplexity 26.8043,
Train Epoch: [1/2] Iters:[1150/20018] transplant_loss 7.7059, rec_loss 0.0815, p_loss 0.5370, quant_error 0.5531, utilization 0.0013, perplexity 27.0070,
Train Epoch: [1/2] Iters:[1160/20018] transplant_loss 7.7054, rec_loss 0.0827, p_loss 0.5369, quant_error 0.5598, utilization 0.0013, perplexity 27.2421,
Train Epoch: [1/2] Iters:[1170/20018] transplant_loss 7.6663, rec_loss 0.0814, p_loss 0.5337, quant_error 0.5538, utilization 0.0013, perplexity 27.4738,
Train Epoch: [1/2] Iters:[1180/20018] transplant_loss 7.5158, rec_loss 0.0801, p_loss 0.5285, quant_error 0.5476, utilization 0.0013, perplexity 27.6531,
Train Epoch: [1/2] Iters:[1190/20018] transplant_loss 7.4829, rec_loss 0.0804, p_loss 0.5274, quant_error 0.5428, utilization 0.0013, perplexity 27.8738,
Train Epoch: [1/2] Iters:[1200/20018] transplant_loss 7.4395, rec_loss 0.0807, p_loss 0.5263, quant_error 0.5417, utilization 0.0013, perplexity 28.0680,
Train Epoch: [1/2] Iters:[1210/20018] transplant_loss 7.4772, rec_loss 0.0790, p_loss 0.5251, quant_error 0.5367, utilization 0.0013, perplexity 28.1399,
Train Epoch: [1/2] Iters:[1220/20018] transplant_loss 7.5699, rec_loss 0.0799, p_loss 0.5240, quant_error 0.5396, utilization 0.0013, perplexity 28.3336,
Train Epoch: [1/2] Iters:[1230/20018] transplant_loss 7.6703, rec_loss 0.0813, p_loss 0.5248, quant_error 0.5471, utilization 0.0013, perplexity 28.6295,
Train Epoch: [1/2] Iters:[1240/20018] transplant_loss 7.7904, rec_loss 0.0804, p_loss 0.5238, quant_error 0.5476, utilization 0.0013, perplexity 28.8656,
Train Epoch: [1/2] Iters:[1250/20018] transplant_loss 8.0204, rec_loss 0.0802, p_loss 0.5225, quant_error 0.5454, utilization 0.0013, perplexity 28.9940,
Train Epoch: [1/2] Iters:[1260/20018] transplant_loss 8.1581, rec_loss 0.0814, p_loss 0.5228, quant_error 0.5501, utilization 0.0013, perplexity 29.2751,
Train Epoch: [1/2] Iters:[1270/20018] transplant_loss 8.2272, rec_loss 0.0808, p_loss 0.5216, quant_error 0.5489, utilization 0.0013, perplexity 29.3825,
Train Epoch: [1/2] Iters:[1280/20018] transplant_loss 8.2921, rec_loss 0.0802, p_loss 0.5208, quant_error 0.5456, utilization 0.0013, perplexity 29.5567,
Train Epoch: [1/2] Iters:[1290/20018] transplant_loss 8.3999, rec_loss 0.0798, p_loss 0.5186, quant_error 0.5451, utilization 0.0013, perplexity 29.5877,
Train Epoch: [1/2] Iters:[1300/20018] transplant_loss 8.4227, rec_loss 0.0805, p_loss 0.5184, quant_error 0.5459, utilization 0.0013, perplexity 29.8111,
Train Epoch: [1/2] Iters:[1310/20018] transplant_loss 8.4577, rec_loss 0.0797, p_loss 0.5153, quant_error 0.5438, utilization 0.0013, perplexity 29.9265,
Train Epoch: [1/2] Iters:[1320/20018] transplant_loss 8.6777, rec_loss 0.0807, p_loss 0.5156, quant_error 0.5509, utilization 0.0013, perplexity 30.2010,
Train Epoch: [1/2] Iters:[1330/20018] transplant_loss 8.8986, rec_loss 0.0796, p_loss 0.5128, quant_error 0.5464, utilization 0.0013, perplexity 30.2774,
Train Epoch: [1/2] Iters:[1340/20018] transplant_loss 8.9607, rec_loss 0.0789, p_loss 0.5097, quant_error 0.5438, utilization 0.0013, perplexity 30.5083,
Train Epoch: [1/2] Iters:[1350/20018] transplant_loss 9.0504, rec_loss 0.0785, p_loss 0.5090, quant_error 0.5410, utilization 0.0013, perplexity 30.6270,
Train Epoch: [1/2] Iters:[1360/20018] transplant_loss 9.0559, rec_loss 0.0774, p_loss 0.5078, quant_error 0.5315, utilization 0.0013, perplexity 30.8153,
Train Epoch: [1/2] Iters:[1370/20018] transplant_loss 9.0976, rec_loss 0.0772, p_loss 0.5058, quant_error 0.5286, utilization 0.0013, perplexity 30.9643,
Train Epoch: [1/2] Iters:[1380/20018] transplant_loss 9.1415, rec_loss 0.0778, p_loss 0.5063, quant_error 0.5307, utilization 0.0013, perplexity 31.1556,
Train Epoch: [1/2] Iters:[1390/20018] transplant_loss 9.2228, rec_loss 0.0784, p_loss 0.5063, quant_error 0.5291, utilization 0.0013, perplexity 31.3062,
Train Epoch: [1/2] Iters:[1400/20018] transplant_loss 9.3286, rec_loss 0.0782, p_loss 0.5034, quant_error 0.5340, utilization 0.0013, perplexity 31.5659,
Train Epoch: [1/2] Iters:[1410/20018] transplant_loss 9.4799, rec_loss 0.0792, p_loss 0.5030, quant_error 0.5441, utilization 0.0013, perplexity 31.7550,
Train Epoch: [1/2] Iters:[1420/20018] transplant_loss 9.4979, rec_loss 0.0788, p_loss 0.5018, quant_error 0.5359, utilization 0.0013, perplexity 31.8262,
Train Epoch: [1/2] Iters:[1430/20018] transplant_loss 9.6288, rec_loss 0.0781, p_loss 0.4988, quant_error 0.5333, utilization 0.0013, perplexity 31.9899,
Train Epoch: [1/2] Iters:[1440/20018] transplant_loss 9.7586, rec_loss 0.0774, p_loss 0.4986, quant_error 0.5356, utilization 0.0013, perplexity 32.1578,
Train Epoch: [1/2] Iters:[1450/20018] transplant_loss 9.7927, rec_loss 0.0771, p_loss 0.4976, quant_error 0.5303, utilization 0.0013, perplexity 32.3041,
Train Epoch: [1/2] Iters:[1460/20018] transplant_loss 9.8719, rec_loss 0.0765, p_loss 0.4965, quant_error 0.5262, utilization 0.0013, perplexity 32.4407,
Train Epoch: [1/2] Iters:[1470/20018] transplant_loss 10.0338, rec_loss 0.0763, p_loss 0.4954, quant_error 0.5296, utilization 0.0013, perplexity 32.6455,
Train Epoch: [1/2] Iters:[1480/20018] transplant_loss 10.0875, rec_loss 0.0766, p_loss 0.4950, quant_error 0.5298, utilization 0.0013, perplexity 32.7835,
Train Epoch: [1/2] Iters:[1490/20018] transplant_loss 10.1774, rec_loss 0.0780, p_loss 0.4932, quant_error 0.5296, utilization 0.0013, perplexity 32.9825,
Train Epoch: [1/2] Iters:[1500/20018] transplant_loss 10.3744, rec_loss 0.0779, p_loss 0.4921, quant_error 0.5261, utilization 0.0013, perplexity 33.1326,
Train Epoch: [1/2] Iters:[1510/20018] transplant_loss 10.5556, rec_loss 0.0783, p_loss 0.4918, quant_error 0.5292, utilization 0.0013, perplexity 33.2801,
Train Epoch: [1/2] Iters:[1520/20018] transplant_loss 10.6752, rec_loss 0.0781, p_loss 0.4904, quant_error 0.5271, utilization 0.0013, perplexity 33.5311,
Train Epoch: [1/2] Iters:[1530/20018] transplant_loss 10.8019, rec_loss 0.0784, p_loss 0.4900, quant_error 0.5313, utilization 0.0013, perplexity 33.6611,
Train Epoch: [1/2] Iters:[1540/20018] transplant_loss 10.8966, rec_loss 0.0779, p_loss 0.4887, quant_error 0.5297, utilization 0.0013, perplexity 33.7633,
Train Epoch: [1/2] Iters:[1550/20018] transplant_loss 10.9853, rec_loss 0.0774, p_loss 0.4880, quant_error 0.5332, utilization 0.0013, perplexity 33.9338,
Train Epoch: [1/2] Iters:[1560/20018] transplant_loss 11.0296, rec_loss 0.0767, p_loss 0.4878, quant_error 0.5265, utilization 0.0013, perplexity 34.1242,
Train Epoch: [1/2] Iters:[1570/20018] transplant_loss 11.0433, rec_loss 0.0759, p_loss 0.4874, quant_error 0.5267, utilization 0.0013, perplexity 34.2609,
Train Epoch: [1/2] Iters:[1580/20018] transplant_loss 11.0877, rec_loss 0.0756, p_loss 0.4848, quant_error 0.5209, utilization 0.0013, perplexity 34.4599,
Train Epoch: [1/2] Iters:[1590/20018] transplant_loss 11.2038, rec_loss 0.0756, p_loss 0.4844, quant_error 0.5200, utilization 0.0013, perplexity 34.6160,
Train Epoch: [1/2] Iters:[1600/20018] transplant_loss 11.2114, rec_loss 0.0751, p_loss 0.4840, quant_error 0.5188, utilization 0.0013, perplexity 34.7125,
Train Epoch: [1/2] Iters:[1610/20018] transplant_loss 11.2961, rec_loss 0.0755, p_loss 0.4807, quant_error 0.5221, utilization 0.0013, perplexity 34.9952,
Train Epoch: [1/2] Iters:[1620/20018] transplant_loss 11.4409, rec_loss 0.0764, p_loss 0.4803, quant_error 0.5248, utilization 0.0013, perplexity 35.1068,
Train Epoch: [1/2] Iters:[1630/20018] transplant_loss 11.5027, rec_loss 0.0754, p_loss 0.4793, quant_error 0.5224, utilization 0.0013, perplexity 35.2638,
Train Epoch: [1/2] Iters:[1640/20018] transplant_loss 11.5602, rec_loss 0.0746, p_loss 0.4773, quant_error 0.5217, utilization 0.0013, perplexity 35.5187,
Train Epoch: [1/2] Iters:[1650/20018] transplant_loss 11.7092, rec_loss 0.0748, p_loss 0.4747, quant_error 0.5209, utilization 0.0013, perplexity 35.6983,
Train Epoch: [1/2] Iters:[1660/20018] transplant_loss 11.7474, rec_loss 0.0737, p_loss 0.4732, quant_error 0.5161, utilization 0.0013, perplexity 35.7229,
Train Epoch: [1/2] Iters:[1670/20018] transplant_loss 11.8826, rec_loss 0.0737, p_loss 0.4720, quant_error 0.5138, utilization 0.0013, perplexity 35.8044,
Train Epoch: [1/2] Iters:[1680/20018] transplant_loss 12.0882, rec_loss 0.0748, p_loss 0.4720, quant_error 0.5220, utilization 0.0013, perplexity 35.9742,
Train Epoch: [1/2] Iters:[1690/20018] transplant_loss 12.1943, rec_loss 0.0745, p_loss 0.4721, quant_error 0.5232, utilization 0.0013, perplexity 35.9633,
Train Epoch: [1/2] Iters:[1700/20018] transplant_loss 12.2943, rec_loss 0.0740, p_loss 0.4711, quant_error 0.5203, utilization 0.0013, perplexity 36.0830,
Train Epoch: [1/2] Iters:[1710/20018] transplant_loss 12.4741, rec_loss 0.0750, p_loss 0.4709, quant_error 0.5207, utilization 0.0013, perplexity 36.2039,
Train Epoch: [1/2] Iters:[1720/20018] transplant_loss 12.5450, rec_loss 0.0737, p_loss 0.4695, quant_error 0.5178, utilization 0.0013, perplexity 36.2980,
Train Epoch: [1/2] Iters:[1730/20018] transplant_loss 12.6192, rec_loss 0.0728, p_loss 0.4686, quant_error 0.5135, utilization 0.0013, perplexity 36.3952,
Train Epoch: [1/2] Iters:[1740/20018] transplant_loss 12.7880, rec_loss 0.0735, p_loss 0.4684, quant_error 0.5140, utilization 0.0013, perplexity 36.5860,
Train Epoch: [1/2] Iters:[1750/20018] transplant_loss 12.9961, rec_loss 0.0743, p_loss 0.4688, quant_error 0.5168, utilization 0.0013, perplexity 36.6844,
Train Epoch: [1/2] Iters:[1760/20018] transplant_loss 13.1770, rec_loss 0.0728, p_loss 0.4683, quant_error 0.5134, utilization 0.0013, perplexity 36.8235,
Train Epoch: [1/2] Iters:[1770/20018] transplant_loss 13.3596, rec_loss 0.0734, p_loss 0.4677, quant_error 0.5180, utilization 0.0013, perplexity 36.9903,
Train Epoch: [1/2] Iters:[1780/20018] transplant_loss 13.5948, rec_loss 0.0731, p_loss 0.4656, quant_error 0.5135, utilization 0.0013, perplexity 37.0705,
Train Epoch: [1/2] Iters:[1790/20018] transplant_loss 13.7185, rec_loss 0.0723, p_loss 0.4645, quant_error 0.5106, utilization 0.0013, perplexity 37.1970,
Train Epoch: [1/2] Iters:[1800/20018] transplant_loss 13.6972, rec_loss 0.0704, p_loss 0.4619, quant_error 0.5043, utilization 0.0013, perplexity 37.3291,
Train Epoch: [1/2] Iters:[1810/20018] transplant_loss 13.8415, rec_loss 0.0717, p_loss 0.4599, quant_error 0.5099, utilization 0.0013, perplexity 37.4426,
Train Epoch: [1/2] Iters:[1820/20018] transplant_loss 13.9172, rec_loss 0.0700, p_loss 0.4571, quant_error 0.4999, utilization 0.0013, perplexity 37.5562,
Train Epoch: [1/2] Iters:[1830/20018] transplant_loss 13.9666, rec_loss 0.0705, p_loss 0.4570, quant_error 0.5032, utilization 0.0013, perplexity 37.6547,
Train Epoch: [1/2] Iters:[1840/20018] transplant_loss 14.0908, rec_loss 0.0706, p_loss 0.4552, quant_error 0.5039, utilization 0.0013, perplexity 37.7216,
Train Epoch: [1/2] Iters:[1850/20018] transplant_loss 14.3926, rec_loss 0.0723, p_loss 0.4561, quant_error 0.5102, utilization 0.0013, perplexity 37.8079,
Train Epoch: [1/2] Iters:[1860/20018] transplant_loss 14.5824, rec_loss 0.0711, p_loss 0.4556, quant_error 0.5046, utilization 0.0013, perplexity 37.8457,
Train Epoch: [1/2] Iters:[1870/20018] transplant_loss 14.8040, rec_loss 0.0722, p_loss 0.4566, quant_error 0.5108, utilization 0.0013, perplexity 37.9534,
Train Epoch: [1/2] Iters:[1880/20018] transplant_loss 14.9918, rec_loss 0.0720, p_loss 0.4554, quant_error 0.5108, utilization 0.0013, perplexity 38.0744,
Train Epoch: [1/2] Iters:[1890/20018] transplant_loss 15.1211, rec_loss 0.0713, p_loss 0.4548, quant_error 0.5057, utilization 0.0013, perplexity 38.1838,
Train Epoch: [1/2] Iters:[1900/20018] transplant_loss 15.2102, rec_loss 0.0704, p_loss 0.4532, quant_error 0.5024, utilization 0.0013, perplexity 38.2751,
Train Epoch: [1/2] Iters:[1910/20018] transplant_loss 15.3508, rec_loss 0.0711, p_loss 0.4531, quant_error 0.5076, utilization 0.0013, perplexity 38.3206,
Train Epoch: [1/2] Iters:[1920/20018] transplant_loss 15.5216, rec_loss 0.0712, p_loss 0.4510, quant_error 0.5035, utilization 0.0013, perplexity 38.4063,
Train Epoch: [1/2] Iters:[1930/20018] transplant_loss 15.6956, rec_loss 0.0714, p_loss 0.4511, quant_error 0.5011, utilization 0.0013, perplexity 38.4513,
Train Epoch: [1/2] Iters:[1940/20018] transplant_loss 15.9097, rec_loss 0.0716, p_loss 0.4494, quant_error 0.5011, utilization 0.0013, perplexity 38.4418,
Train Epoch: [1/2] Iters:[1950/20018] transplant_loss 16.0699, rec_loss 0.0715, p_loss 0.4478, quant_error 0.4993, utilization 0.0013, perplexity 38.4643,
Train Epoch: [1/2] Iters:[1960/20018] transplant_loss 16.1753, rec_loss 0.0709, p_loss 0.4465, quant_error 0.4970, utilization 0.0013, perplexity 38.5275,
Train Epoch: [1/2] Iters:[1970/20018] transplant_loss 16.3744, rec_loss 0.0705, p_loss 0.4468, quant_error 0.5037, utilization 0.0013, perplexity 38.5015,
Train Epoch: [1/2] Iters:[1980/20018] transplant_loss 16.5522, rec_loss 0.0707, p_loss 0.4452, quant_error 0.5065, utilization 0.0013, perplexity 38.5623,
Train Epoch: [1/2] Iters:[1990/20018] transplant_loss 16.8032, rec_loss 0.0712, p_loss 0.4448, quant_error 0.5124, utilization 0.0013, perplexity 38.6551,
Train Epoch: [1/2] Iters:[2000/20018] transplant_loss 17.0666, rec_loss 0.0717, p_loss 0.4451, quant_error 0.5167, utilization 0.0013, perplexity 38.7590,
Train Epoch: [1/2] Iters:[2010/20018] transplant_loss 17.2986, rec_loss 0.0723, p_loss 0.4453, quant_error 0.5163, utilization 0.0013, perplexity 38.8466,
Train Epoch: [1/2] Iters:[2020/20018] transplant_loss 17.3841, rec_loss 0.0718, p_loss 0.4427, quant_error 0.5086, utilization 0.0013, perplexity 38.9632,
Train Epoch: [1/2] Iters:[2030/20018] transplant_loss 17.4453, rec_loss 0.0711, p_loss 0.4425, quant_error 0.5043, utilization 0.0013, perplexity 39.0174,
Train Epoch: [1/2] Iters:[2040/20018] transplant_loss 17.5136, rec_loss 0.0702, p_loss 0.4412, quant_error 0.4988, utilization 0.0013, perplexity 39.0047,
Train Epoch: [1/2] Iters:[2050/20018] transplant_loss 17.5377, rec_loss 0.0696, p_loss 0.4417, quant_error 0.4981, utilization 0.0013, perplexity 39.0574,
Train Epoch: [1/2] Iters:[2060/20018] transplant_loss 17.5853, rec_loss 0.0690, p_loss 0.4401, quant_error 0.4963, utilization 0.0013, perplexity 39.0604,
Train Epoch: [1/2] Iters:[2070/20018] transplant_loss 17.6383, rec_loss 0.0690, p_loss 0.4413, quant_error 0.4974, utilization 0.0013, perplexity 39.0881,
Train Epoch: [1/2] Iters:[2080/20018] transplant_loss 17.8253, rec_loss 0.0695, p_loss 0.4410, quant_error 0.5008, utilization 0.0013, perplexity 39.1942,
Train Epoch: [1/2] Iters:[2090/20018] transplant_loss 17.9334, rec_loss 0.0699, p_loss 0.4407, quant_error 0.5024, utilization 0.0013, perplexity 39.3265,
Train Epoch: [1/2] Iters:[2100/20018] transplant_loss 18.0874, rec_loss 0.0701, p_loss 0.4388, quant_error 0.5015, utilization 0.0013, perplexity 39.3374,
Train Epoch: [1/2] Iters:[2110/20018] transplant_loss 18.2336, rec_loss 0.0710, p_loss 0.4387, quant_error 0.5011, utilization 0.0013, perplexity 39.4244,
Train Epoch: [1/2] Iters:[2120/20018] transplant_loss 18.3549, rec_loss 0.0712, p_loss 0.4384, quant_error 0.5024, utilization 0.0013, perplexity 39.4955,
Train Epoch: [1/2] Iters:[2130/20018] transplant_loss 18.3572, rec_loss 0.0704, p_loss 0.4372, quant_error 0.4997, utilization 0.0013, perplexity 39.5122,
Train Epoch: [1/2] Iters:[2140/20018] transplant_loss 18.4417, rec_loss 0.0700, p_loss 0.4378, quant_error 0.5000, utilization 0.0013, perplexity 39.4949,
Train Epoch: [1/2] Iters:[2150/20018] transplant_loss 18.4529, rec_loss 0.0698, p_loss 0.4376, quant_error 0.4959, utilization 0.0013, perplexity 39.5561,
Train Epoch: [1/2] Iters:[2160/20018] transplant_loss 18.5200, rec_loss 0.0694, p_loss 0.4371, quant_error 0.4998, utilization 0.0013, perplexity 39.6184,
Train Epoch: [1/2] Iters:[2170/20018] transplant_loss 18.5911, rec_loss 0.0694, p_loss 0.4360, quant_error 0.5001, utilization 0.0013, perplexity 39.6771,
Train Epoch: [1/2] Iters:[2180/20018] transplant_loss 18.6295, rec_loss 0.0698, p_loss 0.4347, quant_error 0.4991, utilization 0.0013, perplexity 39.6542,
Train Epoch: [1/2] Iters:[2190/20018] transplant_loss 18.5356, rec_loss 0.0692, p_loss 0.4326, quant_error 0.4917, utilization 0.0013, perplexity 39.7549,
Train Epoch: [1/2] Iters:[2200/20018] transplant_loss 18.6182, rec_loss 0.0694, p_loss 0.4323, quant_error 0.4972, utilization 0.0013, perplexity 39.7674,
Train Epoch: [1/2] Iters:[2210/20018] transplant_loss 18.5714, rec_loss 0.0681, p_loss 0.4303, quant_error 0.4886, utilization 0.0013, perplexity 39.7364,
Train Epoch: [1/2] Iters:[2220/20018] transplant_loss 18.5901, rec_loss 0.0680, p_loss 0.4307, quant_error 0.4862, utilization 0.0013, perplexity 39.7344,
Train Epoch: [1/2] Iters:[2230/20018] transplant_loss 18.6055, rec_loss 0.0671, p_loss 0.4311, quant_error 0.4861, utilization 0.0013, perplexity 39.8046,
Train Epoch: [1/2] Iters:[2240/20018] transplant_loss 18.6551, rec_loss 0.0677, p_loss 0.4310, quant_error 0.4913, utilization 0.0013, perplexity 39.8849,
Train Epoch: [1/2] Iters:[2250/20018] transplant_loss 18.5497, rec_loss 0.0671, p_loss 0.4304, quant_error 0.4847, utilization 0.0013, perplexity 39.9282,
Train Epoch: [1/2] Iters:[2260/20018] transplant_loss 18.6074, rec_loss 0.0680, p_loss 0.4318, quant_error 0.4921, utilization 0.0013, perplexity 39.9903,
Train Epoch: [1/2] Iters:[2270/20018] transplant_loss 18.5884, rec_loss 0.0675, p_loss 0.4304, quant_error 0.4906, utilization 0.0013, perplexity 40.0451,
Train Epoch: [1/2] Iters:[2280/20018] transplant_loss 18.6059, rec_loss 0.0680, p_loss 0.4302, quant_error 0.4887, utilization 0.0013, perplexity 40.1018,
Train Epoch: [1/2] Iters:[2290/20018] transplant_loss 18.6676, rec_loss 0.0680, p_loss 0.4298, quant_error 0.4882, utilization 0.0013, perplexity 40.0203,
Train Epoch: [1/2] Iters:[2300/20018] transplant_loss 18.7511, rec_loss 0.0681, p_loss 0.4290, quant_error 0.4889, utilization 0.0013, perplexity 39.9919,
Train Epoch: [1/2] Iters:[2310/20018] transplant_loss 18.7164, rec_loss 0.0670, p_loss 0.4277, quant_error 0.4837, utilization 0.0013, perplexity 39.9953,
Train Epoch: [1/2] Iters:[2320/20018] transplant_loss 18.7186, rec_loss 0.0671, p_loss 0.4261, quant_error 0.4816, utilization 0.0013, perplexity 39.9702,
Train Epoch: [1/2] Iters:[2330/20018] transplant_loss 18.7097, rec_loss 0.0667, p_loss 0.4258, quant_error 0.4811, utilization 0.0013, perplexity 39.9727,
Train Epoch: [1/2] Iters:[2340/20018] transplant_loss 18.7034, rec_loss 0.0666, p_loss 0.4248, quant_error 0.4746, utilization 0.0013, perplexity 40.0226,
Train Epoch: [1/2] Iters:[2350/20018] transplant_loss 18.6487, rec_loss 0.0660, p_loss 0.4250, quant_error 0.4739, utilization 0.0013, perplexity 40.1185,
Train Epoch: [1/2] Iters:[2360/20018] transplant_loss 18.7270, rec_loss 0.0670, p_loss 0.4245, quant_error 0.4760, utilization 0.0013, perplexity 40.2020,
Train Epoch: [1/2] Iters:[2370/20018] transplant_loss 18.7818, rec_loss 0.0676, p_loss 0.4259, quant_error 0.4796, utilization 0.0013, perplexity 40.2441,
Train Epoch: [1/2] Iters:[2380/20018] transplant_loss 18.8512, rec_loss 0.0681, p_loss 0.4253, quant_error 0.4806, utilization 0.0013, perplexity 40.2449,
Train Epoch: [1/2] Iters:[2390/20018] transplant_loss 18.9111, rec_loss 0.0677, p_loss 0.4249, quant_error 0.4858, utilization 0.0013, perplexity 40.2547,
Train Epoch: [1/2] Iters:[2400/20018] transplant_loss 18.9324, rec_loss 0.0676, p_loss 0.4231, quant_error 0.4816, utilization 0.0013, perplexity 40.2518,
Train Epoch: [1/2] Iters:[2410/20018] transplant_loss 18.8485, rec_loss 0.0667, p_loss 0.4233, quant_error 0.4807, utilization 0.0013, perplexity 40.2216,
Train Epoch: [1/2] Iters:[2420/20018] transplant_loss 18.9034, rec_loss 0.0666, p_loss 0.4235, quant_error 0.4818, utilization 0.0013, perplexity 40.2670,
Train Epoch: [1/2] Iters:[2430/20018] transplant_loss 18.8889, rec_loss 0.0666, p_loss 0.4237, quant_error 0.4852, utilization 0.0013, perplexity 40.2713,
Train Epoch: [1/2] Iters:[2440/20018] transplant_loss 18.7921, rec_loss 0.0668, p_loss 0.4230, quant_error 0.4848, utilization 0.0013, perplexity 40.3015,
Train Epoch: [1/2] Iters:[2450/20018] transplant_loss 18.8579, rec_loss 0.0674, p_loss 0.4230, quant_error 0.4913, utilization 0.0013, perplexity 40.3188,
Train Epoch: [1/2] Iters:[2460/20018] transplant_loss 18.9043, rec_loss 0.0670, p_loss 0.4210, quant_error 0.4885, utilization 0.0013, perplexity 40.3962,
Train Epoch: [1/2] Iters:[2470/20018] transplant_loss 18.9084, rec_loss 0.0666, p_loss 0.4197, quant_error 0.4862, utilization 0.0013, perplexity 40.3918,
Train Epoch: [1/2] Iters:[2480/20018] transplant_loss 19.0410, rec_loss 0.0665, p_loss 0.4192, quant_error 0.4889, utilization 0.0013, perplexity 40.4317,
Train Epoch: [1/2] Iters:[2490/20018] transplant_loss 19.1213, rec_loss 0.0658, p_loss 0.4201, quant_error 0.4881, utilization 0.0013, perplexity 40.4502,
Train Epoch: [1/2] Iters:[2500/20018] transplant_loss 19.0648, rec_loss 0.0657, p_loss 0.4198, quant_error 0.4847, utilization 0.0013, perplexity 40.4570,
Train Epoch: [1/2] Iters:[2510/20018] transplant_loss 19.1130, rec_loss 0.0668, p_loss 0.4216, quant_error 0.4907, utilization 0.0013, perplexity 40.4744,
Train Epoch: [1/2] Iters:[2520/20018] transplant_loss 19.1425, rec_loss 0.0669, p_loss 0.4215, quant_error 0.4924, utilization 0.0013, perplexity 40.5328,
Train Epoch: [1/2] Iters:[2530/20018] transplant_loss 18.9934, rec_loss 0.0664, p_loss 0.4203, quant_error 0.4843, utilization 0.0013, perplexity 40.5600,
Train Epoch: [1/2] Iters:[2540/20018] transplant_loss 18.8922, rec_loss 0.0672, p_loss 0.4201, quant_error 0.4833, utilization 0.0013, perplexity 40.5728,
Train Epoch: [1/2] Iters:[2550/20018] transplant_loss 18.9996, rec_loss 0.0666, p_loss 0.4197, quant_error 0.4840, utilization 0.0013, perplexity 40.6236,
Train Epoch: [1/2] Iters:[2560/20018] transplant_loss 19.0193, rec_loss 0.0661, p_loss 0.4188, quant_error 0.4826, utilization 0.0013, perplexity 40.6290,
Train Epoch: [1/2] Iters:[2570/20018] transplant_loss 18.9777, rec_loss 0.0661, p_loss 0.4174, quant_error 0.4781, utilization 0.0013, perplexity 40.5889,
Train Epoch: [1/2] Iters:[2580/20018] transplant_loss 18.8980, rec_loss 0.0656, p_loss 0.4162, quant_error 0.4760, utilization 0.0013, perplexity 40.5986,
Train Epoch: [1/2] Iters:[2590/20018] transplant_loss 18.9911, rec_loss 0.0655, p_loss 0.4165, quant_error 0.4791, utilization 0.0013, perplexity 40.5802,
Train Epoch: [1/2] Iters:[2600/20018] transplant_loss 19.0162, rec_loss 0.0659, p_loss 0.4171, quant_error 0.4796, utilization 0.0013, perplexity 40.5930,
Train Epoch: [1/2] Iters:[2610/20018] transplant_loss 18.9097, rec_loss 0.0655, p_loss 0.4162, quant_error 0.4742, utilization 0.0013, perplexity 40.5915,
Train Epoch: [1/2] Iters:[2620/20018] transplant_loss 18.8497, rec_loss 0.0650, p_loss 0.4163, quant_error 0.4770, utilization 0.0013, perplexity 40.6504,
Train Epoch: [1/2] Iters:[2630/20018] transplant_loss 18.9954, rec_loss 0.0658, p_loss 0.4173, quant_error 0.4786, utilization 0.0013, perplexity 40.6492,
