dataset_dir: /projects/yuanai/data/
dataset_name: ImageNet
global_batch_size: 64
workers: 6
resolution: 256
channels: 3
ms_patch_size: 1_2_3_4_5_6_8_10_13_16
importance: (1, 1, 1, 2, 2, 2, 3, 3, 5, 5)
max_patch_size: 16
codebook_size: 16384
codebook_dim: 16
project_dim: 16
pq: 1
L: 4
alpha: 1.0
beta: 1.0
gamma: 0.0
disc_weight: 0.3
lecam_loss_weight: 0.001
disc_cr_loss_weight: 4.0
VQ: vanilla_vq
use_multiscale: False
transplant_epochs: 2
refinement_epochs: 5
eval_epochs: 1
disc_epoch: 1
lr_transplant: 0.0001
lr_refinement: 1e-05
dropout: 0.0
seed: 3407
weight_decay: 1e-05
stage: transplant
path: bc
checkpoint_dir: /projects/yuanai/projects/VQ-Transplant3/checkpoint/Transplant/ImageNet
results_dir: /projects/yuanai/projects/VQ-Transplant3/results/Transplant/ImageNet
saver_dir: /projects/yuanai/projects/VQ-Transplant3/saver/Transplant/ImageNet
reconstruction_dir: /projects/yuanai/projects/VQ-Transplant3/reconstruction/Transplant/ImageNet
yaml_dir: /projects/yuanai/projects/VQ-Transplant3/yaml/Transplant/ImageNet
pretrained_tokenizer: /projects/yuanai/projects/VQ-Transplant3/pretrained_tokenizer/vae_ch160v4096z32.pth
checkpoint_name: 
nnodes: -1
node_rank: -1
local_rank: 0
dist_url: tcp://224.66.41.62:23456
dist_backend: nccl
world_size: 2
batch_size: 32
ms_token_size: (1, 2, 3, 4, 5, 6, 8, 10, 13, 16)
init_checkpoint_dir: /projects/yuanai/projects/VQ-Transplant3/checkpoint/
data_pre: ImageNet
model_pre: model_16384_16_1
loss_pre: loss_1.0_1.0_0.0_0.3
training_pre: vanilla_vq_transplant_False
saver_name_pre: vanilla_vq_transplant_False_ImageNet_model_16384_16_1_loss_1.0_1.0_0.0_0.3
| distributed init (rank 0): env://
| distributed init (rank 1): env://
loaded pretrained LPIPS loss from /projects/yuanai/projects/VQ-Transplant3/code/models/cache/vgg.pth
VQ Model Parameters: 108761795
dataset name: ImageNet
len train_set: 1281167
len val_set: 50000
Start training...
epoch:1, cur_lr:0.000100
Train Epoch: [1/2] Iters:[10/20018] transplant_loss 8.3772, rec_loss 0.4682, p_loss 0.8188, quant_error 1.3833, utilization 0.0490, perplexity 305.9893,
Train Epoch: [1/2] Iters:[20/20018] transplant_loss 10.1878, rec_loss 0.4171, p_loss 0.7876, quant_error 1.1125, utilization 0.0331, perplexity 178.7087,
Train Epoch: [1/2] Iters:[30/20018] transplant_loss 16.7077, rec_loss 0.3756, p_loss 0.7637, quant_error 1.0012, utilization 0.0267, perplexity 124.4253,
Train Epoch: [1/2] Iters:[40/20018] transplant_loss 31.6141, rec_loss 0.3559, p_loss 0.7520, quant_error 0.9409, utilization 0.0225, perplexity 94.7515,
Train Epoch: [1/2] Iters:[50/20018] transplant_loss 57.2674, rec_loss 0.3377, p_loss 0.7527, quant_error 0.9166, utilization 0.0196, perplexity 76.5450,
Train Epoch: [1/2] Iters:[60/20018] transplant_loss 112.2175, rec_loss 0.2878, p_loss 0.7333, quant_error 0.7857, utilization 0.0111, perplexity 16.0091,
Train Epoch: [1/2] Iters:[70/20018] transplant_loss 181.7369, rec_loss 0.2540, p_loss 0.7245, quant_error 0.7507, utilization 0.0088, perplexity 6.3713,
Train Epoch: [1/2] Iters:[80/20018] transplant_loss 223.0232, rec_loss 0.2344, p_loss 0.7179, quant_error 0.7275, utilization 0.0071, perplexity 3.8652,
Train Epoch: [1/2] Iters:[90/20018] transplant_loss 234.5592, rec_loss 0.2133, p_loss 0.7104, quant_error 0.7077, utilization 0.0062, perplexity 3.4110,
Train Epoch: [1/2] Iters:[100/20018] transplant_loss 225.7743, rec_loss 0.1966, p_loss 0.6939, quant_error 0.6746, utilization 0.0056, perplexity 3.3644,
Train Epoch: [1/2] Iters:[110/20018] transplant_loss 199.9194, rec_loss 0.1887, p_loss 0.6855, quant_error 0.6663, utilization 0.0053, perplexity 3.3813,
Train Epoch: [1/2] Iters:[120/20018] transplant_loss 169.5674, rec_loss 0.1861, p_loss 0.6798, quant_error 0.6622, utilization 0.0050, perplexity 3.4067,
Train Epoch: [1/2] Iters:[130/20018] transplant_loss 162.3010, rec_loss 0.1825, p_loss 0.6816, quant_error 0.6635, utilization 0.0046, perplexity 3.4324,
Train Epoch: [1/2] Iters:[140/20018] transplant_loss 178.2713, rec_loss 0.1778, p_loss 0.6839, quant_error 0.6504, utilization 0.0042, perplexity 3.4447,
Train Epoch: [1/2] Iters:[150/20018] transplant_loss 202.1464, rec_loss 0.1751, p_loss 0.6879, quant_error 0.6506, utilization 0.0038, perplexity 3.4851,
Train Epoch: [1/2] Iters:[160/20018] transplant_loss 216.4605, rec_loss 0.1725, p_loss 0.6870, quant_error 0.6399, utilization 0.0035, perplexity 3.5641,
Train Epoch: [1/2] Iters:[170/20018] transplant_loss 212.4944, rec_loss 0.1685, p_loss 0.6890, quant_error 0.6364, utilization 0.0033, perplexity 3.7286,
Train Epoch: [1/2] Iters:[180/20018] transplant_loss 218.3002, rec_loss 0.1686, p_loss 0.6878, quant_error 0.6284, utilization 0.0031, perplexity 3.9196,
Train Epoch: [1/2] Iters:[190/20018] transplant_loss 217.6594, rec_loss 0.1682, p_loss 0.6839, quant_error 0.6332, utilization 0.0029, perplexity 4.1118,
Train Epoch: [1/2] Iters:[200/20018] transplant_loss 208.3561, rec_loss 0.1687, p_loss 0.6797, quant_error 0.6291, utilization 0.0027, perplexity 4.3174,
Train Epoch: [1/2] Iters:[210/20018] transplant_loss 213.8541, rec_loss 0.1694, p_loss 0.6809, quant_error 0.6243, utilization 0.0026, perplexity 4.4946,
Train Epoch: [1/2] Iters:[220/20018] transplant_loss 220.6513, rec_loss 0.1693, p_loss 0.6765, quant_error 0.6246, utilization 0.0025, perplexity 4.6180,
Train Epoch: [1/2] Iters:[230/20018] transplant_loss 213.5743, rec_loss 0.1655, p_loss 0.6736, quant_error 0.6265, utilization 0.0024, perplexity 4.7982,
Train Epoch: [1/2] Iters:[240/20018] transplant_loss 204.5762, rec_loss 0.1647, p_loss 0.6744, quant_error 0.6310, utilization 0.0023, perplexity 5.0654,
Train Epoch: [1/2] Iters:[250/20018] transplant_loss 206.5129, rec_loss 0.1638, p_loss 0.6757, quant_error 0.6282, utilization 0.0022, perplexity 5.2445,
Train Epoch: [1/2] Iters:[260/20018] transplant_loss 190.4397, rec_loss 0.1605, p_loss 0.6728, quant_error 0.6242, utilization 0.0022, perplexity 5.4564,
Train Epoch: [1/2] Iters:[270/20018] transplant_loss 177.8891, rec_loss 0.1603, p_loss 0.6715, quant_error 0.6216, utilization 0.0021, perplexity 5.7484,
Train Epoch: [1/2] Iters:[280/20018] transplant_loss 172.9657, rec_loss 0.1584, p_loss 0.6733, quant_error 0.6157, utilization 0.0021, perplexity 5.9965,
Train Epoch: [1/2] Iters:[290/20018] transplant_loss 173.5398, rec_loss 0.1548, p_loss 0.6717, quant_error 0.6108, utilization 0.0021, perplexity 6.1489,
Train Epoch: [1/2] Iters:[300/20018] transplant_loss 158.1040, rec_loss 0.1505, p_loss 0.6661, quant_error 0.6122, utilization 0.0022, perplexity 6.4804,
Train Epoch: [1/2] Iters:[310/20018] transplant_loss 138.3185, rec_loss 0.1479, p_loss 0.6663, quant_error 0.6166, utilization 0.0022, perplexity 6.8493,
Train Epoch: [1/2] Iters:[320/20018] transplant_loss 122.4697, rec_loss 0.1444, p_loss 0.6656, quant_error 0.6216, utilization 0.0022, perplexity 7.0917,
Train Epoch: [1/2] Iters:[330/20018] transplant_loss 111.0996, rec_loss 0.1409, p_loss 0.6599, quant_error 0.6262, utilization 0.0022, perplexity 7.2528,
Train Epoch: [1/2] Iters:[340/20018] transplant_loss 96.6176, rec_loss 0.1373, p_loss 0.6571, quant_error 0.6227, utilization 0.0021, perplexity 7.5555,
Train Epoch: [1/2] Iters:[350/20018] transplant_loss 89.2818, rec_loss 0.1336, p_loss 0.6563, quant_error 0.6229, utilization 0.0021, perplexity 7.7156,
Train Epoch: [1/2] Iters:[360/20018] transplant_loss 82.3588, rec_loss 0.1293, p_loss 0.6523, quant_error 0.6237, utilization 0.0021, perplexity 7.8909,
Train Epoch: [1/2] Iters:[370/20018] transplant_loss 72.5530, rec_loss 0.1234, p_loss 0.6472, quant_error 0.6160, utilization 0.0022, perplexity 8.1505,
Train Epoch: [1/2] Iters:[380/20018] transplant_loss 54.4749, rec_loss 0.1222, p_loss 0.6454, quant_error 0.6148, utilization 0.0022, perplexity 8.5830,
Train Epoch: [1/2] Iters:[390/20018] transplant_loss 40.3708, rec_loss 0.1194, p_loss 0.6431, quant_error 0.6163, utilization 0.0022, perplexity 8.8037,
Train Epoch: [1/2] Iters:[400/20018] transplant_loss 29.2447, rec_loss 0.1179, p_loss 0.6406, quant_error 0.6086, utilization 0.0023, perplexity 8.9933,
Train Epoch: [1/2] Iters:[410/20018] transplant_loss 26.8605, rec_loss 0.1166, p_loss 0.6371, quant_error 0.6062, utilization 0.0023, perplexity 9.1261,
Train Epoch: [1/2] Iters:[420/20018] transplant_loss 25.2896, rec_loss 0.1158, p_loss 0.6375, quant_error 0.6028, utilization 0.0023, perplexity 9.3082,
Train Epoch: [1/2] Iters:[430/20018] transplant_loss 25.3553, rec_loss 0.1132, p_loss 0.6368, quant_error 0.6004, utilization 0.0023, perplexity 9.3379,
Train Epoch: [1/2] Iters:[440/20018] transplant_loss 25.1882, rec_loss 0.1130, p_loss 0.6344, quant_error 0.6014, utilization 0.0023, perplexity 9.4753,
Train Epoch: [1/2] Iters:[450/20018] transplant_loss 23.7311, rec_loss 0.1103, p_loss 0.6317, quant_error 0.6003, utilization 0.0023, perplexity 9.7008,
Train Epoch: [1/2] Iters:[460/20018] transplant_loss 21.5683, rec_loss 0.1097, p_loss 0.6294, quant_error 0.5964, utilization 0.0023, perplexity 9.9994,
Train Epoch: [1/2] Iters:[470/20018] transplant_loss 19.6039, rec_loss 0.1073, p_loss 0.6260, quant_error 0.6004, utilization 0.0023, perplexity 10.2596,
Train Epoch: [1/2] Iters:[480/20018] transplant_loss 18.8712, rec_loss 0.1060, p_loss 0.6217, quant_error 0.5988, utilization 0.0023, perplexity 10.4789,
Train Epoch: [1/2] Iters:[490/20018] transplant_loss 18.2414, rec_loss 0.1033, p_loss 0.6178, quant_error 0.5942, utilization 0.0023, perplexity 10.7168,
Train Epoch: [1/2] Iters:[500/20018] transplant_loss 18.1531, rec_loss 0.1035, p_loss 0.6162, quant_error 0.5969, utilization 0.0023, perplexity 10.9496,
Train Epoch: [1/2] Iters:[510/20018] transplant_loss 17.7454, rec_loss 0.1025, p_loss 0.6150, quant_error 0.6006, utilization 0.0023, perplexity 11.1839,
Train Epoch: [1/2] Iters:[520/20018] transplant_loss 18.0351, rec_loss 0.1031, p_loss 0.6122, quant_error 0.5931, utilization 0.0023, perplexity 11.3564,
Train Epoch: [1/2] Iters:[530/20018] transplant_loss 17.4027, rec_loss 0.1032, p_loss 0.6107, quant_error 0.5891, utilization 0.0023, perplexity 11.5731,
Train Epoch: [1/2] Iters:[540/20018] transplant_loss 17.2805, rec_loss 0.1032, p_loss 0.6099, quant_error 0.5876, utilization 0.0023, perplexity 11.6736,
Train Epoch: [1/2] Iters:[550/20018] transplant_loss 16.7873, rec_loss 0.1027, p_loss 0.6088, quant_error 0.5885, utilization 0.0023, perplexity 11.8189,
Train Epoch: [1/2] Iters:[560/20018] transplant_loss 17.1498, rec_loss 0.1016, p_loss 0.6069, quant_error 0.5842, utilization 0.0023, perplexity 12.0031,
Train Epoch: [1/2] Iters:[570/20018] transplant_loss 17.0449, rec_loss 0.1010, p_loss 0.6066, quant_error 0.5867, utilization 0.0023, perplexity 12.1158,
Train Epoch: [1/2] Iters:[580/20018] transplant_loss 16.8350, rec_loss 0.0994, p_loss 0.6066, quant_error 0.5906, utilization 0.0023, perplexity 12.2828,
Train Epoch: [1/2] Iters:[590/20018] transplant_loss 15.5991, rec_loss 0.0993, p_loss 0.6062, quant_error 0.5920, utilization 0.0023, perplexity 12.5272,
Train Epoch: [1/2] Iters:[600/20018] transplant_loss 14.8013, rec_loss 0.0984, p_loss 0.6055, quant_error 0.5903, utilization 0.0023, perplexity 12.7124,
Train Epoch: [1/2] Iters:[610/20018] transplant_loss 14.2554, rec_loss 0.0976, p_loss 0.6054, quant_error 0.5865, utilization 0.0023, perplexity 12.8088,
Train Epoch: [1/2] Iters:[620/20018] transplant_loss 13.8203, rec_loss 0.0969, p_loss 0.6048, quant_error 0.5894, utilization 0.0023, perplexity 12.9885,
Train Epoch: [1/2] Iters:[630/20018] transplant_loss 13.2368, rec_loss 0.0958, p_loss 0.6023, quant_error 0.5827, utilization 0.0023, perplexity 13.1793,
Train Epoch: [1/2] Iters:[640/20018] transplant_loss 12.8785, rec_loss 0.0953, p_loss 0.6020, quant_error 0.5808, utilization 0.0023, perplexity 13.3568,
Train Epoch: [1/2] Iters:[650/20018] transplant_loss 12.1553, rec_loss 0.0951, p_loss 0.6017, quant_error 0.5799, utilization 0.0024, perplexity 13.5022,
Train Epoch: [1/2] Iters:[660/20018] transplant_loss 11.9752, rec_loss 0.0939, p_loss 0.6008, quant_error 0.5806, utilization 0.0024, perplexity 13.5820,
Train Epoch: [1/2] Iters:[670/20018] transplant_loss 11.6843, rec_loss 0.0938, p_loss 0.6000, quant_error 0.5803, utilization 0.0024, perplexity 13.7017,
Train Epoch: [1/2] Iters:[680/20018] transplant_loss 11.6309, rec_loss 0.0946, p_loss 0.6003, quant_error 0.5816, utilization 0.0024, perplexity 13.8188,
Train Epoch: [1/2] Iters:[690/20018] transplant_loss 11.5132, rec_loss 0.0935, p_loss 0.5985, quant_error 0.5774, utilization 0.0024, perplexity 13.9546,
Train Epoch: [1/2] Iters:[700/20018] transplant_loss 11.5994, rec_loss 0.0931, p_loss 0.5961, quant_error 0.5775, utilization 0.0024, perplexity 14.1135,
Train Epoch: [1/2] Iters:[710/20018] transplant_loss 11.0338, rec_loss 0.0938, p_loss 0.5951, quant_error 0.5826, utilization 0.0024, perplexity 14.3623,
Train Epoch: [1/2] Iters:[720/20018] transplant_loss 10.8890, rec_loss 0.0920, p_loss 0.5930, quant_error 0.5801, utilization 0.0024, perplexity 14.5997,
Train Epoch: [1/2] Iters:[730/20018] transplant_loss 10.5450, rec_loss 0.0909, p_loss 0.5909, quant_error 0.5809, utilization 0.0024, perplexity 14.8190,
Train Epoch: [1/2] Iters:[740/20018] transplant_loss 9.8102, rec_loss 0.0914, p_loss 0.5903, quant_error 0.5907, utilization 0.0024, perplexity 15.0459,
Train Epoch: [1/2] Iters:[750/20018] transplant_loss 9.2309, rec_loss 0.0898, p_loss 0.5884, quant_error 0.5860, utilization 0.0024, perplexity 15.2276,
Train Epoch: [1/2] Iters:[760/20018] transplant_loss 8.9311, rec_loss 0.0879, p_loss 0.5867, quant_error 0.5806, utilization 0.0024, perplexity 15.3582,
Train Epoch: [1/2] Iters:[770/20018] transplant_loss 8.6467, rec_loss 0.0883, p_loss 0.5856, quant_error 0.5734, utilization 0.0024, perplexity 15.5460,
Train Epoch: [1/2] Iters:[780/20018] transplant_loss 8.4234, rec_loss 0.0881, p_loss 0.5855, quant_error 0.5728, utilization 0.0024, perplexity 15.6359,
Train Epoch: [1/2] Iters:[790/20018] transplant_loss 8.4191, rec_loss 0.0874, p_loss 0.5844, quant_error 0.5693, utilization 0.0024, perplexity 15.8565,
Train Epoch: [1/2] Iters:[800/20018] transplant_loss 8.4975, rec_loss 0.0880, p_loss 0.5858, quant_error 0.5695, utilization 0.0024, perplexity 16.1298,
Train Epoch: [1/2] Iters:[810/20018] transplant_loss 8.6074, rec_loss 0.0897, p_loss 0.5873, quant_error 0.5716, utilization 0.0024, perplexity 16.3807,
Train Epoch: [1/2] Iters:[820/20018] transplant_loss 8.6279, rec_loss 0.0898, p_loss 0.5869, quant_error 0.5774, utilization 0.0025, perplexity 16.5601,
Train Epoch: [1/2] Iters:[830/20018] transplant_loss 8.8128, rec_loss 0.0897, p_loss 0.5853, quant_error 0.5753, utilization 0.0025, perplexity 16.8057,
Train Epoch: [1/2] Iters:[840/20018] transplant_loss 8.7601, rec_loss 0.0894, p_loss 0.5838, quant_error 0.5699, utilization 0.0025, perplexity 16.9106,
Train Epoch: [1/2] Iters:[850/20018] transplant_loss 8.8570, rec_loss 0.0888, p_loss 0.5800, quant_error 0.5685, utilization 0.0025, perplexity 17.0260,
Train Epoch: [1/2] Iters:[860/20018] transplant_loss 8.7067, rec_loss 0.0877, p_loss 0.5768, quant_error 0.5665, utilization 0.0025, perplexity 17.1846,
Train Epoch: [1/2] Iters:[870/20018] transplant_loss 8.6240, rec_loss 0.0872, p_loss 0.5765, quant_error 0.5664, utilization 0.0025, perplexity 17.3512,
Train Epoch: [1/2] Iters:[880/20018] transplant_loss 8.5249, rec_loss 0.0872, p_loss 0.5752, quant_error 0.5666, utilization 0.0025, perplexity 17.4931,
Train Epoch: [1/2] Iters:[890/20018] transplant_loss 8.4765, rec_loss 0.0864, p_loss 0.5740, quant_error 0.5648, utilization 0.0025, perplexity 17.6098,
Train Epoch: [1/2] Iters:[900/20018] transplant_loss 8.1200, rec_loss 0.0861, p_loss 0.5742, quant_error 0.5666, utilization 0.0025, perplexity 17.7169,
Train Epoch: [1/2] Iters:[910/20018] transplant_loss 8.1658, rec_loss 0.0861, p_loss 0.5737, quant_error 0.5680, utilization 0.0025, perplexity 17.9005,
Train Epoch: [1/2] Iters:[920/20018] transplant_loss 8.1349, rec_loss 0.0862, p_loss 0.5716, quant_error 0.5647, utilization 0.0025, perplexity 18.0807,
Train Epoch: [1/2] Iters:[930/20018] transplant_loss 7.9121, rec_loss 0.0855, p_loss 0.5717, quant_error 0.5649, utilization 0.0025, perplexity 18.1880,
Train Epoch: [1/2] Iters:[940/20018] transplant_loss 7.7356, rec_loss 0.0856, p_loss 0.5709, quant_error 0.5667, utilization 0.0025, perplexity 18.4277,
Train Epoch: [1/2] Iters:[950/20018] transplant_loss 7.6453, rec_loss 0.0854, p_loss 0.5700, quant_error 0.5657, utilization 0.0025, perplexity 18.5162,
Train Epoch: [1/2] Iters:[960/20018] transplant_loss 7.5594, rec_loss 0.0855, p_loss 0.5693, quant_error 0.5656, utilization 0.0025, perplexity 18.5673,
Train Epoch: [1/2] Iters:[970/20018] transplant_loss 7.4647, rec_loss 0.0846, p_loss 0.5674, quant_error 0.5631, utilization 0.0025, perplexity 18.6269,
Train Epoch: [1/2] Iters:[980/20018] transplant_loss 7.4723, rec_loss 0.0844, p_loss 0.5654, quant_error 0.5587, utilization 0.0025, perplexity 18.8615,
Train Epoch: [1/2] Iters:[990/20018] transplant_loss 7.4775, rec_loss 0.0835, p_loss 0.5632, quant_error 0.5532, utilization 0.0025, perplexity 19.0580,
Train Epoch: [1/2] Iters:[1000/20018] transplant_loss 7.5176, rec_loss 0.0846, p_loss 0.5625, quant_error 0.5557, utilization 0.0025, perplexity 19.3707,
Train Epoch: [1/2] Iters:[1010/20018] transplant_loss 7.4665, rec_loss 0.0836, p_loss 0.5594, quant_error 0.5519, utilization 0.0025, perplexity 19.6052,
Train Epoch: [1/2] Iters:[1020/20018] transplant_loss 7.4504, rec_loss 0.0834, p_loss 0.5589, quant_error 0.5546, utilization 0.0025, perplexity 19.8267,
Train Epoch: [1/2] Iters:[1030/20018] transplant_loss 7.3459, rec_loss 0.0832, p_loss 0.5589, quant_error 0.5599, utilization 0.0025, perplexity 20.0585,
Train Epoch: [1/2] Iters:[1040/20018] transplant_loss 7.2736, rec_loss 0.0832, p_loss 0.5583, quant_error 0.5623, utilization 0.0025, perplexity 20.1706,
Train Epoch: [1/2] Iters:[1050/20018] transplant_loss 7.1508, rec_loss 0.0820, p_loss 0.5563, quant_error 0.5587, utilization 0.0025, perplexity 20.2492,
Train Epoch: [1/2] Iters:[1060/20018] transplant_loss 7.0773, rec_loss 0.0822, p_loss 0.5559, quant_error 0.5580, utilization 0.0025, perplexity 20.3890,
Train Epoch: [1/2] Iters:[1070/20018] transplant_loss 7.0198, rec_loss 0.0818, p_loss 0.5552, quant_error 0.5542, utilization 0.0025, perplexity 20.4922,
Train Epoch: [1/2] Iters:[1080/20018] transplant_loss 7.0843, rec_loss 0.0809, p_loss 0.5531, quant_error 0.5520, utilization 0.0025, perplexity 20.5965,
Train Epoch: [1/2] Iters:[1090/20018] transplant_loss 7.0913, rec_loss 0.0809, p_loss 0.5509, quant_error 0.5502, utilization 0.0025, perplexity 20.7892,
Train Epoch: [1/2] Iters:[1100/20018] transplant_loss 7.0488, rec_loss 0.0806, p_loss 0.5504, quant_error 0.5508, utilization 0.0025, perplexity 21.0937,
Train Epoch: [1/2] Iters:[1110/20018] transplant_loss 7.0578, rec_loss 0.0803, p_loss 0.5480, quant_error 0.5481, utilization 0.0025, perplexity 21.2898,
Train Epoch: [1/2] Iters:[1120/20018] transplant_loss 7.0257, rec_loss 0.0813, p_loss 0.5474, quant_error 0.5529, utilization 0.0025, perplexity 21.4858,
Train Epoch: [1/2] Iters:[1130/20018] transplant_loss 7.0457, rec_loss 0.0820, p_loss 0.5465, quant_error 0.5513, utilization 0.0025, perplexity 21.5997,
Train Epoch: [1/2] Iters:[1140/20018] transplant_loss 6.9974, rec_loss 0.0831, p_loss 0.5474, quant_error 0.5585, utilization 0.0025, perplexity 21.7321,
Train Epoch: [1/2] Iters:[1150/20018] transplant_loss 7.0164, rec_loss 0.0828, p_loss 0.5453, quant_error 0.5579, utilization 0.0025, perplexity 21.8588,
Train Epoch: [1/2] Iters:[1160/20018] transplant_loss 7.0366, rec_loss 0.0847, p_loss 0.5458, quant_error 0.5645, utilization 0.0025, perplexity 21.9688,
Train Epoch: [1/2] Iters:[1170/20018] transplant_loss 7.0022, rec_loss 0.0832, p_loss 0.5432, quant_error 0.5584, utilization 0.0025, perplexity 22.1964,
Train Epoch: [1/2] Iters:[1180/20018] transplant_loss 6.8891, rec_loss 0.0824, p_loss 0.5407, quant_error 0.5544, utilization 0.0025, perplexity 22.3656,
Train Epoch: [1/2] Iters:[1190/20018] transplant_loss 6.9237, rec_loss 0.0822, p_loss 0.5393, quant_error 0.5498, utilization 0.0025, perplexity 22.4911,
Train Epoch: [1/2] Iters:[1200/20018] transplant_loss 6.9041, rec_loss 0.0822, p_loss 0.5388, quant_error 0.5472, utilization 0.0025, perplexity 22.6265,
Train Epoch: [1/2] Iters:[1210/20018] transplant_loss 6.8685, rec_loss 0.0797, p_loss 0.5369, quant_error 0.5414, utilization 0.0025, perplexity 22.8447,
Train Epoch: [1/2] Iters:[1220/20018] transplant_loss 6.8652, rec_loss 0.0800, p_loss 0.5346, quant_error 0.5416, utilization 0.0025, perplexity 22.9915,
Train Epoch: [1/2] Iters:[1230/20018] transplant_loss 6.8267, rec_loss 0.0811, p_loss 0.5349, quant_error 0.5485, utilization 0.0025, perplexity 23.3386,
Train Epoch: [1/2] Iters:[1240/20018] transplant_loss 6.7990, rec_loss 0.0813, p_loss 0.5349, quant_error 0.5505, utilization 0.0025, perplexity 23.6538,
Train Epoch: [1/2] Iters:[1250/20018] transplant_loss 6.8753, rec_loss 0.0813, p_loss 0.5333, quant_error 0.5494, utilization 0.0025, perplexity 23.8382,
Train Epoch: [1/2] Iters:[1260/20018] transplant_loss 6.9022, rec_loss 0.0822, p_loss 0.5324, quant_error 0.5543, utilization 0.0025, perplexity 24.0965,
Train Epoch: [1/2] Iters:[1270/20018] transplant_loss 6.9416, rec_loss 0.0823, p_loss 0.5320, quant_error 0.5548, utilization 0.0025, perplexity 24.3808,
Train Epoch: [1/2] Iters:[1280/20018] transplant_loss 7.0617, rec_loss 0.0816, p_loss 0.5312, quant_error 0.5514, utilization 0.0025, perplexity 24.4951,
Train Epoch: [1/2] Iters:[1290/20018] transplant_loss 7.1367, rec_loss 0.0802, p_loss 0.5281, quant_error 0.5486, utilization 0.0025, perplexity 24.6453,
Train Epoch: [1/2] Iters:[1300/20018] transplant_loss 7.1583, rec_loss 0.0802, p_loss 0.5272, quant_error 0.5487, utilization 0.0025, perplexity 24.9274,
Train Epoch: [1/2] Iters:[1310/20018] transplant_loss 7.2017, rec_loss 0.0793, p_loss 0.5259, quant_error 0.5476, utilization 0.0025, perplexity 25.1080,
Train Epoch: [1/2] Iters:[1320/20018] transplant_loss 7.3251, rec_loss 0.0801, p_loss 0.5269, quant_error 0.5547, utilization 0.0025, perplexity 25.3138,
Train Epoch: [1/2] Iters:[1330/20018] transplant_loss 7.4125, rec_loss 0.0789, p_loss 0.5229, quant_error 0.5497, utilization 0.0025, perplexity 25.5637,
Train Epoch: [1/2] Iters:[1340/20018] transplant_loss 7.4744, rec_loss 0.0785, p_loss 0.5209, quant_error 0.5474, utilization 0.0025, perplexity 25.7448,
Train Epoch: [1/2] Iters:[1350/20018] transplant_loss 7.5633, rec_loss 0.0788, p_loss 0.5192, quant_error 0.5444, utilization 0.0025, perplexity 25.7990,
Train Epoch: [1/2] Iters:[1360/20018] transplant_loss 7.6417, rec_loss 0.0783, p_loss 0.5175, quant_error 0.5337, utilization 0.0025, perplexity 25.8979,
Train Epoch: [1/2] Iters:[1370/20018] transplant_loss 7.7509, rec_loss 0.0783, p_loss 0.5153, quant_error 0.5313, utilization 0.0025, perplexity 26.0503,
Train Epoch: [1/2] Iters:[1380/20018] transplant_loss 7.8304, rec_loss 0.0789, p_loss 0.5159, quant_error 0.5318, utilization 0.0025, perplexity 26.1061,
Train Epoch: [1/2] Iters:[1390/20018] transplant_loss 7.8943, rec_loss 0.0796, p_loss 0.5155, quant_error 0.5308, utilization 0.0025, perplexity 26.2357,
Train Epoch: [1/2] Iters:[1400/20018] transplant_loss 7.9021, rec_loss 0.0795, p_loss 0.5143, quant_error 0.5382, utilization 0.0025, perplexity 26.4452,
Train Epoch: [1/2] Iters:[1410/20018] transplant_loss 7.9327, rec_loss 0.0799, p_loss 0.5141, quant_error 0.5495, utilization 0.0025, perplexity 26.7335,
Train Epoch: [1/2] Iters:[1420/20018] transplant_loss 7.8974, rec_loss 0.0789, p_loss 0.5120, quant_error 0.5408, utilization 0.0025, perplexity 26.8219,
Train Epoch: [1/2] Iters:[1430/20018] transplant_loss 7.9722, rec_loss 0.0780, p_loss 0.5098, quant_error 0.5393, utilization 0.0025, perplexity 27.0693,
Train Epoch: [1/2] Iters:[1440/20018] transplant_loss 8.0800, rec_loss 0.0775, p_loss 0.5088, quant_error 0.5430, utilization 0.0025, perplexity 27.2563,
Train Epoch: [1/2] Iters:[1450/20018] transplant_loss 8.2224, rec_loss 0.0762, p_loss 0.5072, quant_error 0.5349, utilization 0.0025, perplexity 27.4437,
Train Epoch: [1/2] Iters:[1460/20018] transplant_loss 8.3468, rec_loss 0.0759, p_loss 0.5057, quant_error 0.5289, utilization 0.0025, perplexity 27.5540,
Train Epoch: [1/2] Iters:[1470/20018] transplant_loss 8.4898, rec_loss 0.0765, p_loss 0.5040, quant_error 0.5321, utilization 0.0025, perplexity 27.6728,
Train Epoch: [1/2] Iters:[1480/20018] transplant_loss 8.5459, rec_loss 0.0769, p_loss 0.5043, quant_error 0.5341, utilization 0.0025, perplexity 27.8250,
Train Epoch: [1/2] Iters:[1490/20018] transplant_loss 8.6330, rec_loss 0.0772, p_loss 0.5038, quant_error 0.5314, utilization 0.0025, perplexity 27.9677,
Train Epoch: [1/2] Iters:[1500/20018] transplant_loss 8.7450, rec_loss 0.0774, p_loss 0.5026, quant_error 0.5294, utilization 0.0025, perplexity 28.0861,
Train Epoch: [1/2] Iters:[1510/20018] transplant_loss 8.8240, rec_loss 0.0777, p_loss 0.5026, quant_error 0.5335, utilization 0.0025, perplexity 28.2268,
Train Epoch: [1/2] Iters:[1520/20018] transplant_loss 8.8996, rec_loss 0.0775, p_loss 0.5013, quant_error 0.5322, utilization 0.0025, perplexity 28.4165,
Train Epoch: [1/2] Iters:[1530/20018] transplant_loss 9.0549, rec_loss 0.0781, p_loss 0.5008, quant_error 0.5347, utilization 0.0025, perplexity 28.4449,
Train Epoch: [1/2] Iters:[1540/20018] transplant_loss 9.1780, rec_loss 0.0784, p_loss 0.4992, quant_error 0.5338, utilization 0.0025, perplexity 28.4958,
Train Epoch: [1/2] Iters:[1550/20018] transplant_loss 9.2398, rec_loss 0.0792, p_loss 0.4993, quant_error 0.5396, utilization 0.0025, perplexity 28.6449,
Train Epoch: [1/2] Iters:[1560/20018] transplant_loss 9.3369, rec_loss 0.0785, p_loss 0.4974, quant_error 0.5333, utilization 0.0025, perplexity 28.7127,
Train Epoch: [1/2] Iters:[1570/20018] transplant_loss 9.4131, rec_loss 0.0778, p_loss 0.4977, quant_error 0.5332, utilization 0.0025, perplexity 28.8093,
Train Epoch: [1/2] Iters:[1580/20018] transplant_loss 9.4642, rec_loss 0.0769, p_loss 0.4944, quant_error 0.5275, utilization 0.0025, perplexity 28.9661,
Train Epoch: [1/2] Iters:[1590/20018] transplant_loss 9.4876, rec_loss 0.0765, p_loss 0.4931, quant_error 0.5260, utilization 0.0025, perplexity 29.1000,
Train Epoch: [1/2] Iters:[1600/20018] transplant_loss 9.5188, rec_loss 0.0755, p_loss 0.4920, quant_error 0.5226, utilization 0.0025, perplexity 29.1846,
Train Epoch: [1/2] Iters:[1610/20018] transplant_loss 9.5603, rec_loss 0.0759, p_loss 0.4898, quant_error 0.5262, utilization 0.0025, perplexity 29.3000,
Train Epoch: [1/2] Iters:[1620/20018] transplant_loss 9.6503, rec_loss 0.0766, p_loss 0.4887, quant_error 0.5304, utilization 0.0025, perplexity 29.3825,
Train Epoch: [1/2] Iters:[1630/20018] transplant_loss 9.6739, rec_loss 0.0766, p_loss 0.4882, quant_error 0.5289, utilization 0.0025, perplexity 29.4914,
Train Epoch: [1/2] Iters:[1640/20018] transplant_loss 9.7445, rec_loss 0.0761, p_loss 0.4873, quant_error 0.5294, utilization 0.0025, perplexity 29.6996,
Train Epoch: [1/2] Iters:[1650/20018] transplant_loss 9.8527, rec_loss 0.0764, p_loss 0.4852, quant_error 0.5285, utilization 0.0025, perplexity 29.7756,
Train Epoch: [1/2] Iters:[1660/20018] transplant_loss 9.9229, rec_loss 0.0752, p_loss 0.4847, quant_error 0.5237, utilization 0.0025, perplexity 29.9142,
Train Epoch: [1/2] Iters:[1670/20018] transplant_loss 10.0301, rec_loss 0.0748, p_loss 0.4847, quant_error 0.5185, utilization 0.0025, perplexity 30.0411,
Train Epoch: [1/2] Iters:[1680/20018] transplant_loss 10.1722, rec_loss 0.0751, p_loss 0.4843, quant_error 0.5240, utilization 0.0025, perplexity 30.1794,
Train Epoch: [1/2] Iters:[1690/20018] transplant_loss 10.2418, rec_loss 0.0746, p_loss 0.4832, quant_error 0.5229, utilization 0.0025, perplexity 30.2606,
Train Epoch: [1/2] Iters:[1700/20018] transplant_loss 10.3600, rec_loss 0.0743, p_loss 0.4829, quant_error 0.5210, utilization 0.0025, perplexity 30.4067,
Train Epoch: [1/2] Iters:[1710/20018] transplant_loss 10.5258, rec_loss 0.0748, p_loss 0.4808, quant_error 0.5210, utilization 0.0025, perplexity 30.5007,
Train Epoch: [1/2] Iters:[1720/20018] transplant_loss 10.5942, rec_loss 0.0743, p_loss 0.4781, quant_error 0.5196, utilization 0.0025, perplexity 30.6475,
Train Epoch: [1/2] Iters:[1730/20018] transplant_loss 10.6956, rec_loss 0.0738, p_loss 0.4773, quant_error 0.5176, utilization 0.0025, perplexity 30.7118,
Train Epoch: [1/2] Iters:[1740/20018] transplant_loss 10.9086, rec_loss 0.0746, p_loss 0.4773, quant_error 0.5222, utilization 0.0025, perplexity 30.8101,
Train Epoch: [1/2] Iters:[1750/20018] transplant_loss 11.0642, rec_loss 0.0747, p_loss 0.4768, quant_error 0.5247, utilization 0.0025, perplexity 30.9479,
Train Epoch: [1/2] Iters:[1760/20018] transplant_loss 11.1626, rec_loss 0.0742, p_loss 0.4771, quant_error 0.5212, utilization 0.0025, perplexity 31.0548,
Train Epoch: [1/2] Iters:[1770/20018] transplant_loss 11.3256, rec_loss 0.0744, p_loss 0.4772, quant_error 0.5256, utilization 0.0025, perplexity 31.1152,
Train Epoch: [1/2] Iters:[1780/20018] transplant_loss 11.5111, rec_loss 0.0739, p_loss 0.4756, quant_error 0.5210, utilization 0.0025, perplexity 31.2144,
Train Epoch: [1/2] Iters:[1790/20018] transplant_loss 11.6370, rec_loss 0.0736, p_loss 0.4752, quant_error 0.5169, utilization 0.0025, perplexity 31.3217,
Train Epoch: [1/2] Iters:[1800/20018] transplant_loss 11.7241, rec_loss 0.0728, p_loss 0.4735, quant_error 0.5113, utilization 0.0025, perplexity 31.4508,
Train Epoch: [1/2] Iters:[1810/20018] transplant_loss 11.9499, rec_loss 0.0744, p_loss 0.4723, quant_error 0.5182, utilization 0.0025, perplexity 31.5794,
Train Epoch: [1/2] Iters:[1820/20018] transplant_loss 12.1237, rec_loss 0.0731, p_loss 0.4700, quant_error 0.5083, utilization 0.0025, perplexity 31.6658,
Train Epoch: [1/2] Iters:[1830/20018] transplant_loss 12.2474, rec_loss 0.0733, p_loss 0.4687, quant_error 0.5111, utilization 0.0025, perplexity 31.8262,
Train Epoch: [1/2] Iters:[1840/20018] transplant_loss 12.4084, rec_loss 0.0733, p_loss 0.4657, quant_error 0.5112, utilization 0.0025, perplexity 31.9748,
Train Epoch: [1/2] Iters:[1850/20018] transplant_loss 12.7089, rec_loss 0.0738, p_loss 0.4643, quant_error 0.5158, utilization 0.0025, perplexity 32.0415,
Train Epoch: [1/2] Iters:[1860/20018] transplant_loss 12.8517, rec_loss 0.0722, p_loss 0.4631, quant_error 0.5122, utilization 0.0025, perplexity 32.0684,
Train Epoch: [1/2] Iters:[1870/20018] transplant_loss 12.9960, rec_loss 0.0734, p_loss 0.4636, quant_error 0.5183, utilization 0.0025, perplexity 32.2625,
Train Epoch: [1/2] Iters:[1880/20018] transplant_loss 13.1921, rec_loss 0.0737, p_loss 0.4634, quant_error 0.5179, utilization 0.0025, perplexity 32.3396,
Train Epoch: [1/2] Iters:[1890/20018] transplant_loss 13.3087, rec_loss 0.0730, p_loss 0.4637, quant_error 0.5121, utilization 0.0025, perplexity 32.3661,
Train Epoch: [1/2] Iters:[1900/20018] transplant_loss 13.4266, rec_loss 0.0727, p_loss 0.4637, quant_error 0.5089, utilization 0.0025, perplexity 32.4446,
Train Epoch: [1/2] Iters:[1910/20018] transplant_loss 13.5874, rec_loss 0.0730, p_loss 0.4633, quant_error 0.5122, utilization 0.0025, perplexity 32.6446,
Train Epoch: [1/2] Iters:[1920/20018] transplant_loss 13.7886, rec_loss 0.0726, p_loss 0.4612, quant_error 0.5087, utilization 0.0025, perplexity 32.7159,
Train Epoch: [1/2] Iters:[1930/20018] transplant_loss 13.9361, rec_loss 0.0723, p_loss 0.4600, quant_error 0.5056, utilization 0.0025, perplexity 32.8145,
Train Epoch: [1/2] Iters:[1940/20018] transplant_loss 14.1197, rec_loss 0.0722, p_loss 0.4580, quant_error 0.5070, utilization 0.0025, perplexity 32.8908,
Train Epoch: [1/2] Iters:[1950/20018] transplant_loss 14.1769, rec_loss 0.0717, p_loss 0.4557, quant_error 0.5047, utilization 0.0025, perplexity 32.9952,
Train Epoch: [1/2] Iters:[1960/20018] transplant_loss 14.3173, rec_loss 0.0711, p_loss 0.4548, quant_error 0.5018, utilization 0.0025, perplexity 33.0185,
Train Epoch: [1/2] Iters:[1970/20018] transplant_loss 14.4610, rec_loss 0.0708, p_loss 0.4544, quant_error 0.5076, utilization 0.0025, perplexity 33.0601,
Train Epoch: [1/2] Iters:[1980/20018] transplant_loss 14.6136, rec_loss 0.0717, p_loss 0.4547, quant_error 0.5121, utilization 0.0025, perplexity 33.1571,
Train Epoch: [1/2] Iters:[1990/20018] transplant_loss 14.8409, rec_loss 0.0723, p_loss 0.4539, quant_error 0.5166, utilization 0.0025, perplexity 33.2705,
Train Epoch: [1/2] Iters:[2000/20018] transplant_loss 15.1391, rec_loss 0.0731, p_loss 0.4558, quant_error 0.5220, utilization 0.0025, perplexity 33.3299,
Train Epoch: [1/2] Iters:[2010/20018] transplant_loss 15.3175, rec_loss 0.0739, p_loss 0.4556, quant_error 0.5213, utilization 0.0025, perplexity 33.4257,
Train Epoch: [1/2] Iters:[2020/20018] transplant_loss 15.4351, rec_loss 0.0740, p_loss 0.4541, quant_error 0.5135, utilization 0.0025, perplexity 33.4192,
Train Epoch: [1/2] Iters:[2030/20018] transplant_loss 15.5439, rec_loss 0.0732, p_loss 0.4533, quant_error 0.5090, utilization 0.0025, perplexity 33.4135,
Train Epoch: [1/2] Iters:[2040/20018] transplant_loss 15.5947, rec_loss 0.0722, p_loss 0.4515, quant_error 0.5034, utilization 0.0025, perplexity 33.5033,
Train Epoch: [1/2] Iters:[2050/20018] transplant_loss 15.5342, rec_loss 0.0712, p_loss 0.4491, quant_error 0.5023, utilization 0.0025, perplexity 33.6426,
Train Epoch: [1/2] Iters:[2060/20018] transplant_loss 15.5650, rec_loss 0.0703, p_loss 0.4474, quant_error 0.5001, utilization 0.0025, perplexity 33.6517,
Train Epoch: [1/2] Iters:[2070/20018] transplant_loss 15.5922, rec_loss 0.0696, p_loss 0.4469, quant_error 0.5019, utilization 0.0025, perplexity 33.8408,
Train Epoch: [1/2] Iters:[2080/20018] transplant_loss 15.7077, rec_loss 0.0696, p_loss 0.4458, quant_error 0.5044, utilization 0.0025, perplexity 33.9906,
Train Epoch: [1/2] Iters:[2090/20018] transplant_loss 15.8264, rec_loss 0.0699, p_loss 0.4460, quant_error 0.5062, utilization 0.0025, perplexity 34.0623,
Train Epoch: [1/2] Iters:[2100/20018] transplant_loss 15.9750, rec_loss 0.0703, p_loss 0.4446, quant_error 0.5048, utilization 0.0025, perplexity 34.1371,
Train Epoch: [1/2] Iters:[2110/20018] transplant_loss 16.1414, rec_loss 0.0716, p_loss 0.4446, quant_error 0.5040, utilization 0.0025, perplexity 34.2935,
Train Epoch: [1/2] Iters:[2120/20018] transplant_loss 16.2810, rec_loss 0.0716, p_loss 0.4449, quant_error 0.5041, utilization 0.0025, perplexity 34.3678,
Train Epoch: [1/2] Iters:[2130/20018] transplant_loss 16.3002, rec_loss 0.0708, p_loss 0.4435, quant_error 0.5011, utilization 0.0025, perplexity 34.4085,
Train Epoch: [1/2] Iters:[2140/20018] transplant_loss 16.3398, rec_loss 0.0704, p_loss 0.4437, quant_error 0.5015, utilization 0.0025, perplexity 34.5011,
Train Epoch: [1/2] Iters:[2150/20018] transplant_loss 16.4135, rec_loss 0.0702, p_loss 0.4433, quant_error 0.4977, utilization 0.0025, perplexity 34.5551,
Train Epoch: [1/2] Iters:[2160/20018] transplant_loss 16.4993, rec_loss 0.0697, p_loss 0.4421, quant_error 0.5015, utilization 0.0025, perplexity 34.6349,
Train Epoch: [1/2] Iters:[2170/20018] transplant_loss 16.6256, rec_loss 0.0698, p_loss 0.4409, quant_error 0.5016, utilization 0.0025, perplexity 34.7298,
Train Epoch: [1/2] Iters:[2180/20018] transplant_loss 16.7823, rec_loss 0.0700, p_loss 0.4400, quant_error 0.5019, utilization 0.0025, perplexity 34.7620,
Train Epoch: [1/2] Iters:[2190/20018] transplant_loss 16.8681, rec_loss 0.0695, p_loss 0.4394, quant_error 0.4953, utilization 0.0025, perplexity 34.8204,
Train Epoch: [1/2] Iters:[2200/20018] transplant_loss 17.0375, rec_loss 0.0699, p_loss 0.4395, quant_error 0.5001, utilization 0.0025, perplexity 34.8454,
Train Epoch: [1/2] Iters:[2210/20018] transplant_loss 17.0762, rec_loss 0.0690, p_loss 0.4376, quant_error 0.4926, utilization 0.0025, perplexity 34.9000,
Train Epoch: [1/2] Iters:[2220/20018] transplant_loss 17.0914, rec_loss 0.0688, p_loss 0.4365, quant_error 0.4900, utilization 0.0025, perplexity 35.0130,
Train Epoch: [1/2] Iters:[2230/20018] transplant_loss 17.0642, rec_loss 0.0684, p_loss 0.4365, quant_error 0.4886, utilization 0.0025, perplexity 35.1371,
Train Epoch: [1/2] Iters:[2240/20018] transplant_loss 17.1189, rec_loss 0.0690, p_loss 0.4351, quant_error 0.4918, utilization 0.0025, perplexity 35.1371,
Train Epoch: [1/2] Iters:[2250/20018] transplant_loss 17.0628, rec_loss 0.0680, p_loss 0.4337, quant_error 0.4859, utilization 0.0025, perplexity 35.2599,
Train Epoch: [1/2] Iters:[2260/20018] transplant_loss 17.1229, rec_loss 0.0683, p_loss 0.4355, quant_error 0.4922, utilization 0.0025, perplexity 35.3436,
Train Epoch: [1/2] Iters:[2270/20018] transplant_loss 17.1249, rec_loss 0.0679, p_loss 0.4347, quant_error 0.4913, utilization 0.0025, perplexity 35.2933,
Train Epoch: [1/2] Iters:[2280/20018] transplant_loss 17.2066, rec_loss 0.0683, p_loss 0.4352, quant_error 0.4912, utilization 0.0025, perplexity 35.2768,
Train Epoch: [1/2] Iters:[2290/20018] transplant_loss 17.2711, rec_loss 0.0679, p_loss 0.4342, quant_error 0.4914, utilization 0.0025, perplexity 35.3528,
Train Epoch: [1/2] Iters:[2300/20018] transplant_loss 17.3663, rec_loss 0.0685, p_loss 0.4348, quant_error 0.4920, utilization 0.0025, perplexity 35.3203,
Train Epoch: [1/2] Iters:[2310/20018] transplant_loss 17.3907, rec_loss 0.0679, p_loss 0.4328, quant_error 0.4866, utilization 0.0025, perplexity 35.3103,
Train Epoch: [1/2] Iters:[2320/20018] transplant_loss 17.5269, rec_loss 0.0685, p_loss 0.4317, quant_error 0.4846, utilization 0.0025, perplexity 35.4134,
Train Epoch: [1/2] Iters:[2330/20018] transplant_loss 17.5763, rec_loss 0.0686, p_loss 0.4303, quant_error 0.4821, utilization 0.0025, perplexity 35.4956,
Train Epoch: [1/2] Iters:[2340/20018] transplant_loss 17.6264, rec_loss 0.0688, p_loss 0.4301, quant_error 0.4770, utilization 0.0025, perplexity 35.4583,
Train Epoch: [1/2] Iters:[2350/20018] transplant_loss 17.6179, rec_loss 0.0680, p_loss 0.4300, quant_error 0.4753, utilization 0.0025, perplexity 35.5553,
Train Epoch: [1/2] Iters:[2360/20018] transplant_loss 17.7638, rec_loss 0.0685, p_loss 0.4305, quant_error 0.4767, utilization 0.0025, perplexity 35.6256,
Train Epoch: [1/2] Iters:[2370/20018] transplant_loss 17.7979, rec_loss 0.0687, p_loss 0.4321, quant_error 0.4806, utilization 0.0025, perplexity 35.6806,
Train Epoch: [1/2] Iters:[2380/20018] transplant_loss 17.8647, rec_loss 0.0682, p_loss 0.4325, quant_error 0.4808, utilization 0.0025, perplexity 35.7343,
Train Epoch: [1/2] Iters:[2390/20018] transplant_loss 17.8878, rec_loss 0.0678, p_loss 0.4318, quant_error 0.4853, utilization 0.0025, perplexity 35.8194,
Train Epoch: [1/2] Iters:[2400/20018] transplant_loss 17.9211, rec_loss 0.0673, p_loss 0.4298, quant_error 0.4821, utilization 0.0025, perplexity 35.8394,
Train Epoch: [1/2] Iters:[2410/20018] transplant_loss 17.7799, rec_loss 0.0666, p_loss 0.4283, quant_error 0.4809, utilization 0.0025, perplexity 35.9144,
Train Epoch: [1/2] Iters:[2420/20018] transplant_loss 17.8547, rec_loss 0.0664, p_loss 0.4274, quant_error 0.4826, utilization 0.0025, perplexity 35.9404,
Train Epoch: [1/2] Iters:[2430/20018] transplant_loss 17.9373, rec_loss 0.0670, p_loss 0.4269, quant_error 0.4863, utilization 0.0025, perplexity 35.9785,
Train Epoch: [1/2] Iters:[2440/20018] transplant_loss 18.0295, rec_loss 0.0671, p_loss 0.4263, quant_error 0.4858, utilization 0.0025, perplexity 36.0642,
Train Epoch: [1/2] Iters:[2450/20018] transplant_loss 18.1526, rec_loss 0.0679, p_loss 0.4266, quant_error 0.4917, utilization 0.0025, perplexity 36.1271,
Train Epoch: [1/2] Iters:[2460/20018] transplant_loss 18.2617, rec_loss 0.0679, p_loss 0.4271, quant_error 0.4894, utilization 0.0025, perplexity 36.1006,
Train Epoch: [1/2] Iters:[2470/20018] transplant_loss 18.2434, rec_loss 0.0680, p_loss 0.4263, quant_error 0.4877, utilization 0.0025, perplexity 36.1305,
Train Epoch: [1/2] Iters:[2480/20018] transplant_loss 18.2866, rec_loss 0.0678, p_loss 0.4252, quant_error 0.4896, utilization 0.0025, perplexity 36.2017,
Train Epoch: [1/2] Iters:[2490/20018] transplant_loss 18.2731, rec_loss 0.0670, p_loss 0.4260, quant_error 0.4875, utilization 0.0025, perplexity 36.2156,
Train Epoch: [1/2] Iters:[2500/20018] transplant_loss 18.3166, rec_loss 0.0671, p_loss 0.4255, quant_error 0.4851, utilization 0.0025, perplexity 36.1927,
Train Epoch: [1/2] Iters:[2510/20018] transplant_loss 18.4276, rec_loss 0.0677, p_loss 0.4262, quant_error 0.4915, utilization 0.0025, perplexity 36.2250,
Train Epoch: [1/2] Iters:[2520/20018] transplant_loss 18.4908, rec_loss 0.0670, p_loss 0.4256, quant_error 0.4899, utilization 0.0025, perplexity 36.2747,
Train Epoch: [1/2] Iters:[2530/20018] transplant_loss 18.4480, rec_loss 0.0665, p_loss 0.4250, quant_error 0.4838, utilization 0.0025, perplexity 36.2783,
Train Epoch: [1/2] Iters:[2540/20018] transplant_loss 18.4779, rec_loss 0.0674, p_loss 0.4258, quant_error 0.4847, utilization 0.0025, perplexity 36.2809,
Train Epoch: [1/2] Iters:[2550/20018] transplant_loss 18.4795, rec_loss 0.0674, p_loss 0.4256, quant_error 0.4854, utilization 0.0025, perplexity 36.3218,
Train Epoch: [1/2] Iters:[2560/20018] transplant_loss 18.4214, rec_loss 0.0668, p_loss 0.4239, quant_error 0.4836, utilization 0.0025, perplexity 36.3798,
Train Epoch: [1/2] Iters:[2570/20018] transplant_loss 18.4051, rec_loss 0.0667, p_loss 0.4234, quant_error 0.4803, utilization 0.0025, perplexity 36.3761,
Train Epoch: [1/2] Iters:[2580/20018] transplant_loss 18.3271, rec_loss 0.0664, p_loss 0.4227, quant_error 0.4782, utilization 0.0025, perplexity 36.4285,
Train Epoch: [1/2] Iters:[2590/20018] transplant_loss 18.3252, rec_loss 0.0667, p_loss 0.4217, quant_error 0.4805, utilization 0.0025, perplexity 36.4917,
Train Epoch: [1/2] Iters:[2600/20018] transplant_loss 18.3692, rec_loss 0.0666, p_loss 0.4213, quant_error 0.4811, utilization 0.0025, perplexity 36.5339,
Train Epoch: [1/2] Iters:[2610/20018] transplant_loss 18.4294, rec_loss 0.0661, p_loss 0.4214, quant_error 0.4763, utilization 0.0025, perplexity 36.5511,
Train Epoch: [1/2] Iters:[2620/20018] transplant_loss 18.4994, rec_loss 0.0659, p_loss 0.4216, quant_error 0.4786, utilization 0.0025, perplexity 36.5338,
Train Epoch: [1/2] Iters:[2630/20018] transplant_loss 18.6515, rec_loss 0.0660, p_loss 0.4209, quant_error 0.4791, utilization 0.0025, perplexity 36.5729,
Train Epoch: [1/2] Iters:[2640/20018] transplant_loss 18.6474, rec_loss 0.0656, p_loss 0.4206, quant_error 0.4773, utilization 0.0025, perplexity 36.5864,
