dataset_dir: /projects/yuanai/data/
dataset_name: CelebAHQ
global_batch_size: 64
workers: 6
resolution: 256
channels: 3
ms_patch_size: 1_2_3_4_5_6_8_10_13_16
importance: (1, 1, 1, 2, 2, 2, 3, 3, 5, 5)
max_patch_size: 16
codebook_size: 16384
codebook_dim: 16
project_dim: 16
pq: 1
L: 4
alpha: 1.0
beta: 0.2
gamma: 1.0
disc_weight: 0.3
lecam_loss_weight: 0.001
disc_cr_loss_weight: 4.0
VQ: wasserstein_vq
use_multiscale: False
transplant_epochs: 30
refinement_epochs: 30
eval_epochs: 5
disc_epoch: 1
lr_transplant: 0.0001
lr_refinement: 1e-05
dropout: 0.0
seed: 3407
weight_decay: 1e-05
stage: transplant
path: bc
checkpoint_dir: /projects/yuanai/projects/VQ-Transplant3/checkpoint/Transplant/CelebAHQ
results_dir: /projects/yuanai/projects/VQ-Transplant3/results/Transplant/CelebAHQ
saver_dir: /projects/yuanai/projects/VQ-Transplant3/saver/Transplant/CelebAHQ
reconstruction_dir: /projects/yuanai/projects/VQ-Transplant3/reconstruction/Transplant/CelebAHQ
yaml_dir: /projects/yuanai/projects/VQ-Transplant3/yaml/Transplant/CelebAHQ
pretrained_tokenizer: /projects/yuanai/projects/VQ-Transplant3/pretrained_tokenizer/vae_ch160v4096z32.pth
checkpoint_name: 
nnodes: -1
node_rank: -1
local_rank: 0
dist_url: tcp://224.66.41.62:23456
dist_backend: nccl
world_size: 2
batch_size: 32
ms_token_size: (1, 2, 3, 4, 5, 6, 8, 10, 13, 16)
init_checkpoint_dir: /projects/yuanai/projects/VQ-Transplant3/checkpoint/
data_pre: CelebAHQ
model_pre: model_16384_16_1
loss_pre: loss_1.0_0.2_1.0_0.3
training_pre: wasserstein_vq_transplant_False
saver_name_pre: wasserstein_vq_transplant_False_CelebAHQ_model_16384_16_1_loss_1.0_0.2_1.0_0.3
| distributed init (rank 0): env://
| distributed init (rank 1): env://
loaded pretrained LPIPS loss from /projects/yuanai/projects/VQ-Transplant3/code/models/cache/vgg.pth
VQ Model Parameters: 108761795
dataset name: CelebAHQ
len train_set: 30000
len val_set: 30000
Start training...
epoch:1, cur_lr:0.000100
Train Epoch: [1/30] Iters:[10/468] transplant_loss 14.1097, rec_loss 0.7001, p_loss 0.8200, quant_error 1.1681, utilization 0.0478, perplexity 212.2041,
Train Epoch: [1/30] Iters:[20/468] transplant_loss 12.9067, rec_loss 0.4582, p_loss 0.7637, quant_error 0.8661, utilization 0.0436, perplexity 143.5435,
Train Epoch: [1/30] Iters:[30/468] transplant_loss 10.9814, rec_loss 0.3473, p_loss 0.7234, quant_error 0.7178, utilization 0.0533, perplexity 161.1720,
Train Epoch: [1/30] Iters:[40/468] transplant_loss 9.5047, rec_loss 0.2800, p_loss 0.6673, quant_error 0.6164, utilization 0.0750, perplexity 268.8144,
Train Epoch: [1/30] Iters:[50/468] transplant_loss 8.3544, rec_loss 0.2351, p_loss 0.6127, quant_error 0.5481, utilization 0.1147, perplexity 597.5560,
Train Epoch: [1/30] Iters:[60/468] transplant_loss 6.1663, rec_loss 0.1022, p_loss 0.5082, quant_error 0.3615, utilization 0.1784, perplexity 1240.7890,
Train Epoch: [1/30] Iters:[70/468] transplant_loss 4.4124, rec_loss 0.0642, p_loss 0.4172, quant_error 0.2928, utilization 0.2536, perplexity 2110.1095,
Train Epoch: [1/30] Iters:[80/468] transplant_loss 3.5365, rec_loss 0.0431, p_loss 0.3312, quant_error 0.2500, utilization 0.3311, perplexity 3144.4737,
Train Epoch: [1/30] Iters:[90/468] transplant_loss 3.0668, rec_loss 0.0311, p_loss 0.2703, quant_error 0.2301, utilization 0.4005, perplexity 4228.6062,
Train Epoch: [1/30] Iters:[100/468] transplant_loss 2.8943, rec_loss 0.0236, p_loss 0.2296, quant_error 0.2194, utilization 0.4477, perplexity 5147.7021,
Train Epoch: [1/30] Iters:[110/468] transplant_loss 2.8738, rec_loss 0.0200, p_loss 0.2080, quant_error 0.2195, utilization 0.4783, perplexity 5817.3008,
Train Epoch: [1/30] Iters:[120/468] transplant_loss 2.9060, rec_loss 0.0185, p_loss 0.1966, quant_error 0.2268, utilization 0.4985, perplexity 6281.6939,
Train Epoch: [1/30] Iters:[130/468] transplant_loss 2.9481, rec_loss 0.0185, p_loss 0.1935, quant_error 0.2395, utilization 0.5063, perplexity 6498.5208,
Train Epoch: [1/30] Iters:[140/468] transplant_loss 2.9606, rec_loss 0.0185, p_loss 0.1939, quant_error 0.2512, utilization 0.5008, perplexity 6435.2348,
Train Epoch: [1/30] Iters:[150/468] transplant_loss 2.9123, rec_loss 0.0184, p_loss 0.1935, quant_error 0.2574, utilization 0.4864, perplexity 6184.8804,
Train Epoch: [1/30] Iters:[160/468] transplant_loss 2.8110, rec_loss 0.0183, p_loss 0.1928, quant_error 0.2562, utilization 0.4719, perplexity 5916.5104,
Train Epoch: [1/30] Iters:[170/468] transplant_loss 2.6915, rec_loss 0.0179, p_loss 0.1906, quant_error 0.2481, utilization 0.4635, perplexity 5758.4516,
Train Epoch: [1/30] Iters:[180/468] transplant_loss 2.5930, rec_loss 0.0175, p_loss 0.1865, quant_error 0.2354, utilization 0.4639, perplexity 5755.6040,
Train Epoch: [1/30] Iters:[190/468] transplant_loss 2.5381, rec_loss 0.0173, p_loss 0.1833, quant_error 0.2234, utilization 0.4765, perplexity 5995.4714,
Train Epoch: [1/30] Iters:[200/468] transplant_loss 2.4896, rec_loss 0.0172, p_loss 0.1815, quant_error 0.2134, utilization 0.4953, perplexity 6346.0698,
Train Epoch: [1/30] Iters:[210/468] transplant_loss 2.4432, rec_loss 0.0172, p_loss 0.1802, quant_error 0.2081, utilization 0.5131, perplexity 6666.3226,
Train Epoch: [1/30] Iters:[220/468] transplant_loss 2.3867, rec_loss 0.0173, p_loss 0.1786, quant_error 0.2046, utilization 0.5253, perplexity 6865.7637,
Train Epoch: [1/30] Iters:[230/468] transplant_loss 2.3085, rec_loss 0.0172, p_loss 0.1783, quant_error 0.2022, utilization 0.5316, perplexity 6937.0355,
Train Epoch: [1/30] Iters:[240/468] transplant_loss 2.2138, rec_loss 0.0172, p_loss 0.1775, quant_error 0.2003, utilization 0.5331, perplexity 6906.5522,
Train Epoch: [1/30] Iters:[250/468] transplant_loss 2.1320, rec_loss 0.0173, p_loss 0.1775, quant_error 0.1997, utilization 0.5320, perplexity 6815.1567,
Train Epoch: [1/30] Iters:[260/468] transplant_loss 2.0544, rec_loss 0.0172, p_loss 0.1781, quant_error 0.1992, utilization 0.5288, perplexity 6699.0876,
Train Epoch: [1/30] Iters:[270/468] transplant_loss 1.9777, rec_loss 0.0170, p_loss 0.1783, quant_error 0.1987, utilization 0.5246, perplexity 6560.3558,
Train Epoch: [1/30] Iters:[280/468] transplant_loss 1.9182, rec_loss 0.0170, p_loss 0.1788, quant_error 0.1990, utilization 0.5198, perplexity 6432.8081,
Train Epoch: [1/30] Iters:[290/468] transplant_loss 1.8589, rec_loss 0.0169, p_loss 0.1788, quant_error 0.1976, utilization 0.5147, perplexity 6303.2031,
Train Epoch: [1/30] Iters:[300/468] transplant_loss 1.8032, rec_loss 0.0170, p_loss 0.1780, quant_error 0.1966, utilization 0.5108, perplexity 6219.1821,
Train Epoch: [1/30] Iters:[310/468] transplant_loss 1.7566, rec_loss 0.0171, p_loss 0.1762, quant_error 0.1949, utilization 0.5078, perplexity 6161.1514,
Train Epoch: [1/30] Iters:[320/468] transplant_loss 1.7278, rec_loss 0.0171, p_loss 0.1747, quant_error 0.1936, utilization 0.5049, perplexity 6120.4447,
Train Epoch: [1/30] Iters:[330/468] transplant_loss 1.7099, rec_loss 0.0170, p_loss 0.1740, quant_error 0.1919, utilization 0.5037, perplexity 6130.6874,
Train Epoch: [1/30] Iters:[340/468] transplant_loss 1.7037, rec_loss 0.0169, p_loss 0.1733, quant_error 0.1912, utilization 0.5040, perplexity 6174.5058,
Train Epoch: [1/30] Iters:[350/468] transplant_loss 1.7031, rec_loss 0.0167, p_loss 0.1732, quant_error 0.1908, utilization 0.5043, perplexity 6216.5827,
Train Epoch: [1/30] Iters:[360/468] transplant_loss 1.6998, rec_loss 0.0161, p_loss 0.1731, quant_error 0.1898, utilization 0.5049, perplexity 6274.1077,
Train Epoch: [1/30] Iters:[370/468] transplant_loss 1.7036, rec_loss 0.0160, p_loss 0.1736, quant_error 0.1892, utilization 0.5059, perplexity 6336.5509,
Train Epoch: [1/30] Iters:[380/468] transplant_loss 1.7078, rec_loss 0.0160, p_loss 0.1734, quant_error 0.1886, utilization 0.5067, perplexity 6389.3492,
Train Epoch: [1/30] Iters:[390/468] transplant_loss 1.7023, rec_loss 0.0158, p_loss 0.1726, quant_error 0.1868, utilization 0.5076, perplexity 6441.0741,
Train Epoch: [1/30] Iters:[400/468] transplant_loss 1.6993, rec_loss 0.0158, p_loss 0.1712, quant_error 0.1847, utilization 0.5088, perplexity 6500.3469,
Train Epoch: [1/30] Iters:[410/468] transplant_loss 1.6983, rec_loss 0.0161, p_loss 0.1702, quant_error 0.1833, utilization 0.5100, perplexity 6542.4592,
Train Epoch: [1/30] Iters:[420/468] transplant_loss 1.7010, rec_loss 0.0161, p_loss 0.1695, quant_error 0.1825, utilization 0.5120, perplexity 6611.8527,
Train Epoch: [1/30] Iters:[430/468] transplant_loss 1.6995, rec_loss 0.0159, p_loss 0.1685, quant_error 0.1812, utilization 0.5131, perplexity 6649.1003,
Train Epoch: [1/30] Iters:[440/468] transplant_loss 1.6940, rec_loss 0.0158, p_loss 0.1681, quant_error 0.1802, utilization 0.5140, perplexity 6685.6122,
Train Epoch: [1/30] Iters:[450/468] transplant_loss 1.6908, rec_loss 0.0155, p_loss 0.1677, quant_error 0.1794, utilization 0.5145, perplexity 6710.5252,
Train Epoch: [1/30] Iters:[460/468] transplant_loss 1.6964, rec_loss 0.0152, p_loss 0.1677, quant_error 0.1792, utilization 0.5157, perplexity 6751.9088,
epoch:2, cur_lr:0.000097
Train Epoch: [2/30] Iters:[10/468] transplant_loss 1.7079, rec_loss 0.0156, p_loss 0.1672, quant_error 0.1787, utilization 0.5191, perplexity 6883.1485,
Train Epoch: [2/30] Iters:[20/468] transplant_loss 1.6992, rec_loss 0.0159, p_loss 0.1666, quant_error 0.1788, utilization 0.5197, perplexity 6900.5018,
Train Epoch: [2/30] Iters:[30/468] transplant_loss 1.6966, rec_loss 0.0156, p_loss 0.1658, quant_error 0.1779, utilization 0.5194, perplexity 6890.6715,
Train Epoch: [2/30] Iters:[40/468] transplant_loss 1.6964, rec_loss 0.0156, p_loss 0.1649, quant_error 0.1771, utilization 0.5205, perplexity 6917.7655,
Train Epoch: [2/30] Iters:[50/468] transplant_loss 1.6938, rec_loss 0.0154, p_loss 0.1646, quant_error 0.1767, utilization 0.5204, perplexity 6914.4216,
Train Epoch: [2/30] Iters:[60/468] transplant_loss 1.6869, rec_loss 0.0152, p_loss 0.1639, quant_error 0.1755, utilization 0.5213, perplexity 6942.1532,
Train Epoch: [2/30] Iters:[70/468] transplant_loss 1.6852, rec_loss 0.0148, p_loss 0.1642, quant_error 0.1746, utilization 0.5221, perplexity 6962.8596,
Train Epoch: [2/30] Iters:[80/468] transplant_loss 1.6880, rec_loss 0.0148, p_loss 0.1644, quant_error 0.1741, utilization 0.5235, perplexity 7001.0476,
Train Epoch: [2/30] Iters:[90/468] transplant_loss 1.6852, rec_loss 0.0146, p_loss 0.1645, quant_error 0.1736, utilization 0.5244, perplexity 7027.9394,
Train Epoch: [2/30] Iters:[100/468] transplant_loss 1.6799, rec_loss 0.0145, p_loss 0.1643, quant_error 0.1722, utilization 0.5255, perplexity 7060.6707,
Train Epoch: [2/30] Iters:[110/468] transplant_loss 1.6819, rec_loss 0.0144, p_loss 0.1645, quant_error 0.1719, utilization 0.5261, perplexity 7075.9420,
Train Epoch: [2/30] Iters:[120/468] transplant_loss 1.6839, rec_loss 0.0144, p_loss 0.1639, quant_error 0.1715, utilization 0.5274, perplexity 7108.5787,
Train Epoch: [2/30] Iters:[130/468] transplant_loss 1.6860, rec_loss 0.0144, p_loss 0.1635, quant_error 0.1712, utilization 0.5280, perplexity 7129.6690,
Train Epoch: [2/30] Iters:[140/468] transplant_loss 1.6899, rec_loss 0.0145, p_loss 0.1640, quant_error 0.1710, utilization 0.5285, perplexity 7141.3938,
Train Epoch: [2/30] Iters:[150/468] transplant_loss 1.6894, rec_loss 0.0145, p_loss 0.1643, quant_error 0.1712, utilization 0.5290, perplexity 7158.1013,
Train Epoch: [2/30] Iters:[160/468] transplant_loss 1.6889, rec_loss 0.0146, p_loss 0.1638, quant_error 0.1708, utilization 0.5297, perplexity 7175.6357,
Train Epoch: [2/30] Iters:[170/468] transplant_loss 1.6869, rec_loss 0.0146, p_loss 0.1637, quant_error 0.1704, utilization 0.5295, perplexity 7170.4917,
Train Epoch: [2/30] Iters:[180/468] transplant_loss 1.6771, rec_loss 0.0144, p_loss 0.1631, quant_error 0.1694, utilization 0.5296, perplexity 7177.7224,
Train Epoch: [2/30] Iters:[190/468] transplant_loss 1.6786, rec_loss 0.0143, p_loss 0.1624, quant_error 0.1691, utilization 0.5304, perplexity 7194.1426,
Train Epoch: [2/30] Iters:[200/468] transplant_loss 1.6893, rec_loss 0.0143, p_loss 0.1617, quant_error 0.1692, utilization 0.5325, perplexity 7237.8608,
Train Epoch: [2/30] Iters:[210/468] transplant_loss 1.6851, rec_loss 0.0143, p_loss 0.1613, quant_error 0.1684, utilization 0.5330, perplexity 7255.1532,
Train Epoch: [2/30] Iters:[220/468] transplant_loss 1.6805, rec_loss 0.0142, p_loss 0.1607, quant_error 0.1674, utilization 0.5342, perplexity 7285.4555,
Train Epoch: [2/30] Iters:[230/468] transplant_loss 1.6834, rec_loss 0.0143, p_loss 0.1612, quant_error 0.1674, utilization 0.5356, perplexity 7314.2725,
Train Epoch: [2/30] Iters:[240/468] transplant_loss 1.6740, rec_loss 0.0142, p_loss 0.1610, quant_error 0.1664, utilization 0.5353, perplexity 7311.9002,
Train Epoch: [2/30] Iters:[250/468] transplant_loss 1.6741, rec_loss 0.0141, p_loss 0.1612, quant_error 0.1667, utilization 0.5353, perplexity 7309.7783,
Train Epoch: [2/30] Iters:[260/468] transplant_loss 1.6770, rec_loss 0.0140, p_loss 0.1613, quant_error 0.1668, utilization 0.5360, perplexity 7324.0103,
Train Epoch: [2/30] Iters:[270/468] transplant_loss 1.6828, rec_loss 0.0140, p_loss 0.1615, quant_error 0.1671, utilization 0.5365, perplexity 7339.1096,
Train Epoch: [2/30] Iters:[280/468] transplant_loss 1.6774, rec_loss 0.0140, p_loss 0.1604, quant_error 0.1662, utilization 0.5365, perplexity 7342.4153,
Train Epoch: [2/30] Iters:[290/468] transplant_loss 1.6784, rec_loss 0.0139, p_loss 0.1600, quant_error 0.1658, utilization 0.5374, perplexity 7369.9949,
Train Epoch: [2/30] Iters:[300/468] transplant_loss 1.6717, rec_loss 0.0140, p_loss 0.1595, quant_error 0.1647, utilization 0.5382, perplexity 7391.8660,
Train Epoch: [2/30] Iters:[310/468] transplant_loss 1.6779, rec_loss 0.0141, p_loss 0.1592, quant_error 0.1648, utilization 0.5391, perplexity 7412.2045,
Train Epoch: [2/30] Iters:[320/468] transplant_loss 1.6743, rec_loss 0.0140, p_loss 0.1591, quant_error 0.1646, utilization 0.5394, perplexity 7419.9617,
Train Epoch: [2/30] Iters:[330/468] transplant_loss 1.6808, rec_loss 0.0139, p_loss 0.1593, quant_error 0.1656, utilization 0.5405, perplexity 7442.1926,
Train Epoch: [2/30] Iters:[340/468] transplant_loss 1.6862, rec_loss 0.0141, p_loss 0.1590, quant_error 0.1659, utilization 0.5412, perplexity 7451.5593,
Train Epoch: [2/30] Iters:[350/468] transplant_loss 1.6844, rec_loss 0.0141, p_loss 0.1587, quant_error 0.1658, utilization 0.5404, perplexity 7436.8701,
Train Epoch: [2/30] Iters:[360/468] transplant_loss 1.6769, rec_loss 0.0140, p_loss 0.1579, quant_error 0.1648, utilization 0.5411, perplexity 7453.8356,
Train Epoch: [2/30] Iters:[370/468] transplant_loss 1.6720, rec_loss 0.0138, p_loss 0.1567, quant_error 0.1638, utilization 0.5417, perplexity 7467.5512,
Train Epoch: [2/30] Iters:[380/468] transplant_loss 1.6728, rec_loss 0.0138, p_loss 0.1566, quant_error 0.1633, utilization 0.5424, perplexity 7485.0738,
Train Epoch: [2/30] Iters:[390/468] transplant_loss 1.6676, rec_loss 0.0136, p_loss 0.1569, quant_error 0.1631, utilization 0.5430, perplexity 7496.5976,
Train Epoch: [2/30] Iters:[400/468] transplant_loss 1.6698, rec_loss 0.0136, p_loss 0.1576, quant_error 0.1630, utilization 0.5443, perplexity 7521.5618,
Train Epoch: [2/30] Iters:[410/468] transplant_loss 1.6656, rec_loss 0.0135, p_loss 0.1577, quant_error 0.1623, utilization 0.5445, perplexity 7525.2257,
Train Epoch: [2/30] Iters:[420/468] transplant_loss 1.6705, rec_loss 0.0138, p_loss 0.1577, quant_error 0.1626, utilization 0.5456, perplexity 7541.3596,
Train Epoch: [2/30] Iters:[430/468] transplant_loss 1.6646, rec_loss 0.0138, p_loss 0.1573, quant_error 0.1613, utilization 0.5456, perplexity 7544.0242,
Train Epoch: [2/30] Iters:[440/468] transplant_loss 1.6641, rec_loss 0.0139, p_loss 0.1571, quant_error 0.1610, utilization 0.5458, perplexity 7552.1233,
Train Epoch: [2/30] Iters:[450/468] transplant_loss 1.6658, rec_loss 0.0139, p_loss 0.1569, quant_error 0.1610, utilization 0.5473, perplexity 7581.1211,
Train Epoch: [2/30] Iters:[460/468] transplant_loss 1.6691, rec_loss 0.0137, p_loss 0.1569, quant_error 0.1613, utilization 0.5476, perplexity 7588.8706,
epoch:3, cur_lr:0.000094
Train Epoch: [3/30] Iters:[10/468] transplant_loss 1.6754, rec_loss 0.0128, p_loss 0.1572, quant_error 0.1618, utilization 0.5514, perplexity 7665.4575,
Train Epoch: [3/30] Iters:[20/468] transplant_loss 1.6865, rec_loss 0.0135, p_loss 0.1577, quant_error 0.1630, utilization 0.5511, perplexity 7664.6009,
Train Epoch: [3/30] Iters:[30/468] transplant_loss 1.6884, rec_loss 0.0136, p_loss 0.1583, quant_error 0.1629, utilization 0.5510, perplexity 7671.1963,
Train Epoch: [3/30] Iters:[40/468] transplant_loss 1.6796, rec_loss 0.0136, p_loss 0.1576, quant_error 0.1621, utilization 0.5502, perplexity 7654.3648,
Train Epoch: [3/30] Iters:[50/468] transplant_loss 1.6711, rec_loss 0.0135, p_loss 0.1566, quant_error 0.1609, utilization 0.5499, perplexity 7650.2271,
Train Epoch: [3/30] Iters:[60/468] transplant_loss 1.6722, rec_loss 0.0136, p_loss 0.1566, quant_error 0.1608, utilization 0.5500, perplexity 7652.1953,
Train Epoch: [3/30] Iters:[70/468] transplant_loss 1.6637, rec_loss 0.0134, p_loss 0.1562, quant_error 0.1596, utilization 0.5501, perplexity 7653.8583,
Train Epoch: [3/30] Iters:[80/468] transplant_loss 1.6563, rec_loss 0.0133, p_loss 0.1554, quant_error 0.1584, utilization 0.5503, perplexity 7653.5801,
Train Epoch: [3/30] Iters:[90/468] transplant_loss 1.6576, rec_loss 0.0132, p_loss 0.1558, quant_error 0.1581, utilization 0.5512, perplexity 7670.3878,
Train Epoch: [3/30] Iters:[100/468] transplant_loss 1.6685, rec_loss 0.0134, p_loss 0.1566, quant_error 0.1592, utilization 0.5521, perplexity 7685.6145,
Train Epoch: [3/30] Iters:[110/468] transplant_loss 1.6699, rec_loss 0.0134, p_loss 0.1564, quant_error 0.1590, utilization 0.5526, perplexity 7698.8771,
Train Epoch: [3/30] Iters:[120/468] transplant_loss 1.6707, rec_loss 0.0134, p_loss 0.1562, quant_error 0.1591, utilization 0.5536, perplexity 7718.1098,
Train Epoch: [3/30] Iters:[130/468] transplant_loss 1.6731, rec_loss 0.0136, p_loss 0.1563, quant_error 0.1596, utilization 0.5537, perplexity 7720.4607,
Train Epoch: [3/30] Iters:[140/468] transplant_loss 1.6731, rec_loss 0.0137, p_loss 0.1560, quant_error 0.1598, utilization 0.5540, perplexity 7726.4934,
Train Epoch: [3/30] Iters:[150/468] transplant_loss 1.6672, rec_loss 0.0135, p_loss 0.1552, quant_error 0.1588, utilization 0.5546, perplexity 7741.4976,
Train Epoch: [3/30] Iters:[160/468] transplant_loss 1.6656, rec_loss 0.0134, p_loss 0.1553, quant_error 0.1587, utilization 0.5552, perplexity 7754.6762,
Train Epoch: [3/30] Iters:[170/468] transplant_loss 1.6608, rec_loss 0.0133, p_loss 0.1549, quant_error 0.1582, utilization 0.5550, perplexity 7753.6996,
Train Epoch: [3/30] Iters:[180/468] transplant_loss 1.6544, rec_loss 0.0131, p_loss 0.1542, quant_error 0.1572, utilization 0.5556, perplexity 7767.3800,
Train Epoch: [3/30] Iters:[190/468] transplant_loss 1.6538, rec_loss 0.0130, p_loss 0.1538, quant_error 0.1567, utilization 0.5562, perplexity 7781.2538,
Train Epoch: [3/30] Iters:[200/468] transplant_loss 1.6503, rec_loss 0.0129, p_loss 0.1540, quant_error 0.1562, utilization 0.5563, perplexity 7785.4403,
Train Epoch: [3/30] Iters:[210/468] transplant_loss 1.6423, rec_loss 0.0128, p_loss 0.1534, quant_error 0.1552, utilization 0.5560, perplexity 7778.1723,
Train Epoch: [3/30] Iters:[220/468] transplant_loss 1.6462, rec_loss 0.0130, p_loss 0.1536, quant_error 0.1552, utilization 0.5566, perplexity 7791.7448,
Train Epoch: [3/30] Iters:[230/468] transplant_loss 1.6508, rec_loss 0.0130, p_loss 0.1541, quant_error 0.1556, utilization 0.5574, perplexity 7803.9423,
Train Epoch: [3/30] Iters:[240/468] transplant_loss 1.6490, rec_loss 0.0131, p_loss 0.1542, quant_error 0.1554, utilization 0.5576, perplexity 7807.3663,
Train Epoch: [3/30] Iters:[250/468] transplant_loss 1.6472, rec_loss 0.0131, p_loss 0.1542, quant_error 0.1553, utilization 0.5577, perplexity 7806.8925,
Train Epoch: [3/30] Iters:[260/468] transplant_loss 1.6471, rec_loss 0.0131, p_loss 0.1543, quant_error 0.1549, utilization 0.5583, perplexity 7820.1433,
Train Epoch: [3/30] Iters:[270/468] transplant_loss 1.6470, rec_loss 0.0130, p_loss 0.1543, quant_error 0.1547, utilization 0.5587, perplexity 7823.5358,
Train Epoch: [3/30] Iters:[280/468] transplant_loss 1.6449, rec_loss 0.0130, p_loss 0.1540, quant_error 0.1546, utilization 0.5584, perplexity 7821.4452,
Train Epoch: [3/30] Iters:[290/468] transplant_loss 1.6471, rec_loss 0.0130, p_loss 0.1535, quant_error 0.1545, utilization 0.5590, perplexity 7831.7822,
Train Epoch: [3/30] Iters:[300/468] transplant_loss 1.6503, rec_loss 0.0130, p_loss 0.1533, quant_error 0.1546, utilization 0.5597, perplexity 7843.5905,
Train Epoch: [3/30] Iters:[310/468] transplant_loss 1.6541, rec_loss 0.0129, p_loss 0.1538, quant_error 0.1549, utilization 0.5601, perplexity 7852.5616,
Train Epoch: [3/30] Iters:[320/468] transplant_loss 1.6599, rec_loss 0.0130, p_loss 0.1542, quant_error 0.1559, utilization 0.5605, perplexity 7860.4915,
Train Epoch: [3/30] Iters:[330/468] transplant_loss 1.6657, rec_loss 0.0130, p_loss 0.1546, quant_error 0.1560, utilization 0.5610, perplexity 7871.0397,
Train Epoch: [3/30] Iters:[340/468] transplant_loss 1.6682, rec_loss 0.0130, p_loss 0.1552, quant_error 0.1562, utilization 0.5612, perplexity 7877.4541,
Train Epoch: [3/30] Iters:[350/468] transplant_loss 1.6686, rec_loss 0.0131, p_loss 0.1554, quant_error 0.1562, utilization 0.5612, perplexity 7879.2048,
Train Epoch: [3/30] Iters:[360/468] transplant_loss 1.6688, rec_loss 0.0131, p_loss 0.1555, quant_error 0.1561, utilization 0.5615, perplexity 7882.0079,
Train Epoch: [3/30] Iters:[370/468] transplant_loss 1.6650, rec_loss 0.0129, p_loss 0.1549, quant_error 0.1553, utilization 0.5617, perplexity 7889.6943,
Train Epoch: [3/30] Iters:[380/468] transplant_loss 1.6597, rec_loss 0.0128, p_loss 0.1548, quant_error 0.1547, utilization 0.5617, perplexity 7890.9229,
Train Epoch: [3/30] Iters:[390/468] transplant_loss 1.6607, rec_loss 0.0128, p_loss 0.1550, quant_error 0.1547, utilization 0.5621, perplexity 7898.8020,
Train Epoch: [3/30] Iters:[400/468] transplant_loss 1.6592, rec_loss 0.0129, p_loss 0.1547, quant_error 0.1545, utilization 0.5629, perplexity 7912.4080,
Train Epoch: [3/30] Iters:[410/468] transplant_loss 1.6532, rec_loss 0.0127, p_loss 0.1536, quant_error 0.1538, utilization 0.5632, perplexity 7918.8148,
Train Epoch: [3/30] Iters:[420/468] transplant_loss 1.6607, rec_loss 0.0129, p_loss 0.1539, quant_error 0.1542, utilization 0.5634, perplexity 7922.8879,
Train Epoch: [3/30] Iters:[430/468] transplant_loss 1.6663, rec_loss 0.0128, p_loss 0.1537, quant_error 0.1541, utilization 0.5638, perplexity 7928.0583,
Train Epoch: [3/30] Iters:[440/468] transplant_loss 1.6665, rec_loss 0.0128, p_loss 0.1533, quant_error 0.1542, utilization 0.5640, perplexity 7932.1415,
Train Epoch: [3/30] Iters:[450/468] transplant_loss 1.6713, rec_loss 0.0129, p_loss 0.1538, quant_error 0.1543, utilization 0.5640, perplexity 7931.7692,
Train Epoch: [3/30] Iters:[460/468] transplant_loss 1.6771, rec_loss 0.0129, p_loss 0.1540, quant_error 0.1542, utilization 0.5642, perplexity 7935.7373,
epoch:4, cur_lr:0.000091
Train Epoch: [4/30] Iters:[10/468] transplant_loss 1.6659, rec_loss 0.0128, p_loss 0.1532, quant_error 0.1558, utilization 0.5660, perplexity 7984.6106,
Train Epoch: [4/30] Iters:[20/468] transplant_loss 1.6622, rec_loss 0.0130, p_loss 0.1535, quant_error 0.1551, utilization 0.5658, perplexity 7978.5908,
Train Epoch: [4/30] Iters:[30/468] transplant_loss 1.6691, rec_loss 0.0130, p_loss 0.1533, quant_error 0.1552, utilization 0.5664, perplexity 7987.7535,
Train Epoch: [4/30] Iters:[40/468] transplant_loss 1.6654, rec_loss 0.0130, p_loss 0.1526, quant_error 0.1541, utilization 0.5664, perplexity 7986.0563,
Train Epoch: [4/30] Iters:[50/468] transplant_loss 1.6658, rec_loss 0.0129, p_loss 0.1525, quant_error 0.1540, utilization 0.5666, perplexity 7989.3721,
Train Epoch: [4/30] Iters:[60/468] transplant_loss 1.6645, rec_loss 0.0129, p_loss 0.1524, quant_error 0.1533, utilization 0.5667, perplexity 7988.3543,
Train Epoch: [4/30] Iters:[70/468] transplant_loss 1.6670, rec_loss 0.0129, p_loss 0.1523, quant_error 0.1531, utilization 0.5671, perplexity 7997.6030,
Train Epoch: [4/30] Iters:[80/468] transplant_loss 1.6586, rec_loss 0.0127, p_loss 0.1515, quant_error 0.1520, utilization 0.5672, perplexity 8002.0744,
Train Epoch: [4/30] Iters:[90/468] transplant_loss 1.6585, rec_loss 0.0127, p_loss 0.1517, quant_error 0.1517, utilization 0.5674, perplexity 8007.3751,
Train Epoch: [4/30] Iters:[100/468] transplant_loss 1.6545, rec_loss 0.0126, p_loss 0.1516, quant_error 0.1509, utilization 0.5677, perplexity 8014.7489,
Train Epoch: [4/30] Iters:[110/468] transplant_loss 1.6495, rec_loss 0.0126, p_loss 0.1511, quant_error 0.1505, utilization 0.5673, perplexity 8008.3851,
Train Epoch: [4/30] Iters:[120/468] transplant_loss 1.6458, rec_loss 0.0125, p_loss 0.1506, quant_error 0.1504, utilization 0.5676, perplexity 8011.7477,
Train Epoch: [4/30] Iters:[130/468] transplant_loss 1.6584, rec_loss 0.0127, p_loss 0.1518, quant_error 0.1517, utilization 0.5682, perplexity 8018.2743,
Train Epoch: [4/30] Iters:[140/468] transplant_loss 1.6570, rec_loss 0.0126, p_loss 0.1518, quant_error 0.1515, utilization 0.5682, perplexity 8016.6384,
Train Epoch: [4/30] Iters:[150/468] transplant_loss 1.6641, rec_loss 0.0127, p_loss 0.1522, quant_error 0.1524, utilization 0.5686, perplexity 8021.7772,
Train Epoch: [4/30] Iters:[160/468] transplant_loss 1.6696, rec_loss 0.0128, p_loss 0.1527, quant_error 0.1528, utilization 0.5696, perplexity 8039.2562,
Train Epoch: [4/30] Iters:[170/468] transplant_loss 1.6746, rec_loss 0.0129, p_loss 0.1530, quant_error 0.1527, utilization 0.5703, perplexity 8053.8890,
Train Epoch: [4/30] Iters:[180/468] transplant_loss 1.6632, rec_loss 0.0128, p_loss 0.1520, quant_error 0.1512, utilization 0.5697, perplexity 8045.7625,
Train Epoch: [4/30] Iters:[190/468] transplant_loss 1.6630, rec_loss 0.0129, p_loss 0.1518, quant_error 0.1515, utilization 0.5702, perplexity 8057.2168,
Train Epoch: [4/30] Iters:[200/468] transplant_loss 1.6606, rec_loss 0.0127, p_loss 0.1515, quant_error 0.1511, utilization 0.5705, perplexity 8063.8861,
Train Epoch: [4/30] Iters:[210/468] transplant_loss 1.6652, rec_loss 0.0127, p_loss 0.1514, quant_error 0.1510, utilization 0.5703, perplexity 8061.9218,
Train Epoch: [4/30] Iters:[220/468] transplant_loss 1.6586, rec_loss 0.0126, p_loss 0.1513, quant_error 0.1506, utilization 0.5698, perplexity 8050.5087,
Train Epoch: [4/30] Iters:[230/468] transplant_loss 1.6579, rec_loss 0.0125, p_loss 0.1514, quant_error 0.1508, utilization 0.5704, perplexity 8059.5114,
Train Epoch: [4/30] Iters:[240/468] transplant_loss 1.6616, rec_loss 0.0124, p_loss 0.1517, quant_error 0.1508, utilization 0.5708, perplexity 8065.8289,
Train Epoch: [4/30] Iters:[250/468] transplant_loss 1.6574, rec_loss 0.0124, p_loss 0.1515, quant_error 0.1499, utilization 0.5707, perplexity 8064.7568,
Train Epoch: [4/30] Iters:[260/468] transplant_loss 1.6546, rec_loss 0.0124, p_loss 0.1507, quant_error 0.1494, utilization 0.5710, perplexity 8072.7981,
Train Epoch: [4/30] Iters:[270/468] transplant_loss 1.6571, rec_loss 0.0125, p_loss 0.1504, quant_error 0.1492, utilization 0.5717, perplexity 8084.2129,
Train Epoch: [4/30] Iters:[280/468] transplant_loss 1.6591, rec_loss 0.0125, p_loss 0.1501, quant_error 0.1489, utilization 0.5721, perplexity 8093.2911,
Train Epoch: [4/30] Iters:[290/468] transplant_loss 1.6531, rec_loss 0.0124, p_loss 0.1497, quant_error 0.1482, utilization 0.5723, perplexity 8097.5728,
Train Epoch: [4/30] Iters:[300/468] transplant_loss 1.6561, rec_loss 0.0124, p_loss 0.1495, quant_error 0.1485, utilization 0.5725, perplexity 8097.9573,
Train Epoch: [4/30] Iters:[310/468] transplant_loss 1.6538, rec_loss 0.0123, p_loss 0.1502, quant_error 0.1485, utilization 0.5729, perplexity 8108.7229,
Train Epoch: [4/30] Iters:[320/468] transplant_loss 1.6612, rec_loss 0.0122, p_loss 0.1504, quant_error 0.1488, utilization 0.5727, perplexity 8104.7819,
Train Epoch: [4/30] Iters:[330/468] transplant_loss 1.6691, rec_loss 0.0122, p_loss 0.1511, quant_error 0.1495, utilization 0.5729, perplexity 8113.3758,
Train Epoch: [4/30] Iters:[340/468] transplant_loss 1.6708, rec_loss 0.0123, p_loss 0.1514, quant_error 0.1496, utilization 0.5728, perplexity 8112.3294,
Train Epoch: [4/30] Iters:[350/468] transplant_loss 1.6696, rec_loss 0.0123, p_loss 0.1514, quant_error 0.1494, utilization 0.5733, perplexity 8122.2743,
Train Epoch: [4/30] Iters:[360/468] transplant_loss 1.6659, rec_loss 0.0122, p_loss 0.1511, quant_error 0.1489, utilization 0.5731, perplexity 8116.3547,
Train Epoch: [4/30] Iters:[370/468] transplant_loss 1.6594, rec_loss 0.0122, p_loss 0.1513, quant_error 0.1485, utilization 0.5735, perplexity 8126.5738,
Train Epoch: [4/30] Iters:[380/468] transplant_loss 1.6508, rec_loss 0.0121, p_loss 0.1503, quant_error 0.1477, utilization 0.5738, perplexity 8129.8108,
Train Epoch: [4/30] Iters:[390/468] transplant_loss 1.6556, rec_loss 0.0122, p_loss 0.1502, quant_error 0.1480, utilization 0.5744, perplexity 8142.0718,
Train Epoch: [4/30] Iters:[400/468] transplant_loss 1.6548, rec_loss 0.0122, p_loss 0.1499, quant_error 0.1476, utilization 0.5739, perplexity 8131.7966,
Train Epoch: [4/30] Iters:[410/468] transplant_loss 1.6571, rec_loss 0.0122, p_loss 0.1497, quant_error 0.1476, utilization 0.5743, perplexity 8136.1182,
Train Epoch: [4/30] Iters:[420/468] transplant_loss 1.6571, rec_loss 0.0123, p_loss 0.1497, quant_error 0.1477, utilization 0.5748, perplexity 8145.5753,
Train Epoch: [4/30] Iters:[430/468] transplant_loss 1.6584, rec_loss 0.0123, p_loss 0.1502, quant_error 0.1474, utilization 0.5749, perplexity 8146.4066,
Train Epoch: [4/30] Iters:[440/468] transplant_loss 1.6513, rec_loss 0.0121, p_loss 0.1499, quant_error 0.1465, utilization 0.5750, perplexity 8145.3457,
Train Epoch: [4/30] Iters:[450/468] transplant_loss 1.6546, rec_loss 0.0121, p_loss 0.1503, quant_error 0.1469, utilization 0.5757, perplexity 8161.5180,
Train Epoch: [4/30] Iters:[460/468] transplant_loss 1.6603, rec_loss 0.0123, p_loss 0.1506, quant_error 0.1470, utilization 0.5761, perplexity 8167.0481,
epoch:5, cur_lr:0.000088
Train Epoch: [5/30] Iters:[10/468] transplant_loss 1.6637, rec_loss 0.0125, p_loss 0.1499, quant_error 0.1464, utilization 0.5761, perplexity 8174.9705,
Train Epoch: [5/30] Iters:[20/468] transplant_loss 1.6649, rec_loss 0.0124, p_loss 0.1488, quant_error 0.1458, utilization 0.5757, perplexity 8169.0242,
Train Epoch: [5/30] Iters:[30/468] transplant_loss 1.6646, rec_loss 0.0125, p_loss 0.1496, quant_error 0.1472, utilization 0.5763, perplexity 8178.7839,
Train Epoch: [5/30] Iters:[40/468] transplant_loss 1.6583, rec_loss 0.0125, p_loss 0.1493, quant_error 0.1466, utilization 0.5763, perplexity 8176.3324,
Train Epoch: [5/30] Iters:[50/468] transplant_loss 1.6578, rec_loss 0.0124, p_loss 0.1494, quant_error 0.1464, utilization 0.5764, perplexity 8176.8365,
Train Epoch: [5/30] Iters:[60/468] transplant_loss 1.6617, rec_loss 0.0124, p_loss 0.1498, quant_error 0.1468, utilization 0.5769, perplexity 8187.9511,
Train Epoch: [5/30] Iters:[70/468] transplant_loss 1.6579, rec_loss 0.0123, p_loss 0.1502, quant_error 0.1469, utilization 0.5769, perplexity 8185.5960,
Train Epoch: [5/30] Iters:[80/468] transplant_loss 1.6588, rec_loss 0.0123, p_loss 0.1502, quant_error 0.1466, utilization 0.5766, perplexity 8180.8507,
Train Epoch: [5/30] Iters:[90/468] transplant_loss 1.6597, rec_loss 0.0123, p_loss 0.1501, quant_error 0.1467, utilization 0.5771, perplexity 8192.0489,
Train Epoch: [5/30] Iters:[100/468] transplant_loss 1.6580, rec_loss 0.0123, p_loss 0.1500, quant_error 0.1468, utilization 0.5776, perplexity 8204.7284,
Train Epoch: [5/30] Iters:[110/468] transplant_loss 1.6544, rec_loss 0.0122, p_loss 0.1497, quant_error 0.1466, utilization 0.5772, perplexity 8193.3462,
Train Epoch: [5/30] Iters:[120/468] transplant_loss 1.6551, rec_loss 0.0122, p_loss 0.1499, quant_error 0.1468, utilization 0.5777, perplexity 8202.2311,
Train Epoch: [5/30] Iters:[130/468] transplant_loss 1.6509, rec_loss 0.0122, p_loss 0.1492, quant_error 0.1460, utilization 0.5780, perplexity 8208.3309,
Train Epoch: [5/30] Iters:[140/468] transplant_loss 1.6547, rec_loss 0.0122, p_loss 0.1493, quant_error 0.1462, utilization 0.5778, perplexity 8206.0905,
Train Epoch: [5/30] Iters:[150/468] transplant_loss 1.6572, rec_loss 0.0122, p_loss 0.1490, quant_error 0.1462, utilization 0.5775, perplexity 8196.8868,
Train Epoch: [5/30] Iters:[160/468] transplant_loss 1.6529, rec_loss 0.0122, p_loss 0.1485, quant_error 0.1456, utilization 0.5779, perplexity 8205.6564,
Train Epoch: [5/30] Iters:[170/468] transplant_loss 1.6557, rec_loss 0.0122, p_loss 0.1485, quant_error 0.1457, utilization 0.5779, perplexity 8209.3324,
Train Epoch: [5/30] Iters:[180/468] transplant_loss 1.6606, rec_loss 0.0122, p_loss 0.1492, quant_error 0.1466, utilization 0.5781, perplexity 8210.5964,
Train Epoch: [5/30] Iters:[190/468] transplant_loss 1.6564, rec_loss 0.0121, p_loss 0.1491, quant_error 0.1458, utilization 0.5782, perplexity 8209.3981,
Train Epoch: [5/30] Iters:[200/468] transplant_loss 1.6523, rec_loss 0.0120, p_loss 0.1488, quant_error 0.1453, utilization 0.5784, perplexity 8212.7396,
Train Epoch: [5/30] Iters:[210/468] transplant_loss 1.6623, rec_loss 0.0122, p_loss 0.1495, quant_error 0.1462, utilization 0.5788, perplexity 8217.9871,
Train Epoch: [5/30] Iters:[220/468] transplant_loss 1.6636, rec_loss 0.0122, p_loss 0.1492, quant_error 0.1461, utilization 0.5792, perplexity 8222.8640,
Train Epoch: [5/30] Iters:[230/468] transplant_loss 1.6640, rec_loss 0.0123, p_loss 0.1487, quant_error 0.1461, utilization 0.5791, perplexity 8225.0636,
Train Epoch: [5/30] Iters:[240/468] transplant_loss 1.6700, rec_loss 0.0124, p_loss 0.1493, quant_error 0.1470, utilization 0.5793, perplexity 8230.2945,
Train Epoch: [5/30] Iters:[250/468] transplant_loss 1.6723, rec_loss 0.0123, p_loss 0.1494, quant_error 0.1473, utilization 0.5796, perplexity 8235.4394,
Train Epoch: [5/30] Iters:[260/468] transplant_loss 1.6642, rec_loss 0.0121, p_loss 0.1490, quant_error 0.1461, utilization 0.5792, perplexity 8229.5339,
Train Epoch: [5/30] Iters:[270/468] transplant_loss 1.6618, rec_loss 0.0121, p_loss 0.1486, quant_error 0.1459, utilization 0.5792, perplexity 8229.3063,
Train Epoch: [5/30] Iters:[280/468] transplant_loss 1.6627, rec_loss 0.0121, p_loss 0.1488, quant_error 0.1457, utilization 0.5794, perplexity 8233.7819,
Train Epoch: [5/30] Iters:[290/468] transplant_loss 1.6572, rec_loss 0.0120, p_loss 0.1486, quant_error 0.1449, utilization 0.5796, perplexity 8237.5830,
Train Epoch: [5/30] Iters:[300/468] transplant_loss 1.6575, rec_loss 0.0121, p_loss 0.1487, quant_error 0.1449, utilization 0.5796, perplexity 8239.9142,
Train Epoch: [5/30] Iters:[310/468] transplant_loss 1.6597, rec_loss 0.0121, p_loss 0.1490, quant_error 0.1457, utilization 0.5803, perplexity 8254.9219,
Train Epoch: [5/30] Iters:[320/468] transplant_loss 1.6577, rec_loss 0.0121, p_loss 0.1489, quant_error 0.1453, utilization 0.5807, perplexity 8261.1269,
Train Epoch: [5/30] Iters:[330/468] transplant_loss 1.6501, rec_loss 0.0120, p_loss 0.1484, quant_error 0.1441, utilization 0.5808, perplexity 8262.7669,
Train Epoch: [5/30] Iters:[340/468] transplant_loss 1.6529, rec_loss 0.0122, p_loss 0.1485, quant_error 0.1444, utilization 0.5811, perplexity 8268.6558,
Train Epoch: [5/30] Iters:[350/468] transplant_loss 1.6539, rec_loss 0.0121, p_loss 0.1485, quant_error 0.1442, utilization 0.5813, perplexity 8271.7359,
Train Epoch: [5/30] Iters:[360/468] transplant_loss 1.6497, rec_loss 0.0120, p_loss 0.1479, quant_error 0.1434, utilization 0.5810, perplexity 8266.9690,
Train Epoch: [5/30] Iters:[370/468] transplant_loss 1.6516, rec_loss 0.0120, p_loss 0.1479, quant_error 0.1434, utilization 0.5810, perplexity 8263.1814,
Train Epoch: [5/30] Iters:[380/468] transplant_loss 1.6533, rec_loss 0.0120, p_loss 0.1481, quant_error 0.1439, utilization 0.5816, perplexity 8275.9591,
Train Epoch: [5/30] Iters:[390/468] transplant_loss 1.6519, rec_loss 0.0119, p_loss 0.1477, quant_error 0.1439, utilization 0.5816, perplexity 8274.1252,
Train Epoch: [5/30] Iters:[400/468] transplant_loss 1.6511, rec_loss 0.0119, p_loss 0.1478, quant_error 0.1440, utilization 0.5815, perplexity 8272.3996,
Train Epoch: [5/30] Iters:[410/468] transplant_loss 1.6595, rec_loss 0.0119, p_loss 0.1484, quant_error 0.1449, utilization 0.5817, perplexity 8273.3644,
Train Epoch: [5/30] Iters:[420/468] transplant_loss 1.6617, rec_loss 0.0118, p_loss 0.1483, quant_error 0.1450, utilization 0.5819, perplexity 8279.4367,
Train Epoch: [5/30] Iters:[430/468] transplant_loss 1.6693, rec_loss 0.0119, p_loss 0.1485, quant_error 0.1454, utilization 0.5817, perplexity 8273.6399,
Train Epoch: [5/30] Iters:[440/468] transplant_loss 1.6680, rec_loss 0.0118, p_loss 0.1485, quant_error 0.1448, utilization 0.5814, perplexity 8270.1502,
Train Epoch: [5/30] Iters:[450/468] transplant_loss 1.6688, rec_loss 0.0119, p_loss 0.1481, quant_error 0.1444, utilization 0.5817, perplexity 8274.8158,
Train Epoch: [5/30] Iters:[460/468] transplant_loss 1.6625, rec_loss 0.0118, p_loss 0.1473, quant_error 0.1434, utilization 0.5821, perplexity 8282.7631,
Loading pretrained model LPIPS from /home/fangxian/.cache/torch/hub/pyiqa/LPIPS_v0.1_alex-df73285e.pth
epoch:6, cur_lr:0.000085
Train Epoch: [6/30] Iters:[10/468] transplant_loss 1.6501, rec_loss 0.0119, p_loss 0.1470, quant_error 0.1435, utilization 0.5813, perplexity 8268.1198,
Train Epoch: [6/30] Iters:[20/468] transplant_loss 1.6485, rec_loss 0.0118, p_loss 0.1469, quant_error 0.1430, utilization 0.5820, perplexity 8281.3616,
Train Epoch: [6/30] Iters:[30/468] transplant_loss 1.6507, rec_loss 0.0118, p_loss 0.1467, quant_error 0.1427, utilization 0.5822, perplexity 8287.2124,
Train Epoch: [6/30] Iters:[40/468] transplant_loss 1.6605, rec_loss 0.0119, p_loss 0.1473, quant_error 0.1437, utilization 0.5826, perplexity 8295.6649,
Train Epoch: [6/30] Iters:[50/468] transplant_loss 1.6601, rec_loss 0.0119, p_loss 0.1473, quant_error 0.1433, utilization 0.5829, perplexity 8301.5609,
