dataset_dir: /datasets/
dataset_name: ImageNet
global_batch_size: 64
workers: 8
resolution: 256
channels: 3
ms_patch_size: 1_2_3_4_5_6_8
max_patch_size: 8
codebook_size: 16384
codebook_dim: 8
project_dim: 16
pq: 1
L: 4
alpha: 1.0
beta: 1.0
gamma: 0.0
disc_weight: 0.2
lecam_loss_weight: 0.001
disc_cr_loss_weight: 4.0
VQ: ema_vq
use_multiscale: False
transplant_epochs: 5
refinement_epochs: 5
eval_epochs: 1
lr_transplant: 0.0001
lr_refinement: 1e-05
dropout: 0.0
seed: 3407
weight_decay: 0.0001
stage: transplant
checkpoint_dir: /project/6105494/sunset/VQ-Projects/VQ-Transplant/checkpoint/Transplant/ImageNet
results_dir: /project/6105494/sunset/VQ-Projects/VQ-Transplant/results/Transplant/ImageNet
saver_dir: /project/6105494/sunset/VQ-Projects/VQ-Transplant/saver/Transplant/ImageNet
reconstruction_dir: /project/6105494/sunset/VQ-Projects/VQ-Transplant/reconstruction/Transplant/ImageNet
yaml_dir: /project/6105494/sunset/VQ-Projects/VQ-Transplant/yaml/Transplant/ImageNet
pretrained_tokenizer: /project/6105494/sunset/VQ-Projects/VQ-Transplant/pretrained_tokenizer/dc-ae-f32c32-sana-1.0.safetensors
checkpoint_name: 
nnodes: -1
node_rank: -1
local_rank: 0
dist_url: tcp://224.66.41.62:23456
dist_backend: nccl
world_size: 2
batch_size: 32
ms_token_size: (1, 2, 3, 4, 5, 6, 8)
init_checkpoint_dir: /project/6105494/sunset/VQ-Projects/VQ-Transplant/checkpoint/
data_pre: ImageNet
model_pre: model_16384_8_1
loss_pre: loss_1.0_1.0_0.0_0.2
training_pre: ema_vq_transplant_False
saver_name_pre: ema_vq_transplant_False_ImageNet_model_16384_8_1_loss_1.0_1.0_0.0_0.2
| distributed init (rank 0): env://
| distributed init (rank 1): env://
VQ Model Parameters: 312250275
dataset name: ImageNet
len train_set: 1281167
len val_set: 50000
Start training...
epoch:1, cur_lr:0.000100
Train Epoch: [1/5] Iters:[10/20018] transplant_loss 2.5647, rec_loss 0.0478, quant_error 0.5809,
Train Epoch: [1/5] Iters:[20/20018] transplant_loss 1.9623, rec_loss 0.0452, quant_error 0.4468,
Train Epoch: [1/5] Iters:[30/20018] transplant_loss 1.7184, rec_loss 0.0427, quant_error 0.3869,
Train Epoch: [1/5] Iters:[40/20018] transplant_loss 1.5897, rec_loss 0.0426, quant_error 0.3546,
Train Epoch: [1/5] Iters:[50/20018] transplant_loss 1.5078, rec_loss 0.0424, quant_error 0.3345,
Train Epoch: [1/5] Iters:[60/20018] transplant_loss 1.2285, rec_loss 0.0404, quant_error 0.2689,
Train Epoch: [1/5] Iters:[70/20018] transplant_loss 1.1854, rec_loss 0.0394, quant_error 0.2564,
Train Epoch: [1/5] Iters:[80/20018] transplant_loss 1.1623, rec_loss 0.0401, quant_error 0.2524,
Train Epoch: [1/5] Iters:[90/20018] transplant_loss 1.1429, rec_loss 0.0399, quant_error 0.2506,
Train Epoch: [1/5] Iters:[100/20018] transplant_loss 1.1235, rec_loss 0.0394, quant_error 0.2487,
Train Epoch: [1/5] Iters:[110/20018] transplant_loss 1.1040, rec_loss 0.0402, quant_error 0.2468,
Train Epoch: [1/5] Iters:[120/20018] transplant_loss 1.0859, rec_loss 0.0406, quant_error 0.2447,
Train Epoch: [1/5] Iters:[130/20018] transplant_loss 1.0707, rec_loss 0.0406, quant_error 0.2432,
Train Epoch: [1/5] Iters:[140/20018] transplant_loss 1.0530, rec_loss 0.0395, quant_error 0.2410,
Train Epoch: [1/5] Iters:[150/20018] transplant_loss 1.0374, rec_loss 0.0399, quant_error 0.2394,
Train Epoch: [1/5] Iters:[160/20018] transplant_loss 1.0205, rec_loss 0.0394, quant_error 0.2368,
Train Epoch: [1/5] Iters:[170/20018] transplant_loss 1.0036, rec_loss 0.0392, quant_error 0.2344,
Train Epoch: [1/5] Iters:[180/20018] transplant_loss 0.9914, rec_loss 0.0387, quant_error 0.2331,
Train Epoch: [1/5] Iters:[190/20018] transplant_loss 0.9814, rec_loss 0.0389, quant_error 0.2317,
Train Epoch: [1/5] Iters:[200/20018] transplant_loss 0.9717, rec_loss 0.0386, quant_error 0.2303,
Train Epoch: [1/5] Iters:[210/20018] transplant_loss 0.9668, rec_loss 0.0384, quant_error 0.2303,
Train Epoch: [1/5] Iters:[220/20018] transplant_loss 0.9643, rec_loss 0.0383, quant_error 0.2309,
