dataset_dir: /datasets/
dataset_name: ImageNet
global_batch_size: 64
workers: 8
resolution: 256
channels: 3
ms_patch_size: 1_2_3_4_5_6_8
max_patch_size: 8
codebook_size: 16384
codebook_dim: 8
project_dim: 16
pq: 1
L: 4
alpha: 1.0
beta: 1.0
gamma: 2.0
disc_weight: 0.2
lecam_loss_weight: 0.001
disc_cr_loss_weight: 4.0
VQ: mmd_vq
use_multiscale: False
transplant_epochs: 5
refinement_epochs: 5
eval_epochs: 1
lr_transplant: 0.0001
lr_refinement: 1e-05
dropout: 0.0
seed: 3407
weight_decay: 0.0001
stage: transplant
checkpoint_dir: /project/6105494/sunset/VQ-Projects/VQ-Transplant/checkpoint/Transplant/ImageNet
results_dir: /project/6105494/sunset/VQ-Projects/VQ-Transplant/results/Transplant/ImageNet
saver_dir: /project/6105494/sunset/VQ-Projects/VQ-Transplant/saver/Transplant/ImageNet
reconstruction_dir: /project/6105494/sunset/VQ-Projects/VQ-Transplant/reconstruction/Transplant/ImageNet
yaml_dir: /project/6105494/sunset/VQ-Projects/VQ-Transplant/yaml/Transplant/ImageNet
pretrained_tokenizer: /project/6105494/sunset/VQ-Projects/VQ-Transplant/pretrained_tokenizer/dc-ae-f32c32-sana-1.0.safetensors
checkpoint_name: 
nnodes: -1
node_rank: -1
local_rank: 0
dist_url: tcp://224.66.41.62:23456
dist_backend: nccl
world_size: 2
batch_size: 32
ms_token_size: (1, 2, 3, 4, 5, 6, 8)
init_checkpoint_dir: /project/6105494/sunset/VQ-Projects/VQ-Transplant/checkpoint/
data_pre: ImageNet
model_pre: model_16384_8_1
loss_pre: loss_1.0_1.0_2.0_0.2
training_pre: mmd_vq_transplant_False
saver_name_pre: mmd_vq_transplant_False_ImageNet_model_16384_8_1_loss_1.0_1.0_2.0_0.2
| distributed init (rank 0): env://
| distributed init (rank 1): env://
VQ Model Parameters: 312250275
dataset name: ImageNet
len train_set: 1281167
len val_set: 50000
Start training...
epoch:1, cur_lr:0.000100
Train Epoch: [1/5] Iters:[10/20018] transplant_loss 46.6909, rec_loss 0.3105, quant_error 4.9940,
Train Epoch: [1/5] Iters:[20/20018] transplant_loss 64.2031, rec_loss 0.3081, quant_error 4.9634,
Train Epoch: [1/5] Iters:[30/20018] transplant_loss 98.6705, rec_loss 0.2876, quant_error 4.8446,
Train Epoch: [1/5] Iters:[40/20018] transplant_loss 129.9262, rec_loss 0.2725, quant_error 4.7492,
Train Epoch: [1/5] Iters:[50/20018] transplant_loss 139.4441, rec_loss 0.2576, quant_error 4.6377,
Train Epoch: [1/5] Iters:[60/20018] transplant_loss 153.0169, rec_loss 0.2319, quant_error 4.4657,
Train Epoch: [1/5] Iters:[70/20018] transplant_loss 151.8967, rec_loss 0.2042, quant_error 4.2421,
