dataset_dir: /project/6105494/shared/data/
dataset_name: Churches
global_batch_size: 128
workers: 6
resolution: 256
channels: 3
ms_patch_size: 1_2_3_4_5_6_8_10_13_16
max_patch_size: 16
codebook_size: 16384
codebook_dim: 16
project_dim: 16
pq: 1
L: 4
alpha: 1.0
beta: 1.0
gamma: 1.0
disc_weight: 0.2
lecam_loss_weight: 0.001
disc_cr_loss_weight: 4.0
VQ: mmd_vq
use_multiscale: False
transplant_epochs: 20
refinement_epochs: 20
eval_epochs: 4
lr_transplant: 0.0001
lr_refinement: 1e-05
dropout: 0.0
seed: 3407
weight_decay: 0.0001
stage: transplant
checkpoint_dir: /project/6105494/sunset/VQ-Projects/VQ-Transplant/checkpoint/Transplant/Churches
results_dir: /project/6105494/sunset/VQ-Projects/VQ-Transplant/results/Transplant/Churches
saver_dir: /project/6105494/sunset/VQ-Projects/VQ-Transplant/saver/Transplant/Churches
reconstruction_dir: /project/6105494/sunset/VQ-Projects/VQ-Transplant/reconstruction/Transplant/Churches
yaml_dir: /project/6105494/sunset/VQ-Projects/VQ-Transplant/yaml/Transplant/Churches
pretrained_tokenizer: /project/6105494/sunset/VQ-Projects/VQ-Transplant/pretrained_tokenizer/model.ckpt
checkpoint_name: 
nnodes: -1
node_rank: -1
local_rank: 0
dist_url: tcp://224.66.41.62:23456
dist_backend: nccl
world_size: 2
batch_size: 64
ms_token_size: (1, 2, 3, 4, 5, 6, 8, 10, 13, 16)
init_checkpoint_dir: /project/6105494/sunset/VQ-Projects/VQ-Transplant/checkpoint/
data_pre: Churches
model_pre: model_16384_16_1
loss_pre: loss_1.0_1.0_1.0_0.2
training_pre: mmd_vq_transplant_False
saver_name_pre: mmd_vq_transplant_False_Churches_model_16384_16_1_loss_1.0_1.0_1.0_0.2
| distributed init (rank 0): env://
| distributed init (rank 1): env://
making attention of type 'vanilla' with 512 in_channels
making attention of type 'vanilla' with 512 in_channels
making attention of type 'vanilla' with 512 in_channels
Working with z of shape (1, 16, 16, 16) = 4096 dimensions.
making attention of type 'vanilla' with 512 in_channels
making attention of type 'vanilla' with 512 in_channels
making attention of type 'vanilla' with 512 in_channels
making attention of type 'vanilla' with 512 in_channels
VQ Model Parameters: 69609635
dataset name: Churches
len train_set: 126227
len val_set: 126227
Start training...
epoch:1, cur_lr:0.000100
Train Epoch: [1/20] Iters:[10/986] transplant_loss 12.1510, rec_loss 0.1870, quant_error 2.6945, utilization 0.0269, perplexity 157.9823,
Train Epoch: [1/20] Iters:[20/986] transplant_loss 15.0754, rec_loss 0.1541, quant_error 2.3919, utilization 0.0141, perplexity 86.0978,
Train Epoch: [1/20] Iters:[30/986] transplant_loss 17.4775, rec_loss 0.1417, quant_error 2.2535, utilization 0.0099, perplexity 63.0647,
Train Epoch: [1/20] Iters:[40/986] transplant_loss 17.9174, rec_loss 0.1342, quant_error 2.1556, utilization 0.0078, perplexity 51.7928,
Train Epoch: [1/20] Iters:[50/986] transplant_loss 17.3184, rec_loss 0.1291, quant_error 2.0862, utilization 0.0066, perplexity 45.1087,
Train Epoch: [1/20] Iters:[60/986] transplant_loss 17.1895, rec_loss 0.1125, quant_error 1.8888, utilization 0.0017, perplexity 17.4333,
Train Epoch: [1/20] Iters:[70/986] transplant_loss 15.4981, rec_loss 0.1082, quant_error 1.8044, utilization 0.0019, perplexity 18.8830,
Train Epoch: [1/20] Iters:[80/986] transplant_loss 12.6181, rec_loss 0.1044, quant_error 1.7317, utilization 0.0022, perplexity 20.2175,
Train Epoch: [1/20] Iters:[90/986] transplant_loss 10.3051, rec_loss 0.1007, quant_error 1.6690, utilization 0.0025, perplexity 21.8864,
Train Epoch: [1/20] Iters:[100/986] transplant_loss 8.8490, rec_loss 0.0973, quant_error 1.6111, utilization 0.0029, perplexity 24.1511,
Train Epoch: [1/20] Iters:[110/986] transplant_loss 8.1051, rec_loss 0.0945, quant_error 1.5635, utilization 0.0033, perplexity 26.9140,
Train Epoch: [1/20] Iters:[120/986] transplant_loss 7.7893, rec_loss 0.0923, quant_error 1.5127, utilization 0.0037, perplexity 30.1653,
Train Epoch: [1/20] Iters:[130/986] transplant_loss 7.8884, rec_loss 0.0905, quant_error 1.4693, utilization 0.0042, perplexity 33.7187,
Train Epoch: [1/20] Iters:[140/986] transplant_loss 8.0173, rec_loss 0.0890, quant_error 1.4254, utilization 0.0047, perplexity 37.6044,
Train Epoch: [1/20] Iters:[150/986] transplant_loss 8.1689, rec_loss 0.0871, quant_error 1.3806, utilization 0.0054, perplexity 41.6017,
Train Epoch: [1/20] Iters:[160/986] transplant_loss 8.2839, rec_loss 0.0858, quant_error 1.3424, utilization 0.0063, perplexity 45.6897,
Train Epoch: [1/20] Iters:[170/986] transplant_loss 8.3551, rec_loss 0.0850, quant_error 1.3127, utilization 0.0077, perplexity 49.9113,
Train Epoch: [1/20] Iters:[180/986] transplant_loss 8.2729, rec_loss 0.0833, quant_error 1.2771, utilization 0.0099, perplexity 54.7642,
Train Epoch: [1/20] Iters:[190/986] transplant_loss 8.1918, rec_loss 0.0827, quant_error 1.2535, utilization 0.0131, perplexity 60.6722,
Train Epoch: [1/20] Iters:[200/986] transplant_loss 8.0369, rec_loss 0.0822, quant_error 1.2326, utilization 0.0179, perplexity 68.6899,
Train Epoch: [1/20] Iters:[210/986] transplant_loss 7.8042, rec_loss 0.0808, quant_error 1.2053, utilization 0.0248, perplexity 79.6027,
Train Epoch: [1/20] Iters:[220/986] transplant_loss 7.5380, rec_loss 0.0787, quant_error 1.1763, utilization 0.0349, perplexity 95.3310,
Train Epoch: [1/20] Iters:[230/986] transplant_loss 7.3170, rec_loss 0.0776, quant_error 1.1546, utilization 0.0484, perplexity 118.0172,
Train Epoch: [1/20] Iters:[240/986] transplant_loss 7.0387, rec_loss 0.0760, quant_error 1.1250, utilization 0.0669, perplexity 152.7087,
Train Epoch: [1/20] Iters:[250/986] transplant_loss 6.7819, rec_loss 0.0739, quant_error 1.0922, utilization 0.0902, perplexity 203.3456,
Train Epoch: [1/20] Iters:[260/986] transplant_loss 6.5286, rec_loss 0.0725, quant_error 1.0596, utilization 0.1228, perplexity 283.0189,
Train Epoch: [1/20] Iters:[270/986] transplant_loss 6.2727, rec_loss 0.0711, quant_error 1.0257, utilization 0.1672, perplexity 414.4422,
Train Epoch: [1/20] Iters:[280/986] transplant_loss 5.9683, rec_loss 0.0694, quant_error 0.9839, utilization 0.2268, perplexity 628.9410,
Train Epoch: [1/20] Iters:[290/986] transplant_loss 5.6820, rec_loss 0.0682, quant_error 0.9455, utilization 0.2975, perplexity 956.4940,
Train Epoch: [1/20] Iters:[300/986] transplant_loss 5.3550, rec_loss 0.0669, quant_error 0.9046, utilization 0.3752, perplexity 1415.5737,
Train Epoch: [1/20] Iters:[310/986] transplant_loss 5.0724, rec_loss 0.0658, quant_error 0.8680, utilization 0.4528, perplexity 2035.5946,
Train Epoch: [1/20] Iters:[320/986] transplant_loss 4.7936, rec_loss 0.0645, quant_error 0.8316, utilization 0.5218, perplexity 2752.3094,
Train Epoch: [1/20] Iters:[330/986] transplant_loss 4.5489, rec_loss 0.0633, quant_error 0.7999, utilization 0.5770, perplexity 3551.3782,
Train Epoch: [1/20] Iters:[340/986] transplant_loss 4.3334, rec_loss 0.0620, quant_error 0.7717, utilization 0.6193, perplexity 4371.9064,
Train Epoch: [1/20] Iters:[350/986] transplant_loss 4.1653, rec_loss 0.0611, quant_error 0.7495, utilization 0.6508, perplexity 5149.4707,
Train Epoch: [1/20] Iters:[360/986] transplant_loss 4.0232, rec_loss 0.0604, quant_error 0.7295, utilization 0.6739, perplexity 5849.5483,
Train Epoch: [1/20] Iters:[370/986] transplant_loss 3.8983, rec_loss 0.0604, quant_error 0.7143, utilization 0.6916, perplexity 6469.6682,
Train Epoch: [1/20] Iters:[380/986] transplant_loss 3.8002, rec_loss 0.0599, quant_error 0.7012, utilization 0.7061, perplexity 6999.3028,
Train Epoch: [1/20] Iters:[390/986] transplant_loss 3.7179, rec_loss 0.0592, quant_error 0.6890, utilization 0.7168, perplexity 7426.9199,
Train Epoch: [1/20] Iters:[400/986] transplant_loss 3.6583, rec_loss 0.0592, quant_error 0.6812, utilization 0.7262, perplexity 7803.6747,
Train Epoch: [1/20] Iters:[410/986] transplant_loss 3.5928, rec_loss 0.0588, quant_error 0.6744, utilization 0.7332, perplexity 8103.3643,
Train Epoch: [1/20] Iters:[420/986] transplant_loss 3.5343, rec_loss 0.0579, quant_error 0.6644, utilization 0.7397, perplexity 8370.0180,
Train Epoch: [1/20] Iters:[430/986] transplant_loss 3.4857, rec_loss 0.0574, quant_error 0.6574, utilization 0.7443, perplexity 8580.1061,
Train Epoch: [1/20] Iters:[440/986] transplant_loss 3.4484, rec_loss 0.0575, quant_error 0.6516, utilization 0.7486, perplexity 8769.7628,
Train Epoch: [1/20] Iters:[450/986] transplant_loss 3.3993, rec_loss 0.0568, quant_error 0.6436, utilization 0.7517, perplexity 8914.2596,
Train Epoch: [1/20] Iters:[460/986] transplant_loss 3.3646, rec_loss 0.0564, quant_error 0.6374, utilization 0.7550, perplexity 9049.8964,
Train Epoch: [1/20] Iters:[470/986] transplant_loss 3.3447, rec_loss 0.0558, quant_error 0.6330, utilization 0.7573, perplexity 9152.9618,
Train Epoch: [1/20] Iters:[480/986] transplant_loss 3.3215, rec_loss 0.0558, quant_error 0.6281, utilization 0.7591, perplexity 9248.1449,
Train Epoch: [1/20] Iters:[490/986] transplant_loss 3.2862, rec_loss 0.0555, quant_error 0.6228, utilization 0.7615, perplexity 9335.0376,
Train Epoch: [1/20] Iters:[500/986] transplant_loss 3.2716, rec_loss 0.0550, quant_error 0.6187, utilization 0.7638, perplexity 9425.3053,
Train Epoch: [1/20] Iters:[510/986] transplant_loss 3.2490, rec_loss 0.0548, quant_error 0.6131, utilization 0.7659, perplexity 9517.8909,
Train Epoch: [1/20] Iters:[520/986] transplant_loss 3.2237, rec_loss 0.0550, quant_error 0.6102, utilization 0.7677, perplexity 9591.3347,
Train Epoch: [1/20] Iters:[530/986] transplant_loss 3.2063, rec_loss 0.0545, quant_error 0.6065, utilization 0.7696, perplexity 9647.4609,
Train Epoch: [1/20] Iters:[540/986] transplant_loss 3.1934, rec_loss 0.0538, quant_error 0.6026, utilization 0.7709, perplexity 9705.4244,
Train Epoch: [1/20] Iters:[550/986] transplant_loss 3.1648, rec_loss 0.0537, quant_error 0.5984, utilization 0.7719, perplexity 9740.2704,
Train Epoch: [1/20] Iters:[560/986] transplant_loss 3.1580, rec_loss 0.0535, quant_error 0.5960, utilization 0.7725, perplexity 9771.0668,
Train Epoch: [1/20] Iters:[570/986] transplant_loss 3.1461, rec_loss 0.0530, quant_error 0.5916, utilization 0.7732, perplexity 9805.8821,
Train Epoch: [1/20] Iters:[580/986] transplant_loss 3.1272, rec_loss 0.0526, quant_error 0.5884, utilization 0.7743, perplexity 9845.9781,
Train Epoch: [1/20] Iters:[590/986] transplant_loss 3.1156, rec_loss 0.0533, quant_error 0.5866, utilization 0.7751, perplexity 9880.2387,
Train Epoch: [1/20] Iters:[600/986] transplant_loss 3.1067, rec_loss 0.0529, quant_error 0.5833, utilization 0.7760, perplexity 9922.0918,
Train Epoch: [1/20] Iters:[610/986] transplant_loss 3.0930, rec_loss 0.0529, quant_error 0.5808, utilization 0.7771, perplexity 9951.7957,
Train Epoch: [1/20] Iters:[620/986] transplant_loss 3.0852, rec_loss 0.0529, quant_error 0.5791, utilization 0.7788, perplexity 10009.4819,
Train Epoch: [1/20] Iters:[630/986] transplant_loss 3.0713, rec_loss 0.0525, quant_error 0.5752, utilization 0.7798, perplexity 10049.2697,
Train Epoch: [1/20] Iters:[640/986] transplant_loss 3.0604, rec_loss 0.0516, quant_error 0.5722, utilization 0.7806, perplexity 10068.7420,
Train Epoch: [1/20] Iters:[650/986] transplant_loss 3.0526, rec_loss 0.0521, quant_error 0.5705, utilization 0.7817, perplexity 10100.7675,
Train Epoch: [1/20] Iters:[660/986] transplant_loss 3.0356, rec_loss 0.0519, quant_error 0.5676, utilization 0.7821, perplexity 10117.5927,
Train Epoch: [1/20] Iters:[670/986] transplant_loss 3.0300, rec_loss 0.0518, quant_error 0.5646, utilization 0.7830, perplexity 10145.4889,
Train Epoch: [1/20] Iters:[680/986] transplant_loss 3.0324, rec_loss 0.0523, quant_error 0.5648, utilization 0.7842, perplexity 10185.6808,
Train Epoch: [1/20] Iters:[690/986] transplant_loss 3.0192, rec_loss 0.0523, quant_error 0.5619, utilization 0.7854, perplexity 10226.4428,
Train Epoch: [1/20] Iters:[700/986] transplant_loss 3.0196, rec_loss 0.0519, quant_error 0.5610, utilization 0.7866, perplexity 10263.9304,
Train Epoch: [1/20] Iters:[710/986] transplant_loss 3.0182, rec_loss 0.0518, quant_error 0.5588, utilization 0.7873, perplexity 10289.2841,
Train Epoch: [1/20] Iters:[720/986] transplant_loss 3.0022, rec_loss 0.0512, quant_error 0.5565, utilization 0.7874, perplexity 10293.9475,
Train Epoch: [1/20] Iters:[730/986] transplant_loss 2.9880, rec_loss 0.0510, quant_error 0.5535, utilization 0.7875, perplexity 10290.4152,
Train Epoch: [1/20] Iters:[740/986] transplant_loss 2.9912, rec_loss 0.0512, quant_error 0.5540, utilization 0.7883, perplexity 10304.7470,
Train Epoch: [1/20] Iters:[750/986] transplant_loss 2.9831, rec_loss 0.0509, quant_error 0.5503, utilization 0.7891, perplexity 10330.8117,
Train Epoch: [1/20] Iters:[760/986] transplant_loss 2.9715, rec_loss 0.0506, quant_error 0.5480, utilization 0.7905, perplexity 10363.3512,
Train Epoch: [1/20] Iters:[770/986] transplant_loss 2.9727, rec_loss 0.0510, quant_error 0.5473, utilization 0.7921, perplexity 10396.0498,
Train Epoch: [1/20] Iters:[780/986] transplant_loss 2.9754, rec_loss 0.0512, quant_error 0.5468, utilization 0.7932, perplexity 10429.5901,
Train Epoch: [1/20] Iters:[790/986] transplant_loss 2.9637, rec_loss 0.0508, quant_error 0.5440, utilization 0.7937, perplexity 10443.8771,
Train Epoch: [1/20] Iters:[800/986] transplant_loss 2.9638, rec_loss 0.0506, quant_error 0.5444, utilization 0.7951, perplexity 10475.7997,
Train Epoch: [1/20] Iters:[810/986] transplant_loss 2.9692, rec_loss 0.0505, quant_error 0.5449, utilization 0.7960, perplexity 10499.8817,
