dataset_dir: /datasets/
dataset_name: ImageNet
global_batch_size: 64
workers: 8
resolution: 256
channels: 3
ms_patch_size: 1_2_3_4_5_6_8
max_patch_size: 8
codebook_size: 16384
codebook_dim: 32
project_dim: 16
pq: 1
L: 4
alpha: 1.0
beta: 1.0
gamma: 0.5
disc_weight: 0.2
lecam_loss_weight: 0.001
disc_cr_loss_weight: 4.0
VQ: wasserstein_vq
use_multiscale: False
transplant_epochs: 5
refinement_epochs: 5
eval_epochs: 1
lr_transplant: 0.0001
lr_refinement: 1e-05
dropout: 0.0
seed: 3407
weight_decay: 0.0001
stage: transplant
checkpoint_dir: /project/6105494/sunset/VQ-Projects/VQ-Transplant/checkpoint/Transplant/ImageNet
results_dir: /project/6105494/sunset/VQ-Projects/VQ-Transplant/results/Transplant/ImageNet
saver_dir: /project/6105494/sunset/VQ-Projects/VQ-Transplant/saver/Transplant/ImageNet
reconstruction_dir: /project/6105494/sunset/VQ-Projects/VQ-Transplant/reconstruction/Transplant/ImageNet
yaml_dir: /project/6105494/sunset/VQ-Projects/VQ-Transplant/yaml/Transplant/ImageNet
pretrained_tokenizer: /project/6105494/sunset/VQ-Projects/VQ-Transplant/pretrained_tokenizer/dc-ae-f32c32-sana-1.0.safetensors
checkpoint_name: 
nnodes: -1
node_rank: -1
local_rank: 0
dist_url: tcp://224.66.41.62:23456
dist_backend: nccl
world_size: 1
batch_size: 64
ms_token_size: (1, 2, 3, 4, 5, 6, 8)
init_checkpoint_dir: /project/6105494/sunset/VQ-Projects/VQ-Transplant/checkpoint/
data_pre: ImageNet
model_pre: model_16384_32_1
loss_pre: loss_1.0_1.0_0.5_0.2
training_pre: wasserstein_vq_transplant_False
saver_name_pre: wasserstein_vq_transplant_False_ImageNet_model_16384_32_1_loss_1.0_1.0_0.5_0.2
| distributed init (rank 0): env://
VQ Model Parameters: 312250275
dataset name: ImageNet
len train_set: 1281167
len val_set: 50000
Start training...
epoch:1, cur_lr:0.000100
wasserstein_loss:4.892157077789307   commit_loss:0.2158653736114502   vq_loss:5.006036281585693
wasserstein_loss:4.999462127685547   commit_loss:0.21656674146652222   vq_loss:5.313614845275879
wasserstein_loss:4.974700927734375   commit_loss:0.2211076021194458   vq_loss:5.032349586486816
wasserstein_loss:4.94588041305542   commit_loss:0.2335776686668396   vq_loss:5.065693378448486
wasserstein_loss:4.98038911819458   commit_loss:0.254072368144989   vq_loss:4.825047492980957
wasserstein_loss:4.858303070068359   commit_loss:0.2731254994869232   vq_loss:4.360038757324219
wasserstein_loss:4.6305766105651855   commit_loss:0.3210882246494293   vq_loss:4.532688140869141
wasserstein_loss:4.410310745239258   commit_loss:0.3686290383338928   vq_loss:4.583559513092041
wasserstein_loss:4.113734722137451   commit_loss:0.4140340983867645   vq_loss:4.700443267822266
wasserstein_loss:3.91438627243042   commit_loss:0.4578479826450348   vq_loss:4.369071006774902
Train Epoch: [1/5] Iters:[10/20018] transplant_loss 27.7182, rec_loss 0.2569, quant_error 4.7789, utilization 0.1033, perplexity 830.2925,
wasserstein_loss:3.726254940032959   commit_loss:0.5272279977798462   vq_loss:4.2637739181518555
wasserstein_loss:3.5647149085998535   commit_loss:0.5695445537567139   vq_loss:4.433472633361816
wasserstein_loss:3.4675910472869873   commit_loss:0.627872884273529   vq_loss:4.260279655456543
wasserstein_loss:3.4033493995666504   commit_loss:0.6425104141235352   vq_loss:4.351932525634766
wasserstein_loss:3.358865737915039   commit_loss:0.7365562319755554   vq_loss:4.371427536010742
wasserstein_loss:3.2988133430480957   commit_loss:0.9020492434501648   vq_loss:4.32231330871582
wasserstein_loss:3.255816698074341   commit_loss:0.9140598773956299   vq_loss:4.175910949707031
wasserstein_loss:3.1990468502044678   commit_loss:1.0547335147857666   vq_loss:4.297004222869873
wasserstein_loss:3.1693942546844482   commit_loss:0.9963564872741699   vq_loss:4.307312488555908
wasserstein_loss:3.1813018321990967   commit_loss:0.9570664167404175   vq_loss:4.061901092529297
Train Epoch: [1/5] Iters:[20/20018] transplant_loss 27.3931, rec_loss 0.2240, quant_error 4.5317, utilization 0.1108, perplexity 841.8952,
wasserstein_loss:3.161804437637329   commit_loss:1.109976053237915   vq_loss:4.405691623687744
wasserstein_loss:3.158677816390991   commit_loss:0.9763416051864624   vq_loss:4.182437896728516
wasserstein_loss:3.1255383491516113   commit_loss:1.1782598495483398   vq_loss:4.059033393859863
wasserstein_loss:3.0848047733306885   commit_loss:1.036647915840149   vq_loss:4.0151519775390625
wasserstein_loss:3.0423593521118164   commit_loss:1.0994950532913208   vq_loss:3.8446621894836426
wasserstein_loss:2.972634792327881   commit_loss:0.975683331489563   vq_loss:3.82834529876709
wasserstein_loss:2.907719135284424   commit_loss:1.185211420059204   vq_loss:3.976698875427246
wasserstein_loss:2.8860907554626465   commit_loss:1.1707828044891357   vq_loss:3.654900074005127
wasserstein_loss:2.818065881729126   commit_loss:1.2099950313568115   vq_loss:3.7786176204681396
wasserstein_loss:2.749523401260376   commit_loss:1.1519978046417236   vq_loss:3.763460159301758
Train Epoch: [1/5] Iters:[30/20018] transplant_loss 27.1944, rec_loss 0.2054, quant_error 4.3381, utilization 0.1100, perplexity 826.0661,
wasserstein_loss:2.7153048515319824   commit_loss:1.0797481536865234   vq_loss:3.9992990493774414
wasserstein_loss:2.6535110473632812   commit_loss:1.2096953392028809   vq_loss:3.9002013206481934
wasserstein_loss:2.615837574005127   commit_loss:1.0107862949371338   vq_loss:3.605867862701416
wasserstein_loss:2.6113929748535156   commit_loss:1.2530992031097412   vq_loss:3.7767984867095947
wasserstein_loss:2.60282564163208   commit_loss:0.9516302347183228   vq_loss:3.9919538497924805
wasserstein_loss:2.5368802547454834   commit_loss:1.0235334634780884   vq_loss:3.8505563735961914
wasserstein_loss:2.51347017288208   commit_loss:1.0625039339065552   vq_loss:3.8061962127685547
wasserstein_loss:2.482038736343384   commit_loss:1.1169655323028564   vq_loss:3.4725818634033203
wasserstein_loss:2.4339587688446045   commit_loss:1.129395842552185   vq_loss:3.7265219688415527
wasserstein_loss:2.4201982021331787   commit_loss:0.9459879994392395   vq_loss:3.7229256629943848
Train Epoch: [1/5] Iters:[40/20018] transplant_loss 26.7951, rec_loss 0.1930, quant_error 4.1999, utilization 0.1129, perplexity 896.2330,
wasserstein_loss:2.3607258796691895   commit_loss:0.9545272588729858   vq_loss:3.7013020515441895
wasserstein_loss:2.3204212188720703   commit_loss:1.0056768655776978   vq_loss:3.5507631301879883
wasserstein_loss:2.3029356002807617   commit_loss:0.8778966665267944   vq_loss:3.441221237182617
wasserstein_loss:2.280625104904175   commit_loss:0.8646220564842224   vq_loss:3.5402493476867676
wasserstein_loss:2.243187665939331   commit_loss:0.9204782843589783   vq_loss:3.5899503231048584
wasserstein_loss:2.220820188522339   commit_loss:0.8449492454528809   vq_loss:3.585937738418579
wasserstein_loss:2.209150791168213   commit_loss:0.7618036270141602   vq_loss:3.6042370796203613
wasserstein_loss:2.1802778244018555   commit_loss:0.9044035077095032   vq_loss:3.4532370567321777
wasserstein_loss:2.198488712310791   commit_loss:0.8142472505569458   vq_loss:3.7100830078125
wasserstein_loss:2.186922788619995   commit_loss:0.8164525032043457   vq_loss:3.6132869720458984
Train Epoch: [1/5] Iters:[50/20018] transplant_loss 26.1167, rec_loss 0.1838, quant_error 4.0757, utilization 0.1179, perplexity 1018.4160,
wasserstein_loss:2.1384289264678955   commit_loss:0.8332676887512207   vq_loss:3.5500802993774414
wasserstein_loss:2.1136813163757324   commit_loss:0.8136234879493713   vq_loss:3.5544660091400146
wasserstein_loss:2.1138296127319336   commit_loss:0.769706130027771   vq_loss:3.6073219776153564
wasserstein_loss:2.096557855606079   commit_loss:0.7541104555130005   vq_loss:3.5885496139526367
wasserstein_loss:2.090257167816162   commit_loss:0.7591485977172852   vq_loss:3.551481008529663
wasserstein_loss:2.029005289077759   commit_loss:0.7926037907600403   vq_loss:3.5633413791656494
wasserstein_loss:1.9973769187927246   commit_loss:0.7646806240081787   vq_loss:3.452239990234375
wasserstein_loss:1.9760581254959106   commit_loss:0.7225679755210876   vq_loss:3.4893221855163574
wasserstein_loss:1.9680404663085938   commit_loss:0.7412362098693848   vq_loss:3.481048583984375
wasserstein_loss:1.9795407056808472   commit_loss:0.7049704790115356   vq_loss:3.3378098011016846
Train Epoch: [1/5] Iters:[60/20018] transplant_loss 25.0612, rec_loss 0.1606, quant_error 3.8235, utilization 0.1273, perplexity 1209.5992,
wasserstein_loss:1.946097731590271   commit_loss:0.7244834899902344   vq_loss:3.5737571716308594
wasserstein_loss:1.9381954669952393   commit_loss:0.7005943059921265   vq_loss:3.335214614868164
wasserstein_loss:1.9314634799957275   commit_loss:0.6764297485351562   vq_loss:3.3511457443237305
wasserstein_loss:1.9686862230300903   commit_loss:0.6697108745574951   vq_loss:3.440153121948242
wasserstein_loss:1.9622116088867188   commit_loss:0.6533435583114624   vq_loss:3.2396678924560547
wasserstein_loss:1.9286688566207886   commit_loss:0.655307412147522   vq_loss:3.4223084449768066
wasserstein_loss:1.9235275983810425   commit_loss:0.6305378675460815   vq_loss:3.2316389083862305
wasserstein_loss:1.8924503326416016   commit_loss:0.6814165711402893   vq_loss:3.521704912185669
wasserstein_loss:1.8959928750991821   commit_loss:0.6223857402801514   vq_loss:3.3017125129699707
wasserstein_loss:1.8970732688903809   commit_loss:0.5972176790237427   vq_loss:3.34188175201416
Train Epoch: [1/5] Iters:[70/20018] transplant_loss 23.8775, rec_loss 0.1492, quant_error 3.6417, utilization 0.1355, perplexity 1439.7646,
wasserstein_loss:1.8803151845932007   commit_loss:0.651450514793396   vq_loss:3.213703155517578
wasserstein_loss:1.8855161666870117   commit_loss:0.6163620948791504   vq_loss:3.4188270568847656
wasserstein_loss:1.884753704071045   commit_loss:0.6124813556671143   vq_loss:3.2223923206329346
wasserstein_loss:1.9082496166229248   commit_loss:0.6382611989974976   vq_loss:3.2595579624176025
wasserstein_loss:1.9123374223709106   commit_loss:0.6167501211166382   vq_loss:3.2764854431152344
wasserstein_loss:1.9214249849319458   commit_loss:0.6114543676376343   vq_loss:3.225806713104248
wasserstein_loss:1.9315876960754395   commit_loss:0.6240326166152954   vq_loss:3.1771669387817383
wasserstein_loss:1.9192898273468018   commit_loss:0.6537514925003052   vq_loss:3.247934341430664
wasserstein_loss:1.9213019609451294   commit_loss:0.6099291443824768   vq_loss:2.9876956939697266
wasserstein_loss:1.9083449840545654   commit_loss:0.6413716673851013   vq_loss:3.2070159912109375
Train Epoch: [1/5] Iters:[80/20018] transplant_loss 22.5601, rec_loss 0.1420, quant_error 3.4963, utilization 0.1466, perplexity 1704.7092,
wasserstein_loss:1.9212827682495117   commit_loss:0.6409269571304321   vq_loss:2.974492073059082
wasserstein_loss:1.9098774194717407   commit_loss:0.5980100035667419   vq_loss:3.236093044281006
wasserstein_loss:1.8933742046356201   commit_loss:0.6293561458587646   vq_loss:3.2736082077026367
wasserstein_loss:1.8769136667251587   commit_loss:0.6476274728775024   vq_loss:3.1344399452209473
wasserstein_loss:1.8828142881393433   commit_loss:0.6253867745399475   vq_loss:3.182245969772339
wasserstein_loss:1.877211570739746   commit_loss:0.654542863368988   vq_loss:3.254058361053467
wasserstein_loss:1.8480502367019653   commit_loss:0.6609126329421997   vq_loss:3.161538600921631
wasserstein_loss:1.849001407623291   commit_loss:0.6160851120948792   vq_loss:3.1487135887145996
wasserstein_loss:1.832759141921997   commit_loss:0.6317857503890991   vq_loss:2.935354471206665
wasserstein_loss:1.8284727334976196   commit_loss:0.6263233423233032   vq_loss:3.08135986328125
Train Epoch: [1/5] Iters:[90/20018] transplant_loss 21.3991, rec_loss 0.1365, quant_error 3.3669, utilization 0.1562, perplexity 1930.8615,
wasserstein_loss:1.8124501705169678   commit_loss:0.6461844444274902   vq_loss:2.911802053451538
wasserstein_loss:1.8219131231307983   commit_loss:0.6221475601196289   vq_loss:2.8938584327697754
wasserstein_loss:1.8223062753677368   commit_loss:0.6442102193832397   vq_loss:3.04801869392395
wasserstein_loss:1.8119131326675415   commit_loss:0.6568804979324341   vq_loss:3.165978193283081
wasserstein_loss:1.8134071826934814   commit_loss:0.630534827709198   vq_loss:3.1059494018554688
wasserstein_loss:1.8216660022735596   commit_loss:0.6611259579658508   vq_loss:3.085937261581421
wasserstein_loss:1.83059823513031   commit_loss:0.6711217164993286   vq_loss:2.901132822036743
wasserstein_loss:1.8067299127578735   commit_loss:0.6772357821464539   vq_loss:3.128676652908325
wasserstein_loss:1.8034048080444336   commit_loss:0.6760135293006897   vq_loss:3.1429038047790527
wasserstein_loss:1.7688184976577759   commit_loss:0.6811103224754333   vq_loss:3.120312213897705
Train Epoch: [1/5] Iters:[100/20018] transplant_loss 20.6068, rec_loss 0.1323, quant_error 3.2612, utilization 0.1632, perplexity 2094.2299,
wasserstein_loss:1.7384103536605835   commit_loss:0.7129853963851929   vq_loss:2.861638069152832
wasserstein_loss:1.7470102310180664   commit_loss:0.6733628511428833   vq_loss:3.0527539253234863
wasserstein_loss:1.74623441696167   commit_loss:0.7062949538230896   vq_loss:2.7970504760742188
wasserstein_loss:1.7288402318954468   commit_loss:0.692878246307373   vq_loss:2.8985276222229004
wasserstein_loss:1.7093240022659302   commit_loss:0.6852166652679443   vq_loss:2.9385554790496826
wasserstein_loss:1.712693214416504   commit_loss:0.7196195125579834   vq_loss:3.025989532470703
wasserstein_loss:1.7381354570388794   commit_loss:0.7010306715965271   vq_loss:3.1056973934173584
wasserstein_loss:1.7322351932525635   commit_loss:0.7381102442741394   vq_loss:3.0985121726989746
wasserstein_loss:1.7597256898880005   commit_loss:0.7303438186645508   vq_loss:2.9277143478393555
wasserstein_loss:1.7560993432998657   commit_loss:0.7044211626052856   vq_loss:3.0372748374938965
Train Epoch: [1/5] Iters:[110/20018] transplant_loss 19.9731, rec_loss 0.1291, quant_error 3.1525, utilization 0.1683, perplexity 2218.5963,
wasserstein_loss:1.751086950302124   commit_loss:0.7461069822311401   vq_loss:3.0177974700927734
wasserstein_loss:1.7361868619918823   commit_loss:0.7443081140518188   vq_loss:2.8484349250793457
wasserstein_loss:1.731664776802063   commit_loss:0.7611960172653198   vq_loss:2.892493963241577
wasserstein_loss:1.7397723197937012   commit_loss:0.7579301595687866   vq_loss:2.8142971992492676
wasserstein_loss:1.7046602964401245   commit_loss:0.7966939806938171   vq_loss:2.864377021789551
wasserstein_loss:1.711040735244751   commit_loss:0.7589566707611084   vq_loss:2.9694600105285645
wasserstein_loss:1.700295090675354   commit_loss:0.7954472303390503   vq_loss:2.867138147354126
wasserstein_loss:1.6794829368591309   commit_loss:0.768105149269104   vq_loss:3.0210278034210205
wasserstein_loss:1.6843246221542358   commit_loss:0.768390953540802   vq_loss:2.8663570880889893
wasserstein_loss:1.6697078943252563   commit_loss:0.786306619644165   vq_loss:2.9095101356506348
Train Epoch: [1/5] Iters:[120/20018] transplant_loss 19.5897, rec_loss 0.1265, quant_error 3.0588, utilization 0.1718, perplexity 2299.5548,
wasserstein_loss:1.6722784042358398   commit_loss:0.8070032000541687   vq_loss:2.933640956878662
wasserstein_loss:1.6553761959075928   commit_loss:0.7854254245758057   vq_loss:2.7920217514038086
wasserstein_loss:1.6599557399749756   commit_loss:0.8320661187171936   vq_loss:2.817798614501953
wasserstein_loss:1.6443244218826294   commit_loss:0.8091027736663818   vq_loss:2.8767478466033936
wasserstein_loss:1.608697772026062   commit_loss:0.8191614747047424   vq_loss:2.834719181060791
wasserstein_loss:1.6102335453033447   commit_loss:0.8122496008872986   vq_loss:2.8389415740966797
wasserstein_loss:1.5921149253845215   commit_loss:0.8188787698745728   vq_loss:2.863633155822754
wasserstein_loss:1.598889708518982   commit_loss:0.8023579716682434   vq_loss:2.7698826789855957
wasserstein_loss:1.5955020189285278   commit_loss:0.8235236406326294   vq_loss:2.8610329627990723
wasserstein_loss:1.5872639417648315   commit_loss:0.8462725877761841   vq_loss:2.832819938659668
Train Epoch: [1/5] Iters:[130/20018] transplant_loss 19.3677, rec_loss 0.1246, quant_error 2.9824, utilization 0.1749, perplexity 2376.0154,
wasserstein_loss:1.585932731628418   commit_loss:0.8586519956588745   vq_loss:2.7500438690185547
wasserstein_loss:1.6045584678649902   commit_loss:0.853981614112854   vq_loss:2.7957959175109863
wasserstein_loss:1.6382291316986084   commit_loss:0.8532851934432983   vq_loss:2.793059825897217
wasserstein_loss:1.6352065801620483   commit_loss:0.8607766032218933   vq_loss:2.803820848464966
wasserstein_loss:1.635982632637024   commit_loss:0.8951336145401001   vq_loss:2.6508615016937256
wasserstein_loss:1.6444666385650635   commit_loss:0.8758805990219116   vq_loss:2.7763257026672363
wasserstein_loss:1.6359851360321045   commit_loss:0.8939547538757324   vq_loss:2.639608860015869
wasserstein_loss:1.638770341873169   commit_loss:0.8855378031730652   vq_loss:2.7012503147125244
wasserstein_loss:1.6308168172836304   commit_loss:0.89361172914505   vq_loss:2.807051658630371
wasserstein_loss:1.6246241331100464   commit_loss:0.9027966260910034   vq_loss:2.6710927486419678
Train Epoch: [1/5] Iters:[140/20018] transplant_loss 19.1882, rec_loss 0.1216, quant_error 2.9026, utilization 0.1771, perplexity 2431.1453,
wasserstein_loss:1.608161449432373   commit_loss:0.8890589475631714   vq_loss:2.7808661460876465
wasserstein_loss:1.6029884815216064   commit_loss:0.9234437942504883   vq_loss:2.763481616973877
wasserstein_loss:1.604546070098877   commit_loss:0.9295008182525635   vq_loss:2.773939847946167
wasserstein_loss:1.6078567504882812   commit_loss:0.9016110897064209   vq_loss:2.6239750385284424
wasserstein_loss:1.5980054140090942   commit_loss:0.9373974800109863   vq_loss:2.5726113319396973
wasserstein_loss:1.6030218601226807   commit_loss:0.9445545673370361   vq_loss:2.737863540649414
wasserstein_loss:1.593762993812561   commit_loss:0.9265719652175903   vq_loss:2.7680790424346924
wasserstein_loss:1.594602346420288   commit_loss:0.9452158808708191   vq_loss:2.7084622383117676
wasserstein_loss:1.582951545715332   commit_loss:0.9374547600746155   vq_loss:2.6410083770751953
wasserstein_loss:1.5754754543304443   commit_loss:0.9638072848320007   vq_loss:2.6221237182617188
Train Epoch: [1/5] Iters:[150/20018] transplant_loss 19.0888, rec_loss 0.1198, quant_error 2.8323, utilization 0.1791, perplexity 2480.0575,
wasserstein_loss:1.5653144121170044   commit_loss:0.9589683413505554   vq_loss:2.6377925872802734
wasserstein_loss:1.5649833679199219   commit_loss:0.9774324893951416   vq_loss:2.780869245529175
wasserstein_loss:1.562182903289795   commit_loss:0.991827130317688   vq_loss:2.7414698600769043
wasserstein_loss:1.5752813816070557   commit_loss:0.9863533973693848   vq_loss:2.741227626800537
wasserstein_loss:1.577384352684021   commit_loss:0.9756428003311157   vq_loss:2.685281753540039
wasserstein_loss:1.5791500806808472   commit_loss:0.9988742470741272   vq_loss:2.6276814937591553
wasserstein_loss:1.5783772468566895   commit_loss:1.007389783859253   vq_loss:2.7100982666015625
wasserstein_loss:1.5880204439163208   commit_loss:0.9944801330566406   vq_loss:2.6259536743164062
wasserstein_loss:1.580358862876892   commit_loss:1.0074877738952637   vq_loss:2.580139398574829
wasserstein_loss:1.5753713846206665   commit_loss:1.0027104616165161   vq_loss:2.5628623962402344
Train Epoch: [1/5] Iters:[160/20018] transplant_loss 19.0512, rec_loss 0.1184, quant_error 2.7713, utilization 0.1803, perplexity 2511.1271,
wasserstein_loss:1.5655821561813354   commit_loss:1.015787959098816   vq_loss:2.54736065864563
wasserstein_loss:1.5574771165847778   commit_loss:1.0144612789154053   vq_loss:2.6352038383483887
wasserstein_loss:1.5512685775756836   commit_loss:1.0173228979110718   vq_loss:2.519641399383545
wasserstein_loss:1.537728190422058   commit_loss:1.0383999347686768   vq_loss:2.6301398277282715
wasserstein_loss:1.5297307968139648   commit_loss:1.0729724168777466   vq_loss:2.746854543685913
wasserstein_loss:1.5168323516845703   commit_loss:1.0398544073104858   vq_loss:2.653406858444214
wasserstein_loss:1.5128246545791626   commit_loss:1.058204174041748   vq_loss:2.5632028579711914
wasserstein_loss:1.5214362144470215   commit_loss:1.0790894031524658   vq_loss:2.6627492904663086
wasserstein_loss:1.5229003429412842   commit_loss:1.0563249588012695   vq_loss:2.5414586067199707
wasserstein_loss:1.5184375047683716   commit_loss:1.082125186920166   vq_loss:2.626230478286743
Train Epoch: [1/5] Iters:[170/20018] transplant_loss 19.0181, rec_loss 0.1168, quant_error 2.7124, utilization 0.1815, perplexity 2545.2574,
wasserstein_loss:1.5179243087768555   commit_loss:1.0896143913269043   vq_loss:2.6884891986846924
wasserstein_loss:1.5150233507156372   commit_loss:1.0752981901168823   vq_loss:2.550886631011963
wasserstein_loss:1.5130118131637573   commit_loss:1.1000806093215942   vq_loss:2.643387794494629
wasserstein_loss:1.5146992206573486   commit_loss:1.1003050804138184   vq_loss:2.743680238723755
wasserstein_loss:1.504453182220459   commit_loss:1.1164149045944214   vq_loss:2.6070594787597656
wasserstein_loss:1.4988843202590942   commit_loss:1.1155774593353271   vq_loss:2.7290220260620117
wasserstein_loss:1.4991766214370728   commit_loss:1.124382495880127   vq_loss:2.5185489654541016
wasserstein_loss:1.4905236959457397   commit_loss:1.136084794998169   vq_loss:2.7093052864074707
wasserstein_loss:1.4876446723937988   commit_loss:1.1397395133972168   vq_loss:2.5192863941192627
wasserstein_loss:1.4941720962524414   commit_loss:1.1842937469482422   vq_loss:2.643216848373413
Train Epoch: [1/5] Iters:[180/20018] transplant_loss 19.1020, rec_loss 0.1161, quant_error 2.6711, utilization 0.1822, perplexity 2564.2131,
wasserstein_loss:1.4842830896377563   commit_loss:1.1414783000946045   vq_loss:2.624905586242676
wasserstein_loss:1.4851772785186768   commit_loss:1.1412220001220703   vq_loss:2.6588387489318848
wasserstein_loss:1.4844133853912354   commit_loss:1.1637494564056396   vq_loss:2.5777316093444824
wasserstein_loss:1.4763176441192627   commit_loss:1.169716238975525   vq_loss:2.5281074047088623
wasserstein_loss:1.4756181240081787   commit_loss:1.1721532344818115   vq_loss:2.646287202835083
wasserstein_loss:1.4655219316482544   commit_loss:1.1689298152923584   vq_loss:2.643716335296631
wasserstein_loss:1.451559066772461   commit_loss:1.1755287647247314   vq_loss:2.558722972869873
wasserstein_loss:1.443292498588562   commit_loss:1.1913325786590576   vq_loss:2.4451630115509033
wasserstein_loss:1.447027564048767   commit_loss:1.2162034511566162   vq_loss:2.6888394355773926
wasserstein_loss:1.4427884817123413   commit_loss:1.1985682249069214   vq_loss:2.563697338104248
Train Epoch: [1/5] Iters:[190/20018] transplant_loss 19.2370, rec_loss 0.1161, quant_error 2.6420, utilization 0.1833, perplexity 2589.3180,
wasserstein_loss:1.4367436170578003   commit_loss:1.1990891695022583   vq_loss:2.638669967651367
wasserstein_loss:1.4279862642288208   commit_loss:1.2082284688949585   vq_loss:2.528441905975342
wasserstein_loss:1.424443244934082   commit_loss:1.244342565536499   vq_loss:2.4710824489593506
wasserstein_loss:1.4323915243148804   commit_loss:1.2584058046340942   vq_loss:2.6523277759552
wasserstein_loss:1.4399253129959106   commit_loss:1.2497808933258057   vq_loss:2.555821180343628
wasserstein_loss:1.4295711517333984   commit_loss:1.2396596670150757   vq_loss:2.6044788360595703
wasserstein_loss:1.4144645929336548   commit_loss:1.260530710220337   vq_loss:2.5582704544067383
wasserstein_loss:1.4106152057647705   commit_loss:1.256372094154358   vq_loss:2.591691493988037
wasserstein_loss:1.4178123474121094   commit_loss:1.2622098922729492   vq_loss:2.5420167446136475
wasserstein_loss:1.4136061668395996   commit_loss:1.2967567443847656   vq_loss:2.5313773155212402
Train Epoch: [1/5] Iters:[200/20018] transplant_loss 19.4056, rec_loss 0.1155, quant_error 2.6157, utilization 0.1840, perplexity 2607.9798,
wasserstein_loss:1.405816674232483   commit_loss:1.2640771865844727   vq_loss:2.5084080696105957
wasserstein_loss:1.4073022603988647   commit_loss:1.282184362411499   vq_loss:2.564958095550537
wasserstein_loss:1.4025065898895264   commit_loss:1.306792974472046   vq_loss:2.5711004734039307
wasserstein_loss:1.4069732427597046   commit_loss:1.3059260845184326   vq_loss:2.5136520862579346
wasserstein_loss:1.4066051244735718   commit_loss:1.3108997344970703   vq_loss:2.5798380374908447
wasserstein_loss:1.4057269096374512   commit_loss:1.2994513511657715   vq_loss:2.643420696258545
wasserstein_loss:1.40477454662323   commit_loss:1.3203970193862915   vq_loss:2.4735729694366455
wasserstein_loss:1.4063935279846191   commit_loss:1.3120203018188477   vq_loss:2.564857244491577
wasserstein_loss:1.4017727375030518   commit_loss:1.3171144723892212   vq_loss:2.5104007720947266
wasserstein_loss:1.4013710021972656   commit_loss:1.346548318862915   vq_loss:2.597682476043701
Train Epoch: [1/5] Iters:[210/20018] transplant_loss 19.5885, rec_loss 0.1147, quant_error 2.5923, utilization 0.1848, perplexity 2617.5035,
wasserstein_loss:1.3925209045410156   commit_loss:1.3680305480957031   vq_loss:2.5070416927337646
wasserstein_loss:1.380517601966858   commit_loss:1.309444546699524   vq_loss:2.5576844215393066
wasserstein_loss:1.3735157251358032   commit_loss:1.333489179611206   vq_loss:2.5170016288757324
wasserstein_loss:1.3722275495529175   commit_loss:1.358888864517212   vq_loss:2.5644593238830566
wasserstein_loss:1.3688480854034424   commit_loss:1.3779515027999878   vq_loss:2.55000638961792
wasserstein_loss:1.3646901845932007   commit_loss:1.3736462593078613   vq_loss:2.4800000190734863
wasserstein_loss:1.369720220565796   commit_loss:1.402856469154358   vq_loss:2.51621675491333
wasserstein_loss:1.3584439754486084   commit_loss:1.3779361248016357   vq_loss:2.5277061462402344
wasserstein_loss:1.3578341007232666   commit_loss:1.4172173738479614   vq_loss:2.5255939960479736
wasserstein_loss:1.352067232131958   commit_loss:1.373863697052002   vq_loss:2.5993154048919678
Train Epoch: [1/5] Iters:[220/20018] transplant_loss 19.8159, rec_loss 0.1149, quant_error 2.5767, utilization 0.1859, perplexity 2642.3285,
wasserstein_loss:1.3503702878952026   commit_loss:1.4091063737869263   vq_loss:2.4738359451293945
wasserstein_loss:1.3393126726150513   commit_loss:1.416514277458191   vq_loss:2.572396755218506
wasserstein_loss:1.3347200155258179   commit_loss:1.4000385999679565   vq_loss:2.5428731441497803
wasserstein_loss:1.3402783870697021   commit_loss:1.435475468635559   vq_loss:2.519335985183716
wasserstein_loss:1.329105019569397   commit_loss:1.4000285863876343   vq_loss:2.448732376098633
wasserstein_loss:1.3207685947418213   commit_loss:1.4003232717514038   vq_loss:2.508519172668457
wasserstein_loss:1.316053867340088   commit_loss:1.430262804031372   vq_loss:2.499326705932617
wasserstein_loss:1.3111649751663208   commit_loss:1.4260890483856201   vq_loss:2.3681209087371826
wasserstein_loss:1.3090367317199707   commit_loss:1.442096471786499   vq_loss:2.404658794403076
wasserstein_loss:1.2975575923919678   commit_loss:1.4307805299758911   vq_loss:2.4855871200561523
Train Epoch: [1/5] Iters:[230/20018] transplant_loss 19.9459, rec_loss 0.1141, quant_error 2.5461, utilization 0.1867, perplexity 2653.5160,
wasserstein_loss:1.3006138801574707   commit_loss:1.4973268508911133   vq_loss:2.545274257659912
wasserstein_loss:1.3045740127563477   commit_loss:1.4720261096954346   vq_loss:2.5000486373901367
wasserstein_loss:1.3022115230560303   commit_loss:1.4771056175231934   vq_loss:2.5017788410186768
wasserstein_loss:1.2967790365219116   commit_loss:1.470632553100586   vq_loss:2.3697094917297363
wasserstein_loss:1.2923592329025269   commit_loss:1.4886727333068848   vq_loss:2.5543630123138428
wasserstein_loss:1.3020005226135254   commit_loss:1.465736985206604   vq_loss:2.4301869869232178
wasserstein_loss:1.301711916923523   commit_loss:1.4932548999786377   vq_loss:2.397599935531616
wasserstein_loss:1.3052868843078613   commit_loss:1.5000947713851929   vq_loss:2.4531147480010986
wasserstein_loss:1.3025668859481812   commit_loss:1.5294198989868164   vq_loss:2.4625368118286133
wasserstein_loss:1.2971025705337524   commit_loss:1.5182071924209595   vq_loss:2.5399699211120605
Train Epoch: [1/5] Iters:[240/20018] transplant_loss 20.1286, rec_loss 0.1141, quant_error 2.5225, utilization 0.1874, perplexity 2671.4817,
wasserstein_loss:1.3005110025405884   commit_loss:1.5142149925231934   vq_loss:2.3481149673461914
wasserstein_loss:1.301446557044983   commit_loss:1.539571762084961   vq_loss:2.4700236320495605
wasserstein_loss:1.2971045970916748   commit_loss:1.5246936082839966   vq_loss:2.476508617401123
wasserstein_loss:1.283254861831665   commit_loss:1.5425472259521484   vq_loss:2.3402695655822754
wasserstein_loss:1.2831783294677734   commit_loss:1.5564409494400024   vq_loss:2.524177312850952
wasserstein_loss:1.2796101570129395   commit_loss:1.569630742073059   vq_loss:2.402151107788086
wasserstein_loss:1.2797093391418457   commit_loss:1.6028475761413574   vq_loss:2.499251127243042
wasserstein_loss:1.2770761251449585   commit_loss:1.6018669605255127   vq_loss:2.2908682823181152
wasserstein_loss:1.2687546014785767   commit_loss:1.5759371519088745   vq_loss:2.6068735122680664
wasserstein_loss:1.2651175260543823   commit_loss:1.5684058666229248   vq_loss:2.4961397647857666
Train Epoch: [1/5] Iters:[250/20018] transplant_loss 20.3046, rec_loss 0.1133, quant_error 2.4981, utilization 0.1880, perplexity 2681.4584,
wasserstein_loss:1.2599666118621826   commit_loss:1.5625941753387451   vq_loss:2.3016104698181152
wasserstein_loss:1.2634341716766357   commit_loss:1.5990521907806396   vq_loss:2.40411114692688
wasserstein_loss:1.259946584701538   commit_loss:1.5911535024642944   vq_loss:2.3964171409606934
wasserstein_loss:1.2497004270553589   commit_loss:1.6020407676696777   vq_loss:2.431206464767456
wasserstein_loss:1.2393773794174194   commit_loss:1.5949783325195312   vq_loss:2.529977798461914
wasserstein_loss:1.2291687726974487   commit_loss:1.6011468172073364   vq_loss:2.3762638568878174
wasserstein_loss:1.2273732423782349   commit_loss:1.6298097372055054   vq_loss:2.4306135177612305
wasserstein_loss:1.2262588739395142   commit_loss:1.5968754291534424   vq_loss:2.465313196182251
wasserstein_loss:1.2270439863204956   commit_loss:1.612073540687561   vq_loss:2.500345230102539
wasserstein_loss:1.2226895093917847   commit_loss:1.6552433967590332   vq_loss:2.2496678829193115
Train Epoch: [1/5] Iters:[260/20018] transplant_loss 20.4419, rec_loss 0.1126, quant_error 2.4693, utilization 0.1887, perplexity 2699.6013,
wasserstein_loss:1.2184946537017822   commit_loss:1.6652345657348633   vq_loss:2.4449706077575684
wasserstein_loss:1.2244387865066528   commit_loss:1.671447992324829   vq_loss:2.2643346786499023
wasserstein_loss:1.2197890281677246   commit_loss:1.6726818084716797   vq_loss:2.337299346923828
wasserstein_loss:1.2219743728637695   commit_loss:1.664617896080017   vq_loss:2.3271799087524414
wasserstein_loss:1.2168018817901611   commit_loss:1.6699410676956177   vq_loss:2.3482775688171387
wasserstein_loss:1.2223138809204102   commit_loss:1.6669471263885498   vq_loss:2.3890249729156494
wasserstein_loss:1.2198747396469116   commit_loss:1.6673715114593506   vq_loss:2.3182525634765625
wasserstein_loss:1.2085267305374146   commit_loss:1.6891746520996094   vq_loss:2.5184412002563477
wasserstein_loss:1.2100356817245483   commit_loss:1.6839232444763184   vq_loss:2.454920768737793
wasserstein_loss:1.2058309316635132   commit_loss:1.6848679780960083   vq_loss:2.4234120845794678
Train Epoch: [1/5] Iters:[270/20018] transplant_loss 20.5791, rec_loss 0.1114, quant_error 2.4389, utilization 0.1886, perplexity 2694.5170,
wasserstein_loss:1.2045868635177612   commit_loss:1.698903203010559   vq_loss:2.339311361312866
wasserstein_loss:1.2002289295196533   commit_loss:1.6718578338623047   vq_loss:2.3961262702941895
wasserstein_loss:1.1982157230377197   commit_loss:1.7116570472717285   vq_loss:2.3475093841552734
wasserstein_loss:1.18757164478302   commit_loss:1.711238145828247   vq_loss:2.4334497451782227
wasserstein_loss:1.1783825159072876   commit_loss:1.7086433172225952   vq_loss:2.542475700378418
wasserstein_loss:1.1720863580703735   commit_loss:1.730879545211792   vq_loss:2.3497958183288574
wasserstein_loss:1.1769541501998901   commit_loss:1.702587604522705   vq_loss:2.338552474975586
wasserstein_loss:1.1721892356872559   commit_loss:1.744616150856018   vq_loss:2.3194754123687744
wasserstein_loss:1.1672619581222534   commit_loss:1.7385787963867188   vq_loss:2.4928815364837646
wasserstein_loss:1.1647109985351562   commit_loss:1.7803192138671875   vq_loss:2.2834014892578125
Train Epoch: [1/5] Iters:[280/20018] transplant_loss 20.7676, rec_loss 0.1100, quant_error 2.4193, utilization 0.1889, perplexity 2704.6046,
wasserstein_loss:1.1634536981582642   commit_loss:1.7483649253845215   vq_loss:2.2528395652770996
wasserstein_loss:1.1624019145965576   commit_loss:1.7526415586471558   vq_loss:2.3233046531677246
wasserstein_loss:1.157608985900879   commit_loss:1.7480671405792236   vq_loss:2.387023448944092
wasserstein_loss:1.1429059505462646   commit_loss:1.7850226163864136   vq_loss:2.5007739067077637
wasserstein_loss:1.1423237323760986   commit_loss:1.773005485534668   vq_loss:2.3906126022338867
wasserstein_loss:1.1295342445373535   commit_loss:1.7653518915176392   vq_loss:2.4450278282165527
wasserstein_loss:1.1261942386627197   commit_loss:1.7885267734527588   vq_loss:2.42866849899292
wasserstein_loss:1.1284193992614746   commit_loss:1.8051204681396484   vq_loss:2.425126075744629
wasserstein_loss:1.1249514818191528   commit_loss:1.8111376762390137   vq_loss:2.4322662353515625
wasserstein_loss:1.1231011152267456   commit_loss:1.8020241260528564   vq_loss:2.328573703765869
Train Epoch: [1/5] Iters:[290/20018] transplant_loss 20.9542, rec_loss 0.1098, quant_error 2.4025, utilization 0.1888, perplexity 2697.3000,
wasserstein_loss:1.1176637411117554   commit_loss:1.8033946752548218   vq_loss:2.319857120513916
wasserstein_loss:1.1135553121566772   commit_loss:1.8121281862258911   vq_loss:2.5008368492126465
wasserstein_loss:1.1118212938308716   commit_loss:1.8202829360961914   vq_loss:2.3236565589904785
wasserstein_loss:1.111499309539795   commit_loss:1.8426175117492676   vq_loss:2.2906551361083984
wasserstein_loss:1.1129616498947144   commit_loss:1.8468055725097656   vq_loss:2.4537739753723145
wasserstein_loss:1.101947546005249   commit_loss:1.79499351978302   vq_loss:2.420997142791748
wasserstein_loss:1.0933188199996948   commit_loss:1.816117763519287   vq_loss:2.4292140007019043
wasserstein_loss:1.0812486410140991   commit_loss:1.8624823093414307   vq_loss:2.29768967628479
wasserstein_loss:1.0835893154144287   commit_loss:1.8818345069885254   vq_loss:2.37740421295166
wasserstein_loss:1.0884501934051514   commit_loss:1.874786376953125   vq_loss:2.3015847206115723
Train Epoch: [1/5] Iters:[300/20018] transplant_loss 21.1381, rec_loss 0.1098, quant_error 2.3877, utilization 0.1889, perplexity 2696.1226,
wasserstein_loss:1.0845223665237427   commit_loss:1.8877878189086914   vq_loss:2.3418898582458496
wasserstein_loss:1.0732921361923218   commit_loss:1.8891068696975708   vq_loss:2.3472135066986084
wasserstein_loss:1.0626754760742188   commit_loss:1.8909581899642944   vq_loss:2.326690673828125
wasserstein_loss:1.0603950023651123   commit_loss:1.9434325695037842   vq_loss:2.2940292358398438
wasserstein_loss:1.0583823919296265   commit_loss:1.8880641460418701   vq_loss:2.37660813331604
wasserstein_loss:1.0620931386947632   commit_loss:1.9038822650909424   vq_loss:2.337550163269043
wasserstein_loss:1.0521489381790161   commit_loss:1.899536371231079   vq_loss:2.414954900741577
wasserstein_loss:1.043278455734253   commit_loss:1.9215151071548462   vq_loss:2.334179162979126
wasserstein_loss:1.0392262935638428   commit_loss:1.8969746828079224   vq_loss:2.22275972366333
wasserstein_loss:1.0431745052337646   commit_loss:1.9214612245559692   vq_loss:2.334357261657715
Train Epoch: [1/5] Iters:[310/20018] transplant_loss 21.3441, rec_loss 0.1094, quant_error 2.3726, utilization 0.1893, perplexity 2705.0402,
wasserstein_loss:1.0341582298278809   commit_loss:1.929322361946106   vq_loss:2.2566914558410645
wasserstein_loss:1.0300337076187134   commit_loss:1.9335553646087646   vq_loss:2.340515613555908
wasserstein_loss:1.0347121953964233   commit_loss:1.939071774482727   vq_loss:2.3965396881103516
wasserstein_loss:1.02577543258667   commit_loss:1.9330294132232666   vq_loss:2.2658140659332275
wasserstein_loss:1.026980996131897   commit_loss:1.9641354084014893   vq_loss:2.4052505493164062
wasserstein_loss:1.0238819122314453   commit_loss:1.9266765117645264   vq_loss:2.445467948913574
wasserstein_loss:1.024400234222412   commit_loss:1.9651994705200195   vq_loss:2.2139816284179688
wasserstein_loss:1.0170009136199951   commit_loss:1.9534296989440918   vq_loss:2.3138279914855957
wasserstein_loss:1.0298089981079102   commit_loss:1.976204752922058   vq_loss:2.220766067504883
wasserstein_loss:1.0308409929275513   commit_loss:2.0055887699127197   vq_loss:2.367870807647705
Train Epoch: [1/5] Iters:[320/20018] transplant_loss 21.5442, rec_loss 0.1098, quant_error 2.3606, utilization 0.1900, perplexity 2720.8658,
wasserstein_loss:1.0193803310394287   commit_loss:2.0048673152923584   vq_loss:2.2834463119506836
wasserstein_loss:1.0198979377746582   commit_loss:1.9617319107055664   vq_loss:2.354625701904297
wasserstein_loss:1.0156197547912598   commit_loss:1.9785821437835693   vq_loss:2.2724969387054443
wasserstein_loss:1.003659725189209   commit_loss:1.9968149662017822   vq_loss:2.4662742614746094
wasserstein_loss:0.9967848658561707   commit_loss:1.9988784790039062   vq_loss:2.331355571746826
wasserstein_loss:0.9967200756072998   commit_loss:1.9949501752853394   vq_loss:2.3904762268066406
wasserstein_loss:0.9806739687919617   commit_loss:1.9867695569992065   vq_loss:2.355679988861084
wasserstein_loss:0.9692108631134033   commit_loss:1.9737547636032104   vq_loss:2.404508590698242
wasserstein_loss:0.9625927805900574   commit_loss:2.005739450454712   vq_loss:2.3791494369506836
wasserstein_loss:0.9657304883003235   commit_loss:2.008868455886841   vq_loss:2.354403018951416
Train Epoch: [1/5] Iters:[330/20018] transplant_loss 21.7714, rec_loss 0.1103, quant_error 2.3556, utilization 0.1908, perplexity 2742.6565,
wasserstein_loss:0.9609097242355347   commit_loss:2.003955364227295   vq_loss:2.3091013431549072
wasserstein_loss:0.9612261056900024   commit_loss:2.023172378540039   vq_loss:2.36954927444458
wasserstein_loss:0.9613848924636841   commit_loss:2.0149779319763184   vq_loss:2.269998073577881
wasserstein_loss:0.955955445766449   commit_loss:2.062317371368408   vq_loss:2.2593984603881836
wasserstein_loss:0.9599789381027222   commit_loss:2.0633742809295654   vq_loss:2.2367706298828125
wasserstein_loss:0.9560177326202393   commit_loss:2.037592887878418   vq_loss:2.2892704010009766
wasserstein_loss:0.9559249877929688   commit_loss:2.0514423847198486   vq_loss:2.2940475940704346
wasserstein_loss:0.9553976058959961   commit_loss:2.0660111904144287   vq_loss:2.365417718887329
wasserstein_loss:0.9488120675086975   commit_loss:2.1029419898986816   vq_loss:2.2508764266967773
wasserstein_loss:0.9446955323219299   commit_loss:2.0580670833587646   vq_loss:2.3496158123016357
Train Epoch: [1/5] Iters:[340/20018] transplant_loss 21.9315, rec_loss 0.1093, quant_error 2.3372, utilization 0.1911, perplexity 2751.4671,
wasserstein_loss:0.9370503425598145   commit_loss:2.0938198566436768   vq_loss:2.2817482948303223
wasserstein_loss:0.9249274730682373   commit_loss:2.0775146484375   vq_loss:2.3046326637268066
wasserstein_loss:0.923094630241394   commit_loss:2.1104226112365723   vq_loss:2.230168342590332
wasserstein_loss:0.9194135069847107   commit_loss:2.0931334495544434   vq_loss:2.290116310119629
wasserstein_loss:0.9195913076400757   commit_loss:2.0835344791412354   vq_loss:2.360747814178467
wasserstein_loss:0.9111926555633545   commit_loss:2.110705852508545   vq_loss:2.2117490768432617
wasserstein_loss:0.9124252200126648   commit_loss:2.0968093872070312   vq_loss:2.362356424331665
wasserstein_loss:0.9142537117004395   commit_loss:2.1008870601654053   vq_loss:2.2151689529418945
wasserstein_loss:0.9038515686988831   commit_loss:2.1198389530181885   vq_loss:2.325817823410034
wasserstein_loss:0.8997400999069214   commit_loss:2.102888345718384   vq_loss:2.345492362976074
Train Epoch: [1/5] Iters:[350/20018] transplant_loss 22.0976, rec_loss 0.1083, quant_error 2.3214, utilization 0.1916, perplexity 2767.7499,
wasserstein_loss:0.8956257700920105   commit_loss:2.125389575958252   vq_loss:2.327322244644165
wasserstein_loss:0.8910124897956848   commit_loss:2.110860824584961   vq_loss:2.386139154434204
wasserstein_loss:0.8876495361328125   commit_loss:2.135941982269287   vq_loss:2.355787754058838
wasserstein_loss:0.8847511410713196   commit_loss:2.1335806846618652   vq_loss:2.435300350189209
wasserstein_loss:0.8874670267105103   commit_loss:2.144317626953125   vq_loss:2.306863784790039
wasserstein_loss:0.8817844986915588   commit_loss:2.150668144226074   vq_loss:2.342433452606201
wasserstein_loss:0.8884342312812805   commit_loss:2.168915271759033   vq_loss:2.276150703430176
wasserstein_loss:0.8840590119361877   commit_loss:2.1652023792266846   vq_loss:2.304551124572754
wasserstein_loss:0.875035285949707   commit_loss:2.132050037384033   vq_loss:2.277817726135254
wasserstein_loss:0.8752827048301697   commit_loss:2.1682448387145996   vq_loss:2.199120283126831
Train Epoch: [1/5] Iters:[360/20018] transplant_loss 22.3077, rec_loss 0.1087, quant_error 2.3191, utilization 0.1918, perplexity 2770.7454,
wasserstein_loss:0.868000328540802   commit_loss:2.1794259548187256   vq_loss:2.3040757179260254
wasserstein_loss:0.8653581142425537   commit_loss:2.1708693504333496   vq_loss:2.215027093887329
wasserstein_loss:0.8563941121101379   commit_loss:2.206721544265747   vq_loss:2.2505593299865723
wasserstein_loss:0.8617290258407593   commit_loss:2.1904196739196777   vq_loss:2.335092067718506
wasserstein_loss:0.8541994690895081   commit_loss:2.176462411880493   vq_loss:2.2883355617523193
wasserstein_loss:0.8501722812652588   commit_loss:2.222926139831543   vq_loss:2.325834035873413
wasserstein_loss:0.8420159816741943   commit_loss:2.186173915863037   vq_loss:2.299294948577881
wasserstein_loss:0.8365854024887085   commit_loss:2.2021126747131348   vq_loss:2.323469638824463
wasserstein_loss:0.8337236642837524   commit_loss:2.2102537155151367   vq_loss:2.331838607788086
wasserstein_loss:0.8270457983016968   commit_loss:2.193902015686035   vq_loss:2.3230667114257812
Train Epoch: [1/5] Iters:[370/20018] transplant_loss 22.5082, rec_loss 0.1079, quant_error 2.3145, utilization 0.1922, perplexity 2780.1940,
wasserstein_loss:0.814399242401123   commit_loss:2.2010385990142822   vq_loss:2.1455416679382324
wasserstein_loss:0.8031119108200073   commit_loss:2.2138071060180664   vq_loss:2.204472780227661
wasserstein_loss:0.80030357837677   commit_loss:2.234247922897339   vq_loss:2.3380279541015625
wasserstein_loss:0.7886411547660828   commit_loss:2.194382667541504   vq_loss:2.3974223136901855
wasserstein_loss:0.7856501340866089   commit_loss:2.2530744075775146   vq_loss:2.361315965652466
wasserstein_loss:0.7819461226463318   commit_loss:2.263472318649292   vq_loss:2.296581983566284
wasserstein_loss:0.7811769843101501   commit_loss:2.2689669132232666   vq_loss:2.330409288406372
wasserstein_loss:0.7799568772315979   commit_loss:2.2389659881591797   vq_loss:2.3427469730377197
wasserstein_loss:0.7759124040603638   commit_loss:2.2602715492248535   vq_loss:2.2302212715148926
wasserstein_loss:0.7786848545074463   commit_loss:2.2757456302642822   vq_loss:2.316981315612793
Train Epoch: [1/5] Iters:[380/20018] transplant_loss 22.6742, rec_loss 0.1085, quant_error 2.3019, utilization 0.1922, perplexity 2778.4321,
wasserstein_loss:0.7738965153694153   commit_loss:2.2721753120422363   vq_loss:2.2409958839416504
wasserstein_loss:0.7820107936859131   commit_loss:2.2911548614501953   vq_loss:2.2696263790130615
wasserstein_loss:0.7799919843673706   commit_loss:2.2656140327453613   vq_loss:2.3330600261688232
wasserstein_loss:0.7776268124580383   commit_loss:2.2888669967651367   vq_loss:2.248774528503418
wasserstein_loss:0.7730929851531982   commit_loss:2.2913501262664795   vq_loss:2.3008785247802734
wasserstein_loss:0.7760744094848633   commit_loss:2.273226261138916   vq_loss:2.220472812652588
wasserstein_loss:0.768364667892456   commit_loss:2.2587478160858154   vq_loss:2.247988224029541
wasserstein_loss:0.7707924246788025   commit_loss:2.334059715270996   vq_loss:2.3637375831604004
wasserstein_loss:0.7599758505821228   commit_loss:2.245582103729248   vq_loss:2.3283071517944336
wasserstein_loss:0.7469758987426758   commit_loss:2.2583980560302734   vq_loss:2.1893715858459473
Train Epoch: [1/5] Iters:[390/20018] transplant_loss 22.8601, rec_loss 0.1089, quant_error 2.2969, utilization 0.1926, perplexity 2787.8754,
wasserstein_loss:0.7433063983917236   commit_loss:2.280540704727173   vq_loss:2.2394981384277344
wasserstein_loss:0.7399030923843384   commit_loss:2.30311918258667   vq_loss:2.2431511878967285
wasserstein_loss:0.7338536381721497   commit_loss:2.296090841293335   vq_loss:2.3666396141052246
wasserstein_loss:0.7314137816429138   commit_loss:2.2817115783691406   vq_loss:2.3923282623291016
wasserstein_loss:0.721517026424408   commit_loss:2.349903106689453   vq_loss:2.216999053955078
wasserstein_loss:0.7146137952804565   commit_loss:2.349520444869995   vq_loss:2.2166666984558105
wasserstein_loss:0.7150142788887024   commit_loss:2.3100714683532715   vq_loss:2.2308201789855957
wasserstein_loss:0.712317943572998   commit_loss:2.338228464126587   vq_loss:2.2343544960021973
wasserstein_loss:0.7034087181091309   commit_loss:2.3328778743743896   vq_loss:2.261823892593384
wasserstein_loss:0.6974170207977295   commit_loss:2.350846767425537   vq_loss:2.265103340148926
Train Epoch: [1/5] Iters:[400/20018] transplant_loss 23.0349, rec_loss 0.1097, quant_error 2.2916, utilization 0.1926, perplexity 2784.1064,
wasserstein_loss:0.6938157081604004   commit_loss:2.3267822265625   vq_loss:2.2257518768310547
wasserstein_loss:0.6892262697219849   commit_loss:2.3591766357421875   vq_loss:2.2493772506713867
wasserstein_loss:0.684458315372467   commit_loss:2.360184907913208   vq_loss:2.2706007957458496
wasserstein_loss:0.6753531098365784   commit_loss:2.3852949142456055   vq_loss:2.285611152648926
wasserstein_loss:0.6742739677429199   commit_loss:2.3542165756225586   vq_loss:2.3809754848480225
wasserstein_loss:0.6709659695625305   commit_loss:2.340007781982422   vq_loss:2.2729220390319824
wasserstein_loss:0.6681683659553528   commit_loss:2.3622851371765137   vq_loss:2.2764430046081543
wasserstein_loss:0.6589018702507019   commit_loss:2.339599609375   vq_loss:2.247030735015869
wasserstein_loss:0.6514265537261963   commit_loss:2.3455352783203125   vq_loss:2.3444316387176514
wasserstein_loss:0.6427192687988281   commit_loss:2.388309955596924   vq_loss:2.203003406524658
Train Epoch: [1/5] Iters:[410/20018] transplant_loss 23.1805, rec_loss 0.1088, quant_error 2.2825, utilization 0.1929, perplexity 2794.7131,
wasserstein_loss:0.6349958777427673   commit_loss:2.3905091285705566   vq_loss:2.288933277130127
wasserstein_loss:0.6302139759063721   commit_loss:2.4286327362060547   vq_loss:2.256063461303711
wasserstein_loss:0.6242116689682007   commit_loss:2.405926465988159   vq_loss:2.196004867553711
wasserstein_loss:0.6216760277748108   commit_loss:2.4045348167419434   vq_loss:2.248628854751587
wasserstein_loss:0.6174958944320679   commit_loss:2.4096384048461914   vq_loss:2.1418490409851074
wasserstein_loss:0.6172011494636536   commit_loss:2.4157114028930664   vq_loss:2.2540173530578613
wasserstein_loss:0.6248015761375427   commit_loss:2.4002461433410645   vq_loss:2.1819076538085938
wasserstein_loss:0.6186214685440063   commit_loss:2.4203600883483887   vq_loss:2.290644645690918
wasserstein_loss:0.6274674534797668   commit_loss:2.4143424034118652   vq_loss:2.284844160079956
wasserstein_loss:0.6167709827423096   commit_loss:2.434744358062744   vq_loss:2.1634774208068848
Train Epoch: [1/5] Iters:[420/20018] transplant_loss 23.3074, rec_loss 0.1086, quant_error 2.2687, utilization 0.1929, perplexity 2798.2074,
wasserstein_loss:0.6147711277008057   commit_loss:2.433692455291748   vq_loss:2.298630714416504
wasserstein_loss:0.6124857068061829   commit_loss:2.446650505065918   vq_loss:2.301116704940796
wasserstein_loss:0.6065836548805237   commit_loss:2.4389498233795166   vq_loss:2.219531536102295
wasserstein_loss:0.6085314750671387   commit_loss:2.4283862113952637   vq_loss:2.2036538124084473
wasserstein_loss:0.5959533452987671   commit_loss:2.4647741317749023   vq_loss:2.163344621658325
wasserstein_loss:0.594735324382782   commit_loss:2.424870014190674   vq_loss:2.216919422149658
wasserstein_loss:0.5784823298454285   commit_loss:2.437830924987793   vq_loss:2.232722759246826
wasserstein_loss:0.5743855834007263   commit_loss:2.437232494354248   vq_loss:2.309936761856079
wasserstein_loss:0.5690286755561829   commit_loss:2.416304111480713   vq_loss:2.1048665046691895
wasserstein_loss:0.5603805780410767   commit_loss:2.461900234222412   vq_loss:2.352733612060547
Train Epoch: [1/5] Iters:[430/20018] transplant_loss 23.4303, rec_loss 0.1071, quant_error 2.2575, utilization 0.1930, perplexity 2800.1452,
wasserstein_loss:0.5629957914352417   commit_loss:2.4600324630737305   vq_loss:2.2900426387786865
wasserstein_loss:0.5526552200317383   commit_loss:2.453944206237793   vq_loss:2.2625575065612793
wasserstein_loss:0.5555809140205383   commit_loss:2.4668076038360596   vq_loss:2.1708860397338867
wasserstein_loss:0.5522909164428711   commit_loss:2.490004539489746   vq_loss:2.2834415435791016
wasserstein_loss:0.5465507507324219   commit_loss:2.502539873123169   vq_loss:2.2692179679870605
wasserstein_loss:0.5476232767105103   commit_loss:2.491527795791626   vq_loss:2.2437703609466553
wasserstein_loss:0.5277628898620605   commit_loss:2.476289749145508   vq_loss:2.2661356925964355
wasserstein_loss:0.5307720899581909   commit_loss:2.470228672027588   vq_loss:2.184724807739258
wasserstein_loss:0.5327383279800415   commit_loss:2.4835402965545654   vq_loss:2.320549964904785
wasserstein_loss:0.5200110673904419   commit_loss:2.4813127517700195   vq_loss:2.1611104011535645
Train Epoch: [1/5] Iters:[440/20018] transplant_loss 23.5782, rec_loss 0.1068, quant_error 2.2517, utilization 0.1932, perplexity 2806.3040,
wasserstein_loss:0.5118827223777771   commit_loss:2.5045926570892334   vq_loss:2.2031893730163574
wasserstein_loss:0.5120417475700378   commit_loss:2.4795241355895996   vq_loss:2.244692087173462
wasserstein_loss:0.5017707347869873   commit_loss:2.4846606254577637   vq_loss:2.277431011199951
wasserstein_loss:0.49164170026779175   commit_loss:2.4913272857666016   vq_loss:2.0900139808654785
wasserstein_loss:0.4888046383857727   commit_loss:2.446603536605835   vq_loss:2.201313018798828
wasserstein_loss:0.48073405027389526   commit_loss:2.492382049560547   vq_loss:2.243865489959717
wasserstein_loss:0.47865763306617737   commit_loss:2.4774067401885986   vq_loss:2.23466420173645
wasserstein_loss:0.4803982675075531   commit_loss:2.513296604156494   vq_loss:2.2231574058532715
wasserstein_loss:0.46745359897613525   commit_loss:2.526271343231201   vq_loss:2.2760496139526367
wasserstein_loss:0.4667031168937683   commit_loss:2.5197510719299316   vq_loss:2.153313159942627
Train Epoch: [1/5] Iters:[450/20018] transplant_loss 23.6771, rec_loss 0.1063, quant_error 2.2413, utilization 0.1933, perplexity 2810.4488,
wasserstein_loss:0.4671867787837982   commit_loss:2.4981584548950195   vq_loss:2.2224111557006836
wasserstein_loss:0.46663618087768555   commit_loss:2.488926887512207   vq_loss:2.280327796936035
wasserstein_loss:0.4607316255569458   commit_loss:2.5177669525146484   vq_loss:2.338212013244629
wasserstein_loss:0.4669329524040222   commit_loss:2.511018753051758   vq_loss:2.2535195350646973
wasserstein_loss:0.45547088980674744   commit_loss:2.5239734649658203   vq_loss:2.2403008937835693
wasserstein_loss:0.4533752202987671   commit_loss:2.5282135009765625   vq_loss:2.171478271484375
wasserstein_loss:0.4439815878868103   commit_loss:2.5299148559570312   vq_loss:2.1267294883728027
wasserstein_loss:0.449409157037735   commit_loss:2.5063397884368896   vq_loss:2.1954967975616455
wasserstein_loss:0.4355248212814331   commit_loss:2.550004243850708   vq_loss:2.1914196014404297
wasserstein_loss:0.43321675062179565   commit_loss:2.5445656776428223   vq_loss:2.2598154544830322
Train Epoch: [1/5] Iters:[460/20018] transplant_loss 23.7715, rec_loss 0.1068, quant_error 2.2318, utilization 0.1931, perplexity 2807.0812,
wasserstein_loss:0.41697320342063904   commit_loss:2.551816940307617   vq_loss:2.225168228149414
wasserstein_loss:0.4158085286617279   commit_loss:2.5209293365478516   vq_loss:2.16035795211792
wasserstein_loss:0.4196259081363678   commit_loss:2.5878443717956543   vq_loss:2.1798880100250244
wasserstein_loss:0.40585049986839294   commit_loss:2.5475893020629883   vq_loss:2.2691845893859863
wasserstein_loss:0.40209081768989563   commit_loss:2.540281057357788   vq_loss:2.13120698928833
wasserstein_loss:0.3875158429145813   commit_loss:2.5465192794799805   vq_loss:2.2641894817352295
wasserstein_loss:0.38647839426994324   commit_loss:2.572422504425049   vq_loss:2.266646385192871
wasserstein_loss:0.380699098110199   commit_loss:2.5491232872009277   vq_loss:2.2310307025909424
wasserstein_loss:0.38627535104751587   commit_loss:2.5937395095825195   vq_loss:2.1377646923065186
wasserstein_loss:0.3756451904773712   commit_loss:2.6160190105438232   vq_loss:2.1923351287841797
Train Epoch: [1/5] Iters:[470/20018] transplant_loss 23.8742, rec_loss 0.1064, quant_error 2.2268, utilization 0.1937, perplexity 2816.4926,
wasserstein_loss:0.36692899465560913   commit_loss:2.59079909324646   vq_loss:2.3173131942749023
wasserstein_loss:0.367889940738678   commit_loss:2.605710983276367   vq_loss:2.38167667388916
wasserstein_loss:0.3638094961643219   commit_loss:2.607104539871216   vq_loss:2.2650198936462402
wasserstein_loss:0.3578782081604004   commit_loss:2.5783848762512207   vq_loss:2.2437636852264404
wasserstein_loss:0.3518375754356384   commit_loss:2.617323875427246   vq_loss:2.1941213607788086
wasserstein_loss:0.3522108793258667   commit_loss:2.5859007835388184   vq_loss:2.1480722427368164
wasserstein_loss:0.34342098236083984   commit_loss:2.598540782928467   vq_loss:2.19840669631958
wasserstein_loss:0.3356669545173645   commit_loss:2.6051082611083984   vq_loss:2.271880626678467
wasserstein_loss:0.3322546184062958   commit_loss:2.6132936477661133   vq_loss:2.175774574279785
wasserstein_loss:0.3486013114452362   commit_loss:2.6236143112182617   vq_loss:2.1384053230285645
Train Epoch: [1/5] Iters:[480/20018] transplant_loss 24.0069, rec_loss 0.1074, quant_error 2.2254, utilization 0.1941, perplexity 2829.0193,
wasserstein_loss:0.34028196334838867   commit_loss:2.568389415740967   vq_loss:2.1974635124206543
wasserstein_loss:0.3402409851551056   commit_loss:2.595735788345337   vq_loss:2.198755979537964
wasserstein_loss:0.3391626477241516   commit_loss:2.6284079551696777   vq_loss:2.113056182861328
wasserstein_loss:0.35063236951828003   commit_loss:2.587855100631714   vq_loss:2.1729238033294678
wasserstein_loss:0.35616210103034973   commit_loss:2.641127824783325   vq_loss:2.203186273574829
wasserstein_loss:0.3729945421218872   commit_loss:2.6104423999786377   vq_loss:2.102287530899048
wasserstein_loss:0.356771856546402   commit_loss:2.627236843109131   vq_loss:2.1120734214782715
wasserstein_loss:0.3553221523761749   commit_loss:2.6042792797088623   vq_loss:2.175304412841797
wasserstein_loss:0.3450225293636322   commit_loss:2.5981650352478027   vq_loss:2.2945029735565186
wasserstein_loss:0.33672142028808594   commit_loss:2.6357390880584717   vq_loss:2.227980613708496
Train Epoch: [1/5] Iters:[490/20018] transplant_loss 24.0542, rec_loss 0.1064, quant_error 2.2123, utilization 0.1942, perplexity 2826.5532,
wasserstein_loss:0.3388800621032715   commit_loss:2.618143081665039   vq_loss:2.283991813659668
wasserstein_loss:0.33028313517570496   commit_loss:2.6008360385894775   vq_loss:2.277958393096924
wasserstein_loss:0.31022462248802185   commit_loss:2.610492706298828   vq_loss:2.1846959590911865
wasserstein_loss:0.2931450307369232   commit_loss:2.635796546936035   vq_loss:2.1706979274749756
wasserstein_loss:0.2922339141368866   commit_loss:2.6679091453552246   vq_loss:2.214139461517334
wasserstein_loss:0.2824352979660034   commit_loss:2.6323609352111816   vq_loss:2.2178664207458496
wasserstein_loss:0.2719537615776062   commit_loss:2.628645420074463   vq_loss:2.2419369220733643
wasserstein_loss:0.28079864382743835   commit_loss:2.6153788566589355   vq_loss:2.1550064086914062
wasserstein_loss:0.2599232792854309   commit_loss:2.6165289878845215   vq_loss:2.115000009536743
wasserstein_loss:0.2661632299423218   commit_loss:2.6476588249206543   vq_loss:2.224703311920166
Train Epoch: [1/5] Iters:[500/20018] transplant_loss 24.1622, rec_loss 0.1061, quant_error 2.2111, utilization 0.1943, perplexity 2825.9019,
wasserstein_loss:0.27838560938835144   commit_loss:2.670093059539795   vq_loss:2.1225037574768066
wasserstein_loss:0.2926240861415863   commit_loss:2.639554500579834   vq_loss:2.2617597579956055
wasserstein_loss:0.2968272864818573   commit_loss:2.6813058853149414   vq_loss:2.1595964431762695
wasserstein_loss:0.2898904085159302   commit_loss:2.662759780883789   vq_loss:2.2425241470336914
wasserstein_loss:0.2973959743976593   commit_loss:2.6763906478881836   vq_loss:2.196911573410034
wasserstein_loss:0.2950376868247986   commit_loss:2.678032398223877   vq_loss:2.3064727783203125
wasserstein_loss:0.2901395857334137   commit_loss:2.7298946380615234   vq_loss:2.3225650787353516
wasserstein_loss:0.2846091687679291   commit_loss:2.6750106811523438   vq_loss:2.1518406867980957
wasserstein_loss:0.2749519646167755   commit_loss:2.6887292861938477   vq_loss:2.118605852127075
wasserstein_loss:0.271743506193161   commit_loss:2.7114977836608887   vq_loss:2.164579391479492
Train Epoch: [1/5] Iters:[510/20018] transplant_loss 24.2838, rec_loss 0.1059, quant_error 2.2065, utilization 0.1946, perplexity 2832.5237,
wasserstein_loss:0.2829635441303253   commit_loss:2.7360618114471436   vq_loss:2.1092371940612793
wasserstein_loss:0.26040396094322205   commit_loss:2.7316513061523438   vq_loss:2.1547632217407227
wasserstein_loss:0.26016637682914734   commit_loss:2.670179843902588   vq_loss:2.1849021911621094
wasserstein_loss:0.2525937557220459   commit_loss:2.6894068717956543   vq_loss:2.1909120082855225
wasserstein_loss:0.2530249059200287   commit_loss:2.7366795539855957   vq_loss:2.1543521881103516
wasserstein_loss:0.24483616650104523   commit_loss:2.697035312652588   vq_loss:2.1325483322143555
wasserstein_loss:0.25168946385383606   commit_loss:2.669053077697754   vq_loss:2.183028221130371
wasserstein_loss:0.24807550013065338   commit_loss:2.7091493606567383   vq_loss:2.119706630706787
wasserstein_loss:0.24576468765735626   commit_loss:2.7436230182647705   vq_loss:2.1753692626953125
wasserstein_loss:0.23980800807476044   commit_loss:2.7155513763427734   vq_loss:1.9961999654769897
Train Epoch: [1/5] Iters:[520/20018] transplant_loss 24.3510, rec_loss 0.1061, quant_error 2.1933, utilization 0.1944, perplexity 2825.1147,
wasserstein_loss:0.250332236289978   commit_loss:2.6924333572387695   vq_loss:2.0226402282714844
wasserstein_loss:0.23695582151412964   commit_loss:2.682128667831421   vq_loss:2.1750802993774414
wasserstein_loss:0.24917814135551453   commit_loss:2.7358267307281494   vq_loss:2.151416540145874
wasserstein_loss:0.2611391246318817   commit_loss:2.7023234367370605   vq_loss:2.1446523666381836
wasserstein_loss:0.2616223692893982   commit_loss:2.705671548843384   vq_loss:2.1518187522888184
wasserstein_loss:0.2707652151584625   commit_loss:2.7050695419311523   vq_loss:2.132976531982422
wasserstein_loss:0.2638094127178192   commit_loss:2.673003911972046   vq_loss:2.176699638366699
wasserstein_loss:0.27334001660346985   commit_loss:2.713043212890625   vq_loss:2.204028606414795
wasserstein_loss:0.24810601770877838   commit_loss:2.709005832672119   vq_loss:2.1648943424224854
wasserstein_loss:0.2501540184020996   commit_loss:2.7529420852661133   vq_loss:2.16085147857666
Train Epoch: [1/5] Iters:[530/20018] transplant_loss 24.3611, rec_loss 0.1049, quant_error 2.1763, utilization 0.1943, perplexity 2819.6119,
wasserstein_loss:0.2541784644126892   commit_loss:2.6959424018859863   vq_loss:2.160492420196533
wasserstein_loss:0.24284422397613525   commit_loss:2.7375612258911133   vq_loss:2.277061939239502
wasserstein_loss:0.2466152459383011   commit_loss:2.715043067932129   vq_loss:2.1841726303100586
wasserstein_loss:0.2315889596939087   commit_loss:2.781045436859131   vq_loss:2.123304843902588
wasserstein_loss:0.23483744263648987   commit_loss:2.7465133666992188   vq_loss:2.2634687423706055
wasserstein_loss:0.2251192033290863   commit_loss:2.7873356342315674   vq_loss:2.1289548873901367
wasserstein_loss:0.2349303811788559   commit_loss:2.739196538925171   vq_loss:2.101339817047119
wasserstein_loss:0.2377476990222931   commit_loss:2.7970216274261475   vq_loss:2.182750701904297
wasserstein_loss:0.225101038813591   commit_loss:2.7847166061401367   vq_loss:2.179917335510254
wasserstein_loss:0.2320803999900818   commit_loss:2.771271228790283   vq_loss:2.1073827743530273
Train Epoch: [1/5] Iters:[540/20018] transplant_loss 24.4868, rec_loss 0.1055, quant_error 2.1746, utilization 0.1946, perplexity 2829.9071,
wasserstein_loss:0.24622109532356262   commit_loss:2.7952699661254883   vq_loss:2.1222774982452393
wasserstein_loss:0.23750275373458862   commit_loss:2.72475266456604   vq_loss:2.171541213989258
wasserstein_loss:0.24509912729263306   commit_loss:2.7128024101257324   vq_loss:2.188793897628784
wasserstein_loss:0.2343573272228241   commit_loss:2.764838695526123   vq_loss:2.156339645385742
wasserstein_loss:0.237541064620018   commit_loss:2.75704288482666   vq_loss:2.1590394973754883
wasserstein_loss:0.23033399879932404   commit_loss:2.7535529136657715   vq_loss:2.1835885047912598
wasserstein_loss:0.23437649011611938   commit_loss:2.7339248657226562   vq_loss:2.1980018615722656
wasserstein_loss:0.21844437718391418   commit_loss:2.7724478244781494   vq_loss:2.2372188568115234
wasserstein_loss:0.21543478965759277   commit_loss:2.7231030464172363   vq_loss:2.1253700256347656
wasserstein_loss:0.2193773090839386   commit_loss:2.791512966156006   vq_loss:2.0799546241760254
Train Epoch: [1/5] Iters:[550/20018] transplant_loss 24.5598, rec_loss 0.1054, quant_error 2.1653, utilization 0.1951, perplexity 2842.8862,
wasserstein_loss:0.2377198338508606   commit_loss:2.749403476715088   vq_loss:2.1607232093811035
wasserstein_loss:0.2412331998348236   commit_loss:2.7316272258758545   vq_loss:2.180572509765625
wasserstein_loss:0.23224583268165588   commit_loss:2.817790985107422   vq_loss:2.129058837890625
wasserstein_loss:0.23636026680469513   commit_loss:2.7708001136779785   vq_loss:2.104729652404785
wasserstein_loss:0.22878681123256683   commit_loss:2.785238265991211   vq_loss:2.13969087600708
wasserstein_loss:0.23225609958171844   commit_loss:2.820338249206543   vq_loss:2.151057243347168
