dataset_dir: /datasets/
dataset_name: ImageNet
global_batch_size: 128
workers: 6
resolution: 256
channels: 3
ms_patch_size: 1_2_3_4_5_6_8_10_13_16
importance: (1, 1, 1, 2, 2, 2, 3, 3, 5, 5)
max_patch_size: 16
codebook_size: 4096
codebook_dim: 16
project_dim: 16
pq: 1
L: 4
alpha: 1.0
beta: 1.0
gamma: 0.0
disc_weight: 0.2
lecam_loss_weight: 0.001
disc_cr_loss_weight: 4.0
VQ: ema_vq
use_multiscale: True
transplant_epochs: 2
refinement_epochs: 5
eval_epochs: 1
lr_transplant: 0.0001
lr_refinement: 1e-05
dropout: 0.0
seed: 3407
weight_decay: 0.0001
stage: transplant
checkpoint_dir: /project/6105494/sunset/VQ-Projects/VQ-Transplant/checkpoint/Transplant/ImageNet
results_dir: /project/6105494/sunset/VQ-Projects/VQ-Transplant/results/Transplant/ImageNet
saver_dir: /project/6105494/sunset/VQ-Projects/VQ-Transplant/saver/Transplant/ImageNet
reconstruction_dir: /project/6105494/sunset/VQ-Projects/VQ-Transplant/reconstruction/Transplant/ImageNet
yaml_dir: /project/6105494/sunset/VQ-Projects/VQ-Transplant/yaml/Transplant/ImageNet
pretrained_tokenizer: /project/6105494/sunset/VQ-Projects/VQ-Transplant/pretrained_tokenizer/model.ckpt
checkpoint_name: 
nnodes: -1
node_rank: -1
local_rank: 0
dist_url: tcp://224.66.41.62:23456
dist_backend: nccl
world_size: 2
batch_size: 64
ms_token_size: (1, 2, 3, 4, 5, 6, 8, 10, 13, 16)
init_checkpoint_dir: /project/6105494/sunset/VQ-Projects/VQ-Transplant/checkpoint/
data_pre: ImageNet
model_pre: model_4096_16_1
loss_pre: loss_1.0_1.0_0.0_0.2
training_pre: ema_vq_transplant_True
saver_name_pre: ema_vq_transplant_True_ImageNet_model_4096_16_1_loss_1.0_1.0_0.0_0.2
| distributed init (rank 0): env://
| distributed init (rank 1): env://
making attention of type 'vanilla' with 512 in_channels
making attention of type 'vanilla' with 512 in_channels
making attention of type 'vanilla' with 512 in_channels
Working with z of shape (1, 16, 16, 16) = 4096 dimensions.
making attention of type 'vanilla' with 512 in_channels
making attention of type 'vanilla' with 512 in_channels
making attention of type 'vanilla' with 512 in_channels
making attention of type 'vanilla' with 512 in_channels
VQ Model Parameters: 69609635
dataset name: ImageNet
len train_set: 1281167
len val_set: 50000
Start training...
epoch:1, cur_lr:0.000100
Train Epoch: [1/2] Iters:[10/10009] transplant_loss 8.2987, rec_loss 0.1506, quant_error 7.9699, utilization 0.3217, perplexity 757.1346,
Train Epoch: [1/2] Iters:[20/10009] transplant_loss 6.7443, rec_loss 0.1183, quant_error 6.2757, utilization 0.4277, perplexity 1062.3984,
Train Epoch: [1/2] Iters:[30/10009] transplant_loss 5.9198, rec_loss 0.1025, quant_error 5.2386, utilization 0.6162, perplexity 1800.2308,
Train Epoch: [1/2] Iters:[40/10009] transplant_loss 5.4132, rec_loss 0.0924, quant_error 4.5272, utilization 0.7121, perplexity 2274.8378,
Train Epoch: [1/2] Iters:[50/10009] transplant_loss 5.0769, rec_loss 0.0862, quant_error 4.0371, utilization 0.7697, perplexity 2546.4965,
Train Epoch: [1/2] Iters:[60/10009] transplant_loss 4.1500, rec_loss 0.0678, quant_error 2.8137, utilization 0.9053, perplexity 3102.1150,
Train Epoch: [1/2] Iters:[70/10009] transplant_loss 3.8327, rec_loss 0.0613, quant_error 2.2344, utilization 0.9986, perplexity 3518.4938,
Train Epoch: [1/2] Iters:[80/10009] transplant_loss 3.7201, rec_loss 0.0582, quant_error 1.9315, utilization 0.9999, perplexity 3531.8159,
Train Epoch: [1/2] Iters:[90/10009] transplant_loss 3.6921, rec_loss 0.0564, quant_error 1.7755, utilization 0.9999, perplexity 3440.0385,
Train Epoch: [1/2] Iters:[100/10009] transplant_loss 3.6995, rec_loss 0.0541, quant_error 1.6708, utilization 0.9999, perplexity 3350.2028,
Train Epoch: [1/2] Iters:[110/10009] transplant_loss 3.7355, rec_loss 0.0526, quant_error 1.6113, utilization 0.9999, perplexity 3264.2420,
Train Epoch: [1/2] Iters:[120/10009] transplant_loss 3.7856, rec_loss 0.0524, quant_error 1.5799, utilization 0.9999, perplexity 3183.4048,
Train Epoch: [1/2] Iters:[130/10009] transplant_loss 3.8105, rec_loss 0.0512, quant_error 1.5483, utilization 0.9998, perplexity 3110.0905,
Train Epoch: [1/2] Iters:[140/10009] transplant_loss 3.8381, rec_loss 0.0507, quant_error 1.5232, utilization 0.9998, perplexity 3048.0868,
Train Epoch: [1/2] Iters:[150/10009] transplant_loss 3.8608, rec_loss 0.0508, quant_error 1.5054, utilization 0.9998, perplexity 2992.4078,
Train Epoch: [1/2] Iters:[160/10009] transplant_loss 3.8655, rec_loss 0.0507, quant_error 1.4837, utilization 0.9997, perplexity 2943.1071,
Train Epoch: [1/2] Iters:[170/10009] transplant_loss 3.8747, rec_loss 0.0502, quant_error 1.4704, utilization 0.9997, perplexity 2904.1797,
Train Epoch: [1/2] Iters:[180/10009] transplant_loss 3.8977, rec_loss 0.0500, quant_error 1.4650, utilization 0.9996, perplexity 2876.0602,
Train Epoch: [1/2] Iters:[190/10009] transplant_loss 3.9074, rec_loss 0.0501, quant_error 1.4569, utilization 0.9996, perplexity 2853.6122,
Train Epoch: [1/2] Iters:[200/10009] transplant_loss 3.9106, rec_loss 0.0500, quant_error 1.4549, utilization 0.9996, perplexity 2828.9000,
Train Epoch: [1/2] Iters:[210/10009] transplant_loss 3.9241, rec_loss 0.0493, quant_error 1.4533, utilization 0.9996, perplexity 2813.6092,
Train Epoch: [1/2] Iters:[220/10009] transplant_loss 3.9315, rec_loss 0.0491, quant_error 1.4482, utilization 0.9996, perplexity 2796.2968,
Train Epoch: [1/2] Iters:[230/10009] transplant_loss 3.9129, rec_loss 0.0491, quant_error 1.4338, utilization 0.9995, perplexity 2780.1155,
Train Epoch: [1/2] Iters:[240/10009] transplant_loss 3.9157, rec_loss 0.0485, quant_error 1.4312, utilization 0.9995, perplexity 2772.3983,
Train Epoch: [1/2] Iters:[250/10009] transplant_loss 3.9081, rec_loss 0.0482, quant_error 1.4203, utilization 0.9994, perplexity 2758.6600,
Train Epoch: [1/2] Iters:[260/10009] transplant_loss 3.9070, rec_loss 0.0485, quant_error 1.4117, utilization 0.9995, perplexity 2754.1236,
Train Epoch: [1/2] Iters:[270/10009] transplant_loss 3.8844, rec_loss 0.0488, quant_error 1.4028, utilization 0.9994, perplexity 2739.7209,
Train Epoch: [1/2] Iters:[280/10009] transplant_loss 3.8938, rec_loss 0.0487, quant_error 1.4020, utilization 0.9995, perplexity 2737.8224,
Train Epoch: [1/2] Iters:[290/10009] transplant_loss 3.8839, rec_loss 0.0489, quant_error 1.3947, utilization 0.9994, perplexity 2724.2135,
Train Epoch: [1/2] Iters:[300/10009] transplant_loss 3.8879, rec_loss 0.0490, quant_error 1.3934, utilization 0.9994, perplexity 2728.6481,
Train Epoch: [1/2] Iters:[310/10009] transplant_loss 3.8738, rec_loss 0.0490, quant_error 1.3876, utilization 0.9994, perplexity 2718.2797,
Train Epoch: [1/2] Iters:[320/10009] transplant_loss 3.8784, rec_loss 0.0481, quant_error 1.3820, utilization 0.9994, perplexity 2722.4598,
Train Epoch: [1/2] Iters:[330/10009] transplant_loss 3.8650, rec_loss 0.0479, quant_error 1.3735, utilization 0.9994, perplexity 2713.9691,
Train Epoch: [1/2] Iters:[340/10009] transplant_loss 3.8522, rec_loss 0.0473, quant_error 1.3661, utilization 0.9994, perplexity 2712.0818,
Train Epoch: [1/2] Iters:[350/10009] transplant_loss 3.8509, rec_loss 0.0473, quant_error 1.3618, utilization 0.9994, perplexity 2706.3814,
Train Epoch: [1/2] Iters:[360/10009] transplant_loss 3.8452, rec_loss 0.0471, quant_error 1.3580, utilization 0.9994, perplexity 2703.9404,
Train Epoch: [1/2] Iters:[370/10009] transplant_loss 3.8443, rec_loss 0.0476, quant_error 1.3546, utilization 0.9993, perplexity 2699.3919,
Train Epoch: [1/2] Iters:[380/10009] transplant_loss 3.8506, rec_loss 0.0474, quant_error 1.3550, utilization 0.9993, perplexity 2702.6807,
Train Epoch: [1/2] Iters:[390/10009] transplant_loss 3.8399, rec_loss 0.0474, quant_error 1.3496, utilization 0.9994, perplexity 2700.6772,
Train Epoch: [1/2] Iters:[400/10009] transplant_loss 3.8460, rec_loss 0.0474, quant_error 1.3457, utilization 0.9994, perplexity 2704.0774,
Train Epoch: [1/2] Iters:[410/10009] transplant_loss 3.8504, rec_loss 0.0473, quant_error 1.3492, utilization 0.9994, perplexity 2701.7510,
Train Epoch: [1/2] Iters:[420/10009] transplant_loss 3.8593, rec_loss 0.0468, quant_error 1.3518, utilization 0.9995, perplexity 2703.3603,
Train Epoch: [1/2] Iters:[430/10009] transplant_loss 3.8478, rec_loss 0.0471, quant_error 1.3474, utilization 0.9994, perplexity 2698.7229,
Train Epoch: [1/2] Iters:[440/10009] transplant_loss 3.8620, rec_loss 0.0474, quant_error 1.3524, utilization 0.9994, perplexity 2697.1741,
Train Epoch: [1/2] Iters:[450/10009] transplant_loss 3.8418, rec_loss 0.0469, quant_error 1.3473, utilization 0.9994, perplexity 2690.1970,
Train Epoch: [1/2] Iters:[460/10009] transplant_loss 3.8326, rec_loss 0.0470, quant_error 1.3411, utilization 0.9993, perplexity 2689.9648,
Train Epoch: [1/2] Iters:[470/10009] transplant_loss 3.8275, rec_loss 0.0468, quant_error 1.3371, utilization 0.9993, perplexity 2688.5015,
Train Epoch: [1/2] Iters:[480/10009] transplant_loss 3.8311, rec_loss 0.0469, quant_error 1.3378, utilization 0.9993, perplexity 2685.5773,
Train Epoch: [1/2] Iters:[490/10009] transplant_loss 3.8140, rec_loss 0.0470, quant_error 1.3290, utilization 0.9993, perplexity 2685.1967,
Train Epoch: [1/2] Iters:[500/10009] transplant_loss 3.8111, rec_loss 0.0469, quant_error 1.3257, utilization 0.9993, perplexity 2685.2206,
Train Epoch: [1/2] Iters:[510/10009] transplant_loss 3.8117, rec_loss 0.0466, quant_error 1.3204, utilization 0.9993, perplexity 2686.0654,
Train Epoch: [1/2] Iters:[520/10009] transplant_loss 3.7985, rec_loss 0.0470, quant_error 1.3139, utilization 0.9993, perplexity 2684.5801,
Train Epoch: [1/2] Iters:[530/10009] transplant_loss 3.8014, rec_loss 0.0467, quant_error 1.3150, utilization 0.9994, perplexity 2688.2969,
Train Epoch: [1/2] Iters:[540/10009] transplant_loss 3.8087, rec_loss 0.0461, quant_error 1.3124, utilization 0.9995, perplexity 2694.3019,
Train Epoch: [1/2] Iters:[550/10009] transplant_loss 3.7988, rec_loss 0.0463, quant_error 1.3121, utilization 0.9994, perplexity 2691.1127,
Train Epoch: [1/2] Iters:[560/10009] transplant_loss 3.8083, rec_loss 0.0464, quant_error 1.3140, utilization 0.9995, perplexity 2695.8003,
Train Epoch: [1/2] Iters:[570/10009] transplant_loss 3.8199, rec_loss 0.0464, quant_error 1.3199, utilization 0.9995, perplexity 2696.1162,
Train Epoch: [1/2] Iters:[580/10009] transplant_loss 3.8173, rec_loss 0.0470, quant_error 1.3192, utilization 0.9995, perplexity 2696.6247,
Train Epoch: [1/2] Iters:[590/10009] transplant_loss 3.8134, rec_loss 0.0470, quant_error 1.3227, utilization 0.9994, perplexity 2693.1001,
Train Epoch: [1/2] Iters:[600/10009] transplant_loss 3.8243, rec_loss 0.0474, quant_error 1.3204, utilization 0.9995, perplexity 2698.7171,
Train Epoch: [1/2] Iters:[610/10009] transplant_loss 3.8078, rec_loss 0.0472, quant_error 1.3172, utilization 0.9994, perplexity 2691.1842,
Train Epoch: [1/2] Iters:[620/10009] transplant_loss 3.8008, rec_loss 0.0475, quant_error 1.3102, utilization 0.9994, perplexity 2696.3328,
Train Epoch: [1/2] Iters:[630/10009] transplant_loss 3.7941, rec_loss 0.0474, quant_error 1.3060, utilization 0.9994, perplexity 2692.5558,
Train Epoch: [1/2] Iters:[640/10009] transplant_loss 3.8009, rec_loss 0.0478, quant_error 1.3069, utilization 0.9994, perplexity 2694.5088,
Train Epoch: [1/2] Iters:[650/10009] transplant_loss 3.8041, rec_loss 0.0478, quant_error 1.3105, utilization 0.9993, perplexity 2691.0263,
Train Epoch: [1/2] Iters:[660/10009] transplant_loss 3.8193, rec_loss 0.0484, quant_error 1.3164, utilization 0.9993, perplexity 2698.4585,
Train Epoch: [1/2] Iters:[670/10009] transplant_loss 3.8136, rec_loss 0.0475, quant_error 1.3172, utilization 0.9993, perplexity 2693.7890,
Train Epoch: [1/2] Iters:[680/10009] transplant_loss 3.8030, rec_loss 0.0471, quant_error 1.3136, utilization 0.9993, perplexity 2693.9662,
Train Epoch: [1/2] Iters:[690/10009] transplant_loss 3.8044, rec_loss 0.0473, quant_error 1.3136, utilization 0.9993, perplexity 2691.3061,
Train Epoch: [1/2] Iters:[700/10009] transplant_loss 3.8076, rec_loss 0.0474, quant_error 1.3172, utilization 0.9993, perplexity 2695.3493,
Train Epoch: [1/2] Iters:[710/10009] transplant_loss 3.8001, rec_loss 0.0470, quant_error 1.3134, utilization 0.9994, perplexity 2694.3384,
Train Epoch: [1/2] Iters:[720/10009] transplant_loss 3.8008, rec_loss 0.0472, quant_error 1.3151, utilization 0.9994, perplexity 2694.5065,
Train Epoch: [1/2] Iters:[730/10009] transplant_loss 3.8109, rec_loss 0.0470, quant_error 1.3165, utilization 0.9994, perplexity 2699.0565,
Train Epoch: [1/2] Iters:[740/10009] transplant_loss 3.8055, rec_loss 0.0468, quant_error 1.3136, utilization 0.9994, perplexity 2698.1876,
Train Epoch: [1/2] Iters:[750/10009] transplant_loss 3.7975, rec_loss 0.0464, quant_error 1.3123, utilization 0.9994, perplexity 2694.0335,
Train Epoch: [1/2] Iters:[760/10009] transplant_loss 3.7914, rec_loss 0.0470, quant_error 1.3118, utilization 0.9994, perplexity 2690.6734,
Train Epoch: [1/2] Iters:[770/10009] transplant_loss 3.7936, rec_loss 0.0475, quant_error 1.3090, utilization 0.9993, perplexity 2693.1566,
Train Epoch: [1/2] Iters:[780/10009] transplant_loss 3.7847, rec_loss 0.0478, quant_error 1.3070, utilization 0.9993, perplexity 2694.2207,
Train Epoch: [1/2] Iters:[790/10009] transplant_loss 3.7786, rec_loss 0.0475, quant_error 1.3015, utilization 0.9993, perplexity 2696.0591,
Train Epoch: [1/2] Iters:[800/10009] transplant_loss 3.7760, rec_loss 0.0476, quant_error 1.2935, utilization 0.9993, perplexity 2699.1988,
Train Epoch: [1/2] Iters:[810/10009] transplant_loss 3.7723, rec_loss 0.0476, quant_error 1.2932, utilization 0.9993, perplexity 2697.3423,
Train Epoch: [1/2] Iters:[820/10009] transplant_loss 3.7683, rec_loss 0.0471, quant_error 1.2894, utilization 0.9993, perplexity 2700.1259,
Train Epoch: [1/2] Iters:[830/10009] transplant_loss 3.7706, rec_loss 0.0471, quant_error 1.2925, utilization 0.9993, perplexity 2696.2600,
Train Epoch: [1/2] Iters:[840/10009] transplant_loss 3.7770, rec_loss 0.0474, quant_error 1.2967, utilization 0.9993, perplexity 2694.3442,
Train Epoch: [1/2] Iters:[850/10009] transplant_loss 3.7788, rec_loss 0.0472, quant_error 1.2988, utilization 0.9993, perplexity 2695.6696,
Train Epoch: [1/2] Iters:[860/10009] transplant_loss 3.7695, rec_loss 0.0463, quant_error 1.2918, utilization 0.9993, perplexity 2700.2052,
Train Epoch: [1/2] Iters:[870/10009] transplant_loss 3.7744, rec_loss 0.0467, quant_error 1.2952, utilization 0.9993, perplexity 2700.3665,
Train Epoch: [1/2] Iters:[880/10009] transplant_loss 3.7740, rec_loss 0.0466, quant_error 1.2914, utilization 0.9993, perplexity 2702.1903,
Train Epoch: [1/2] Iters:[890/10009] transplant_loss 3.7715, rec_loss 0.0465, quant_error 1.2913, utilization 0.9993, perplexity 2707.6080,
Train Epoch: [1/2] Iters:[900/10009] transplant_loss 3.7707, rec_loss 0.0464, quant_error 1.2915, utilization 0.9993, perplexity 2708.3110,
Train Epoch: [1/2] Iters:[910/10009] transplant_loss 3.7794, rec_loss 0.0467, quant_error 1.2948, utilization 0.9992, perplexity 2706.3744,
Train Epoch: [1/2] Iters:[920/10009] transplant_loss 3.7785, rec_loss 0.0469, quant_error 1.2944, utilization 0.9993, perplexity 2708.3402,
Train Epoch: [1/2] Iters:[930/10009] transplant_loss 3.7768, rec_loss 0.0468, quant_error 1.2920, utilization 0.9993, perplexity 2706.1583,
Train Epoch: [1/2] Iters:[940/10009] transplant_loss 3.7768, rec_loss 0.0471, quant_error 1.2890, utilization 0.9993, perplexity 2706.2842,
Train Epoch: [1/2] Iters:[950/10009] transplant_loss 3.7632, rec_loss 0.0472, quant_error 1.2853, utilization 0.9993, perplexity 2702.5760,
