| distributed init (rank 1): env://
dataset_dir: /projects/yuanai/data/
dataset_name: ImageNet
global_batch_size: 64
workers: 6
resolution: 256
channels: 3
ms_patch_size: 1_2_3_4_5_6_8_10_13_16
importance: (1, 1, 1, 2, 2, 2, 3, 3, 5, 5)
max_patch_size: 16
codebook_size: 16384
codebook_dim: 16
project_dim: 16
pq: 1
L: 4
alpha: 1.0
beta: 1.0
gamma: 0.0
disc_weight: 0.5
lecam_loss_weight: 0.001
disc_cr_loss_weight: 4.0
VQ: ema_vq
use_multiscale: False
transplant_epochs: 2
refinement_epochs: 5
eval_epochs: 1
disc_epoch: 3
lr_transplant: 0.0001
lr_refinement: 1e-05
dropout: 0.0
seed: 3407
weight_decay: 0.0001
stage: transplant
checkpoint_dir: /projects/yuanai/projects/VQ-Transplant2/checkpoint/Transplant/ImageNet
results_dir: /projects/yuanai/projects/VQ-Transplant2/results/Transplant/ImageNet
saver_dir: /projects/yuanai/projects/VQ-Transplant2/saver/Transplant/ImageNet
reconstruction_dir: /projects/yuanai/projects/VQ-Transplant2/reconstruction/Transplant/ImageNet
yaml_dir: /projects/yuanai/projects/VQ-Transplant2/yaml/Transplant/ImageNet
pretrained_tokenizer: /projects/yuanai/projects/VQ-Transplant2/pretrained_tokenizer/model.ckpt
checkpoint_name: 
nnodes: -1
node_rank: -1
local_rank: 0
dist_url: tcp://224.66.41.62:23456
dist_backend: nccl
world_size: 2
batch_size: 32
ms_token_size: (1, 2, 3, 4, 5, 6, 8, 10, 13, 16)
init_checkpoint_dir: /projects/yuanai/projects/VQ-Transplant2/checkpoint/
data_pre: ImageNet
model_pre: model_16384_16_1
loss_pre: loss_1.0_1.0_0.0_0.5
training_pre: ema_vq_transplant_False
saver_name_pre: ema_vq_transplant_False_ImageNet_model_16384_16_1_loss_1.0_1.0_0.0_0.5
| distributed init (rank 0): env://
making attention of type 'vanilla' with 512 in_channels
making attention of type 'vanilla' with 512 in_channels
making attention of type 'vanilla' with 512 in_channels
Working with z of shape (1, 16, 16, 16) = 4096 dimensions.
making attention of type 'vanilla' with 512 in_channels
making attention of type 'vanilla' with 512 in_channels
making attention of type 'vanilla' with 512 in_channels
making attention of type 'vanilla' with 512 in_channels
loaded pretrained LPIPS loss from /projects/yuanai/projects/VQ-Transplant2/code/models/cache/vgg.pth
VQ Model Parameters: 69609635
dataset name: ImageNet
len train_set: 1281167
len val_set: 50000
Start training...
epoch:1, cur_lr:0.000100
Train Epoch: [1/2] Iters:[10/20018] transplant_loss 3.4871, rec_loss 0.0867, p_loss 0.4863, quant_error 1.4875, utilization 0.2350, perplexity 1933.0006,
Train Epoch: [1/2] Iters:[20/20018] transplant_loss 2.9337, rec_loss 0.0705, p_loss 0.4567, quant_error 1.2003, utilization 0.3150, perplexity 2914.2051,
Train Epoch: [1/2] Iters:[30/20018] transplant_loss 2.7142, rec_loss 0.0631, p_loss 0.4436, quant_error 1.0882, utilization 0.3477, perplexity 3411.7149,
Train Epoch: [1/2] Iters:[40/20018] transplant_loss 2.5947, rec_loss 0.0608, p_loss 0.4366, quant_error 1.0240, utilization 0.3656, perplexity 3698.7381,
Train Epoch: [1/2] Iters:[50/20018] transplant_loss 2.5198, rec_loss 0.0590, p_loss 0.4330, quant_error 0.9821, utilization 0.3780, perplexity 3931.6035,
Train Epoch: [1/2] Iters:[60/20018] transplant_loss 2.2621, rec_loss 0.0512, p_loss 0.4170, quant_error 0.8461, utilization 0.4164, perplexity 4512.9051,
Train Epoch: [1/2] Iters:[70/20018] transplant_loss 2.2195, rec_loss 0.0497, p_loss 0.4126, quant_error 0.8217, utilization 0.4230, perplexity 4707.9751,
Train Epoch: [1/2] Iters:[80/20018] transplant_loss 2.1958, rec_loss 0.0500, p_loss 0.4103, quant_error 0.8050, utilization 0.4270, perplexity 4823.5182,
Train Epoch: [1/2] Iters:[90/20018] transplant_loss 2.1828, rec_loss 0.0496, p_loss 0.4087, quant_error 0.7953, utilization 0.4297, perplexity 4917.2837,
Train Epoch: [1/2] Iters:[100/20018] transplant_loss 2.1684, rec_loss 0.0489, p_loss 0.4067, quant_error 0.7870, utilization 0.4312, perplexity 4967.0929,
Train Epoch: [1/2] Iters:[110/20018] transplant_loss 2.1614, rec_loss 0.0498, p_loss 0.4071, quant_error 0.7808, utilization 0.4330, perplexity 5029.3668,
Train Epoch: [1/2] Iters:[120/20018] transplant_loss 2.1571, rec_loss 0.0505, p_loss 0.4056, quant_error 0.7769, utilization 0.4342, perplexity 5064.1796,
Train Epoch: [1/2] Iters:[130/20018] transplant_loss 2.1540, rec_loss 0.0508, p_loss 0.4048, quant_error 0.7738, utilization 0.4351, perplexity 5083.6338,
Train Epoch: [1/2] Iters:[140/20018] transplant_loss 2.1390, rec_loss 0.0494, p_loss 0.4024, quant_error 0.7679, utilization 0.4345, perplexity 5067.7601,
Train Epoch: [1/2] Iters:[150/20018] transplant_loss 2.1372, rec_loss 0.0496, p_loss 0.4015, quant_error 0.7660, utilization 0.4347, perplexity 5076.6183,
Train Epoch: [1/2] Iters:[160/20018] transplant_loss 2.1285, rec_loss 0.0490, p_loss 0.3995, quant_error 0.7621, utilization 0.4343, perplexity 5061.6022,
Train Epoch: [1/2] Iters:[170/20018] transplant_loss 2.1228, rec_loss 0.0486, p_loss 0.4001, quant_error 0.7588, utilization 0.4344, perplexity 5075.6629,
Train Epoch: [1/2] Iters:[180/20018] transplant_loss 2.1218, rec_loss 0.0479, p_loss 0.3989, quant_error 0.7585, utilization 0.4341, perplexity 5091.3003,
Train Epoch: [1/2] Iters:[190/20018] transplant_loss 2.1253, rec_loss 0.0482, p_loss 0.3990, quant_error 0.7586, utilization 0.4352, perplexity 5134.8062,
Train Epoch: [1/2] Iters:[200/20018] transplant_loss 2.1202, rec_loss 0.0481, p_loss 0.3980, quant_error 0.7552, utilization 0.4360, perplexity 5165.9797,
Train Epoch: [1/2] Iters:[210/20018] transplant_loss 2.1188, rec_loss 0.0477, p_loss 0.3960, quant_error 0.7546, utilization 0.4367, perplexity 5177.8426,
Train Epoch: [1/2] Iters:[220/20018] transplant_loss 2.1208, rec_loss 0.0476, p_loss 0.3951, quant_error 0.7549, utilization 0.4381, perplexity 5203.2831,
Train Epoch: [1/2] Iters:[230/20018] transplant_loss 2.1150, rec_loss 0.0476, p_loss 0.3951, quant_error 0.7517, utilization 0.4390, perplexity 5213.8191,
Train Epoch: [1/2] Iters:[240/20018] transplant_loss 2.1151, rec_loss 0.0486, p_loss 0.3957, quant_error 0.7502, utilization 0.4399, perplexity 5234.9210,
Train Epoch: [1/2] Iters:[250/20018] transplant_loss 2.1107, rec_loss 0.0478, p_loss 0.3941, quant_error 0.7493, utilization 0.4399, perplexity 5208.3387,
Train Epoch: [1/2] Iters:[260/20018] transplant_loss 2.1049, rec_loss 0.0474, p_loss 0.3951, quant_error 0.7460, utilization 0.4395, perplexity 5211.3969,
Train Epoch: [1/2] Iters:[270/20018] transplant_loss 2.0991, rec_loss 0.0474, p_loss 0.3934, quant_error 0.7438, utilization 0.4385, perplexity 5179.3140,
Train Epoch: [1/2] Iters:[280/20018] transplant_loss 2.0938, rec_loss 0.0472, p_loss 0.3923, quant_error 0.7411, utilization 0.4378, perplexity 5163.9919,
Train Epoch: [1/2] Iters:[290/20018] transplant_loss 2.0894, rec_loss 0.0462, p_loss 0.3897, quant_error 0.7407, utilization 0.4372, perplexity 5132.7726,
Train Epoch: [1/2] Iters:[300/20018] transplant_loss 2.0896, rec_loss 0.0470, p_loss 0.3899, quant_error 0.7395, utilization 0.4369, perplexity 5126.2999,
Train Epoch: [1/2] Iters:[310/20018] transplant_loss 2.0886, rec_loss 0.0471, p_loss 0.3902, quant_error 0.7386, utilization 0.4373, perplexity 5135.2401,
Train Epoch: [1/2] Iters:[320/20018] transplant_loss 2.0927, rec_loss 0.0480, p_loss 0.3922, quant_error 0.7384, utilization 0.4377, perplexity 5160.4222,
Train Epoch: [1/2] Iters:[330/20018] transplant_loss 2.0972, rec_loss 0.0484, p_loss 0.3929, quant_error 0.7397, utilization 0.4383, perplexity 5189.6479,
Train Epoch: [1/2] Iters:[340/20018] transplant_loss 2.0934, rec_loss 0.0482, p_loss 0.3926, quant_error 0.7376, utilization 0.4377, perplexity 5176.1057,
Train Epoch: [1/2] Iters:[350/20018] transplant_loss 2.0903, rec_loss 0.0474, p_loss 0.3930, quant_error 0.7364, utilization 0.4370, perplexity 5175.2423,
Train Epoch: [1/2] Iters:[360/20018] transplant_loss 2.0938, rec_loss 0.0478, p_loss 0.3926, quant_error 0.7375, utilization 0.4369, perplexity 5185.6517,
Train Epoch: [1/2] Iters:[370/20018] transplant_loss 2.0846, rec_loss 0.0467, p_loss 0.3901, quant_error 0.7345, utilization 0.4372, perplexity 5193.3711,
Train Epoch: [1/2] Iters:[380/20018] transplant_loss 2.0862, rec_loss 0.0475, p_loss 0.3888, quant_error 0.7344, utilization 0.4374, perplexity 5197.7739,
Train Epoch: [1/2] Iters:[390/20018] transplant_loss 2.0887, rec_loss 0.0478, p_loss 0.3907, quant_error 0.7343, utilization 0.4387, perplexity 5236.0672,
Train Epoch: [1/2] Iters:[400/20018] transplant_loss 2.0866, rec_loss 0.0479, p_loss 0.3877, quant_error 0.7335, utilization 0.4395, perplexity 5238.4961,
Train Epoch: [1/2] Iters:[410/20018] transplant_loss 2.0803, rec_loss 0.0475, p_loss 0.3867, quant_error 0.7309, utilization 0.4399, perplexity 5244.5002,
Train Epoch: [1/2] Iters:[420/20018] transplant_loss 2.0808, rec_loss 0.0473, p_loss 0.3870, quant_error 0.7307, utilization 0.4395, perplexity 5232.0303,
Train Epoch: [1/2] Iters:[430/20018] transplant_loss 2.0736, rec_loss 0.0461, p_loss 0.3869, quant_error 0.7285, utilization 0.4392, perplexity 5225.2051,
Train Epoch: [1/2] Iters:[440/20018] transplant_loss 2.0743, rec_loss 0.0465, p_loss 0.3861, quant_error 0.7283, utilization 0.4392, perplexity 5228.0087,
Train Epoch: [1/2] Iters:[450/20018] transplant_loss 2.0739, rec_loss 0.0462, p_loss 0.3869, quant_error 0.7273, utilization 0.4397, perplexity 5247.2752,
Train Epoch: [1/2] Iters:[460/20018] transplant_loss 2.0744, rec_loss 0.0466, p_loss 0.3854, quant_error 0.7269, utilization 0.4402, perplexity 5247.4687,
Train Epoch: [1/2] Iters:[470/20018] transplant_loss 2.0762, rec_loss 0.0467, p_loss 0.3873, quant_error 0.7267, utilization 0.4410, perplexity 5279.4753,
Train Epoch: [1/2] Iters:[480/20018] transplant_loss 2.0767, rec_loss 0.0469, p_loss 0.3872, quant_error 0.7259, utilization 0.4422, perplexity 5310.7617,
Train Epoch: [1/2] Iters:[490/20018] transplant_loss 2.0711, rec_loss 0.0461, p_loss 0.3857, quant_error 0.7243, utilization 0.4421, perplexity 5290.6882,
Train Epoch: [1/2] Iters:[500/20018] transplant_loss 2.0727, rec_loss 0.0466, p_loss 0.3860, quant_error 0.7244, utilization 0.4417, perplexity 5267.2330,
Train Epoch: [1/2] Iters:[510/20018] transplant_loss 2.0800, rec_loss 0.0468, p_loss 0.3873, quant_error 0.7268, utilization 0.4418, perplexity 5269.2049,
Train Epoch: [1/2] Iters:[520/20018] transplant_loss 2.0711, rec_loss 0.0468, p_loss 0.3843, quant_error 0.7234, utilization 0.4411, perplexity 5233.9854,
Train Epoch: [1/2] Iters:[530/20018] transplant_loss 2.0703, rec_loss 0.0468, p_loss 0.3844, quant_error 0.7230, utilization 0.4401, perplexity 5213.2184,
Train Epoch: [1/2] Iters:[540/20018] transplant_loss 2.0732, rec_loss 0.0473, p_loss 0.3848, quant_error 0.7234, utilization 0.4398, perplexity 5215.3937,
Train Epoch: [1/2] Iters:[550/20018] transplant_loss 2.0704, rec_loss 0.0472, p_loss 0.3850, quant_error 0.7218, utilization 0.4403, perplexity 5244.3058,
Train Epoch: [1/2] Iters:[560/20018] transplant_loss 2.0586, rec_loss 0.0469, p_loss 0.3848, quant_error 0.7168, utilization 0.4401, perplexity 5248.6811,
Train Epoch: [1/2] Iters:[570/20018] transplant_loss 2.0596, rec_loss 0.0469, p_loss 0.3853, quant_error 0.7168, utilization 0.4401, perplexity 5246.7533,
Train Epoch: [1/2] Iters:[580/20018] transplant_loss 2.0644, rec_loss 0.0466, p_loss 0.3850, quant_error 0.7190, utilization 0.4404, perplexity 5229.0999,
Train Epoch: [1/2] Iters:[590/20018] transplant_loss 2.0619, rec_loss 0.0468, p_loss 0.3849, quant_error 0.7169, utilization 0.4408, perplexity 5235.8402,
Train Epoch: [1/2] Iters:[600/20018] transplant_loss 2.0598, rec_loss 0.0463, p_loss 0.3844, quant_error 0.7162, utilization 0.4417, perplexity 5256.7814,
Train Epoch: [1/2] Iters:[610/20018] transplant_loss 2.0602, rec_loss 0.0465, p_loss 0.3829, quant_error 0.7165, utilization 0.4414, perplexity 5249.0719,
Train Epoch: [1/2] Iters:[620/20018] transplant_loss 2.0625, rec_loss 0.0464, p_loss 0.3825, quant_error 0.7170, utilization 0.4425, perplexity 5278.3213,
Train Epoch: [1/2] Iters:[630/20018] transplant_loss 2.0550, rec_loss 0.0461, p_loss 0.3809, quant_error 0.7138, utilization 0.4417, perplexity 5262.9753,
Train Epoch: [1/2] Iters:[640/20018] transplant_loss 2.0506, rec_loss 0.0456, p_loss 0.3797, quant_error 0.7123, utilization 0.4418, perplexity 5277.4634,
Train Epoch: [1/2] Iters:[650/20018] transplant_loss 2.0520, rec_loss 0.0460, p_loss 0.3798, quant_error 0.7123, utilization 0.4409, perplexity 5273.8289,
Train Epoch: [1/2] Iters:[660/20018] transplant_loss 2.0522, rec_loss 0.0455, p_loss 0.3798, quant_error 0.7122, utilization 0.4409, perplexity 5268.9795,
Train Epoch: [1/2] Iters:[670/20018] transplant_loss 2.0527, rec_loss 0.0452, p_loss 0.3803, quant_error 0.7123, utilization 0.4414, perplexity 5291.2103,
Train Epoch: [1/2] Iters:[680/20018] transplant_loss 2.0494, rec_loss 0.0454, p_loss 0.3802, quant_error 0.7106, utilization 0.4418, perplexity 5303.9309,
Train Epoch: [1/2] Iters:[690/20018] transplant_loss 2.0459, rec_loss 0.0453, p_loss 0.3801, quant_error 0.7094, utilization 0.4426, perplexity 5315.5558,
Train Epoch: [1/2] Iters:[700/20018] transplant_loss 2.0431, rec_loss 0.0453, p_loss 0.3784, quant_error 0.7083, utilization 0.4432, perplexity 5309.7390,
Train Epoch: [1/2] Iters:[710/20018] transplant_loss 2.0434, rec_loss 0.0457, p_loss 0.3783, quant_error 0.7082, utilization 0.4434, perplexity 5307.4183,
Train Epoch: [1/2] Iters:[720/20018] transplant_loss 2.0374, rec_loss 0.0458, p_loss 0.3774, quant_error 0.7056, utilization 0.4432, perplexity 5298.8526,
Train Epoch: [1/2] Iters:[730/20018] transplant_loss 2.0363, rec_loss 0.0461, p_loss 0.3780, quant_error 0.7048, utilization 0.4430, perplexity 5305.5508,
Train Epoch: [1/2] Iters:[740/20018] transplant_loss 2.0447, rec_loss 0.0468, p_loss 0.3791, quant_error 0.7070, utilization 0.4420, perplexity 5273.1285,
Train Epoch: [1/2] Iters:[750/20018] transplant_loss 2.0417, rec_loss 0.0465, p_loss 0.3788, quant_error 0.7062, utilization 0.4415, perplexity 5249.5995,
Train Epoch: [1/2] Iters:[760/20018] transplant_loss 2.0371, rec_loss 0.0460, p_loss 0.3790, quant_error 0.7042, utilization 0.4420, perplexity 5273.0486,
Train Epoch: [1/2] Iters:[770/20018] transplant_loss 2.0340, rec_loss 0.0456, p_loss 0.3781, quant_error 0.7033, utilization 0.4411, perplexity 5224.4170,
Train Epoch: [1/2] Iters:[780/20018] transplant_loss 2.0387, rec_loss 0.0453, p_loss 0.3780, quant_error 0.7050, utilization 0.4418, perplexity 5234.4850,
Train Epoch: [1/2] Iters:[790/20018] transplant_loss 2.0349, rec_loss 0.0449, p_loss 0.3773, quant_error 0.7041, utilization 0.4429, perplexity 5266.5103,
Train Epoch: [1/2] Iters:[800/20018] transplant_loss 2.0358, rec_loss 0.0452, p_loss 0.3782, quant_error 0.7035, utilization 0.4435, perplexity 5278.3034,
Train Epoch: [1/2] Iters:[810/20018] transplant_loss 2.0393, rec_loss 0.0455, p_loss 0.3778, quant_error 0.7047, utilization 0.4436, perplexity 5268.6665,
Train Epoch: [1/2] Iters:[820/20018] transplant_loss 2.0468, rec_loss 0.0458, p_loss 0.3776, quant_error 0.7077, utilization 0.4443, perplexity 5302.5325,
Train Epoch: [1/2] Iters:[830/20018] transplant_loss 2.0412, rec_loss 0.0458, p_loss 0.3766, quant_error 0.7054, utilization 0.4439, perplexity 5290.2472,
Train Epoch: [1/2] Iters:[840/20018] transplant_loss 2.0407, rec_loss 0.0455, p_loss 0.3763, quant_error 0.7047, utilization 0.4441, perplexity 5314.1896,
Train Epoch: [1/2] Iters:[850/20018] transplant_loss 2.0360, rec_loss 0.0450, p_loss 0.3748, quant_error 0.7031, utilization 0.4430, perplexity 5279.0011,
Train Epoch: [1/2] Iters:[860/20018] transplant_loss 2.0329, rec_loss 0.0454, p_loss 0.3750, quant_error 0.7012, utilization 0.4426, perplexity 5270.7884,
Train Epoch: [1/2] Iters:[870/20018] transplant_loss 2.0261, rec_loss 0.0454, p_loss 0.3759, quant_error 0.6977, utilization 0.4424, perplexity 5258.5284,
Train Epoch: [1/2] Iters:[880/20018] transplant_loss 2.0298, rec_loss 0.0455, p_loss 0.3769, quant_error 0.6987, utilization 0.4433, perplexity 5269.7586,
Train Epoch: [1/2] Iters:[890/20018] transplant_loss 2.0254, rec_loss 0.0450, p_loss 0.3756, quant_error 0.6975, utilization 0.4428, perplexity 5240.6955,
Train Epoch: [1/2] Iters:[900/20018] transplant_loss 2.0306, rec_loss 0.0456, p_loss 0.3774, quant_error 0.6989, utilization 0.4438, perplexity 5286.4447,
Train Epoch: [1/2] Iters:[910/20018] transplant_loss 2.0333, rec_loss 0.0455, p_loss 0.3772, quant_error 0.6999, utilization 0.4444, perplexity 5308.3269,
Train Epoch: [1/2] Iters:[920/20018] transplant_loss 2.0336, rec_loss 0.0452, p_loss 0.3750, quant_error 0.7007, utilization 0.4444, perplexity 5296.9681,
Train Epoch: [1/2] Iters:[930/20018] transplant_loss 2.0307, rec_loss 0.0452, p_loss 0.3746, quant_error 0.6993, utilization 0.4440, perplexity 5284.9084,
Train Epoch: [1/2] Iters:[940/20018] transplant_loss 2.0288, rec_loss 0.0451, p_loss 0.3743, quant_error 0.6989, utilization 0.4436, perplexity 5272.3021,
Train Epoch: [1/2] Iters:[950/20018] transplant_loss 2.0248, rec_loss 0.0447, p_loss 0.3732, quant_error 0.6974, utilization 0.4433, perplexity 5263.3979,
Train Epoch: [1/2] Iters:[960/20018] transplant_loss 2.0199, rec_loss 0.0445, p_loss 0.3732, quant_error 0.6953, utilization 0.4432, perplexity 5259.2495,
Train Epoch: [1/2] Iters:[970/20018] transplant_loss 2.0213, rec_loss 0.0451, p_loss 0.3749, quant_error 0.6945, utilization 0.4432, perplexity 5291.2262,
Train Epoch: [1/2] Iters:[980/20018] transplant_loss 2.0141, rec_loss 0.0449, p_loss 0.3739, quant_error 0.6916, utilization 0.4434, perplexity 5301.7632,
Train Epoch: [1/2] Iters:[990/20018] transplant_loss 2.0115, rec_loss 0.0450, p_loss 0.3736, quant_error 0.6900, utilization 0.4435, perplexity 5300.5757,
Train Epoch: [1/2] Iters:[1000/20018] transplant_loss 2.0152, rec_loss 0.0457, p_loss 0.3735, quant_error 0.6910, utilization 0.4442, perplexity 5310.8385,
Train Epoch: [1/2] Iters:[1010/20018] transplant_loss 2.0137, rec_loss 0.0453, p_loss 0.3724, quant_error 0.6912, utilization 0.4440, perplexity 5292.1117,
Train Epoch: [1/2] Iters:[1020/20018] transplant_loss 2.0128, rec_loss 0.0451, p_loss 0.3719, quant_error 0.6914, utilization 0.4442, perplexity 5284.2295,
Train Epoch: [1/2] Iters:[1030/20018] transplant_loss 2.0170, rec_loss 0.0452, p_loss 0.3725, quant_error 0.6932, utilization 0.4440, perplexity 5283.5787,
Train Epoch: [1/2] Iters:[1040/20018] transplant_loss 2.0195, rec_loss 0.0457, p_loss 0.3735, quant_error 0.6930, utilization 0.4446, perplexity 5302.1159,
Train Epoch: [1/2] Iters:[1050/20018] transplant_loss 2.0208, rec_loss 0.0452, p_loss 0.3728, quant_error 0.6938, utilization 0.4446, perplexity 5308.2405,
Train Epoch: [1/2] Iters:[1060/20018] transplant_loss 2.0243, rec_loss 0.0452, p_loss 0.3730, quant_error 0.6950, utilization 0.4448, perplexity 5320.7098,
Train Epoch: [1/2] Iters:[1070/20018] transplant_loss 2.0243, rec_loss 0.0447, p_loss 0.3737, quant_error 0.6947, utilization 0.4449, perplexity 5325.8958,
Train Epoch: [1/2] Iters:[1080/20018] transplant_loss 2.0262, rec_loss 0.0447, p_loss 0.3739, quant_error 0.6951, utilization 0.4458, perplexity 5352.6364,
Train Epoch: [1/2] Iters:[1090/20018] transplant_loss 2.0248, rec_loss 0.0444, p_loss 0.3727, quant_error 0.6952, utilization 0.4456, perplexity 5338.2740,
Train Epoch: [1/2] Iters:[1100/20018] transplant_loss 2.0171, rec_loss 0.0443, p_loss 0.3734, quant_error 0.6916, utilization 0.4455, perplexity 5327.2809,
Train Epoch: [1/2] Iters:[1110/20018] transplant_loss 2.0153, rec_loss 0.0441, p_loss 0.3718, quant_error 0.6910, utilization 0.4454, perplexity 5313.1656,
Train Epoch: [1/2] Iters:[1120/20018] transplant_loss 2.0158, rec_loss 0.0452, p_loss 0.3719, quant_error 0.6903, utilization 0.4457, perplexity 5324.4727,
Train Epoch: [1/2] Iters:[1130/20018] transplant_loss 2.0184, rec_loss 0.0449, p_loss 0.3715, quant_error 0.6918, utilization 0.4457, perplexity 5311.7340,
Train Epoch: [1/2] Iters:[1140/20018] transplant_loss 2.0231, rec_loss 0.0457, p_loss 0.3729, quant_error 0.6928, utilization 0.4462, perplexity 5319.0315,
Train Epoch: [1/2] Iters:[1150/20018] transplant_loss 2.0247, rec_loss 0.0458, p_loss 0.3726, quant_error 0.6936, utilization 0.4463, perplexity 5340.8690,
Train Epoch: [1/2] Iters:[1160/20018] transplant_loss 2.0277, rec_loss 0.0471, p_loss 0.3741, quant_error 0.6936, utilization 0.4468, perplexity 5361.5557,
Train Epoch: [1/2] Iters:[1170/20018] transplant_loss 2.0216, rec_loss 0.0459, p_loss 0.3727, quant_error 0.6921, utilization 0.4471, perplexity 5375.6471,
Train Epoch: [1/2] Iters:[1180/20018] transplant_loss 2.0107, rec_loss 0.0456, p_loss 0.3708, quant_error 0.6880, utilization 0.4467, perplexity 5348.1527,
Train Epoch: [1/2] Iters:[1190/20018] transplant_loss 2.0080, rec_loss 0.0456, p_loss 0.3704, quant_error 0.6868, utilization 0.4465, perplexity 5356.1475,
Train Epoch: [1/2] Iters:[1200/20018] transplant_loss 2.0077, rec_loss 0.0458, p_loss 0.3707, quant_error 0.6860, utilization 0.4474, perplexity 5362.5990,
Train Epoch: [1/2] Iters:[1210/20018] transplant_loss 2.0063, rec_loss 0.0450, p_loss 0.3701, quant_error 0.6858, utilization 0.4479, perplexity 5373.3658,
Train Epoch: [1/2] Iters:[1220/20018] transplant_loss 2.0059, rec_loss 0.0454, p_loss 0.3694, quant_error 0.6857, utilization 0.4478, perplexity 5347.8519,
Train Epoch: [1/2] Iters:[1230/20018] transplant_loss 2.0127, rec_loss 0.0468, p_loss 0.3712, quant_error 0.6867, utilization 0.4482, perplexity 5383.3621,
Train Epoch: [1/2] Iters:[1240/20018] transplant_loss 2.0171, rec_loss 0.0466, p_loss 0.3714, quant_error 0.6883, utilization 0.4487, perplexity 5397.5407,
Train Epoch: [1/2] Iters:[1250/20018] transplant_loss 2.0186, rec_loss 0.0463, p_loss 0.3704, quant_error 0.6893, utilization 0.4481, perplexity 5369.2023,
Train Epoch: [1/2] Iters:[1260/20018] transplant_loss 2.0195, rec_loss 0.0469, p_loss 0.3709, quant_error 0.6894, utilization 0.4480, perplexity 5358.0290,
Train Epoch: [1/2] Iters:[1270/20018] transplant_loss 2.0149, rec_loss 0.0467, p_loss 0.3700, quant_error 0.6874, utilization 0.4470, perplexity 5334.8461,
Train Epoch: [1/2] Iters:[1280/20018] transplant_loss 2.0158, rec_loss 0.0460, p_loss 0.3695, quant_error 0.6885, utilization 0.4474, perplexity 5326.7279,
Train Epoch: [1/2] Iters:[1290/20018] transplant_loss 2.0094, rec_loss 0.0458, p_loss 0.3696, quant_error 0.6857, utilization 0.4472, perplexity 5323.5228,
Train Epoch: [1/2] Iters:[1300/20018] transplant_loss 2.0077, rec_loss 0.0460, p_loss 0.3694, quant_error 0.6848, utilization 0.4468, perplexity 5337.4083,
Train Epoch: [1/2] Iters:[1310/20018] transplant_loss 2.0031, rec_loss 0.0459, p_loss 0.3696, quant_error 0.6827, utilization 0.4462, perplexity 5331.5250,
Train Epoch: [1/2] Iters:[1320/20018] transplant_loss 2.0170, rec_loss 0.0463, p_loss 0.3715, quant_error 0.6881, utilization 0.4472, perplexity 5377.8503,
Train Epoch: [1/2] Iters:[1330/20018] transplant_loss 2.0135, rec_loss 0.0458, p_loss 0.3706, quant_error 0.6871, utilization 0.4466, perplexity 5363.3875,
Train Epoch: [1/2] Iters:[1340/20018] transplant_loss 2.0136, rec_loss 0.0453, p_loss 0.3688, quant_error 0.6881, utilization 0.4465, perplexity 5352.4458,
Train Epoch: [1/2] Iters:[1350/20018] transplant_loss 2.0158, rec_loss 0.0454, p_loss 0.3691, quant_error 0.6886, utilization 0.4465, perplexity 5339.5954,
Train Epoch: [1/2] Iters:[1360/20018] transplant_loss 2.0053, rec_loss 0.0444, p_loss 0.3676, quant_error 0.6847, utilization 0.4465, perplexity 5330.9054,
Train Epoch: [1/2] Iters:[1370/20018] transplant_loss 2.0026, rec_loss 0.0448, p_loss 0.3668, quant_error 0.6832, utilization 0.4467, perplexity 5312.2803,
Train Epoch: [1/2] Iters:[1380/20018] transplant_loss 2.0043, rec_loss 0.0447, p_loss 0.3679, quant_error 0.6835, utilization 0.4473, perplexity 5331.7603,
Train Epoch: [1/2] Iters:[1390/20018] transplant_loss 2.0032, rec_loss 0.0448, p_loss 0.3681, quant_error 0.6829, utilization 0.4473, perplexity 5344.7200,
Train Epoch: [1/2] Iters:[1400/20018] transplant_loss 2.0042, rec_loss 0.0451, p_loss 0.3684, quant_error 0.6835, utilization 0.4476, perplexity 5341.4510,
Train Epoch: [1/2] Iters:[1410/20018] transplant_loss 2.0194, rec_loss 0.0461, p_loss 0.3696, quant_error 0.6889, utilization 0.4486, perplexity 5372.7171,
Train Epoch: [1/2] Iters:[1420/20018] transplant_loss 2.0110, rec_loss 0.0454, p_loss 0.3694, quant_error 0.6860, utilization 0.4481, perplexity 5368.7637,
Train Epoch: [1/2] Iters:[1430/20018] transplant_loss 2.0055, rec_loss 0.0454, p_loss 0.3685, quant_error 0.6837, utilization 0.4482, perplexity 5369.3732,
Train Epoch: [1/2] Iters:[1440/20018] transplant_loss 2.0098, rec_loss 0.0454, p_loss 0.3695, quant_error 0.6852, utilization 0.4486, perplexity 5367.8358,
Train Epoch: [1/2] Iters:[1450/20018] transplant_loss 2.0041, rec_loss 0.0443, p_loss 0.3684, quant_error 0.6832, utilization 0.4492, perplexity 5395.3223,
Train Epoch: [1/2] Iters:[1460/20018] transplant_loss 2.0033, rec_loss 0.0438, p_loss 0.3683, quant_error 0.6830, utilization 0.4493, perplexity 5398.6025,
Train Epoch: [1/2] Iters:[1470/20018] transplant_loss 2.0055, rec_loss 0.0439, p_loss 0.3677, quant_error 0.6839, utilization 0.4495, perplexity 5399.2466,
Train Epoch: [1/2] Iters:[1480/20018] transplant_loss 2.0085, rec_loss 0.0443, p_loss 0.3677, quant_error 0.6846, utilization 0.4493, perplexity 5386.2420,
Train Epoch: [1/2] Iters:[1490/20018] transplant_loss 2.0040, rec_loss 0.0443, p_loss 0.3674, quant_error 0.6824, utilization 0.4492, perplexity 5387.0961,
Train Epoch: [1/2] Iters:[1500/20018] transplant_loss 2.0016, rec_loss 0.0440, p_loss 0.3672, quant_error 0.6812, utilization 0.4483, perplexity 5346.2759,
Train Epoch: [1/2] Iters:[1510/20018] transplant_loss 2.0006, rec_loss 0.0448, p_loss 0.3684, quant_error 0.6799, utilization 0.4481, perplexity 5339.3651,
Train Epoch: [1/2] Iters:[1520/20018] transplant_loss 1.9984, rec_loss 0.0450, p_loss 0.3687, quant_error 0.6779, utilization 0.4480, perplexity 5341.5215,
Train Epoch: [1/2] Iters:[1530/20018] transplant_loss 1.9991, rec_loss 0.0450, p_loss 0.3693, quant_error 0.6782, utilization 0.4489, perplexity 5366.9359,
Train Epoch: [1/2] Iters:[1540/20018] transplant_loss 2.0012, rec_loss 0.0457, p_loss 0.3696, quant_error 0.6787, utilization 0.4487, perplexity 5357.3399,
Train Epoch: [1/2] Iters:[1550/20018] transplant_loss 2.0023, rec_loss 0.0464, p_loss 0.3699, quant_error 0.6789, utilization 0.4498, perplexity 5404.8512,
Train Epoch: [1/2] Iters:[1560/20018] transplant_loss 1.9986, rec_loss 0.0458, p_loss 0.3686, quant_error 0.6782, utilization 0.4501, perplexity 5411.5291,
Train Epoch: [1/2] Iters:[1570/20018] transplant_loss 1.9994, rec_loss 0.0457, p_loss 0.3697, quant_error 0.6786, utilization 0.4504, perplexity 5417.9064,
Train Epoch: [1/2] Iters:[1580/20018] transplant_loss 1.9947, rec_loss 0.0457, p_loss 0.3682, quant_error 0.6771, utilization 0.4500, perplexity 5416.0224,
Train Epoch: [1/2] Iters:[1590/20018] transplant_loss 1.9915, rec_loss 0.0455, p_loss 0.3669, quant_error 0.6761, utilization 0.4507, perplexity 5423.9809,
Train Epoch: [1/2] Iters:[1600/20018] transplant_loss 1.9939, rec_loss 0.0455, p_loss 0.3683, quant_error 0.6769, utilization 0.4503, perplexity 5398.9799,
Train Epoch: [1/2] Iters:[1610/20018] transplant_loss 1.9918, rec_loss 0.0457, p_loss 0.3673, quant_error 0.6758, utilization 0.4499, perplexity 5377.9974,
Train Epoch: [1/2] Iters:[1620/20018] transplant_loss 1.9974, rec_loss 0.0465, p_loss 0.3667, quant_error 0.6780, utilization 0.4505, perplexity 5379.0866,
Train Epoch: [1/2] Iters:[1630/20018] transplant_loss 1.9995, rec_loss 0.0461, p_loss 0.3672, quant_error 0.6788, utilization 0.4508, perplexity 5390.7057,
Train Epoch: [1/2] Iters:[1640/20018] transplant_loss 1.9993, rec_loss 0.0457, p_loss 0.3676, quant_error 0.6784, utilization 0.4504, perplexity 5379.8442,
Train Epoch: [1/2] Iters:[1650/20018] transplant_loss 1.9976, rec_loss 0.0455, p_loss 0.3653, quant_error 0.6782, utilization 0.4512, perplexity 5400.6864,
Train Epoch: [1/2] Iters:[1660/20018] transplant_loss 1.9920, rec_loss 0.0449, p_loss 0.3648, quant_error 0.6764, utilization 0.4507, perplexity 5391.8368,
Train Epoch: [1/2] Iters:[1670/20018] transplant_loss 1.9957, rec_loss 0.0446, p_loss 0.3663, quant_error 0.6773, utilization 0.4507, perplexity 5405.5408,
Train Epoch: [1/2] Iters:[1680/20018] transplant_loss 1.9975, rec_loss 0.0452, p_loss 0.3660, quant_error 0.6780, utilization 0.4503, perplexity 5373.2646,
Train Epoch: [1/2] Iters:[1690/20018] transplant_loss 1.9979, rec_loss 0.0453, p_loss 0.3668, quant_error 0.6782, utilization 0.4507, perplexity 5390.1449,
Train Epoch: [1/2] Iters:[1700/20018] transplant_loss 1.9979, rec_loss 0.0452, p_loss 0.3669, quant_error 0.6783, utilization 0.4507, perplexity 5392.7030,
Train Epoch: [1/2] Iters:[1710/20018] transplant_loss 1.9992, rec_loss 0.0455, p_loss 0.3669, quant_error 0.6779, utilization 0.4517, perplexity 5419.6067,
Train Epoch: [1/2] Iters:[1720/20018] transplant_loss 1.9897, rec_loss 0.0449, p_loss 0.3648, quant_error 0.6751, utilization 0.4521, perplexity 5441.9484,
Train Epoch: [1/2] Iters:[1730/20018] transplant_loss 1.9899, rec_loss 0.0446, p_loss 0.3653, quant_error 0.6746, utilization 0.4526, perplexity 5459.9285,
Train Epoch: [1/2] Iters:[1740/20018] transplant_loss 1.9943, rec_loss 0.0449, p_loss 0.3654, quant_error 0.6757, utilization 0.4532, perplexity 5475.7052,
Train Epoch: [1/2] Iters:[1750/20018] transplant_loss 1.9971, rec_loss 0.0453, p_loss 0.3663, quant_error 0.6757, utilization 0.4530, perplexity 5457.6031,
Train Epoch: [1/2] Iters:[1760/20018] transplant_loss 2.0009, rec_loss 0.0448, p_loss 0.3669, quant_error 0.6774, utilization 0.4528, perplexity 5458.0978,
Train Epoch: [1/2] Iters:[1770/20018] transplant_loss 2.0049, rec_loss 0.0455, p_loss 0.3682, quant_error 0.6783, utilization 0.4530, perplexity 5456.1210,
Train Epoch: [1/2] Iters:[1780/20018] transplant_loss 2.0023, rec_loss 0.0449, p_loss 0.3669, quant_error 0.6780, utilization 0.4529, perplexity 5453.6695,
Train Epoch: [1/2] Iters:[1790/20018] transplant_loss 1.9988, rec_loss 0.0447, p_loss 0.3661, quant_error 0.6774, utilization 0.4526, perplexity 5447.5117,
Train Epoch: [1/2] Iters:[1800/20018] transplant_loss 1.9974, rec_loss 0.0442, p_loss 0.3667, quant_error 0.6770, utilization 0.4527, perplexity 5463.8875,
Train Epoch: [1/2] Iters:[1810/20018] transplant_loss 1.9984, rec_loss 0.0452, p_loss 0.3670, quant_error 0.6773, utilization 0.4534, perplexity 5474.0655,
Train Epoch: [1/2] Iters:[1820/20018] transplant_loss 1.9906, rec_loss 0.0440, p_loss 0.3655, quant_error 0.6746, utilization 0.4522, perplexity 5427.2221,
Train Epoch: [1/2] Iters:[1830/20018] transplant_loss 1.9902, rec_loss 0.0448, p_loss 0.3669, quant_error 0.6738, utilization 0.4532, perplexity 5462.7110,
Train Epoch: [1/2] Iters:[1840/20018] transplant_loss 1.9868, rec_loss 0.0454, p_loss 0.3667, quant_error 0.6716, utilization 0.4530, perplexity 5459.7670,
Train Epoch: [1/2] Iters:[1850/20018] transplant_loss 1.9883, rec_loss 0.0460, p_loss 0.3663, quant_error 0.6719, utilization 0.4536, perplexity 5448.6655,
Train Epoch: [1/2] Iters:[1860/20018] transplant_loss 1.9869, rec_loss 0.0452, p_loss 0.3652, quant_error 0.6721, utilization 0.4532, perplexity 5426.7001,
Train Epoch: [1/2] Iters:[1870/20018] transplant_loss 1.9938, rec_loss 0.0465, p_loss 0.3671, quant_error 0.6738, utilization 0.4543, perplexity 5466.2450,
Train Epoch: [1/2] Iters:[1880/20018] transplant_loss 1.9946, rec_loss 0.0463, p_loss 0.3665, quant_error 0.6738, utilization 0.4534, perplexity 5435.9808,
Train Epoch: [1/2] Iters:[1890/20018] transplant_loss 1.9943, rec_loss 0.0454, p_loss 0.3666, quant_error 0.6744, utilization 0.4535, perplexity 5429.7434,
Train Epoch: [1/2] Iters:[1900/20018] transplant_loss 1.9918, rec_loss 0.0449, p_loss 0.3657, quant_error 0.6741, utilization 0.4530, perplexity 5432.8061,
Train Epoch: [1/2] Iters:[1910/20018] transplant_loss 1.9964, rec_loss 0.0452, p_loss 0.3672, quant_error 0.6755, utilization 0.4536, perplexity 5457.2700,
Train Epoch: [1/2] Iters:[1920/20018] transplant_loss 1.9922, rec_loss 0.0451, p_loss 0.3652, quant_error 0.6742, utilization 0.4527, perplexity 5427.7719,
Train Epoch: [1/2] Iters:[1930/20018] transplant_loss 1.9912, rec_loss 0.0451, p_loss 0.3648, quant_error 0.6738, utilization 0.4530, perplexity 5446.9008,
Train Epoch: [1/2] Iters:[1940/20018] transplant_loss 1.9909, rec_loss 0.0454, p_loss 0.3646, quant_error 0.6731, utilization 0.4535, perplexity 5462.1323,
Train Epoch: [1/2] Iters:[1950/20018] transplant_loss 1.9899, rec_loss 0.0450, p_loss 0.3641, quant_error 0.6729, utilization 0.4533, perplexity 5450.0561,
Train Epoch: [1/2] Iters:[1960/20018] transplant_loss 1.9877, rec_loss 0.0450, p_loss 0.3639, quant_error 0.6720, utilization 0.4538, perplexity 5470.4012,
Train Epoch: [1/2] Iters:[1970/20018] transplant_loss 1.9936, rec_loss 0.0450, p_loss 0.3653, quant_error 0.6744, utilization 0.4551, perplexity 5509.3294,
Train Epoch: [1/2] Iters:[1980/20018] transplant_loss 1.9944, rec_loss 0.0454, p_loss 0.3664, quant_error 0.6741, utilization 0.4554, perplexity 5503.9229,
Train Epoch: [1/2] Iters:[1990/20018] transplant_loss 1.9984, rec_loss 0.0456, p_loss 0.3667, quant_error 0.6761, utilization 0.4551, perplexity 5499.6614,
Train Epoch: [1/2] Iters:[2000/20018] transplant_loss 2.0034, rec_loss 0.0467, p_loss 0.3676, quant_error 0.6773, utilization 0.4562, perplexity 5530.9732,
Train Epoch: [1/2] Iters:[2010/20018] transplant_loss 2.0065, rec_loss 0.0471, p_loss 0.3677, quant_error 0.6773, utilization 0.4551, perplexity 5484.8977,
Train Epoch: [1/2] Iters:[2020/20018] transplant_loss 2.0001, rec_loss 0.0464, p_loss 0.3655, quant_error 0.6755, utilization 0.4540, perplexity 5445.3863,
Train Epoch: [1/2] Iters:[2030/20018] transplant_loss 1.9996, rec_loss 0.0462, p_loss 0.3651, quant_error 0.6749, utilization 0.4535, perplexity 5448.9593,
Train Epoch: [1/2] Iters:[2040/20018] transplant_loss 1.9944, rec_loss 0.0454, p_loss 0.3638, quant_error 0.6733, utilization 0.4533, perplexity 5423.5954,
Train Epoch: [1/2] Iters:[2050/20018] transplant_loss 1.9943, rec_loss 0.0453, p_loss 0.3655, quant_error 0.6730, utilization 0.4528, perplexity 5430.6145,
Train Epoch: [1/2] Iters:[2060/20018] transplant_loss 1.9866, rec_loss 0.0445, p_loss 0.3639, quant_error 0.6714, utilization 0.4530, perplexity 5444.1337,
Train Epoch: [1/2] Iters:[2070/20018] transplant_loss 1.9834, rec_loss 0.0446, p_loss 0.3651, quant_error 0.6695, utilization 0.4531, perplexity 5445.7871,
Train Epoch: [1/2] Iters:[2080/20018] transplant_loss 1.9835, rec_loss 0.0446, p_loss 0.3641, quant_error 0.6701, utilization 0.4536, perplexity 5445.0106,
Train Epoch: [1/2] Iters:[2090/20018] transplant_loss 1.9868, rec_loss 0.0454, p_loss 0.3652, quant_error 0.6705, utilization 0.4539, perplexity 5464.9457,
Train Epoch: [1/2] Iters:[2100/20018] transplant_loss 1.9841, rec_loss 0.0455, p_loss 0.3636, quant_error 0.6694, utilization 0.4536, perplexity 5431.9794,
Train Epoch: [1/2] Iters:[2110/20018] transplant_loss 1.9902, rec_loss 0.0466, p_loss 0.3641, quant_error 0.6703, utilization 0.4542, perplexity 5444.4132,
Train Epoch: [1/2] Iters:[2120/20018] transplant_loss 1.9957, rec_loss 0.0469, p_loss 0.3651, quant_error 0.6722, utilization 0.4551, perplexity 5481.8338,
Train Epoch: [1/2] Iters:[2130/20018] transplant_loss 1.9917, rec_loss 0.0464, p_loss 0.3649, quant_error 0.6711, utilization 0.4550, perplexity 5471.7400,
Train Epoch: [1/2] Iters:[2140/20018] transplant_loss 1.9925, rec_loss 0.0461, p_loss 0.3650, quant_error 0.6719, utilization 0.4557, perplexity 5493.6998,
Train Epoch: [1/2] Iters:[2150/20018] transplant_loss 1.9845, rec_loss 0.0455, p_loss 0.3638, quant_error 0.6691, utilization 0.4554, perplexity 5486.7080,
Train Epoch: [1/2] Iters:[2160/20018] transplant_loss 1.9867, rec_loss 0.0450, p_loss 0.3641, quant_error 0.6707, utilization 0.4555, perplexity 5487.5423,
Train Epoch: [1/2] Iters:[2170/20018] transplant_loss 1.9834, rec_loss 0.0449, p_loss 0.3630, quant_error 0.6694, utilization 0.4552, perplexity 5484.7444,
Train Epoch: [1/2] Iters:[2180/20018] transplant_loss 1.9859, rec_loss 0.0451, p_loss 0.3631, quant_error 0.6705, utilization 0.4551, perplexity 5481.5207,
Train Epoch: [1/2] Iters:[2190/20018] transplant_loss 1.9820, rec_loss 0.0448, p_loss 0.3619, quant_error 0.6687, utilization 0.4545, perplexity 5459.2141,
Train Epoch: [1/2] Iters:[2200/20018] transplant_loss 1.9899, rec_loss 0.0450, p_loss 0.3630, quant_error 0.6719, utilization 0.4555, perplexity 5487.6476,
Train Epoch: [1/2] Iters:[2210/20018] transplant_loss 1.9785, rec_loss 0.0442, p_loss 0.3608, quant_error 0.6681, utilization 0.4546, perplexity 5467.9129,
Train Epoch: [1/2] Iters:[2220/20018] transplant_loss 1.9816, rec_loss 0.0438, p_loss 0.3603, quant_error 0.6697, utilization 0.4541, perplexity 5435.3621,
Train Epoch: [1/2] Iters:[2230/20018] transplant_loss 1.9784, rec_loss 0.0434, p_loss 0.3606, quant_error 0.6684, utilization 0.4545, perplexity 5452.1948,
Train Epoch: [1/2] Iters:[2240/20018] transplant_loss 1.9790, rec_loss 0.0443, p_loss 0.3616, quant_error 0.6684, utilization 0.4549, perplexity 5456.5870,
Train Epoch: [1/2] Iters:[2250/20018] transplant_loss 1.9751, rec_loss 0.0442, p_loss 0.3619, quant_error 0.6661, utilization 0.4551, perplexity 5457.3506,
Train Epoch: [1/2] Iters:[2260/20018] transplant_loss 1.9834, rec_loss 0.0452, p_loss 0.3637, quant_error 0.6680, utilization 0.4561, perplexity 5484.4856,
Train Epoch: [1/2] Iters:[2270/20018] transplant_loss 1.9828, rec_loss 0.0454, p_loss 0.3638, quant_error 0.6674, utilization 0.4572, perplexity 5515.5501,
Train Epoch: [1/2] Iters:[2280/20018] transplant_loss 1.9842, rec_loss 0.0457, p_loss 0.3640, quant_error 0.6672, utilization 0.4576, perplexity 5519.8917,
Train Epoch: [1/2] Iters:[2290/20018] transplant_loss 1.9813, rec_loss 0.0451, p_loss 0.3632, quant_error 0.6665, utilization 0.4569, perplexity 5508.8968,
Train Epoch: [1/2] Iters:[2300/20018] transplant_loss 1.9790, rec_loss 0.0449, p_loss 0.3624, quant_error 0.6661, utilization 0.4562, perplexity 5492.2767,
Train Epoch: [1/2] Iters:[2310/20018] transplant_loss 1.9702, rec_loss 0.0439, p_loss 0.3611, quant_error 0.6640, utilization 0.4559, perplexity 5471.5209,
Train Epoch: [1/2] Iters:[2320/20018] transplant_loss 1.9674, rec_loss 0.0439, p_loss 0.3597, quant_error 0.6630, utilization 0.4543, perplexity 5420.6371,
Train Epoch: [1/2] Iters:[2330/20018] transplant_loss 1.9636, rec_loss 0.0436, p_loss 0.3592, quant_error 0.6617, utilization 0.4531, perplexity 5393.0432,
Train Epoch: [1/2] Iters:[2340/20018] transplant_loss 1.9633, rec_loss 0.0432, p_loss 0.3582, quant_error 0.6613, utilization 0.4526, perplexity 5374.8103,
Train Epoch: [1/2] Iters:[2350/20018] transplant_loss 1.9648, rec_loss 0.0432, p_loss 0.3587, quant_error 0.6616, utilization 0.4532, perplexity 5397.5634,
Train Epoch: [1/2] Iters:[2360/20018] transplant_loss 1.9682, rec_loss 0.0440, p_loss 0.3594, quant_error 0.6620, utilization 0.4532, perplexity 5393.3257,
Train Epoch: [1/2] Iters:[2370/20018] transplant_loss 1.9681, rec_loss 0.0447, p_loss 0.3617, quant_error 0.6611, utilization 0.4542, perplexity 5420.4490,
Train Epoch: [1/2] Iters:[2380/20018] transplant_loss 1.9746, rec_loss 0.0449, p_loss 0.3621, quant_error 0.6631, utilization 0.4543, perplexity 5418.1400,
Train Epoch: [1/2] Iters:[2390/20018] transplant_loss 1.9736, rec_loss 0.0452, p_loss 0.3622, quant_error 0.6630, utilization 0.4553, perplexity 5434.7523,
Train Epoch: [1/2] Iters:[2400/20018] transplant_loss 1.9684, rec_loss 0.0447, p_loss 0.3606, quant_error 0.6616, utilization 0.4541, perplexity 5381.0930,
Train Epoch: [1/2] Iters:[2410/20018] transplant_loss 1.9645, rec_loss 0.0442, p_loss 0.3611, quant_error 0.6610, utilization 0.4541, perplexity 5398.4867,
Train Epoch: [1/2] Iters:[2420/20018] transplant_loss 1.9715, rec_loss 0.0440, p_loss 0.3611, quant_error 0.6639, utilization 0.4548, perplexity 5432.9634,
Train Epoch: [1/2] Iters:[2430/20018] transplant_loss 1.9694, rec_loss 0.0443, p_loss 0.3610, quant_error 0.6634, utilization 0.4549, perplexity 5420.5064,
Train Epoch: [1/2] Iters:[2440/20018] transplant_loss 1.9694, rec_loss 0.0445, p_loss 0.3613, quant_error 0.6632, utilization 0.4549, perplexity 5429.5360,
Train Epoch: [1/2] Iters:[2450/20018] transplant_loss 1.9756, rec_loss 0.0448, p_loss 0.3619, quant_error 0.6655, utilization 0.4562, perplexity 5468.7079,
Train Epoch: [1/2] Iters:[2460/20018] transplant_loss 1.9768, rec_loss 0.0447, p_loss 0.3611, quant_error 0.6651, utilization 0.4565, perplexity 5467.9384,
Train Epoch: [1/2] Iters:[2470/20018] transplant_loss 1.9686, rec_loss 0.0447, p_loss 0.3605, quant_error 0.6618, utilization 0.4561, perplexity 5448.2833,
Train Epoch: [1/2] Iters:[2480/20018] transplant_loss 1.9696, rec_loss 0.0448, p_loss 0.3609, quant_error 0.6623, utilization 0.4571, perplexity 5492.0440,
Train Epoch: [1/2] Iters:[2490/20018] transplant_loss 1.9703, rec_loss 0.0444, p_loss 0.3611, quant_error 0.6624, utilization 0.4572, perplexity 5498.3744,
Train Epoch: [1/2] Iters:[2500/20018] transplant_loss 1.9681, rec_loss 0.0448, p_loss 0.3607, quant_error 0.6607, utilization 0.4576, perplexity 5523.7131,
Train Epoch: [1/2] Iters:[2510/20018] transplant_loss 1.9730, rec_loss 0.0452, p_loss 0.3620, quant_error 0.6626, utilization 0.4580, perplexity 5534.3081,
Train Epoch: [1/2] Iters:[2520/20018] transplant_loss 1.9726, rec_loss 0.0447, p_loss 0.3612, quant_error 0.6631, utilization 0.4584, perplexity 5532.4277,
Train Epoch: [1/2] Iters:[2530/20018] transplant_loss 1.9671, rec_loss 0.0440, p_loss 0.3603, quant_error 0.6607, utilization 0.4578, perplexity 5505.3512,
Train Epoch: [1/2] Iters:[2540/20018] transplant_loss 1.9678, rec_loss 0.0447, p_loss 0.3612, quant_error 0.6598, utilization 0.4570, perplexity 5476.1405,
Train Epoch: [1/2] Iters:[2550/20018] transplant_loss 1.9661, rec_loss 0.0441, p_loss 0.3614, quant_error 0.6601, utilization 0.4570, perplexity 5459.2797,
Train Epoch: [1/2] Iters:[2560/20018] transplant_loss 1.9596, rec_loss 0.0438, p_loss 0.3605, quant_error 0.6578, utilization 0.4567, perplexity 5450.4328,
Train Epoch: [1/2] Iters:[2570/20018] transplant_loss 1.9586, rec_loss 0.0441, p_loss 0.3597, quant_error 0.6573, utilization 0.4564, perplexity 5444.8210,
Train Epoch: [1/2] Iters:[2580/20018] transplant_loss 1.9560, rec_loss 0.0438, p_loss 0.3585, quant_error 0.6568, utilization 0.4567, perplexity 5459.5147,
Train Epoch: [1/2] Iters:[2590/20018] transplant_loss 1.9608, rec_loss 0.0434, p_loss 0.3585, quant_error 0.6597, utilization 0.4582, perplexity 5518.1113,
Train Epoch: [1/2] Iters:[2600/20018] transplant_loss 1.9624, rec_loss 0.0436, p_loss 0.3584, quant_error 0.6595, utilization 0.4582, perplexity 5537.0652,
Train Epoch: [1/2] Iters:[2610/20018] transplant_loss 1.9616, rec_loss 0.0432, p_loss 0.3577, quant_error 0.6593, utilization 0.4581, perplexity 5525.2605,
Train Epoch: [1/2] Iters:[2620/20018] transplant_loss 1.9622, rec_loss 0.0428, p_loss 0.3582, quant_error 0.6599, utilization 0.4582, perplexity 5532.5825,
Train Epoch: [1/2] Iters:[2630/20018] transplant_loss 1.9685, rec_loss 0.0432, p_loss 0.3584, quant_error 0.6623, utilization 0.4583, perplexity 5535.4245,
Train Epoch: [1/2] Iters:[2640/20018] transplant_loss 1.9637, rec_loss 0.0433, p_loss 0.3582, quant_error 0.6601, utilization 0.4580, perplexity 5517.4147,
Train Epoch: [1/2] Iters:[2650/20018] transplant_loss 1.9648, rec_loss 0.0432, p_loss 0.3581, quant_error 0.6611, utilization 0.4585, perplexity 5516.9746,
Train Epoch: [1/2] Iters:[2660/20018] transplant_loss 1.9667, rec_loss 0.0437, p_loss 0.3586, quant_error 0.6616, utilization 0.4580, perplexity 5515.3804,
Train Epoch: [1/2] Iters:[2670/20018] transplant_loss 1.9688, rec_loss 0.0441, p_loss 0.3595, quant_error 0.6616, utilization 0.4577, perplexity 5516.0703,
Train Epoch: [1/2] Iters:[2680/20018] transplant_loss 1.9696, rec_loss 0.0440, p_loss 0.3599, quant_error 0.6622, utilization 0.4574, perplexity 5509.1651,
Train Epoch: [1/2] Iters:[2690/20018] transplant_loss 1.9725, rec_loss 0.0439, p_loss 0.3591, quant_error 0.6637, utilization 0.4575, perplexity 5503.5659,
Train Epoch: [1/2] Iters:[2700/20018] transplant_loss 1.9676, rec_loss 0.0438, p_loss 0.3587, quant_error 0.6618, utilization 0.4564, perplexity 5481.7715,
Train Epoch: [1/2] Iters:[2710/20018] transplant_loss 1.9624, rec_loss 0.0437, p_loss 0.3583, quant_error 0.6596, utilization 0.4564, perplexity 5476.4466,
Train Epoch: [1/2] Iters:[2720/20018] transplant_loss 1.9585, rec_loss 0.0435, p_loss 0.3573, quant_error 0.6581, utilization 0.4561, perplexity 5454.1222,
Train Epoch: [1/2] Iters:[2730/20018] transplant_loss 1.9562, rec_loss 0.0435, p_loss 0.3576, quant_error 0.6572, utilization 0.4566, perplexity 5462.9988,
Train Epoch: [1/2] Iters:[2740/20018] transplant_loss 1.9580, rec_loss 0.0436, p_loss 0.3588, quant_error 0.6571, utilization 0.4566, perplexity 5475.8016,
Train Epoch: [1/2] Iters:[2750/20018] transplant_loss 1.9646, rec_loss 0.0445, p_loss 0.3609, quant_error 0.6589, utilization 0.4576, perplexity 5496.2287,
Train Epoch: [1/2] Iters:[2760/20018] transplant_loss 1.9706, rec_loss 0.0446, p_loss 0.3615, quant_error 0.6609, utilization 0.4588, perplexity 5541.1177,
Train Epoch: [1/2] Iters:[2770/20018] transplant_loss 1.9685, rec_loss 0.0442, p_loss 0.3603, quant_error 0.6607, utilization 0.4591, perplexity 5552.1184,
Train Epoch: [1/2] Iters:[2780/20018] transplant_loss 1.9692, rec_loss 0.0444, p_loss 0.3607, quant_error 0.6602, utilization 0.4595, perplexity 5567.0226,
Train Epoch: [1/2] Iters:[2790/20018] transplant_loss 1.9609, rec_loss 0.0438, p_loss 0.3585, quant_error 0.6580, utilization 0.4591, perplexity 5541.3637,
Train Epoch: [1/2] Iters:[2800/20018] transplant_loss 1.9574, rec_loss 0.0434, p_loss 0.3571, quant_error 0.6563, utilization 0.4592, perplexity 5540.3324,
Train Epoch: [1/2] Iters:[2810/20018] transplant_loss 1.9550, rec_loss 0.0432, p_loss 0.3561, quant_error 0.6561, utilization 0.4589, perplexity 5515.2991,
Train Epoch: [1/2] Iters:[2820/20018] transplant_loss 1.9584, rec_loss 0.0437, p_loss 0.3574, quant_error 0.6568, utilization 0.4596, perplexity 5534.2621,
Train Epoch: [1/2] Iters:[2830/20018] transplant_loss 1.9554, rec_loss 0.0437, p_loss 0.3571, quant_error 0.6560, utilization 0.4591, perplexity 5510.7849,
Train Epoch: [1/2] Iters:[2840/20018] transplant_loss 1.9640, rec_loss 0.0452, p_loss 0.3594, quant_error 0.6582, utilization 0.4606, perplexity 5548.9034,
Train Epoch: [1/2] Iters:[2850/20018] transplant_loss 1.9641, rec_loss 0.0449, p_loss 0.3576, quant_error 0.6592, utilization 0.4605, perplexity 5520.5992,
Train Epoch: [1/2] Iters:[2860/20018] transplant_loss 1.9645, rec_loss 0.0451, p_loss 0.3591, quant_error 0.6584, utilization 0.4607, perplexity 5539.5251,
Train Epoch: [1/2] Iters:[2870/20018] transplant_loss 1.9666, rec_loss 0.0453, p_loss 0.3603, quant_error 0.6590, utilization 0.4618, perplexity 5567.0871,
Train Epoch: [1/2] Iters:[2880/20018] transplant_loss 1.9670, rec_loss 0.0449, p_loss 0.3592, quant_error 0.6593, utilization 0.4618, perplexity 5576.1195,
Train Epoch: [1/2] Iters:[2890/20018] transplant_loss 1.9644, rec_loss 0.0442, p_loss 0.3579, quant_error 0.6584, utilization 0.4612, perplexity 5564.8453,
Train Epoch: [1/2] Iters:[2900/20018] transplant_loss 1.9581, rec_loss 0.0441, p_loss 0.3590, quant_error 0.6555, utilization 0.4611, perplexity 5577.3300,
Train Epoch: [1/2] Iters:[2910/20018] transplant_loss 1.9621, rec_loss 0.0438, p_loss 0.3582, quant_error 0.6578, utilization 0.4613, perplexity 5570.6414,
Train Epoch: [1/2] Iters:[2920/20018] transplant_loss 1.9635, rec_loss 0.0441, p_loss 0.3588, quant_error 0.6578, utilization 0.4605, perplexity 5558.1249,
Train Epoch: [1/2] Iters:[2930/20018] transplant_loss 1.9633, rec_loss 0.0446, p_loss 0.3589, quant_error 0.6580, utilization 0.4608, perplexity 5554.6119,
Train Epoch: [1/2] Iters:[2940/20018] transplant_loss 1.9581, rec_loss 0.0440, p_loss 0.3592, quant_error 0.6560, utilization 0.4606, perplexity 5552.3339,
Train Epoch: [1/2] Iters:[2950/20018] transplant_loss 1.9657, rec_loss 0.0447, p_loss 0.3592, quant_error 0.6591, utilization 0.4611, perplexity 5562.4641,
Train Epoch: [1/2] Iters:[2960/20018] transplant_loss 1.9628, rec_loss 0.0452, p_loss 0.3587, quant_error 0.6572, utilization 0.4603, perplexity 5541.7242,
Train Epoch: [1/2] Iters:[2970/20018] transplant_loss 1.9559, rec_loss 0.0444, p_loss 0.3560, quant_error 0.6554, utilization 0.4593, perplexity 5513.3557,
Train Epoch: [1/2] Iters:[2980/20018] transplant_loss 1.9613, rec_loss 0.0448, p_loss 0.3578, quant_error 0.6566, utilization 0.4600, perplexity 5548.8103,
Train Epoch: [1/2] Iters:[2990/20018] transplant_loss 1.9637, rec_loss 0.0454, p_loss 0.3570, quant_error 0.6579, utilization 0.4602, perplexity 5526.0602,
Train Epoch: [1/2] Iters:[3000/20018] transplant_loss 1.9627, rec_loss 0.0451, p_loss 0.3569, quant_error 0.6574, utilization 0.4607, perplexity 5535.3699,
Train Epoch: [1/2] Iters:[3010/20018] transplant_loss 1.9657, rec_loss 0.0449, p_loss 0.3576, quant_error 0.6591, utilization 0.4618, perplexity 5572.4748,
Train Epoch: [1/2] Iters:[3020/20018] transplant_loss 1.9689, rec_loss 0.0455, p_loss 0.3581, quant_error 0.6599, utilization 0.4630, perplexity 5584.7147,
Train Epoch: [1/2] Iters:[3030/20018] transplant_loss 1.9654, rec_loss 0.0450, p_loss 0.3582, quant_error 0.6583, utilization 0.4625, perplexity 5558.3032,
Train Epoch: [1/2] Iters:[3040/20018] transplant_loss 1.9637, rec_loss 0.0453, p_loss 0.3588, quant_error 0.6571, utilization 0.4624, perplexity 5577.9491,
Train Epoch: [1/2] Iters:[3050/20018] transplant_loss 1.9682, rec_loss 0.0458, p_loss 0.3605, quant_error 0.6579, utilization 0.4626, perplexity 5590.8423,
Train Epoch: [1/2] Iters:[3060/20018] transplant_loss 1.9676, rec_loss 0.0460, p_loss 0.3605, quant_error 0.6575, utilization 0.4620, perplexity 5569.7518,
Train Epoch: [1/2] Iters:[3070/20018] transplant_loss 1.9657, rec_loss 0.0453, p_loss 0.3613, quant_error 0.6569, utilization 0.4625, perplexity 5595.8850,
Train Epoch: [1/2] Iters:[3080/20018] transplant_loss 1.9656, rec_loss 0.0449, p_loss 0.3599, quant_error 0.6579, utilization 0.4630, perplexity 5610.0611,
Train Epoch: [1/2] Iters:[3090/20018] transplant_loss 1.9693, rec_loss 0.0450, p_loss 0.3618, quant_error 0.6583, utilization 0.4639, perplexity 5639.0909,
Train Epoch: [1/2] Iters:[3100/20018] transplant_loss 1.9598, rec_loss 0.0440, p_loss 0.3595, quant_error 0.6558, utilization 0.4634, perplexity 5620.0664,
Train Epoch: [1/2] Iters:[3110/20018] transplant_loss 1.9598, rec_loss 0.0437, p_loss 0.3590, quant_error 0.6556, utilization 0.4643, perplexity 5644.1650,
Train Epoch: [1/2] Iters:[3120/20018] transplant_loss 1.9610, rec_loss 0.0438, p_loss 0.3582, quant_error 0.6561, utilization 0.4637, perplexity 5626.8519,
Train Epoch: [1/2] Iters:[3130/20018] transplant_loss 1.9531, rec_loss 0.0437, p_loss 0.3568, quant_error 0.6530, utilization 0.4623, perplexity 5594.5134,
Train Epoch: [1/2] Iters:[3140/20018] transplant_loss 1.9517, rec_loss 0.0431, p_loss 0.3549, quant_error 0.6536, utilization 0.4620, perplexity 5590.6710,
Train Epoch: [1/2] Iters:[3150/20018] transplant_loss 1.9599, rec_loss 0.0441, p_loss 0.3566, quant_error 0.6559, utilization 0.4628, perplexity 5623.3194,
Train Epoch: [1/2] Iters:[3160/20018] transplant_loss 1.9560, rec_loss 0.0442, p_loss 0.3560, quant_error 0.6544, utilization 0.4621, perplexity 5599.4181,
Train Epoch: [1/2] Iters:[3170/20018] transplant_loss 1.9578, rec_loss 0.0443, p_loss 0.3567, quant_error 0.6548, utilization 0.4627, perplexity 5616.3177,
Train Epoch: [1/2] Iters:[3180/20018] transplant_loss 1.9590, rec_loss 0.0442, p_loss 0.3577, quant_error 0.6553, utilization 0.4636, perplexity 5623.6823,
Train Epoch: [1/2] Iters:[3190/20018] transplant_loss 1.9576, rec_loss 0.0447, p_loss 0.3592, quant_error 0.6542, utilization 0.4636, perplexity 5596.5851,
Train Epoch: [1/2] Iters:[3200/20018] transplant_loss 1.9573, rec_loss 0.0444, p_loss 0.3588, quant_error 0.6543, utilization 0.4635, perplexity 5581.4919,
Train Epoch: [1/2] Iters:[3210/20018] transplant_loss 1.9641, rec_loss 0.0446, p_loss 0.3615, quant_error 0.6566, utilization 0.4642, perplexity 5600.5692,
Train Epoch: [1/2] Iters:[3220/20018] transplant_loss 1.9660, rec_loss 0.0454, p_loss 0.3608, quant_error 0.6575, utilization 0.4632, perplexity 5556.0746,
Train Epoch: [1/2] Iters:[3230/20018] transplant_loss 1.9659, rec_loss 0.0456, p_loss 0.3607, quant_error 0.6567, utilization 0.4627, perplexity 5559.8665,
Train Epoch: [1/2] Iters:[3240/20018] transplant_loss 1.9699, rec_loss 0.0456, p_loss 0.3605, quant_error 0.6582, utilization 0.4623, perplexity 5559.0624,
Train Epoch: [1/2] Iters:[3250/20018] transplant_loss 1.9614, rec_loss 0.0449, p_loss 0.3592, quant_error 0.6551, utilization 0.4613, perplexity 5524.5990,
Train Epoch: [1/2] Iters:[3260/20018] transplant_loss 1.9572, rec_loss 0.0447, p_loss 0.3580, quant_error 0.6539, utilization 0.4618, perplexity 5524.0780,
Train Epoch: [1/2] Iters:[3270/20018] transplant_loss 1.9505, rec_loss 0.0442, p_loss 0.3575, quant_error 0.6515, utilization 0.4622, perplexity 5540.2795,
Train Epoch: [1/2] Iters:[3280/20018] transplant_loss 1.9480, rec_loss 0.0449, p_loss 0.3576, quant_error 0.6505, utilization 0.4629, perplexity 5543.4563,
