dataset_dir: /datasets/
dataset_name: ImageNet
global_batch_size: 128
workers: 6
resolution: 256
channels: 3
ms_patch_size: 1_2_3_4_5_6_8_10_13_16
importance: (1, 1, 1, 2, 2, 2, 3, 3, 5, 5)
max_patch_size: 16
codebook_size: 4096
codebook_dim: 16
project_dim: 16
pq: 1
L: 4
alpha: 1.0
beta: 0.2
gamma: 1.0
disc_weight: 0.2
lecam_loss_weight: 0.001
disc_cr_loss_weight: 4.0
VQ: mmd_vq
use_multiscale: True
transplant_epochs: 2
refinement_epochs: 5
eval_epochs: 1
lr_transplant: 0.0001
lr_refinement: 1e-05
dropout: 0.0
seed: 3407
weight_decay: 0.0001
stage: transplant
checkpoint_dir: /project/6105494/sunset/VQ-Projects/VQ-Transplant/checkpoint/Transplant/ImageNet
results_dir: /project/6105494/sunset/VQ-Projects/VQ-Transplant/results/Transplant/ImageNet
saver_dir: /project/6105494/sunset/VQ-Projects/VQ-Transplant/saver/Transplant/ImageNet
reconstruction_dir: /project/6105494/sunset/VQ-Projects/VQ-Transplant/reconstruction/Transplant/ImageNet
yaml_dir: /project/6105494/sunset/VQ-Projects/VQ-Transplant/yaml/Transplant/ImageNet
pretrained_tokenizer: /project/6105494/sunset/VQ-Projects/VQ-Transplant/pretrained_tokenizer/model.ckpt
checkpoint_name: 
nnodes: -1
node_rank: -1
local_rank: 0
dist_url: tcp://224.66.41.62:23456
dist_backend: nccl
world_size: 2
batch_size: 64
ms_token_size: (1, 2, 3, 4, 5, 6, 8, 10, 13, 16)
init_checkpoint_dir: /project/6105494/sunset/VQ-Projects/VQ-Transplant/checkpoint/
data_pre: ImageNet
model_pre: model_4096_16_1
loss_pre: loss_1.0_0.2_1.0_0.2
training_pre: mmd_vq_transplant_True
saver_name_pre: mmd_vq_transplant_True_ImageNet_model_4096_16_1_loss_1.0_0.2_1.0_0.2
| distributed init (rank 0): env://
| distributed init (rank 1): env://
making attention of type 'vanilla' with 512 in_channels
making attention of type 'vanilla' with 512 in_channels
making attention of type 'vanilla' with 512 in_channels
Working with z of shape (1, 16, 16, 16) = 4096 dimensions.
making attention of type 'vanilla' with 512 in_channels
making attention of type 'vanilla' with 512 in_channels
making attention of type 'vanilla' with 512 in_channels
making attention of type 'vanilla' with 512 in_channels
VQ Model Parameters: 69609635
dataset name: ImageNet
len train_set: 1281167
len val_set: 50000
Start training...
epoch:1, cur_lr:0.000100
Train Epoch: [1/2] Iters:[10/10009] transplant_loss 12.8446, rec_loss 0.2008, quant_error 9.4406, utilization 0.0893, perplexity 97.6676,
Train Epoch: [1/2] Iters:[20/10009] transplant_loss 15.0225, rec_loss 0.1689, quant_error 8.4440, utilization 0.0622, perplexity 79.1638,
Train Epoch: [1/2] Iters:[30/10009] transplant_loss 15.2497, rec_loss 0.1528, quant_error 7.8404, utilization 0.0544, perplexity 81.5956,
Train Epoch: [1/2] Iters:[40/10009] transplant_loss 14.4417, rec_loss 0.1415, quant_error 7.3562, utilization 0.0518, perplexity 87.5088,
Train Epoch: [1/2] Iters:[50/10009] transplant_loss 13.2335, rec_loss 0.1320, quant_error 6.9075, utilization 0.0514, perplexity 93.5426,
Train Epoch: [1/2] Iters:[60/10009] transplant_loss 12.1537, rec_loss 0.1099, quant_error 5.9273, utilization 0.0459, perplexity 99.3564,
Train Epoch: [1/2] Iters:[70/10009] transplant_loss 10.1696, rec_loss 0.0989, quant_error 5.2365, utilization 0.0532, perplexity 115.8878,
Train Epoch: [1/2] Iters:[80/10009] transplant_loss 8.6693, rec_loss 0.0914, quant_error 4.6592, utilization 0.0624, perplexity 131.3926,
Train Epoch: [1/2] Iters:[90/10009] transplant_loss 8.0871, rec_loss 0.0855, quant_error 4.1701, utilization 0.0728, perplexity 147.9635,
Train Epoch: [1/2] Iters:[100/10009] transplant_loss 8.3565, rec_loss 0.0815, quant_error 3.7925, utilization 0.0852, perplexity 166.8314,
Train Epoch: [1/2] Iters:[110/10009] transplant_loss 8.9467, rec_loss 0.0784, quant_error 3.5116, utilization 0.0996, perplexity 190.2208,
Train Epoch: [1/2] Iters:[120/10009] transplant_loss 9.6570, rec_loss 0.0768, quant_error 3.3050, utilization 0.1158, perplexity 216.6909,
Train Epoch: [1/2] Iters:[130/10009] transplant_loss 10.2811, rec_loss 0.0739, quant_error 3.1204, utilization 0.1350, perplexity 246.9545,
Train Epoch: [1/2] Iters:[140/10009] transplant_loss 10.8796, rec_loss 0.0722, quant_error 2.9808, utilization 0.1582, perplexity 281.2328,
Train Epoch: [1/2] Iters:[150/10009] transplant_loss 11.3892, rec_loss 0.0714, quant_error 2.8715, utilization 0.1853, perplexity 320.2045,
Train Epoch: [1/2] Iters:[160/10009] transplant_loss 11.8638, rec_loss 0.0698, quant_error 2.7530, utilization 0.2140, perplexity 362.6935,
Train Epoch: [1/2] Iters:[170/10009] transplant_loss 12.3496, rec_loss 0.0685, quant_error 2.6670, utilization 0.2468, perplexity 411.5458,
Train Epoch: [1/2] Iters:[180/10009] transplant_loss 12.8646, rec_loss 0.0679, quant_error 2.6003, utilization 0.2832, perplexity 465.5269,
Train Epoch: [1/2] Iters:[190/10009] transplant_loss 13.3335, rec_loss 0.0678, quant_error 2.5396, utilization 0.3246, perplexity 525.3181,
Train Epoch: [1/2] Iters:[200/10009] transplant_loss 13.7800, rec_loss 0.0670, quant_error 2.4861, utilization 0.3763, perplexity 592.7377,
Train Epoch: [1/2] Iters:[210/10009] transplant_loss 14.1317, rec_loss 0.0660, quant_error 2.4466, utilization 0.4464, perplexity 669.6712,
Train Epoch: [1/2] Iters:[220/10009] transplant_loss 14.5190, rec_loss 0.0656, quant_error 2.4041, utilization 0.5385, perplexity 759.0920,
Train Epoch: [1/2] Iters:[230/10009] transplant_loss 14.6883, rec_loss 0.0647, quant_error 2.3504, utilization 0.6388, perplexity 862.1544,
Train Epoch: [1/2] Iters:[240/10009] transplant_loss 14.8286, rec_loss 0.0629, quant_error 2.3012, utilization 0.7384, perplexity 978.3271,
Train Epoch: [1/2] Iters:[250/10009] transplant_loss 14.9327, rec_loss 0.0617, quant_error 2.2508, utilization 0.8272, perplexity 1110.5011,
Train Epoch: [1/2] Iters:[260/10009] transplant_loss 15.0381, rec_loss 0.0613, quant_error 2.2027, utilization 0.8957, perplexity 1254.5738,
Train Epoch: [1/2] Iters:[270/10009] transplant_loss 15.0036, rec_loss 0.0609, quant_error 2.1546, utilization 0.9365, perplexity 1407.1286,
Train Epoch: [1/2] Iters:[280/10009] transplant_loss 15.0160, rec_loss 0.0604, quant_error 2.1170, utilization 0.9614, perplexity 1566.1459,
Train Epoch: [1/2] Iters:[290/10009] transplant_loss 14.9913, rec_loss 0.0598, quant_error 2.0758, utilization 0.9768, perplexity 1735.2782,
Train Epoch: [1/2] Iters:[300/10009] transplant_loss 14.9255, rec_loss 0.0598, quant_error 2.0451, utilization 0.9859, perplexity 1901.9787,
Train Epoch: [1/2] Iters:[310/10009] transplant_loss 14.8402, rec_loss 0.0593, quant_error 2.0154, utilization 0.9913, perplexity 2071.1403,
Train Epoch: [1/2] Iters:[320/10009] transplant_loss 14.7313, rec_loss 0.0579, quant_error 1.9819, utilization 0.9950, perplexity 2241.3168,
Train Epoch: [1/2] Iters:[330/10009] transplant_loss 14.6049, rec_loss 0.0573, quant_error 1.9464, utilization 0.9971, perplexity 2411.2457,
Train Epoch: [1/2] Iters:[340/10009] transplant_loss 14.4059, rec_loss 0.0568, quant_error 1.9214, utilization 0.9983, perplexity 2571.9694,
Train Epoch: [1/2] Iters:[350/10009] transplant_loss 14.2201, rec_loss 0.0564, quant_error 1.8951, utilization 0.9991, perplexity 2727.3196,
Train Epoch: [1/2] Iters:[360/10009] transplant_loss 14.0079, rec_loss 0.0555, quant_error 1.8634, utilization 0.9996, perplexity 2871.7864,
Train Epoch: [1/2] Iters:[370/10009] transplant_loss 13.7790, rec_loss 0.0557, quant_error 1.8373, utilization 0.9998, perplexity 3002.1280,
Train Epoch: [1/2] Iters:[380/10009] transplant_loss 13.5428, rec_loss 0.0550, quant_error 1.8135, utilization 0.9999, perplexity 3114.4204,
Train Epoch: [1/2] Iters:[390/10009] transplant_loss 13.2696, rec_loss 0.0543, quant_error 1.7774, utilization 0.9999, perplexity 3211.9197,
Train Epoch: [1/2] Iters:[400/10009] transplant_loss 13.0368, rec_loss 0.0536, quant_error 1.7428, utilization 1.0000, perplexity 3289.8690,
Train Epoch: [1/2] Iters:[410/10009] transplant_loss 12.8248, rec_loss 0.0533, quant_error 1.7201, utilization 1.0000, perplexity 3356.6166,
Train Epoch: [1/2] Iters:[420/10009] transplant_loss 12.6114, rec_loss 0.0526, quant_error 1.7048, utilization 1.0000, perplexity 3406.8319,
Train Epoch: [1/2] Iters:[430/10009] transplant_loss 12.3989, rec_loss 0.0525, quant_error 1.6842, utilization 1.0000, perplexity 3441.1419,
Train Epoch: [1/2] Iters:[440/10009] transplant_loss 12.2433, rec_loss 0.0527, quant_error 1.6719, utilization 1.0000, perplexity 3461.8280,
Train Epoch: [1/2] Iters:[450/10009] transplant_loss 12.0346, rec_loss 0.0520, quant_error 1.6515, utilization 1.0000, perplexity 3473.9424,
Train Epoch: [1/2] Iters:[460/10009] transplant_loss 11.8113, rec_loss 0.0518, quant_error 1.6298, utilization 1.0000, perplexity 3467.3391,
Train Epoch: [1/2] Iters:[470/10009] transplant_loss 11.6141, rec_loss 0.0512, quant_error 1.6035, utilization 1.0000, perplexity 3449.2168,
Train Epoch: [1/2] Iters:[480/10009] transplant_loss 11.4747, rec_loss 0.0516, quant_error 1.5950, utilization 1.0000, perplexity 3426.5274,
Train Epoch: [1/2] Iters:[490/10009] transplant_loss 11.2608, rec_loss 0.0512, quant_error 1.5731, utilization 1.0000, perplexity 3393.3000,
Train Epoch: [1/2] Iters:[500/10009] transplant_loss 11.1000, rec_loss 0.0510, quant_error 1.5566, utilization 1.0000, perplexity 3353.8304,
Train Epoch: [1/2] Iters:[510/10009] transplant_loss 10.9907, rec_loss 0.0509, quant_error 1.5447, utilization 1.0000, perplexity 3310.1558,
Train Epoch: [1/2] Iters:[520/10009] transplant_loss 10.8672, rec_loss 0.0511, quant_error 1.5332, utilization 1.0000, perplexity 3264.1205,
Train Epoch: [1/2] Iters:[530/10009] transplant_loss 10.7382, rec_loss 0.0499, quant_error 1.5111, utilization 1.0000, perplexity 3218.5465,
Train Epoch: [1/2] Iters:[540/10009] transplant_loss 10.6539, rec_loss 0.0493, quant_error 1.4964, utilization 1.0000, perplexity 3174.2934,
Train Epoch: [1/2] Iters:[550/10009] transplant_loss 10.5484, rec_loss 0.0492, quant_error 1.4882, utilization 1.0000, perplexity 3119.6542,
Train Epoch: [1/2] Iters:[560/10009] transplant_loss 10.4403, rec_loss 0.0491, quant_error 1.4788, utilization 1.0000, perplexity 3068.9101,
Train Epoch: [1/2] Iters:[570/10009] transplant_loss 10.3659, rec_loss 0.0490, quant_error 1.4732, utilization 1.0000, perplexity 3021.4395,
Train Epoch: [1/2] Iters:[580/10009] transplant_loss 10.2784, rec_loss 0.0497, quant_error 1.4697, utilization 1.0000, perplexity 2971.0077,
Train Epoch: [1/2] Iters:[590/10009] transplant_loss 10.1879, rec_loss 0.0496, quant_error 1.4674, utilization 1.0000, perplexity 2919.0492,
Train Epoch: [1/2] Iters:[600/10009] transplant_loss 10.1455, rec_loss 0.0497, quant_error 1.4566, utilization 1.0000, perplexity 2877.5774,
Train Epoch: [1/2] Iters:[610/10009] transplant_loss 10.0525, rec_loss 0.0491, quant_error 1.4478, utilization 1.0000, perplexity 2825.8212,
Train Epoch: [1/2] Iters:[620/10009] transplant_loss 9.9547, rec_loss 0.0492, quant_error 1.4321, utilization 1.0000, perplexity 2780.4106,
Train Epoch: [1/2] Iters:[630/10009] transplant_loss 9.9060, rec_loss 0.0495, quant_error 1.4328, utilization 1.0000, perplexity 2735.1555,
Train Epoch: [1/2] Iters:[640/10009] transplant_loss 9.8601, rec_loss 0.0498, quant_error 1.4253, utilization 1.0000, perplexity 2691.6471,
Train Epoch: [1/2] Iters:[650/10009] transplant_loss 9.7768, rec_loss 0.0496, quant_error 1.4190, utilization 1.0000, perplexity 2649.1926,
Train Epoch: [1/2] Iters:[660/10009] transplant_loss 9.7702, rec_loss 0.0503, quant_error 1.4167, utilization 1.0000, perplexity 2624.1518,
Train Epoch: [1/2] Iters:[670/10009] transplant_loss 9.7282, rec_loss 0.0495, quant_error 1.4163, utilization 1.0000, perplexity 2589.9722,
Train Epoch: [1/2] Iters:[680/10009] transplant_loss 9.6049, rec_loss 0.0483, quant_error 1.3949, utilization 1.0000, perplexity 2555.8970,
Train Epoch: [1/2] Iters:[690/10009] transplant_loss 9.5873, rec_loss 0.0484, quant_error 1.3938, utilization 1.0000, perplexity 2527.5961,
Train Epoch: [1/2] Iters:[700/10009] transplant_loss 9.5591, rec_loss 0.0485, quant_error 1.3955, utilization 0.9999, perplexity 2504.1158,
Train Epoch: [1/2] Iters:[710/10009] transplant_loss 9.4955, rec_loss 0.0483, quant_error 1.3924, utilization 1.0000, perplexity 2475.3019,
