dataset_dir: /datasets/
dataset_name: ImageNet
global_batch_size: 128
workers: 6
resolution: 256
channels: 3
ms_patch_size: 1_2_3_4_5_6_8_10_13_16
importance: (1, 1, 1, 2, 2, 2, 3, 3, 5, 5)
max_patch_size: 16
codebook_size: 4096
codebook_dim: 16
project_dim: 16
pq: 1
L: 4
alpha: 1.0
beta: 1.0
gamma: 0.0
disc_weight: 0.2
lecam_loss_weight: 0.001
disc_cr_loss_weight: 4.0
VQ: online_vq
use_multiscale: True
transplant_epochs: 2
refinement_epochs: 5
eval_epochs: 1
lr_transplant: 0.0001
lr_refinement: 1e-05
dropout: 0.0
seed: 3407
weight_decay: 0.0001
stage: transplant
checkpoint_dir: /project/6105494/sunset/VQ-Projects/VQ-Transplant/checkpoint/Transplant/ImageNet
results_dir: /project/6105494/sunset/VQ-Projects/VQ-Transplant/results/Transplant/ImageNet
saver_dir: /project/6105494/sunset/VQ-Projects/VQ-Transplant/saver/Transplant/ImageNet
reconstruction_dir: /project/6105494/sunset/VQ-Projects/VQ-Transplant/reconstruction/Transplant/ImageNet
yaml_dir: /project/6105494/sunset/VQ-Projects/VQ-Transplant/yaml/Transplant/ImageNet
pretrained_tokenizer: /project/6105494/sunset/VQ-Projects/VQ-Transplant/pretrained_tokenizer/model.ckpt
checkpoint_name: 
nnodes: -1
node_rank: -1
local_rank: 0
dist_url: tcp://224.66.41.62:23456
dist_backend: nccl
world_size: 2
batch_size: 64
ms_token_size: (1, 2, 3, 4, 5, 6, 8, 10, 13, 16)
init_checkpoint_dir: /project/6105494/sunset/VQ-Projects/VQ-Transplant/checkpoint/
data_pre: ImageNet
model_pre: model_4096_16_1
loss_pre: loss_1.0_1.0_0.0_0.2
training_pre: online_vq_transplant_True
saver_name_pre: online_vq_transplant_True_ImageNet_model_4096_16_1_loss_1.0_1.0_0.0_0.2
| distributed init (rank 0): env://
| distributed init (rank 1): env://
making attention of type 'vanilla' with 512 in_channels
making attention of type 'vanilla' with 512 in_channels
making attention of type 'vanilla' with 512 in_channels
Working with z of shape (1, 16, 16, 16) = 4096 dimensions.
making attention of type 'vanilla' with 512 in_channels
making attention of type 'vanilla' with 512 in_channels
making attention of type 'vanilla' with 512 in_channels
making attention of type 'vanilla' with 512 in_channels
VQ Model Parameters: 69609635
dataset name: ImageNet
len train_set: 1281167
len val_set: 50000
Start training...
epoch:1, cur_lr:0.000100
Train Epoch: [1/2] Iters:[10/10009] transplant_loss 11.9232, rec_loss 0.1979, quant_error 10.3408, utilization 0.2698, perplexity 255.5956,
Train Epoch: [1/2] Iters:[20/10009] transplant_loss 10.3190, rec_loss 0.1562, quant_error 8.6450, utilization 0.2790, perplexity 306.1478,
Train Epoch: [1/2] Iters:[30/10009] transplant_loss 9.3938, rec_loss 0.1360, quant_error 7.6768, utilization 0.2871, perplexity 332.7581,
Train Epoch: [1/2] Iters:[40/10009] transplant_loss 8.8035, rec_loss 0.1234, quant_error 6.9767, utilization 0.2907, perplexity 345.7171,
Train Epoch: [1/2] Iters:[50/10009] transplant_loss 8.4732, rec_loss 0.1152, quant_error 6.4499, utilization 0.2921, perplexity 356.8547,
Train Epoch: [1/2] Iters:[60/10009] transplant_loss 7.5861, rec_loss 0.0919, quant_error 5.1913, utilization 0.2968, perplexity 388.1401,
Train Epoch: [1/2] Iters:[70/10009] transplant_loss 7.3615, rec_loss 0.0841, quant_error 4.5558, utilization 0.2974, perplexity 400.4017,
Train Epoch: [1/2] Iters:[80/10009] transplant_loss 7.4121, rec_loss 0.0802, quant_error 4.1415, utilization 0.2951, perplexity 409.6398,
Train Epoch: [1/2] Iters:[90/10009] transplant_loss 7.5950, rec_loss 0.0781, quant_error 3.8862, utilization 0.2933, perplexity 420.5118,
Train Epoch: [1/2] Iters:[100/10009] transplant_loss 7.7523, rec_loss 0.0762, quant_error 3.7220, utilization 0.2913, perplexity 425.4881,
Train Epoch: [1/2] Iters:[110/10009] transplant_loss 7.8423, rec_loss 0.0746, quant_error 3.6138, utilization 0.2910, perplexity 429.8349,
Train Epoch: [1/2] Iters:[120/10009] transplant_loss 7.9116, rec_loss 0.0745, quant_error 3.5459, utilization 0.2919, perplexity 437.0883,
Train Epoch: [1/2] Iters:[130/10009] transplant_loss 7.9549, rec_loss 0.0733, quant_error 3.4974, utilization 0.2927, perplexity 440.4375,
Train Epoch: [1/2] Iters:[140/10009] transplant_loss 7.9591, rec_loss 0.0726, quant_error 3.4586, utilization 0.2938, perplexity 444.2190,
Train Epoch: [1/2] Iters:[150/10009] transplant_loss 8.0003, rec_loss 0.0723, quant_error 3.4440, utilization 0.2955, perplexity 448.8135,
Train Epoch: [1/2] Iters:[160/10009] transplant_loss 7.9978, rec_loss 0.0726, quant_error 3.4200, utilization 0.2970, perplexity 455.8567,
Train Epoch: [1/2] Iters:[170/10009] transplant_loss 8.0069, rec_loss 0.0719, quant_error 3.4035, utilization 0.2980, perplexity 459.1691,
Train Epoch: [1/2] Iters:[180/10009] transplant_loss 8.0332, rec_loss 0.0723, quant_error 3.4017, utilization 0.2988, perplexity 464.1975,
Train Epoch: [1/2] Iters:[190/10009] transplant_loss 8.0762, rec_loss 0.0733, quant_error 3.4173, utilization 0.3007, perplexity 469.8998,
Train Epoch: [1/2] Iters:[200/10009] transplant_loss 8.0733, rec_loss 0.0735, quant_error 3.4027, utilization 0.3039, perplexity 476.1623,
Train Epoch: [1/2] Iters:[210/10009] transplant_loss 8.0815, rec_loss 0.0730, quant_error 3.3846, utilization 0.3069, perplexity 480.2762,
Train Epoch: [1/2] Iters:[220/10009] transplant_loss 8.1257, rec_loss 0.0739, quant_error 3.4029, utilization 0.3096, perplexity 485.1546,
Train Epoch: [1/2] Iters:[230/10009] transplant_loss 8.0990, rec_loss 0.0737, quant_error 3.3739, utilization 0.3123, perplexity 490.1950,
Train Epoch: [1/2] Iters:[240/10009] transplant_loss 8.0721, rec_loss 0.0725, quant_error 3.3388, utilization 0.3139, perplexity 492.9882,
Train Epoch: [1/2] Iters:[250/10009] transplant_loss 8.0380, rec_loss 0.0714, quant_error 3.3098, utilization 0.3153, perplexity 499.0083,
Train Epoch: [1/2] Iters:[260/10009] transplant_loss 8.0225, rec_loss 0.0708, quant_error 3.2869, utilization 0.3167, perplexity 503.7049,
Train Epoch: [1/2] Iters:[270/10009] transplant_loss 7.9926, rec_loss 0.0701, quant_error 3.2656, utilization 0.3182, perplexity 506.5285,
Train Epoch: [1/2] Iters:[280/10009] transplant_loss 7.9849, rec_loss 0.0696, quant_error 3.2507, utilization 0.3204, perplexity 510.5261,
Train Epoch: [1/2] Iters:[290/10009] transplant_loss 7.9824, rec_loss 0.0692, quant_error 3.2398, utilization 0.3228, perplexity 515.3802,
Train Epoch: [1/2] Iters:[300/10009] transplant_loss 8.0283, rec_loss 0.0704, quant_error 3.2655, utilization 0.3242, perplexity 517.5249,
Train Epoch: [1/2] Iters:[310/10009] transplant_loss 8.1014, rec_loss 0.0709, quant_error 3.2962, utilization 0.3259, perplexity 520.1541,
Train Epoch: [1/2] Iters:[320/10009] transplant_loss 8.0926, rec_loss 0.0700, quant_error 3.2748, utilization 0.3278, perplexity 525.5106,
Train Epoch: [1/2] Iters:[330/10009] transplant_loss 8.0791, rec_loss 0.0700, quant_error 3.2633, utilization 0.3305, perplexity 528.4809,
Train Epoch: [1/2] Iters:[340/10009] transplant_loss 8.0771, rec_loss 0.0706, quant_error 3.2655, utilization 0.3329, perplexity 532.6582,
Train Epoch: [1/2] Iters:[350/10009] transplant_loss 8.0649, rec_loss 0.0702, quant_error 3.2547, utilization 0.3367, perplexity 535.4068,
Train Epoch: [1/2] Iters:[360/10009] transplant_loss 7.9977, rec_loss 0.0699, quant_error 3.2300, utilization 0.3398, perplexity 540.5775,
Train Epoch: [1/2] Iters:[370/10009] transplant_loss 8.0124, rec_loss 0.0706, quant_error 3.2473, utilization 0.3425, perplexity 545.6126,
Train Epoch: [1/2] Iters:[380/10009] transplant_loss 8.0305, rec_loss 0.0699, quant_error 3.2569, utilization 0.3447, perplexity 551.2782,
Train Epoch: [1/2] Iters:[390/10009] transplant_loss 8.0247, rec_loss 0.0689, quant_error 3.2356, utilization 0.3479, perplexity 555.3723,
Train Epoch: [1/2] Iters:[400/10009] transplant_loss 8.0044, rec_loss 0.0689, quant_error 3.2188, utilization 0.3507, perplexity 562.5109,
Train Epoch: [1/2] Iters:[410/10009] transplant_loss 8.0080, rec_loss 0.0685, quant_error 3.2081, utilization 0.3529, perplexity 566.5031,
Train Epoch: [1/2] Iters:[420/10009] transplant_loss 7.9910, rec_loss 0.0686, quant_error 3.1903, utilization 0.3552, perplexity 570.3934,
Train Epoch: [1/2] Iters:[430/10009] transplant_loss 7.9781, rec_loss 0.0694, quant_error 3.1837, utilization 0.3574, perplexity 574.2664,
Train Epoch: [1/2] Iters:[440/10009] transplant_loss 7.9812, rec_loss 0.0701, quant_error 3.1922, utilization 0.3588, perplexity 577.1468,
Train Epoch: [1/2] Iters:[450/10009] transplant_loss 7.9531, rec_loss 0.0694, quant_error 3.1752, utilization 0.3595, perplexity 581.1358,
Train Epoch: [1/2] Iters:[460/10009] transplant_loss 7.9471, rec_loss 0.0697, quant_error 3.1699, utilization 0.3610, perplexity 586.2554,
Train Epoch: [1/2] Iters:[470/10009] transplant_loss 7.9413, rec_loss 0.0692, quant_error 3.1657, utilization 0.3637, perplexity 589.8689,
Train Epoch: [1/2] Iters:[480/10009] transplant_loss 7.9522, rec_loss 0.0695, quant_error 3.1753, utilization 0.3656, perplexity 591.8914,
Train Epoch: [1/2] Iters:[490/10009] transplant_loss 7.9210, rec_loss 0.0692, quant_error 3.1562, utilization 0.3663, perplexity 596.0662,
Train Epoch: [1/2] Iters:[500/10009] transplant_loss 7.8976, rec_loss 0.0694, quant_error 3.1432, utilization 0.3689, perplexity 600.7054,
Train Epoch: [1/2] Iters:[510/10009] transplant_loss 7.8951, rec_loss 0.0689, quant_error 3.1320, utilization 0.3714, perplexity 605.1612,
Train Epoch: [1/2] Iters:[520/10009] transplant_loss 7.8704, rec_loss 0.0686, quant_error 3.1074, utilization 0.3726, perplexity 607.7478,
Train Epoch: [1/2] Iters:[530/10009] transplant_loss 7.8524, rec_loss 0.0681, quant_error 3.0935, utilization 0.3740, perplexity 612.0851,
Train Epoch: [1/2] Iters:[540/10009] transplant_loss 7.8384, rec_loss 0.0674, quant_error 3.0865, utilization 0.3757, perplexity 615.4560,
Train Epoch: [1/2] Iters:[550/10009] transplant_loss 7.8511, rec_loss 0.0672, quant_error 3.0936, utilization 0.3768, perplexity 615.6860,
Train Epoch: [1/2] Iters:[560/10009] transplant_loss 7.8353, rec_loss 0.0676, quant_error 3.1053, utilization 0.3772, perplexity 616.8354,
Train Epoch: [1/2] Iters:[570/10009] transplant_loss 7.8566, rec_loss 0.0680, quant_error 3.1187, utilization 0.3776, perplexity 619.7273,
Train Epoch: [1/2] Iters:[580/10009] transplant_loss 7.8513, rec_loss 0.0686, quant_error 3.1201, utilization 0.3794, perplexity 622.1625,
Train Epoch: [1/2] Iters:[590/10009] transplant_loss 7.8839, rec_loss 0.0691, quant_error 3.1450, utilization 0.3815, perplexity 624.1476,
Train Epoch: [1/2] Iters:[600/10009] transplant_loss 7.9041, rec_loss 0.0696, quant_error 3.1463, utilization 0.3824, perplexity 627.3503,
Train Epoch: [1/2] Iters:[610/10009] transplant_loss 7.9041, rec_loss 0.0694, quant_error 3.1332, utilization 0.3848, perplexity 629.3175,
Train Epoch: [1/2] Iters:[620/10009] transplant_loss 7.9127, rec_loss 0.0705, quant_error 3.1437, utilization 0.3876, perplexity 631.9418,
Train Epoch: [1/2] Iters:[630/10009] transplant_loss 7.9836, rec_loss 0.0708, quant_error 3.1814, utilization 0.3897, perplexity 636.3893,
Train Epoch: [1/2] Iters:[640/10009] transplant_loss 7.9983, rec_loss 0.0709, quant_error 3.1649, utilization 0.3912, perplexity 640.3469,
Train Epoch: [1/2] Iters:[650/10009] transplant_loss 8.0288, rec_loss 0.0708, quant_error 3.1883, utilization 0.3931, perplexity 642.9328,
Train Epoch: [1/2] Iters:[660/10009] transplant_loss 8.0896, rec_loss 0.0716, quant_error 3.2339, utilization 0.3942, perplexity 646.6826,
Train Epoch: [1/2] Iters:[670/10009] transplant_loss 8.0730, rec_loss 0.0699, quant_error 3.2253, utilization 0.3946, perplexity 649.3469,
Train Epoch: [1/2] Iters:[680/10009] transplant_loss 8.0071, rec_loss 0.0687, quant_error 3.1842, utilization 0.3946, perplexity 650.8044,
Train Epoch: [1/2] Iters:[690/10009] transplant_loss 8.0145, rec_loss 0.0693, quant_error 3.2100, utilization 0.3960, perplexity 653.2310,
Train Epoch: [1/2] Iters:[700/10009] transplant_loss 8.0525, rec_loss 0.0701, quant_error 3.2508, utilization 0.3975, perplexity 654.6307,
Train Epoch: [1/2] Iters:[710/10009] transplant_loss 8.0481, rec_loss 0.0697, quant_error 3.2422, utilization 0.3977, perplexity 655.6457,
Train Epoch: [1/2] Iters:[720/10009] transplant_loss 8.0469, rec_loss 0.0699, quant_error 3.2367, utilization 0.3996, perplexity 658.0387,
Train Epoch: [1/2] Iters:[730/10009] transplant_loss 8.0393, rec_loss 0.0699, quant_error 3.2243, utilization 0.3995, perplexity 659.7255,
Train Epoch: [1/2] Iters:[740/10009] transplant_loss 8.0386, rec_loss 0.0699, quant_error 3.2286, utilization 0.4019, perplexity 663.3359,
Train Epoch: [1/2] Iters:[750/10009] transplant_loss 7.9813, rec_loss 0.0689, quant_error 3.1852, utilization 0.4031, perplexity 667.8690,
Train Epoch: [1/2] Iters:[760/10009] transplant_loss 7.9467, rec_loss 0.0699, quant_error 3.1604, utilization 0.4036, perplexity 670.3235,
Train Epoch: [1/2] Iters:[770/10009] transplant_loss 7.9272, rec_loss 0.0701, quant_error 3.1419, utilization 0.4039, perplexity 673.4607,
Train Epoch: [1/2] Iters:[780/10009] transplant_loss 7.8929, rec_loss 0.0703, quant_error 3.1260, utilization 0.4051, perplexity 676.6735,
Train Epoch: [1/2] Iters:[790/10009] transplant_loss 7.8875, rec_loss 0.0700, quant_error 3.1060, utilization 0.4037, perplexity 674.7290,
Train Epoch: [1/2] Iters:[800/10009] transplant_loss 7.8489, rec_loss 0.0701, quant_error 3.0798, utilization 0.4044, perplexity 676.6028,
Train Epoch: [1/2] Iters:[810/10009] transplant_loss 7.8456, rec_loss 0.0692, quant_error 3.0766, utilization 0.4069, perplexity 680.0937,
Train Epoch: [1/2] Iters:[820/10009] transplant_loss 7.8408, rec_loss 0.0685, quant_error 3.0712, utilization 0.4080, perplexity 682.4662,
Train Epoch: [1/2] Iters:[830/10009] transplant_loss 7.8353, rec_loss 0.0682, quant_error 3.0843, utilization 0.4119, perplexity 687.0394,
Train Epoch: [1/2] Iters:[840/10009] transplant_loss 7.8165, rec_loss 0.0687, quant_error 3.0846, utilization 0.4164, perplexity 694.4834,
