dataset_dir: /projects/yuanai/data/
dataset_name: ImageNet
global_batch_size: 64
workers: 6
resolution: 256
channels: 3
ms_patch_size: 1_2_3_4_5_6_8_10_13_16
importance: (1, 1, 1, 2, 2, 2, 3, 3, 5, 5)
max_patch_size: 16
codebook_size: 16384
codebook_dim: 16
project_dim: 16
pq: 1
L: 4
alpha: 1.0
beta: 1.0
gamma: 0.0
disc_weight: 0.5
lecam_loss_weight: 0.001
disc_cr_loss_weight: 4.0
VQ: online_vq
use_multiscale: False
transplant_epochs: 2
refinement_epochs: 5
eval_epochs: 1
disc_epoch: 3
lr_transplant: 0.0001
lr_refinement: 1e-05
dropout: 0.0
seed: 3407
weight_decay: 0.0001
stage: transplant
checkpoint_dir: /projects/yuanai/projects/VQ-Transplant2/checkpoint/Transplant/ImageNet
results_dir: /projects/yuanai/projects/VQ-Transplant2/results/Transplant/ImageNet
saver_dir: /projects/yuanai/projects/VQ-Transplant2/saver/Transplant/ImageNet
reconstruction_dir: /projects/yuanai/projects/VQ-Transplant2/reconstruction/Transplant/ImageNet
yaml_dir: /projects/yuanai/projects/VQ-Transplant2/yaml/Transplant/ImageNet
pretrained_tokenizer: /projects/yuanai/projects/VQ-Transplant2/pretrained_tokenizer/model.ckpt
checkpoint_name: 
nnodes: -1
node_rank: -1
local_rank: 0
dist_url: tcp://224.66.41.62:23456
dist_backend: nccl
world_size: 2
batch_size: 32
ms_token_size: (1, 2, 3, 4, 5, 6, 8, 10, 13, 16)
init_checkpoint_dir: /projects/yuanai/projects/VQ-Transplant2/checkpoint/
data_pre: ImageNet
model_pre: model_16384_16_1
loss_pre: loss_1.0_1.0_0.0_0.5
training_pre: online_vq_transplant_False
saver_name_pre: online_vq_transplant_False_ImageNet_model_16384_16_1_loss_1.0_1.0_0.0_0.5
| distributed init (rank 0): env://
| distributed init (rank 1): env://
making attention of type 'vanilla' with 512 in_channels
making attention of type 'vanilla' with 512 in_channels
making attention of type 'vanilla' with 512 in_channels
Working with z of shape (1, 16, 16, 16) = 4096 dimensions.
making attention of type 'vanilla' with 512 in_channels
making attention of type 'vanilla' with 512 in_channels
making attention of type 'vanilla' with 512 in_channels
making attention of type 'vanilla' with 512 in_channels
loaded pretrained LPIPS loss from /projects/yuanai/projects/VQ-Transplant2/code/models/cache/vgg.pth
VQ Model Parameters: 69609635
dataset name: ImageNet
len train_set: 1281167
len val_set: 50000
Start training...
epoch:1, cur_lr:0.000100
Train Epoch: [1/2] Iters:[10/20018] transplant_loss 11.4361, rec_loss 0.2321, p_loss 0.6956, quant_error 3.6296, utilization 0.0986, perplexity 645.9013,
Train Epoch: [1/2] Iters:[20/20018] transplant_loss 10.9361, rec_loss 0.2095, p_loss 0.6843, quant_error 3.3144, utilization 0.0808, perplexity 561.5888,
Train Epoch: [1/2] Iters:[30/20018] transplant_loss 10.7204, rec_loss 0.1987, p_loss 0.6808, quant_error 3.1708, utilization 0.0714, perplexity 529.0652,
Train Epoch: [1/2] Iters:[40/20018] transplant_loss 10.5610, rec_loss 0.1939, p_loss 0.6774, quant_error 3.0806, utilization 0.0651, perplexity 499.2851,
Train Epoch: [1/2] Iters:[50/20018] transplant_loss 10.4504, rec_loss 0.1893, p_loss 0.6746, quant_error 3.0159, utilization 0.0605, perplexity 474.9479,
Train Epoch: [1/2] Iters:[60/20018] transplant_loss 10.1767, rec_loss 0.1751, p_loss 0.6676, quant_error 2.8397, utilization 0.0485, perplexity 417.6094,
Train Epoch: [1/2] Iters:[70/20018] transplant_loss 10.0724, rec_loss 0.1685, p_loss 0.6637, quant_error 2.7765, utilization 0.0431, perplexity 391.0462,
Train Epoch: [1/2] Iters:[80/20018] transplant_loss 9.9647, rec_loss 0.1654, p_loss 0.6593, quant_error 2.7291, utilization 0.0395, perplexity 366.6843,
Train Epoch: [1/2] Iters:[90/20018] transplant_loss 9.9119, rec_loss 0.1627, p_loss 0.6571, quant_error 2.7017, utilization 0.0371, perplexity 351.8067,
Train Epoch: [1/2] Iters:[100/20018] transplant_loss 9.8339, rec_loss 0.1599, p_loss 0.6540, quant_error 2.6715, utilization 0.0362, perplexity 346.3980,
Train Epoch: [1/2] Iters:[110/20018] transplant_loss 9.7440, rec_loss 0.1598, p_loss 0.6520, quant_error 2.6437, utilization 0.0352, perplexity 331.9237,
Train Epoch: [1/2] Iters:[120/20018] transplant_loss 9.7144, rec_loss 0.1605, p_loss 0.6500, quant_error 2.6302, utilization 0.0344, perplexity 320.2259,
Train Epoch: [1/2] Iters:[130/20018] transplant_loss 9.6875, rec_loss 0.1594, p_loss 0.6490, quant_error 2.6143, utilization 0.0338, perplexity 309.5037,
Train Epoch: [1/2] Iters:[140/20018] transplant_loss 9.6308, rec_loss 0.1557, p_loss 0.6463, quant_error 2.5891, utilization 0.0334, perplexity 299.6795,
Train Epoch: [1/2] Iters:[150/20018] transplant_loss 9.6259, rec_loss 0.1552, p_loss 0.6469, quant_error 2.5775, utilization 0.0328, perplexity 292.2156,
Train Epoch: [1/2] Iters:[160/20018] transplant_loss 9.6148, rec_loss 0.1543, p_loss 0.6455, quant_error 2.5684, utilization 0.0330, perplexity 298.1020,
Train Epoch: [1/2] Iters:[170/20018] transplant_loss 9.5463, rec_loss 0.1521, p_loss 0.6462, quant_error 2.5439, utilization 0.0332, perplexity 303.8749,
Train Epoch: [1/2] Iters:[180/20018] transplant_loss 9.5567, rec_loss 0.1517, p_loss 0.6443, quant_error 2.5394, utilization 0.0335, perplexity 307.9972,
Train Epoch: [1/2] Iters:[190/20018] transplant_loss 9.5489, rec_loss 0.1508, p_loss 0.6436, quant_error 2.5244, utilization 0.0339, perplexity 301.3565,
Train Epoch: [1/2] Iters:[200/20018] transplant_loss 9.4835, rec_loss 0.1479, p_loss 0.6403, quant_error 2.4948, utilization 0.0336, perplexity 296.5614,
Train Epoch: [1/2] Iters:[210/20018] transplant_loss 9.4644, rec_loss 0.1441, p_loss 0.6386, quant_error 2.4717, utilization 0.0336, perplexity 286.1875,
Train Epoch: [1/2] Iters:[220/20018] transplant_loss 9.4531, rec_loss 0.1413, p_loss 0.6364, quant_error 2.4546, utilization 0.0335, perplexity 269.1411,
Train Epoch: [1/2] Iters:[230/20018] transplant_loss 9.3724, rec_loss 0.1368, p_loss 0.6349, quant_error 2.4189, utilization 0.0336, perplexity 252.3986,
Train Epoch: [1/2] Iters:[240/20018] transplant_loss 9.3138, rec_loss 0.1353, p_loss 0.6345, quant_error 2.3992, utilization 0.0338, perplexity 248.8267,
Train Epoch: [1/2] Iters:[250/20018] transplant_loss 9.3083, rec_loss 0.1326, p_loss 0.6345, quant_error 2.3880, utilization 0.0341, perplexity 235.9716,
Train Epoch: [1/2] Iters:[260/20018] transplant_loss 9.2445, rec_loss 0.1304, p_loss 0.6338, quant_error 2.3635, utilization 0.0340, perplexity 221.0209,
Train Epoch: [1/2] Iters:[270/20018] transplant_loss 9.2039, rec_loss 0.1276, p_loss 0.6321, quant_error 2.3435, utilization 0.0340, perplexity 208.6668,
Train Epoch: [1/2] Iters:[280/20018] transplant_loss 9.1493, rec_loss 0.1248, p_loss 0.6309, quant_error 2.3199, utilization 0.0340, perplexity 201.3772,
Train Epoch: [1/2] Iters:[290/20018] transplant_loss 9.1217, rec_loss 0.1210, p_loss 0.6261, quant_error 2.2913, utilization 0.0337, perplexity 194.4011,
Train Epoch: [1/2] Iters:[300/20018] transplant_loss 9.0590, rec_loss 0.1202, p_loss 0.6239, quant_error 2.2680, utilization 0.0335, perplexity 185.9168,
Train Epoch: [1/2] Iters:[310/20018] transplant_loss 8.9827, rec_loss 0.1170, p_loss 0.6214, quant_error 2.2308, utilization 0.0336, perplexity 188.8772,
Train Epoch: [1/2] Iters:[320/20018] transplant_loss 8.9247, rec_loss 0.1169, p_loss 0.6207, quant_error 2.2073, utilization 0.0341, perplexity 191.4290,
Train Epoch: [1/2] Iters:[330/20018] transplant_loss 8.8781, rec_loss 0.1162, p_loss 0.6200, quant_error 2.1918, utilization 0.0346, perplexity 191.6343,
Train Epoch: [1/2] Iters:[340/20018] transplant_loss 8.8446, rec_loss 0.1141, p_loss 0.6214, quant_error 2.1808, utilization 0.0353, perplexity 188.4880,
Train Epoch: [1/2] Iters:[350/20018] transplant_loss 8.7869, rec_loss 0.1104, p_loss 0.6197, quant_error 2.1565, utilization 0.0364, perplexity 194.1396,
Train Epoch: [1/2] Iters:[360/20018] transplant_loss 8.7742, rec_loss 0.1090, p_loss 0.6191, quant_error 2.1517, utilization 0.0375, perplexity 199.3161,
Train Epoch: [1/2] Iters:[370/20018] transplant_loss 8.7374, rec_loss 0.1061, p_loss 0.6164, quant_error 2.1322, utilization 0.0385, perplexity 212.5980,
Train Epoch: [1/2] Iters:[380/20018] transplant_loss 8.7218, rec_loss 0.1057, p_loss 0.6141, quant_error 2.1143, utilization 0.0395, perplexity 228.5107,
Train Epoch: [1/2] Iters:[390/20018] transplant_loss 8.6767, rec_loss 0.1056, p_loss 0.6119, quant_error 2.0919, utilization 0.0403, perplexity 244.1742,
Train Epoch: [1/2] Iters:[400/20018] transplant_loss 8.6812, rec_loss 0.1051, p_loss 0.6093, quant_error 2.0807, utilization 0.0409, perplexity 257.4643,
Train Epoch: [1/2] Iters:[410/20018] transplant_loss 8.6516, rec_loss 0.1044, p_loss 0.6063, quant_error 2.0584, utilization 0.0414, perplexity 268.0416,
Train Epoch: [1/2] Iters:[420/20018] transplant_loss 8.6299, rec_loss 0.1036, p_loss 0.6066, quant_error 2.0468, utilization 0.0419, perplexity 271.8763,
Train Epoch: [1/2] Iters:[430/20018] transplant_loss 8.5978, rec_loss 0.1016, p_loss 0.6053, quant_error 2.0270, utilization 0.0424, perplexity 272.6479,
Train Epoch: [1/2] Iters:[440/20018] transplant_loss 8.5642, rec_loss 0.1009, p_loss 0.6046, quant_error 2.0153, utilization 0.0429, perplexity 276.1988,
Train Epoch: [1/2] Iters:[450/20018] transplant_loss 8.5252, rec_loss 0.0995, p_loss 0.6040, quant_error 1.9956, utilization 0.0433, perplexity 277.9565,
Train Epoch: [1/2] Iters:[460/20018] transplant_loss 8.5136, rec_loss 0.0993, p_loss 0.6039, quant_error 1.9871, utilization 0.0440, perplexity 280.9779,
Train Epoch: [1/2] Iters:[470/20018] transplant_loss 8.4646, rec_loss 0.0981, p_loss 0.6035, quant_error 1.9669, utilization 0.0447, perplexity 285.3147,
Train Epoch: [1/2] Iters:[480/20018] transplant_loss 8.4409, rec_loss 0.0974, p_loss 0.6029, quant_error 1.9600, utilization 0.0452, perplexity 287.3718,
Train Epoch: [1/2] Iters:[490/20018] transplant_loss 8.4334, rec_loss 0.0953, p_loss 0.6016, quant_error 1.9541, utilization 0.0458, perplexity 287.3156,
Train Epoch: [1/2] Iters:[500/20018] transplant_loss 8.4161, rec_loss 0.0957, p_loss 0.6019, quant_error 1.9533, utilization 0.0465, perplexity 289.9387,
Train Epoch: [1/2] Iters:[510/20018] transplant_loss 8.4183, rec_loss 0.0954, p_loss 0.6015, quant_error 1.9551, utilization 0.0471, perplexity 291.5771,
Train Epoch: [1/2] Iters:[520/20018] transplant_loss 8.3939, rec_loss 0.0947, p_loss 0.5986, quant_error 1.9431, utilization 0.0476, perplexity 291.9161,
Train Epoch: [1/2] Iters:[530/20018] transplant_loss 8.3583, rec_loss 0.0939, p_loss 0.5987, quant_error 1.9313, utilization 0.0481, perplexity 292.5362,
Train Epoch: [1/2] Iters:[540/20018] transplant_loss 8.3159, rec_loss 0.0942, p_loss 0.5977, quant_error 1.9120, utilization 0.0487, perplexity 296.5631,
Train Epoch: [1/2] Iters:[550/20018] transplant_loss 8.2454, rec_loss 0.0927, p_loss 0.5960, quant_error 1.8885, utilization 0.0494, perplexity 299.6279,
Train Epoch: [1/2] Iters:[560/20018] transplant_loss 8.1548, rec_loss 0.0913, p_loss 0.5945, quant_error 1.8599, utilization 0.0500, perplexity 299.6703,
Train Epoch: [1/2] Iters:[570/20018] transplant_loss 8.0998, rec_loss 0.0902, p_loss 0.5930, quant_error 1.8455, utilization 0.0508, perplexity 303.5699,
Train Epoch: [1/2] Iters:[580/20018] transplant_loss 8.1237, rec_loss 0.0898, p_loss 0.5914, quant_error 1.8436, utilization 0.0517, perplexity 308.5008,
Train Epoch: [1/2] Iters:[590/20018] transplant_loss 8.0878, rec_loss 0.0892, p_loss 0.5902, quant_error 1.8328, utilization 0.0525, perplexity 311.0752,
Train Epoch: [1/2] Iters:[600/20018] transplant_loss 8.0964, rec_loss 0.0888, p_loss 0.5899, quant_error 1.8303, utilization 0.0531, perplexity 311.3273,
Train Epoch: [1/2] Iters:[610/20018] transplant_loss 8.0990, rec_loss 0.0886, p_loss 0.5886, quant_error 1.8258, utilization 0.0539, perplexity 313.9048,
Train Epoch: [1/2] Iters:[620/20018] transplant_loss 8.1239, rec_loss 0.0887, p_loss 0.5880, quant_error 1.8226, utilization 0.0547, perplexity 319.0159,
Train Epoch: [1/2] Iters:[630/20018] transplant_loss 8.0902, rec_loss 0.0877, p_loss 0.5880, quant_error 1.8112, utilization 0.0556, perplexity 319.8872,
Train Epoch: [1/2] Iters:[640/20018] transplant_loss 8.0852, rec_loss 0.0867, p_loss 0.5880, quant_error 1.8056, utilization 0.0562, perplexity 319.8536,
Train Epoch: [1/2] Iters:[650/20018] transplant_loss 8.0818, rec_loss 0.0868, p_loss 0.5881, quant_error 1.7987, utilization 0.0567, perplexity 317.8261,
Train Epoch: [1/2] Iters:[660/20018] transplant_loss 8.0619, rec_loss 0.0854, p_loss 0.5873, quant_error 1.7882, utilization 0.0574, perplexity 317.0061,
Train Epoch: [1/2] Iters:[670/20018] transplant_loss 8.0377, rec_loss 0.0851, p_loss 0.5880, quant_error 1.7841, utilization 0.0578, perplexity 313.8448,
Train Epoch: [1/2] Iters:[680/20018] transplant_loss 8.0126, rec_loss 0.0852, p_loss 0.5865, quant_error 1.7781, utilization 0.0582, perplexity 315.5435,
Train Epoch: [1/2] Iters:[690/20018] transplant_loss 7.9661, rec_loss 0.0848, p_loss 0.5856, quant_error 1.7639, utilization 0.0587, perplexity 318.4972,
Train Epoch: [1/2] Iters:[700/20018] transplant_loss 7.9394, rec_loss 0.0841, p_loss 0.5838, quant_error 1.7592, utilization 0.0592, perplexity 322.2860,
Train Epoch: [1/2] Iters:[710/20018] transplant_loss 7.9394, rec_loss 0.0844, p_loss 0.5839, quant_error 1.7583, utilization 0.0593, perplexity 322.1416,
Train Epoch: [1/2] Iters:[720/20018] transplant_loss 7.9219, rec_loss 0.0832, p_loss 0.5818, quant_error 1.7467, utilization 0.0597, perplexity 325.3126,
Train Epoch: [1/2] Iters:[730/20018] transplant_loss 7.8683, rec_loss 0.0828, p_loss 0.5812, quant_error 1.7328, utilization 0.0600, perplexity 326.9236,
Train Epoch: [1/2] Iters:[740/20018] transplant_loss 7.8800, rec_loss 0.0835, p_loss 0.5821, quant_error 1.7363, utilization 0.0606, perplexity 328.0091,
Train Epoch: [1/2] Iters:[750/20018] transplant_loss 7.8495, rec_loss 0.0827, p_loss 0.5800, quant_error 1.7235, utilization 0.0611, perplexity 330.9242,
Train Epoch: [1/2] Iters:[760/20018] transplant_loss 7.8113, rec_loss 0.0817, p_loss 0.5801, quant_error 1.7137, utilization 0.0619, perplexity 335.3442,
Train Epoch: [1/2] Iters:[770/20018] transplant_loss 7.7910, rec_loss 0.0818, p_loss 0.5796, quant_error 1.7097, utilization 0.0625, perplexity 339.9880,
Train Epoch: [1/2] Iters:[780/20018] transplant_loss 7.8353, rec_loss 0.0814, p_loss 0.5799, quant_error 1.7158, utilization 0.0632, perplexity 345.3521,
Train Epoch: [1/2] Iters:[790/20018] transplant_loss 7.8049, rec_loss 0.0807, p_loss 0.5783, quant_error 1.7074, utilization 0.0638, perplexity 350.6102,
Train Epoch: [1/2] Iters:[800/20018] transplant_loss 7.7856, rec_loss 0.0801, p_loss 0.5785, quant_error 1.6983, utilization 0.0646, perplexity 356.1204,
Train Epoch: [1/2] Iters:[810/20018] transplant_loss 7.7890, rec_loss 0.0803, p_loss 0.5781, quant_error 1.6941, utilization 0.0651, perplexity 362.5390,
Train Epoch: [1/2] Iters:[820/20018] transplant_loss 7.8034, rec_loss 0.0803, p_loss 0.5780, quant_error 1.6958, utilization 0.0657, perplexity 367.0654,
Train Epoch: [1/2] Iters:[830/20018] transplant_loss 7.7547, rec_loss 0.0802, p_loss 0.5758, quant_error 1.6817, utilization 0.0663, perplexity 373.2494,
Train Epoch: [1/2] Iters:[840/20018] transplant_loss 7.7506, rec_loss 0.0793, p_loss 0.5749, quant_error 1.6722, utilization 0.0669, perplexity 380.7817,
Train Epoch: [1/2] Iters:[850/20018] transplant_loss 7.7535, rec_loss 0.0790, p_loss 0.5733, quant_error 1.6710, utilization 0.0671, perplexity 386.4713,
Train Epoch: [1/2] Iters:[860/20018] transplant_loss 7.7056, rec_loss 0.0792, p_loss 0.5719, quant_error 1.6608, utilization 0.0675, perplexity 394.6159,
Train Epoch: [1/2] Iters:[870/20018] transplant_loss 7.6452, rec_loss 0.0787, p_loss 0.5716, quant_error 1.6446, utilization 0.0679, perplexity 401.4803,
Train Epoch: [1/2] Iters:[880/20018] transplant_loss 7.6393, rec_loss 0.0782, p_loss 0.5710, quant_error 1.6368, utilization 0.0682, perplexity 405.6482,
Train Epoch: [1/2] Iters:[890/20018] transplant_loss 7.6464, rec_loss 0.0778, p_loss 0.5698, quant_error 1.6305, utilization 0.0683, perplexity 407.8001,
Train Epoch: [1/2] Iters:[900/20018] transplant_loss 7.6277, rec_loss 0.0778, p_loss 0.5716, quant_error 1.6237, utilization 0.0684, perplexity 412.8510,
Train Epoch: [1/2] Iters:[910/20018] transplant_loss 7.6591, rec_loss 0.0774, p_loss 0.5716, quant_error 1.6212, utilization 0.0688, perplexity 417.2361,
Train Epoch: [1/2] Iters:[920/20018] transplant_loss 7.6772, rec_loss 0.0770, p_loss 0.5689, quant_error 1.6179, utilization 0.0691, perplexity 419.4634,
Train Epoch: [1/2] Iters:[930/20018] transplant_loss 7.6510, rec_loss 0.0766, p_loss 0.5689, quant_error 1.6076, utilization 0.0693, perplexity 422.4594,
Train Epoch: [1/2] Iters:[940/20018] transplant_loss 7.6041, rec_loss 0.0759, p_loss 0.5677, quant_error 1.5986, utilization 0.0698, perplexity 427.5960,
Train Epoch: [1/2] Iters:[950/20018] transplant_loss 7.5857, rec_loss 0.0753, p_loss 0.5674, quant_error 1.5889, utilization 0.0703, perplexity 427.9876,
Train Epoch: [1/2] Iters:[960/20018] transplant_loss 7.5344, rec_loss 0.0750, p_loss 0.5665, quant_error 1.5771, utilization 0.0705, perplexity 429.1239,
Train Epoch: [1/2] Iters:[970/20018] transplant_loss 7.5231, rec_loss 0.0748, p_loss 0.5676, quant_error 1.5685, utilization 0.0708, perplexity 432.2983,
Train Epoch: [1/2] Iters:[980/20018] transplant_loss 7.4961, rec_loss 0.0744, p_loss 0.5667, quant_error 1.5613, utilization 0.0711, perplexity 435.2291,
Train Epoch: [1/2] Iters:[990/20018] transplant_loss 7.4906, rec_loss 0.0742, p_loss 0.5665, quant_error 1.5605, utilization 0.0714, perplexity 439.1750,
Train Epoch: [1/2] Iters:[1000/20018] transplant_loss 7.4916, rec_loss 0.0750, p_loss 0.5641, quant_error 1.5638, utilization 0.0718, perplexity 446.7380,
Train Epoch: [1/2] Iters:[1010/20018] transplant_loss 7.4968, rec_loss 0.0745, p_loss 0.5628, quant_error 1.5665, utilization 0.0723, perplexity 451.1498,
Train Epoch: [1/2] Iters:[1020/20018] transplant_loss 7.4588, rec_loss 0.0742, p_loss 0.5615, quant_error 1.5632, utilization 0.0730, perplexity 455.4709,
Train Epoch: [1/2] Iters:[1030/20018] transplant_loss 7.4580, rec_loss 0.0742, p_loss 0.5615, quant_error 1.5635, utilization 0.0736, perplexity 460.7830,
Train Epoch: [1/2] Iters:[1040/20018] transplant_loss 7.4152, rec_loss 0.0743, p_loss 0.5608, quant_error 1.5503, utilization 0.0737, perplexity 462.4249,
Train Epoch: [1/2] Iters:[1050/20018] transplant_loss 7.4486, rec_loss 0.0738, p_loss 0.5616, quant_error 1.5481, utilization 0.0740, perplexity 462.6193,
Train Epoch: [1/2] Iters:[1060/20018] transplant_loss 7.4515, rec_loss 0.0736, p_loss 0.5609, quant_error 1.5441, utilization 0.0743, perplexity 465.8194,
Train Epoch: [1/2] Iters:[1070/20018] transplant_loss 7.4425, rec_loss 0.0728, p_loss 0.5612, quant_error 1.5371, utilization 0.0746, perplexity 469.0104,
Train Epoch: [1/2] Iters:[1080/20018] transplant_loss 7.4279, rec_loss 0.0722, p_loss 0.5597, quant_error 1.5266, utilization 0.0749, perplexity 472.4115,
Train Epoch: [1/2] Iters:[1090/20018] transplant_loss 7.4483, rec_loss 0.0717, p_loss 0.5582, quant_error 1.5224, utilization 0.0756, perplexity 478.0815,
Train Epoch: [1/2] Iters:[1100/20018] transplant_loss 7.3714, rec_loss 0.0709, p_loss 0.5573, quant_error 1.5053, utilization 0.0763, perplexity 482.8286,
Train Epoch: [1/2] Iters:[1110/20018] transplant_loss 7.3733, rec_loss 0.0703, p_loss 0.5555, quant_error 1.4979, utilization 0.0767, perplexity 486.3998,
Train Epoch: [1/2] Iters:[1120/20018] transplant_loss 7.3681, rec_loss 0.0712, p_loss 0.5546, quant_error 1.4904, utilization 0.0771, perplexity 490.0459,
Train Epoch: [1/2] Iters:[1130/20018] transplant_loss 7.3896, rec_loss 0.0713, p_loss 0.5543, quant_error 1.4936, utilization 0.0777, perplexity 496.0551,
Train Epoch: [1/2] Iters:[1140/20018] transplant_loss 7.3830, rec_loss 0.0722, p_loss 0.5544, quant_error 1.4902, utilization 0.0782, perplexity 498.7978,
Train Epoch: [1/2] Iters:[1150/20018] transplant_loss 7.3862, rec_loss 0.0720, p_loss 0.5532, quant_error 1.4855, utilization 0.0784, perplexity 501.4080,
Train Epoch: [1/2] Iters:[1160/20018] transplant_loss 7.3597, rec_loss 0.0733, p_loss 0.5536, quant_error 1.4828, utilization 0.0786, perplexity 504.6498,
Train Epoch: [1/2] Iters:[1170/20018] transplant_loss 7.3497, rec_loss 0.0719, p_loss 0.5533, quant_error 1.4795, utilization 0.0789, perplexity 509.2505,
Train Epoch: [1/2] Iters:[1180/20018] transplant_loss 7.3264, rec_loss 0.0718, p_loss 0.5522, quant_error 1.4720, utilization 0.0790, perplexity 508.7338,
Train Epoch: [1/2] Iters:[1190/20018] transplant_loss 7.3107, rec_loss 0.0718, p_loss 0.5520, quant_error 1.4723, utilization 0.0791, perplexity 511.7076,
Train Epoch: [1/2] Iters:[1200/20018] transplant_loss 7.2928, rec_loss 0.0716, p_loss 0.5511, quant_error 1.4666, utilization 0.0795, perplexity 514.8969,
Train Epoch: [1/2] Iters:[1210/20018] transplant_loss 7.2970, rec_loss 0.0701, p_loss 0.5505, quant_error 1.4585, utilization 0.0801, perplexity 518.8347,
Train Epoch: [1/2] Iters:[1220/20018] transplant_loss 7.2833, rec_loss 0.0705, p_loss 0.5479, quant_error 1.4572, utilization 0.0802, perplexity 521.0751,
Train Epoch: [1/2] Iters:[1230/20018] transplant_loss 7.2522, rec_loss 0.0714, p_loss 0.5478, quant_error 1.4499, utilization 0.0807, perplexity 525.5516,
Train Epoch: [1/2] Iters:[1240/20018] transplant_loss 7.2556, rec_loss 0.0706, p_loss 0.5475, quant_error 1.4453, utilization 0.0809, perplexity 528.4494,
Train Epoch: [1/2] Iters:[1250/20018] transplant_loss 7.2692, rec_loss 0.0707, p_loss 0.5464, quant_error 1.4446, utilization 0.0811, perplexity 531.8696,
Train Epoch: [1/2] Iters:[1260/20018] transplant_loss 7.2458, rec_loss 0.0715, p_loss 0.5462, quant_error 1.4423, utilization 0.0814, perplexity 535.2139,
Train Epoch: [1/2] Iters:[1270/20018] transplant_loss 7.2349, rec_loss 0.0713, p_loss 0.5460, quant_error 1.4368, utilization 0.0819, perplexity 537.5459,
Train Epoch: [1/2] Iters:[1280/20018] transplant_loss 7.2555, rec_loss 0.0703, p_loss 0.5449, quant_error 1.4367, utilization 0.0818, perplexity 537.8698,
Train Epoch: [1/2] Iters:[1290/20018] transplant_loss 7.2236, rec_loss 0.0702, p_loss 0.5448, quant_error 1.4274, utilization 0.0822, perplexity 542.0357,
Train Epoch: [1/2] Iters:[1300/20018] transplant_loss 7.1957, rec_loss 0.0699, p_loss 0.5438, quant_error 1.4250, utilization 0.0825, perplexity 547.8819,
Train Epoch: [1/2] Iters:[1310/20018] transplant_loss 7.1669, rec_loss 0.0694, p_loss 0.5431, quant_error 1.4144, utilization 0.0824, perplexity 547.0673,
Train Epoch: [1/2] Iters:[1320/20018] transplant_loss 7.1883, rec_loss 0.0696, p_loss 0.5439, quant_error 1.4181, utilization 0.0824, perplexity 548.8220,
Train Epoch: [1/2] Iters:[1330/20018] transplant_loss 7.1647, rec_loss 0.0686, p_loss 0.5419, quant_error 1.4097, utilization 0.0827, perplexity 551.3026,
Train Epoch: [1/2] Iters:[1340/20018] transplant_loss 7.1765, rec_loss 0.0675, p_loss 0.5389, quant_error 1.4100, utilization 0.0827, perplexity 549.8699,
Train Epoch: [1/2] Iters:[1350/20018] transplant_loss 7.1919, rec_loss 0.0677, p_loss 0.5387, quant_error 1.4070, utilization 0.0826, perplexity 549.3428,
Train Epoch: [1/2] Iters:[1360/20018] transplant_loss 7.1748, rec_loss 0.0666, p_loss 0.5363, quant_error 1.4001, utilization 0.0825, perplexity 546.4701,
Train Epoch: [1/2] Iters:[1370/20018] transplant_loss 7.1721, rec_loss 0.0670, p_loss 0.5349, quant_error 1.3959, utilization 0.0824, perplexity 546.3211,
Train Epoch: [1/2] Iters:[1380/20018] transplant_loss 7.1687, rec_loss 0.0671, p_loss 0.5363, quant_error 1.3970, utilization 0.0824, perplexity 548.6331,
Train Epoch: [1/2] Iters:[1390/20018] transplant_loss 7.1760, rec_loss 0.0676, p_loss 0.5364, quant_error 1.3953, utilization 0.0825, perplexity 552.9227,
Train Epoch: [1/2] Iters:[1400/20018] transplant_loss 7.1513, rec_loss 0.0679, p_loss 0.5364, quant_error 1.3937, utilization 0.0826, perplexity 552.7699,
Train Epoch: [1/2] Iters:[1410/20018] transplant_loss 7.1811, rec_loss 0.0687, p_loss 0.5374, quant_error 1.4030, utilization 0.0832, perplexity 563.1686,
Train Epoch: [1/2] Iters:[1420/20018] transplant_loss 7.1347, rec_loss 0.0676, p_loss 0.5365, quant_error 1.3914, utilization 0.0834, perplexity 567.9763,
Train Epoch: [1/2] Iters:[1430/20018] transplant_loss 7.1050, rec_loss 0.0674, p_loss 0.5341, quant_error 1.3821, utilization 0.0837, perplexity 570.1936,
Train Epoch: [1/2] Iters:[1440/20018] transplant_loss 7.0791, rec_loss 0.0671, p_loss 0.5340, quant_error 1.3797, utilization 0.0839, perplexity 570.9785,
Train Epoch: [1/2] Iters:[1450/20018] transplant_loss 7.0902, rec_loss 0.0657, p_loss 0.5325, quant_error 1.3762, utilization 0.0841, perplexity 571.9278,
Train Epoch: [1/2] Iters:[1460/20018] transplant_loss 7.0898, rec_loss 0.0655, p_loss 0.5332, quant_error 1.3749, utilization 0.0842, perplexity 571.1197,
Train Epoch: [1/2] Iters:[1470/20018] transplant_loss 7.0952, rec_loss 0.0657, p_loss 0.5311, quant_error 1.3768, utilization 0.0844, perplexity 572.2541,
Train Epoch: [1/2] Iters:[1480/20018] transplant_loss 7.1206, rec_loss 0.0660, p_loss 0.5316, quant_error 1.3770, utilization 0.0848, perplexity 572.3847,
Train Epoch: [1/2] Iters:[1490/20018] transplant_loss 7.1022, rec_loss 0.0662, p_loss 0.5309, quant_error 1.3723, utilization 0.0851, perplexity 575.7353,
Train Epoch: [1/2] Iters:[1500/20018] transplant_loss 7.0747, rec_loss 0.0663, p_loss 0.5304, quant_error 1.3697, utilization 0.0854, perplexity 580.1765,
Train Epoch: [1/2] Iters:[1510/20018] transplant_loss 7.0496, rec_loss 0.0670, p_loss 0.5304, quant_error 1.3634, utilization 0.0852, perplexity 580.9494,
Train Epoch: [1/2] Iters:[1520/20018] transplant_loss 7.0480, rec_loss 0.0672, p_loss 0.5307, quant_error 1.3576, utilization 0.0853, perplexity 581.7781,
Train Epoch: [1/2] Iters:[1530/20018] transplant_loss 7.0233, rec_loss 0.0669, p_loss 0.5304, quant_error 1.3545, utilization 0.0853, perplexity 585.2096,
Train Epoch: [1/2] Iters:[1540/20018] transplant_loss 7.0264, rec_loss 0.0676, p_loss 0.5296, quant_error 1.3481, utilization 0.0850, perplexity 583.0507,
Train Epoch: [1/2] Iters:[1550/20018] transplant_loss 7.0097, rec_loss 0.0677, p_loss 0.5288, quant_error 1.3398, utilization 0.0854, perplexity 586.4345,
Train Epoch: [1/2] Iters:[1560/20018] transplant_loss 6.9882, rec_loss 0.0668, p_loss 0.5271, quant_error 1.3328, utilization 0.0856, perplexity 589.4385,
Train Epoch: [1/2] Iters:[1570/20018] transplant_loss 6.9735, rec_loss 0.0663, p_loss 0.5275, quant_error 1.3283, utilization 0.0858, perplexity 591.4041,
Train Epoch: [1/2] Iters:[1580/20018] transplant_loss 6.9517, rec_loss 0.0665, p_loss 0.5251, quant_error 1.3223, utilization 0.0860, perplexity 594.5245,
Train Epoch: [1/2] Iters:[1590/20018] transplant_loss 6.9467, rec_loss 0.0659, p_loss 0.5245, quant_error 1.3219, utilization 0.0861, perplexity 596.7069,
Train Epoch: [1/2] Iters:[1600/20018] transplant_loss 6.9315, rec_loss 0.0657, p_loss 0.5257, quant_error 1.3192, utilization 0.0856, perplexity 591.8996,
Train Epoch: [1/2] Iters:[1610/20018] transplant_loss 6.9260, rec_loss 0.0657, p_loss 0.5246, quant_error 1.3163, utilization 0.0860, perplexity 593.4318,
Train Epoch: [1/2] Iters:[1620/20018] transplant_loss 6.9259, rec_loss 0.0664, p_loss 0.5244, quant_error 1.3186, utilization 0.0862, perplexity 596.7019,
Train Epoch: [1/2] Iters:[1630/20018] transplant_loss 6.9275, rec_loss 0.0658, p_loss 0.5240, quant_error 1.3169, utilization 0.0862, perplexity 595.1172,
Train Epoch: [1/2] Iters:[1640/20018] transplant_loss 6.9172, rec_loss 0.0654, p_loss 0.5230, quant_error 1.3131, utilization 0.0864, perplexity 598.0655,
Train Epoch: [1/2] Iters:[1650/20018] transplant_loss 6.9360, rec_loss 0.0654, p_loss 0.5200, quant_error 1.3137, utilization 0.0867, perplexity 602.3448,
Train Epoch: [1/2] Iters:[1660/20018] transplant_loss 6.9307, rec_loss 0.0648, p_loss 0.5191, quant_error 1.3086, utilization 0.0866, perplexity 601.5511,
Train Epoch: [1/2] Iters:[1670/20018] transplant_loss 6.9389, rec_loss 0.0644, p_loss 0.5191, quant_error 1.3093, utilization 0.0864, perplexity 600.0473,
Train Epoch: [1/2] Iters:[1680/20018] transplant_loss 6.9372, rec_loss 0.0656, p_loss 0.5188, quant_error 1.3109, utilization 0.0864, perplexity 599.9046,
Train Epoch: [1/2] Iters:[1690/20018] transplant_loss 6.9324, rec_loss 0.0656, p_loss 0.5198, quant_error 1.3110, utilization 0.0862, perplexity 598.3494,
Train Epoch: [1/2] Iters:[1700/20018] transplant_loss 6.9187, rec_loss 0.0652, p_loss 0.5197, quant_error 1.3079, utilization 0.0866, perplexity 600.4522,
Train Epoch: [1/2] Iters:[1710/20018] transplant_loss 6.9054, rec_loss 0.0656, p_loss 0.5180, quant_error 1.3048, utilization 0.0869, perplexity 602.5841,
Train Epoch: [1/2] Iters:[1720/20018] transplant_loss 6.8826, rec_loss 0.0646, p_loss 0.5158, quant_error 1.2958, utilization 0.0872, perplexity 606.9973,
Train Epoch: [1/2] Iters:[1730/20018] transplant_loss 6.8770, rec_loss 0.0638, p_loss 0.5156, quant_error 1.2913, utilization 0.0871, perplexity 607.2551,
Train Epoch: [1/2] Iters:[1740/20018] transplant_loss 6.8966, rec_loss 0.0640, p_loss 0.5152, quant_error 1.2933, utilization 0.0871, perplexity 607.2428,
Train Epoch: [1/2] Iters:[1750/20018] transplant_loss 6.8997, rec_loss 0.0646, p_loss 0.5162, quant_error 1.2956, utilization 0.0872, perplexity 609.8316,
Train Epoch: [1/2] Iters:[1760/20018] transplant_loss 6.9167, rec_loss 0.0635, p_loss 0.5171, quant_error 1.2981, utilization 0.0871, perplexity 608.9602,
Train Epoch: [1/2] Iters:[1770/20018] transplant_loss 6.9221, rec_loss 0.0644, p_loss 0.5187, quant_error 1.2993, utilization 0.0870, perplexity 604.4901,
Train Epoch: [1/2] Iters:[1780/20018] transplant_loss 6.9240, rec_loss 0.0641, p_loss 0.5183, quant_error 1.3003, utilization 0.0875, perplexity 609.3342,
Train Epoch: [1/2] Iters:[1790/20018] transplant_loss 6.8936, rec_loss 0.0638, p_loss 0.5177, quant_error 1.2951, utilization 0.0880, perplexity 613.6033,
Train Epoch: [1/2] Iters:[1800/20018] transplant_loss 6.8910, rec_loss 0.0630, p_loss 0.5175, quant_error 1.2889, utilization 0.0879, perplexity 611.3221,
Train Epoch: [1/2] Iters:[1810/20018] transplant_loss 6.8745, rec_loss 0.0643, p_loss 0.5170, quant_error 1.2863, utilization 0.0878, perplexity 611.1469,
Train Epoch: [1/2] Iters:[1820/20018] transplant_loss 6.8537, rec_loss 0.0628, p_loss 0.5148, quant_error 1.2796, utilization 0.0879, perplexity 614.5865,
Train Epoch: [1/2] Iters:[1830/20018] transplant_loss 6.8191, rec_loss 0.0631, p_loss 0.5149, quant_error 1.2731, utilization 0.0877, perplexity 612.2203,
Train Epoch: [1/2] Iters:[1840/20018] transplant_loss 6.8041, rec_loss 0.0635, p_loss 0.5137, quant_error 1.2668, utilization 0.0876, perplexity 612.3380,
Train Epoch: [1/2] Iters:[1850/20018] transplant_loss 6.7974, rec_loss 0.0644, p_loss 0.5135, quant_error 1.2680, utilization 0.0877, perplexity 613.1835,
Train Epoch: [1/2] Iters:[1860/20018] transplant_loss 6.8053, rec_loss 0.0634, p_loss 0.5126, quant_error 1.2679, utilization 0.0881, perplexity 616.8370,
Train Epoch: [1/2] Iters:[1870/20018] transplant_loss 6.7894, rec_loss 0.0645, p_loss 0.5136, quant_error 1.2686, utilization 0.0882, perplexity 615.9986,
Train Epoch: [1/2] Iters:[1880/20018] transplant_loss 6.7964, rec_loss 0.0649, p_loss 0.5133, quant_error 1.2681, utilization 0.0888, perplexity 623.4419,
Train Epoch: [1/2] Iters:[1890/20018] transplant_loss 6.8072, rec_loss 0.0641, p_loss 0.5137, quant_error 1.2688, utilization 0.0890, perplexity 621.8121,
Train Epoch: [1/2] Iters:[1900/20018] transplant_loss 6.8063, rec_loss 0.0636, p_loss 0.5127, quant_error 1.2673, utilization 0.0893, perplexity 624.9507,
Train Epoch: [1/2] Iters:[1910/20018] transplant_loss 6.8068, rec_loss 0.0644, p_loss 0.5136, quant_error 1.2693, utilization 0.0894, perplexity 625.5038,
Train Epoch: [1/2] Iters:[1920/20018] transplant_loss 6.8136, rec_loss 0.0646, p_loss 0.5124, quant_error 1.2667, utilization 0.0897, perplexity 630.1171,
Train Epoch: [1/2] Iters:[1930/20018] transplant_loss 6.8136, rec_loss 0.0641, p_loss 0.5115, quant_error 1.2631, utilization 0.0897, perplexity 629.5853,
Train Epoch: [1/2] Iters:[1940/20018] transplant_loss 6.7940, rec_loss 0.0642, p_loss 0.5101, quant_error 1.2599, utilization 0.0897, perplexity 631.3599,
Train Epoch: [1/2] Iters:[1950/20018] transplant_loss 6.8014, rec_loss 0.0636, p_loss 0.5091, quant_error 1.2588, utilization 0.0898, perplexity 631.7258,
Train Epoch: [1/2] Iters:[1960/20018] transplant_loss 6.7823, rec_loss 0.0634, p_loss 0.5094, quant_error 1.2529, utilization 0.0898, perplexity 631.4614,
Train Epoch: [1/2] Iters:[1970/20018] transplant_loss 6.7990, rec_loss 0.0633, p_loss 0.5100, quant_error 1.2566, utilization 0.0896, perplexity 629.9511,
Train Epoch: [1/2] Iters:[1980/20018] transplant_loss 6.7906, rec_loss 0.0638, p_loss 0.5098, quant_error 1.2572, utilization 0.0896, perplexity 628.4412,
Train Epoch: [1/2] Iters:[1990/20018] transplant_loss 6.8053, rec_loss 0.0642, p_loss 0.5101, quant_error 1.2597, utilization 0.0898, perplexity 630.0697,
Train Epoch: [1/2] Iters:[2000/20018] transplant_loss 6.7956, rec_loss 0.0653, p_loss 0.5101, quant_error 1.2594, utilization 0.0898, perplexity 632.5989,
Train Epoch: [1/2] Iters:[2010/20018] transplant_loss 6.8009, rec_loss 0.0657, p_loss 0.5092, quant_error 1.2602, utilization 0.0899, perplexity 634.6391,
Train Epoch: [1/2] Iters:[2020/20018] transplant_loss 6.7849, rec_loss 0.0649, p_loss 0.5068, quant_error 1.2552, utilization 0.0902, perplexity 634.6214,
Train Epoch: [1/2] Iters:[2030/20018] transplant_loss 6.7941, rec_loss 0.0647, p_loss 0.5070, quant_error 1.2537, utilization 0.0901, perplexity 634.0844,
Train Epoch: [1/2] Iters:[2040/20018] transplant_loss 6.7691, rec_loss 0.0637, p_loss 0.5046, quant_error 1.2504, utilization 0.0906, perplexity 637.9519,
Train Epoch: [1/2] Iters:[2050/20018] transplant_loss 6.7447, rec_loss 0.0634, p_loss 0.5060, quant_error 1.2460, utilization 0.0904, perplexity 634.7027,
Train Epoch: [1/2] Iters:[2060/20018] transplant_loss 6.7219, rec_loss 0.0622, p_loss 0.5041, quant_error 1.2417, utilization 0.0908, perplexity 635.5238,
Train Epoch: [1/2] Iters:[2070/20018] transplant_loss 6.6935, rec_loss 0.0624, p_loss 0.5046, quant_error 1.2366, utilization 0.0905, perplexity 636.0837,
Train Epoch: [1/2] Iters:[2080/20018] transplant_loss 6.6910, rec_loss 0.0621, p_loss 0.5038, quant_error 1.2361, utilization 0.0907, perplexity 637.1322,
Train Epoch: [1/2] Iters:[2090/20018] transplant_loss 6.6941, rec_loss 0.0631, p_loss 0.5057, quant_error 1.2347, utilization 0.0905, perplexity 636.1024,
Train Epoch: [1/2] Iters:[2100/20018] transplant_loss 6.7098, rec_loss 0.0634, p_loss 0.5047, quant_error 1.2364, utilization 0.0906, perplexity 633.9704,
Train Epoch: [1/2] Iters:[2110/20018] transplant_loss 6.7372, rec_loss 0.0645, p_loss 0.5050, quant_error 1.2401, utilization 0.0901, perplexity 632.0651,
Train Epoch: [1/2] Iters:[2120/20018] transplant_loss 6.7460, rec_loss 0.0647, p_loss 0.5054, quant_error 1.2410, utilization 0.0902, perplexity 633.4281,
Train Epoch: [1/2] Iters:[2130/20018] transplant_loss 6.7316, rec_loss 0.0643, p_loss 0.5056, quant_error 1.2373, utilization 0.0901, perplexity 630.8693,
Train Epoch: [1/2] Iters:[2140/20018] transplant_loss 6.7518, rec_loss 0.0637, p_loss 0.5053, quant_error 1.2372, utilization 0.0897, perplexity 628.5048,
Train Epoch: [1/2] Iters:[2150/20018] transplant_loss 6.7021, rec_loss 0.0629, p_loss 0.5032, quant_error 1.2288, utilization 0.0900, perplexity 635.2786,
Train Epoch: [1/2] Iters:[2160/20018] transplant_loss 6.6918, rec_loss 0.0625, p_loss 0.5036, quant_error 1.2297, utilization 0.0904, perplexity 636.2490,
Train Epoch: [1/2] Iters:[2170/20018] transplant_loss 6.6890, rec_loss 0.0626, p_loss 0.5029, quant_error 1.2301, utilization 0.0904, perplexity 634.7304,
Train Epoch: [1/2] Iters:[2180/20018] transplant_loss 6.6792, rec_loss 0.0629, p_loss 0.5011, quant_error 1.2289, utilization 0.0910, perplexity 639.4023,
Train Epoch: [1/2] Iters:[2190/20018] transplant_loss 6.6684, rec_loss 0.0627, p_loss 0.4999, quant_error 1.2282, utilization 0.0913, perplexity 639.0130,
Train Epoch: [1/2] Iters:[2200/20018] transplant_loss 6.6976, rec_loss 0.0631, p_loss 0.5013, quant_error 1.2318, utilization 0.0910, perplexity 634.9540,
Train Epoch: [1/2] Iters:[2210/20018] transplant_loss 6.6631, rec_loss 0.0621, p_loss 0.4990, quant_error 1.2236, utilization 0.0914, perplexity 638.9886,
Train Epoch: [1/2] Iters:[2220/20018] transplant_loss 6.6994, rec_loss 0.0616, p_loss 0.4989, quant_error 1.2259, utilization 0.0912, perplexity 638.1959,
Train Epoch: [1/2] Iters:[2230/20018] transplant_loss 6.7064, rec_loss 0.0611, p_loss 0.5007, quant_error 1.2259, utilization 0.0905, perplexity 632.2353,
Train Epoch: [1/2] Iters:[2240/20018] transplant_loss 6.6698, rec_loss 0.0619, p_loss 0.5005, quant_error 1.2213, utilization 0.0905, perplexity 632.5783,
Train Epoch: [1/2] Iters:[2250/20018] transplant_loss 6.6529, rec_loss 0.0614, p_loss 0.5001, quant_error 1.2169, utilization 0.0901, perplexity 630.8962,
Train Epoch: [1/2] Iters:[2260/20018] transplant_loss 6.6699, rec_loss 0.0624, p_loss 0.5017, quant_error 1.2177, utilization 0.0895, perplexity 627.5713,
Train Epoch: [1/2] Iters:[2270/20018] transplant_loss 6.6378, rec_loss 0.0626, p_loss 0.5016, quant_error 1.2142, utilization 0.0901, perplexity 632.0902,
Train Epoch: [1/2] Iters:[2280/20018] transplant_loss 6.6114, rec_loss 0.0628, p_loss 0.5001, quant_error 1.2108, utilization 0.0904, perplexity 636.3253,
Train Epoch: [1/2] Iters:[2290/20018] transplant_loss 6.6108, rec_loss 0.0623, p_loss 0.4994, quant_error 1.2082, utilization 0.0905, perplexity 639.1196,
Train Epoch: [1/2] Iters:[2300/20018] transplant_loss 6.6035, rec_loss 0.0623, p_loss 0.4980, quant_error 1.2054, utilization 0.0909, perplexity 642.7164,
Train Epoch: [1/2] Iters:[2310/20018] transplant_loss 6.5757, rec_loss 0.0612, p_loss 0.4966, quant_error 1.2008, utilization 0.0912, perplexity 646.8475,
Train Epoch: [1/2] Iters:[2320/20018] transplant_loss 6.5816, rec_loss 0.0611, p_loss 0.4945, quant_error 1.2004, utilization 0.0908, perplexity 642.9353,
Train Epoch: [1/2] Iters:[2330/20018] transplant_loss 6.5741, rec_loss 0.0608, p_loss 0.4939, quant_error 1.1991, utilization 0.0909, perplexity 643.6602,
Train Epoch: [1/2] Iters:[2340/20018] transplant_loss 6.5837, rec_loss 0.0600, p_loss 0.4924, quant_error 1.1988, utilization 0.0909, perplexity 642.9092,
Train Epoch: [1/2] Iters:[2350/20018] transplant_loss 6.5901, rec_loss 0.0600, p_loss 0.4928, quant_error 1.1992, utilization 0.0907, perplexity 641.5672,
Train Epoch: [1/2] Iters:[2360/20018] transplant_loss 6.5849, rec_loss 0.0610, p_loss 0.4928, quant_error 1.1985, utilization 0.0903, perplexity 638.4105,
Train Epoch: [1/2] Iters:[2370/20018] transplant_loss 6.5579, rec_loss 0.0616, p_loss 0.4942, quant_error 1.1944, utilization 0.0905, perplexity 641.0121,
Train Epoch: [1/2] Iters:[2380/20018] transplant_loss 6.5718, rec_loss 0.0621, p_loss 0.4945, quant_error 1.1964, utilization 0.0907, perplexity 642.9635,
Train Epoch: [1/2] Iters:[2390/20018] transplant_loss 6.5442, rec_loss 0.0626, p_loss 0.4946, quant_error 1.1943, utilization 0.0909, perplexity 644.5935,
Train Epoch: [1/2] Iters:[2400/20018] transplant_loss 6.5222, rec_loss 0.0621, p_loss 0.4934, quant_error 1.1915, utilization 0.0915, perplexity 650.0011,
Train Epoch: [1/2] Iters:[2410/20018] transplant_loss 6.4992, rec_loss 0.0615, p_loss 0.4934, quant_error 1.1876, utilization 0.0920, perplexity 652.8436,
Train Epoch: [1/2] Iters:[2420/20018] transplant_loss 6.5239, rec_loss 0.0613, p_loss 0.4939, quant_error 1.1927, utilization 0.0921, perplexity 654.6061,
Train Epoch: [1/2] Iters:[2430/20018] transplant_loss 6.5071, rec_loss 0.0615, p_loss 0.4933, quant_error 1.1899, utilization 0.0921, perplexity 654.3064,
Train Epoch: [1/2] Iters:[2440/20018] transplant_loss 6.5195, rec_loss 0.0614, p_loss 0.4930, quant_error 1.1897, utilization 0.0921, perplexity 654.9893,
Train Epoch: [1/2] Iters:[2450/20018] transplant_loss 6.5300, rec_loss 0.0620, p_loss 0.4935, quant_error 1.1941, utilization 0.0920, perplexity 653.7975,
Train Epoch: [1/2] Iters:[2460/20018] transplant_loss 6.5399, rec_loss 0.0615, p_loss 0.4922, quant_error 1.1924, utilization 0.0918, perplexity 653.5604,
Train Epoch: [1/2] Iters:[2470/20018] transplant_loss 6.5024, rec_loss 0.0613, p_loss 0.4905, quant_error 1.1826, utilization 0.0916, perplexity 652.0676,
Train Epoch: [1/2] Iters:[2480/20018] transplant_loss 6.4964, rec_loss 0.0611, p_loss 0.4909, quant_error 1.1827, utilization 0.0915, perplexity 652.5853,
Train Epoch: [1/2] Iters:[2490/20018] transplant_loss 6.4952, rec_loss 0.0606, p_loss 0.4920, quant_error 1.1827, utilization 0.0919, perplexity 654.1626,
Train Epoch: [1/2] Iters:[2500/20018] transplant_loss 6.4981, rec_loss 0.0608, p_loss 0.4911, quant_error 1.1792, utilization 0.0918, perplexity 653.4005,
Train Epoch: [1/2] Iters:[2510/20018] transplant_loss 6.5098, rec_loss 0.0616, p_loss 0.4926, quant_error 1.1836, utilization 0.0917, perplexity 652.6434,
Train Epoch: [1/2] Iters:[2520/20018] transplant_loss 6.5138, rec_loss 0.0610, p_loss 0.4929, quant_error 1.1858, utilization 0.0921, perplexity 655.7303,
Train Epoch: [1/2] Iters:[2530/20018] transplant_loss 6.5228, rec_loss 0.0607, p_loss 0.4923, quant_error 1.1832, utilization 0.0921, perplexity 657.0370,
Train Epoch: [1/2] Iters:[2540/20018] transplant_loss 6.5055, rec_loss 0.0614, p_loss 0.4925, quant_error 1.1794, utilization 0.0916, perplexity 655.6307,
Train Epoch: [1/2] Iters:[2550/20018] transplant_loss 6.4777, rec_loss 0.0610, p_loss 0.4922, quant_error 1.1769, utilization 0.0917, perplexity 656.2209,
Train Epoch: [1/2] Iters:[2560/20018] transplant_loss 6.4550, rec_loss 0.0605, p_loss 0.4905, quant_error 1.1723, utilization 0.0920, perplexity 658.1550,
Train Epoch: [1/2] Iters:[2570/20018] transplant_loss 6.4523, rec_loss 0.0611, p_loss 0.4897, quant_error 1.1715, utilization 0.0917, perplexity 655.2037,
Train Epoch: [1/2] Iters:[2580/20018] transplant_loss 6.4525, rec_loss 0.0603, p_loss 0.4880, quant_error 1.1691, utilization 0.0918, perplexity 654.3429,
Train Epoch: [1/2] Iters:[2590/20018] transplant_loss 6.4692, rec_loss 0.0601, p_loss 0.4879, quant_error 1.1721, utilization 0.0919, perplexity 652.6442,
Train Epoch: [1/2] Iters:[2600/20018] transplant_loss 6.4768, rec_loss 0.0601, p_loss 0.4877, quant_error 1.1716, utilization 0.0921, perplexity 652.3773,
Train Epoch: [1/2] Iters:[2610/20018] transplant_loss 6.4799, rec_loss 0.0600, p_loss 0.4879, quant_error 1.1707, utilization 0.0920, perplexity 650.8658,
Train Epoch: [1/2] Iters:[2620/20018] transplant_loss 6.4601, rec_loss 0.0592, p_loss 0.4876, quant_error 1.1674, utilization 0.0924, perplexity 656.6104,
Train Epoch: [1/2] Iters:[2630/20018] transplant_loss 6.4617, rec_loss 0.0597, p_loss 0.4872, quant_error 1.1681, utilization 0.0923, perplexity 656.4734,
Train Epoch: [1/2] Iters:[2640/20018] transplant_loss 6.4458, rec_loss 0.0595, p_loss 0.4867, quant_error 1.1655, utilization 0.0927, perplexity 659.4426,
Train Epoch: [1/2] Iters:[2650/20018] transplant_loss 6.4437, rec_loss 0.0594, p_loss 0.4861, quant_error 1.1651, utilization 0.0930, perplexity 662.4103,
Train Epoch: [1/2] Iters:[2660/20018] transplant_loss 6.4364, rec_loss 0.0596, p_loss 0.4860, quant_error 1.1633, utilization 0.0928, perplexity 661.8710,
Train Epoch: [1/2] Iters:[2670/20018] transplant_loss 6.4393, rec_loss 0.0599, p_loss 0.4855, quant_error 1.1636, utilization 0.0927, perplexity 658.0682,
Train Epoch: [1/2] Iters:[2680/20018] transplant_loss 6.4266, rec_loss 0.0597, p_loss 0.4856, quant_error 1.1647, utilization 0.0929, perplexity 659.3265,
Train Epoch: [1/2] Iters:[2690/20018] transplant_loss 6.4436, rec_loss 0.0601, p_loss 0.4852, quant_error 1.1693, utilization 0.0929, perplexity 658.3930,
Train Epoch: [1/2] Iters:[2700/20018] transplant_loss 6.4342, rec_loss 0.0597, p_loss 0.4846, quant_error 1.1649, utilization 0.0926, perplexity 654.7558,
Train Epoch: [1/2] Iters:[2710/20018] transplant_loss 6.4277, rec_loss 0.0598, p_loss 0.4846, quant_error 1.1644, utilization 0.0926, perplexity 653.2369,
Train Epoch: [1/2] Iters:[2720/20018] transplant_loss 6.4316, rec_loss 0.0599, p_loss 0.4842, quant_error 1.1640, utilization 0.0924, perplexity 651.4485,
Train Epoch: [1/2] Iters:[2730/20018] transplant_loss 6.4246, rec_loss 0.0602, p_loss 0.4847, quant_error 1.1616, utilization 0.0924, perplexity 652.0812,
Train Epoch: [1/2] Iters:[2740/20018] transplant_loss 6.4113, rec_loss 0.0599, p_loss 0.4847, quant_error 1.1570, utilization 0.0927, perplexity 653.5038,
Train Epoch: [1/2] Iters:[2750/20018] transplant_loss 6.4027, rec_loss 0.0611, p_loss 0.4867, quant_error 1.1610, utilization 0.0925, perplexity 654.5865,
Train Epoch: [1/2] Iters:[2760/20018] transplant_loss 6.4025, rec_loss 0.0611, p_loss 0.4864, quant_error 1.1605, utilization 0.0926, perplexity 657.6920,
Train Epoch: [1/2] Iters:[2770/20018] transplant_loss 6.3773, rec_loss 0.0603, p_loss 0.4845, quant_error 1.1551, utilization 0.0931, perplexity 661.3867,
Train Epoch: [1/2] Iters:[2780/20018] transplant_loss 6.3803, rec_loss 0.0604, p_loss 0.4845, quant_error 1.1545, utilization 0.0929, perplexity 657.6321,
Train Epoch: [1/2] Iters:[2790/20018] transplant_loss 6.3633, rec_loss 0.0595, p_loss 0.4820, quant_error 1.1496, utilization 0.0928, perplexity 657.3534,
Train Epoch: [1/2] Iters:[2800/20018] transplant_loss 6.3785, rec_loss 0.0589, p_loss 0.4802, quant_error 1.1460, utilization 0.0930, perplexity 657.9364,
Train Epoch: [1/2] Iters:[2810/20018] transplant_loss 6.3903, rec_loss 0.0589, p_loss 0.4795, quant_error 1.1464, utilization 0.0929, perplexity 656.9959,
Train Epoch: [1/2] Iters:[2820/20018] transplant_loss 6.4117, rec_loss 0.0598, p_loss 0.4818, quant_error 1.1524, utilization 0.0927, perplexity 655.3333,
Train Epoch: [1/2] Iters:[2830/20018] transplant_loss 6.3827, rec_loss 0.0599, p_loss 0.4814, quant_error 1.1495, utilization 0.0932, perplexity 658.8566,
Train Epoch: [1/2] Iters:[2840/20018] transplant_loss 6.3829, rec_loss 0.0617, p_loss 0.4837, quant_error 1.1521, utilization 0.0930, perplexity 657.4420,
Train Epoch: [1/2] Iters:[2850/20018] transplant_loss 6.3726, rec_loss 0.0615, p_loss 0.4818, quant_error 1.1533, utilization 0.0934, perplexity 660.6557,
Train Epoch: [1/2] Iters:[2860/20018] transplant_loss 6.3450, rec_loss 0.0615, p_loss 0.4828, quant_error 1.1523, utilization 0.0937, perplexity 661.1656,
Train Epoch: [1/2] Iters:[2870/20018] transplant_loss 6.3241, rec_loss 0.0616, p_loss 0.4832, quant_error 1.1490, utilization 0.0934, perplexity 661.2281,
Train Epoch: [1/2] Iters:[2880/20018] transplant_loss 6.3353, rec_loss 0.0611, p_loss 0.4826, quant_error 1.1490, utilization 0.0929, perplexity 657.6860,
Train Epoch: [1/2] Iters:[2890/20018] transplant_loss 6.3458, rec_loss 0.0603, p_loss 0.4822, quant_error 1.1505, utilization 0.0929, perplexity 656.9999,
Train Epoch: [1/2] Iters:[2900/20018] transplant_loss 6.3140, rec_loss 0.0604, p_loss 0.4831, quant_error 1.1461, utilization 0.0929, perplexity 656.7272,
Train Epoch: [1/2] Iters:[2910/20018] transplant_loss 6.3407, rec_loss 0.0601, p_loss 0.4829, quant_error 1.1504, utilization 0.0932, perplexity 660.6991,
Train Epoch: [1/2] Iters:[2920/20018] transplant_loss 6.3347, rec_loss 0.0604, p_loss 0.4838, quant_error 1.1503, utilization 0.0931, perplexity 660.6988,
Train Epoch: [1/2] Iters:[2930/20018] transplant_loss 6.3342, rec_loss 0.0608, p_loss 0.4837, quant_error 1.1538, utilization 0.0932, perplexity 662.9928,
Train Epoch: [1/2] Iters:[2940/20018] transplant_loss 6.3178, rec_loss 0.0602, p_loss 0.4843, quant_error 1.1490, utilization 0.0935, perplexity 666.6692,
Train Epoch: [1/2] Iters:[2950/20018] transplant_loss 6.3409, rec_loss 0.0606, p_loss 0.4847, quant_error 1.1534, utilization 0.0931, perplexity 665.1845,
Train Epoch: [1/2] Iters:[2960/20018] transplant_loss 6.3121, rec_loss 0.0612, p_loss 0.4838, quant_error 1.1484, utilization 0.0931, perplexity 665.7751,
Train Epoch: [1/2] Iters:[2970/20018] transplant_loss 6.2974, rec_loss 0.0603, p_loss 0.4803, quant_error 1.1447, utilization 0.0934, perplexity 667.9644,
Train Epoch: [1/2] Iters:[2980/20018] transplant_loss 6.2864, rec_loss 0.0609, p_loss 0.4817, quant_error 1.1429, utilization 0.0935, perplexity 667.7022,
Train Epoch: [1/2] Iters:[2990/20018] transplant_loss 6.2878, rec_loss 0.0616, p_loss 0.4802, quant_error 1.1476, utilization 0.0934, perplexity 667.5816,
Train Epoch: [1/2] Iters:[3000/20018] transplant_loss 6.2945, rec_loss 0.0619, p_loss 0.4803, quant_error 1.1485, utilization 0.0934, perplexity 665.6270,
Train Epoch: [1/2] Iters:[3010/20018] transplant_loss 6.3034, rec_loss 0.0615, p_loss 0.4812, quant_error 1.1508, utilization 0.0929, perplexity 660.7162,
Train Epoch: [1/2] Iters:[3020/20018] transplant_loss 6.3247, rec_loss 0.0623, p_loss 0.4820, quant_error 1.1529, utilization 0.0931, perplexity 662.3066,
Train Epoch: [1/2] Iters:[3030/20018] transplant_loss 6.3266, rec_loss 0.0619, p_loss 0.4818, quant_error 1.1518, utilization 0.0931, perplexity 663.5096,
Train Epoch: [1/2] Iters:[3040/20018] transplant_loss 6.3027, rec_loss 0.0619, p_loss 0.4817, quant_error 1.1445, utilization 0.0926, perplexity 659.2218,
Train Epoch: [1/2] Iters:[3050/20018] transplant_loss 6.3049, rec_loss 0.0620, p_loss 0.4825, quant_error 1.1436, utilization 0.0924, perplexity 658.8451,
Train Epoch: [1/2] Iters:[3060/20018] transplant_loss 6.2965, rec_loss 0.0623, p_loss 0.4820, quant_error 1.1405, utilization 0.0924, perplexity 659.7578,
Train Epoch: [1/2] Iters:[3070/20018] transplant_loss 6.2863, rec_loss 0.0613, p_loss 0.4824, quant_error 1.1400, utilization 0.0919, perplexity 655.9813,
Train Epoch: [1/2] Iters:[3080/20018] transplant_loss 6.2952, rec_loss 0.0606, p_loss 0.4819, quant_error 1.1398, utilization 0.0920, perplexity 655.7329,
Train Epoch: [1/2] Iters:[3090/20018] transplant_loss 6.3104, rec_loss 0.0608, p_loss 0.4833, quant_error 1.1419, utilization 0.0921, perplexity 658.3890,
Train Epoch: [1/2] Iters:[3100/20018] transplant_loss 6.2831, rec_loss 0.0597, p_loss 0.4814, quant_error 1.1367, utilization 0.0924, perplexity 663.1377,
Train Epoch: [1/2] Iters:[3110/20018] transplant_loss 6.2817, rec_loss 0.0592, p_loss 0.4803, quant_error 1.1373, utilization 0.0923, perplexity 663.8703,
Train Epoch: [1/2] Iters:[3120/20018] transplant_loss 6.2807, rec_loss 0.0595, p_loss 0.4794, quant_error 1.1366, utilization 0.0927, perplexity 666.9038,
Train Epoch: [1/2] Iters:[3130/20018] transplant_loss 6.2411, rec_loss 0.0593, p_loss 0.4769, quant_error 1.1287, utilization 0.0929, perplexity 671.4963,
Train Epoch: [1/2] Iters:[3140/20018] transplant_loss 6.2409, rec_loss 0.0588, p_loss 0.4751, quant_error 1.1296, utilization 0.0933, perplexity 674.6743,
