dataset_dir: /datasets/
dataset_name: ImageNet
global_batch_size: 128
workers: 6
resolution: 256
channels: 3
ms_patch_size: 1_2_3_4_5_6_8_10_13_16
importance: (1, 1, 1, 2, 2, 2, 3, 3, 5, 5)
max_patch_size: 16
codebook_size: 4096
codebook_dim: 16
project_dim: 16
pq: 1
L: 4
alpha: 1.0
beta: 0.2
gamma: 1.0
disc_weight: 0.2
lecam_loss_weight: 0.001
disc_cr_loss_weight: 4.0
VQ: wasserstein_vq
use_multiscale: True
transplant_epochs: 2
refinement_epochs: 5
eval_epochs: 1
lr_transplant: 0.0001
lr_refinement: 1e-05
dropout: 0.0
seed: 3407
weight_decay: 0.0001
stage: transplant
checkpoint_dir: /project/6105494/sunset/VQ-Projects/VQ-Transplant/checkpoint/Transplant/ImageNet
results_dir: /project/6105494/sunset/VQ-Projects/VQ-Transplant/results/Transplant/ImageNet
saver_dir: /project/6105494/sunset/VQ-Projects/VQ-Transplant/saver/Transplant/ImageNet
reconstruction_dir: /project/6105494/sunset/VQ-Projects/VQ-Transplant/reconstruction/Transplant/ImageNet
yaml_dir: /project/6105494/sunset/VQ-Projects/VQ-Transplant/yaml/Transplant/ImageNet
pretrained_tokenizer: /project/6105494/sunset/VQ-Projects/VQ-Transplant/pretrained_tokenizer/model.ckpt
checkpoint_name: 
nnodes: -1
node_rank: -1
local_rank: 0
dist_url: tcp://224.66.41.62:23456
dist_backend: nccl
world_size: 2
batch_size: 64
ms_token_size: (1, 2, 3, 4, 5, 6, 8, 10, 13, 16)
init_checkpoint_dir: /project/6105494/sunset/VQ-Projects/VQ-Transplant/checkpoint/
data_pre: ImageNet
model_pre: model_4096_16_1
loss_pre: loss_1.0_0.2_1.0_0.2
training_pre: wasserstein_vq_transplant_True
saver_name_pre: wasserstein_vq_transplant_True_ImageNet_model_4096_16_1_loss_1.0_0.2_1.0_0.2
| distributed init (rank 0): env://
| distributed init (rank 1): env://
making attention of type 'vanilla' with 512 in_channels
making attention of type 'vanilla' with 512 in_channels
making attention of type 'vanilla' with 512 in_channels
Working with z of shape (1, 16, 16, 16) = 4096 dimensions.
making attention of type 'vanilla' with 512 in_channels
making attention of type 'vanilla' with 512 in_channels
making attention of type 'vanilla' with 512 in_channels
making attention of type 'vanilla' with 512 in_channels
VQ Model Parameters: 69609635
dataset name: ImageNet
len train_set: 1281167
len val_set: 50000
Start training...
epoch:1, cur_lr:0.000100
Train Epoch: [1/2] Iters:[10/10009] transplant_loss 14.0755, rec_loss 0.1975, quant_error 9.0221, utilization 0.6752, perplexity 785.4208,
Train Epoch: [1/2] Iters:[20/10009] transplant_loss 15.4279, rec_loss 0.1633, quant_error 7.9185, utilization 0.6695, perplexity 835.7960,
Train Epoch: [1/2] Iters:[30/10009] transplant_loss 15.4414, rec_loss 0.1479, quant_error 7.3165, utilization 0.6730, perplexity 922.9432,
Train Epoch: [1/2] Iters:[40/10009] transplant_loss 14.3054, rec_loss 0.1353, quant_error 6.7913, utilization 0.7198, perplexity 1075.2111,
Train Epoch: [1/2] Iters:[50/10009] transplant_loss 13.1816, rec_loss 0.1261, quant_error 6.3247, utilization 0.7633, perplexity 1204.8175,
Train Epoch: [1/2] Iters:[60/10009] transplant_loss 11.9830, rec_loss 0.1037, quant_error 5.3015, utilization 0.8211, perplexity 1450.7965,
Train Epoch: [1/2] Iters:[70/10009] transplant_loss 10.1678, rec_loss 0.0929, quant_error 4.5928, utilization 0.8841, perplexity 1743.0733,
Train Epoch: [1/2] Iters:[80/10009] transplant_loss 8.6859, rec_loss 0.0841, quant_error 3.9558, utilization 0.9447, perplexity 2039.6453,
Train Epoch: [1/2] Iters:[90/10009] transplant_loss 8.2036, rec_loss 0.0783, quant_error 3.4347, utilization 0.9702, perplexity 2285.2323,
Train Epoch: [1/2] Iters:[100/10009] transplant_loss 8.1852, rec_loss 0.0732, quant_error 3.0240, utilization 0.9807, perplexity 2517.0507,
Train Epoch: [1/2] Iters:[110/10009] transplant_loss 8.3284, rec_loss 0.0686, quant_error 2.6956, utilization 0.9862, perplexity 2711.5431,
Train Epoch: [1/2] Iters:[120/10009] transplant_loss 8.5860, rec_loss 0.0661, quant_error 2.4653, utilization 0.9891, perplexity 2850.2388,
Train Epoch: [1/2] Iters:[130/10009] transplant_loss 8.8137, rec_loss 0.0631, quant_error 2.2831, utilization 0.9915, perplexity 2947.0796,
Train Epoch: [1/2] Iters:[140/10009] transplant_loss 9.0274, rec_loss 0.0612, quant_error 2.1578, utilization 0.9933, perplexity 3008.5898,
Train Epoch: [1/2] Iters:[150/10009] transplant_loss 9.2143, rec_loss 0.0598, quant_error 2.0619, utilization 0.9948, perplexity 3040.7695,
Train Epoch: [1/2] Iters:[160/10009] transplant_loss 9.3882, rec_loss 0.0588, quant_error 1.9817, utilization 0.9960, perplexity 3047.7684,
Train Epoch: [1/2] Iters:[170/10009] transplant_loss 9.5360, rec_loss 0.0575, quant_error 1.9228, utilization 0.9971, perplexity 3031.8837,
Train Epoch: [1/2] Iters:[180/10009] transplant_loss 9.6565, rec_loss 0.0573, quant_error 1.8884, utilization 0.9978, perplexity 2998.7141,
Train Epoch: [1/2] Iters:[190/10009] transplant_loss 9.7290, rec_loss 0.0572, quant_error 1.8533, utilization 0.9984, perplexity 2949.9015,
Train Epoch: [1/2] Iters:[200/10009] transplant_loss 9.7288, rec_loss 0.0572, quant_error 1.8249, utilization 0.9988, perplexity 2885.0289,
Train Epoch: [1/2] Iters:[210/10009] transplant_loss 9.7043, rec_loss 0.0565, quant_error 1.8032, utilization 0.9991, perplexity 2803.5560,
Train Epoch: [1/2] Iters:[220/10009] transplant_loss 9.6788, rec_loss 0.0563, quant_error 1.7879, utilization 0.9992, perplexity 2714.3629,
Train Epoch: [1/2] Iters:[230/10009] transplant_loss 9.5649, rec_loss 0.0556, quant_error 1.7592, utilization 0.9994, perplexity 2619.7254,
Train Epoch: [1/2] Iters:[240/10009] transplant_loss 9.4679, rec_loss 0.0548, quant_error 1.7420, utilization 0.9995, perplexity 2523.8792,
Train Epoch: [1/2] Iters:[250/10009] transplant_loss 9.4096, rec_loss 0.0539, quant_error 1.7228, utilization 0.9994, perplexity 2428.5571,
Train Epoch: [1/2] Iters:[260/10009] transplant_loss 9.3938, rec_loss 0.0538, quant_error 1.7012, utilization 0.9994, perplexity 2353.2555,
Train Epoch: [1/2] Iters:[270/10009] transplant_loss 9.3482, rec_loss 0.0540, quant_error 1.6819, utilization 0.9994, perplexity 2294.0133,
Train Epoch: [1/2] Iters:[280/10009] transplant_loss 9.4214, rec_loss 0.0536, quant_error 1.6655, utilization 0.9993, perplexity 2252.6244,
Train Epoch: [1/2] Iters:[290/10009] transplant_loss 9.4832, rec_loss 0.0528, quant_error 1.6416, utilization 0.9993, perplexity 2225.0206,
Train Epoch: [1/2] Iters:[300/10009] transplant_loss 9.5900, rec_loss 0.0534, quant_error 1.6344, utilization 0.9993, perplexity 2215.7990,
Train Epoch: [1/2] Iters:[310/10009] transplant_loss 9.6618, rec_loss 0.0531, quant_error 1.6287, utilization 0.9993, perplexity 2204.1676,
Train Epoch: [1/2] Iters:[320/10009] transplant_loss 9.7530, rec_loss 0.0519, quant_error 1.6154, utilization 0.9993, perplexity 2191.3230,
Train Epoch: [1/2] Iters:[330/10009] transplant_loss 9.7996, rec_loss 0.0516, quant_error 1.6030, utilization 0.9994, perplexity 2179.0223,
Train Epoch: [1/2] Iters:[340/10009] transplant_loss 9.8525, rec_loss 0.0517, quant_error 1.5999, utilization 0.9993, perplexity 2168.4909,
Train Epoch: [1/2] Iters:[350/10009] transplant_loss 9.8822, rec_loss 0.0512, quant_error 1.5833, utilization 0.9993, perplexity 2156.4146,
Train Epoch: [1/2] Iters:[360/10009] transplant_loss 9.9478, rec_loss 0.0511, quant_error 1.5742, utilization 0.9994, perplexity 2144.8281,
Train Epoch: [1/2] Iters:[370/10009] transplant_loss 9.9730, rec_loss 0.0519, quant_error 1.5698, utilization 0.9994, perplexity 2133.9734,
Train Epoch: [1/2] Iters:[380/10009] transplant_loss 10.0047, rec_loss 0.0515, quant_error 1.5637, utilization 0.9994, perplexity 2126.4440,
Train Epoch: [1/2] Iters:[390/10009] transplant_loss 10.0007, rec_loss 0.0513, quant_error 1.5546, utilization 0.9994, perplexity 2115.6190,
Train Epoch: [1/2] Iters:[400/10009] transplant_loss 10.0356, rec_loss 0.0510, quant_error 1.5456, utilization 0.9994, perplexity 2106.5388,
Train Epoch: [1/2] Iters:[410/10009] transplant_loss 10.0247, rec_loss 0.0509, quant_error 1.5400, utilization 0.9993, perplexity 2100.4488,
Train Epoch: [1/2] Iters:[420/10009] transplant_loss 10.0700, rec_loss 0.0502, quant_error 1.5367, utilization 0.9994, perplexity 2095.4847,
Train Epoch: [1/2] Iters:[430/10009] transplant_loss 10.0762, rec_loss 0.0506, quant_error 1.5341, utilization 0.9994, perplexity 2087.0132,
Train Epoch: [1/2] Iters:[440/10009] transplant_loss 10.1055, rec_loss 0.0506, quant_error 1.5280, utilization 0.9994, perplexity 2083.1975,
Train Epoch: [1/2] Iters:[450/10009] transplant_loss 10.1206, rec_loss 0.0502, quant_error 1.5208, utilization 0.9995, perplexity 2079.3692,
Train Epoch: [1/2] Iters:[460/10009] transplant_loss 10.0952, rec_loss 0.0499, quant_error 1.5130, utilization 0.9996, perplexity 2072.1279,
Train Epoch: [1/2] Iters:[470/10009] transplant_loss 10.0914, rec_loss 0.0496, quant_error 1.5030, utilization 0.9996, perplexity 2069.3104,
Train Epoch: [1/2] Iters:[480/10009] transplant_loss 10.1422, rec_loss 0.0498, quant_error 1.5015, utilization 0.9996, perplexity 2065.6924,
