dataset_dir: /projects/yuanai/data/
dataset_name: ImageNet
global_batch_size: 64
workers: 6
resolution: 256
channels: 3
ms_patch_size: 1_2_3_4_5_6_8_10_13_16
importance: (1, 1, 1, 2, 2, 2, 3, 3, 5, 5)
max_patch_size: 16
codebook_size: 16384
codebook_dim: 16
project_dim: 16
pq: 1
L: 4
alpha: 1.0
beta: 1.0
gamma: 1.0
disc_weight: 0.4
lecam_loss_weight: 0.001
disc_cr_loss_weight: 4.0
VQ: wasserstein_vq
use_multiscale: False
transplant_epochs: 2
refinement_epochs: 5
eval_epochs: 1
disc_epoch: 3
lr_transplant: 0.0001
lr_refinement: 1e-05
dropout: 0.0
seed: 3407
weight_decay: 0.0001
stage: transplant
checkpoint_dir: /projects/yuanai/projects/VQ-Transplant2/checkpoint/Transplant/ImageNet
results_dir: /projects/yuanai/projects/VQ-Transplant2/results/Transplant/ImageNet
saver_dir: /projects/yuanai/projects/VQ-Transplant2/saver/Transplant/ImageNet
reconstruction_dir: /projects/yuanai/projects/VQ-Transplant2/reconstruction/Transplant/ImageNet
yaml_dir: /projects/yuanai/projects/VQ-Transplant2/yaml/Transplant/ImageNet
pretrained_tokenizer: /projects/yuanai/projects/VQ-Transplant2/pretrained_tokenizer/model.ckpt
checkpoint_name: 
nnodes: -1
node_rank: -1
local_rank: 0
dist_url: tcp://224.66.41.62:23456
dist_backend: nccl
world_size: 2
batch_size: 32
ms_token_size: (1, 2, 3, 4, 5, 6, 8, 10, 13, 16)
init_checkpoint_dir: /projects/yuanai/projects/VQ-Transplant2/checkpoint/
data_pre: ImageNet
model_pre: model_16384_16_1
loss_pre: loss_1.0_1.0_1.0_0.4
training_pre: wasserstein_vq_transplant_False
saver_name_pre: wasserstein_vq_transplant_False_ImageNet_model_16384_16_1_loss_1.0_1.0_1.0_0.4
| distributed init (rank 0): env://
| distributed init (rank 1): env://
making attention of type 'vanilla' with 512 in_channels
making attention of type 'vanilla' with 512 in_channels
making attention of type 'vanilla' with 512 in_channels
Working with z of shape (1, 16, 16, 16) = 4096 dimensions.
making attention of type 'vanilla' with 512 in_channels
making attention of type 'vanilla' with 512 in_channels
making attention of type 'vanilla' with 512 in_channels
making attention of type 'vanilla' with 512 in_channels
loaded pretrained LPIPS loss from /projects/yuanai/projects/VQ-Transplant2/code/models/cache/vgg.pth
VQ Model Parameters: 69609635
dataset name: ImageNet
len train_set: 1281167
len val_set: 50000
Start training...
epoch:1, cur_lr:0.000100
Train Epoch: [1/2] Iters:[10/20018] transplant_loss 15.9965, rec_loss 0.2543, p_loss 0.7104, quant_error 3.6711, utilization 0.2510, perplexity 2035.3882,
Train Epoch: [1/2] Iters:[20/20018] transplant_loss 14.9465, rec_loss 0.2020, p_loss 0.6912, quant_error 3.1570, utilization 0.2919, perplexity 2430.6169,
Train Epoch: [1/2] Iters:[30/20018] transplant_loss 14.0561, rec_loss 0.1694, p_loss 0.6714, quant_error 2.7688, utilization 0.3007, perplexity 2390.6883,
Train Epoch: [1/2] Iters:[40/20018] transplant_loss 13.3935, rec_loss 0.1503, p_loss 0.6575, quant_error 2.4915, utilization 0.3029, perplexity 2309.1990,
Train Epoch: [1/2] Iters:[50/20018] transplant_loss 12.8023, rec_loss 0.1359, p_loss 0.6437, quant_error 2.2766, utilization 0.3056, perplexity 2280.1452,
Train Epoch: [1/2] Iters:[60/20018] transplant_loss 11.6093, rec_loss 0.0986, p_loss 0.6115, quant_error 1.8051, utilization 0.3208, perplexity 2316.5563,
Train Epoch: [1/2] Iters:[70/20018] transplant_loss 10.7454, rec_loss 0.0818, p_loss 0.5805, quant_error 1.5222, utilization 0.3234, perplexity 2237.2186,
Train Epoch: [1/2] Iters:[80/20018] transplant_loss 10.0743, rec_loss 0.0745, p_loss 0.5554, quant_error 1.3592, utilization 0.3335, perplexity 2339.0852,
Train Epoch: [1/2] Iters:[90/20018] transplant_loss 9.5068, rec_loss 0.0692, p_loss 0.5311, quant_error 1.2538, utilization 0.3484, perplexity 2557.1227,
Train Epoch: [1/2] Iters:[100/20018] transplant_loss 9.0232, rec_loss 0.0664, p_loss 0.5111, quant_error 1.1901, utilization 0.3664, perplexity 2845.9745,
Train Epoch: [1/2] Iters:[110/20018] transplant_loss 8.5707, rec_loss 0.0661, p_loss 0.4978, quant_error 1.1448, utilization 0.3857, perplexity 3191.1701,
Train Epoch: [1/2] Iters:[120/20018] transplant_loss 8.1870, rec_loss 0.0652, p_loss 0.4884, quant_error 1.1166, utilization 0.4025, perplexity 3492.4416,
Train Epoch: [1/2] Iters:[130/20018] transplant_loss 7.8301, rec_loss 0.0644, p_loss 0.4814, quant_error 1.0912, utilization 0.4166, perplexity 3763.3820,
Train Epoch: [1/2] Iters:[140/20018] transplant_loss 7.4668, rec_loss 0.0622, p_loss 0.4746, quant_error 1.0681, utilization 0.4294, perplexity 3992.7801,
Train Epoch: [1/2] Iters:[150/20018] transplant_loss 7.1724, rec_loss 0.0614, p_loss 0.4697, quant_error 1.0533, utilization 0.4403, perplexity 4195.9075,
Train Epoch: [1/2] Iters:[160/20018] transplant_loss 6.8850, rec_loss 0.0599, p_loss 0.4650, quant_error 1.0396, utilization 0.4484, perplexity 4308.3227,
Train Epoch: [1/2] Iters:[170/20018] transplant_loss 6.5686, rec_loss 0.0591, p_loss 0.4625, quant_error 1.0225, utilization 0.4554, perplexity 4422.8724,
Train Epoch: [1/2] Iters:[180/20018] transplant_loss 6.3594, rec_loss 0.0584, p_loss 0.4587, quant_error 1.0163, utilization 0.4619, perplexity 4536.1550,
Train Epoch: [1/2] Iters:[190/20018] transplant_loss 6.1672, rec_loss 0.0585, p_loss 0.4574, quant_error 1.0137, utilization 0.4664, perplexity 4615.5716,
Train Epoch: [1/2] Iters:[200/20018] transplant_loss 5.9570, rec_loss 0.0583, p_loss 0.4544, quant_error 1.0055, utilization 0.4691, perplexity 4688.7505,
Train Epoch: [1/2] Iters:[210/20018] transplant_loss 5.8232, rec_loss 0.0577, p_loss 0.4507, quant_error 0.9989, utilization 0.4691, perplexity 4694.1179,
Train Epoch: [1/2] Iters:[220/20018] transplant_loss 5.6696, rec_loss 0.0572, p_loss 0.4482, quant_error 0.9920, utilization 0.4695, perplexity 4741.1762,
Train Epoch: [1/2] Iters:[230/20018] transplant_loss 5.4662, rec_loss 0.0563, p_loss 0.4459, quant_error 0.9760, utilization 0.4677, perplexity 4735.5294,
Train Epoch: [1/2] Iters:[240/20018] transplant_loss 5.2892, rec_loss 0.0568, p_loss 0.4431, quant_error 0.9611, utilization 0.4642, perplexity 4732.0043,
Train Epoch: [1/2] Iters:[250/20018] transplant_loss 5.1563, rec_loss 0.0556, p_loss 0.4402, quant_error 0.9496, utilization 0.4586, perplexity 4645.4801,
Train Epoch: [1/2] Iters:[260/20018] transplant_loss 4.9424, rec_loss 0.0548, p_loss 0.4388, quant_error 0.9333, utilization 0.4538, perplexity 4627.8049,
Train Epoch: [1/2] Iters:[270/20018] transplant_loss 4.8055, rec_loss 0.0543, p_loss 0.4354, quant_error 0.9211, utilization 0.4469, perplexity 4548.5425,
Train Epoch: [1/2] Iters:[280/20018] transplant_loss 4.6789, rec_loss 0.0538, p_loss 0.4339, quant_error 0.9120, utilization 0.4398, perplexity 4452.4626,
Train Epoch: [1/2] Iters:[290/20018] transplant_loss 4.5937, rec_loss 0.0523, p_loss 0.4307, quant_error 0.9059, utilization 0.4343, perplexity 4365.2466,
Train Epoch: [1/2] Iters:[300/20018] transplant_loss 4.4918, rec_loss 0.0525, p_loss 0.4293, quant_error 0.8979, utilization 0.4280, perplexity 4279.9858,
Train Epoch: [1/2] Iters:[310/20018] transplant_loss 4.3804, rec_loss 0.0519, p_loss 0.4284, quant_error 0.8898, utilization 0.4222, perplexity 4230.9554,
Train Epoch: [1/2] Iters:[320/20018] transplant_loss 4.2790, rec_loss 0.0524, p_loss 0.4290, quant_error 0.8851, utilization 0.4167, perplexity 4190.1838,
Train Epoch: [1/2] Iters:[330/20018] transplant_loss 4.1933, rec_loss 0.0526, p_loss 0.4280, quant_error 0.8810, utilization 0.4123, perplexity 4183.6855,
Train Epoch: [1/2] Iters:[340/20018] transplant_loss 4.0934, rec_loss 0.0521, p_loss 0.4270, quant_error 0.8731, utilization 0.4071, perplexity 4138.1296,
Train Epoch: [1/2] Iters:[350/20018] transplant_loss 3.9959, rec_loss 0.0512, p_loss 0.4259, quant_error 0.8659, utilization 0.4027, perplexity 4104.1839,
Train Epoch: [1/2] Iters:[360/20018] transplant_loss 3.9592, rec_loss 0.0515, p_loss 0.4248, quant_error 0.8644, utilization 0.3993, perplexity 4076.4295,
Train Epoch: [1/2] Iters:[370/20018] transplant_loss 3.9064, rec_loss 0.0500, p_loss 0.4218, quant_error 0.8560, utilization 0.3965, perplexity 4051.0518,
Train Epoch: [1/2] Iters:[380/20018] transplant_loss 3.8808, rec_loss 0.0504, p_loss 0.4197, quant_error 0.8506, utilization 0.3946, perplexity 4040.6712,
Train Epoch: [1/2] Iters:[390/20018] transplant_loss 3.8404, rec_loss 0.0505, p_loss 0.4197, quant_error 0.8462, utilization 0.3932, perplexity 4058.6953,
Train Epoch: [1/2] Iters:[400/20018] transplant_loss 3.8409, rec_loss 0.0505, p_loss 0.4171, quant_error 0.8428, utilization 0.3928, perplexity 4057.7510,
Train Epoch: [1/2] Iters:[410/20018] transplant_loss 3.8135, rec_loss 0.0499, p_loss 0.4155, quant_error 0.8372, utilization 0.3930, perplexity 4064.6659,
Train Epoch: [1/2] Iters:[420/20018] transplant_loss 3.7848, rec_loss 0.0495, p_loss 0.4150, quant_error 0.8330, utilization 0.3928, perplexity 4076.0858,
Train Epoch: [1/2] Iters:[430/20018] transplant_loss 3.7409, rec_loss 0.0481, p_loss 0.4140, quant_error 0.8275, utilization 0.3926, perplexity 4069.2416,
Train Epoch: [1/2] Iters:[440/20018] transplant_loss 3.7257, rec_loss 0.0481, p_loss 0.4128, quant_error 0.8239, utilization 0.3930, perplexity 4067.5581,
Train Epoch: [1/2] Iters:[450/20018] transplant_loss 3.6874, rec_loss 0.0476, p_loss 0.4132, quant_error 0.8204, utilization 0.3941, perplexity 4113.3274,
Train Epoch: [1/2] Iters:[460/20018] transplant_loss 3.6674, rec_loss 0.0478, p_loss 0.4107, quant_error 0.8166, utilization 0.3949, perplexity 4125.2478,
Train Epoch: [1/2] Iters:[470/20018] transplant_loss 3.6483, rec_loss 0.0479, p_loss 0.4112, quant_error 0.8129, utilization 0.3971, perplexity 4178.6367,
Train Epoch: [1/2] Iters:[480/20018] transplant_loss 3.6336, rec_loss 0.0478, p_loss 0.4106, quant_error 0.8093, utilization 0.3994, perplexity 4241.7544,
Train Epoch: [1/2] Iters:[490/20018] transplant_loss 3.6074, rec_loss 0.0470, p_loss 0.4086, quant_error 0.8053, utilization 0.4014, perplexity 4258.1969,
Train Epoch: [1/2] Iters:[500/20018] transplant_loss 3.6026, rec_loss 0.0472, p_loss 0.4078, quant_error 0.8023, utilization 0.4023, perplexity 4254.7658,
Train Epoch: [1/2] Iters:[510/20018] transplant_loss 3.5953, rec_loss 0.0472, p_loss 0.4084, quant_error 0.8008, utilization 0.4034, perplexity 4290.1938,
Train Epoch: [1/2] Iters:[520/20018] transplant_loss 3.5710, rec_loss 0.0470, p_loss 0.4052, quant_error 0.7956, utilization 0.4033, perplexity 4276.3652,
Train Epoch: [1/2] Iters:[530/20018] transplant_loss 3.5560, rec_loss 0.0472, p_loss 0.4046, quant_error 0.7928, utilization 0.4031, perplexity 4270.8287,
Train Epoch: [1/2] Iters:[540/20018] transplant_loss 3.5490, rec_loss 0.0478, p_loss 0.4049, quant_error 0.7905, utilization 0.4037, perplexity 4296.0763,
Train Epoch: [1/2] Iters:[550/20018] transplant_loss 3.5137, rec_loss 0.0478, p_loss 0.4044, quant_error 0.7859, utilization 0.4048, perplexity 4343.2598,
Train Epoch: [1/2] Iters:[560/20018] transplant_loss 3.4802, rec_loss 0.0472, p_loss 0.4040, quant_error 0.7801, utilization 0.4058, perplexity 4371.7646,
Train Epoch: [1/2] Iters:[570/20018] transplant_loss 3.4676, rec_loss 0.0471, p_loss 0.4039, quant_error 0.7788, utilization 0.4075, perplexity 4406.1988,
Train Epoch: [1/2] Iters:[580/20018] transplant_loss 3.4616, rec_loss 0.0467, p_loss 0.4029, quant_error 0.7788, utilization 0.4095, perplexity 4419.7580,
