dataset_dir: /projects/yuanai/data/
dataset_name: ImageNet
global_batch_size: 64
workers: 8
resolution: 256
channels: 3
ms_patch_size: 1_2_3_4_5_6_8_10_13_16
importance: (1, 1, 1, 2, 2, 2, 3, 3, 5, 5)
max_patch_size: 16
codebook_size: 4096
codebook_dim: 32
z_channels: 256
factor: 16
sigma: 0.5
gamma_1: 0.2
gamma_2: 0.1
lambd: 0.2
VQ: adversarial_vq
resume: False
use_multiscale: True
use_pq: False
epochs: 1
eval_epochs: 1
lr: 0.001
dropout: 0.0
seed: 3407
iterations: 1000
warmup_iters: 2000
decay_iters: 10000
stage: substitution
pretrained_tokenizer: /projects/yuanai/projects/VQ-Transplant/VAR/pretrained_tokenizer/vae_ch160v4096z32.pth
checkpoint_dir: /projects/yuanai/projects/VQ-Transplant/VAR/checkpoint/Substitution/ImageNet
results_dir: /projects/yuanai/projects/VQ-Transplant/VAR/results/Substitution/ImageNet
saver_dir: /projects/yuanai/projects/VQ-Transplant/VAR/saver/Substitution/ImageNet
reconstruction_dir: /projects/yuanai/projects/VQ-Transplant/VAR/reconstruction/Substitution/ImageNet
nnodes: -1
node_rank: -1
local_rank: 0
dist_url: tcp://224.66.41.62:23456
dist_backend: nccl
world_size: 1
batch_size: 64
ms_token_size: (1, 2, 3, 4, 5, 6, 8, 10, 13, 16)
data_pre: ImageNet_256
model_pre: model_4096_32_16
loss_pre: loss_0.1
training_pre: adversarial_vq_substitution_1_True
saver_name_pre: adversarial_vq_substitution_1_True_ImageNet_256_model_4096_32_16_loss_0.1
dataset name: ImageNet
len train_set: 1281167
len val_set: 50000
Start training...
epoch:1, cur_lr:0.001000
Train Epoch: [1/1] Iters:[10/20018] vq_loss 0.5856, rec_loss 0.2752, codebook_g_loss -0.0424, quant_error 0.5815, codebook_utilization 0.9202, codebook_perplexity 1660.4110, codebook_d_loss 0.1035,
Train Epoch: [1/1] Iters:[20/20018] vq_loss 0.5858, rec_loss 0.2389, codebook_g_loss -0.0625, quant_error 0.5761, codebook_utilization 0.8463, codebook_perplexity 1133.5582, codebook_d_loss 0.1048,
Train Epoch: [1/1] Iters:[30/20018] vq_loss 0.5758, rec_loss 0.2079, codebook_g_loss -0.0712, quant_error 0.5610, codebook_utilization 0.7571, codebook_perplexity 877.8400, codebook_d_loss 0.1056,
Train Epoch: [1/1] Iters:[40/20018] vq_loss 0.5647, rec_loss 0.1872, codebook_g_loss -0.0763, quant_error 0.5454, codebook_utilization 0.6871, codebook_perplexity 737.7954, codebook_d_loss 0.1063,
Train Epoch: [1/1] Iters:[50/20018] vq_loss 0.5611, rec_loss 0.1727, codebook_g_loss -0.0807, quant_error 0.5377, codebook_utilization 0.6371, codebook_perplexity 654.9385, codebook_d_loss 0.1067,
Train Epoch: [1/1] Iters:[60/20018] vq_loss 0.5490, rec_loss 0.1390, codebook_g_loss -0.0943, quant_error 0.5177, codebook_utilization 0.5432, codebook_perplexity 397.5871, codebook_d_loss 0.1079,
Train Epoch: [1/1] Iters:[70/20018] vq_loss 0.5353, rec_loss 0.1195, codebook_g_loss -0.1036, quant_error 0.4977, codebook_utilization 0.4834, codebook_perplexity 365.6631, codebook_d_loss 0.1085,
Train Epoch: [1/1] Iters:[80/20018] vq_loss 0.5271, rec_loss 0.1110, codebook_g_loss -0.1164, quant_error 0.4848, codebook_utilization 0.4690, codebook_perplexity 400.2337, codebook_d_loss 0.1089,
Train Epoch: [1/1] Iters:[90/20018] vq_loss 0.5213, rec_loss 0.1057, codebook_g_loss -0.1337, quant_error 0.4757, codebook_utilization 0.4810, codebook_perplexity 466.8963, codebook_d_loss 0.1091,
Train Epoch: [1/1] Iters:[100/20018] vq_loss 0.5132, rec_loss 0.1023, codebook_g_loss -0.1552, quant_error 0.4654, codebook_utilization 0.5082, codebook_perplexity 559.3403, codebook_d_loss 0.1093,
Train Epoch: [1/1] Iters:[110/20018] vq_loss 0.5094, rec_loss 0.0993, codebook_g_loss -0.1803, quant_error 0.4603, codebook_utilization 0.5408, codebook_perplexity 674.8119, codebook_d_loss 0.1094,
Train Epoch: [1/1] Iters:[120/20018] vq_loss 0.5011, rec_loss 0.0961, codebook_g_loss -0.2076, quant_error 0.4516, codebook_utilization 0.5827, codebook_perplexity 824.8151, codebook_d_loss 0.1094,
Train Epoch: [1/1] Iters:[130/20018] vq_loss 0.4981, rec_loss 0.0939, codebook_g_loss -0.2360, quant_error 0.4480, codebook_utilization 0.6307, codebook_perplexity 1006.6468, codebook_d_loss 0.1095,
Train Epoch: [1/1] Iters:[140/20018] vq_loss 0.4856, rec_loss 0.0901, codebook_g_loss -0.2644, quant_error 0.4362, codebook_utilization 0.6886, codebook_perplexity 1245.8266, codebook_d_loss 0.1096,
Train Epoch: [1/1] Iters:[150/20018] vq_loss 0.4791, rec_loss 0.0872, codebook_g_loss -0.2920, quant_error 0.4299, codebook_utilization 0.7518, codebook_perplexity 1526.5227, codebook_d_loss 0.1098,
Train Epoch: [1/1] Iters:[160/20018] vq_loss 0.4696, rec_loss 0.0851, codebook_g_loss -0.3173, quant_error 0.4208, codebook_utilization 0.8162, codebook_perplexity 1853.2798, codebook_d_loss 0.1099,
Train Epoch: [1/1] Iters:[170/20018] vq_loss 0.4643, rec_loss 0.0828, codebook_g_loss -0.3394, quant_error 0.4153, codebook_utilization 0.8738, codebook_perplexity 2209.7294, codebook_d_loss 0.1101,
Train Epoch: [1/1] Iters:[180/20018] vq_loss 0.4554, rec_loss 0.0801, codebook_g_loss -0.3573, quant_error 0.4061, codebook_utilization 0.9220, codebook_perplexity 2573.7088, codebook_d_loss 0.1103,
Train Epoch: [1/1] Iters:[190/20018] vq_loss 0.4568, rec_loss 0.0785, codebook_g_loss -0.3708, quant_error 0.4059, codebook_utilization 0.9556, codebook_perplexity 2899.4577, codebook_d_loss 0.1104,
Train Epoch: [1/1] Iters:[200/20018] vq_loss 0.4535, rec_loss 0.0760, codebook_g_loss -0.3794, quant_error 0.4010, codebook_utilization 0.9775, codebook_perplexity 3174.6449, codebook_d_loss 0.1105,
Train Epoch: [1/1] Iters:[210/20018] vq_loss 0.4489, rec_loss 0.0732, codebook_g_loss -0.3834, quant_error 0.3945, codebook_utilization 0.9901, codebook_perplexity 3357.5594, codebook_d_loss 0.1106,
Train Epoch: [1/1] Iters:[220/20018] vq_loss 0.4489, rec_loss 0.0709, codebook_g_loss -0.3831, quant_error 0.3916, codebook_utilization 0.9958, codebook_perplexity 3432.3359, codebook_d_loss 0.1105,
Train Epoch: [1/1] Iters:[230/20018] vq_loss 0.4504, rec_loss 0.0683, codebook_g_loss -0.3796, quant_error 0.3898, codebook_utilization 0.9979, codebook_perplexity 3406.0032, codebook_d_loss 0.1104,
Train Epoch: [1/1] Iters:[240/20018] vq_loss 0.4493, rec_loss 0.0660, codebook_g_loss -0.3735, quant_error 0.3856, codebook_utilization 0.9985, codebook_perplexity 3285.9449, codebook_d_loss 0.1102,
Train Epoch: [1/1] Iters:[250/20018] vq_loss 0.4456, rec_loss 0.0631, codebook_g_loss -0.3656, quant_error 0.3789, codebook_utilization 0.9984, codebook_perplexity 3098.5361, codebook_d_loss 0.1101,
Train Epoch: [1/1] Iters:[260/20018] vq_loss 0.4430, rec_loss 0.0603, codebook_g_loss -0.3568, quant_error 0.3733, codebook_utilization 0.9980, codebook_perplexity 2868.7948, codebook_d_loss 0.1099,
Train Epoch: [1/1] Iters:[270/20018] vq_loss 0.4378, rec_loss 0.0577, codebook_g_loss -0.3472, quant_error 0.3656, codebook_utilization 0.9974, codebook_perplexity 2616.9755, codebook_d_loss 0.1097,
Train Epoch: [1/1] Iters:[280/20018] vq_loss 0.4329, rec_loss 0.0550, codebook_g_loss -0.3371, quant_error 0.3580, codebook_utilization 0.9968, codebook_perplexity 2357.1502, codebook_d_loss 0.1095,
Train Epoch: [1/1] Iters:[290/20018] vq_loss 0.4351, rec_loss 0.0536, codebook_g_loss -0.3265, quant_error 0.3567, codebook_utilization 0.9959, codebook_perplexity 2085.0495, codebook_d_loss 0.1093,
Train Epoch: [1/1] Iters:[300/20018] vq_loss 0.4369, rec_loss 0.0528, codebook_g_loss -0.3158, quant_error 0.3554, codebook_utilization 0.9950, codebook_perplexity 1786.3935, codebook_d_loss 0.1091,
Train Epoch: [1/1] Iters:[310/20018] vq_loss 0.4423, rec_loss 0.0529, codebook_g_loss -0.3053, quant_error 0.3572, codebook_utilization 0.9937, codebook_perplexity 1488.2758, codebook_d_loss 0.1089,
Train Epoch: [1/1] Iters:[320/20018] vq_loss 0.4491, rec_loss 0.0535, codebook_g_loss -0.2951, quant_error 0.3604, codebook_utilization 0.9923, codebook_perplexity 1207.5951, codebook_d_loss 0.1087,
Train Epoch: [1/1] Iters:[330/20018] vq_loss 0.4557, rec_loss 0.0545, codebook_g_loss -0.2853, quant_error 0.3634, codebook_utilization 0.9907, codebook_perplexity 962.0471, codebook_d_loss 0.1086,
Train Epoch: [1/1] Iters:[340/20018] vq_loss 0.4547, rec_loss 0.0549, codebook_g_loss -0.2758, quant_error 0.3606, codebook_utilization 0.9880, codebook_perplexity 749.5935, codebook_d_loss 0.1084,
Train Epoch: [1/1] Iters:[350/20018] vq_loss 0.4563, rec_loss 0.0555, codebook_g_loss -0.2661, quant_error 0.3599, codebook_utilization 0.9851, codebook_perplexity 602.8206, codebook_d_loss 0.1082,
Train Epoch: [1/1] Iters:[360/20018] vq_loss 0.4589, rec_loss 0.0562, codebook_g_loss -0.2562, quant_error 0.3600, codebook_utilization 0.9817, codebook_perplexity 502.4238, codebook_d_loss 0.1080,
Train Epoch: [1/1] Iters:[370/20018] vq_loss 0.4607, rec_loss 0.0562, codebook_g_loss -0.2466, quant_error 0.3595, codebook_utilization 0.9778, codebook_perplexity 425.2546, codebook_d_loss 0.1078,
Train Epoch: [1/1] Iters:[380/20018] vq_loss 0.4642, rec_loss 0.0573, codebook_g_loss -0.2373, quant_error 0.3608, codebook_utilization 0.9733, codebook_perplexity 361.2375, codebook_d_loss 0.1077,
Train Epoch: [1/1] Iters:[390/20018] vq_loss 0.4693, rec_loss 0.0580, codebook_g_loss -0.2282, quant_error 0.3633, codebook_utilization 0.9683, codebook_perplexity 318.3106, codebook_d_loss 0.1075,
Train Epoch: [1/1] Iters:[400/20018] vq_loss 0.4730, rec_loss 0.0593, codebook_g_loss -0.2196, quant_error 0.3648, codebook_utilization 0.9624, codebook_perplexity 280.0161, codebook_d_loss 0.1073,
Train Epoch: [1/1] Iters:[410/20018] vq_loss 0.4780, rec_loss 0.0598, codebook_g_loss -0.2114, quant_error 0.3676, codebook_utilization 0.9560, codebook_perplexity 248.0971, codebook_d_loss 0.1071,
Train Epoch: [1/1] Iters:[420/20018] vq_loss 0.4775, rec_loss 0.0606, codebook_g_loss -0.2035, quant_error 0.3661, codebook_utilization 0.9468, codebook_perplexity 220.0281, codebook_d_loss 0.1069,
Train Epoch: [1/1] Iters:[430/20018] vq_loss 0.4778, rec_loss 0.0607, codebook_g_loss -0.1958, quant_error 0.3652, codebook_utilization 0.9389, codebook_perplexity 194.6115, codebook_d_loss 0.1067,
Train Epoch: [1/1] Iters:[440/20018] vq_loss 0.4789, rec_loss 0.0617, codebook_g_loss -0.1885, quant_error 0.3651, codebook_utilization 0.9290, codebook_perplexity 174.9388, codebook_d_loss 0.1065,
