dataset_dir: /projects/yuanai/data/
dataset_name: ImageNet
global_batch_size: 64
workers: 8
resolution: 256
channels: 3
ms_patch_size: 1_2_3_4_5_6_8_10_13_16
importance: (1, 1, 1, 2, 2, 2, 3, 3, 5, 5)
max_patch_size: 16
codebook_size: 4096
codebook_dim: 32
z_channels: 256
factor: 16
sigma: 0.5
gamma_1: 0.5
gamma_2: 0.1
lambd: 0.2
VQ: vanilla_vq
resume: False
use_multiscale: True
use_pq: False
epochs: 1
eval_epochs: 1
lr: 0.001
dropout: 0.0
seed: 3407
iterations: 1000
warmup_iters: 2000
decay_iters: 10000
stage: substitution
pretrained_tokenizer: /projects/yuanai/projects/VQ-Transplant/VAR/pretrained_tokenizer/vae_ch160v4096z32.pth
checkpoint_dir: /projects/yuanai/projects/VQ-Transplant/VAR/checkpoint/Substitution/ImageNet
results_dir: /projects/yuanai/projects/VQ-Transplant/VAR/results/Substitution/ImageNet
saver_dir: /projects/yuanai/projects/VQ-Transplant/VAR/saver/Substitution/ImageNet
reconstruction_dir: /projects/yuanai/projects/VQ-Transplant/VAR/reconstruction/Substitution/ImageNet
nnodes: -1
node_rank: -1
local_rank: 0
dist_url: tcp://224.66.41.62:23456
dist_backend: nccl
world_size: 1
batch_size: 64
ms_token_size: (1, 2, 3, 4, 5, 6, 8, 10, 13, 16)
data_pre: ImageNet_256
model_pre: model_4096_32_16
loss_pre: loss_0.5_0.1
training_pre: vanilla_vq_substitution_1_True
saver_name_pre: vanilla_vq_substitution_1_True_ImageNet_256_model_4096_32_16_loss_0.5_0.1
dataset name: ImageNet
len train_set: 1281167
len val_set: 50000
Start training...
epoch:1, cur_lr:0.001000
Train Epoch: [1/1] Iters:[10/20018] vq_loss 0.5836, rec_loss 0.2591, quant_error 0.5709, codebook_utilization 0.6493, codebook_perplexity 1576.0390,
Train Epoch: [1/1] Iters:[20/20018] vq_loss 0.5808, rec_loss 0.2189, quant_error 0.5558, codebook_utilization 0.5604, codebook_perplexity 1386.0099,
Train Epoch: [1/1] Iters:[30/20018] vq_loss 0.5683, rec_loss 0.1875, quant_error 0.5339, codebook_utilization 0.5248, codebook_perplexity 1325.1767,
Train Epoch: [1/1] Iters:[40/20018] vq_loss 0.5551, rec_loss 0.1663, quant_error 0.5131, codebook_utilization 0.5213, codebook_perplexity 1335.6006,
Train Epoch: [1/1] Iters:[50/20018] vq_loss 0.5503, rec_loss 0.1522, quant_error 0.5014, codebook_utilization 0.5301, codebook_perplexity 1386.8999,
Train Epoch: [1/1] Iters:[60/20018] vq_loss 0.5354, rec_loss 0.1175, quant_error 0.4727, codebook_utilization 0.5261, codebook_perplexity 1451.5599,
Train Epoch: [1/1] Iters:[70/20018] vq_loss 0.5203, rec_loss 0.0985, quant_error 0.4476, codebook_utilization 0.5657, codebook_perplexity 1647.1510,
Train Epoch: [1/1] Iters:[80/20018] vq_loss 0.5122, rec_loss 0.0897, quant_error 0.4320, codebook_utilization 0.6183, codebook_perplexity 1894.2977,
Train Epoch: [1/1] Iters:[90/20018] vq_loss 0.5090, rec_loss 0.0847, quant_error 0.4228, codebook_utilization 0.6653, codebook_perplexity 2150.1390,
Train Epoch: [1/1] Iters:[100/20018] vq_loss 0.5034, rec_loss 0.0804, quant_error 0.4126, codebook_utilization 0.7059, codebook_perplexity 2391.8938,
Train Epoch: [1/1] Iters:[110/20018] vq_loss 0.5037, rec_loss 0.0775, quant_error 0.4088, codebook_utilization 0.7359, codebook_perplexity 2587.2945,
Train Epoch: [1/1] Iters:[120/20018] vq_loss 0.5004, rec_loss 0.0743, quant_error 0.4025, codebook_utilization 0.7590, codebook_perplexity 2722.8769,
Train Epoch: [1/1] Iters:[130/20018] vq_loss 0.5003, rec_loss 0.0719, quant_error 0.3992, codebook_utilization 0.7731, codebook_perplexity 2780.6464,
Train Epoch: [1/1] Iters:[140/20018] vq_loss 0.4916, rec_loss 0.0683, quant_error 0.3890, codebook_utilization 0.7815, codebook_perplexity 2742.9162,
Train Epoch: [1/1] Iters:[150/20018] vq_loss 0.4909, rec_loss 0.0661, quant_error 0.3859, codebook_utilization 0.7859, codebook_perplexity 2629.9291,
Train Epoch: [1/1] Iters:[160/20018] vq_loss 0.4842, rec_loss 0.0640, quant_error 0.3778, codebook_utilization 0.7886, codebook_perplexity 2446.5693,
Train Epoch: [1/1] Iters:[170/20018] vq_loss 0.4825, rec_loss 0.0626, quant_error 0.3744, codebook_utilization 0.7905, codebook_perplexity 2225.5943,
Train Epoch: [1/1] Iters:[180/20018] vq_loss 0.4785, rec_loss 0.0610, quant_error 0.3690, codebook_utilization 0.7925, codebook_perplexity 1984.6468,
Train Epoch: [1/1] Iters:[190/20018] vq_loss 0.4831, rec_loss 0.0609, quant_error 0.3711, codebook_utilization 0.7945, codebook_perplexity 1763.0455,
Train Epoch: [1/1] Iters:[200/20018] vq_loss 0.4824, rec_loss 0.0604, quant_error 0.3689, codebook_utilization 0.7966, codebook_perplexity 1561.9659,
Train Epoch: [1/1] Iters:[210/20018] vq_loss 0.4827, rec_loss 0.0603, quant_error 0.3678, codebook_utilization 0.7981, codebook_perplexity 1381.9159,
Train Epoch: [1/1] Iters:[220/20018] vq_loss 0.4869, rec_loss 0.0605, quant_error 0.3698, codebook_utilization 0.7995, codebook_perplexity 1231.0955,
Train Epoch: [1/1] Iters:[230/20018] vq_loss 0.4910, rec_loss 0.0605, quant_error 0.3719, codebook_utilization 0.8006, codebook_perplexity 1105.5598,
Train Epoch: [1/1] Iters:[240/20018] vq_loss 0.4924, rec_loss 0.0610, quant_error 0.3721, codebook_utilization 0.8014, codebook_perplexity 995.0588,
Train Epoch: [1/1] Iters:[250/20018] vq_loss 0.4907, rec_loss 0.0612, quant_error 0.3698, codebook_utilization 0.8015, codebook_perplexity 896.9757,
Train Epoch: [1/1] Iters:[260/20018] vq_loss 0.4888, rec_loss 0.0612, quant_error 0.3675, codebook_utilization 0.8012, codebook_perplexity 816.3453,
Train Epoch: [1/1] Iters:[270/20018] vq_loss 0.4836, rec_loss 0.0613, quant_error 0.3627, codebook_utilization 0.8003, codebook_perplexity 740.8229,
Train Epoch: [1/1] Iters:[280/20018] vq_loss 0.4795, rec_loss 0.0611, quant_error 0.3588, codebook_utilization 0.7995, codebook_perplexity 684.1004,
Train Epoch: [1/1] Iters:[290/20018] vq_loss 0.4831, rec_loss 0.0615, quant_error 0.3611, codebook_utilization 0.7990, codebook_perplexity 650.0777,
Train Epoch: [1/1] Iters:[300/20018] vq_loss 0.4841, rec_loss 0.0618, quant_error 0.3613, codebook_utilization 0.7978, codebook_perplexity 619.8660,
Train Epoch: [1/1] Iters:[310/20018] vq_loss 0.4888, rec_loss 0.0618, quant_error 0.3644, codebook_utilization 0.7964, codebook_perplexity 597.7610,
Train Epoch: [1/1] Iters:[320/20018] vq_loss 0.4928, rec_loss 0.0621, quant_error 0.3669, codebook_utilization 0.7947, codebook_perplexity 582.3621,
Train Epoch: [1/1] Iters:[330/20018] vq_loss 0.4978, rec_loss 0.0626, quant_error 0.3702, codebook_utilization 0.7930, codebook_perplexity 569.4037,
Train Epoch: [1/1] Iters:[340/20018] vq_loss 0.4931, rec_loss 0.0620, quant_error 0.3661, codebook_utilization 0.7884, codebook_perplexity 541.6107,
Train Epoch: [1/1] Iters:[350/20018] vq_loss 0.4924, rec_loss 0.0617, quant_error 0.3651, codebook_utilization 0.7849, codebook_perplexity 521.2229,
Train Epoch: [1/1] Iters:[360/20018] vq_loss 0.4917, rec_loss 0.0621, quant_error 0.3641, codebook_utilization 0.7806, codebook_perplexity 507.4618,
Train Epoch: [1/1] Iters:[370/20018] vq_loss 0.4925, rec_loss 0.0615, quant_error 0.3642, codebook_utilization 0.7772, codebook_perplexity 492.6164,
Train Epoch: [1/1] Iters:[380/20018] vq_loss 0.4940, rec_loss 0.0620, quant_error 0.3651, codebook_utilization 0.7735, codebook_perplexity 475.8240,
Train Epoch: [1/1] Iters:[390/20018] vq_loss 0.4960, rec_loss 0.0622, quant_error 0.3662, codebook_utilization 0.7692, codebook_perplexity 464.5404,
Train Epoch: [1/1] Iters:[400/20018] vq_loss 0.4972, rec_loss 0.0624, quant_error 0.3668, codebook_utilization 0.7635, codebook_perplexity 453.9066,
Train Epoch: [1/1] Iters:[410/20018] vq_loss 0.4997, rec_loss 0.0619, quant_error 0.3685, codebook_utilization 0.7593, codebook_perplexity 445.8202,
Train Epoch: [1/1] Iters:[420/20018] vq_loss 0.4955, rec_loss 0.0618, quant_error 0.3652, codebook_utilization 0.7503, codebook_perplexity 434.9341,
Train Epoch: [1/1] Iters:[430/20018] vq_loss 0.4930, rec_loss 0.0608, quant_error 0.3631, codebook_utilization 0.7431, codebook_perplexity 424.3272,
Train Epoch: [1/1] Iters:[440/20018] vq_loss 0.4936, rec_loss 0.0612, quant_error 0.3634, codebook_utilization 0.7368, codebook_perplexity 416.4974,
Train Epoch: [1/1] Iters:[450/20018] vq_loss 0.4957, rec_loss 0.0609, quant_error 0.3650, codebook_utilization 0.7320, codebook_perplexity 406.2399,
Train Epoch: [1/1] Iters:[460/20018] vq_loss 0.4927, rec_loss 0.0612, quant_error 0.3626, codebook_utilization 0.7238, codebook_perplexity 393.6822,
Train Epoch: [1/1] Iters:[470/20018] vq_loss 0.4956, rec_loss 0.0611, quant_error 0.3647, codebook_utilization 0.7187, codebook_perplexity 387.8969,
Train Epoch: [1/1] Iters:[480/20018] vq_loss 0.4972, rec_loss 0.0614, quant_error 0.3658, codebook_utilization 0.7133, codebook_perplexity 387.0923,
Train Epoch: [1/1] Iters:[490/20018] vq_loss 0.4955, rec_loss 0.0609, quant_error 0.3645, codebook_utilization 0.7054, codebook_perplexity 386.0218,
Train Epoch: [1/1] Iters:[500/20018] vq_loss 0.4930, rec_loss 0.0613, quant_error 0.3627, codebook_utilization 0.6970, codebook_perplexity 389.9477,
Train Epoch: [1/1] Iters:[510/20018] vq_loss 0.4954, rec_loss 0.0613, quant_error 0.3646, codebook_utilization 0.6915, codebook_perplexity 399.0864,
Train Epoch: [1/1] Iters:[520/20018] vq_loss 0.4943, rec_loss 0.0613, quant_error 0.3641, codebook_utilization 0.6840, codebook_perplexity 400.4749,
Train Epoch: [1/1] Iters:[530/20018] vq_loss 0.4905, rec_loss 0.0608, quant_error 0.3615, codebook_utilization 0.6732, codebook_perplexity 395.7349,
Train Epoch: [1/1] Iters:[540/20018] vq_loss 0.4897, rec_loss 0.0608, quant_error 0.3609, codebook_utilization 0.6632, codebook_perplexity 390.6910,
Train Epoch: [1/1] Iters:[550/20018] vq_loss 0.4900, rec_loss 0.0604, quant_error 0.3611, codebook_utilization 0.6548, codebook_perplexity 381.4361,
Train Epoch: [1/1] Iters:[560/20018] vq_loss 0.4881, rec_loss 0.0599, quant_error 0.3598, codebook_utilization 0.6450, codebook_perplexity 366.5759,
Train Epoch: [1/1] Iters:[570/20018] vq_loss 0.4890, rec_loss 0.0598, quant_error 0.3605, codebook_utilization 0.6362, codebook_perplexity 355.8700,
Train Epoch: [1/1] Iters:[580/20018] vq_loss 0.4914, rec_loss 0.0601, quant_error 0.3624, codebook_utilization 0.6308, codebook_perplexity 347.7505,
Train Epoch: [1/1] Iters:[590/20018] vq_loss 0.4933, rec_loss 0.0602, quant_error 0.3640, codebook_utilization 0.6247, codebook_perplexity 340.4224,
Train Epoch: [1/1] Iters:[600/20018] vq_loss 0.4925, rec_loss 0.0602, quant_error 0.3636, codebook_utilization 0.6148, codebook_perplexity 333.8335,
Train Epoch: [1/1] Iters:[610/20018] vq_loss 0.4925, rec_loss 0.0604, quant_error 0.3638, codebook_utilization 0.6060, codebook_perplexity 329.9682,
Train Epoch: [1/1] Iters:[620/20018] vq_loss 0.4961, rec_loss 0.0606, quant_error 0.3665, codebook_utilization 0.6017, codebook_perplexity 331.4691,
Train Epoch: [1/1] Iters:[630/20018] vq_loss 0.4901, rec_loss 0.0600, quant_error 0.3623, codebook_utilization 0.5880, codebook_perplexity 326.5232,
Train Epoch: [1/1] Iters:[640/20018] vq_loss 0.4896, rec_loss 0.0598, quant_error 0.3621, codebook_utilization 0.5813, codebook_perplexity 330.6821,
Train Epoch: [1/1] Iters:[650/20018] vq_loss 0.4900, rec_loss 0.0594, quant_error 0.3626, codebook_utilization 0.5765, codebook_perplexity 336.9864,
Train Epoch: [1/1] Iters:[660/20018] vq_loss 0.4892, rec_loss 0.0588, quant_error 0.3622, codebook_utilization 0.5693, codebook_perplexity 340.7351,
Train Epoch: [1/1] Iters:[670/20018] vq_loss 0.4870, rec_loss 0.0582, quant_error 0.3606, codebook_utilization 0.5615, codebook_perplexity 341.9811,
Train Epoch: [1/1] Iters:[680/20018] vq_loss 0.4911, rec_loss 0.0581, quant_error 0.3636, codebook_utilization 0.5591, codebook_perplexity 346.3242,
Train Epoch: [1/1] Iters:[690/20018] vq_loss 0.4894, rec_loss 0.0576, quant_error 0.3625, codebook_utilization 0.5493, codebook_perplexity 344.4970,
Train Epoch: [1/1] Iters:[700/20018] vq_loss 0.4886, rec_loss 0.0577, quant_error 0.3621, codebook_utilization 0.5406, codebook_perplexity 340.3680,
Train Epoch: [1/1] Iters:[710/20018] vq_loss 0.4886, rec_loss 0.0577, quant_error 0.3620, codebook_utilization 0.5353, codebook_perplexity 337.8514,
Train Epoch: [1/1] Iters:[720/20018] vq_loss 0.4891, rec_loss 0.0579, quant_error 0.3624, codebook_utilization 0.5310, codebook_perplexity 335.2209,
Train Epoch: [1/1] Iters:[730/20018] vq_loss 0.4875, rec_loss 0.0580, quant_error 0.3612, codebook_utilization 0.5243, codebook_perplexity 332.2122,
Train Epoch: [1/1] Iters:[740/20018] vq_loss 0.4915, rec_loss 0.0580, quant_error 0.3640, codebook_utilization 0.5252, codebook_perplexity 330.4993,
Train Epoch: [1/1] Iters:[750/20018] vq_loss 0.4908, rec_loss 0.0576, quant_error 0.3633, codebook_utilization 0.5217, codebook_perplexity 328.8961,
Train Epoch: [1/1] Iters:[760/20018] vq_loss 0.4891, rec_loss 0.0572, quant_error 0.3623, codebook_utilization 0.5135, codebook_perplexity 328.8604,
Train Epoch: [1/1] Iters:[770/20018] vq_loss 0.4846, rec_loss 0.0572, quant_error 0.3590, codebook_utilization 0.5039, codebook_perplexity 332.0410,
Train Epoch: [1/1] Iters:[780/20018] vq_loss 0.4858, rec_loss 0.0572, quant_error 0.3598, codebook_utilization 0.5022, codebook_perplexity 338.6114,
Train Epoch: [1/1] Iters:[790/20018] vq_loss 0.4878, rec_loss 0.0571, quant_error 0.3611, codebook_utilization 0.5024, codebook_perplexity 347.6706,
Train Epoch: [1/1] Iters:[800/20018] vq_loss 0.4893, rec_loss 0.0568, quant_error 0.3621, codebook_utilization 0.5012, codebook_perplexity 355.0947,
Train Epoch: [1/1] Iters:[810/20018] vq_loss 0.4933, rec_loss 0.0573, quant_error 0.3648, codebook_utilization 0.5032, codebook_perplexity 360.4486,
Train Epoch: [1/1] Iters:[820/20018] vq_loss 0.4938, rec_loss 0.0569, quant_error 0.3650, codebook_utilization 0.4994, codebook_perplexity 358.3489,
Train Epoch: [1/1] Iters:[830/20018] vq_loss 0.4933, rec_loss 0.0564, quant_error 0.3645, codebook_utilization 0.4937, codebook_perplexity 354.2938,
Train Epoch: [1/1] Iters:[840/20018] vq_loss 0.4894, rec_loss 0.0562, quant_error 0.3616, codebook_utilization 0.4829, codebook_perplexity 347.5789,
Train Epoch: [1/1] Iters:[850/20018] vq_loss 0.4867, rec_loss 0.0564, quant_error 0.3595, codebook_utilization 0.4764, codebook_perplexity 341.7311,
Train Epoch: [1/1] Iters:[860/20018] vq_loss 0.4844, rec_loss 0.0563, quant_error 0.3578, codebook_utilization 0.4707, codebook_perplexity 339.6607,
Train Epoch: [1/1] Iters:[870/20018] vq_loss 0.4849, rec_loss 0.0563, quant_error 0.3581, codebook_utilization 0.4691, codebook_perplexity 340.1436,
Train Epoch: [1/1] Iters:[880/20018] vq_loss 0.4844, rec_loss 0.0566, quant_error 0.3577, codebook_utilization 0.4662, codebook_perplexity 342.2761,
Train Epoch: [1/1] Iters:[890/20018] vq_loss 0.4818, rec_loss 0.0560, quant_error 0.3557, codebook_utilization 0.4612, codebook_perplexity 341.9750,
Train Epoch: [1/1] Iters:[900/20018] vq_loss 0.4847, rec_loss 0.0560, quant_error 0.3577, codebook_utilization 0.4612, codebook_perplexity 344.4211,
Train Epoch: [1/1] Iters:[910/20018] vq_loss 0.4852, rec_loss 0.0559, quant_error 0.3578, codebook_utilization 0.4587, codebook_perplexity 340.3221,
Train Epoch: [1/1] Iters:[920/20018] vq_loss 0.4874, rec_loss 0.0555, quant_error 0.3591, codebook_utilization 0.4610, codebook_perplexity 329.5204,
Train Epoch: [1/1] Iters:[930/20018] vq_loss 0.4871, rec_loss 0.0545, quant_error 0.3584, codebook_utilization 0.4582, codebook_perplexity 311.6835,
Train Epoch: [1/1] Iters:[940/20018] vq_loss 0.4887, rec_loss 0.0543, quant_error 0.3591, codebook_utilization 0.4566, codebook_perplexity 291.8016,
Train Epoch: [1/1] Iters:[950/20018] vq_loss 0.4860, rec_loss 0.0532, quant_error 0.3568, codebook_utilization 0.4498, codebook_perplexity 266.3815,
Train Epoch: [1/1] Iters:[960/20018] vq_loss 0.4876, rec_loss 0.0523, quant_error 0.3574, codebook_utilization 0.4480, codebook_perplexity 241.9936,
Train Epoch: [1/1] Iters:[970/20018] vq_loss 0.4846, rec_loss 0.0523, quant_error 0.3551, codebook_utilization 0.4353, codebook_perplexity 219.8050,
Train Epoch: [1/1] Iters:[980/20018] vq_loss 0.4854, rec_loss 0.0533, quant_error 0.3558, codebook_utilization 0.4297, codebook_perplexity 199.6351,
Train Epoch: [1/1] Iters:[990/20018] vq_loss 0.4840, rec_loss 0.0540, quant_error 0.3550, codebook_utilization 0.4217, codebook_perplexity 178.1102,
Train Epoch: [1/1] Iters:[1000/20018] vq_loss 0.4890, rec_loss 0.0559, quant_error 0.3589, codebook_utilization 0.4227, codebook_perplexity 158.6467,
Train Epoch: [1/1] Iters:[1010/20018] vq_loss 0.4895, rec_loss 0.0573, quant_error 0.3596, codebook_utilization 0.4181, codebook_perplexity 137.8152,
Train Epoch: [1/1] Iters:[1020/20018] vq_loss 0.4922, rec_loss 0.0585, quant_error 0.3620, codebook_utilization 0.4195, codebook_perplexity 119.3300,
Train Epoch: [1/1] Iters:[1030/20018] vq_loss 0.4951, rec_loss 0.0596, quant_error 0.3645, codebook_utilization 0.4205, codebook_perplexity 103.5348,
Train Epoch: [1/1] Iters:[1040/20018] vq_loss 0.5003, rec_loss 0.0612, quant_error 0.3686, codebook_utilization 0.4253, codebook_perplexity 91.3101,
Train Epoch: [1/1] Iters:[1050/20018] vq_loss 0.5006, rec_loss 0.0620, quant_error 0.3695, codebook_utilization 0.4222, codebook_perplexity 79.5648,
Train Epoch: [1/1] Iters:[1060/20018] vq_loss 0.5022, rec_loss 0.0634, quant_error 0.3712, codebook_utilization 0.4218, codebook_perplexity 70.5994,
Train Epoch: [1/1] Iters:[1070/20018] vq_loss 0.5034, rec_loss 0.0648, quant_error 0.3728, codebook_utilization 0.4192, codebook_perplexity 63.5703,
Train Epoch: [1/1] Iters:[1080/20018] vq_loss 0.5073, rec_loss 0.0660, quant_error 0.3761, codebook_utilization 0.4224, codebook_perplexity 57.8672,
Train Epoch: [1/1] Iters:[1090/20018] vq_loss 0.5083, rec_loss 0.0677, quant_error 0.3775, codebook_utilization 0.4227, codebook_perplexity 52.3665,
Train Epoch: [1/1] Iters:[1100/20018] vq_loss 0.5118, rec_loss 0.0691, quant_error 0.3804, codebook_utilization 0.4269, codebook_perplexity 48.1305,
Train Epoch: [1/1] Iters:[1110/20018] vq_loss 0.5118, rec_loss 0.0701, quant_error 0.3810, codebook_utilization 0.4249, codebook_perplexity 44.2089,
Train Epoch: [1/1] Iters:[1120/20018] vq_loss 0.5163, rec_loss 0.0716, quant_error 0.3847, codebook_utilization 0.4308, codebook_perplexity 41.4387,
Train Epoch: [1/1] Iters:[1130/20018] vq_loss 0.5141, rec_loss 0.0729, quant_error 0.3839, codebook_utilization 0.4257, codebook_perplexity 38.1470,
Train Epoch: [1/1] Iters:[1140/20018] vq_loss 0.5178, rec_loss 0.0731, quant_error 0.3871, codebook_utilization 0.4282, codebook_perplexity 36.1492,
Train Epoch: [1/1] Iters:[1150/20018] vq_loss 0.5216, rec_loss 0.0741, quant_error 0.3904, codebook_utilization 0.4320, codebook_perplexity 34.2750,
Train Epoch: [1/1] Iters:[1160/20018] vq_loss 0.5262, rec_loss 0.0763, quant_error 0.3941, codebook_utilization 0.4389, codebook_perplexity 32.6664,
Train Epoch: [1/1] Iters:[1170/20018] vq_loss 0.5265, rec_loss 0.0769, quant_error 0.3949, codebook_utilization 0.4393, codebook_perplexity 30.9153,
Train Epoch: [1/1] Iters:[1180/20018] vq_loss 0.5302, rec_loss 0.0778, quant_error 0.3981, codebook_utilization 0.4455, codebook_perplexity 29.5851,
Train Epoch: [1/1] Iters:[1190/20018] vq_loss 0.5289, rec_loss 0.0789, quant_error 0.3977, codebook_utilization 0.4445, codebook_perplexity 27.9622,
Train Epoch: [1/1] Iters:[1200/20018] vq_loss 0.5279, rec_loss 0.0803, quant_error 0.3977, codebook_utilization 0.4432, codebook_perplexity 26.5140,
Train Epoch: [1/1] Iters:[1210/20018] vq_loss 0.5277, rec_loss 0.0802, quant_error 0.3980, codebook_utilization 0.4431, codebook_perplexity 25.3572,
Train Epoch: [1/1] Iters:[1220/20018] vq_loss 0.5289, rec_loss 0.0811, quant_error 0.3991, codebook_utilization 0.4462, codebook_perplexity 24.3109,
Train Epoch: [1/1] Iters:[1230/20018] vq_loss 0.5299, rec_loss 0.0817, quant_error 0.4003, codebook_utilization 0.4470, codebook_perplexity 23.4631,
Train Epoch: [1/1] Iters:[1240/20018] vq_loss 0.5323, rec_loss 0.0824, quant_error 0.4024, codebook_utilization 0.4501, codebook_perplexity 22.8498,
Train Epoch: [1/1] Iters:[1250/20018] vq_loss 0.5320, rec_loss 0.0825, quant_error 0.4024, codebook_utilization 0.4515, codebook_perplexity 22.1097,
Train Epoch: [1/1] Iters:[1260/20018] vq_loss 0.5363, rec_loss 0.0834, quant_error 0.4056, codebook_utilization 0.4579, codebook_perplexity 21.8295,
Train Epoch: [1/1] Iters:[1270/20018] vq_loss 0.5359, rec_loss 0.0837, quant_error 0.4058, codebook_utilization 0.4560, codebook_perplexity 21.3056,
Train Epoch: [1/1] Iters:[1280/20018] vq_loss 0.5370, rec_loss 0.0845, quant_error 0.4067, codebook_utilization 0.4586, codebook_perplexity 20.9566,
Train Epoch: [1/1] Iters:[1290/20018] vq_loss 0.5373, rec_loss 0.0846, quant_error 0.4072, codebook_utilization 0.4609, codebook_perplexity 20.5475,
Train Epoch: [1/1] Iters:[1300/20018] vq_loss 0.5367, rec_loss 0.0849, quant_error 0.4070, codebook_utilization 0.4611, codebook_perplexity 20.1675,
Train Epoch: [1/1] Iters:[1310/20018] vq_loss 0.5344, rec_loss 0.0848, quant_error 0.4057, codebook_utilization 0.4578, codebook_perplexity 19.6959,
Train Epoch: [1/1] Iters:[1320/20018] vq_loss 0.5382, rec_loss 0.0851, quant_error 0.4084, codebook_utilization 0.4631, codebook_perplexity 19.7713,
Train Epoch: [1/1] Iters:[1330/20018] vq_loss 0.5360, rec_loss 0.0841, quant_error 0.4069, codebook_utilization 0.4623, codebook_perplexity 19.3633,
Train Epoch: [1/1] Iters:[1340/20018] vq_loss 0.5360, rec_loss 0.0845, quant_error 0.4070, codebook_utilization 0.4631, codebook_perplexity 19.1842,
Train Epoch: [1/1] Iters:[1350/20018] vq_loss 0.5341, rec_loss 0.0851, quant_error 0.4058, codebook_utilization 0.4616, codebook_perplexity 18.8467,
Train Epoch: [1/1] Iters:[1360/20018] vq_loss 0.5308, rec_loss 0.0846, quant_error 0.4036, codebook_utilization 0.4580, codebook_perplexity 18.4738,
Train Epoch: [1/1] Iters:[1370/20018] vq_loss 0.5314, rec_loss 0.0847, quant_error 0.4039, codebook_utilization 0.4603, codebook_perplexity 18.3497,
Train Epoch: [1/1] Iters:[1380/20018] vq_loss 0.5311, rec_loss 0.0850, quant_error 0.4037, codebook_utilization 0.4597, codebook_perplexity 18.3051,
Train Epoch: [1/1] Iters:[1390/20018] vq_loss 0.5305, rec_loss 0.0849, quant_error 0.4034, codebook_utilization 0.4590, codebook_perplexity 18.2578,
Train Epoch: [1/1] Iters:[1400/20018] vq_loss 0.5367, rec_loss 0.0847, quant_error 0.4073, codebook_utilization 0.4668, codebook_perplexity 18.6291,
Train Epoch: [1/1] Iters:[1410/20018] vq_loss 0.5424, rec_loss 0.0847, quant_error 0.4110, codebook_utilization 0.4749, codebook_perplexity 18.9887,
Train Epoch: [1/1] Iters:[1420/20018] vq_loss 0.5374, rec_loss 0.0845, quant_error 0.4076, codebook_utilization 0.4710, codebook_perplexity 18.6349,
Train Epoch: [1/1] Iters:[1430/20018] vq_loss 0.5401, rec_loss 0.0848, quant_error 0.4094, codebook_utilization 0.4749, codebook_perplexity 18.7601,
Train Epoch: [1/1] Iters:[1440/20018] vq_loss 0.5417, rec_loss 0.0842, quant_error 0.4103, codebook_utilization 0.4777, codebook_perplexity 18.8476,
Train Epoch: [1/1] Iters:[1450/20018] vq_loss 0.5369, rec_loss 0.0832, quant_error 0.4071, codebook_utilization 0.4713, codebook_perplexity 18.5919,
Train Epoch: [1/1] Iters:[1460/20018] vq_loss 0.5334, rec_loss 0.0829, quant_error 0.4048, codebook_utilization 0.4678, codebook_perplexity 18.3419,
Train Epoch: [1/1] Iters:[1470/20018] vq_loss 0.5370, rec_loss 0.0835, quant_error 0.4071, codebook_utilization 0.4715, codebook_perplexity 18.6229,
Train Epoch: [1/1] Iters:[1480/20018] vq_loss 0.5340, rec_loss 0.0834, quant_error 0.4049, codebook_utilization 0.4690, codebook_perplexity 18.4489,
Train Epoch: [1/1] Iters:[1490/20018] vq_loss 0.5320, rec_loss 0.0836, quant_error 0.4035, codebook_utilization 0.4683, codebook_perplexity 18.3185,
Train Epoch: [1/1] Iters:[1500/20018] vq_loss 0.5330, rec_loss 0.0842, quant_error 0.4039, codebook_utilization 0.4727, codebook_perplexity 18.3323,
Train Epoch: [1/1] Iters:[1510/20018] vq_loss 0.5345, rec_loss 0.0849, quant_error 0.4047, codebook_utilization 0.4748, codebook_perplexity 18.5345,
Train Epoch: [1/1] Iters:[1520/20018] vq_loss 0.5308, rec_loss 0.0837, quant_error 0.4020, codebook_utilization 0.4718, codebook_perplexity 18.3436,
Train Epoch: [1/1] Iters:[1530/20018] vq_loss 0.5327, rec_loss 0.0833, quant_error 0.4031, codebook_utilization 0.4742, codebook_perplexity 18.5775,
Train Epoch: [1/1] Iters:[1540/20018] vq_loss 0.5332, rec_loss 0.0838, quant_error 0.4032, codebook_utilization 0.4755, codebook_perplexity 18.6791,
Train Epoch: [1/1] Iters:[1550/20018] vq_loss 0.5350, rec_loss 0.0833, quant_error 0.4044, codebook_utilization 0.4769, codebook_perplexity 18.8681,
Train Epoch: [1/1] Iters:[1560/20018] vq_loss 0.5345, rec_loss 0.0830, quant_error 0.4040, codebook_utilization 0.4771, codebook_perplexity 18.8632,
Train Epoch: [1/1] Iters:[1570/20018] vq_loss 0.5354, rec_loss 0.0830, quant_error 0.4046, codebook_utilization 0.4796, codebook_perplexity 18.9359,
Train Epoch: [1/1] Iters:[1580/20018] vq_loss 0.5340, rec_loss 0.0833, quant_error 0.4035, codebook_utilization 0.4795, codebook_perplexity 18.8454,
Train Epoch: [1/1] Iters:[1590/20018] vq_loss 0.5360, rec_loss 0.0832, quant_error 0.4047, codebook_utilization 0.4831, codebook_perplexity 19.0001,
Train Epoch: [1/1] Iters:[1600/20018] vq_loss 0.5314, rec_loss 0.0833, quant_error 0.4015, codebook_utilization 0.4779, codebook_perplexity 18.8602,
Train Epoch: [1/1] Iters:[1610/20018] vq_loss 0.5301, rec_loss 0.0834, quant_error 0.4004, codebook_utilization 0.4770, codebook_perplexity 18.8096,
Train Epoch: [1/1] Iters:[1620/20018] vq_loss 0.5337, rec_loss 0.0838, quant_error 0.4026, codebook_utilization 0.4822, codebook_perplexity 19.0903,
Train Epoch: [1/1] Iters:[1630/20018] vq_loss 0.5332, rec_loss 0.0836, quant_error 0.4021, codebook_utilization 0.4820, codebook_perplexity 19.1577,
Train Epoch: [1/1] Iters:[1640/20018] vq_loss 0.5297, rec_loss 0.0836, quant_error 0.3997, codebook_utilization 0.4784, codebook_perplexity 18.9790,
Train Epoch: [1/1] Iters:[1650/20018] vq_loss 0.5333, rec_loss 0.0838, quant_error 0.4019, codebook_utilization 0.4844, codebook_perplexity 19.1418,
Train Epoch: [1/1] Iters:[1660/20018] vq_loss 0.5306, rec_loss 0.0828, quant_error 0.4000, codebook_utilization 0.4824, codebook_perplexity 19.0264,
Train Epoch: [1/1] Iters:[1670/20018] vq_loss 0.5268, rec_loss 0.0822, quant_error 0.3975, codebook_utilization 0.4783, codebook_perplexity 18.8958,
Train Epoch: [1/1] Iters:[1680/20018] vq_loss 0.5288, rec_loss 0.0821, quant_error 0.3986, codebook_utilization 0.4830, codebook_perplexity 18.9382,
Train Epoch: [1/1] Iters:[1690/20018] vq_loss 0.5312, rec_loss 0.0814, quant_error 0.4001, codebook_utilization 0.4857, codebook_perplexity 19.2182,
Train Epoch: [1/1] Iters:[1700/20018] vq_loss 0.5271, rec_loss 0.0804, quant_error 0.3973, codebook_utilization 0.4812, codebook_perplexity 19.0718,
Train Epoch: [1/1] Iters:[1710/20018] vq_loss 0.5314, rec_loss 0.0813, quant_error 0.4000, codebook_utilization 0.4872, codebook_perplexity 19.3657,
Train Epoch: [1/1] Iters:[1720/20018] vq_loss 0.5330, rec_loss 0.0817, quant_error 0.4010, codebook_utilization 0.4884, codebook_perplexity 19.5677,
Train Epoch: [1/1] Iters:[1730/20018] vq_loss 0.5327, rec_loss 0.0813, quant_error 0.4007, codebook_utilization 0.4880, codebook_perplexity 19.7124,
Train Epoch: [1/1] Iters:[1740/20018] vq_loss 0.5358, rec_loss 0.0815, quant_error 0.4026, codebook_utilization 0.4924, codebook_perplexity 19.9506,
Train Epoch: [1/1] Iters:[1750/20018] vq_loss 0.5389, rec_loss 0.0821, quant_error 0.4046, codebook_utilization 0.4975, codebook_perplexity 20.1451,
Train Epoch: [1/1] Iters:[1760/20018] vq_loss 0.5357, rec_loss 0.0817, quant_error 0.4024, codebook_utilization 0.4947, codebook_perplexity 19.9918,
Train Epoch: [1/1] Iters:[1770/20018] vq_loss 0.5386, rec_loss 0.0815, quant_error 0.4042, codebook_utilization 0.4983, codebook_perplexity 20.2660,
Train Epoch: [1/1] Iters:[1780/20018] vq_loss 0.5378, rec_loss 0.0821, quant_error 0.4036, codebook_utilization 0.4971, codebook_perplexity 20.2710,
Train Epoch: [1/1] Iters:[1790/20018] vq_loss 0.5334, rec_loss 0.0818, quant_error 0.4006, codebook_utilization 0.4919, codebook_perplexity 20.0505,
Train Epoch: [1/1] Iters:[1800/20018] vq_loss 0.5313, rec_loss 0.0808, quant_error 0.3992, codebook_utilization 0.4897, codebook_perplexity 20.0356,
Train Epoch: [1/1] Iters:[1810/20018] vq_loss 0.5355, rec_loss 0.0813, quant_error 0.4017, codebook_utilization 0.4956, codebook_perplexity 20.4355,
Train Epoch: [1/1] Iters:[1820/20018] vq_loss 0.5288, rec_loss 0.0812, quant_error 0.3970, codebook_utilization 0.4907, codebook_perplexity 19.9233,
Train Epoch: [1/1] Iters:[1830/20018] vq_loss 0.5334, rec_loss 0.0809, quant_error 0.4001, codebook_utilization 0.4966, codebook_perplexity 20.3027,
Train Epoch: [1/1] Iters:[1840/20018] vq_loss 0.5370, rec_loss 0.0817, quant_error 0.4023, codebook_utilization 0.5021, codebook_perplexity 20.6053,
Train Epoch: [1/1] Iters:[1850/20018] vq_loss 0.5406, rec_loss 0.0834, quant_error 0.4045, codebook_utilization 0.5067, codebook_perplexity 20.8511,
Train Epoch: [1/1] Iters:[1860/20018] vq_loss 0.5396, rec_loss 0.0825, quant_error 0.4037, codebook_utilization 0.5060, codebook_perplexity 20.7561,
Train Epoch: [1/1] Iters:[1870/20018] vq_loss 0.5440, rec_loss 0.0823, quant_error 0.4067, codebook_utilization 0.5101, codebook_perplexity 21.1673,
Train Epoch: [1/1] Iters:[1880/20018] vq_loss 0.5410, rec_loss 0.0818, quant_error 0.4046, codebook_utilization 0.5076, codebook_perplexity 20.9671,
Train Epoch: [1/1] Iters:[1890/20018] vq_loss 0.5373, rec_loss 0.0815, quant_error 0.4020, codebook_utilization 0.5038, codebook_perplexity 20.7588,
Train Epoch: [1/1] Iters:[1900/20018] vq_loss 0.5341, rec_loss 0.0806, quant_error 0.3997, codebook_utilization 0.5011, codebook_perplexity 20.6967,
Train Epoch: [1/1] Iters:[1910/20018] vq_loss 0.5353, rec_loss 0.0806, quant_error 0.4004, codebook_utilization 0.5025, codebook_perplexity 20.9650,
Train Epoch: [1/1] Iters:[1920/20018] vq_loss 0.5343, rec_loss 0.0813, quant_error 0.3994, codebook_utilization 0.5029, codebook_perplexity 20.9337,
Train Epoch: [1/1] Iters:[1930/20018] vq_loss 0.5352, rec_loss 0.0821, quant_error 0.3998, codebook_utilization 0.5049, codebook_perplexity 21.1455,
Train Epoch: [1/1] Iters:[1940/20018] vq_loss 0.5355, rec_loss 0.0818, quant_error 0.3999, codebook_utilization 0.5059, codebook_perplexity 21.3045,
Train Epoch: [1/1] Iters:[1950/20018] vq_loss 0.5343, rec_loss 0.0814, quant_error 0.3991, codebook_utilization 0.5059, codebook_perplexity 21.2192,
Train Epoch: [1/1] Iters:[1960/20018] vq_loss 0.5351, rec_loss 0.0813, quant_error 0.3997, codebook_utilization 0.5058, codebook_perplexity 21.4092,
Train Epoch: [1/1] Iters:[1970/20018] vq_loss 0.5397, rec_loss 0.0809, quant_error 0.4026, codebook_utilization 0.5103, codebook_perplexity 21.8494,
Train Epoch: [1/1] Iters:[1980/20018] vq_loss 0.5396, rec_loss 0.0808, quant_error 0.4025, codebook_utilization 0.5104, codebook_perplexity 21.9631,
Train Epoch: [1/1] Iters:[1990/20018] vq_loss 0.5411, rec_loss 0.0804, quant_error 0.4033, codebook_utilization 0.5120, codebook_perplexity 22.1055,
Train Epoch: [1/1] Iters:[2000/20018] vq_loss 0.5462, rec_loss 0.0809, quant_error 0.4066, codebook_utilization 0.5167, codebook_perplexity 22.6030,
Train Epoch: [1/1] Iters:[2010/20018] vq_loss 0.5424, rec_loss 0.0815, quant_error 0.4040, codebook_utilization 0.5145, codebook_perplexity 22.3120,
Train Epoch: [1/1] Iters:[2020/20018] vq_loss 0.5342, rec_loss 0.0809, quant_error 0.3985, codebook_utilization 0.5061, codebook_perplexity 21.7421,
Train Epoch: [1/1] Iters:[2030/20018] vq_loss 0.5335, rec_loss 0.0806, quant_error 0.3981, codebook_utilization 0.5055, codebook_perplexity 21.6937,
Train Epoch: [1/1] Iters:[2040/20018] vq_loss 0.5304, rec_loss 0.0807, quant_error 0.3958, codebook_utilization 0.5034, codebook_perplexity 21.4855,
Train Epoch: [1/1] Iters:[2050/20018] vq_loss 0.5279, rec_loss 0.0794, quant_error 0.3941, codebook_utilization 0.5004, codebook_perplexity 21.4733,
Train Epoch: [1/1] Iters:[2060/20018] vq_loss 0.5273, rec_loss 0.0785, quant_error 0.3936, codebook_utilization 0.5010, codebook_perplexity 21.4986,
Train Epoch: [1/1] Iters:[2070/20018] vq_loss 0.5286, rec_loss 0.0783, quant_error 0.3943, codebook_utilization 0.5041, codebook_perplexity 21.7076,
Train Epoch: [1/1] Iters:[2080/20018] vq_loss 0.5288, rec_loss 0.0784, quant_error 0.3942, codebook_utilization 0.5047, codebook_perplexity 21.7731,
Train Epoch: [1/1] Iters:[2090/20018] vq_loss 0.5293, rec_loss 0.0781, quant_error 0.3946, codebook_utilization 0.5048, codebook_perplexity 21.9527,
Train Epoch: [1/1] Iters:[2100/20018] vq_loss 0.5274, rec_loss 0.0794, quant_error 0.3931, codebook_utilization 0.5044, codebook_perplexity 21.7908,
Train Epoch: [1/1] Iters:[2110/20018] vq_loss 0.5321, rec_loss 0.0807, quant_error 0.3962, codebook_utilization 0.5087, codebook_perplexity 22.2508,
Train Epoch: [1/1] Iters:[2120/20018] vq_loss 0.5349, rec_loss 0.0805, quant_error 0.3980, codebook_utilization 0.5109, codebook_perplexity 22.6602,
Train Epoch: [1/1] Iters:[2130/20018] vq_loss 0.5356, rec_loss 0.0802, quant_error 0.3983, codebook_utilization 0.5124, codebook_perplexity 22.8506,
Train Epoch: [1/1] Iters:[2140/20018] vq_loss 0.5395, rec_loss 0.0803, quant_error 0.4007, codebook_utilization 0.5171, codebook_perplexity 23.1829,
Train Epoch: [1/1] Iters:[2150/20018] vq_loss 0.5405, rec_loss 0.0802, quant_error 0.4013, codebook_utilization 0.5196, codebook_perplexity 23.2249,
Train Epoch: [1/1] Iters:[2160/20018] vq_loss 0.5375, rec_loss 0.0790, quant_error 0.3992, codebook_utilization 0.5178, codebook_perplexity 22.9753,
Train Epoch: [1/1] Iters:[2170/20018] vq_loss 0.5374, rec_loss 0.0798, quant_error 0.3992, codebook_utilization 0.5180, codebook_perplexity 22.9363,
Train Epoch: [1/1] Iters:[2180/20018] vq_loss 0.5380, rec_loss 0.0798, quant_error 0.3996, codebook_utilization 0.5180, codebook_perplexity 22.9941,
Train Epoch: [1/1] Iters:[2190/20018] vq_loss 0.5335, rec_loss 0.0792, quant_error 0.3965, codebook_utilization 0.5147, codebook_perplexity 22.7347,
Train Epoch: [1/1] Iters:[2200/20018] vq_loss 0.5356, rec_loss 0.0788, quant_error 0.3978, codebook_utilization 0.5156, codebook_perplexity 23.0975,
Train Epoch: [1/1] Iters:[2210/20018] vq_loss 0.5325, rec_loss 0.0786, quant_error 0.3956, codebook_utilization 0.5122, codebook_perplexity 23.0194,
Train Epoch: [1/1] Iters:[2220/20018] vq_loss 0.5290, rec_loss 0.0779, quant_error 0.3932, codebook_utilization 0.5092, codebook_perplexity 22.8232,
Train Epoch: [1/1] Iters:[2230/20018] vq_loss 0.5264, rec_loss 0.0767, quant_error 0.3913, codebook_utilization 0.5072, codebook_perplexity 22.8918,
Train Epoch: [1/1] Iters:[2240/20018] vq_loss 0.5295, rec_loss 0.0770, quant_error 0.3933, codebook_utilization 0.5098, codebook_perplexity 23.2511,
Train Epoch: [1/1] Iters:[2250/20018] vq_loss 0.5276, rec_loss 0.0771, quant_error 0.3921, codebook_utilization 0.5079, codebook_perplexity 23.2265,
Train Epoch: [1/1] Iters:[2260/20018] vq_loss 0.5309, rec_loss 0.0771, quant_error 0.3941, codebook_utilization 0.5121, codebook_perplexity 23.6065,
Train Epoch: [1/1] Iters:[2270/20018] vq_loss 0.5352, rec_loss 0.0772, quant_error 0.3968, codebook_utilization 0.5175, codebook_perplexity 23.9969,
Train Epoch: [1/1] Iters:[2280/20018] vq_loss 0.5346, rec_loss 0.0779, quant_error 0.3963, codebook_utilization 0.5182, codebook_perplexity 23.9711,
Train Epoch: [1/1] Iters:[2290/20018] vq_loss 0.5323, rec_loss 0.0778, quant_error 0.3947, codebook_utilization 0.5172, codebook_perplexity 23.6922,
Train Epoch: [1/1] Iters:[2300/20018] vq_loss 0.5287, rec_loss 0.0774, quant_error 0.3922, codebook_utilization 0.5143, codebook_perplexity 23.4653,
Train Epoch: [1/1] Iters:[2310/20018] vq_loss 0.5248, rec_loss 0.0769, quant_error 0.3895, codebook_utilization 0.5114, codebook_perplexity 23.3157,
Train Epoch: [1/1] Iters:[2320/20018] vq_loss 0.5189, rec_loss 0.0763, quant_error 0.3855, codebook_utilization 0.5054, codebook_perplexity 22.9588,
Train Epoch: [1/1] Iters:[2330/20018] vq_loss 0.5163, rec_loss 0.0762, quant_error 0.3837, codebook_utilization 0.5024, codebook_perplexity 22.8138,
Train Epoch: [1/1] Iters:[2340/20018] vq_loss 0.5129, rec_loss 0.0765, quant_error 0.3812, codebook_utilization 0.4982, codebook_perplexity 22.8099,
Train Epoch: [1/1] Iters:[2350/20018] vq_loss 0.5170, rec_loss 0.0764, quant_error 0.3839, codebook_utilization 0.5029, codebook_perplexity 23.3125,
Train Epoch: [1/1] Iters:[2360/20018] vq_loss 0.5217, rec_loss 0.0776, quant_error 0.3869, codebook_utilization 0.5082, codebook_perplexity 23.6541,
Train Epoch: [1/1] Iters:[2370/20018] vq_loss 0.5246, rec_loss 0.0772, quant_error 0.3886, codebook_utilization 0.5114, codebook_perplexity 24.0725,
Train Epoch: [1/1] Iters:[2380/20018] vq_loss 0.5245, rec_loss 0.0774, quant_error 0.3885, codebook_utilization 0.5125, codebook_perplexity 24.0292,
Train Epoch: [1/1] Iters:[2390/20018] vq_loss 0.5278, rec_loss 0.0773, quant_error 0.3906, codebook_utilization 0.5176, codebook_perplexity 24.2986,
Train Epoch: [1/1] Iters:[2400/20018] vq_loss 0.5211, rec_loss 0.0775, quant_error 0.3859, codebook_utilization 0.5113, codebook_perplexity 23.7610,
Train Epoch: [1/1] Iters:[2410/20018] vq_loss 0.5186, rec_loss 0.0764, quant_error 0.3844, codebook_utilization 0.5073, codebook_perplexity 23.7255,
Train Epoch: [1/1] Iters:[2420/20018] vq_loss 0.5223, rec_loss 0.0766, quant_error 0.3868, codebook_utilization 0.5113, codebook_perplexity 24.1085,
Train Epoch: [1/1] Iters:[2430/20018] vq_loss 0.5254, rec_loss 0.0764, quant_error 0.3886, codebook_utilization 0.5149, codebook_perplexity 24.5071,
Train Epoch: [1/1] Iters:[2440/20018] vq_loss 0.5250, rec_loss 0.0758, quant_error 0.3884, codebook_utilization 0.5143, codebook_perplexity 24.6111,
Train Epoch: [1/1] Iters:[2450/20018] vq_loss 0.5306, rec_loss 0.0755, quant_error 0.3920, codebook_utilization 0.5206, codebook_perplexity 25.1610,
Train Epoch: [1/1] Iters:[2460/20018] vq_loss 0.5311, rec_loss 0.0758, quant_error 0.3923, codebook_utilization 0.5225, codebook_perplexity 25.1761,
Train Epoch: [1/1] Iters:[2470/20018] vq_loss 0.5286, rec_loss 0.0760, quant_error 0.3905, codebook_utilization 0.5204, codebook_perplexity 25.0156,
Train Epoch: [1/1] Iters:[2480/20018] vq_loss 0.5322, rec_loss 0.0758, quant_error 0.3929, codebook_utilization 0.5240, codebook_perplexity 25.5123,
Train Epoch: [1/1] Iters:[2490/20018] vq_loss 0.5313, rec_loss 0.0753, quant_error 0.3923, codebook_utilization 0.5226, codebook_perplexity 25.5317,
Train Epoch: [1/1] Iters:[2500/20018] vq_loss 0.5312, rec_loss 0.0759, quant_error 0.3923, codebook_utilization 0.5233, codebook_perplexity 25.4743,
Train Epoch: [1/1] Iters:[2510/20018] vq_loss 0.5305, rec_loss 0.0758, quant_error 0.3917, codebook_utilization 0.5219, codebook_perplexity 25.6212,
Train Epoch: [1/1] Iters:[2520/20018] vq_loss 0.5304, rec_loss 0.0756, quant_error 0.3916, codebook_utilization 0.5234, codebook_perplexity 25.6641,
Train Epoch: [1/1] Iters:[2530/20018] vq_loss 0.5247, rec_loss 0.0761, quant_error 0.3876, codebook_utilization 0.5185, codebook_perplexity 25.1145,
Train Epoch: [1/1] Iters:[2540/20018] vq_loss 0.5231, rec_loss 0.0770, quant_error 0.3865, codebook_utilization 0.5179, codebook_perplexity 25.0713,
Train Epoch: [1/1] Iters:[2550/20018] vq_loss 0.5222, rec_loss 0.0760, quant_error 0.3857, codebook_utilization 0.5168, codebook_perplexity 25.2318,
Train Epoch: [1/1] Iters:[2560/20018] vq_loss 0.5222, rec_loss 0.0751, quant_error 0.3855, codebook_utilization 0.5186, codebook_perplexity 25.2763,
Train Epoch: [1/1] Iters:[2570/20018] vq_loss 0.5195, rec_loss 0.0757, quant_error 0.3837, codebook_utilization 0.5154, codebook_perplexity 25.1597,
Train Epoch: [1/1] Iters:[2580/20018] vq_loss 0.5175, rec_loss 0.0750, quant_error 0.3823, codebook_utilization 0.5138, codebook_perplexity 25.1283,
Train Epoch: [1/1] Iters:[2590/20018] vq_loss 0.5220, rec_loss 0.0749, quant_error 0.3852, codebook_utilization 0.5179, codebook_perplexity 25.6919,
Train Epoch: [1/1] Iters:[2600/20018] vq_loss 0.5216, rec_loss 0.0749, quant_error 0.3850, codebook_utilization 0.5181, codebook_perplexity 25.6288,
Train Epoch: [1/1] Iters:[2610/20018] vq_loss 0.5192, rec_loss 0.0752, quant_error 0.3834, codebook_utilization 0.5152, codebook_perplexity 25.4919,
Train Epoch: [1/1] Iters:[2620/20018] vq_loss 0.5198, rec_loss 0.0747, quant_error 0.3839, codebook_utilization 0.5159, codebook_perplexity 25.6077,
Train Epoch: [1/1] Iters:[2630/20018] vq_loss 0.5224, rec_loss 0.0748, quant_error 0.3854, codebook_utilization 0.5185, codebook_perplexity 25.9629,
Train Epoch: [1/1] Iters:[2640/20018] vq_loss 0.5208, rec_loss 0.0747, quant_error 0.3843, codebook_utilization 0.5181, codebook_perplexity 25.8240,
Train Epoch: [1/1] Iters:[2650/20018] vq_loss 0.5245, rec_loss 0.0747, quant_error 0.3866, codebook_utilization 0.5212, codebook_perplexity 26.3960,
Train Epoch: [1/1] Iters:[2660/20018] vq_loss 0.5251, rec_loss 0.0752, quant_error 0.3869, codebook_utilization 0.5228, codebook_perplexity 26.4558,
Train Epoch: [1/1] Iters:[2670/20018] vq_loss 0.5276, rec_loss 0.0747, quant_error 0.3884, codebook_utilization 0.5273, codebook_perplexity 26.7009,
Train Epoch: [1/1] Iters:[2680/20018] vq_loss 0.5256, rec_loss 0.0747, quant_error 0.3871, codebook_utilization 0.5255, codebook_perplexity 26.6341,
Train Epoch: [1/1] Iters:[2690/20018] vq_loss 0.5256, rec_loss 0.0749, quant_error 0.3869, codebook_utilization 0.5273, codebook_perplexity 26.6396,
Train Epoch: [1/1] Iters:[2700/20018] vq_loss 0.5189, rec_loss 0.0743, quant_error 0.3825, codebook_utilization 0.5210, codebook_perplexity 26.0580,
Train Epoch: [1/1] Iters:[2710/20018] vq_loss 0.5198, rec_loss 0.0738, quant_error 0.3830, codebook_utilization 0.5220, codebook_perplexity 26.3041,
Train Epoch: [1/1] Iters:[2720/20018] vq_loss 0.5156, rec_loss 0.0739, quant_error 0.3802, codebook_utilization 0.5182, codebook_perplexity 25.9514,
Train Epoch: [1/1] Iters:[2730/20018] vq_loss 0.5166, rec_loss 0.0734, quant_error 0.3808, codebook_utilization 0.5203, codebook_perplexity 26.1099,
Train Epoch: [1/1] Iters:[2740/20018] vq_loss 0.5174, rec_loss 0.0731, quant_error 0.3812, codebook_utilization 0.5208, codebook_perplexity 26.3448,
Train Epoch: [1/1] Iters:[2750/20018] vq_loss 0.5231, rec_loss 0.0736, quant_error 0.3849, codebook_utilization 0.5278, codebook_perplexity 26.9444,
Train Epoch: [1/1] Iters:[2760/20018] vq_loss 0.5247, rec_loss 0.0735, quant_error 0.3860, codebook_utilization 0.5299, codebook_perplexity 27.2285,
Train Epoch: [1/1] Iters:[2770/20018] vq_loss 0.5235, rec_loss 0.0733, quant_error 0.3851, codebook_utilization 0.5280, codebook_perplexity 27.2476,
Train Epoch: [1/1] Iters:[2780/20018] vq_loss 0.5249, rec_loss 0.0737, quant_error 0.3860, codebook_utilization 0.5288, codebook_perplexity 27.4498,
Train Epoch: [1/1] Iters:[2790/20018] vq_loss 0.5214, rec_loss 0.0734, quant_error 0.3835, codebook_utilization 0.5248, codebook_perplexity 27.1795,
Train Epoch: [1/1] Iters:[2800/20018] vq_loss 0.5215, rec_loss 0.0733, quant_error 0.3835, codebook_utilization 0.5255, codebook_perplexity 27.2076,
Train Epoch: [1/1] Iters:[2810/20018] vq_loss 0.5211, rec_loss 0.0734, quant_error 0.3831, codebook_utilization 0.5270, codebook_perplexity 27.1610,
Train Epoch: [1/1] Iters:[2820/20018] vq_loss 0.5265, rec_loss 0.0738, quant_error 0.3867, codebook_utilization 0.5322, codebook_perplexity 27.7726,
Train Epoch: [1/1] Iters:[2830/20018] vq_loss 0.5247, rec_loss 0.0740, quant_error 0.3855, codebook_utilization 0.5310, codebook_perplexity 27.5943,
Train Epoch: [1/1] Iters:[2840/20018] vq_loss 0.5315, rec_loss 0.0749, quant_error 0.3899, codebook_utilization 0.5386, codebook_perplexity 28.2824,
Train Epoch: [1/1] Iters:[2850/20018] vq_loss 0.5281, rec_loss 0.0752, quant_error 0.3875, codebook_utilization 0.5362, codebook_perplexity 28.0102,
Train Epoch: [1/1] Iters:[2860/20018] vq_loss 0.5271, rec_loss 0.0747, quant_error 0.3869, codebook_utilization 0.5347, codebook_perplexity 28.0029,
Train Epoch: [1/1] Iters:[2870/20018] vq_loss 0.5271, rec_loss 0.0747, quant_error 0.3868, codebook_utilization 0.5347, codebook_perplexity 28.1907,
Train Epoch: [1/1] Iters:[2880/20018] vq_loss 0.5282, rec_loss 0.0748, quant_error 0.3874, codebook_utilization 0.5367, codebook_perplexity 28.4225,
Train Epoch: [1/1] Iters:[2890/20018] vq_loss 0.5238, rec_loss 0.0739, quant_error 0.3845, codebook_utilization 0.5322, codebook_perplexity 28.2544,
Train Epoch: [1/1] Iters:[2900/20018] vq_loss 0.5237, rec_loss 0.0736, quant_error 0.3843, codebook_utilization 0.5327, codebook_perplexity 28.3795,
Train Epoch: [1/1] Iters:[2910/20018] vq_loss 0.5243, rec_loss 0.0736, quant_error 0.3845, codebook_utilization 0.5330, codebook_perplexity 28.6441,
Train Epoch: [1/1] Iters:[2920/20018] vq_loss 0.5241, rec_loss 0.0732, quant_error 0.3844, codebook_utilization 0.5335, codebook_perplexity 28.6591,
Train Epoch: [1/1] Iters:[2930/20018] vq_loss 0.5252, rec_loss 0.0736, quant_error 0.3850, codebook_utilization 0.5354, codebook_perplexity 28.8323,
Train Epoch: [1/1] Iters:[2940/20018] vq_loss 0.5234, rec_loss 0.0730, quant_error 0.3837, codebook_utilization 0.5342, codebook_perplexity 28.6553,
Train Epoch: [1/1] Iters:[2950/20018] vq_loss 0.5247, rec_loss 0.0727, quant_error 0.3846, codebook_utilization 0.5351, codebook_perplexity 28.8058,
Train Epoch: [1/1] Iters:[2960/20018] vq_loss 0.5246, rec_loss 0.0734, quant_error 0.3846, codebook_utilization 0.5366, codebook_perplexity 28.6743,
Train Epoch: [1/1] Iters:[2970/20018] vq_loss 0.5202, rec_loss 0.0735, quant_error 0.3816, codebook_utilization 0.5335, codebook_perplexity 28.2446,
Train Epoch: [1/1] Iters:[2980/20018] vq_loss 0.5212, rec_loss 0.0728, quant_error 0.3822, codebook_utilization 0.5332, codebook_perplexity 28.6587,
Train Epoch: [1/1] Iters:[2990/20018] vq_loss 0.5236, rec_loss 0.0737, quant_error 0.3837, codebook_utilization 0.5359, codebook_perplexity 28.8523,
Train Epoch: [1/1] Iters:[3000/20018] vq_loss 0.5273, rec_loss 0.0747, quant_error 0.3860, codebook_utilization 0.5400, codebook_perplexity 29.3248,
Train Epoch: [1/1] Iters:[3010/20018] vq_loss 0.5282, rec_loss 0.0743, quant_error 0.3866, codebook_utilization 0.5403, codebook_perplexity 29.6204,
Train Epoch: [1/1] Iters:[3020/20018] vq_loss 0.5322, rec_loss 0.0750, quant_error 0.3892, codebook_utilization 0.5444, codebook_perplexity 30.0042,
Train Epoch: [1/1] Iters:[3030/20018] vq_loss 0.5319, rec_loss 0.0749, quant_error 0.3890, codebook_utilization 0.5454, codebook_perplexity 29.8564,
Train Epoch: [1/1] Iters:[3040/20018] vq_loss 0.5305, rec_loss 0.0747, quant_error 0.3880, codebook_utilization 0.5451, codebook_perplexity 29.8594,
Train Epoch: [1/1] Iters:[3050/20018] vq_loss 0.5316, rec_loss 0.0742, quant_error 0.3887, codebook_utilization 0.5464, codebook_perplexity 30.0657,
Train Epoch: [1/1] Iters:[3060/20018] vq_loss 0.5278, rec_loss 0.0740, quant_error 0.3860, codebook_utilization 0.5429, codebook_perplexity 29.7654,
Train Epoch: [1/1] Iters:[3070/20018] vq_loss 0.5269, rec_loss 0.0730, quant_error 0.3854, codebook_utilization 0.5416, codebook_perplexity 29.9040,
Train Epoch: [1/1] Iters:[3080/20018] vq_loss 0.5245, rec_loss 0.0726, quant_error 0.3837, codebook_utilization 0.5402, codebook_perplexity 29.7350,
Train Epoch: [1/1] Iters:[3090/20018] vq_loss 0.5278, rec_loss 0.0722, quant_error 0.3859, codebook_utilization 0.5434, codebook_perplexity 30.1550,
Train Epoch: [1/1] Iters:[3100/20018] vq_loss 0.5211, rec_loss 0.0716, quant_error 0.3814, codebook_utilization 0.5370, codebook_perplexity 29.5574,
Train Epoch: [1/1] Iters:[3110/20018] vq_loss 0.5235, rec_loss 0.0717, quant_error 0.3830, codebook_utilization 0.5391, codebook_perplexity 29.9082,
Train Epoch: [1/1] Iters:[3120/20018] vq_loss 0.5231, rec_loss 0.0719, quant_error 0.3826, codebook_utilization 0.5393, codebook_perplexity 29.9816,
Train Epoch: [1/1] Iters:[3130/20018] vq_loss 0.5205, rec_loss 0.0721, quant_error 0.3808, codebook_utilization 0.5365, codebook_perplexity 29.7441,
Train Epoch: [1/1] Iters:[3140/20018] vq_loss 0.5198, rec_loss 0.0722, quant_error 0.3803, codebook_utilization 0.5361, codebook_perplexity 29.8020,
Train Epoch: [1/1] Iters:[3150/20018] vq_loss 0.5245, rec_loss 0.0723, quant_error 0.3833, codebook_utilization 0.5411, codebook_perplexity 30.4405,
Train Epoch: [1/1] Iters:[3160/20018] vq_loss 0.5217, rec_loss 0.0724, quant_error 0.3813, codebook_utilization 0.5403, codebook_perplexity 30.0858,
Train Epoch: [1/1] Iters:[3170/20018] vq_loss 0.5254, rec_loss 0.0725, quant_error 0.3838, codebook_utilization 0.5450, codebook_perplexity 30.5605,
Train Epoch: [1/1] Iters:[3180/20018] vq_loss 0.5278, rec_loss 0.0722, quant_error 0.3853, codebook_utilization 0.5483, codebook_perplexity 30.8485,
Train Epoch: [1/1] Iters:[3190/20018] vq_loss 0.5285, rec_loss 0.0726, quant_error 0.3856, codebook_utilization 0.5509, codebook_perplexity 30.8776,
Train Epoch: [1/1] Iters:[3200/20018] vq_loss 0.5273, rec_loss 0.0727, quant_error 0.3848, codebook_utilization 0.5499, codebook_perplexity 30.8635,
Train Epoch: [1/1] Iters:[3210/20018] vq_loss 0.5318, rec_loss 0.0722, quant_error 0.3877, codebook_utilization 0.5535, codebook_perplexity 31.6008,
Train Epoch: [1/1] Iters:[3220/20018] vq_loss 0.5297, rec_loss 0.0723, quant_error 0.3862, codebook_utilization 0.5526, codebook_perplexity 31.2053,
Train Epoch: [1/1] Iters:[3230/20018] vq_loss 0.5266, rec_loss 0.0730, quant_error 0.3841, codebook_utilization 0.5476, codebook_perplexity 31.1674,
Train Epoch: [1/1] Iters:[3240/20018] vq_loss 0.5242, rec_loss 0.0725, quant_error 0.3825, codebook_utilization 0.5448, codebook_perplexity 31.0349,
Train Epoch: [1/1] Iters:[3250/20018] vq_loss 0.5197, rec_loss 0.0722, quant_error 0.3795, codebook_utilization 0.5418, codebook_perplexity 30.5160,
Train Epoch: [1/1] Iters:[3260/20018] vq_loss 0.5206, rec_loss 0.0726, quant_error 0.3800, codebook_utilization 0.5432, codebook_perplexity 30.6434,
Train Epoch: [1/1] Iters:[3270/20018] vq_loss 0.5176, rec_loss 0.0720, quant_error 0.3779, codebook_utilization 0.5400, codebook_perplexity 30.5937,
Train Epoch: [1/1] Iters:[3280/20018] vq_loss 0.5181, rec_loss 0.0722, quant_error 0.3783, codebook_utilization 0.5435, codebook_perplexity 30.5200,
Train Epoch: [1/1] Iters:[3290/20018] vq_loss 0.5176, rec_loss 0.0718, quant_error 0.3779, codebook_utilization 0.5428, codebook_perplexity 30.4710,
Train Epoch: [1/1] Iters:[3300/20018] vq_loss 0.5183, rec_loss 0.0711, quant_error 0.3783, codebook_utilization 0.5439, codebook_perplexity 30.8108,
Train Epoch: [1/1] Iters:[3310/20018] vq_loss 0.5157, rec_loss 0.0707, quant_error 0.3765, codebook_utilization 0.5427, codebook_perplexity 30.5270,
Train Epoch: [1/1] Iters:[3320/20018] vq_loss 0.5129, rec_loss 0.0701, quant_error 0.3745, codebook_utilization 0.5399, codebook_perplexity 30.4210,
Train Epoch: [1/1] Iters:[3330/20018] vq_loss 0.5156, rec_loss 0.0695, quant_error 0.3762, codebook_utilization 0.5413, codebook_perplexity 31.0617,
Train Epoch: [1/1] Iters:[3340/20018] vq_loss 0.5174, rec_loss 0.0705, quant_error 0.3773, codebook_utilization 0.5438, codebook_perplexity 31.4519,
Train Epoch: [1/1] Iters:[3350/20018] vq_loss 0.5196, rec_loss 0.0710, quant_error 0.3786, codebook_utilization 0.5450, codebook_perplexity 31.8154,
Train Epoch: [1/1] Iters:[3360/20018] vq_loss 0.5171, rec_loss 0.0711, quant_error 0.3770, codebook_utilization 0.5423, codebook_perplexity 31.5506,
Train Epoch: [1/1] Iters:[3370/20018] vq_loss 0.5207, rec_loss 0.0721, quant_error 0.3793, codebook_utilization 0.5463, codebook_perplexity 31.8915,
Train Epoch: [1/1] Iters:[3380/20018] vq_loss 0.5222, rec_loss 0.0724, quant_error 0.3803, codebook_utilization 0.5486, codebook_perplexity 31.9975,
Train Epoch: [1/1] Iters:[3390/20018] vq_loss 0.5196, rec_loss 0.0718, quant_error 0.3786, codebook_utilization 0.5467, codebook_perplexity 31.7821,
Train Epoch: [1/1] Iters:[3400/20018] vq_loss 0.5201, rec_loss 0.0720, quant_error 0.3789, codebook_utilization 0.5488, codebook_perplexity 31.7185,
Train Epoch: [1/1] Iters:[3410/20018] vq_loss 0.5254, rec_loss 0.0720, quant_error 0.3823, codebook_utilization 0.5528, codebook_perplexity 32.4914,
Train Epoch: [1/1] Iters:[3420/20018] vq_loss 0.5253, rec_loss 0.0716, quant_error 0.3823, codebook_utilization 0.5528, codebook_perplexity 32.7066,
Train Epoch: [1/1] Iters:[3430/20018] vq_loss 0.5266, rec_loss 0.0717, quant_error 0.3830, codebook_utilization 0.5548, codebook_perplexity 32.8175,
Train Epoch: [1/1] Iters:[3440/20018] vq_loss 0.5269, rec_loss 0.0716, quant_error 0.3832, codebook_utilization 0.5547, codebook_perplexity 33.0730,
Train Epoch: [1/1] Iters:[3450/20018] vq_loss 0.5284, rec_loss 0.0711, quant_error 0.3841, codebook_utilization 0.5554, codebook_perplexity 33.4701,
Train Epoch: [1/1] Iters:[3460/20018] vq_loss 0.5246, rec_loss 0.0710, quant_error 0.3815, codebook_utilization 0.5530, codebook_perplexity 33.0477,
Train Epoch: [1/1] Iters:[3470/20018] vq_loss 0.5272, rec_loss 0.0718, quant_error 0.3831, codebook_utilization 0.5569, codebook_perplexity 33.2895,
Train Epoch: [1/1] Iters:[3480/20018] vq_loss 0.5215, rec_loss 0.0712, quant_error 0.3793, codebook_utilization 0.5510, codebook_perplexity 32.8936,
Train Epoch: [1/1] Iters:[3490/20018] vq_loss 0.5222, rec_loss 0.0711, quant_error 0.3797, codebook_utilization 0.5521, codebook_perplexity 33.1392,
Train Epoch: [1/1] Iters:[3500/20018] vq_loss 0.5182, rec_loss 0.0709, quant_error 0.3770, codebook_utilization 0.5486, codebook_perplexity 32.7274,
Train Epoch: [1/1] Iters:[3510/20018] vq_loss 0.5184, rec_loss 0.0710, quant_error 0.3771, codebook_utilization 0.5489, codebook_perplexity 33.0498,
Train Epoch: [1/1] Iters:[3520/20018] vq_loss 0.5161, rec_loss 0.0705, quant_error 0.3755, codebook_utilization 0.5461, codebook_perplexity 32.9973,
Train Epoch: [1/1] Iters:[3530/20018] vq_loss 0.5187, rec_loss 0.0707, quant_error 0.3772, codebook_utilization 0.5502, codebook_perplexity 33.4011,
Train Epoch: [1/1] Iters:[3540/20018] vq_loss 0.5174, rec_loss 0.0709, quant_error 0.3762, codebook_utilization 0.5494, codebook_perplexity 33.2462,
Train Epoch: [1/1] Iters:[3550/20018] vq_loss 0.5192, rec_loss 0.0711, quant_error 0.3773, codebook_utilization 0.5514, codebook_perplexity 33.5234,
Train Epoch: [1/1] Iters:[3560/20018] vq_loss 0.5192, rec_loss 0.0707, quant_error 0.3772, codebook_utilization 0.5526, codebook_perplexity 33.6243,
Train Epoch: [1/1] Iters:[3570/20018] vq_loss 0.5181, rec_loss 0.0704, quant_error 0.3764, codebook_utilization 0.5519, codebook_perplexity 33.5688,
Train Epoch: [1/1] Iters:[3580/20018] vq_loss 0.5188, rec_loss 0.0706, quant_error 0.3768, codebook_utilization 0.5524, codebook_perplexity 33.8281,
Train Epoch: [1/1] Iters:[3590/20018] vq_loss 0.5215, rec_loss 0.0703, quant_error 0.3785, codebook_utilization 0.5550, codebook_perplexity 34.2646,
Train Epoch: [1/1] Iters:[3600/20018] vq_loss 0.5185, rec_loss 0.0703, quant_error 0.3765, codebook_utilization 0.5528, codebook_perplexity 34.0380,
Train Epoch: [1/1] Iters:[3610/20018] vq_loss 0.5211, rec_loss 0.0706, quant_error 0.3782, codebook_utilization 0.5550, codebook_perplexity 34.4105,
Train Epoch: [1/1] Iters:[3620/20018] vq_loss 0.5193, rec_loss 0.0701, quant_error 0.3769, codebook_utilization 0.5542, codebook_perplexity 34.3316,
Train Epoch: [1/1] Iters:[3630/20018] vq_loss 0.5182, rec_loss 0.0696, quant_error 0.3762, codebook_utilization 0.5541, codebook_perplexity 34.0012,
Train Epoch: [1/1] Iters:[3640/20018] vq_loss 0.5183, rec_loss 0.0698, quant_error 0.3762, codebook_utilization 0.5545, codebook_perplexity 34.1801,
Train Epoch: [1/1] Iters:[3650/20018] vq_loss 0.5191, rec_loss 0.0696, quant_error 0.3766, codebook_utilization 0.5554, codebook_perplexity 34.3643,
Train Epoch: [1/1] Iters:[3660/20018] vq_loss 0.5159, rec_loss 0.0697, quant_error 0.3745, codebook_utilization 0.5533, codebook_perplexity 34.0784,
Train Epoch: [1/1] Iters:[3670/20018] vq_loss 0.5193, rec_loss 0.0700, quant_error 0.3767, codebook_utilization 0.5557, codebook_perplexity 34.5975,
Train Epoch: [1/1] Iters:[3680/20018] vq_loss 0.5196, rec_loss 0.0700, quant_error 0.3768, codebook_utilization 0.5552, codebook_perplexity 34.9010,
Train Epoch: [1/1] Iters:[3690/20018] vq_loss 0.5205, rec_loss 0.0701, quant_error 0.3774, codebook_utilization 0.5562, codebook_perplexity 35.0082,
Train Epoch: [1/1] Iters:[3700/20018] vq_loss 0.5224, rec_loss 0.0698, quant_error 0.3786, codebook_utilization 0.5592, codebook_perplexity 35.3722,
Train Epoch: [1/1] Iters:[3710/20018] vq_loss 0.5215, rec_loss 0.0688, quant_error 0.3780, codebook_utilization 0.5584, codebook_perplexity 35.3580,
Train Epoch: [1/1] Iters:[3720/20018] vq_loss 0.5215, rec_loss 0.0689, quant_error 0.3780, codebook_utilization 0.5584, codebook_perplexity 35.4156,
Train Epoch: [1/1] Iters:[3730/20018] vq_loss 0.5186, rec_loss 0.0687, quant_error 0.3760, codebook_utilization 0.5571, codebook_perplexity 35.1932,
Train Epoch: [1/1] Iters:[3740/20018] vq_loss 0.5155, rec_loss 0.0677, quant_error 0.3738, codebook_utilization 0.5558, codebook_perplexity 34.7031,
Train Epoch: [1/1] Iters:[3750/20018] vq_loss 0.5151, rec_loss 0.0679, quant_error 0.3735, codebook_utilization 0.5556, codebook_perplexity 34.6641,
Train Epoch: [1/1] Iters:[3760/20018] vq_loss 0.5154, rec_loss 0.0681, quant_error 0.3736, codebook_utilization 0.5577, codebook_perplexity 34.6989,
Train Epoch: [1/1] Iters:[3770/20018] vq_loss 0.5157, rec_loss 0.0674, quant_error 0.3737, codebook_utilization 0.5594, codebook_perplexity 34.7529,
Train Epoch: [1/1] Iters:[3780/20018] vq_loss 0.5188, rec_loss 0.0678, quant_error 0.3758, codebook_utilization 0.5621, codebook_perplexity 35.1669,
Train Epoch: [1/1] Iters:[3790/20018] vq_loss 0.5202, rec_loss 0.0684, quant_error 0.3768, codebook_utilization 0.5640, codebook_perplexity 35.4308,
Train Epoch: [1/1] Iters:[3800/20018] vq_loss 0.5215, rec_loss 0.0684, quant_error 0.3775, codebook_utilization 0.5651, codebook_perplexity 35.8657,
Train Epoch: [1/1] Iters:[3810/20018] vq_loss 0.5247, rec_loss 0.0687, quant_error 0.3797, codebook_utilization 0.5671, codebook_perplexity 36.2709,
Train Epoch: [1/1] Iters:[3820/20018] vq_loss 0.5250, rec_loss 0.0694, quant_error 0.3799, codebook_utilization 0.5681, codebook_perplexity 36.2539,
Train Epoch: [1/1] Iters:[3830/20018] vq_loss 0.5229, rec_loss 0.0688, quant_error 0.3785, codebook_utilization 0.5666, codebook_perplexity 36.0446,
Train Epoch: [1/1] Iters:[3840/20018] vq_loss 0.5234, rec_loss 0.0686, quant_error 0.3786, codebook_utilization 0.5664, codebook_perplexity 36.3676,
Train Epoch: [1/1] Iters:[3850/20018] vq_loss 0.5227, rec_loss 0.0688, quant_error 0.3782, codebook_utilization 0.5668, codebook_perplexity 36.1493,
Train Epoch: [1/1] Iters:[3860/20018] vq_loss 0.5158, rec_loss 0.0683, quant_error 0.3736, codebook_utilization 0.5616, codebook_perplexity 35.3886,
Train Epoch: [1/1] Iters:[3870/20018] vq_loss 0.5162, rec_loss 0.0686, quant_error 0.3736, codebook_utilization 0.5626, codebook_perplexity 35.5652,
Train Epoch: [1/1] Iters:[3880/20018] vq_loss 0.5174, rec_loss 0.0691, quant_error 0.3744, codebook_utilization 0.5652, codebook_perplexity 35.7383,
Train Epoch: [1/1] Iters:[3890/20018] vq_loss 0.5158, rec_loss 0.0691, quant_error 0.3733, codebook_utilization 0.5650, codebook_perplexity 35.4588,
Train Epoch: [1/1] Iters:[3900/20018] vq_loss 0.5145, rec_loss 0.0695, quant_error 0.3724, codebook_utilization 0.5652, codebook_perplexity 35.2465,
Train Epoch: [1/1] Iters:[3910/20018] vq_loss 0.5217, rec_loss 0.0698, quant_error 0.3771, codebook_utilization 0.5717, codebook_perplexity 36.3019,
Train Epoch: [1/1] Iters:[3920/20018] vq_loss 0.5207, rec_loss 0.0698, quant_error 0.3765, codebook_utilization 0.5719, codebook_perplexity 36.1639,
Train Epoch: [1/1] Iters:[3930/20018] vq_loss 0.5222, rec_loss 0.0696, quant_error 0.3774, codebook_utilization 0.5733, codebook_perplexity 36.3769,
Train Epoch: [1/1] Iters:[3940/20018] vq_loss 0.5216, rec_loss 0.0690, quant_error 0.3770, codebook_utilization 0.5720, codebook_perplexity 36.5577,
Train Epoch: [1/1] Iters:[3950/20018] vq_loss 0.5247, rec_loss 0.0689, quant_error 0.3789, codebook_utilization 0.5745, codebook_perplexity 37.1935,
Train Epoch: [1/1] Iters:[3960/20018] vq_loss 0.5222, rec_loss 0.0686, quant_error 0.3772, codebook_utilization 0.5721, codebook_perplexity 37.0468,
Train Epoch: [1/1] Iters:[3970/20018] vq_loss 0.5225, rec_loss 0.0675, quant_error 0.3773, codebook_utilization 0.5709, codebook_perplexity 37.4104,
Train Epoch: [1/1] Iters:[3980/20018] vq_loss 0.5238, rec_loss 0.0671, quant_error 0.3781, codebook_utilization 0.5719, codebook_perplexity 37.8862,
Train Epoch: [1/1] Iters:[3990/20018] vq_loss 0.5238, rec_loss 0.0679, quant_error 0.3781, codebook_utilization 0.5728, codebook_perplexity 37.8059,
Train Epoch: [1/1] Iters:[4000/20018] vq_loss 0.5210, rec_loss 0.0673, quant_error 0.3763, codebook_utilization 0.5704, codebook_perplexity 37.4827,
Train Epoch: [1/1] Iters:[4010/20018] vq_loss 0.5197, rec_loss 0.0673, quant_error 0.3753, codebook_utilization 0.5711, codebook_perplexity 37.3075,
Train Epoch: [1/1] Iters:[4020/20018] vq_loss 0.5220, rec_loss 0.0677, quant_error 0.3767, codebook_utilization 0.5740, codebook_perplexity 37.5787,
Train Epoch: [1/1] Iters:[4030/20018] vq_loss 0.5219, rec_loss 0.0681, quant_error 0.3767, codebook_utilization 0.5752, codebook_perplexity 37.4919,
Train Epoch: [1/1] Iters:[4040/20018] vq_loss 0.5225, rec_loss 0.0674, quant_error 0.3769, codebook_utilization 0.5757, codebook_perplexity 37.8214,
Train Epoch: [1/1] Iters:[4050/20018] vq_loss 0.5232, rec_loss 0.0677, quant_error 0.3773, codebook_utilization 0.5773, codebook_perplexity 37.8786,
Train Epoch: [1/1] Iters:[4060/20018] vq_loss 0.5249, rec_loss 0.0677, quant_error 0.3785, codebook_utilization 0.5771, codebook_perplexity 38.2517,
Train Epoch: [1/1] Iters:[4070/20018] vq_loss 0.5195, rec_loss 0.0670, quant_error 0.3749, codebook_utilization 0.5729, codebook_perplexity 37.6661,
Train Epoch: [1/1] Iters:[4080/20018] vq_loss 0.5184, rec_loss 0.0670, quant_error 0.3741, codebook_utilization 0.5721, codebook_perplexity 37.7080,
Train Epoch: [1/1] Iters:[4090/20018] vq_loss 0.5181, rec_loss 0.0668, quant_error 0.3739, codebook_utilization 0.5723, codebook_perplexity 37.7352,
Train Epoch: [1/1] Iters:[4100/20018] vq_loss 0.5197, rec_loss 0.0670, quant_error 0.3749, codebook_utilization 0.5738, codebook_perplexity 38.1587,
Train Epoch: [1/1] Iters:[4110/20018] vq_loss 0.5188, rec_loss 0.0670, quant_error 0.3742, codebook_utilization 0.5746, codebook_perplexity 38.1618,
Train Epoch: [1/1] Iters:[4120/20018] vq_loss 0.5199, rec_loss 0.0672, quant_error 0.3748, codebook_utilization 0.5754, codebook_perplexity 38.4612,
Train Epoch: [1/1] Iters:[4130/20018] vq_loss 0.5185, rec_loss 0.0664, quant_error 0.3737, codebook_utilization 0.5744, codebook_perplexity 38.4529,
Train Epoch: [1/1] Iters:[4140/20018] vq_loss 0.5169, rec_loss 0.0666, quant_error 0.3726, codebook_utilization 0.5737, codebook_perplexity 38.1655,
Train Epoch: [1/1] Iters:[4150/20018] vq_loss 0.5168, rec_loss 0.0655, quant_error 0.3724, codebook_utilization 0.5736, codebook_perplexity 38.2957,
Train Epoch: [1/1] Iters:[4160/20018] vq_loss 0.5195, rec_loss 0.0661, quant_error 0.3742, codebook_utilization 0.5770, codebook_perplexity 38.5452,
Train Epoch: [1/1] Iters:[4170/20018] vq_loss 0.5199, rec_loss 0.0660, quant_error 0.3744, codebook_utilization 0.5783, codebook_perplexity 38.6251,
Train Epoch: [1/1] Iters:[4180/20018] vq_loss 0.5206, rec_loss 0.0663, quant_error 0.3750, codebook_utilization 0.5798, codebook_perplexity 38.8029,
Train Epoch: [1/1] Iters:[4190/20018] vq_loss 0.5229, rec_loss 0.0666, quant_error 0.3764, codebook_utilization 0.5823, codebook_perplexity 39.2391,
Train Epoch: [1/1] Iters:[4200/20018] vq_loss 0.5227, rec_loss 0.0674, quant_error 0.3763, codebook_utilization 0.5823, codebook_perplexity 39.1595,
Train Epoch: [1/1] Iters:[4210/20018] vq_loss 0.5180, rec_loss 0.0673, quant_error 0.3732, codebook_utilization 0.5783, codebook_perplexity 38.5824,
Train Epoch: [1/1] Iters:[4220/20018] vq_loss 0.5169, rec_loss 0.0673, quant_error 0.3726, codebook_utilization 0.5784, codebook_perplexity 38.3821,
Train Epoch: [1/1] Iters:[4230/20018] vq_loss 0.5178, rec_loss 0.0675, quant_error 0.3731, codebook_utilization 0.5802, codebook_perplexity 38.2960,
Train Epoch: [1/1] Iters:[4240/20018] vq_loss 0.5174, rec_loss 0.0672, quant_error 0.3727, codebook_utilization 0.5802, codebook_perplexity 38.5947,
Train Epoch: [1/1] Iters:[4250/20018] vq_loss 0.5162, rec_loss 0.0671, quant_error 0.3719, codebook_utilization 0.5797, codebook_perplexity 38.7308,
Train Epoch: [1/1] Iters:[4260/20018] vq_loss 0.5167, rec_loss 0.0664, quant_error 0.3722, codebook_utilization 0.5810, codebook_perplexity 38.9201,
Train Epoch: [1/1] Iters:[4270/20018] vq_loss 0.5200, rec_loss 0.0669, quant_error 0.3743, codebook_utilization 0.5839, codebook_perplexity 39.5902,
Train Epoch: [1/1] Iters:[4280/20018] vq_loss 0.5191, rec_loss 0.0667, quant_error 0.3736, codebook_utilization 0.5832, codebook_perplexity 39.6855,
Train Epoch: [1/1] Iters:[4290/20018] vq_loss 0.5162, rec_loss 0.0672, quant_error 0.3717, codebook_utilization 0.5798, codebook_perplexity 39.2470,
Train Epoch: [1/1] Iters:[4300/20018] vq_loss 0.5135, rec_loss 0.0672, quant_error 0.3699, codebook_utilization 0.5778, codebook_perplexity 38.7955,
Train Epoch: [1/1] Iters:[4310/20018] vq_loss 0.5145, rec_loss 0.0673, quant_error 0.3705, codebook_utilization 0.5778, codebook_perplexity 39.3310,
Train Epoch: [1/1] Iters:[4320/20018] vq_loss 0.5152, rec_loss 0.0674, quant_error 0.3709, codebook_utilization 0.5789, codebook_perplexity 39.4981,
Train Epoch: [1/1] Iters:[4330/20018] vq_loss 0.5139, rec_loss 0.0670, quant_error 0.3700, codebook_utilization 0.5772, codebook_perplexity 39.3070,
Train Epoch: [1/1] Iters:[4340/20018] vq_loss 0.5147, rec_loss 0.0669, quant_error 0.3705, codebook_utilization 0.5800, codebook_perplexity 39.4705,
Train Epoch: [1/1] Iters:[4350/20018] vq_loss 0.5180, rec_loss 0.0665, quant_error 0.3725, codebook_utilization 0.5833, codebook_perplexity 40.2338,
Train Epoch: [1/1] Iters:[4360/20018] vq_loss 0.5190, rec_loss 0.0667, quant_error 0.3731, codebook_utilization 0.5854, codebook_perplexity 40.3245,
Train Epoch: [1/1] Iters:[4370/20018] vq_loss 0.5147, rec_loss 0.0665, quant_error 0.3702, codebook_utilization 0.5821, codebook_perplexity 39.6881,
Train Epoch: [1/1] Iters:[4380/20018] vq_loss 0.5141, rec_loss 0.0665, quant_error 0.3697, codebook_utilization 0.5823, codebook_perplexity 39.8943,
Train Epoch: [1/1] Iters:[4390/20018] vq_loss 0.5156, rec_loss 0.0663, quant_error 0.3706, codebook_utilization 0.5837, codebook_perplexity 40.1501,
Train Epoch: [1/1] Iters:[4400/20018] vq_loss 0.5121, rec_loss 0.0665, quant_error 0.3683, codebook_utilization 0.5806, codebook_perplexity 39.5695,
Train Epoch: [1/1] Iters:[4410/20018] vq_loss 0.5108, rec_loss 0.0659, quant_error 0.3674, codebook_utilization 0.5802, codebook_perplexity 39.3762,
Train Epoch: [1/1] Iters:[4420/20018] vq_loss 0.5127, rec_loss 0.0657, quant_error 0.3686, codebook_utilization 0.5819, codebook_perplexity 39.8928,
Train Epoch: [1/1] Iters:[4430/20018] vq_loss 0.5137, rec_loss 0.0659, quant_error 0.3693, codebook_utilization 0.5834, codebook_perplexity 39.9617,
Train Epoch: [1/1] Iters:[4440/20018] vq_loss 0.5133, rec_loss 0.0655, quant_error 0.3689, codebook_utilization 0.5840, codebook_perplexity 40.1002,
Train Epoch: [1/1] Iters:[4450/20018] vq_loss 0.5145, rec_loss 0.0655, quant_error 0.3697, codebook_utilization 0.5860, codebook_perplexity 40.2807,
Train Epoch: [1/1] Iters:[4460/20018] vq_loss 0.5127, rec_loss 0.0655, quant_error 0.3685, codebook_utilization 0.5839, codebook_perplexity 40.2946,
Train Epoch: [1/1] Iters:[4470/20018] vq_loss 0.5097, rec_loss 0.0654, quant_error 0.3666, codebook_utilization 0.5819, codebook_perplexity 39.8471,
Train Epoch: [1/1] Iters:[4480/20018] vq_loss 0.5072, rec_loss 0.0653, quant_error 0.3650, codebook_utilization 0.5797, codebook_perplexity 39.6853,
Train Epoch: [1/1] Iters:[4490/20018] vq_loss 0.5058, rec_loss 0.0653, quant_error 0.3641, codebook_utilization 0.5779, codebook_perplexity 39.6016,
Train Epoch: [1/1] Iters:[4500/20018] vq_loss 0.5072, rec_loss 0.0649, quant_error 0.3648, codebook_utilization 0.5800, codebook_perplexity 40.1457,
Train Epoch: [1/1] Iters:[4510/20018] vq_loss 0.5091, rec_loss 0.0651, quant_error 0.3660, codebook_utilization 0.5837, codebook_perplexity 40.2672,
Train Epoch: [1/1] Iters:[4520/20018] vq_loss 0.5126, rec_loss 0.0648, quant_error 0.3681, codebook_utilization 0.5864, codebook_perplexity 41.1007,
Train Epoch: [1/1] Iters:[4530/20018] vq_loss 0.5155, rec_loss 0.0645, quant_error 0.3699, codebook_utilization 0.5885, codebook_perplexity 41.7673,
Train Epoch: [1/1] Iters:[4540/20018] vq_loss 0.5164, rec_loss 0.0650, quant_error 0.3705, codebook_utilization 0.5900, codebook_perplexity 41.8407,
Train Epoch: [1/1] Iters:[4550/20018] vq_loss 0.5165, rec_loss 0.0651, quant_error 0.3705, codebook_utilization 0.5895, codebook_perplexity 41.8128,
Train Epoch: [1/1] Iters:[4560/20018] vq_loss 0.5181, rec_loss 0.0651, quant_error 0.3715, codebook_utilization 0.5911, codebook_perplexity 42.2908,
Train Epoch: [1/1] Iters:[4570/20018] vq_loss 0.5181, rec_loss 0.0652, quant_error 0.3715, codebook_utilization 0.5915, codebook_perplexity 42.3084,
Train Epoch: [1/1] Iters:[4580/20018] vq_loss 0.5168, rec_loss 0.0650, quant_error 0.3705, codebook_utilization 0.5920, codebook_perplexity 42.0814,
Train Epoch: [1/1] Iters:[4590/20018] vq_loss 0.5165, rec_loss 0.0651, quant_error 0.3703, codebook_utilization 0.5922, codebook_perplexity 41.9838,
Train Epoch: [1/1] Iters:[4600/20018] vq_loss 0.5136, rec_loss 0.0652, quant_error 0.3684, codebook_utilization 0.5902, codebook_perplexity 41.6614,
Train Epoch: [1/1] Iters:[4610/20018] vq_loss 0.5121, rec_loss 0.0655, quant_error 0.3674, codebook_utilization 0.5894, codebook_perplexity 41.3123,
Train Epoch: [1/1] Iters:[4620/20018] vq_loss 0.5103, rec_loss 0.0654, quant_error 0.3662, codebook_utilization 0.5892, codebook_perplexity 41.0454,
Train Epoch: [1/1] Iters:[4630/20018] vq_loss 0.5138, rec_loss 0.0655, quant_error 0.3685, codebook_utilization 0.5931, codebook_perplexity 41.5270,
Train Epoch: [1/1] Iters:[4640/20018] vq_loss 0.5117, rec_loss 0.0651, quant_error 0.3671, codebook_utilization 0.5915, codebook_perplexity 41.4569,
Train Epoch: [1/1] Iters:[4650/20018] vq_loss 0.5110, rec_loss 0.0647, quant_error 0.3665, codebook_utilization 0.5916, codebook_perplexity 41.2610,
Train Epoch: [1/1] Iters:[4660/20018] vq_loss 0.5125, rec_loss 0.0641, quant_error 0.3675, codebook_utilization 0.5927, codebook_perplexity 41.5630,
Train Epoch: [1/1] Iters:[4670/20018] vq_loss 0.5134, rec_loss 0.0642, quant_error 0.3681, codebook_utilization 0.5936, codebook_perplexity 41.7326,
Train Epoch: [1/1] Iters:[4680/20018] vq_loss 0.5075, rec_loss 0.0642, quant_error 0.3641, codebook_utilization 0.5884, codebook_perplexity 41.0146,
Train Epoch: [1/1] Iters:[4690/20018] vq_loss 0.5071, rec_loss 0.0639, quant_error 0.3638, codebook_utilization 0.5887, codebook_perplexity 40.9176,
Train Epoch: [1/1] Iters:[4700/20018] vq_loss 0.5072, rec_loss 0.0636, quant_error 0.3638, codebook_utilization 0.5890, codebook_perplexity 41.1020,
Train Epoch: [1/1] Iters:[4710/20018] vq_loss 0.5054, rec_loss 0.0633, quant_error 0.3626, codebook_utilization 0.5865, codebook_perplexity 41.0932,
Train Epoch: [1/1] Iters:[4720/20018] vq_loss 0.5066, rec_loss 0.0633, quant_error 0.3633, codebook_utilization 0.5871, codebook_perplexity 41.4647,
Train Epoch: [1/1] Iters:[4730/20018] vq_loss 0.5075, rec_loss 0.0639, quant_error 0.3639, codebook_utilization 0.5887, codebook_perplexity 41.4013,
Train Epoch: [1/1] Iters:[4740/20018] vq_loss 0.5098, rec_loss 0.0640, quant_error 0.3654, codebook_utilization 0.5896, codebook_perplexity 41.9699,
Train Epoch: [1/1] Iters:[4750/20018] vq_loss 0.5141, rec_loss 0.0650, quant_error 0.3682, codebook_utilization 0.5944, codebook_perplexity 42.5697,
Train Epoch: [1/1] Iters:[4760/20018] vq_loss 0.5137, rec_loss 0.0653, quant_error 0.3678, codebook_utilization 0.5960, codebook_perplexity 42.3947,
Train Epoch: [1/1] Iters:[4770/20018] vq_loss 0.5124, rec_loss 0.0649, quant_error 0.3670, codebook_utilization 0.5960, codebook_perplexity 41.8964,
Train Epoch: [1/1] Iters:[4780/20018] vq_loss 0.5131, rec_loss 0.0645, quant_error 0.3674, codebook_utilization 0.5959, codebook_perplexity 42.2288,
Train Epoch: [1/1] Iters:[4790/20018] vq_loss 0.5139, rec_loss 0.0646, quant_error 0.3678, codebook_utilization 0.5976, codebook_perplexity 42.4507,
Train Epoch: [1/1] Iters:[4800/20018] vq_loss 0.5104, rec_loss 0.0640, quant_error 0.3655, codebook_utilization 0.5943, codebook_perplexity 42.1840,
Train Epoch: [1/1] Iters:[4810/20018] vq_loss 0.5104, rec_loss 0.0640, quant_error 0.3654, codebook_utilization 0.5942, codebook_perplexity 42.2846,
Train Epoch: [1/1] Iters:[4820/20018] vq_loss 0.5109, rec_loss 0.0648, quant_error 0.3656, codebook_utilization 0.5949, codebook_perplexity 42.8062,
Train Epoch: [1/1] Iters:[4830/20018] vq_loss 0.5108, rec_loss 0.0642, quant_error 0.3655, codebook_utilization 0.5951, codebook_perplexity 43.1765,
Train Epoch: [1/1] Iters:[4840/20018] vq_loss 0.5124, rec_loss 0.0644, quant_error 0.3665, codebook_utilization 0.5975, codebook_perplexity 43.4579,
Train Epoch: [1/1] Iters:[4850/20018] vq_loss 0.5168, rec_loss 0.0649, quant_error 0.3695, codebook_utilization 0.6022, codebook_perplexity 44.1189,
Train Epoch: [1/1] Iters:[4860/20018] vq_loss 0.5192, rec_loss 0.0647, quant_error 0.3710, codebook_utilization 0.6047, codebook_perplexity 44.5540,
Train Epoch: [1/1] Iters:[4870/20018] vq_loss 0.5191, rec_loss 0.0642, quant_error 0.3708, codebook_utilization 0.6058, codebook_perplexity 44.4563,
Train Epoch: [1/1] Iters:[4880/20018] vq_loss 0.5215, rec_loss 0.0647, quant_error 0.3724, codebook_utilization 0.6089, codebook_perplexity 44.5250,
Train Epoch: [1/1] Iters:[4890/20018] vq_loss 0.5199, rec_loss 0.0649, quant_error 0.3714, codebook_utilization 0.6073, codebook_perplexity 44.1950,
Train Epoch: [1/1] Iters:[4900/20018] vq_loss 0.5181, rec_loss 0.0646, quant_error 0.3701, codebook_utilization 0.6063, codebook_perplexity 43.8051,
Train Epoch: [1/1] Iters:[4910/20018] vq_loss 0.5147, rec_loss 0.0645, quant_error 0.3678, codebook_utilization 0.6037, codebook_perplexity 43.4357,
Train Epoch: [1/1] Iters:[4920/20018] vq_loss 0.5116, rec_loss 0.0646, quant_error 0.3658, codebook_utilization 0.5994, codebook_perplexity 43.0964,
Train Epoch: [1/1] Iters:[4930/20018] vq_loss 0.5111, rec_loss 0.0647, quant_error 0.3654, codebook_utilization 0.6002, codebook_perplexity 43.0140,
Train Epoch: [1/1] Iters:[4940/20018] vq_loss 0.5130, rec_loss 0.0645, quant_error 0.3666, codebook_utilization 0.6033, codebook_perplexity 43.4456,
Train Epoch: [1/1] Iters:[4950/20018] vq_loss 0.5117, rec_loss 0.0641, quant_error 0.3656, codebook_utilization 0.6019, codebook_perplexity 43.5132,
Train Epoch: [1/1] Iters:[4960/20018] vq_loss 0.5135, rec_loss 0.0643, quant_error 0.3667, codebook_utilization 0.6035, codebook_perplexity 44.0781,
Train Epoch: [1/1] Iters:[4970/20018] vq_loss 0.5128, rec_loss 0.0640, quant_error 0.3661, codebook_utilization 0.6043, codebook_perplexity 43.8376,
Train Epoch: [1/1] Iters:[4980/20018] vq_loss 0.5133, rec_loss 0.0639, quant_error 0.3664, codebook_utilization 0.6049, codebook_perplexity 44.0569,
Train Epoch: [1/1] Iters:[4990/20018] vq_loss 0.5105, rec_loss 0.0640, quant_error 0.3646, codebook_utilization 0.6038, codebook_perplexity 43.5285,
Train Epoch: [1/1] Iters:[5000/20018] vq_loss 0.5120, rec_loss 0.0642, quant_error 0.3656, codebook_utilization 0.6055, codebook_perplexity 43.8615,
Train Epoch: [1/1] Iters:[5010/20018] vq_loss 0.5105, rec_loss 0.0643, quant_error 0.3647, codebook_utilization 0.6044, codebook_perplexity 43.4090,
Train Epoch: [1/1] Iters:[5020/20018] vq_loss 0.5124, rec_loss 0.0641, quant_error 0.3660, codebook_utilization 0.6061, codebook_perplexity 43.8624,
Train Epoch: [1/1] Iters:[5030/20018] vq_loss 0.5107, rec_loss 0.0636, quant_error 0.3648, codebook_utilization 0.6045, codebook_perplexity 43.7090,
Train Epoch: [1/1] Iters:[5040/20018] vq_loss 0.5117, rec_loss 0.0636, quant_error 0.3655, codebook_utilization 0.6055, codebook_perplexity 43.9729,
Train Epoch: [1/1] Iters:[5050/20018] vq_loss 0.5120, rec_loss 0.0636, quant_error 0.3656, codebook_utilization 0.6069, codebook_perplexity 43.8316,
Train Epoch: [1/1] Iters:[5060/20018] vq_loss 0.5157, rec_loss 0.0635, quant_error 0.3680, codebook_utilization 0.6110, codebook_perplexity 44.4931,
Train Epoch: [1/1] Iters:[5070/20018] vq_loss 0.5188, rec_loss 0.0638, quant_error 0.3700, codebook_utilization 0.6144, codebook_perplexity 45.1157,
Train Epoch: [1/1] Iters:[5080/20018] vq_loss 0.5185, rec_loss 0.0641, quant_error 0.3698, codebook_utilization 0.6149, codebook_perplexity 44.9250,
Train Epoch: [1/1] Iters:[5090/20018] vq_loss 0.5191, rec_loss 0.0642, quant_error 0.3702, codebook_utilization 0.6142, codebook_perplexity 45.1924,
Train Epoch: [1/1] Iters:[5100/20018] vq_loss 0.5170, rec_loss 0.0636, quant_error 0.3688, codebook_utilization 0.6116, codebook_perplexity 45.1274,
