bash: setenv: command not found
/home/fangxian/.bashrc: line 44: alias: python3: not found
/home/fangxian/.bashrc: line 44: alias: /home/fangxian/packages/anaconda/bin/python: not found
[W socket.cpp:436] [c10d] The server socket cannot be initialized on [::]:35531 (errno: 97 - Address family not supported by protocol).
[W socket.cpp:663] [c10d] The client socket cannot be initialized to connect to [localhost]:35531 (errno: 97 - Address family not supported by protocol).
[W socket.cpp:663] [c10d] The client socket cannot be initialized to connect to [localhost]:35531 (errno: 97 - Address family not supported by protocol).
Traceback (most recent call last):
  File "train_substitution.py", line 151, in <module>
    main_worker(args)
  File "train_substitution.py", line 136, in main_worker
    model = VAR_Substitution(args)
  File "/home/fangxian/VQ-Projects/VQ-Transplant/VAR/Substitution/model/var_substitution.py", line 33, in __init__
    self.encoder.load_state_dict(encoder_dict, strict=True)
  File "/home/fangxian/packages/anaconda/envs/share_VAR/lib/python3.8/site-packages/torch/nn/modules/module.py", line 2152, in load_state_dict
    raise RuntimeError('Error(s) in loading state_dict for {}:\n\t{}'.format(
RuntimeError: Error(s) in loading state_dict for Encoder:
	Missing key(s) in state_dict: "conv_in.weight", "conv_in.bias", "down.0.block.0.norm1.weight", "down.0.block.0.norm1.bias", "down.0.block.0.conv1.weight", "down.0.block.0.conv1.bias", "down.0.block.0.norm2.weight", "down.0.block.0.norm2.bias", "down.0.block.0.conv2.weight", "down.0.block.0.conv2.bias", "down.0.block.1.norm1.weight", "down.0.block.1.norm1.bias", "down.0.block.1.conv1.weight", "down.0.block.1.conv1.bias", "down.0.block.1.norm2.weight", "down.0.block.1.norm2.bias", "down.0.block.1.conv2.weight", "down.0.block.1.conv2.bias", "down.0.downsample.conv.weight", "down.0.downsample.conv.bias", "down.1.block.0.norm1.weight", "down.1.block.0.norm1.bias", "down.1.block.0.conv1.weight", "down.1.block.0.conv1.bias", "down.1.block.0.norm2.weight", "down.1.block.0.norm2.bias", "down.1.block.0.conv2.weight", "down.1.block.0.conv2.bias", "down.1.block.1.norm1.weight", "down.1.block.1.norm1.bias", "down.1.block.1.conv1.weight", "down.1.block.1.conv1.bias", "down.1.block.1.norm2.weight", "down.1.block.1.norm2.bias", "down.1.block.1.conv2.weight", "down.1.block.1.conv2.bias", "down.1.downsample.conv.weight", "down.1.downsample.conv.bias", "down.2.block.0.norm1.weight", "down.2.block.0.norm1.bias", "down.2.block.0.conv1.weight", "down.2.block.0.conv1.bias", "down.2.block.0.norm2.weight", "down.2.block.0.norm2.bias", "down.2.block.0.conv2.weight", "down.2.block.0.conv2.bias", "down.2.block.0.nin_shortcut.weight", "down.2.block.0.nin_shortcut.bias", "down.2.block.1.norm1.weight", "down.2.block.1.norm1.bias", "down.2.block.1.conv1.weight", "down.2.block.1.conv1.bias", "down.2.block.1.norm2.weight", "down.2.block.1.norm2.bias", "down.2.block.1.conv2.weight", "down.2.block.1.conv2.bias", "down.2.downsample.conv.weight", "down.2.downsample.conv.bias", "down.3.block.0.norm1.weight", "down.3.block.0.norm1.bias", "down.3.block.0.conv1.weight", "down.3.block.0.conv1.bias", "down.3.block.0.norm2.weight", "down.3.block.0.norm2.bias", "down.3.block.0.conv2.weight", "down.3.block.0.conv2.bias", "down.3.block.1.norm1.weight", "down.3.block.1.norm1.bias", "down.3.block.1.conv1.weight", "down.3.block.1.conv1.bias", "down.3.block.1.norm2.weight", "down.3.block.1.norm2.bias", "down.3.block.1.conv2.weight", "down.3.block.1.conv2.bias", "down.3.downsample.conv.weight", "down.3.downsample.conv.bias", "down.4.block.0.norm1.weight", "down.4.block.0.norm1.bias", "down.4.block.0.conv1.weight", "down.4.block.0.conv1.bias", "down.4.block.0.norm2.weight", "down.4.block.0.norm2.bias", "down.4.block.0.conv2.weight", "down.4.block.0.conv2.bias", "down.4.block.0.nin_shortcut.weight", "down.4.block.0.nin_shortcut.bias", "down.4.block.1.norm1.weight", "down.4.block.1.norm1.bias", "down.4.block.1.conv1.weight", "down.4.block.1.conv1.bias", "down.4.block.1.norm2.weight", "down.4.block.1.norm2.bias", "down.4.block.1.conv2.weight", "down.4.block.1.conv2.bias", "down.4.attn.0.norm.weight", "down.4.attn.0.norm.bias", "down.4.attn.0.qkv.weight", "down.4.attn.0.qkv.bias", "down.4.attn.0.proj_out.weight", "down.4.attn.0.proj_out.bias", "down.4.attn.1.norm.weight", "down.4.attn.1.norm.bias", "down.4.attn.1.qkv.weight", "down.4.attn.1.qkv.bias", "down.4.attn.1.proj_out.weight", "down.4.attn.1.proj_out.bias", "mid.block_1.norm1.weight", "mid.block_1.norm1.bias", "mid.block_1.conv1.weight", "mid.block_1.conv1.bias", "mid.block_1.norm2.weight", "mid.block_1.norm2.bias", "mid.block_1.conv2.weight", "mid.block_1.conv2.bias", "mid.attn_1.norm.weight", "mid.attn_1.norm.bias", "mid.attn_1.qkv.weight", "mid.attn_1.qkv.bias", "mid.attn_1.proj_out.weight", "mid.attn_1.proj_out.bias", "mid.block_2.norm1.weight", "mid.block_2.norm1.bias", "mid.block_2.conv1.weight", "mid.block_2.conv1.bias", "mid.block_2.norm2.weight", "mid.block_2.norm2.bias", "mid.block_2.conv2.weight", "mid.block_2.conv2.bias", "norm_out.weight", "norm_out.bias", "conv_out.weight", "conv_out.bias". 
	Unexpected key(s) in state_dict: "encoder.conv_in.weight", "encoder.conv_in.bias", "encoder.down.0.block.0.norm1.weight", "encoder.down.0.block.0.norm1.bias", "encoder.down.0.block.0.conv1.weight", "encoder.down.0.block.0.conv1.bias", "encoder.down.0.block.0.norm2.weight", "encoder.down.0.block.0.norm2.bias", "encoder.down.0.block.0.conv2.weight", "encoder.down.0.block.0.conv2.bias", "encoder.down.0.block.1.norm1.weight", "encoder.down.0.block.1.norm1.bias", "encoder.down.0.block.1.conv1.weight", "encoder.down.0.block.1.conv1.bias", "encoder.down.0.block.1.norm2.weight", "encoder.down.0.block.1.norm2.bias", "encoder.down.0.block.1.conv2.weight", "encoder.down.0.block.1.conv2.bias", "encoder.down.0.downsample.conv.weight", "encoder.down.0.downsample.conv.bias", "encoder.down.1.block.0.norm1.weight", "encoder.down.1.block.0.norm1.bias", "encoder.down.1.block.0.conv1.weight", "encoder.down.1.block.0.conv1.bias", "encoder.down.1.block.0.norm2.weight", "encoder.down.1.block.0.norm2.bias", "encoder.down.1.block.0.conv2.weight", "encoder.down.1.block.0.conv2.bias", "encoder.down.1.block.1.norm1.weight", "encoder.down.1.block.1.norm1.bias", "encoder.down.1.block.1.conv1.weight", "encoder.down.1.block.1.conv1.bias", "encoder.down.1.block.1.norm2.weight", "encoder.down.1.block.1.norm2.bias", "encoder.down.1.block.1.conv2.weight", "encoder.down.1.block.1.conv2.bias", "encoder.down.1.downsample.conv.weight", "encoder.down.1.downsample.conv.bias", "encoder.down.2.block.0.norm1.weight", "encoder.down.2.block.0.norm1.bias", "encoder.down.2.block.0.conv1.weight", "encoder.down.2.block.0.conv1.bias", "encoder.down.2.block.0.norm2.weight", "encoder.down.2.block.0.norm2.bias", "encoder.down.2.block.0.conv2.weight", "encoder.down.2.block.0.conv2.bias", "encoder.down.2.block.0.nin_shortcut.weight", "encoder.down.2.block.0.nin_shortcut.bias", "encoder.down.2.block.1.norm1.weight", "encoder.down.2.block.1.norm1.bias", "encoder.down.2.block.1.conv1.weight", "encoder.down.2.block.1.conv1.bias", "encoder.down.2.block.1.norm2.weight", "encoder.down.2.block.1.norm2.bias", "encoder.down.2.block.1.conv2.weight", "encoder.down.2.block.1.conv2.bias", "encoder.down.2.downsample.conv.weight", "encoder.down.2.downsample.conv.bias", "encoder.down.3.block.0.norm1.weight", "encoder.down.3.block.0.norm1.bias", "encoder.down.3.block.0.conv1.weight", "encoder.down.3.block.0.conv1.bias", "encoder.down.3.block.0.norm2.weight", "encoder.down.3.block.0.norm2.bias", "encoder.down.3.block.0.conv2.weight", "encoder.down.3.block.0.conv2.bias", "encoder.down.3.block.1.norm1.weight", "encoder.down.3.block.1.norm1.bias", "encoder.down.3.block.1.conv1.weight", "encoder.down.3.block.1.conv1.bias", "encoder.down.3.block.1.norm2.weight", "encoder.down.3.block.1.norm2.bias", "encoder.down.3.block.1.conv2.weight", "encoder.down.3.block.1.conv2.bias", "encoder.down.3.downsample.conv.weight", "encoder.down.3.downsample.conv.bias", "encoder.down.4.block.0.norm1.weight", "encoder.down.4.block.0.norm1.bias", "encoder.down.4.block.0.conv1.weight", "encoder.down.4.block.0.conv1.bias", "encoder.down.4.block.0.norm2.weight", "encoder.down.4.block.0.norm2.bias", "encoder.down.4.block.0.conv2.weight", "encoder.down.4.block.0.conv2.bias", "encoder.down.4.block.0.nin_shortcut.weight", "encoder.down.4.block.0.nin_shortcut.bias", "encoder.down.4.block.1.norm1.weight", "encoder.down.4.block.1.norm1.bias", "encoder.down.4.block.1.conv1.weight", "encoder.down.4.block.1.conv1.bias", "encoder.down.4.block.1.norm2.weight", "encoder.down.4.block.1.norm2.bias", "encoder.down.4.block.1.conv2.weight", "encoder.down.4.block.1.conv2.bias", "encoder.down.4.attn.0.norm.weight", "encoder.down.4.attn.0.norm.bias", "encoder.down.4.attn.0.qkv.weight", "encoder.down.4.attn.0.qkv.bias", "encoder.down.4.attn.0.proj_out.weight", "encoder.down.4.attn.0.proj_out.bias", "encoder.down.4.attn.1.norm.weight", "encoder.down.4.attn.1.norm.bias", "encoder.down.4.attn.1.qkv.weight", "encoder.down.4.attn.1.qkv.bias", "encoder.down.4.attn.1.proj_out.weight", "encoder.down.4.attn.1.proj_out.bias", "encoder.mid.block_1.norm1.weight", "encoder.mid.block_1.norm1.bias", "encoder.mid.block_1.conv1.weight", "encoder.mid.block_1.conv1.bias", "encoder.mid.block_1.norm2.weight", "encoder.mid.block_1.norm2.bias", "encoder.mid.block_1.conv2.weight", "encoder.mid.block_1.conv2.bias", "encoder.mid.attn_1.norm.weight", "encoder.mid.attn_1.norm.bias", "encoder.mid.attn_1.qkv.weight", "encoder.mid.attn_1.qkv.bias", "encoder.mid.attn_1.proj_out.weight", "encoder.mid.attn_1.proj_out.bias", "encoder.mid.block_2.norm1.weight", "encoder.mid.block_2.norm1.bias", "encoder.mid.block_2.conv1.weight", "encoder.mid.block_2.conv1.bias", "encoder.mid.block_2.norm2.weight", "encoder.mid.block_2.norm2.bias", "encoder.mid.block_2.conv2.weight", "encoder.mid.block_2.conv2.bias", "encoder.norm_out.weight", "encoder.norm_out.bias", "encoder.conv_out.weight", "encoder.conv_out.bias". 
/home/fangxian/packages/anaconda/envs/share_VAR/lib/python3.8/site-packages/torch/distributed/launch.py:181: FutureWarning: The module torch.distributed.launch is deprecated
and will be removed in future. Use torchrun.
Note that --use-env is set by default in torchrun.
If your script expects `--local-rank` argument to be set, please
change it to read from `os.environ['LOCAL_RANK']` instead. See 
https://pytorch.org/docs/stable/distributed.html#launch-utility for 
further instructions

  warnings.warn(
[2025-05-28 21:12:18,696] torch.distributed.elastic.multiprocessing.api: [ERROR] failed (exitcode: 1) local_rank: 0 (pid: 1164261) of binary: /home/fangxian/packages/anaconda/envs/share_VAR/bin/python
Traceback (most recent call last):
  File "/home/fangxian/packages/anaconda/envs/share_VAR/lib/python3.8/runpy.py", line 194, in _run_module_as_main
    return _run_code(code, main_globals, None,
  File "/home/fangxian/packages/anaconda/envs/share_VAR/lib/python3.8/runpy.py", line 87, in _run_code
    exec(code, run_globals)
  File "/home/fangxian/packages/anaconda/envs/share_VAR/lib/python3.8/site-packages/torch/distributed/launch.py", line 196, in <module>
    main()
  File "/home/fangxian/packages/anaconda/envs/share_VAR/lib/python3.8/site-packages/torch/distributed/launch.py", line 192, in main
    launch(args)
  File "/home/fangxian/packages/anaconda/envs/share_VAR/lib/python3.8/site-packages/torch/distributed/launch.py", line 177, in launch
    run(args)
  File "/home/fangxian/packages/anaconda/envs/share_VAR/lib/python3.8/site-packages/torch/distributed/run.py", line 797, in run
    elastic_launch(
  File "/home/fangxian/packages/anaconda/envs/share_VAR/lib/python3.8/site-packages/torch/distributed/launcher/api.py", line 134, in __call__
    return launch_agent(self._config, self._entrypoint, list(args))
  File "/home/fangxian/packages/anaconda/envs/share_VAR/lib/python3.8/site-packages/torch/distributed/launcher/api.py", line 264, in launch_agent
    raise ChildFailedError(
torch.distributed.elastic.multiprocessing.errors.ChildFailedError: 
============================================================
train_substitution.py FAILED
------------------------------------------------------------
Failures:
  <NO_OTHER_FAILURES>
------------------------------------------------------------
Root Cause (first observed failure):
[0]:
  time      : 2025-05-28_21:12:18
  host      : g005.m31.bc.edu
  rank      : 0 (local_rank: 0)
  exitcode  : 1 (pid: 1164261)
  error_file: <N/A>
  traceback : To enable traceback see: https://pytorch.org/docs/stable/elastic/errors.html
============================================================
