dataset_dir: /projects/yuanai/data/
dataset_name: ImageNet
global_batch_size: 64
workers: 8
resolution: 256
channels: 3
ms_patch_size: 1_2_3_4_5_6_8_10_13_16
fold_patch_size: 1_1_2_3_3_4_5_6_8_11
max_patch_size: 16
codebook_size: 4096
codebook_dim: 32
z_channels: 256
factor: 16
L: 4
beta: 1.0
gamma_1: 0.5
gamma_2: 0.1
lambd: 0.2
VQ: wasserstein_vq
resume: False
use_trick: True
use_multiscale: True
fold_token: False
add_projection: False
epochs: 4
eval_epochs: 1
lr: 1e-05
dropout: 0.0
seed: 3407
stage: substitution
pretrained_tokenizer: /projects/yuanai/projects/VQ-Transplant/VAR/pretrained_tokenizer/vae_ch160v4096z32.pth
checkpoint_dir: /projects/yuanai/projects/VQ-Transplant/VAR/checkpoint/Substitution/ImageNet
results_dir: /projects/yuanai/projects/VQ-Transplant/VAR/results/Substitution/ImageNet
saver_dir: /projects/yuanai/projects/VQ-Transplant/VAR/saver/Substitution/ImageNet
reconstruction_dir: /projects/yuanai/projects/VQ-Transplant/VAR/reconstruction/Substitution/ImageNet
nnodes: -1
node_rank: -1
local_rank: 0
dist_url: tcp://224.66.41.62:23456
dist_backend: nccl
world_size: 1
batch_size: 64
ms_token_size: (1, 2, 3, 4, 5, 6, 8, 10, 13, 16)
fold_token_size: (1, 1, 2, 3, 3, 4, 5, 6, 8, 11)
data_pre: ImageNet_256
model_pre: model_4096_32_16
loss_pre: loss_1.0_0.5_0.1
training_pre: wasserstein_vq_substitution_4_True_True_False_False
saver_name_pre: wasserstein_vq_substitution_4_True_True_False_False_ImageNet_256_model_4096_32_16_loss_1.0_0.5_0.1
dataset name: ImageNet
len train_set: 1281167
len val_set: 50000
Start training...
epoch:1, cur_lr:0.000010
Train Epoch: [1/4] Iters:[10/20018] vq_loss 41.0104, rec_loss 0.2571, wasserstein_loss 80.5814, quant_error 0.5207, codebook_utilization 0.9506, codebook_perplexity 2917.0692,
Train Epoch: [1/4] Iters:[20/20018] vq_loss 25.2194, rec_loss 0.1932, wasserstein_loss 49.1001, quant_error 0.4936, codebook_utilization 0.9749, codebook_perplexity 3288.8188,
Train Epoch: [1/4] Iters:[30/20018] vq_loss 18.4719, rec_loss 0.1555, wasserstein_loss 35.6919, quant_error 0.4657, codebook_utilization 0.9832, codebook_perplexity 3440.7008,
Train Epoch: [1/4] Iters:[40/20018] vq_loss 14.6263, rec_loss 0.1317, wasserstein_loss 28.0670, quant_error 0.4422, codebook_utilization 0.9873, codebook_perplexity 3505.4543,
Train Epoch: [1/4] Iters:[50/20018] vq_loss 12.1563, rec_loss 0.1160, wasserstein_loss 23.1581, quant_error 0.4302, codebook_utilization 0.9898, codebook_perplexity 3505.1479,
Train Epoch: [1/4] Iters:[60/20018] vq_loss 4.2714, rec_loss 0.0737, wasserstein_loss 7.4769, quant_error 0.3981, codebook_utilization 0.9993, codebook_perplexity 3479.5516,
Train Epoch: [1/4] Iters:[70/20018] vq_loss 2.6342, rec_loss 0.0572, wasserstein_loss 4.2431, quant_error 0.3781, codebook_utilization 0.9976, codebook_perplexity 3016.1245,
Train Epoch: [1/4] Iters:[80/20018] vq_loss 1.8637, rec_loss 0.0528, wasserstein_loss 2.6989, quant_error 0.3731, codebook_utilization 0.9936, codebook_perplexity 2361.2936,
Train Epoch: [1/4] Iters:[90/20018] vq_loss 1.4270, rec_loss 0.0550, wasserstein_loss 1.7958, quant_error 0.3793, codebook_utilization 0.9877, codebook_perplexity 1664.1405,
Train Epoch: [1/4] Iters:[100/20018] vq_loss 1.1261, rec_loss 0.0598, wasserstein_loss 1.1673, quant_error 0.3853, codebook_utilization 0.9806, codebook_perplexity 992.3254,
Train Epoch: [1/4] Iters:[110/20018] vq_loss 0.9606, rec_loss 0.0667, wasserstein_loss 0.8002, quant_error 0.3967, codebook_utilization 0.9719, codebook_perplexity 460.2596,
Train Epoch: [1/4] Iters:[120/20018] vq_loss 0.8569, rec_loss 0.0734, wasserstein_loss 0.5755, quant_error 0.4029, codebook_utilization 0.9638, codebook_perplexity 215.6579,
Train Epoch: [1/4] Iters:[130/20018] vq_loss 0.7744, rec_loss 0.0776, wasserstein_loss 0.3986, quant_error 0.4084, codebook_utilization 0.9601, codebook_perplexity 150.4133,
Train Epoch: [1/4] Iters:[140/20018] vq_loss 0.7250, rec_loss 0.0780, wasserstein_loss 0.3159, quant_error 0.4028, codebook_utilization 0.9568, codebook_perplexity 134.8445,
Train Epoch: [1/4] Iters:[150/20018] vq_loss 0.7097, rec_loss 0.0772, wasserstein_loss 0.2939, quant_error 0.4007, codebook_utilization 0.9561, codebook_perplexity 138.8114,
Train Epoch: [1/4] Iters:[160/20018] vq_loss 0.6905, rec_loss 0.0759, wasserstein_loss 0.2733, quant_error 0.3950, codebook_utilization 0.9561, codebook_perplexity 143.7730,
Train Epoch: [1/4] Iters:[170/20018] vq_loss 0.6784, rec_loss 0.0746, wasserstein_loss 0.2561, quant_error 0.3935, codebook_utilization 0.9570, codebook_perplexity 151.8381,
