dataset_dir: /projects/yuanai/data/
dataset_name: ImageNet
global_batch_size: 64
workers: 8
resolution: 256
channels: 3
ms_patch_size: 1_2_3_4_5_6_8_10_13_16
fold_patch_size: 1_1_2_3_3_4_5_6_8_11
max_patch_size: 16
codebook_size: 16384
codebook_dim: 32
z_channels: 256
factor: 16
L: 4
beta: 0.1
gamma_1: 0.1
gamma_2: 0.1
lambd: 0.2
VQ: wasserstein_vq
resume: False
use_trick: True
use_multiscale: True
fold_token: False
add_projection: False
epochs: 4
eval_epochs: 1
lr: 0.001
dropout: 0.0
seed: 3407
stage: substitution
pretrained_tokenizer: /projects/yuanai/projects/VQ-Transplant/VAR/pretrained_tokenizer/vae_ch160v4096z32.pth
checkpoint_dir: /projects/yuanai/projects/VQ-Transplant/VAR/checkpoint/Substitution/ImageNet
results_dir: /projects/yuanai/projects/VQ-Transplant/VAR/results/Substitution/ImageNet
saver_dir: /projects/yuanai/projects/VQ-Transplant/VAR/saver/Substitution/ImageNet
reconstruction_dir: /projects/yuanai/projects/VQ-Transplant/VAR/reconstruction/Substitution/ImageNet
nnodes: -1
node_rank: -1
local_rank: 0
dist_url: tcp://224.66.41.62:23456
dist_backend: nccl
world_size: 1
batch_size: 64
ms_token_size: (1, 2, 3, 4, 5, 6, 8, 10, 13, 16)
fold_token_size: (1, 1, 2, 3, 3, 4, 5, 6, 8, 11)
data_pre: ImageNet_256
model_pre: model_16384_32_16
loss_pre: loss_0.1_0.1_0.1
training_pre: wasserstein_vq_substitution_4_True_True_False_False
saver_name_pre: wasserstein_vq_substitution_4_True_True_False_False_ImageNet_256_model_16384_32_16_loss_0.1_0.1_0.1
dataset name: ImageNet
len train_set: 1281167
len val_set: 50000
Start training...
epoch:1, cur_lr:0.010000
Train Epoch: [1/4] Iters:[10/20018] vq_loss 0.7920, rec_loss 0.1376, wasserstein_loss 1.6829, quant_error 0.4533, codebook_utilization 0.7045, codebook_perplexity 7934.2435,
Train Epoch: [1/4] Iters:[20/20018] vq_loss 0.7018, rec_loss 0.0960, wasserstein_loss 1.4563, quant_error 0.4102, codebook_utilization 0.7718, codebook_perplexity 9423.7656,
Train Epoch: [1/4] Iters:[30/20018] vq_loss 0.6345, rec_loss 0.0759, wasserstein_loss 1.2565, quant_error 0.3773, codebook_utilization 0.8144, codebook_perplexity 10346.2850,
Train Epoch: [1/4] Iters:[40/20018] vq_loss 0.5850, rec_loss 0.0644, wasserstein_loss 1.0852, quant_error 0.3537, codebook_utilization 0.8301, codebook_perplexity 10406.0438,
Train Epoch: [1/4] Iters:[50/20018] vq_loss 0.5530, rec_loss 0.0575, wasserstein_loss 0.9448, quant_error 0.3403, codebook_utilization 0.8330, codebook_perplexity 10085.9111,
Train Epoch: [1/4] Iters:[60/20018] vq_loss 0.4715, rec_loss 0.0355, wasserstein_loss 0.6414, quant_error 0.3038, codebook_utilization 0.8514, codebook_perplexity 9868.1784,
Train Epoch: [1/4] Iters:[70/20018] vq_loss 0.4236, rec_loss 0.0303, wasserstein_loss 0.4113, quant_error 0.2837, codebook_utilization 0.8350, codebook_perplexity 8805.0864,
Train Epoch: [1/4] Iters:[80/20018] vq_loss 0.3983, rec_loss 0.0291, wasserstein_loss 0.2582, quant_error 0.2748, codebook_utilization 0.8045, codebook_perplexity 7410.5370,
Train Epoch: [1/4] Iters:[90/20018] vq_loss 0.3853, rec_loss 0.0289, wasserstein_loss 0.1587, quant_error 0.2714, codebook_utilization 0.7805, codebook_perplexity 6369.2396,
Train Epoch: [1/4] Iters:[100/20018] vq_loss 0.3754, rec_loss 0.0290, wasserstein_loss 0.0923, quant_error 0.2684, codebook_utilization 0.7661, codebook_perplexity 5750.1441,
Train Epoch: [1/4] Iters:[110/20018] vq_loss 0.3741, rec_loss 0.0291, wasserstein_loss 0.0714, quant_error 0.2689, codebook_utilization 0.7608, codebook_perplexity 5499.7036,
Train Epoch: [1/4] Iters:[120/20018] vq_loss 0.3726, rec_loss 0.0291, wasserstein_loss 0.0708, quant_error 0.2678, codebook_utilization 0.7620, codebook_perplexity 5439.4633,
Train Epoch: [1/4] Iters:[130/20018] vq_loss 0.3749, rec_loss 0.0293, wasserstein_loss 0.0645, quant_error 0.2702, codebook_utilization 0.7680, codebook_perplexity 5529.9327,
Train Epoch: [1/4] Iters:[140/20018] vq_loss 0.3699, rec_loss 0.0287, wasserstein_loss 0.0707, quant_error 0.2660, codebook_utilization 0.7684, codebook_perplexity 5498.2160,
Train Epoch: [1/4] Iters:[150/20018] vq_loss 0.3698, rec_loss 0.0287, wasserstein_loss 0.0732, quant_error 0.2658, codebook_utilization 0.7698, codebook_perplexity 5502.9801,
Train Epoch: [1/4] Iters:[160/20018] vq_loss 0.3662, rec_loss 0.0287, wasserstein_loss 0.0720, quant_error 0.2632, codebook_utilization 0.7711, codebook_perplexity 5504.6485,
Train Epoch: [1/4] Iters:[170/20018] vq_loss 0.3650, rec_loss 0.0290, wasserstein_loss 0.0692, quant_error 0.2626, codebook_utilization 0.7743, codebook_perplexity 5579.2956,
Train Epoch: [1/4] Iters:[180/20018] vq_loss 0.3611, rec_loss 0.0288, wasserstein_loss 0.0662, quant_error 0.2599, codebook_utilization 0.7760, codebook_perplexity 5616.7988,
Train Epoch: [1/4] Iters:[190/20018] vq_loss 0.3634, rec_loss 0.0291, wasserstein_loss 0.0585, quant_error 0.2623, codebook_utilization 0.7801, codebook_perplexity 5714.8089,
Train Epoch: [1/4] Iters:[200/20018] vq_loss 0.3627, rec_loss 0.0290, wasserstein_loss 0.0579, quant_error 0.2619, codebook_utilization 0.7815, codebook_perplexity 5761.1480,
Train Epoch: [1/4] Iters:[210/20018] vq_loss 0.3620, rec_loss 0.0291, wasserstein_loss 0.0612, quant_error 0.2611, codebook_utilization 0.7824, codebook_perplexity 5787.0003,
Train Epoch: [1/4] Iters:[220/20018] vq_loss 0.3640, rec_loss 0.0292, wasserstein_loss 0.0601, quant_error 0.2627, codebook_utilization 0.7845, codebook_perplexity 5846.5065,
Train Epoch: [1/4] Iters:[230/20018] vq_loss 0.3659, rec_loss 0.0293, wasserstein_loss 0.0615, quant_error 0.2641, codebook_utilization 0.7845, codebook_perplexity 5846.9631,
Train Epoch: [1/4] Iters:[240/20018] vq_loss 0.3665, rec_loss 0.0297, wasserstein_loss 0.0625, quant_error 0.2645, codebook_utilization 0.7851, codebook_perplexity 5864.6163,
Train Epoch: [1/4] Iters:[250/20018] vq_loss 0.3650, rec_loss 0.0294, wasserstein_loss 0.0633, quant_error 0.2633, codebook_utilization 0.7857, codebook_perplexity 5864.1027,
Train Epoch: [1/4] Iters:[260/20018] vq_loss 0.3628, rec_loss 0.0293, wasserstein_loss 0.0593, quant_error 0.2619, codebook_utilization 0.7871, codebook_perplexity 5893.1072,
Train Epoch: [1/4] Iters:[270/20018] vq_loss 0.3583, rec_loss 0.0289, wasserstein_loss 0.0599, quant_error 0.2585, codebook_utilization 0.7873, codebook_perplexity 5871.4338,
Train Epoch: [1/4] Iters:[280/20018] vq_loss 0.3544, rec_loss 0.0284, wasserstein_loss 0.0593, quant_error 0.2556, codebook_utilization 0.7892, codebook_perplexity 5922.6987,
Train Epoch: [1/4] Iters:[290/20018] vq_loss 0.3570, rec_loss 0.0285, wasserstein_loss 0.0579, quant_error 0.2578, codebook_utilization 0.7912, codebook_perplexity 5961.8034,
Train Epoch: [1/4] Iters:[300/20018] vq_loss 0.3566, rec_loss 0.0286, wasserstein_loss 0.0593, quant_error 0.2574, codebook_utilization 0.7900, codebook_perplexity 5914.0729,
Train Epoch: [1/4] Iters:[310/20018] vq_loss 0.3600, rec_loss 0.0288, wasserstein_loss 0.0595, quant_error 0.2600, codebook_utilization 0.7906, codebook_perplexity 5931.4446,
Train Epoch: [1/4] Iters:[320/20018] vq_loss 0.3632, rec_loss 0.0293, wasserstein_loss 0.0583, quant_error 0.2625, codebook_utilization 0.7913, codebook_perplexity 5981.6747,
Train Epoch: [1/4] Iters:[330/20018] vq_loss 0.3665, rec_loss 0.0297, wasserstein_loss 0.0579, quant_error 0.2651, codebook_utilization 0.7921, codebook_perplexity 6013.0100,
Train Epoch: [1/4] Iters:[340/20018] vq_loss 0.3625, rec_loss 0.0293, wasserstein_loss 0.0632, quant_error 0.2615, codebook_utilization 0.7900, codebook_perplexity 5935.0123,
Train Epoch: [1/4] Iters:[350/20018] vq_loss 0.3616, rec_loss 0.0293, wasserstein_loss 0.0599, quant_error 0.2611, codebook_utilization 0.7923, codebook_perplexity 6005.3446,
Train Epoch: [1/4] Iters:[360/20018] vq_loss 0.3616, rec_loss 0.0293, wasserstein_loss 0.0600, quant_error 0.2611, codebook_utilization 0.7941, codebook_perplexity 6068.3385,
Train Epoch: [1/4] Iters:[370/20018] vq_loss 0.3619, rec_loss 0.0287, wasserstein_loss 0.0600, quant_error 0.2613, codebook_utilization 0.7946, codebook_perplexity 6052.1805,
Train Epoch: [1/4] Iters:[380/20018] vq_loss 0.3629, rec_loss 0.0292, wasserstein_loss 0.0620, quant_error 0.2619, codebook_utilization 0.7946, codebook_perplexity 6047.8169,
Train Epoch: [1/4] Iters:[390/20018] vq_loss 0.3652, rec_loss 0.0293, wasserstein_loss 0.0586, quant_error 0.2639, codebook_utilization 0.7958, codebook_perplexity 6087.5287,
Train Epoch: [1/4] Iters:[400/20018] vq_loss 0.3662, rec_loss 0.0295, wasserstein_loss 0.0593, quant_error 0.2646, codebook_utilization 0.7950, codebook_perplexity 6047.3636,
Train Epoch: [1/4] Iters:[410/20018] vq_loss 0.3679, rec_loss 0.0294, wasserstein_loss 0.0599, quant_error 0.2658, codebook_utilization 0.7949, codebook_perplexity 6040.9187,
Train Epoch: [1/4] Iters:[420/20018] vq_loss 0.3657, rec_loss 0.0295, wasserstein_loss 0.0653, quant_error 0.2637, codebook_utilization 0.7938, codebook_perplexity 6006.6149,
Train Epoch: [1/4] Iters:[430/20018] vq_loss 0.3649, rec_loss 0.0290, wasserstein_loss 0.0673, quant_error 0.2629, codebook_utilization 0.7933, codebook_perplexity 5982.0055,
Train Epoch: [1/4] Iters:[440/20018] vq_loss 0.3644, rec_loss 0.0292, wasserstein_loss 0.0629, quant_error 0.2630, codebook_utilization 0.7947, codebook_perplexity 6027.2338,
Train Epoch: [1/4] Iters:[450/20018] vq_loss 0.3662, rec_loss 0.0292, wasserstein_loss 0.0605, quant_error 0.2646, codebook_utilization 0.7957, codebook_perplexity 6068.2467,
Train Epoch: [1/4] Iters:[460/20018] vq_loss 0.3638, rec_loss 0.0294, wasserstein_loss 0.0634, quant_error 0.2624, codebook_utilization 0.7940, codebook_perplexity 6013.7258,
Train Epoch: [1/4] Iters:[470/20018] vq_loss 0.3655, rec_loss 0.0294, wasserstein_loss 0.0578, quant_error 0.2642, codebook_utilization 0.7963, codebook_perplexity 6085.1892,
Train Epoch: [1/4] Iters:[480/20018] vq_loss 0.3658, rec_loss 0.0295, wasserstein_loss 0.0570, quant_error 0.2645, codebook_utilization 0.7975, codebook_perplexity 6134.4771,
Train Epoch: [1/4] Iters:[490/20018] vq_loss 0.3647, rec_loss 0.0291, wasserstein_loss 0.0650, quant_error 0.2630, codebook_utilization 0.7961, codebook_perplexity 6081.1841,
Train Epoch: [1/4] Iters:[500/20018] vq_loss 0.3631, rec_loss 0.0291, wasserstein_loss 0.0677, quant_error 0.2615, codebook_utilization 0.7953, codebook_perplexity 6050.2561,
Train Epoch: [1/4] Iters:[510/20018] vq_loss 0.3645, rec_loss 0.0290, wasserstein_loss 0.0669, quant_error 0.2626, codebook_utilization 0.7959, codebook_perplexity 6065.3004,
Train Epoch: [1/4] Iters:[520/20018] vq_loss 0.3638, rec_loss 0.0293, wasserstein_loss 0.0672, quant_error 0.2622, codebook_utilization 0.7944, codebook_perplexity 6013.3326,
Train Epoch: [1/4] Iters:[530/20018] vq_loss 0.3613, rec_loss 0.0293, wasserstein_loss 0.0653, quant_error 0.2604, codebook_utilization 0.7942, codebook_perplexity 5999.8329,
Train Epoch: [1/4] Iters:[540/20018] vq_loss 0.3612, rec_loss 0.0297, wasserstein_loss 0.0592, quant_error 0.2608, codebook_utilization 0.7956, codebook_perplexity 6060.2495,
Train Epoch: [1/4] Iters:[550/20018] vq_loss 0.3616, rec_loss 0.0299, wasserstein_loss 0.0581, quant_error 0.2612, codebook_utilization 0.7964, codebook_perplexity 6091.3180,
Train Epoch: [1/4] Iters:[560/20018] vq_loss 0.3607, rec_loss 0.0299, wasserstein_loss 0.0562, quant_error 0.2607, codebook_utilization 0.7972, codebook_perplexity 6104.9900,
Train Epoch: [1/4] Iters:[570/20018] vq_loss 0.3616, rec_loss 0.0299, wasserstein_loss 0.0569, quant_error 0.2614, codebook_utilization 0.7975, codebook_perplexity 6131.6044,
Train Epoch: [1/4] Iters:[580/20018] vq_loss 0.3633, rec_loss 0.0296, wasserstein_loss 0.0564, quant_error 0.2626, codebook_utilization 0.7963, codebook_perplexity 6098.9773,
Train Epoch: [1/4] Iters:[590/20018] vq_loss 0.3646, rec_loss 0.0296, wasserstein_loss 0.0553, quant_error 0.2637, codebook_utilization 0.7966, codebook_perplexity 6097.7573,
Train Epoch: [1/4] Iters:[600/20018] vq_loss 0.3646, rec_loss 0.0294, wasserstein_loss 0.0556, quant_error 0.2636, codebook_utilization 0.7972, codebook_perplexity 6133.6492,
Train Epoch: [1/4] Iters:[610/20018] vq_loss 0.3645, rec_loss 0.0295, wasserstein_loss 0.0564, quant_error 0.2635, codebook_utilization 0.7964, codebook_perplexity 6127.4065,
Train Epoch: [1/4] Iters:[620/20018] vq_loss 0.3669, rec_loss 0.0297, wasserstein_loss 0.0553, quant_error 0.2654, codebook_utilization 0.7976, codebook_perplexity 6171.7289,
Train Epoch: [1/4] Iters:[630/20018] vq_loss 0.3628, rec_loss 0.0295, wasserstein_loss 0.0621, quant_error 0.2617, codebook_utilization 0.7958, codebook_perplexity 6107.5791,
Train Epoch: [1/4] Iters:[640/20018] vq_loss 0.3619, rec_loss 0.0293, wasserstein_loss 0.0612, quant_error 0.2611, codebook_utilization 0.7964, codebook_perplexity 6134.3869,
Train Epoch: [1/4] Iters:[650/20018] vq_loss 0.3619, rec_loss 0.0291, wasserstein_loss 0.0633, quant_error 0.2609, codebook_utilization 0.7969, codebook_perplexity 6138.1687,
Train Epoch: [1/4] Iters:[660/20018] vq_loss 0.3617, rec_loss 0.0291, wasserstein_loss 0.0616, quant_error 0.2610, codebook_utilization 0.7969, codebook_perplexity 6116.3141,
Train Epoch: [1/4] Iters:[670/20018] vq_loss 0.3604, rec_loss 0.0286, wasserstein_loss 0.0617, quant_error 0.2600, codebook_utilization 0.7965, codebook_perplexity 6109.9036,
Train Epoch: [1/4] Iters:[680/20018] vq_loss 0.3636, rec_loss 0.0288, wasserstein_loss 0.0572, quant_error 0.2629, codebook_utilization 0.7986, codebook_perplexity 6163.1696,
Train Epoch: [1/4] Iters:[690/20018] vq_loss 0.3632, rec_loss 0.0289, wasserstein_loss 0.0597, quant_error 0.2624, codebook_utilization 0.7978, codebook_perplexity 6129.4933,
Train Epoch: [1/4] Iters:[700/20018] vq_loss 0.3620, rec_loss 0.0289, wasserstein_loss 0.0578, quant_error 0.2616, codebook_utilization 0.7971, codebook_perplexity 6106.1957,
Train Epoch: [1/4] Iters:[710/20018] vq_loss 0.3616, rec_loss 0.0288, wasserstein_loss 0.0570, quant_error 0.2614, codebook_utilization 0.7977, codebook_perplexity 6130.2824,
Train Epoch: [1/4] Iters:[720/20018] vq_loss 0.3618, rec_loss 0.0291, wasserstein_loss 0.0559, quant_error 0.2616, codebook_utilization 0.7981, codebook_perplexity 6127.5939,
Train Epoch: [1/4] Iters:[730/20018] vq_loss 0.3606, rec_loss 0.0291, wasserstein_loss 0.0565, quant_error 0.2606, codebook_utilization 0.7970, codebook_perplexity 6119.8991,
Train Epoch: [1/4] Iters:[740/20018] vq_loss 0.3633, rec_loss 0.0292, wasserstein_loss 0.0547, quant_error 0.2628, codebook_utilization 0.7971, codebook_perplexity 6118.5043,
Train Epoch: [1/4] Iters:[750/20018] vq_loss 0.3627, rec_loss 0.0289, wasserstein_loss 0.0548, quant_error 0.2623, codebook_utilization 0.7966, codebook_perplexity 6074.0933,
Train Epoch: [1/4] Iters:[760/20018] vq_loss 0.3613, rec_loss 0.0286, wasserstein_loss 0.0549, quant_error 0.2613, codebook_utilization 0.7973, codebook_perplexity 6114.1134,
Train Epoch: [1/4] Iters:[770/20018] vq_loss 0.3583, rec_loss 0.0285, wasserstein_loss 0.0549, quant_error 0.2590, codebook_utilization 0.7973, codebook_perplexity 6098.4181,
Train Epoch: [1/4] Iters:[780/20018] vq_loss 0.3589, rec_loss 0.0285, wasserstein_loss 0.0526, quant_error 0.2597, codebook_utilization 0.7991, codebook_perplexity 6142.9191,
Train Epoch: [1/4] Iters:[790/20018] vq_loss 0.3610, rec_loss 0.0286, wasserstein_loss 0.0512, quant_error 0.2613, codebook_utilization 0.8000, codebook_perplexity 6194.5639,
Train Epoch: [1/4] Iters:[800/20018] vq_loss 0.3640, rec_loss 0.0289, wasserstein_loss 0.0549, quant_error 0.2634, codebook_utilization 0.7991, codebook_perplexity 6180.7502,
Train Epoch: [1/4] Iters:[810/20018] vq_loss 0.3674, rec_loss 0.0295, wasserstein_loss 0.0603, quant_error 0.2655, codebook_utilization 0.7973, codebook_perplexity 6125.2421,
Train Epoch: [1/4] Iters:[820/20018] vq_loss 0.3686, rec_loss 0.0294, wasserstein_loss 0.0649, quant_error 0.2660, codebook_utilization 0.7956, codebook_perplexity 6097.0089,
Train Epoch: [1/4] Iters:[830/20018] vq_loss 0.3687, rec_loss 0.0293, wasserstein_loss 0.0654, quant_error 0.2661, codebook_utilization 0.7947, codebook_perplexity 6050.4227,
Train Epoch: [1/4] Iters:[840/20018] vq_loss 0.3651, rec_loss 0.0291, wasserstein_loss 0.0656, quant_error 0.2633, codebook_utilization 0.7952, codebook_perplexity 6068.0272,
Train Epoch: [1/4] Iters:[850/20018] vq_loss 0.3624, rec_loss 0.0289, wasserstein_loss 0.0630, quant_error 0.2614, codebook_utilization 0.7961, codebook_perplexity 6078.8726,
Train Epoch: [1/4] Iters:[860/20018] vq_loss 0.3602, rec_loss 0.0288, wasserstein_loss 0.0598, quant_error 0.2600, codebook_utilization 0.7975, codebook_perplexity 6110.0293,
Train Epoch: [1/4] Iters:[870/20018] vq_loss 0.3603, rec_loss 0.0289, wasserstein_loss 0.0565, quant_error 0.2604, codebook_utilization 0.7991, codebook_perplexity 6124.5534,
Train Epoch: [1/4] Iters:[880/20018] vq_loss 0.3590, rec_loss 0.0289, wasserstein_loss 0.0564, quant_error 0.2594, codebook_utilization 0.7996, codebook_perplexity 6148.9828,
Train Epoch: [1/4] Iters:[890/20018] vq_loss 0.3572, rec_loss 0.0286, wasserstein_loss 0.0575, quant_error 0.2579, codebook_utilization 0.7987, codebook_perplexity 6118.8886,
Train Epoch: [1/4] Iters:[900/20018] vq_loss 0.3588, rec_loss 0.0290, wasserstein_loss 0.0553, quant_error 0.2594, codebook_utilization 0.8007, codebook_perplexity 6189.6495,
Train Epoch: [1/4] Iters:[910/20018] vq_loss 0.3605, rec_loss 0.0292, wasserstein_loss 0.0557, quant_error 0.2606, codebook_utilization 0.8006, codebook_perplexity 6204.0698,
Train Epoch: [1/4] Iters:[920/20018] vq_loss 0.3618, rec_loss 0.0291, wasserstein_loss 0.0582, quant_error 0.2614, codebook_utilization 0.7987, codebook_perplexity 6150.4490,
Train Epoch: [1/4] Iters:[930/20018] vq_loss 0.3619, rec_loss 0.0290, wasserstein_loss 0.0598, quant_error 0.2612, codebook_utilization 0.7975, codebook_perplexity 6103.5678,
Train Epoch: [1/4] Iters:[940/20018] vq_loss 0.3647, rec_loss 0.0292, wasserstein_loss 0.0618, quant_error 0.2634, codebook_utilization 0.7982, codebook_perplexity 6099.3936,
Train Epoch: [1/4] Iters:[950/20018] vq_loss 0.3629, rec_loss 0.0288, wasserstein_loss 0.0637, quant_error 0.2618, codebook_utilization 0.7972, codebook_perplexity 6078.0170,
Train Epoch: [1/4] Iters:[960/20018] vq_loss 0.3631, rec_loss 0.0285, wasserstein_loss 0.0616, quant_error 0.2622, codebook_utilization 0.7972, codebook_perplexity 6061.7012,
Train Epoch: [1/4] Iters:[970/20018] vq_loss 0.3603, rec_loss 0.0288, wasserstein_loss 0.0616, quant_error 0.2599, codebook_utilization 0.7980, codebook_perplexity 6116.7274,
Train Epoch: [1/4] Iters:[980/20018] vq_loss 0.3604, rec_loss 0.0293, wasserstein_loss 0.0575, quant_error 0.2604, codebook_utilization 0.7999, codebook_perplexity 6179.7886,
Train Epoch: [1/4] Iters:[990/20018] vq_loss 0.3576, rec_loss 0.0293, wasserstein_loss 0.0576, quant_error 0.2583, codebook_utilization 0.7994, codebook_perplexity 6169.9584,
Train Epoch: [1/4] Iters:[1000/20018] vq_loss 0.3598, rec_loss 0.0297, wasserstein_loss 0.0567, quant_error 0.2600, codebook_utilization 0.7997, codebook_perplexity 6199.9455,
Train Epoch: [1/4] Iters:[1010/20018] vq_loss 0.3591, rec_loss 0.0296, wasserstein_loss 0.0580, quant_error 0.2593, codebook_utilization 0.7990, codebook_perplexity 6175.9475,
Train Epoch: [1/4] Iters:[1020/20018] vq_loss 0.3599, rec_loss 0.0295, wasserstein_loss 0.0557, quant_error 0.2602, codebook_utilization 0.7986, codebook_perplexity 6155.2759,
Train Epoch: [1/4] Iters:[1030/20018] vq_loss 0.3607, rec_loss 0.0292, wasserstein_loss 0.0568, quant_error 0.2607, codebook_utilization 0.7977, codebook_perplexity 6132.7768,
Train Epoch: [1/4] Iters:[1040/20018] vq_loss 0.3616, rec_loss 0.0294, wasserstein_loss 0.0561, quant_error 0.2614, codebook_utilization 0.7976, codebook_perplexity 6133.2610,
Train Epoch: [1/4] Iters:[1050/20018] vq_loss 0.3604, rec_loss 0.0292, wasserstein_loss 0.0560, quant_error 0.2605, codebook_utilization 0.7975, codebook_perplexity 6129.4469,
Train Epoch: [1/4] Iters:[1060/20018] vq_loss 0.3606, rec_loss 0.0292, wasserstein_loss 0.0587, quant_error 0.2604, codebook_utilization 0.7980, codebook_perplexity 6160.1333,
Train Epoch: [1/4] Iters:[1070/20018] vq_loss 0.3601, rec_loss 0.0289, wasserstein_loss 0.0595, quant_error 0.2600, codebook_utilization 0.7985, codebook_perplexity 6193.7735,
Train Epoch: [1/4] Iters:[1080/20018] vq_loss 0.3619, rec_loss 0.0291, wasserstein_loss 0.0609, quant_error 0.2613, codebook_utilization 0.7997, codebook_perplexity 6241.8073,
Train Epoch: [1/4] Iters:[1090/20018] vq_loss 0.3631, rec_loss 0.0291, wasserstein_loss 0.0588, quant_error 0.2624, codebook_utilization 0.7984, codebook_perplexity 6203.4289,
Train Epoch: [1/4] Iters:[1100/20018] vq_loss 0.3656, rec_loss 0.0293, wasserstein_loss 0.0593, quant_error 0.2642, codebook_utilization 0.7986, codebook_perplexity 6185.8002,
Train Epoch: [1/4] Iters:[1110/20018] vq_loss 0.3642, rec_loss 0.0292, wasserstein_loss 0.0573, quant_error 0.2633, codebook_utilization 0.7976, codebook_perplexity 6141.3725,
Train Epoch: [1/4] Iters:[1120/20018] vq_loss 0.3668, rec_loss 0.0297, wasserstein_loss 0.0566, quant_error 0.2654, codebook_utilization 0.7978, codebook_perplexity 6143.2824,
Train Epoch: [1/4] Iters:[1130/20018] vq_loss 0.3634, rec_loss 0.0290, wasserstein_loss 0.0582, quant_error 0.2626, codebook_utilization 0.7965, codebook_perplexity 6104.6988,
Train Epoch: [1/4] Iters:[1140/20018] vq_loss 0.3646, rec_loss 0.0290, wasserstein_loss 0.0575, quant_error 0.2636, codebook_utilization 0.7988, codebook_perplexity 6183.7581,
Train Epoch: [1/4] Iters:[1150/20018] vq_loss 0.3658, rec_loss 0.0290, wasserstein_loss 0.0578, quant_error 0.2645, codebook_utilization 0.7984, codebook_perplexity 6184.0528,
Train Epoch: [1/4] Iters:[1160/20018] vq_loss 0.3682, rec_loss 0.0295, wasserstein_loss 0.0594, quant_error 0.2662, codebook_utilization 0.7981, codebook_perplexity 6168.8349,
Train Epoch: [1/4] Iters:[1170/20018] vq_loss 0.3667, rec_loss 0.0292, wasserstein_loss 0.0615, quant_error 0.2648, codebook_utilization 0.7970, codebook_perplexity 6122.5931,
Train Epoch: [1/4] Iters:[1180/20018] vq_loss 0.3689, rec_loss 0.0293, wasserstein_loss 0.0612, quant_error 0.2666, codebook_utilization 0.7981, codebook_perplexity 6122.3711,
Train Epoch: [1/4] Iters:[1190/20018] vq_loss 0.3657, rec_loss 0.0293, wasserstein_loss 0.0633, quant_error 0.2639, codebook_utilization 0.7966, codebook_perplexity 6068.4166,
Train Epoch: [1/4] Iters:[1200/20018] vq_loss 0.3650, rec_loss 0.0296, wasserstein_loss 0.0621, quant_error 0.2635, codebook_utilization 0.7970, codebook_perplexity 6081.0605,
Train Epoch: [1/4] Iters:[1210/20018] vq_loss 0.3639, rec_loss 0.0292, wasserstein_loss 0.0606, quant_error 0.2629, codebook_utilization 0.7973, codebook_perplexity 6085.6824,
Train Epoch: [1/4] Iters:[1220/20018] vq_loss 0.3641, rec_loss 0.0293, wasserstein_loss 0.0576, quant_error 0.2633, codebook_utilization 0.7982, codebook_perplexity 6087.3762,
Train Epoch: [1/4] Iters:[1230/20018] vq_loss 0.3649, rec_loss 0.0297, wasserstein_loss 0.0562, quant_error 0.2640, codebook_utilization 0.7977, codebook_perplexity 6097.7636,
Train Epoch: [1/4] Iters:[1240/20018] vq_loss 0.3674, rec_loss 0.0296, wasserstein_loss 0.0548, quant_error 0.2660, codebook_utilization 0.7980, codebook_perplexity 6111.9872,
Train Epoch: [1/4] Iters:[1250/20018] vq_loss 0.3658, rec_loss 0.0292, wasserstein_loss 0.0565, quant_error 0.2646, codebook_utilization 0.7964, codebook_perplexity 6060.5324,
Train Epoch: [1/4] Iters:[1260/20018] vq_loss 0.3687, rec_loss 0.0296, wasserstein_loss 0.0566, quant_error 0.2669, codebook_utilization 0.7975, codebook_perplexity 6085.4256,
Train Epoch: [1/4] Iters:[1270/20018] vq_loss 0.3676, rec_loss 0.0293, wasserstein_loss 0.0583, quant_error 0.2658, codebook_utilization 0.7970, codebook_perplexity 6082.4029,
Train Epoch: [1/4] Iters:[1280/20018] vq_loss 0.3674, rec_loss 0.0294, wasserstein_loss 0.0590, quant_error 0.2656, codebook_utilization 0.7979, codebook_perplexity 6103.5654,
Train Epoch: [1/4] Iters:[1290/20018] vq_loss 0.3673, rec_loss 0.0298, wasserstein_loss 0.0584, quant_error 0.2656, codebook_utilization 0.7983, codebook_perplexity 6108.2624,
Train Epoch: [1/4] Iters:[1300/20018] vq_loss 0.3668, rec_loss 0.0299, wasserstein_loss 0.0585, quant_error 0.2652, codebook_utilization 0.7991, codebook_perplexity 6131.5653,
Train Epoch: [1/4] Iters:[1310/20018] vq_loss 0.3646, rec_loss 0.0300, wasserstein_loss 0.0574, quant_error 0.2636, codebook_utilization 0.7990, codebook_perplexity 6143.5231,
Train Epoch: [1/4] Iters:[1320/20018] vq_loss 0.3674, rec_loss 0.0305, wasserstein_loss 0.0561, quant_error 0.2658, codebook_utilization 0.8005, codebook_perplexity 6221.2689,
Train Epoch: [1/4] Iters:[1330/20018] vq_loss 0.3660, rec_loss 0.0299, wasserstein_loss 0.0570, quant_error 0.2647, codebook_utilization 0.7978, codebook_perplexity 6130.1207,
Train Epoch: [1/4] Iters:[1340/20018] vq_loss 0.3651, rec_loss 0.0297, wasserstein_loss 0.0585, quant_error 0.2638, codebook_utilization 0.7969, codebook_perplexity 6108.1155,
Train Epoch: [1/4] Iters:[1350/20018] vq_loss 0.3634, rec_loss 0.0296, wasserstein_loss 0.0571, quant_error 0.2626, codebook_utilization 0.7978, codebook_perplexity 6123.3950,
Train Epoch: [1/4] Iters:[1360/20018] vq_loss 0.3600, rec_loss 0.0291, wasserstein_loss 0.0553, quant_error 0.2602, codebook_utilization 0.7986, codebook_perplexity 6128.1466,
Train Epoch: [1/4] Iters:[1370/20018] vq_loss 0.3611, rec_loss 0.0291, wasserstein_loss 0.0561, quant_error 0.2611, codebook_utilization 0.7989, codebook_perplexity 6119.3099,
Train Epoch: [1/4] Iters:[1380/20018] vq_loss 0.3600, rec_loss 0.0289, wasserstein_loss 0.0574, quant_error 0.2601, codebook_utilization 0.7993, codebook_perplexity 6144.1152,
Train Epoch: [1/4] Iters:[1390/20018] vq_loss 0.3601, rec_loss 0.0289, wasserstein_loss 0.0574, quant_error 0.2602, codebook_utilization 0.8003, codebook_perplexity 6178.9993,
Train Epoch: [1/4] Iters:[1400/20018] vq_loss 0.3642, rec_loss 0.0294, wasserstein_loss 0.0578, quant_error 0.2633, codebook_utilization 0.8007, codebook_perplexity 6199.1700,
Train Epoch: [1/4] Iters:[1410/20018] vq_loss 0.3692, rec_loss 0.0296, wasserstein_loss 0.0590, quant_error 0.2669, codebook_utilization 0.7994, codebook_perplexity 6195.7146,
Train Epoch: [1/4] Iters:[1420/20018] vq_loss 0.3651, rec_loss 0.0291, wasserstein_loss 0.0611, quant_error 0.2636, codebook_utilization 0.7966, codebook_perplexity 6104.1339,
Train Epoch: [1/4] Iters:[1430/20018] vq_loss 0.3671, rec_loss 0.0293, wasserstein_loss 0.0574, quant_error 0.2655, codebook_utilization 0.7992, codebook_perplexity 6161.9472,
Train Epoch: [1/4] Iters:[1440/20018] vq_loss 0.3681, rec_loss 0.0292, wasserstein_loss 0.0566, quant_error 0.2663, codebook_utilization 0.7993, codebook_perplexity 6156.1199,
Train Epoch: [1/4] Iters:[1450/20018] vq_loss 0.3650, rec_loss 0.0285, wasserstein_loss 0.0577, quant_error 0.2638, codebook_utilization 0.7977, codebook_perplexity 6115.9534,
Train Epoch: [1/4] Iters:[1460/20018] vq_loss 0.3626, rec_loss 0.0283, wasserstein_loss 0.0588, quant_error 0.2619, codebook_utilization 0.7985, codebook_perplexity 6134.3967,
Train Epoch: [1/4] Iters:[1470/20018] vq_loss 0.3657, rec_loss 0.0288, wasserstein_loss 0.0557, quant_error 0.2645, codebook_utilization 0.8013, codebook_perplexity 6207.3878,
Train Epoch: [1/4] Iters:[1480/20018] vq_loss 0.3649, rec_loss 0.0290, wasserstein_loss 0.0587, quant_error 0.2636, codebook_utilization 0.7986, codebook_perplexity 6123.8338,
Train Epoch: [1/4] Iters:[1490/20018] vq_loss 0.3637, rec_loss 0.0289, wasserstein_loss 0.0600, quant_error 0.2626, codebook_utilization 0.7975, codebook_perplexity 6083.2731,
Train Epoch: [1/4] Iters:[1500/20018] vq_loss 0.3635, rec_loss 0.0291, wasserstein_loss 0.0574, quant_error 0.2627, codebook_utilization 0.7988, codebook_perplexity 6086.1480,
Train Epoch: [1/4] Iters:[1510/20018] vq_loss 0.3649, rec_loss 0.0296, wasserstein_loss 0.0597, quant_error 0.2637, codebook_utilization 0.7994, codebook_perplexity 6106.5011,
Train Epoch: [1/4] Iters:[1520/20018] vq_loss 0.3615, rec_loss 0.0292, wasserstein_loss 0.0623, quant_error 0.2608, codebook_utilization 0.7976, codebook_perplexity 6060.4579,
Train Epoch: [1/4] Iters:[1530/20018] vq_loss 0.3623, rec_loss 0.0293, wasserstein_loss 0.0607, quant_error 0.2615, codebook_utilization 0.7999, codebook_perplexity 6146.1610,
Train Epoch: [1/4] Iters:[1540/20018] vq_loss 0.3624, rec_loss 0.0297, wasserstein_loss 0.0613, quant_error 0.2616, codebook_utilization 0.8012, codebook_perplexity 6180.4620,
Train Epoch: [1/4] Iters:[1550/20018] vq_loss 0.3643, rec_loss 0.0299, wasserstein_loss 0.0608, quant_error 0.2630, codebook_utilization 0.8011, codebook_perplexity 6207.5751,
Train Epoch: [1/4] Iters:[1560/20018] vq_loss 0.3628, rec_loss 0.0296, wasserstein_loss 0.0604, quant_error 0.2619, codebook_utilization 0.7995, codebook_perplexity 6152.6245,
Train Epoch: [1/4] Iters:[1570/20018] vq_loss 0.3634, rec_loss 0.0295, wasserstein_loss 0.0601, quant_error 0.2624, codebook_utilization 0.7992, codebook_perplexity 6139.7257,
Train Epoch: [1/4] Iters:[1580/20018] vq_loss 0.3620, rec_loss 0.0293, wasserstein_loss 0.0593, quant_error 0.2614, codebook_utilization 0.7988, codebook_perplexity 6127.2556,
Train Epoch: [1/4] Iters:[1590/20018] vq_loss 0.3636, rec_loss 0.0292, wasserstein_loss 0.0598, quant_error 0.2626, codebook_utilization 0.7984, codebook_perplexity 6121.8908,
Train Epoch: [1/4] Iters:[1600/20018] vq_loss 0.3606, rec_loss 0.0293, wasserstein_loss 0.0626, quant_error 0.2600, codebook_utilization 0.7971, codebook_perplexity 6089.4698,
Train Epoch: [1/4] Iters:[1610/20018] vq_loss 0.3599, rec_loss 0.0294, wasserstein_loss 0.0598, quant_error 0.2598, codebook_utilization 0.7979, codebook_perplexity 6109.7599,
Train Epoch: [1/4] Iters:[1620/20018] vq_loss 0.3637, rec_loss 0.0298, wasserstein_loss 0.0582, quant_error 0.2629, codebook_utilization 0.7995, codebook_perplexity 6160.2969,
Train Epoch: [1/4] Iters:[1630/20018] vq_loss 0.3636, rec_loss 0.0299, wasserstein_loss 0.0599, quant_error 0.2626, codebook_utilization 0.7979, codebook_perplexity 6124.6154,
Train Epoch: [1/4] Iters:[1640/20018] vq_loss 0.3617, rec_loss 0.0297, wasserstein_loss 0.0585, quant_error 0.2613, codebook_utilization 0.7973, codebook_perplexity 6105.1109,
Train Epoch: [1/4] Iters:[1650/20018] vq_loss 0.3650, rec_loss 0.0297, wasserstein_loss 0.0574, quant_error 0.2640, codebook_utilization 0.7990, codebook_perplexity 6150.7320,
Train Epoch: [1/4] Iters:[1660/20018] vq_loss 0.3634, rec_loss 0.0292, wasserstein_loss 0.0643, quant_error 0.2622, codebook_utilization 0.7967, codebook_perplexity 6083.9981,
Train Epoch: [1/4] Iters:[1670/20018] vq_loss 0.3604, rec_loss 0.0290, wasserstein_loss 0.0640, quant_error 0.2599, codebook_utilization 0.7962, codebook_perplexity 6082.2883,
Train Epoch: [1/4] Iters:[1680/20018] vq_loss 0.3624, rec_loss 0.0290, wasserstein_loss 0.0634, quant_error 0.2615, codebook_utilization 0.7975, codebook_perplexity 6095.0962,
Train Epoch: [1/4] Iters:[1690/20018] vq_loss 0.3635, rec_loss 0.0290, wasserstein_loss 0.0628, quant_error 0.2624, codebook_utilization 0.7977, codebook_perplexity 6111.1668,
Train Epoch: [1/4] Iters:[1700/20018] vq_loss 0.3595, rec_loss 0.0286, wasserstein_loss 0.0652, quant_error 0.2591, codebook_utilization 0.7963, codebook_perplexity 6066.2427,
Train Epoch: [1/4] Iters:[1710/20018] vq_loss 0.3630, rec_loss 0.0290, wasserstein_loss 0.0585, quant_error 0.2623, codebook_utilization 0.8000, codebook_perplexity 6181.2187,
Train Epoch: [1/4] Iters:[1720/20018] vq_loss 0.3637, rec_loss 0.0291, wasserstein_loss 0.0581, quant_error 0.2629, codebook_utilization 0.8005, codebook_perplexity 6220.3980,
Train Epoch: [1/4] Iters:[1730/20018] vq_loss 0.3630, rec_loss 0.0291, wasserstein_loss 0.0579, quant_error 0.2622, codebook_utilization 0.7995, codebook_perplexity 6196.1587,
Train Epoch: [1/4] Iters:[1740/20018] vq_loss 0.3648, rec_loss 0.0292, wasserstein_loss 0.0565, quant_error 0.2637, codebook_utilization 0.8004, codebook_perplexity 6235.9810,
Train Epoch: [1/4] Iters:[1750/20018] vq_loss 0.3677, rec_loss 0.0296, wasserstein_loss 0.0542, quant_error 0.2661, codebook_utilization 0.8001, codebook_perplexity 6217.0878,
Train Epoch: [1/4] Iters:[1760/20018] vq_loss 0.3650, rec_loss 0.0293, wasserstein_loss 0.0559, quant_error 0.2639, codebook_utilization 0.7977, codebook_perplexity 6155.5683,
Train Epoch: [1/4] Iters:[1770/20018] vq_loss 0.3675, rec_loss 0.0294, wasserstein_loss 0.0562, quant_error 0.2658, codebook_utilization 0.7984, codebook_perplexity 6173.3240,
Train Epoch: [1/4] Iters:[1780/20018] vq_loss 0.3662, rec_loss 0.0295, wasserstein_loss 0.0580, quant_error 0.2647, codebook_utilization 0.7979, codebook_perplexity 6179.1971,
Train Epoch: [1/4] Iters:[1790/20018] vq_loss 0.3631, rec_loss 0.0293, wasserstein_loss 0.0591, quant_error 0.2622, codebook_utilization 0.7974, codebook_perplexity 6146.6200,
Train Epoch: [1/4] Iters:[1800/20018] vq_loss 0.3613, rec_loss 0.0290, wasserstein_loss 0.0584, quant_error 0.2609, codebook_utilization 0.7986, codebook_perplexity 6187.7822,
Train Epoch: [1/4] Iters:[1810/20018] vq_loss 0.3640, rec_loss 0.0293, wasserstein_loss 0.0575, quant_error 0.2630, codebook_utilization 0.8005, codebook_perplexity 6237.9610,
Train Epoch: [1/4] Iters:[1820/20018] vq_loss 0.3589, rec_loss 0.0290, wasserstein_loss 0.0611, quant_error 0.2588, codebook_utilization 0.7976, codebook_perplexity 6120.5782,
Train Epoch: [1/4] Iters:[1830/20018] vq_loss 0.3636, rec_loss 0.0292, wasserstein_loss 0.0597, quant_error 0.2627, codebook_utilization 0.8006, codebook_perplexity 6218.3274,
Train Epoch: [1/4] Iters:[1840/20018] vq_loss 0.3671, rec_loss 0.0295, wasserstein_loss 0.0598, quant_error 0.2653, codebook_utilization 0.8001, codebook_perplexity 6218.2765,
Train Epoch: [1/4] Iters:[1850/20018] vq_loss 0.3707, rec_loss 0.0299, wasserstein_loss 0.0629, quant_error 0.2678, codebook_utilization 0.7984, codebook_perplexity 6155.5299,
Train Epoch: [1/4] Iters:[1860/20018] vq_loss 0.3705, rec_loss 0.0300, wasserstein_loss 0.0633, quant_error 0.2676, codebook_utilization 0.7964, codebook_perplexity 6081.6874,
Train Epoch: [1/4] Iters:[1870/20018] vq_loss 0.3738, rec_loss 0.0305, wasserstein_loss 0.0581, quant_error 0.2705, codebook_utilization 0.7986, codebook_perplexity 6157.8279,
Train Epoch: [1/4] Iters:[1880/20018] vq_loss 0.3709, rec_loss 0.0301, wasserstein_loss 0.0562, quant_error 0.2684, codebook_utilization 0.7966, codebook_perplexity 6074.1180,
Train Epoch: [1/4] Iters:[1890/20018] vq_loss 0.3684, rec_loss 0.0301, wasserstein_loss 0.0563, quant_error 0.2665, codebook_utilization 0.7969, codebook_perplexity 6069.5028,
Train Epoch: [1/4] Iters:[1900/20018] vq_loss 0.3643, rec_loss 0.0298, wasserstein_loss 0.0546, quant_error 0.2635, codebook_utilization 0.7979, codebook_perplexity 6110.1979,
Train Epoch: [1/4] Iters:[1910/20018] vq_loss 0.3654, rec_loss 0.0298, wasserstein_loss 0.0545, quant_error 0.2644, codebook_utilization 0.7993, codebook_perplexity 6188.7216,
Train Epoch: [1/4] Iters:[1920/20018] vq_loss 0.3648, rec_loss 0.0298, wasserstein_loss 0.0559, quant_error 0.2638, codebook_utilization 0.7986, codebook_perplexity 6160.3572,
Train Epoch: [1/4] Iters:[1930/20018] vq_loss 0.3645, rec_loss 0.0299, wasserstein_loss 0.0580, quant_error 0.2634, codebook_utilization 0.7985, codebook_perplexity 6174.4793,
Train Epoch: [1/4] Iters:[1940/20018] vq_loss 0.3636, rec_loss 0.0299, wasserstein_loss 0.0582, quant_error 0.2627, codebook_utilization 0.7980, codebook_perplexity 6174.6090,
Train Epoch: [1/4] Iters:[1950/20018] vq_loss 0.3645, rec_loss 0.0296, wasserstein_loss 0.0591, quant_error 0.2634, codebook_utilization 0.7984, codebook_perplexity 6187.0224,
Train Epoch: [1/4] Iters:[1960/20018] vq_loss 0.3642, rec_loss 0.0297, wasserstein_loss 0.0575, quant_error 0.2632, codebook_utilization 0.7994, codebook_perplexity 6212.5681,
Train Epoch: [1/4] Iters:[1970/20018] vq_loss 0.3678, rec_loss 0.0299, wasserstein_loss 0.0586, quant_error 0.2659, codebook_utilization 0.7997, codebook_perplexity 6228.9370,
Train Epoch: [1/4] Iters:[1980/20018] vq_loss 0.3690, rec_loss 0.0300, wasserstein_loss 0.0584, quant_error 0.2667, codebook_utilization 0.7991, codebook_perplexity 6199.0143,
Train Epoch: [1/4] Iters:[1990/20018] vq_loss 0.3715, rec_loss 0.0297, wasserstein_loss 0.0613, quant_error 0.2684, codebook_utilization 0.7990, codebook_perplexity 6185.5807,
Train Epoch: [1/4] Iters:[2000/20018] vq_loss 0.3738, rec_loss 0.0303, wasserstein_loss 0.0598, quant_error 0.2703, codebook_utilization 0.7994, codebook_perplexity 6198.4782,
Train Epoch: [1/4] Iters:[2010/20018] vq_loss 0.3713, rec_loss 0.0303, wasserstein_loss 0.0632, quant_error 0.2681, codebook_utilization 0.7964, codebook_perplexity 6085.8400,
Train Epoch: [1/4] Iters:[2020/20018] vq_loss 0.3653, rec_loss 0.0298, wasserstein_loss 0.0657, quant_error 0.2633, codebook_utilization 0.7949, codebook_perplexity 6024.2756,
Train Epoch: [1/4] Iters:[2030/20018] vq_loss 0.3655, rec_loss 0.0299, wasserstein_loss 0.0653, quant_error 0.2636, codebook_utilization 0.7976, codebook_perplexity 6121.5827,
Train Epoch: [1/4] Iters:[2040/20018] vq_loss 0.3623, rec_loss 0.0295, wasserstein_loss 0.0640, quant_error 0.2613, codebook_utilization 0.7974, codebook_perplexity 6090.7585,
Train Epoch: [1/4] Iters:[2050/20018] vq_loss 0.3600, rec_loss 0.0291, wasserstein_loss 0.0628, quant_error 0.2597, codebook_utilization 0.7978, codebook_perplexity 6121.3101,
Train Epoch: [1/4] Iters:[2060/20018] vq_loss 0.3593, rec_loss 0.0287, wasserstein_loss 0.0589, quant_error 0.2595, codebook_utilization 0.7992, codebook_perplexity 6162.9126,
Train Epoch: [1/4] Iters:[2070/20018] vq_loss 0.3597, rec_loss 0.0287, wasserstein_loss 0.0563, quant_error 0.2600, codebook_utilization 0.8004, codebook_perplexity 6203.4386,
Train Epoch: [1/4] Iters:[2080/20018] vq_loss 0.3598, rec_loss 0.0284, wasserstein_loss 0.0549, quant_error 0.2602, codebook_utilization 0.8001, codebook_perplexity 6198.6315,
Train Epoch: [1/4] Iters:[2090/20018] vq_loss 0.3601, rec_loss 0.0289, wasserstein_loss 0.0589, quant_error 0.2600, codebook_utilization 0.7995, codebook_perplexity 6205.9919,
Train Epoch: [1/4] Iters:[2100/20018] vq_loss 0.3603, rec_loss 0.0294, wasserstein_loss 0.0634, quant_error 0.2598, codebook_utilization 0.7976, codebook_perplexity 6122.3356,
Train Epoch: [1/4] Iters:[2110/20018] vq_loss 0.3645, rec_loss 0.0299, wasserstein_loss 0.0638, quant_error 0.2630, codebook_utilization 0.7987, codebook_perplexity 6179.6249,
Train Epoch: [1/4] Iters:[2120/20018] vq_loss 0.3668, rec_loss 0.0303, wasserstein_loss 0.0639, quant_error 0.2648, codebook_utilization 0.7983, codebook_perplexity 6197.1173,
Train Epoch: [1/4] Iters:[2130/20018] vq_loss 0.3675, rec_loss 0.0305, wasserstein_loss 0.0653, quant_error 0.2652, codebook_utilization 0.7969, codebook_perplexity 6139.5271,
Train Epoch: [1/4] Iters:[2140/20018] vq_loss 0.3710, rec_loss 0.0308, wasserstein_loss 0.0588, quant_error 0.2684, codebook_utilization 0.7977, codebook_perplexity 6175.8654,
Train Epoch: [1/4] Iters:[2150/20018] vq_loss 0.3714, rec_loss 0.0306, wasserstein_loss 0.0599, quant_error 0.2685, codebook_utilization 0.7962, codebook_perplexity 6127.0165,
Train Epoch: [1/4] Iters:[2160/20018] vq_loss 0.3689, rec_loss 0.0301, wasserstein_loss 0.0593, quant_error 0.2667, codebook_utilization 0.7950, codebook_perplexity 6080.0586,
Train Epoch: [1/4] Iters:[2170/20018] vq_loss 0.3695, rec_loss 0.0300, wasserstein_loss 0.0585, quant_error 0.2672, codebook_utilization 0.7963, codebook_perplexity 6114.7188,
Train Epoch: [1/4] Iters:[2180/20018] vq_loss 0.3703, rec_loss 0.0300, wasserstein_loss 0.0584, quant_error 0.2678, codebook_utilization 0.7962, codebook_perplexity 6111.8853,
Train Epoch: [1/4] Iters:[2190/20018] vq_loss 0.3676, rec_loss 0.0294, wasserstein_loss 0.0673, quant_error 0.2650, codebook_utilization 0.7943, codebook_perplexity 6043.8897,
Train Epoch: [1/4] Iters:[2200/20018] vq_loss 0.3695, rec_loss 0.0295, wasserstein_loss 0.0616, quant_error 0.2669, codebook_utilization 0.7973, codebook_perplexity 6147.2499,
Train Epoch: [1/4] Iters:[2210/20018] vq_loss 0.3678, rec_loss 0.0294, wasserstein_loss 0.0628, quant_error 0.2655, codebook_utilization 0.7968, codebook_perplexity 6129.0735,
Train Epoch: [1/4] Iters:[2220/20018] vq_loss 0.3648, rec_loss 0.0291, wasserstein_loss 0.0625, quant_error 0.2632, codebook_utilization 0.7966, codebook_perplexity 6093.8374,
Train Epoch: [1/4] Iters:[2230/20018] vq_loss 0.3616, rec_loss 0.0288, wasserstein_loss 0.0631, quant_error 0.2608, codebook_utilization 0.7983, codebook_perplexity 6155.4587,
Train Epoch: [1/4] Iters:[2240/20018] vq_loss 0.3630, rec_loss 0.0292, wasserstein_loss 0.0583, quant_error 0.2623, codebook_utilization 0.8002, codebook_perplexity 6204.0423,
Train Epoch: [1/4] Iters:[2250/20018] vq_loss 0.3615, rec_loss 0.0291, wasserstein_loss 0.0610, quant_error 0.2609, codebook_utilization 0.7984, codebook_perplexity 6152.7120,
Train Epoch: [1/4] Iters:[2260/20018] vq_loss 0.3635, rec_loss 0.0295, wasserstein_loss 0.0608, quant_error 0.2625, codebook_utilization 0.7987, codebook_perplexity 6172.4446,
Train Epoch: [1/4] Iters:[2270/20018] vq_loss 0.3667, rec_loss 0.0297, wasserstein_loss 0.0609, quant_error 0.2649, codebook_utilization 0.7984, codebook_perplexity 6179.6014,
Train Epoch: [1/4] Iters:[2280/20018] vq_loss 0.3676, rec_loss 0.0297, wasserstein_loss 0.0587, quant_error 0.2657, codebook_utilization 0.7972, codebook_perplexity 6148.4571,
Train Epoch: [1/4] Iters:[2290/20018] vq_loss 0.3662, rec_loss 0.0295, wasserstein_loss 0.0579, quant_error 0.2646, codebook_utilization 0.7962, codebook_perplexity 6110.7906,
Train Epoch: [1/4] Iters:[2300/20018] vq_loss 0.3632, rec_loss 0.0291, wasserstein_loss 0.0580, quant_error 0.2624, codebook_utilization 0.7968, codebook_perplexity 6118.7909,
Train Epoch: [1/4] Iters:[2310/20018] vq_loss 0.3607, rec_loss 0.0286, wasserstein_loss 0.0599, quant_error 0.2604, codebook_utilization 0.7984, codebook_perplexity 6159.9675,
Train Epoch: [1/4] Iters:[2320/20018] vq_loss 0.3566, rec_loss 0.0284, wasserstein_loss 0.0593, quant_error 0.2574, codebook_utilization 0.7983, codebook_perplexity 6146.2457,
Train Epoch: [1/4] Iters:[2330/20018] vq_loss 0.3537, rec_loss 0.0282, wasserstein_loss 0.0634, quant_error 0.2549, codebook_utilization 0.7974, codebook_perplexity 6103.9488,
Train Epoch: [1/4] Iters:[2340/20018] vq_loss 0.3522, rec_loss 0.0281, wasserstein_loss 0.0632, quant_error 0.2538, codebook_utilization 0.7979, codebook_perplexity 6112.3929,
Train Epoch: [1/4] Iters:[2350/20018] vq_loss 0.3544, rec_loss 0.0284, wasserstein_loss 0.0604, quant_error 0.2557, codebook_utilization 0.8004, codebook_perplexity 6203.8647,
Train Epoch: [1/4] Iters:[2360/20018] vq_loss 0.3583, rec_loss 0.0291, wasserstein_loss 0.0571, quant_error 0.2589, codebook_utilization 0.7997, codebook_perplexity 6175.1639,
Train Epoch: [1/4] Iters:[2370/20018] vq_loss 0.3603, rec_loss 0.0292, wasserstein_loss 0.0639, quant_error 0.2598, codebook_utilization 0.7978, codebook_perplexity 6124.4319,
Train Epoch: [1/4] Iters:[2380/20018] vq_loss 0.3606, rec_loss 0.0293, wasserstein_loss 0.0649, quant_error 0.2599, codebook_utilization 0.7963, codebook_perplexity 6058.8399,
Train Epoch: [1/4] Iters:[2390/20018] vq_loss 0.3622, rec_loss 0.0295, wasserstein_loss 0.0623, quant_error 0.2614, codebook_utilization 0.7977, codebook_perplexity 6085.5188,
Train Epoch: [1/4] Iters:[2400/20018] vq_loss 0.3581, rec_loss 0.0291, wasserstein_loss 0.0643, quant_error 0.2580, codebook_utilization 0.7953, codebook_perplexity 5973.0605,
Train Epoch: [1/4] Iters:[2410/20018] vq_loss 0.3567, rec_loss 0.0290, wasserstein_loss 0.0671, quant_error 0.2569, codebook_utilization 0.7971, codebook_perplexity 6032.7184,
Train Epoch: [1/4] Iters:[2420/20018] vq_loss 0.3601, rec_loss 0.0291, wasserstein_loss 0.0622, quant_error 0.2598, codebook_utilization 0.8003, codebook_perplexity 6145.9489,
Train Epoch: [1/4] Iters:[2430/20018] vq_loss 0.3625, rec_loss 0.0292, wasserstein_loss 0.0615, quant_error 0.2617, codebook_utilization 0.8000, codebook_perplexity 6141.3735,
Train Epoch: [1/4] Iters:[2440/20018] vq_loss 0.3627, rec_loss 0.0291, wasserstein_loss 0.0649, quant_error 0.2615, codebook_utilization 0.7987, codebook_perplexity 6131.3273,
Train Epoch: [1/4] Iters:[2450/20018] vq_loss 0.3670, rec_loss 0.0296, wasserstein_loss 0.0660, quant_error 0.2648, codebook_utilization 0.7990, codebook_perplexity 6154.3546,
Train Epoch: [1/4] Iters:[2460/20018] vq_loss 0.3669, rec_loss 0.0296, wasserstein_loss 0.0661, quant_error 0.2646, codebook_utilization 0.7957, codebook_perplexity 6051.1319,
Train Epoch: [1/4] Iters:[2470/20018] vq_loss 0.3649, rec_loss 0.0296, wasserstein_loss 0.0663, quant_error 0.2631, codebook_utilization 0.7941, codebook_perplexity 5982.3086,
Train Epoch: [1/4] Iters:[2480/20018] vq_loss 0.3677, rec_loss 0.0298, wasserstein_loss 0.0625, quant_error 0.2656, codebook_utilization 0.7971, codebook_perplexity 6100.4243,
Train Epoch: [1/4] Iters:[2490/20018] vq_loss 0.3666, rec_loss 0.0294, wasserstein_loss 0.0645, quant_error 0.2645, codebook_utilization 0.7966, codebook_perplexity 6084.9171,
Train Epoch: [1/4] Iters:[2500/20018] vq_loss 0.3666, rec_loss 0.0294, wasserstein_loss 0.0619, quant_error 0.2647, codebook_utilization 0.7967, codebook_perplexity 6115.9155,
Train Epoch: [1/4] Iters:[2510/20018] vq_loss 0.3657, rec_loss 0.0291, wasserstein_loss 0.0598, quant_error 0.2642, codebook_utilization 0.7985, codebook_perplexity 6163.1478,
Train Epoch: [1/4] Iters:[2520/20018] vq_loss 0.3655, rec_loss 0.0290, wasserstein_loss 0.0582, quant_error 0.2642, codebook_utilization 0.7988, codebook_perplexity 6163.2388,
Train Epoch: [1/4] Iters:[2530/20018] vq_loss 0.3609, rec_loss 0.0286, wasserstein_loss 0.0608, quant_error 0.2604, codebook_utilization 0.7972, codebook_perplexity 6082.6460,
Train Epoch: [1/4] Iters:[2540/20018] vq_loss 0.3605, rec_loss 0.0289, wasserstein_loss 0.0557, quant_error 0.2606, codebook_utilization 0.7990, codebook_perplexity 6116.3322,
Train Epoch: [1/4] Iters:[2550/20018] vq_loss 0.3594, rec_loss 0.0285, wasserstein_loss 0.0555, quant_error 0.2598, codebook_utilization 0.7992, codebook_perplexity 6130.0988,
Train Epoch: [1/4] Iters:[2560/20018] vq_loss 0.3600, rec_loss 0.0285, wasserstein_loss 0.0562, quant_error 0.2602, codebook_utilization 0.7988, codebook_perplexity 6128.1845,
Train Epoch: [1/4] Iters:[2570/20018] vq_loss 0.3577, rec_loss 0.0286, wasserstein_loss 0.0571, quant_error 0.2584, codebook_utilization 0.7985, codebook_perplexity 6142.3589,
Train Epoch: [1/4] Iters:[2580/20018] vq_loss 0.3563, rec_loss 0.0285, wasserstein_loss 0.0546, quant_error 0.2575, codebook_utilization 0.7989, codebook_perplexity 6160.0127,
Train Epoch: [1/4] Iters:[2590/20018] vq_loss 0.3597, rec_loss 0.0287, wasserstein_loss 0.0572, quant_error 0.2599, codebook_utilization 0.8007, codebook_perplexity 6255.7867,
Train Epoch: [1/4] Iters:[2600/20018] vq_loss 0.3608, rec_loss 0.0289, wasserstein_loss 0.0582, quant_error 0.2607, codebook_utilization 0.8003, codebook_perplexity 6239.0381,
Train Epoch: [1/4] Iters:[2610/20018] vq_loss 0.3594, rec_loss 0.0290, wasserstein_loss 0.0605, quant_error 0.2594, codebook_utilization 0.7984, codebook_perplexity 6169.8888,
Train Epoch: [1/4] Iters:[2620/20018] vq_loss 0.3600, rec_loss 0.0288, wasserstein_loss 0.0604, quant_error 0.2598, codebook_utilization 0.7989, codebook_perplexity 6175.1932,
Train Epoch: [1/4] Iters:[2630/20018] vq_loss 0.3624, rec_loss 0.0288, wasserstein_loss 0.0610, quant_error 0.2616, codebook_utilization 0.7996, codebook_perplexity 6214.0719,
Train Epoch: [1/4] Iters:[2640/20018] vq_loss 0.3606, rec_loss 0.0284, wasserstein_loss 0.0602, quant_error 0.2603, codebook_utilization 0.7975, codebook_perplexity 6132.9758,
Train Epoch: [1/4] Iters:[2650/20018] vq_loss 0.3631, rec_loss 0.0286, wasserstein_loss 0.0617, quant_error 0.2621, codebook_utilization 0.7984, codebook_perplexity 6182.1091,
Train Epoch: [1/4] Iters:[2660/20018] vq_loss 0.3628, rec_loss 0.0287, wasserstein_loss 0.0613, quant_error 0.2619, codebook_utilization 0.7984, codebook_perplexity 6197.7988,
Train Epoch: [1/4] Iters:[2670/20018] vq_loss 0.3656, rec_loss 0.0290, wasserstein_loss 0.0637, quant_error 0.2639, codebook_utilization 0.7988, codebook_perplexity 6209.8364,
Train Epoch: [1/4] Iters:[2680/20018] vq_loss 0.3638, rec_loss 0.0290, wasserstein_loss 0.0629, quant_error 0.2625, codebook_utilization 0.7986, codebook_perplexity 6186.3341,
Train Epoch: [1/4] Iters:[2690/20018] vq_loss 0.3639, rec_loss 0.0291, wasserstein_loss 0.0619, quant_error 0.2627, codebook_utilization 0.7984, codebook_perplexity 6171.2000,
Train Epoch: [1/4] Iters:[2700/20018] vq_loss 0.3587, rec_loss 0.0289, wasserstein_loss 0.0633, quant_error 0.2587, codebook_utilization 0.7966, codebook_perplexity 6092.5111,
Train Epoch: [1/4] Iters:[2710/20018] vq_loss 0.3594, rec_loss 0.0288, wasserstein_loss 0.0622, quant_error 0.2593, codebook_utilization 0.7988, codebook_perplexity 6152.1976,
Train Epoch: [1/4] Iters:[2720/20018] vq_loss 0.3563, rec_loss 0.0287, wasserstein_loss 0.0592, quant_error 0.2571, codebook_utilization 0.7976, codebook_perplexity 6084.7848,
Train Epoch: [1/4] Iters:[2730/20018] vq_loss 0.3570, rec_loss 0.0286, wasserstein_loss 0.0610, quant_error 0.2576, codebook_utilization 0.7981, codebook_perplexity 6103.0624,
Train Epoch: [1/4] Iters:[2740/20018] vq_loss 0.3573, rec_loss 0.0287, wasserstein_loss 0.0608, quant_error 0.2578, codebook_utilization 0.7986, codebook_perplexity 6128.3056,
Train Epoch: [1/4] Iters:[2750/20018] vq_loss 0.3613, rec_loss 0.0291, wasserstein_loss 0.0580, quant_error 0.2611, codebook_utilization 0.7993, codebook_perplexity 6135.2371,
Train Epoch: [1/4] Iters:[2760/20018] vq_loss 0.3624, rec_loss 0.0292, wasserstein_loss 0.0582, quant_error 0.2619, codebook_utilization 0.7978, codebook_perplexity 6102.6883,
Train Epoch: [1/4] Iters:[2770/20018] vq_loss 0.3608, rec_loss 0.0289, wasserstein_loss 0.0614, quant_error 0.2604, codebook_utilization 0.7969, codebook_perplexity 6095.8222,
Train Epoch: [1/4] Iters:[2780/20018] vq_loss 0.3615, rec_loss 0.0289, wasserstein_loss 0.0591, quant_error 0.2611, codebook_utilization 0.7981, codebook_perplexity 6151.0522,
Train Epoch: [1/4] Iters:[2790/20018] vq_loss 0.3598, rec_loss 0.0288, wasserstein_loss 0.0601, quant_error 0.2597, codebook_utilization 0.7977, codebook_perplexity 6128.5171,
Train Epoch: [1/4] Iters:[2800/20018] vq_loss 0.3600, rec_loss 0.0285, wasserstein_loss 0.0582, quant_error 0.2600, codebook_utilization 0.7985, codebook_perplexity 6162.9653,
Train Epoch: [1/4] Iters:[2810/20018] vq_loss 0.3613, rec_loss 0.0286, wasserstein_loss 0.0569, quant_error 0.2611, codebook_utilization 0.7989, codebook_perplexity 6149.5564,
Train Epoch: [1/4] Iters:[2820/20018] vq_loss 0.3657, rec_loss 0.0291, wasserstein_loss 0.0550, quant_error 0.2646, codebook_utilization 0.7999, codebook_perplexity 6190.0133,
Train Epoch: [1/4] Iters:[2830/20018] vq_loss 0.3653, rec_loss 0.0292, wasserstein_loss 0.0571, quant_error 0.2641, codebook_utilization 0.7975, codebook_perplexity 6095.9881,
Train Epoch: [1/4] Iters:[2840/20018] vq_loss 0.3700, rec_loss 0.0300, wasserstein_loss 0.0552, quant_error 0.2679, codebook_utilization 0.7990, codebook_perplexity 6146.6542,
Train Epoch: [1/4] Iters:[2850/20018] vq_loss 0.3679, rec_loss 0.0297, wasserstein_loss 0.0621, quant_error 0.2657, codebook_utilization 0.7967, codebook_perplexity 6049.5683,
Train Epoch: [1/4] Iters:[2860/20018] vq_loss 0.3660, rec_loss 0.0298, wasserstein_loss 0.0637, quant_error 0.2641, codebook_utilization 0.7960, codebook_perplexity 6037.7721,
Train Epoch: [1/4] Iters:[2870/20018] vq_loss 0.3653, rec_loss 0.0297, wasserstein_loss 0.0633, quant_error 0.2636, codebook_utilization 0.7981, codebook_perplexity 6120.6186,
Train Epoch: [1/4] Iters:[2880/20018] vq_loss 0.3656, rec_loss 0.0298, wasserstein_loss 0.0622, quant_error 0.2639, codebook_utilization 0.7991, codebook_perplexity 6159.0514,
Train Epoch: [1/4] Iters:[2890/20018] vq_loss 0.3623, rec_loss 0.0293, wasserstein_loss 0.0633, quant_error 0.2612, codebook_utilization 0.7980, codebook_perplexity 6130.2464,
Train Epoch: [1/4] Iters:[2900/20018] vq_loss 0.3620, rec_loss 0.0296, wasserstein_loss 0.0579, quant_error 0.2615, codebook_utilization 0.8000, codebook_perplexity 6195.6422,
Train Epoch: [1/4] Iters:[2910/20018] vq_loss 0.3626, rec_loss 0.0294, wasserstein_loss 0.0564, quant_error 0.2621, codebook_utilization 0.8015, codebook_perplexity 6246.1712,
Train Epoch: [1/4] Iters:[2920/20018] vq_loss 0.3627, rec_loss 0.0295, wasserstein_loss 0.0555, quant_error 0.2622, codebook_utilization 0.7996, codebook_perplexity 6188.4045,
Train Epoch: [1/4] Iters:[2930/20018] vq_loss 0.3644, rec_loss 0.0298, wasserstein_loss 0.0574, quant_error 0.2633, codebook_utilization 0.7982, codebook_perplexity 6151.8230,
Train Epoch: [1/4] Iters:[2940/20018] vq_loss 0.3629, rec_loss 0.0295, wasserstein_loss 0.0624, quant_error 0.2618, codebook_utilization 0.7969, codebook_perplexity 6122.3779,
Train Epoch: [1/4] Iters:[2950/20018] vq_loss 0.3635, rec_loss 0.0296, wasserstein_loss 0.0616, quant_error 0.2623, codebook_utilization 0.7971, codebook_perplexity 6148.0316,
Train Epoch: [1/4] Iters:[2960/20018] vq_loss 0.3632, rec_loss 0.0297, wasserstein_loss 0.0626, quant_error 0.2620, codebook_utilization 0.7961, codebook_perplexity 6108.1933,
Train Epoch: [1/4] Iters:[2970/20018] vq_loss 0.3599, rec_loss 0.0294, wasserstein_loss 0.0647, quant_error 0.2594, codebook_utilization 0.7950, codebook_perplexity 6061.1494,
Train Epoch: [1/4] Iters:[2980/20018] vq_loss 0.3599, rec_loss 0.0292, wasserstein_loss 0.0633, quant_error 0.2595, codebook_utilization 0.7978, codebook_perplexity 6168.9792,
Train Epoch: [1/4] Iters:[2990/20018] vq_loss 0.3621, rec_loss 0.0296, wasserstein_loss 0.0567, quant_error 0.2618, codebook_utilization 0.7988, codebook_perplexity 6162.4094,
Train Epoch: [1/4] Iters:[3000/20018] vq_loss 0.3650, rec_loss 0.0298, wasserstein_loss 0.0581, quant_error 0.2639, codebook_utilization 0.7984, codebook_perplexity 6164.0130,
Train Epoch: [1/4] Iters:[3010/20018] vq_loss 0.3658, rec_loss 0.0299, wasserstein_loss 0.0606, quant_error 0.2643, codebook_utilization 0.7980, codebook_perplexity 6178.1961,
Train Epoch: [1/4] Iters:[3020/20018] vq_loss 0.3694, rec_loss 0.0302, wasserstein_loss 0.0601, quant_error 0.2670, codebook_utilization 0.7984, codebook_perplexity 6185.7529,
Train Epoch: [1/4] Iters:[3030/20018] vq_loss 0.3696, rec_loss 0.0302, wasserstein_loss 0.0622, quant_error 0.2670, codebook_utilization 0.7969, codebook_perplexity 6116.1674,
Train Epoch: [1/4] Iters:[3040/20018] vq_loss 0.3681, rec_loss 0.0301, wasserstein_loss 0.0641, quant_error 0.2657, codebook_utilization 0.7964, codebook_perplexity 6115.5199,
Train Epoch: [1/4] Iters:[3050/20018] vq_loss 0.3696, rec_loss 0.0302, wasserstein_loss 0.0646, quant_error 0.2668, codebook_utilization 0.7975, codebook_perplexity 6151.8637,
Train Epoch: [1/4] Iters:[3060/20018] vq_loss 0.3676, rec_loss 0.0301, wasserstein_loss 0.0667, quant_error 0.2651, codebook_utilization 0.7971, codebook_perplexity 6120.5622,
Train Epoch: [1/4] Iters:[3070/20018] vq_loss 0.3658, rec_loss 0.0299, wasserstein_loss 0.0675, quant_error 0.2636, codebook_utilization 0.7976, codebook_perplexity 6144.2392,
Train Epoch: [1/4] Iters:[3080/20018] vq_loss 0.3632, rec_loss 0.0294, wasserstein_loss 0.0662, quant_error 0.2617, codebook_utilization 0.7970, codebook_perplexity 6112.3751,
Train Epoch: [1/4] Iters:[3090/20018] vq_loss 0.3661, rec_loss 0.0295, wasserstein_loss 0.0647, quant_error 0.2641, codebook_utilization 0.7988, codebook_perplexity 6183.6058,
Train Epoch: [1/4] Iters:[3100/20018] vq_loss 0.3597, rec_loss 0.0289, wasserstein_loss 0.0673, quant_error 0.2590, codebook_utilization 0.7961, codebook_perplexity 6071.8673,
Train Epoch: [1/4] Iters:[3110/20018] vq_loss 0.3613, rec_loss 0.0290, wasserstein_loss 0.0614, quant_error 0.2607, codebook_utilization 0.7979, codebook_perplexity 6144.9844,
Train Epoch: [1/4] Iters:[3120/20018] vq_loss 0.3615, rec_loss 0.0288, wasserstein_loss 0.0590, quant_error 0.2610, codebook_utilization 0.7988, codebook_perplexity 6167.7425,
Train Epoch: [1/4] Iters:[3130/20018] vq_loss 0.3601, rec_loss 0.0289, wasserstein_loss 0.0589, quant_error 0.2600, codebook_utilization 0.7980, codebook_perplexity 6154.5846,
Train Epoch: [1/4] Iters:[3140/20018] vq_loss 0.3590, rec_loss 0.0290, wasserstein_loss 0.0594, quant_error 0.2591, codebook_utilization 0.7979, codebook_perplexity 6163.6510,
Train Epoch: [1/4] Iters:[3150/20018] vq_loss 0.3633, rec_loss 0.0292, wasserstein_loss 0.0559, quant_error 0.2627, codebook_utilization 0.8002, codebook_perplexity 6250.5049,
Train Epoch: [1/4] Iters:[3160/20018] vq_loss 0.3613, rec_loss 0.0289, wasserstein_loss 0.0606, quant_error 0.2608, codebook_utilization 0.7972, codebook_perplexity 6132.9796,
Train Epoch: [1/4] Iters:[3170/20018] vq_loss 0.3649, rec_loss 0.0295, wasserstein_loss 0.0623, quant_error 0.2635, codebook_utilization 0.7980, codebook_perplexity 6167.8330,
Train Epoch: [1/4] Iters:[3180/20018] vq_loss 0.3667, rec_loss 0.0296, wasserstein_loss 0.0610, quant_error 0.2649, codebook_utilization 0.7982, codebook_perplexity 6167.4448,
Train Epoch: [1/4] Iters:[3190/20018] vq_loss 0.3678, rec_loss 0.0298, wasserstein_loss 0.0608, quant_error 0.2658, codebook_utilization 0.7970, codebook_perplexity 6098.4369,
Train Epoch: [1/4] Iters:[3200/20018] vq_loss 0.3669, rec_loss 0.0297, wasserstein_loss 0.0606, quant_error 0.2650, codebook_utilization 0.7968, codebook_perplexity 6096.5489,
Train Epoch: [1/4] Iters:[3210/20018] vq_loss 0.3699, rec_loss 0.0299, wasserstein_loss 0.0561, quant_error 0.2677, codebook_utilization 0.7994, codebook_perplexity 6187.8225,
Train Epoch: [1/4] Iters:[3220/20018] vq_loss 0.3686, rec_loss 0.0296, wasserstein_loss 0.0557, quant_error 0.2667, codebook_utilization 0.7971, codebook_perplexity 6081.2242,
Train Epoch: [1/4] Iters:[3230/20018] vq_loss 0.3652, rec_loss 0.0296, wasserstein_loss 0.0614, quant_error 0.2637, codebook_utilization 0.7967, codebook_perplexity 6075.4680,
Train Epoch: [1/4] Iters:[3240/20018] vq_loss 0.3636, rec_loss 0.0293, wasserstein_loss 0.0602, quant_error 0.2626, codebook_utilization 0.7980, codebook_perplexity 6108.2781,
Train Epoch: [1/4] Iters:[3250/20018] vq_loss 0.3601, rec_loss 0.0292, wasserstein_loss 0.0624, quant_error 0.2597, codebook_utilization 0.7971, codebook_perplexity 6037.4551,
Train Epoch: [1/4] Iters:[3260/20018] vq_loss 0.3611, rec_loss 0.0294, wasserstein_loss 0.0614, quant_error 0.2607, codebook_utilization 0.7982, codebook_perplexity 6072.0470,
Train Epoch: [1/4] Iters:[3270/20018] vq_loss 0.3590, rec_loss 0.0292, wasserstein_loss 0.0647, quant_error 0.2588, codebook_utilization 0.7972, codebook_perplexity 6059.7133,
Train Epoch: [1/4] Iters:[3280/20018] vq_loss 0.3612, rec_loss 0.0294, wasserstein_loss 0.0619, quant_error 0.2607, codebook_utilization 0.7964, codebook_perplexity 6020.2320,
Train Epoch: [1/4] Iters:[3290/20018] vq_loss 0.3606, rec_loss 0.0290, wasserstein_loss 0.0621, quant_error 0.2603, codebook_utilization 0.7963, codebook_perplexity 6017.8025,
Train Epoch: [1/4] Iters:[3300/20018] vq_loss 0.3613, rec_loss 0.0290, wasserstein_loss 0.0600, quant_error 0.2610, codebook_utilization 0.7969, codebook_perplexity 6075.4973,
Train Epoch: [1/4] Iters:[3310/20018] vq_loss 0.3588, rec_loss 0.0287, wasserstein_loss 0.0602, quant_error 0.2590, codebook_utilization 0.7960, codebook_perplexity 6039.2248,
Train Epoch: [1/4] Iters:[3320/20018] vq_loss 0.3559, rec_loss 0.0285, wasserstein_loss 0.0579, quant_error 0.2570, codebook_utilization 0.7974, codebook_perplexity 6063.6235,
Train Epoch: [1/4] Iters:[3330/20018] vq_loss 0.3574, rec_loss 0.0285, wasserstein_loss 0.0533, quant_error 0.2585, codebook_utilization 0.8015, codebook_perplexity 6233.5250,
Train Epoch: [1/4] Iters:[3340/20018] vq_loss 0.3599, rec_loss 0.0288, wasserstein_loss 0.0570, quant_error 0.2601, codebook_utilization 0.8008, codebook_perplexity 6233.7345,
Train Epoch: [1/4] Iters:[3350/20018] vq_loss 0.3621, rec_loss 0.0292, wasserstein_loss 0.0591, quant_error 0.2615, codebook_utilization 0.7999, codebook_perplexity 6211.6400,
Train Epoch: [1/4] Iters:[3360/20018] vq_loss 0.3615, rec_loss 0.0288, wasserstein_loss 0.0640, quant_error 0.2606, codebook_utilization 0.7977, codebook_perplexity 6134.0481,
Train Epoch: [1/4] Iters:[3370/20018] vq_loss 0.3646, rec_loss 0.0295, wasserstein_loss 0.0605, quant_error 0.2633, codebook_utilization 0.7986, codebook_perplexity 6175.2954,
Train Epoch: [1/4] Iters:[3380/20018] vq_loss 0.3649, rec_loss 0.0296, wasserstein_loss 0.0624, quant_error 0.2634, codebook_utilization 0.7976, codebook_perplexity 6131.9014,
Train Epoch: [1/4] Iters:[3390/20018] vq_loss 0.3626, rec_loss 0.0296, wasserstein_loss 0.0616, quant_error 0.2617, codebook_utilization 0.7967, codebook_perplexity 6104.5085,
Train Epoch: [1/4] Iters:[3400/20018] vq_loss 0.3631, rec_loss 0.0294, wasserstein_loss 0.0585, quant_error 0.2623, codebook_utilization 0.7970, codebook_perplexity 6102.2060,
Train Epoch: [1/4] Iters:[3410/20018] vq_loss 0.3668, rec_loss 0.0298, wasserstein_loss 0.0566, quant_error 0.2653, codebook_utilization 0.7994, codebook_perplexity 6214.3490,
Train Epoch: [1/4] Iters:[3420/20018] vq_loss 0.3664, rec_loss 0.0296, wasserstein_loss 0.0604, quant_error 0.2647, codebook_utilization 0.7988, codebook_perplexity 6209.9894,
Train Epoch: [1/4] Iters:[3430/20018] vq_loss 0.3682, rec_loss 0.0298, wasserstein_loss 0.0591, quant_error 0.2661, codebook_utilization 0.7975, codebook_perplexity 6153.3043,
Train Epoch: [1/4] Iters:[3440/20018] vq_loss 0.3680, rec_loss 0.0298, wasserstein_loss 0.0604, quant_error 0.2658, codebook_utilization 0.7975, codebook_perplexity 6146.5333,
Train Epoch: [1/4] Iters:[3450/20018] vq_loss 0.3691, rec_loss 0.0298, wasserstein_loss 0.0625, quant_error 0.2666, codebook_utilization 0.7984, codebook_perplexity 6187.7897,
Train Epoch: [1/4] Iters:[3460/20018] vq_loss 0.3659, rec_loss 0.0294, wasserstein_loss 0.0631, quant_error 0.2640, codebook_utilization 0.7965, codebook_perplexity 6103.4815,
Train Epoch: [1/4] Iters:[3470/20018] vq_loss 0.3682, rec_loss 0.0298, wasserstein_loss 0.0600, quant_error 0.2661, codebook_utilization 0.7972, codebook_perplexity 6122.4831,
Train Epoch: [1/4] Iters:[3480/20018] vq_loss 0.3646, rec_loss 0.0295, wasserstein_loss 0.0637, quant_error 0.2630, codebook_utilization 0.7964, codebook_perplexity 6095.4099,
Train Epoch: [1/4] Iters:[3490/20018] vq_loss 0.3648, rec_loss 0.0296, wasserstein_loss 0.0609, quant_error 0.2634, codebook_utilization 0.7979, codebook_perplexity 6160.5968,
Train Epoch: [1/4] Iters:[3500/20018] vq_loss 0.3614, rec_loss 0.0293, wasserstein_loss 0.0597, quant_error 0.2609, codebook_utilization 0.7969, codebook_perplexity 6136.6512,
Train Epoch: [1/4] Iters:[3510/20018] vq_loss 0.3614, rec_loss 0.0295, wasserstein_loss 0.0565, quant_error 0.2612, codebook_utilization 0.7989, codebook_perplexity 6191.8009,
Train Epoch: [1/4] Iters:[3520/20018] vq_loss 0.3597, rec_loss 0.0292, wasserstein_loss 0.0569, quant_error 0.2599, codebook_utilization 0.7989, codebook_perplexity 6199.0076,
Train Epoch: [1/4] Iters:[3530/20018] vq_loss 0.3614, rec_loss 0.0292, wasserstein_loss 0.0550, quant_error 0.2613, codebook_utilization 0.7993, codebook_perplexity 6239.1191,
Train Epoch: [1/4] Iters:[3540/20018] vq_loss 0.3602, rec_loss 0.0291, wasserstein_loss 0.0574, quant_error 0.2602, codebook_utilization 0.7975, codebook_perplexity 6151.0005,
Train Epoch: [1/4] Iters:[3550/20018] vq_loss 0.3623, rec_loss 0.0295, wasserstein_loss 0.0561, quant_error 0.2619, codebook_utilization 0.7991, codebook_perplexity 6194.5373,
Train Epoch: [1/4] Iters:[3560/20018] vq_loss 0.3625, rec_loss 0.0294, wasserstein_loss 0.0555, quant_error 0.2621, codebook_utilization 0.7983, codebook_perplexity 6193.4581,
Train Epoch: [1/4] Iters:[3570/20018] vq_loss 0.3617, rec_loss 0.0295, wasserstein_loss 0.0568, quant_error 0.2614, codebook_utilization 0.7973, codebook_perplexity 6156.9035,
Train Epoch: [1/4] Iters:[3580/20018] vq_loss 0.3616, rec_loss 0.0299, wasserstein_loss 0.0538, quant_error 0.2615, codebook_utilization 0.7985, codebook_perplexity 6182.1365,
Train Epoch: [1/4] Iters:[3590/20018] vq_loss 0.3642, rec_loss 0.0303, wasserstein_loss 0.0508, quant_error 0.2638, codebook_utilization 0.8006, codebook_perplexity 6276.6872,
Train Epoch: [1/4] Iters:[3600/20018] vq_loss 0.3622, rec_loss 0.0300, wasserstein_loss 0.0548, quant_error 0.2619, codebook_utilization 0.7986, codebook_perplexity 6216.1721,
Train Epoch: [1/4] Iters:[3610/20018] vq_loss 0.3634, rec_loss 0.0302, wasserstein_loss 0.0538, quant_error 0.2629, codebook_utilization 0.7991, codebook_perplexity 6216.2512,
Train Epoch: [1/4] Iters:[3620/20018] vq_loss 0.3625, rec_loss 0.0297, wasserstein_loss 0.0592, quant_error 0.2618, codebook_utilization 0.7990, codebook_perplexity 6200.1001,
Train Epoch: [1/4] Iters:[3630/20018] vq_loss 0.3616, rec_loss 0.0293, wasserstein_loss 0.0597, quant_error 0.2611, codebook_utilization 0.7987, codebook_perplexity 6156.1101,
Train Epoch: [1/4] Iters:[3640/20018] vq_loss 0.3610, rec_loss 0.0291, wasserstein_loss 0.0600, quant_error 0.2606, codebook_utilization 0.7988, codebook_perplexity 6133.2326,
Train Epoch: [1/4] Iters:[3650/20018] vq_loss 0.3607, rec_loss 0.0293, wasserstein_loss 0.0589, quant_error 0.2605, codebook_utilization 0.7988, codebook_perplexity 6114.7958,
Train Epoch: [1/4] Iters:[3660/20018] vq_loss 0.3596, rec_loss 0.0294, wasserstein_loss 0.0640, quant_error 0.2593, codebook_utilization 0.7978, codebook_perplexity 6082.5391,
Train Epoch: [1/4] Iters:[3670/20018] vq_loss 0.3610, rec_loss 0.0297, wasserstein_loss 0.0573, quant_error 0.2609, codebook_utilization 0.7993, codebook_perplexity 6145.1700,
Train Epoch: [1/4] Iters:[3680/20018] vq_loss 0.3626, rec_loss 0.0299, wasserstein_loss 0.0590, quant_error 0.2619, codebook_utilization 0.7988, codebook_perplexity 6159.4335,
Train Epoch: [1/4] Iters:[3690/20018] vq_loss 0.3637, rec_loss 0.0299, wasserstein_loss 0.0607, quant_error 0.2626, codebook_utilization 0.7977, codebook_perplexity 6148.1634,
Train Epoch: [1/4] Iters:[3700/20018] vq_loss 0.3650, rec_loss 0.0298, wasserstein_loss 0.0607, quant_error 0.2636, codebook_utilization 0.7983, codebook_perplexity 6175.8077,
Train Epoch: [1/4] Iters:[3710/20018] vq_loss 0.3640, rec_loss 0.0294, wasserstein_loss 0.0570, quant_error 0.2631, codebook_utilization 0.7988, codebook_perplexity 6197.2827,
Train Epoch: [1/4] Iters:[3720/20018] vq_loss 0.3647, rec_loss 0.0295, wasserstein_loss 0.0581, quant_error 0.2636, codebook_utilization 0.7994, codebook_perplexity 6215.1937,
Train Epoch: [1/4] Iters:[3730/20018] vq_loss 0.3615, rec_loss 0.0290, wasserstein_loss 0.0604, quant_error 0.2609, codebook_utilization 0.7984, codebook_perplexity 6164.7960,
