dataset_dir: /projects/yuanai/data/
dataset_name: ImageNet
global_batch_size: 64
workers: 8
resolution: 256
channels: 3
ms_patch_size: 1_2_3_4_5_6_8_10_13_16
fold_patch_size: 1_1_2_3_3_4_5_6_8_11
max_patch_size: 16
codebook_size: 16384
codebook_dim: 32
z_channels: 256
factor: 16
L: 4
beta: 0.1
gamma_1: 0.5
gamma_2: 0.1
lambd: 0.2
VQ: wasserstein_vq
resume: False
use_trick: False
use_multiscale: True
fold_token: False
add_projection: False
epochs: 4
eval_epochs: 1
lr: 0.001
dropout: 0.0
seed: 3407
stage: substitution
pretrained_tokenizer: /projects/yuanai/projects/VQ-Transplant/VAR/pretrained_tokenizer/vae_ch160v4096z32.pth
checkpoint_dir: /projects/yuanai/projects/VQ-Transplant/VAR/checkpoint/Substitution/ImageNet
results_dir: /projects/yuanai/projects/VQ-Transplant/VAR/results/Substitution/ImageNet
saver_dir: /projects/yuanai/projects/VQ-Transplant/VAR/saver/Substitution/ImageNet
reconstruction_dir: /projects/yuanai/projects/VQ-Transplant/VAR/reconstruction/Substitution/ImageNet
nnodes: -1
node_rank: -1
local_rank: 0
dist_url: tcp://224.66.41.62:23456
dist_backend: nccl
world_size: 1
batch_size: 64
ms_token_size: (1, 2, 3, 4, 5, 6, 8, 10, 13, 16)
fold_token_size: (1, 1, 2, 3, 3, 4, 5, 6, 8, 11)
data_pre: ImageNet_256
model_pre: model_16384_32_16
loss_pre: loss_0.1_0.5_0.1
training_pre: wasserstein_vq_substitution_4_False_True_False_False
saver_name_pre: wasserstein_vq_substitution_4_False_True_False_False_ImageNet_256_model_16384_32_16_loss_0.1_0.5_0.1
dataset name: ImageNet
len train_set: 1281167
len val_set: 50000
Start training...
epoch:1, cur_lr:0.001000
Train Epoch: [1/4] Iters:[10/20018] vq_loss 40.9936, rec_loss 0.1769, wasserstein_loss 80.5493, quant_error 0.5099, codebook_utilization 0.7680, codebook_perplexity 9585.7062,
Train Epoch: [1/4] Iters:[20/20018] vq_loss 24.9450, rec_loss 0.1334, wasserstein_loss 48.5881, quant_error 0.4726, codebook_utilization 0.8344, codebook_perplexity 11045.6035,
Train Epoch: [1/4] Iters:[30/20018] vq_loss 18.1653, rec_loss 0.1086, wasserstein_loss 35.1296, quant_error 0.4406, codebook_utilization 0.8554, codebook_perplexity 11432.5774,
Train Epoch: [1/4] Iters:[40/20018] vq_loss 14.3384, rec_loss 0.0930, wasserstein_loss 27.5472, quant_error 0.4158, codebook_utilization 0.8616, codebook_perplexity 11032.5001,
Train Epoch: [1/4] Iters:[50/20018] vq_loss 11.8981, rec_loss 0.0836, wasserstein_loss 22.7008, quant_error 0.4032, codebook_utilization 0.8575, codebook_perplexity 9602.0900,
Train Epoch: [1/4] Iters:[60/20018] vq_loss 4.0118, rec_loss 0.0572, wasserstein_loss 7.0285, quant_error 0.3687, codebook_utilization 0.8617, codebook_perplexity 7928.7671,
Train Epoch: [1/4] Iters:[70/20018] vq_loss 2.4569, rec_loss 0.0485, wasserstein_loss 3.9643, quant_error 0.3479, codebook_utilization 0.8293, codebook_perplexity 5563.5043,
Train Epoch: [1/4] Iters:[80/20018] vq_loss 1.7042, rec_loss 0.0469, wasserstein_loss 2.4653, quant_error 0.3401, codebook_utilization 0.7880, codebook_perplexity 3202.3382,
Train Epoch: [1/4] Iters:[90/20018] vq_loss 1.2590, rec_loss 0.0485, wasserstein_loss 1.5623, quant_error 0.3396, codebook_utilization 0.7413, codebook_perplexity 1290.1052,
Train Epoch: [1/4] Iters:[100/20018] vq_loss 0.9529, rec_loss 0.0503, wasserstein_loss 0.9432, quant_error 0.3375, codebook_utilization 0.6969, codebook_perplexity 561.7847,
