dataset_dir: /projects/yuanai/data/
dataset_name: ImageNet
global_batch_size: 64
workers: 8
resolution: 256
channels: 3
ms_patch_size: 1_2_3_4_5_6_8_10_13_16
fold_patch_size: 1_1_2_3_3_4_5_6_8_11
max_patch_size: 16
codebook_size: 16384
codebook_dim: 8
z_channels: 256
factor: 16
L: 4
beta: 0.1
gamma_1: 0.5
gamma_2: 0.1
lambd: 0.2
VQ: wasserstein_vq
resume: False
use_trick: True
use_multiscale: True
fold_token: False
add_projection: True
epochs: 4
eval_epochs: 1
lr: 0.001
dropout: 0.0
seed: 3407
stage: substitution
pretrained_tokenizer: /projects/yuanai/projects/VQ-Transplant/VAR/pretrained_tokenizer/vae_ch160v4096z32.pth
checkpoint_dir: /projects/yuanai/projects/VQ-Transplant/VAR/checkpoint/Substitution/ImageNet
results_dir: /projects/yuanai/projects/VQ-Transplant/VAR/results/Substitution/ImageNet
saver_dir: /projects/yuanai/projects/VQ-Transplant/VAR/saver/Substitution/ImageNet
reconstruction_dir: /projects/yuanai/projects/VQ-Transplant/VAR/reconstruction/Substitution/ImageNet
nnodes: -1
node_rank: -1
local_rank: 0
dist_url: tcp://224.66.41.62:23456
dist_backend: nccl
world_size: 1
batch_size: 64
ms_token_size: (1, 2, 3, 4, 5, 6, 8, 10, 13, 16)
fold_token_size: (1, 1, 2, 3, 3, 4, 5, 6, 8, 11)
data_pre: ImageNet_256
model_pre: model_16384_8_16
loss_pre: loss_0.1_0.5_0.1
training_pre: wasserstein_vq_substitution_4_True_True_False_True
saver_name_pre: wasserstein_vq_substitution_4_True_True_False_True_ImageNet_256_model_16384_8_16_loss_0.1_0.5_0.1
dataset name: ImageNet
len train_set: 1281167
len val_set: 50000
Start training...
epoch:1, cur_lr:0.001000
Train Epoch: [1/4] Iters:[10/20018] vq_loss 2.0322, rec_loss 0.2296, wasserstein_loss 2.9041, quant_error 0.5710, codebook_utilization 0.4419, codebook_perplexity 3720.9790,
Train Epoch: [1/4] Iters:[20/20018] vq_loss 1.3369, rec_loss 0.1880, wasserstein_loss 1.5251, quant_error 0.5614, codebook_utilization 0.4604, codebook_perplexity 2833.8396,
Train Epoch: [1/4] Iters:[30/20018] vq_loss 1.1520, rec_loss 0.1653, wasserstein_loss 1.1722, quant_error 0.5443, codebook_utilization 0.4590, codebook_perplexity 2239.3066,
Train Epoch: [1/4] Iters:[40/20018] vq_loss 1.1498, rec_loss 0.1494, wasserstein_loss 1.1613, quant_error 0.5263, codebook_utilization 0.4604, codebook_perplexity 2027.2565,
Train Epoch: [1/4] Iters:[50/20018] vq_loss 1.2228, rec_loss 0.1389, wasserstein_loss 1.2508, quant_error 0.5185, codebook_utilization 0.4605, codebook_perplexity 1916.4180,
Train Epoch: [1/4] Iters:[60/20018] vq_loss 1.1015, rec_loss 0.1120, wasserstein_loss 0.9507, quant_error 0.4965, codebook_utilization 0.4618, codebook_perplexity 1426.2450,
Train Epoch: [1/4] Iters:[70/20018] vq_loss 1.2028, rec_loss 0.1019, wasserstein_loss 1.0999, quant_error 0.4764, codebook_utilization 0.4578, codebook_perplexity 1272.2411,
Train Epoch: [1/4] Iters:[80/20018] vq_loss 1.2325, rec_loss 0.0965, wasserstein_loss 1.1044, quant_error 0.4642, codebook_utilization 0.4609, codebook_perplexity 1296.0602,
Train Epoch: [1/4] Iters:[90/20018] vq_loss 1.1553, rec_loss 0.0940, wasserstein_loss 0.9121, quant_error 0.4583, codebook_utilization 0.4620, codebook_perplexity 1241.1231,
Train Epoch: [1/4] Iters:[100/20018] vq_loss 0.9927, rec_loss 0.0924, wasserstein_loss 0.6074, quant_error 0.4493, codebook_utilization 0.4622, codebook_perplexity 1161.2437,
Train Epoch: [1/4] Iters:[110/20018] vq_loss 0.8477, rec_loss 0.0900, wasserstein_loss 0.3448, quant_error 0.4461, codebook_utilization 0.4644, codebook_perplexity 1142.9846,
Train Epoch: [1/4] Iters:[120/20018] vq_loss 0.7500, rec_loss 0.0872, wasserstein_loss 0.1867, quant_error 0.4400, codebook_utilization 0.4650, codebook_perplexity 1163.3911,
Train Epoch: [1/4] Iters:[130/20018] vq_loss 0.7116, rec_loss 0.0856, wasserstein_loss 0.1225, quant_error 0.4395, codebook_utilization 0.4650, codebook_perplexity 1236.0113,
Train Epoch: [1/4] Iters:[140/20018] vq_loss 0.6875, rec_loss 0.0828, wasserstein_loss 0.1195, quant_error 0.4304, codebook_utilization 0.4641, codebook_perplexity 1293.2135,
Train Epoch: [1/4] Iters:[150/20018] vq_loss 0.6844, rec_loss 0.0811, wasserstein_loss 0.1321, quant_error 0.4273, codebook_utilization 0.4693, codebook_perplexity 1426.0941,
Train Epoch: [1/4] Iters:[160/20018] vq_loss 0.6716, rec_loss 0.0803, wasserstein_loss 0.1329, quant_error 0.4219, codebook_utilization 0.4756, codebook_perplexity 1547.8791,
Train Epoch: [1/4] Iters:[170/20018] vq_loss 0.6656, rec_loss 0.0796, wasserstein_loss 0.1338, quant_error 0.4204, codebook_utilization 0.4826, codebook_perplexity 1662.7976,
Train Epoch: [1/4] Iters:[180/20018] vq_loss 0.6419, rec_loss 0.0787, wasserstein_loss 0.1158, quant_error 0.4143, codebook_utilization 0.4915, codebook_perplexity 1771.8852,
Train Epoch: [1/4] Iters:[190/20018] vq_loss 0.6394, rec_loss 0.0790, wasserstein_loss 0.1075, quant_error 0.4170, codebook_utilization 0.5024, codebook_perplexity 1910.5669,
Train Epoch: [1/4] Iters:[200/20018] vq_loss 0.6314, rec_loss 0.0790, wasserstein_loss 0.1011, quant_error 0.4161, codebook_utilization 0.5122, codebook_perplexity 2021.0407,
Train Epoch: [1/4] Iters:[210/20018] vq_loss 0.6248, rec_loss 0.0787, wasserstein_loss 0.0985, quant_error 0.4137, codebook_utilization 0.5235, codebook_perplexity 2132.4735,
Train Epoch: [1/4] Iters:[220/20018] vq_loss 0.6245, rec_loss 0.0787, wasserstein_loss 0.0988, quant_error 0.4146, codebook_utilization 0.5344, codebook_perplexity 2250.3528,
Train Epoch: [1/4] Iters:[230/20018] vq_loss 0.6256, rec_loss 0.0783, wasserstein_loss 0.1002, quant_error 0.4166, codebook_utilization 0.5426, codebook_perplexity 2335.3048,
Train Epoch: [1/4] Iters:[240/20018] vq_loss 0.6207, rec_loss 0.0781, wasserstein_loss 0.0950, quant_error 0.4164, codebook_utilization 0.5529, codebook_perplexity 2439.4718,
Train Epoch: [1/4] Iters:[250/20018] vq_loss 0.6142, rec_loss 0.0776, wasserstein_loss 0.0934, quant_error 0.4136, codebook_utilization 0.5635, codebook_perplexity 2552.3708,
Train Epoch: [1/4] Iters:[260/20018] vq_loss 0.6097, rec_loss 0.0770, wasserstein_loss 0.0946, quant_error 0.4112, codebook_utilization 0.5726, codebook_perplexity 2649.2536,
Train Epoch: [1/4] Iters:[270/20018] vq_loss 0.6022, rec_loss 0.0763, wasserstein_loss 0.0948, quant_error 0.4064, codebook_utilization 0.5822, codebook_perplexity 2739.0365,
Train Epoch: [1/4] Iters:[280/20018] vq_loss 0.5953, rec_loss 0.0755, wasserstein_loss 0.0970, quant_error 0.4015, codebook_utilization 0.5938, codebook_perplexity 2867.9168,
Train Epoch: [1/4] Iters:[290/20018] vq_loss 0.5987, rec_loss 0.0754, wasserstein_loss 0.1004, quant_error 0.4024, codebook_utilization 0.6027, codebook_perplexity 2976.0681,
Train Epoch: [1/4] Iters:[300/20018] vq_loss 0.5960, rec_loss 0.0749, wasserstein_loss 0.0968, quant_error 0.4022, codebook_utilization 0.6084, codebook_perplexity 3031.8402,
Train Epoch: [1/4] Iters:[310/20018] vq_loss 0.5989, rec_loss 0.0745, wasserstein_loss 0.0948, quant_error 0.4056, codebook_utilization 0.6164, codebook_perplexity 3134.9100,
Train Epoch: [1/4] Iters:[320/20018] vq_loss 0.5994, rec_loss 0.0747, wasserstein_loss 0.0890, quant_error 0.4085, codebook_utilization 0.6233, codebook_perplexity 3226.0732,
Train Epoch: [1/4] Iters:[330/20018] vq_loss 0.6039, rec_loss 0.0752, wasserstein_loss 0.0887, quant_error 0.4121, codebook_utilization 0.6299, codebook_perplexity 3313.6628,
Train Epoch: [1/4] Iters:[340/20018] vq_loss 0.5989, rec_loss 0.0744, wasserstein_loss 0.0900, quant_error 0.4085, codebook_utilization 0.6366, codebook_perplexity 3365.1600,
Train Epoch: [1/4] Iters:[350/20018] vq_loss 0.5983, rec_loss 0.0741, wasserstein_loss 0.0931, quant_error 0.4073, codebook_utilization 0.6468, codebook_perplexity 3494.8901,
Train Epoch: [1/4] Iters:[360/20018] vq_loss 0.5967, rec_loss 0.0745, wasserstein_loss 0.0960, quant_error 0.4054, codebook_utilization 0.6544, codebook_perplexity 3586.2659,
Train Epoch: [1/4] Iters:[370/20018] vq_loss 0.5967, rec_loss 0.0735, wasserstein_loss 0.0974, quant_error 0.4052, codebook_utilization 0.6627, codebook_perplexity 3687.3535,
Train Epoch: [1/4] Iters:[380/20018] vq_loss 0.5976, rec_loss 0.0742, wasserstein_loss 0.0954, quant_error 0.4064, codebook_utilization 0.6700, codebook_perplexity 3779.1980,
Train Epoch: [1/4] Iters:[390/20018] vq_loss 0.6013, rec_loss 0.0744, wasserstein_loss 0.0987, quant_error 0.4081, codebook_utilization 0.6752, codebook_perplexity 3835.1725,
Train Epoch: [1/4] Iters:[400/20018] vq_loss 0.5994, rec_loss 0.0752, wasserstein_loss 0.0936, quant_error 0.4087, codebook_utilization 0.6795, codebook_perplexity 3873.0633,
Train Epoch: [1/4] Iters:[410/20018] vq_loss 0.6035, rec_loss 0.0749, wasserstein_loss 0.0952, quant_error 0.4108, codebook_utilization 0.6864, codebook_perplexity 3968.7497,
Train Epoch: [1/4] Iters:[420/20018] vq_loss 0.6024, rec_loss 0.0748, wasserstein_loss 0.1029, quant_error 0.4076, codebook_utilization 0.6904, codebook_perplexity 3997.0368,
Train Epoch: [1/4] Iters:[430/20018] vq_loss 0.6015, rec_loss 0.0739, wasserstein_loss 0.1094, quant_error 0.4044, codebook_utilization 0.6962, codebook_perplexity 4054.4938,
Train Epoch: [1/4] Iters:[440/20018] vq_loss 0.5965, rec_loss 0.0742, wasserstein_loss 0.0992, quant_error 0.4041, codebook_utilization 0.7043, codebook_perplexity 4202.8850,
Train Epoch: [1/4] Iters:[450/20018] vq_loss 0.5958, rec_loss 0.0735, wasserstein_loss 0.0955, quant_error 0.4047, codebook_utilization 0.7095, codebook_perplexity 4288.0795,
Train Epoch: [1/4] Iters:[460/20018] vq_loss 0.5902, rec_loss 0.0736, wasserstein_loss 0.0946, quant_error 0.4019, codebook_utilization 0.7140, codebook_perplexity 4354.7594,
Train Epoch: [1/4] Iters:[470/20018] vq_loss 0.5918, rec_loss 0.0733, wasserstein_loss 0.0907, quant_error 0.4039, codebook_utilization 0.7233, codebook_perplexity 4553.2710,
Train Epoch: [1/4] Iters:[480/20018] vq_loss 0.5938, rec_loss 0.0735, wasserstein_loss 0.0914, quant_error 0.4057, codebook_utilization 0.7280, codebook_perplexity 4651.5843,
Train Epoch: [1/4] Iters:[490/20018] vq_loss 0.5974, rec_loss 0.0728, wasserstein_loss 0.1058, quant_error 0.4038, codebook_utilization 0.7322, codebook_perplexity 4676.3257,
Train Epoch: [1/4] Iters:[500/20018] vq_loss 0.5990, rec_loss 0.0729, wasserstein_loss 0.1115, quant_error 0.4028, codebook_utilization 0.7385, codebook_perplexity 4772.2314,
Train Epoch: [1/4] Iters:[510/20018] vq_loss 0.6019, rec_loss 0.0729, wasserstein_loss 0.1121, quant_error 0.4046, codebook_utilization 0.7436, codebook_perplexity 4847.6401,
Train Epoch: [1/4] Iters:[520/20018] vq_loss 0.5991, rec_loss 0.0731, wasserstein_loss 0.1075, quant_error 0.4035, codebook_utilization 0.7470, codebook_perplexity 4851.8725,
Train Epoch: [1/4] Iters:[530/20018] vq_loss 0.5925, rec_loss 0.0725, wasserstein_loss 0.1024, quant_error 0.4006, codebook_utilization 0.7535, codebook_perplexity 4957.2366,
Train Epoch: [1/4] Iters:[540/20018] vq_loss 0.5878, rec_loss 0.0727, wasserstein_loss 0.0935, quant_error 0.4005, codebook_utilization 0.7592, codebook_perplexity 5074.3086,
Train Epoch: [1/4] Iters:[550/20018] vq_loss 0.5880, rec_loss 0.0731, wasserstein_loss 0.0927, quant_error 0.4012, codebook_utilization 0.7648, codebook_perplexity 5189.0722,
Train Epoch: [1/4] Iters:[560/20018] vq_loss 0.5846, rec_loss 0.0725, wasserstein_loss 0.0903, quant_error 0.3993, codebook_utilization 0.7704, codebook_perplexity 5285.8810,
Train Epoch: [1/4] Iters:[570/20018] vq_loss 0.5856, rec_loss 0.0723, wasserstein_loss 0.0906, quant_error 0.4005, codebook_utilization 0.7735, codebook_perplexity 5345.0382,
Train Epoch: [1/4] Iters:[580/20018] vq_loss 0.5864, rec_loss 0.0724, wasserstein_loss 0.0884, quant_error 0.4020, codebook_utilization 0.7755, codebook_perplexity 5348.5637,
Train Epoch: [1/4] Iters:[590/20018] vq_loss 0.5884, rec_loss 0.0726, wasserstein_loss 0.0866, quant_error 0.4034, codebook_utilization 0.7801, codebook_perplexity 5432.8012,
Train Epoch: [1/4] Iters:[600/20018] vq_loss 0.5884, rec_loss 0.0717, wasserstein_loss 0.0896, quant_error 0.4024, codebook_utilization 0.7838, codebook_perplexity 5502.8268,
Train Epoch: [1/4] Iters:[610/20018] vq_loss 0.5886, rec_loss 0.0719, wasserstein_loss 0.0902, quant_error 0.4025, codebook_utilization 0.7862, codebook_perplexity 5542.2012,
Train Epoch: [1/4] Iters:[620/20018] vq_loss 0.5911, rec_loss 0.0725, wasserstein_loss 0.0905, quant_error 0.4041, codebook_utilization 0.7916, codebook_perplexity 5683.1965,
Train Epoch: [1/4] Iters:[630/20018] vq_loss 0.5884, rec_loss 0.0717, wasserstein_loss 0.1005, quant_error 0.3989, codebook_utilization 0.7941, codebook_perplexity 5714.4516,
Train Epoch: [1/4] Iters:[640/20018] vq_loss 0.5851, rec_loss 0.0712, wasserstein_loss 0.0965, quant_error 0.3980, codebook_utilization 0.7984, codebook_perplexity 5821.1674,
Train Epoch: [1/4] Iters:[650/20018] vq_loss 0.5879, rec_loss 0.0710, wasserstein_loss 0.0993, quant_error 0.3984, codebook_utilization 0.8014, codebook_perplexity 5895.2320,
Train Epoch: [1/4] Iters:[660/20018] vq_loss 0.5869, rec_loss 0.0704, wasserstein_loss 0.0978, quant_error 0.3976, codebook_utilization 0.8038, codebook_perplexity 5928.1910,
Train Epoch: [1/4] Iters:[670/20018] vq_loss 0.5862, rec_loss 0.0699, wasserstein_loss 0.0987, quant_error 0.3969, codebook_utilization 0.8066, codebook_perplexity 5987.2426,
Train Epoch: [1/4] Iters:[680/20018] vq_loss 0.5877, rec_loss 0.0703, wasserstein_loss 0.0890, quant_error 0.4006, codebook_utilization 0.8113, codebook_perplexity 6130.9282,
Train Epoch: [1/4] Iters:[690/20018] vq_loss 0.5880, rec_loss 0.0696, wasserstein_loss 0.0923, quant_error 0.3995, codebook_utilization 0.8131, codebook_perplexity 6157.3130,
Train Epoch: [1/4] Iters:[700/20018] vq_loss 0.5818, rec_loss 0.0698, wasserstein_loss 0.0844, quant_error 0.3983, codebook_utilization 0.8152, codebook_perplexity 6197.4341,
Train Epoch: [1/4] Iters:[710/20018] vq_loss 0.5808, rec_loss 0.0701, wasserstein_loss 0.0828, quant_error 0.3983, codebook_utilization 0.8180, codebook_perplexity 6275.6452,
Train Epoch: [1/4] Iters:[720/20018] vq_loss 0.5815, rec_loss 0.0702, wasserstein_loss 0.0828, quant_error 0.3986, codebook_utilization 0.8197, codebook_perplexity 6329.4218,
Train Epoch: [1/4] Iters:[730/20018] vq_loss 0.5793, rec_loss 0.0701, wasserstein_loss 0.0832, quant_error 0.3971, codebook_utilization 0.8207, codebook_perplexity 6347.8174,
Train Epoch: [1/4] Iters:[740/20018] vq_loss 0.5832, rec_loss 0.0708, wasserstein_loss 0.0842, quant_error 0.3996, codebook_utilization 0.8219, codebook_perplexity 6383.0735,
Train Epoch: [1/4] Iters:[750/20018] vq_loss 0.5822, rec_loss 0.0703, wasserstein_loss 0.0844, quant_error 0.3989, codebook_utilization 0.8233, codebook_perplexity 6406.9596,
Train Epoch: [1/4] Iters:[760/20018] vq_loss 0.5782, rec_loss 0.0694, wasserstein_loss 0.0811, quant_error 0.3971, codebook_utilization 0.8264, codebook_perplexity 6540.8244,
Train Epoch: [1/4] Iters:[770/20018] vq_loss 0.5715, rec_loss 0.0695, wasserstein_loss 0.0788, quant_error 0.3932, codebook_utilization 0.8279, codebook_perplexity 6580.1430,
Train Epoch: [1/4] Iters:[780/20018] vq_loss 0.5724, rec_loss 0.0694, wasserstein_loss 0.0782, quant_error 0.3941, codebook_utilization 0.8303, codebook_perplexity 6661.5985,
Train Epoch: [1/4] Iters:[790/20018] vq_loss 0.5775, rec_loss 0.0696, wasserstein_loss 0.0781, quant_error 0.3972, codebook_utilization 0.8321, codebook_perplexity 6772.1360,
Train Epoch: [1/4] Iters:[800/20018] vq_loss 0.5839, rec_loss 0.0699, wasserstein_loss 0.0830, quant_error 0.3997, codebook_utilization 0.8311, codebook_perplexity 6754.8447,
Train Epoch: [1/4] Iters:[810/20018] vq_loss 0.5945, rec_loss 0.0705, wasserstein_loss 0.0940, quant_error 0.4032, codebook_utilization 0.8302, codebook_perplexity 6715.3820,
Train Epoch: [1/4] Iters:[820/20018] vq_loss 0.5975, rec_loss 0.0706, wasserstein_loss 0.0982, quant_error 0.4041, codebook_utilization 0.8298, codebook_perplexity 6705.8068,
Train Epoch: [1/4] Iters:[830/20018] vq_loss 0.5978, rec_loss 0.0707, wasserstein_loss 0.0978, quant_error 0.4039, codebook_utilization 0.8310, codebook_perplexity 6759.5199,
Train Epoch: [1/4] Iters:[840/20018] vq_loss 0.5922, rec_loss 0.0706, wasserstein_loss 0.0969, quant_error 0.4007, codebook_utilization 0.8324, codebook_perplexity 6802.0362,
Train Epoch: [1/4] Iters:[850/20018] vq_loss 0.5874, rec_loss 0.0704, wasserstein_loss 0.0965, quant_error 0.3978, codebook_utilization 0.8342, codebook_perplexity 6851.6389,
Train Epoch: [1/4] Iters:[860/20018] vq_loss 0.5848, rec_loss 0.0706, wasserstein_loss 0.0965, quant_error 0.3956, codebook_utilization 0.8370, codebook_perplexity 6971.5727,
Train Epoch: [1/4] Iters:[870/20018] vq_loss 0.5852, rec_loss 0.0705, wasserstein_loss 0.0948, quant_error 0.3962, codebook_utilization 0.8400, codebook_perplexity 7080.1632,
Train Epoch: [1/4] Iters:[880/20018] vq_loss 0.5850, rec_loss 0.0707, wasserstein_loss 0.0969, quant_error 0.3955, codebook_utilization 0.8398, codebook_perplexity 7091.3355,
Train Epoch: [1/4] Iters:[890/20018] vq_loss 0.5793, rec_loss 0.0698, wasserstein_loss 0.0947, quant_error 0.3925, codebook_utilization 0.8402, codebook_perplexity 7090.1206,
Train Epoch: [1/4] Iters:[900/20018] vq_loss 0.5828, rec_loss 0.0700, wasserstein_loss 0.0933, quant_error 0.3948, codebook_utilization 0.8439, codebook_perplexity 7284.5802,
Train Epoch: [1/4] Iters:[910/20018] vq_loss 0.5821, rec_loss 0.0704, wasserstein_loss 0.0891, quant_error 0.3962, codebook_utilization 0.8437, codebook_perplexity 7287.1899,
