| distributed init (rank 1): env://
dataset_dir: /projects/yuanai/data/
dataset_name: ImageNet
global_batch_size: 64
workers: 6
resolution: 256
channels: 3
ms_patch_size: 1_2_3_4_5_6_8_10_13_16
importance: (1, 1, 1, 2, 2, 2, 3, 3, 5, 5)
max_patch_size: 16
codebook_size: 16384
codebook_dim: 16
project_dim: 16
pq: 1
L: 4
alpha: 1.0
beta: 1.0
gamma: 0.0
disc_weight: 0.4
lecam_loss_weight: 0.001
disc_cr_loss_weight: 4.0
VQ: ema_vq
use_multiscale: False
transplant_epochs: 2
refinement_epochs: 5
eval_epochs: 1
disc_epoch: 3
lr_transplant: 0.0001
lr_refinement: 1e-05
dropout: 0.0
seed: 3407
weight_decay: 0.0001
stage: transplant
checkpoint_dir: /projects/yuanai/projects/VQ-Transplant2/checkpoint/Transplant/ImageNet
results_dir: /projects/yuanai/projects/VQ-Transplant2/results/Transplant/ImageNet
saver_dir: /projects/yuanai/projects/VQ-Transplant2/saver/Transplant/ImageNet
reconstruction_dir: /projects/yuanai/projects/VQ-Transplant2/reconstruction/Transplant/ImageNet
yaml_dir: /projects/yuanai/projects/VQ-Transplant2/yaml/Transplant/ImageNet
pretrained_tokenizer: /projects/yuanai/projects/VQ-Transplant2/pretrained_tokenizer/model.ckpt
checkpoint_name: 
nnodes: -1
node_rank: -1
local_rank: 0
dist_url: tcp://224.66.41.62:23456
dist_backend: nccl
world_size: 2
batch_size: 32
ms_token_size: (1, 2, 3, 4, 5, 6, 8, 10, 13, 16)
init_checkpoint_dir: /projects/yuanai/projects/VQ-Transplant2/checkpoint/
data_pre: ImageNet
model_pre: model_16384_16_1
loss_pre: loss_1.0_1.0_0.0_0.4
training_pre: ema_vq_transplant_False
saver_name_pre: ema_vq_transplant_False_ImageNet_model_16384_16_1_loss_1.0_1.0_0.0_0.4
| distributed init (rank 0): env://
making attention of type 'vanilla' with 512 in_channels
making attention of type 'vanilla' with 512 in_channels
making attention of type 'vanilla' with 512 in_channels
Working with z of shape (1, 16, 16, 16) = 4096 dimensions.
making attention of type 'vanilla' with 512 in_channels
making attention of type 'vanilla' with 512 in_channels
making attention of type 'vanilla' with 512 in_channels
making attention of type 'vanilla' with 512 in_channels
loaded pretrained LPIPS loss from /projects/yuanai/projects/VQ-Transplant2/code/models/cache/vgg.pth
VQ Model Parameters: 69609635
dataset name: ImageNet
len train_set: 1281167
len val_set: 50000
Start training...
epoch:1, cur_lr:0.000100
Train Epoch: [1/2] Iters:[10/20018] transplant_loss 4.9146, rec_loss 0.1478, p_loss 0.5324, quant_error 2.1582, utilization 0.2408, perplexity 1992.5068,
Train Epoch: [1/2] Iters:[20/20018] transplant_loss 3.7769, rec_loss 0.1005, p_loss 0.4839, quant_error 1.5700, utilization 0.3261, perplexity 3138.2082,
Train Epoch: [1/2] Iters:[30/20018] transplant_loss 3.3123, rec_loss 0.0826, p_loss 0.4608, quant_error 1.3315, utilization 0.3622, perplexity 3746.7155,
Train Epoch: [1/2] Iters:[40/20018] transplant_loss 3.0642, rec_loss 0.0744, p_loss 0.4485, quant_error 1.2013, utilization 0.3824, perplexity 4096.4944,
Train Epoch: [1/2] Iters:[50/20018] transplant_loss 2.9081, rec_loss 0.0692, p_loss 0.4406, quant_error 1.1188, utilization 0.3965, perplexity 4380.5056,
Train Epoch: [1/2] Iters:[60/20018] transplant_loss 2.3751, rec_loss 0.0486, p_loss 0.4135, quant_error 0.8418, utilization 0.4398, perplexity 5084.8946,
Train Epoch: [1/2] Iters:[70/20018] transplant_loss 2.2912, rec_loss 0.0465, p_loss 0.4052, quant_error 0.7961, utilization 0.4494, perplexity 5348.8780,
Train Epoch: [1/2] Iters:[80/20018] transplant_loss 2.2629, rec_loss 0.0463, p_loss 0.4008, quant_error 0.7743, utilization 0.4546, perplexity 5473.5041,
Train Epoch: [1/2] Iters:[90/20018] transplant_loss 2.2529, rec_loss 0.0455, p_loss 0.3970, quant_error 0.7612, utilization 0.4590, perplexity 5588.4594,
Train Epoch: [1/2] Iters:[100/20018] transplant_loss 2.2482, rec_loss 0.0444, p_loss 0.3941, quant_error 0.7510, utilization 0.4619, perplexity 5642.5254,
Train Epoch: [1/2] Iters:[110/20018] transplant_loss 2.2580, rec_loss 0.0448, p_loss 0.3935, quant_error 0.7447, utilization 0.4638, perplexity 5698.9354,
Train Epoch: [1/2] Iters:[120/20018] transplant_loss 2.2654, rec_loss 0.0449, p_loss 0.3909, quant_error 0.7394, utilization 0.4645, perplexity 5712.5457,
Train Epoch: [1/2] Iters:[130/20018] transplant_loss 2.2732, rec_loss 0.0450, p_loss 0.3900, quant_error 0.7354, utilization 0.4657, perplexity 5744.8070,
Train Epoch: [1/2] Iters:[140/20018] transplant_loss 2.2624, rec_loss 0.0438, p_loss 0.3879, quant_error 0.7282, utilization 0.4648, perplexity 5735.9832,
Train Epoch: [1/2] Iters:[150/20018] transplant_loss 2.2661, rec_loss 0.0440, p_loss 0.3866, quant_error 0.7243, utilization 0.4650, perplexity 5751.4595,
Train Epoch: [1/2] Iters:[160/20018] transplant_loss 2.2568, rec_loss 0.0434, p_loss 0.3847, quant_error 0.7189, utilization 0.4644, perplexity 5742.6499,
Train Epoch: [1/2] Iters:[170/20018] transplant_loss 2.2548, rec_loss 0.0433, p_loss 0.3855, quant_error 0.7161, utilization 0.4647, perplexity 5762.4103,
Train Epoch: [1/2] Iters:[180/20018] transplant_loss 2.2548, rec_loss 0.0429, p_loss 0.3835, quant_error 0.7159, utilization 0.4649, perplexity 5783.3839,
Train Epoch: [1/2] Iters:[190/20018] transplant_loss 2.2624, rec_loss 0.0431, p_loss 0.3834, quant_error 0.7166, utilization 0.4662, perplexity 5819.5739,
Train Epoch: [1/2] Iters:[200/20018] transplant_loss 2.2574, rec_loss 0.0430, p_loss 0.3824, quant_error 0.7142, utilization 0.4664, perplexity 5838.4882,
Train Epoch: [1/2] Iters:[210/20018] transplant_loss 2.2519, rec_loss 0.0425, p_loss 0.3795, quant_error 0.7122, utilization 0.4668, perplexity 5838.3852,
Train Epoch: [1/2] Iters:[220/20018] transplant_loss 2.2554, rec_loss 0.0423, p_loss 0.3790, quant_error 0.7116, utilization 0.4679, perplexity 5866.2606,
Train Epoch: [1/2] Iters:[230/20018] transplant_loss 2.2465, rec_loss 0.0420, p_loss 0.3793, quant_error 0.7072, utilization 0.4679, perplexity 5859.5134,
Train Epoch: [1/2] Iters:[240/20018] transplant_loss 2.2483, rec_loss 0.0428, p_loss 0.3796, quant_error 0.7054, utilization 0.4682, perplexity 5863.9758,
Train Epoch: [1/2] Iters:[250/20018] transplant_loss 2.2416, rec_loss 0.0421, p_loss 0.3781, quant_error 0.7038, utilization 0.4677, perplexity 5831.8497,
Train Epoch: [1/2] Iters:[260/20018] transplant_loss 2.2378, rec_loss 0.0419, p_loss 0.3791, quant_error 0.7005, utilization 0.4673, perplexity 5834.9718,
Train Epoch: [1/2] Iters:[270/20018] transplant_loss 2.2303, rec_loss 0.0417, p_loss 0.3769, quant_error 0.6980, utilization 0.4662, perplexity 5801.0407,
Train Epoch: [1/2] Iters:[280/20018] transplant_loss 2.2239, rec_loss 0.0417, p_loss 0.3756, quant_error 0.6953, utilization 0.4656, perplexity 5793.6390,
Train Epoch: [1/2] Iters:[290/20018] transplant_loss 2.2141, rec_loss 0.0409, p_loss 0.3727, quant_error 0.6941, utilization 0.4653, perplexity 5766.5844,
Train Epoch: [1/2] Iters:[300/20018] transplant_loss 2.2148, rec_loss 0.0415, p_loss 0.3725, quant_error 0.6927, utilization 0.4648, perplexity 5748.2821,
Train Epoch: [1/2] Iters:[310/20018] transplant_loss 2.2136, rec_loss 0.0414, p_loss 0.3730, quant_error 0.6925, utilization 0.4652, perplexity 5758.0364,
Train Epoch: [1/2] Iters:[320/20018] transplant_loss 2.2212, rec_loss 0.0423, p_loss 0.3749, quant_error 0.6934, utilization 0.4659, perplexity 5786.8023,
Train Epoch: [1/2] Iters:[330/20018] transplant_loss 2.2287, rec_loss 0.0429, p_loss 0.3758, quant_error 0.6945, utilization 0.4669, perplexity 5819.1691,
Train Epoch: [1/2] Iters:[340/20018] transplant_loss 2.2252, rec_loss 0.0427, p_loss 0.3759, quant_error 0.6926, utilization 0.4663, perplexity 5818.2021,
Train Epoch: [1/2] Iters:[350/20018] transplant_loss 2.2227, rec_loss 0.0422, p_loss 0.3769, quant_error 0.6916, utilization 0.4670, perplexity 5851.2081,
Train Epoch: [1/2] Iters:[360/20018] transplant_loss 2.2287, rec_loss 0.0425, p_loss 0.3766, quant_error 0.6933, utilization 0.4676, perplexity 5870.8694,
Train Epoch: [1/2] Iters:[370/20018] transplant_loss 2.2143, rec_loss 0.0415, p_loss 0.3743, quant_error 0.6897, utilization 0.4684, perplexity 5886.2133,
Train Epoch: [1/2] Iters:[380/20018] transplant_loss 2.2154, rec_loss 0.0420, p_loss 0.3735, quant_error 0.6888, utilization 0.4690, perplexity 5897.8550,
Train Epoch: [1/2] Iters:[390/20018] transplant_loss 2.2171, rec_loss 0.0423, p_loss 0.3747, quant_error 0.6881, utilization 0.4701, perplexity 5929.0624,
Train Epoch: [1/2] Iters:[400/20018] transplant_loss 2.2120, rec_loss 0.0423, p_loss 0.3716, quant_error 0.6880, utilization 0.4708, perplexity 5921.8252,
Train Epoch: [1/2] Iters:[410/20018] transplant_loss 2.2036, rec_loss 0.0420, p_loss 0.3707, quant_error 0.6852, utilization 0.4712, perplexity 5936.5447,
Train Epoch: [1/2] Iters:[420/20018] transplant_loss 2.2016, rec_loss 0.0418, p_loss 0.3712, quant_error 0.6843, utilization 0.4705, perplexity 5926.5016,
Train Epoch: [1/2] Iters:[430/20018] transplant_loss 2.1904, rec_loss 0.0407, p_loss 0.3707, quant_error 0.6827, utilization 0.4702, perplexity 5927.5365,
Train Epoch: [1/2] Iters:[440/20018] transplant_loss 2.1909, rec_loss 0.0409, p_loss 0.3704, quant_error 0.6827, utilization 0.4702, perplexity 5938.2010,
Train Epoch: [1/2] Iters:[450/20018] transplant_loss 2.1871, rec_loss 0.0406, p_loss 0.3714, quant_error 0.6803, utilization 0.4704, perplexity 5953.2037,
Train Epoch: [1/2] Iters:[460/20018] transplant_loss 2.1858, rec_loss 0.0409, p_loss 0.3703, quant_error 0.6799, utilization 0.4701, perplexity 5941.1587,
Train Epoch: [1/2] Iters:[470/20018] transplant_loss 2.1902, rec_loss 0.0411, p_loss 0.3725, quant_error 0.6810, utilization 0.4709, perplexity 5959.6410,
Train Epoch: [1/2] Iters:[480/20018] transplant_loss 2.1888, rec_loss 0.0412, p_loss 0.3724, quant_error 0.6804, utilization 0.4713, perplexity 5972.7909,
Train Epoch: [1/2] Iters:[490/20018] transplant_loss 2.1772, rec_loss 0.0405, p_loss 0.3710, quant_error 0.6780, utilization 0.4712, perplexity 5954.1690,
Train Epoch: [1/2] Iters:[500/20018] transplant_loss 2.1804, rec_loss 0.0409, p_loss 0.3714, quant_error 0.6792, utilization 0.4710, perplexity 5954.1797,
Train Epoch: [1/2] Iters:[510/20018] transplant_loss 2.1862, rec_loss 0.0411, p_loss 0.3723, quant_error 0.6803, utilization 0.4712, perplexity 5964.1397,
Train Epoch: [1/2] Iters:[520/20018] transplant_loss 2.1725, rec_loss 0.0411, p_loss 0.3692, quant_error 0.6756, utilization 0.4705, perplexity 5947.1842,
Train Epoch: [1/2] Iters:[530/20018] transplant_loss 2.1704, rec_loss 0.0412, p_loss 0.3695, quant_error 0.6741, utilization 0.4703, perplexity 5944.6499,
Train Epoch: [1/2] Iters:[540/20018] transplant_loss 2.1742, rec_loss 0.0417, p_loss 0.3704, quant_error 0.6738, utilization 0.4709, perplexity 5962.0303,
Train Epoch: [1/2] Iters:[550/20018] transplant_loss 2.1700, rec_loss 0.0417, p_loss 0.3703, quant_error 0.6716, utilization 0.4715, perplexity 5980.7681,
Train Epoch: [1/2] Iters:[560/20018] transplant_loss 2.1567, rec_loss 0.0413, p_loss 0.3703, quant_error 0.6678, utilization 0.4717, perplexity 5983.5102,
Train Epoch: [1/2] Iters:[570/20018] transplant_loss 2.1570, rec_loss 0.0412, p_loss 0.3709, quant_error 0.6685, utilization 0.4718, perplexity 5983.7133,
Train Epoch: [1/2] Iters:[580/20018] transplant_loss 2.1603, rec_loss 0.0409, p_loss 0.3702, quant_error 0.6713, utilization 0.4721, perplexity 5968.0953,
Train Epoch: [1/2] Iters:[590/20018] transplant_loss 2.1572, rec_loss 0.0410, p_loss 0.3705, quant_error 0.6702, utilization 0.4720, perplexity 5965.3802,
Train Epoch: [1/2] Iters:[600/20018] transplant_loss 2.1515, rec_loss 0.0405, p_loss 0.3695, quant_error 0.6690, utilization 0.4724, perplexity 5980.6573,
Train Epoch: [1/2] Iters:[610/20018] transplant_loss 2.1497, rec_loss 0.0406, p_loss 0.3678, quant_error 0.6688, utilization 0.4719, perplexity 5968.2937,
Train Epoch: [1/2] Iters:[620/20018] transplant_loss 2.1515, rec_loss 0.0408, p_loss 0.3671, quant_error 0.6689, utilization 0.4732, perplexity 6000.8167,
Train Epoch: [1/2] Iters:[630/20018] transplant_loss 2.1402, rec_loss 0.0406, p_loss 0.3660, quant_error 0.6648, utilization 0.4722, perplexity 5983.2313,
Train Epoch: [1/2] Iters:[640/20018] transplant_loss 2.1368, rec_loss 0.0403, p_loss 0.3648, quant_error 0.6647, utilization 0.4728, perplexity 6006.6303,
Train Epoch: [1/2] Iters:[650/20018] transplant_loss 2.1399, rec_loss 0.0406, p_loss 0.3653, quant_error 0.6659, utilization 0.4722, perplexity 6002.2788,
Train Epoch: [1/2] Iters:[660/20018] transplant_loss 2.1384, rec_loss 0.0403, p_loss 0.3658, quant_error 0.6654, utilization 0.4723, perplexity 6009.3863,
Train Epoch: [1/2] Iters:[670/20018] transplant_loss 2.1375, rec_loss 0.0399, p_loss 0.3668, quant_error 0.6650, utilization 0.4722, perplexity 6011.4803,
Train Epoch: [1/2] Iters:[680/20018] transplant_loss 2.1369, rec_loss 0.0400, p_loss 0.3669, quant_error 0.6643, utilization 0.4726, perplexity 6027.8257,
Train Epoch: [1/2] Iters:[690/20018] transplant_loss 2.1316, rec_loss 0.0399, p_loss 0.3666, quant_error 0.6623, utilization 0.4720, perplexity 6009.8422,
Train Epoch: [1/2] Iters:[700/20018] transplant_loss 2.1306, rec_loss 0.0401, p_loss 0.3658, quant_error 0.6625, utilization 0.4720, perplexity 5994.1063,
Train Epoch: [1/2] Iters:[710/20018] transplant_loss 2.1323, rec_loss 0.0403, p_loss 0.3656, quant_error 0.6626, utilization 0.4721, perplexity 5996.1412,
Train Epoch: [1/2] Iters:[720/20018] transplant_loss 2.1250, rec_loss 0.0403, p_loss 0.3645, quant_error 0.6611, utilization 0.4715, perplexity 5978.0501,
Train Epoch: [1/2] Iters:[730/20018] transplant_loss 2.1249, rec_loss 0.0406, p_loss 0.3648, quant_error 0.6606, utilization 0.4716, perplexity 5983.0788,
Train Epoch: [1/2] Iters:[740/20018] transplant_loss 2.1356, rec_loss 0.0412, p_loss 0.3664, quant_error 0.6626, utilization 0.4721, perplexity 5985.4770,
Train Epoch: [1/2] Iters:[750/20018] transplant_loss 2.1279, rec_loss 0.0408, p_loss 0.3653, quant_error 0.6598, utilization 0.4722, perplexity 5983.5213,
Train Epoch: [1/2] Iters:[760/20018] transplant_loss 2.1234, rec_loss 0.0404, p_loss 0.3657, quant_error 0.6591, utilization 0.4726, perplexity 6001.4973,
Train Epoch: [1/2] Iters:[770/20018] transplant_loss 2.1216, rec_loss 0.0403, p_loss 0.3651, quant_error 0.6585, utilization 0.4727, perplexity 5990.7085,
Train Epoch: [1/2] Iters:[780/20018] transplant_loss 2.1235, rec_loss 0.0400, p_loss 0.3649, quant_error 0.6600, utilization 0.4733, perplexity 6000.3745,
Train Epoch: [1/2] Iters:[790/20018] transplant_loss 2.1171, rec_loss 0.0397, p_loss 0.3639, quant_error 0.6587, utilization 0.4738, perplexity 6014.9255,
Train Epoch: [1/2] Iters:[800/20018] transplant_loss 2.1190, rec_loss 0.0399, p_loss 0.3650, quant_error 0.6584, utilization 0.4741, perplexity 6020.1442,
Train Epoch: [1/2] Iters:[810/20018] transplant_loss 2.1194, rec_loss 0.0402, p_loss 0.3643, quant_error 0.6578, utilization 0.4743, perplexity 6018.1683,
Train Epoch: [1/2] Iters:[820/20018] transplant_loss 2.1233, rec_loss 0.0402, p_loss 0.3637, quant_error 0.6600, utilization 0.4744, perplexity 6024.0928,
Train Epoch: [1/2] Iters:[830/20018] transplant_loss 2.1185, rec_loss 0.0402, p_loss 0.3632, quant_error 0.6582, utilization 0.4743, perplexity 6012.5884,
Train Epoch: [1/2] Iters:[840/20018] transplant_loss 2.1165, rec_loss 0.0401, p_loss 0.3632, quant_error 0.6580, utilization 0.4745, perplexity 6038.0165,
Train Epoch: [1/2] Iters:[850/20018] transplant_loss 2.1080, rec_loss 0.0397, p_loss 0.3618, quant_error 0.6564, utilization 0.4738, perplexity 6012.1846,
Train Epoch: [1/2] Iters:[860/20018] transplant_loss 2.1083, rec_loss 0.0401, p_loss 0.3626, quant_error 0.6556, utilization 0.4737, perplexity 5997.8511,
Train Epoch: [1/2] Iters:[870/20018] transplant_loss 2.1073, rec_loss 0.0403, p_loss 0.3643, quant_error 0.6535, utilization 0.4736, perplexity 5992.8007,
Train Epoch: [1/2] Iters:[880/20018] transplant_loss 2.1100, rec_loss 0.0403, p_loss 0.3653, quant_error 0.6542, utilization 0.4736, perplexity 5999.6841,
Train Epoch: [1/2] Iters:[890/20018] transplant_loss 2.1023, rec_loss 0.0397, p_loss 0.3640, quant_error 0.6525, utilization 0.4727, perplexity 5971.8254,
Train Epoch: [1/2] Iters:[900/20018] transplant_loss 2.1092, rec_loss 0.0402, p_loss 0.3658, quant_error 0.6545, utilization 0.4732, perplexity 6003.3063,
Train Epoch: [1/2] Iters:[910/20018] transplant_loss 2.1067, rec_loss 0.0399, p_loss 0.3653, quant_error 0.6541, utilization 0.4735, perplexity 6021.3633,
Train Epoch: [1/2] Iters:[920/20018] transplant_loss 2.1017, rec_loss 0.0397, p_loss 0.3627, quant_error 0.6542, utilization 0.4741, perplexity 6021.4380,
Train Epoch: [1/2] Iters:[930/20018] transplant_loss 2.0997, rec_loss 0.0401, p_loss 0.3623, quant_error 0.6525, utilization 0.4742, perplexity 6018.4228,
Train Epoch: [1/2] Iters:[940/20018] transplant_loss 2.0980, rec_loss 0.0400, p_loss 0.3620, quant_error 0.6523, utilization 0.4743, perplexity 6006.2893,
Train Epoch: [1/2] Iters:[950/20018] transplant_loss 2.0950, rec_loss 0.0396, p_loss 0.3614, quant_error 0.6510, utilization 0.4742, perplexity 6009.5402,
Train Epoch: [1/2] Iters:[960/20018] transplant_loss 2.0950, rec_loss 0.0398, p_loss 0.3621, quant_error 0.6503, utilization 0.4747, perplexity 6017.5109,
Train Epoch: [1/2] Iters:[970/20018] transplant_loss 2.0955, rec_loss 0.0401, p_loss 0.3634, quant_error 0.6491, utilization 0.4750, perplexity 6044.7094,
Train Epoch: [1/2] Iters:[980/20018] transplant_loss 2.0872, rec_loss 0.0397, p_loss 0.3627, quant_error 0.6472, utilization 0.4746, perplexity 6053.8839,
Train Epoch: [1/2] Iters:[990/20018] transplant_loss 2.0819, rec_loss 0.0397, p_loss 0.3621, quant_error 0.6451, utilization 0.4744, perplexity 6050.4449,
Train Epoch: [1/2] Iters:[1000/20018] transplant_loss 2.0866, rec_loss 0.0403, p_loss 0.3619, quant_error 0.6465, utilization 0.4752, perplexity 6058.2174,
Train Epoch: [1/2] Iters:[1010/20018] transplant_loss 2.0802, rec_loss 0.0398, p_loss 0.3604, quant_error 0.6455, utilization 0.4751, perplexity 6040.7870,
Train Epoch: [1/2] Iters:[1020/20018] transplant_loss 2.0779, rec_loss 0.0395, p_loss 0.3598, quant_error 0.6449, utilization 0.4745, perplexity 6020.6621,
Train Epoch: [1/2] Iters:[1030/20018] transplant_loss 2.0845, rec_loss 0.0396, p_loss 0.3609, quant_error 0.6467, utilization 0.4746, perplexity 6015.9209,
Train Epoch: [1/2] Iters:[1040/20018] transplant_loss 2.0899, rec_loss 0.0401, p_loss 0.3621, quant_error 0.6472, utilization 0.4749, perplexity 6035.4332,
Train Epoch: [1/2] Iters:[1050/20018] transplant_loss 2.0875, rec_loss 0.0398, p_loss 0.3613, quant_error 0.6472, utilization 0.4744, perplexity 6036.7186,
Train Epoch: [1/2] Iters:[1060/20018] transplant_loss 2.0894, rec_loss 0.0398, p_loss 0.3613, quant_error 0.6483, utilization 0.4747, perplexity 6049.1496,
Train Epoch: [1/2] Iters:[1070/20018] transplant_loss 2.0893, rec_loss 0.0395, p_loss 0.3625, quant_error 0.6493, utilization 0.4752, perplexity 6065.3114,
Train Epoch: [1/2] Iters:[1080/20018] transplant_loss 2.0844, rec_loss 0.0395, p_loss 0.3618, quant_error 0.6480, utilization 0.4755, perplexity 6076.5262,
Train Epoch: [1/2] Iters:[1090/20018] transplant_loss 2.0785, rec_loss 0.0391, p_loss 0.3607, quant_error 0.6469, utilization 0.4754, perplexity 6061.0409,
Train Epoch: [1/2] Iters:[1100/20018] transplant_loss 2.0723, rec_loss 0.0393, p_loss 0.3611, quant_error 0.6440, utilization 0.4758, perplexity 6052.9780,
Train Epoch: [1/2] Iters:[1110/20018] transplant_loss 2.0681, rec_loss 0.0390, p_loss 0.3594, quant_error 0.6435, utilization 0.4752, perplexity 6037.9671,
Train Epoch: [1/2] Iters:[1120/20018] transplant_loss 2.0711, rec_loss 0.0399, p_loss 0.3592, quant_error 0.6426, utilization 0.4753, perplexity 6037.5242,
Train Epoch: [1/2] Iters:[1130/20018] transplant_loss 2.0733, rec_loss 0.0395, p_loss 0.3589, quant_error 0.6441, utilization 0.4755, perplexity 6041.2321,
Train Epoch: [1/2] Iters:[1140/20018] transplant_loss 2.0834, rec_loss 0.0401, p_loss 0.3601, quant_error 0.6463, utilization 0.4762, perplexity 6055.4283,
Train Epoch: [1/2] Iters:[1150/20018] transplant_loss 2.0831, rec_loss 0.0399, p_loss 0.3598, quant_error 0.6462, utilization 0.4762, perplexity 6064.5857,
Train Epoch: [1/2] Iters:[1160/20018] transplant_loss 2.0924, rec_loss 0.0411, p_loss 0.3616, quant_error 0.6464, utilization 0.4766, perplexity 6072.4905,
Train Epoch: [1/2] Iters:[1170/20018] transplant_loss 2.0828, rec_loss 0.0402, p_loss 0.3602, quant_error 0.6444, utilization 0.4760, perplexity 6065.9386,
Train Epoch: [1/2] Iters:[1180/20018] transplant_loss 2.0717, rec_loss 0.0400, p_loss 0.3585, quant_error 0.6408, utilization 0.4757, perplexity 6038.6220,
Train Epoch: [1/2] Iters:[1190/20018] transplant_loss 2.0676, rec_loss 0.0400, p_loss 0.3582, quant_error 0.6396, utilization 0.4755, perplexity 6033.7306,
Train Epoch: [1/2] Iters:[1200/20018] transplant_loss 2.0661, rec_loss 0.0403, p_loss 0.3585, quant_error 0.6381, utilization 0.4750, perplexity 6025.2639,
Train Epoch: [1/2] Iters:[1210/20018] transplant_loss 2.0579, rec_loss 0.0394, p_loss 0.3575, quant_error 0.6370, utilization 0.4748, perplexity 6027.0686,
Train Epoch: [1/2] Iters:[1220/20018] transplant_loss 2.0571, rec_loss 0.0397, p_loss 0.3566, quant_error 0.6366, utilization 0.4751, perplexity 6012.2638,
Train Epoch: [1/2] Iters:[1230/20018] transplant_loss 2.0679, rec_loss 0.0408, p_loss 0.3584, quant_error 0.6380, utilization 0.4752, perplexity 6032.3179,
Train Epoch: [1/2] Iters:[1240/20018] transplant_loss 2.0697, rec_loss 0.0407, p_loss 0.3587, quant_error 0.6386, utilization 0.4756, perplexity 6048.7029,
Train Epoch: [1/2] Iters:[1250/20018] transplant_loss 2.0690, rec_loss 0.0405, p_loss 0.3572, quant_error 0.6401, utilization 0.4760, perplexity 6047.1330,
Train Epoch: [1/2] Iters:[1260/20018] transplant_loss 2.0750, rec_loss 0.0411, p_loss 0.3582, quant_error 0.6415, utilization 0.4759, perplexity 6035.6381,
Train Epoch: [1/2] Iters:[1270/20018] transplant_loss 2.0715, rec_loss 0.0409, p_loss 0.3579, quant_error 0.6405, utilization 0.4758, perplexity 6036.2562,
Train Epoch: [1/2] Iters:[1280/20018] transplant_loss 2.0735, rec_loss 0.0405, p_loss 0.3582, quant_error 0.6428, utilization 0.4762, perplexity 6035.9161,
Train Epoch: [1/2] Iters:[1290/20018] transplant_loss 2.0721, rec_loss 0.0407, p_loss 0.3587, quant_error 0.6422, utilization 0.4761, perplexity 6031.5914,
Train Epoch: [1/2] Iters:[1300/20018] transplant_loss 2.0771, rec_loss 0.0409, p_loss 0.3596, quant_error 0.6432, utilization 0.4758, perplexity 6027.9940,
Train Epoch: [1/2] Iters:[1310/20018] transplant_loss 2.0724, rec_loss 0.0408, p_loss 0.3600, quant_error 0.6414, utilization 0.4761, perplexity 6041.9054,
Train Epoch: [1/2] Iters:[1320/20018] transplant_loss 2.0887, rec_loss 0.0412, p_loss 0.3621, quant_error 0.6464, utilization 0.4773, perplexity 6080.4555,
Train Epoch: [1/2] Iters:[1330/20018] transplant_loss 2.0789, rec_loss 0.0407, p_loss 0.3603, quant_error 0.6435, utilization 0.4772, perplexity 6077.1969,
Train Epoch: [1/2] Iters:[1340/20018] transplant_loss 2.0717, rec_loss 0.0399, p_loss 0.3576, quant_error 0.6436, utilization 0.4770, perplexity 6072.2238,
Train Epoch: [1/2] Iters:[1350/20018] transplant_loss 2.0666, rec_loss 0.0398, p_loss 0.3569, quant_error 0.6420, utilization 0.4769, perplexity 6069.6095,
Train Epoch: [1/2] Iters:[1360/20018] transplant_loss 2.0512, rec_loss 0.0390, p_loss 0.3545, quant_error 0.6379, utilization 0.4762, perplexity 6057.6442,
Train Epoch: [1/2] Iters:[1370/20018] transplant_loss 2.0456, rec_loss 0.0392, p_loss 0.3533, quant_error 0.6364, utilization 0.4758, perplexity 6042.8868,
Train Epoch: [1/2] Iters:[1380/20018] transplant_loss 2.0475, rec_loss 0.0391, p_loss 0.3544, quant_error 0.6369, utilization 0.4759, perplexity 6045.4496,
Train Epoch: [1/2] Iters:[1390/20018] transplant_loss 2.0479, rec_loss 0.0392, p_loss 0.3550, quant_error 0.6363, utilization 0.4761, perplexity 6062.9471,
Train Epoch: [1/2] Iters:[1400/20018] transplant_loss 2.0515, rec_loss 0.0396, p_loss 0.3560, quant_error 0.6365, utilization 0.4769, perplexity 6071.9582,
Train Epoch: [1/2] Iters:[1410/20018] transplant_loss 2.0695, rec_loss 0.0404, p_loss 0.3575, quant_error 0.6417, utilization 0.4781, perplexity 6097.9134,
Train Epoch: [1/2] Iters:[1420/20018] transplant_loss 2.0601, rec_loss 0.0399, p_loss 0.3575, quant_error 0.6384, utilization 0.4778, perplexity 6089.7697,
Train Epoch: [1/2] Iters:[1430/20018] transplant_loss 2.0542, rec_loss 0.0399, p_loss 0.3566, quant_error 0.6365, utilization 0.4783, perplexity 6091.6569,
Train Epoch: [1/2] Iters:[1440/20018] transplant_loss 2.0581, rec_loss 0.0401, p_loss 0.3576, quant_error 0.6375, utilization 0.4785, perplexity 6083.6154,
Train Epoch: [1/2] Iters:[1450/20018] transplant_loss 2.0473, rec_loss 0.0390, p_loss 0.3556, quant_error 0.6357, utilization 0.4788, perplexity 6104.3774,
Train Epoch: [1/2] Iters:[1460/20018] transplant_loss 2.0432, rec_loss 0.0386, p_loss 0.3557, quant_error 0.6354, utilization 0.4787, perplexity 6107.1670,
Train Epoch: [1/2] Iters:[1470/20018] transplant_loss 2.0460, rec_loss 0.0389, p_loss 0.3549, quant_error 0.6369, utilization 0.4789, perplexity 6099.7229,
Train Epoch: [1/2] Iters:[1480/20018] transplant_loss 2.0482, rec_loss 0.0391, p_loss 0.3544, quant_error 0.6373, utilization 0.4781, perplexity 6087.6686,
Train Epoch: [1/2] Iters:[1490/20018] transplant_loss 2.0451, rec_loss 0.0392, p_loss 0.3543, quant_error 0.6353, utilization 0.4781, perplexity 6083.1122,
Train Epoch: [1/2] Iters:[1500/20018] transplant_loss 2.0449, rec_loss 0.0391, p_loss 0.3545, quant_error 0.6353, utilization 0.4770, perplexity 6035.2690,
Train Epoch: [1/2] Iters:[1510/20018] transplant_loss 2.0510, rec_loss 0.0399, p_loss 0.3562, quant_error 0.6354, utilization 0.4769, perplexity 6025.2089,
Train Epoch: [1/2] Iters:[1520/20018] transplant_loss 2.0476, rec_loss 0.0399, p_loss 0.3563, quant_error 0.6330, utilization 0.4769, perplexity 6036.8147,
Train Epoch: [1/2] Iters:[1530/20018] transplant_loss 2.0503, rec_loss 0.0398, p_loss 0.3578, quant_error 0.6336, utilization 0.4784, perplexity 6068.4480,
Train Epoch: [1/2] Iters:[1540/20018] transplant_loss 2.0547, rec_loss 0.0405, p_loss 0.3576, quant_error 0.6350, utilization 0.4781, perplexity 6065.9878,
Train Epoch: [1/2] Iters:[1550/20018] transplant_loss 2.0568, rec_loss 0.0410, p_loss 0.3584, quant_error 0.6344, utilization 0.4796, perplexity 6119.7168,
Train Epoch: [1/2] Iters:[1560/20018] transplant_loss 2.0496, rec_loss 0.0405, p_loss 0.3569, quant_error 0.6328, utilization 0.4799, perplexity 6136.3314,
Train Epoch: [1/2] Iters:[1570/20018] transplant_loss 2.0515, rec_loss 0.0404, p_loss 0.3576, quant_error 0.6342, utilization 0.4795, perplexity 6132.1207,
Train Epoch: [1/2] Iters:[1580/20018] transplant_loss 2.0451, rec_loss 0.0403, p_loss 0.3559, quant_error 0.6324, utilization 0.4783, perplexity 6109.6915,
Train Epoch: [1/2] Iters:[1590/20018] transplant_loss 2.0389, rec_loss 0.0400, p_loss 0.3547, quant_error 0.6303, utilization 0.4787, perplexity 6104.9679,
Train Epoch: [1/2] Iters:[1600/20018] transplant_loss 2.0425, rec_loss 0.0402, p_loss 0.3564, quant_error 0.6309, utilization 0.4783, perplexity 6092.0928,
Train Epoch: [1/2] Iters:[1610/20018] transplant_loss 2.0385, rec_loss 0.0401, p_loss 0.3553, quant_error 0.6300, utilization 0.4776, perplexity 6052.7937,
Train Epoch: [1/2] Iters:[1620/20018] transplant_loss 2.0433, rec_loss 0.0407, p_loss 0.3555, quant_error 0.6311, utilization 0.4785, perplexity 6063.9880,
Train Epoch: [1/2] Iters:[1630/20018] transplant_loss 2.0427, rec_loss 0.0405, p_loss 0.3555, quant_error 0.6317, utilization 0.4789, perplexity 6080.3457,
Train Epoch: [1/2] Iters:[1640/20018] transplant_loss 2.0404, rec_loss 0.0402, p_loss 0.3556, quant_error 0.6313, utilization 0.4787, perplexity 6089.2893,
Train Epoch: [1/2] Iters:[1650/20018] transplant_loss 2.0350, rec_loss 0.0398, p_loss 0.3526, quant_error 0.6314, utilization 0.4795, perplexity 6096.3078,
Train Epoch: [1/2] Iters:[1660/20018] transplant_loss 2.0285, rec_loss 0.0395, p_loss 0.3523, quant_error 0.6290, utilization 0.4792, perplexity 6103.0285,
Train Epoch: [1/2] Iters:[1670/20018] transplant_loss 2.0287, rec_loss 0.0391, p_loss 0.3531, quant_error 0.6288, utilization 0.4791, perplexity 6109.7040,
Train Epoch: [1/2] Iters:[1680/20018] transplant_loss 2.0352, rec_loss 0.0398, p_loss 0.3537, quant_error 0.6300, utilization 0.4790, perplexity 6097.1701,
Train Epoch: [1/2] Iters:[1690/20018] transplant_loss 2.0377, rec_loss 0.0398, p_loss 0.3548, quant_error 0.6309, utilization 0.4790, perplexity 6104.6009,
Train Epoch: [1/2] Iters:[1700/20018] transplant_loss 2.0358, rec_loss 0.0398, p_loss 0.3550, quant_error 0.6298, utilization 0.4779, perplexity 6089.8599,
Train Epoch: [1/2] Iters:[1710/20018] transplant_loss 2.0361, rec_loss 0.0400, p_loss 0.3543, quant_error 0.6298, utilization 0.4786, perplexity 6106.7098,
Train Epoch: [1/2] Iters:[1720/20018] transplant_loss 2.0266, rec_loss 0.0395, p_loss 0.3522, quant_error 0.6282, utilization 0.4786, perplexity 6118.8266,
Train Epoch: [1/2] Iters:[1730/20018] transplant_loss 2.0202, rec_loss 0.0390, p_loss 0.3520, quant_error 0.6267, utilization 0.4788, perplexity 6122.1229,
Train Epoch: [1/2] Iters:[1740/20018] transplant_loss 2.0231, rec_loss 0.0394, p_loss 0.3523, quant_error 0.6268, utilization 0.4795, perplexity 6134.6185,
Train Epoch: [1/2] Iters:[1750/20018] transplant_loss 2.0316, rec_loss 0.0399, p_loss 0.3537, quant_error 0.6290, utilization 0.4802, perplexity 6136.9842,
Train Epoch: [1/2] Iters:[1760/20018] transplant_loss 2.0317, rec_loss 0.0393, p_loss 0.3544, quant_error 0.6300, utilization 0.4801, perplexity 6143.2929,
Train Epoch: [1/2] Iters:[1770/20018] transplant_loss 2.0401, rec_loss 0.0400, p_loss 0.3558, quant_error 0.6311, utilization 0.4806, perplexity 6140.7257,
Train Epoch: [1/2] Iters:[1780/20018] transplant_loss 2.0375, rec_loss 0.0396, p_loss 0.3548, quant_error 0.6307, utilization 0.4810, perplexity 6150.6369,
Train Epoch: [1/2] Iters:[1790/20018] transplant_loss 2.0339, rec_loss 0.0394, p_loss 0.3540, quant_error 0.6299, utilization 0.4809, perplexity 6143.9883,
Train Epoch: [1/2] Iters:[1800/20018] transplant_loss 2.0252, rec_loss 0.0389, p_loss 0.3539, quant_error 0.6273, utilization 0.4807, perplexity 6152.6155,
Train Epoch: [1/2] Iters:[1810/20018] transplant_loss 2.0318, rec_loss 0.0398, p_loss 0.3544, quant_error 0.6281, utilization 0.4813, perplexity 6152.0898,
Train Epoch: [1/2] Iters:[1820/20018] transplant_loss 2.0154, rec_loss 0.0387, p_loss 0.3524, quant_error 0.6242, utilization 0.4801, perplexity 6125.1586,
Train Epoch: [1/2] Iters:[1830/20018] transplant_loss 2.0196, rec_loss 0.0394, p_loss 0.3539, quant_error 0.6246, utilization 0.4809, perplexity 6149.7283,
Train Epoch: [1/2] Iters:[1840/20018] transplant_loss 2.0195, rec_loss 0.0399, p_loss 0.3534, quant_error 0.6233, utilization 0.4811, perplexity 6149.5798,
Train Epoch: [1/2] Iters:[1850/20018] transplant_loss 2.0253, rec_loss 0.0404, p_loss 0.3530, quant_error 0.6245, utilization 0.4815, perplexity 6142.6764,
Train Epoch: [1/2] Iters:[1860/20018] transplant_loss 2.0174, rec_loss 0.0397, p_loss 0.3514, quant_error 0.6231, utilization 0.4808, perplexity 6124.7489,
Train Epoch: [1/2] Iters:[1870/20018] transplant_loss 2.0293, rec_loss 0.0408, p_loss 0.3542, quant_error 0.6251, utilization 0.4820, perplexity 6157.4180,
Train Epoch: [1/2] Iters:[1880/20018] transplant_loss 2.0287, rec_loss 0.0408, p_loss 0.3535, quant_error 0.6246, utilization 0.4810, perplexity 6125.9794,
Train Epoch: [1/2] Iters:[1890/20018] transplant_loss 2.0201, rec_loss 0.0399, p_loss 0.3532, quant_error 0.6234, utilization 0.4803, perplexity 6109.7289,
Train Epoch: [1/2] Iters:[1900/20018] transplant_loss 2.0151, rec_loss 0.0395, p_loss 0.3530, quant_error 0.6227, utilization 0.4804, perplexity 6127.7237,
Train Epoch: [1/2] Iters:[1910/20018] transplant_loss 2.0230, rec_loss 0.0399, p_loss 0.3547, quant_error 0.6249, utilization 0.4813, perplexity 6157.6348,
Train Epoch: [1/2] Iters:[1920/20018] transplant_loss 2.0184, rec_loss 0.0397, p_loss 0.3524, quant_error 0.6238, utilization 0.4809, perplexity 6133.0822,
Train Epoch: [1/2] Iters:[1930/20018] transplant_loss 2.0172, rec_loss 0.0396, p_loss 0.3525, quant_error 0.6235, utilization 0.4816, perplexity 6160.6878,
Train Epoch: [1/2] Iters:[1940/20018] transplant_loss 2.0198, rec_loss 0.0399, p_loss 0.3524, quant_error 0.6240, utilization 0.4825, perplexity 6182.6150,
Train Epoch: [1/2] Iters:[1950/20018] transplant_loss 2.0179, rec_loss 0.0396, p_loss 0.3517, quant_error 0.6239, utilization 0.4819, perplexity 6159.2893,
Train Epoch: [1/2] Iters:[1960/20018] transplant_loss 2.0154, rec_loss 0.0396, p_loss 0.3516, quant_error 0.6226, utilization 0.4828, perplexity 6181.5113,
Train Epoch: [1/2] Iters:[1970/20018] transplant_loss 2.0203, rec_loss 0.0397, p_loss 0.3527, quant_error 0.6244, utilization 0.4838, perplexity 6218.4880,
Train Epoch: [1/2] Iters:[1980/20018] transplant_loss 2.0228, rec_loss 0.0400, p_loss 0.3529, quant_error 0.6250, utilization 0.4837, perplexity 6204.0654,
Train Epoch: [1/2] Iters:[1990/20018] transplant_loss 2.0270, rec_loss 0.0403, p_loss 0.3529, quant_error 0.6262, utilization 0.4833, perplexity 6195.9360,
Train Epoch: [1/2] Iters:[2000/20018] transplant_loss 2.0343, rec_loss 0.0410, p_loss 0.3535, quant_error 0.6273, utilization 0.4843, perplexity 6222.7620,
Train Epoch: [1/2] Iters:[2010/20018] transplant_loss 2.0358, rec_loss 0.0412, p_loss 0.3538, quant_error 0.6272, utilization 0.4830, perplexity 6176.2798,
Train Epoch: [1/2] Iters:[2020/20018] transplant_loss 2.0261, rec_loss 0.0408, p_loss 0.3514, quant_error 0.6251, utilization 0.4814, perplexity 6127.8057,
Train Epoch: [1/2] Iters:[2030/20018] transplant_loss 2.0224, rec_loss 0.0406, p_loss 0.3513, quant_error 0.6236, utilization 0.4812, perplexity 6139.1781,
Train Epoch: [1/2] Iters:[2040/20018] transplant_loss 2.0146, rec_loss 0.0400, p_loss 0.3504, quant_error 0.6224, utilization 0.4810, perplexity 6120.9167,
Train Epoch: [1/2] Iters:[2050/20018] transplant_loss 2.0133, rec_loss 0.0397, p_loss 0.3517, quant_error 0.6226, utilization 0.4807, perplexity 6131.7085,
Train Epoch: [1/2] Iters:[2060/20018] transplant_loss 2.0028, rec_loss 0.0391, p_loss 0.3496, quant_error 0.6208, utilization 0.4809, perplexity 6134.1789,
Train Epoch: [1/2] Iters:[2070/20018] transplant_loss 2.0018, rec_loss 0.0391, p_loss 0.3513, quant_error 0.6194, utilization 0.4814, perplexity 6148.3743,
Train Epoch: [1/2] Iters:[2080/20018] transplant_loss 2.0022, rec_loss 0.0391, p_loss 0.3505, quant_error 0.6200, utilization 0.4815, perplexity 6136.8952,
Train Epoch: [1/2] Iters:[2090/20018] transplant_loss 2.0090, rec_loss 0.0397, p_loss 0.3516, quant_error 0.6203, utilization 0.4816, perplexity 6152.1669,
Train Epoch: [1/2] Iters:[2100/20018] transplant_loss 2.0060, rec_loss 0.0400, p_loss 0.3506, quant_error 0.6183, utilization 0.4810, perplexity 6112.8498,
Train Epoch: [1/2] Iters:[2110/20018] transplant_loss 2.0160, rec_loss 0.0409, p_loss 0.3514, quant_error 0.6199, utilization 0.4816, perplexity 6128.3233,
Train Epoch: [1/2] Iters:[2120/20018] transplant_loss 2.0225, rec_loss 0.0413, p_loss 0.3521, quant_error 0.6218, utilization 0.4822, perplexity 6150.0934,
Train Epoch: [1/2] Iters:[2130/20018] transplant_loss 2.0181, rec_loss 0.0409, p_loss 0.3519, quant_error 0.6208, utilization 0.4820, perplexity 6150.2852,
Train Epoch: [1/2] Iters:[2140/20018] transplant_loss 2.0183, rec_loss 0.0405, p_loss 0.3520, quant_error 0.6221, utilization 0.4825, perplexity 6157.7258,
Train Epoch: [1/2] Iters:[2150/20018] transplant_loss 2.0110, rec_loss 0.0400, p_loss 0.3509, quant_error 0.6208, utilization 0.4821, perplexity 6143.2794,
Train Epoch: [1/2] Iters:[2160/20018] transplant_loss 2.0111, rec_loss 0.0396, p_loss 0.3512, quant_error 0.6216, utilization 0.4818, perplexity 6152.5209,
Train Epoch: [1/2] Iters:[2170/20018] transplant_loss 2.0092, rec_loss 0.0396, p_loss 0.3506, quant_error 0.6216, utilization 0.4815, perplexity 6148.4361,
Train Epoch: [1/2] Iters:[2180/20018] transplant_loss 2.0098, rec_loss 0.0399, p_loss 0.3501, quant_error 0.6216, utilization 0.4817, perplexity 6155.4979,
Train Epoch: [1/2] Iters:[2190/20018] transplant_loss 2.0018, rec_loss 0.0396, p_loss 0.3489, quant_error 0.6187, utilization 0.4816, perplexity 6154.0595,
Train Epoch: [1/2] Iters:[2200/20018] transplant_loss 2.0068, rec_loss 0.0398, p_loss 0.3495, quant_error 0.6207, utilization 0.4821, perplexity 6177.7937,
Train Epoch: [1/2] Iters:[2210/20018] transplant_loss 1.9930, rec_loss 0.0390, p_loss 0.3473, quant_error 0.6175, utilization 0.4819, perplexity 6160.1426,
Train Epoch: [1/2] Iters:[2220/20018] transplant_loss 1.9906, rec_loss 0.0385, p_loss 0.3464, quant_error 0.6176, utilization 0.4817, perplexity 6141.5923,
Train Epoch: [1/2] Iters:[2230/20018] transplant_loss 1.9888, rec_loss 0.0382, p_loss 0.3470, quant_error 0.6175, utilization 0.4815, perplexity 6134.5670,
Train Epoch: [1/2] Iters:[2240/20018] transplant_loss 1.9937, rec_loss 0.0389, p_loss 0.3482, quant_error 0.6175, utilization 0.4818, perplexity 6125.2071,
Train Epoch: [1/2] Iters:[2250/20018] transplant_loss 1.9908, rec_loss 0.0388, p_loss 0.3487, quant_error 0.6159, utilization 0.4824, perplexity 6141.1511,
Train Epoch: [1/2] Iters:[2260/20018] transplant_loss 2.0010, rec_loss 0.0396, p_loss 0.3505, quant_error 0.6173, utilization 0.4827, perplexity 6148.4213,
Train Epoch: [1/2] Iters:[2270/20018] transplant_loss 2.0009, rec_loss 0.0398, p_loss 0.3506, quant_error 0.6168, utilization 0.4835, perplexity 6170.4736,
Train Epoch: [1/2] Iters:[2280/20018] transplant_loss 2.0024, rec_loss 0.0399, p_loss 0.3511, quant_error 0.6168, utilization 0.4835, perplexity 6182.5365,
Train Epoch: [1/2] Iters:[2290/20018] transplant_loss 1.9984, rec_loss 0.0394, p_loss 0.3504, quant_error 0.6177, utilization 0.4826, perplexity 6173.4251,
Train Epoch: [1/2] Iters:[2300/20018] transplant_loss 1.9952, rec_loss 0.0393, p_loss 0.3497, quant_error 0.6169, utilization 0.4820, perplexity 6162.4766,
Train Epoch: [1/2] Iters:[2310/20018] transplant_loss 1.9860, rec_loss 0.0384, p_loss 0.3489, quant_error 0.6156, utilization 0.4818, perplexity 6153.0435,
Train Epoch: [1/2] Iters:[2320/20018] transplant_loss 1.9784, rec_loss 0.0383, p_loss 0.3467, quant_error 0.6133, utilization 0.4807, perplexity 6111.8480,
Train Epoch: [1/2] Iters:[2330/20018] transplant_loss 1.9706, rec_loss 0.0381, p_loss 0.3457, quant_error 0.6106, utilization 0.4800, perplexity 6079.5341,
Train Epoch: [1/2] Iters:[2340/20018] transplant_loss 1.9639, rec_loss 0.0378, p_loss 0.3445, quant_error 0.6082, utilization 0.4804, perplexity 6075.6567,
Train Epoch: [1/2] Iters:[2350/20018] transplant_loss 1.9645, rec_loss 0.0377, p_loss 0.3451, quant_error 0.6083, utilization 0.4812, perplexity 6096.9921,
Train Epoch: [1/2] Iters:[2360/20018] transplant_loss 1.9700, rec_loss 0.0386, p_loss 0.3453, quant_error 0.6082, utilization 0.4816, perplexity 6101.7042,
Train Epoch: [1/2] Iters:[2370/20018] transplant_loss 1.9777, rec_loss 0.0393, p_loss 0.3485, quant_error 0.6089, utilization 0.4824, perplexity 6132.5475,
Train Epoch: [1/2] Iters:[2380/20018] transplant_loss 1.9830, rec_loss 0.0396, p_loss 0.3485, quant_error 0.6107, utilization 0.4824, perplexity 6122.0738,
Train Epoch: [1/2] Iters:[2390/20018] transplant_loss 1.9878, rec_loss 0.0399, p_loss 0.3492, quant_error 0.6121, utilization 0.4830, perplexity 6132.1603,
Train Epoch: [1/2] Iters:[2400/20018] transplant_loss 1.9806, rec_loss 0.0394, p_loss 0.3472, quant_error 0.6106, utilization 0.4818, perplexity 6084.3015,
Train Epoch: [1/2] Iters:[2410/20018] transplant_loss 1.9770, rec_loss 0.0390, p_loss 0.3478, quant_error 0.6105, utilization 0.4816, perplexity 6093.9674,
Train Epoch: [1/2] Iters:[2420/20018] transplant_loss 1.9858, rec_loss 0.0389, p_loss 0.3477, quant_error 0.6144, utilization 0.4823, perplexity 6117.7679,
Train Epoch: [1/2] Iters:[2430/20018] transplant_loss 1.9882, rec_loss 0.0392, p_loss 0.3482, quant_error 0.6148, utilization 0.4826, perplexity 6112.0446,
Train Epoch: [1/2] Iters:[2440/20018] transplant_loss 1.9847, rec_loss 0.0392, p_loss 0.3473, quant_error 0.6133, utilization 0.4824, perplexity 6110.3584,
Train Epoch: [1/2] Iters:[2450/20018] transplant_loss 1.9932, rec_loss 0.0395, p_loss 0.3483, quant_error 0.6160, utilization 0.4833, perplexity 6139.0357,
Train Epoch: [1/2] Iters:[2460/20018] transplant_loss 1.9910, rec_loss 0.0394, p_loss 0.3476, quant_error 0.6153, utilization 0.4838, perplexity 6143.1705,
Train Epoch: [1/2] Iters:[2470/20018] transplant_loss 1.9795, rec_loss 0.0391, p_loss 0.3472, quant_error 0.6114, utilization 0.4834, perplexity 6122.7200,
Train Epoch: [1/2] Iters:[2480/20018] transplant_loss 1.9816, rec_loss 0.0391, p_loss 0.3477, quant_error 0.6119, utilization 0.4846, perplexity 6181.0856,
Train Epoch: [1/2] Iters:[2490/20018] transplant_loss 1.9811, rec_loss 0.0389, p_loss 0.3485, quant_error 0.6123, utilization 0.4851, perplexity 6200.2950,
Train Epoch: [1/2] Iters:[2500/20018] transplant_loss 1.9787, rec_loss 0.0393, p_loss 0.3481, quant_error 0.6108, utilization 0.4858, perplexity 6227.2678,
Train Epoch: [1/2] Iters:[2510/20018] transplant_loss 1.9884, rec_loss 0.0397, p_loss 0.3493, quant_error 0.6135, utilization 0.4856, perplexity 6220.2509,
Train Epoch: [1/2] Iters:[2520/20018] transplant_loss 1.9887, rec_loss 0.0394, p_loss 0.3488, quant_error 0.6140, utilization 0.4857, perplexity 6214.8582,
Train Epoch: [1/2] Iters:[2530/20018] transplant_loss 1.9796, rec_loss 0.0389, p_loss 0.3475, quant_error 0.6115, utilization 0.4845, perplexity 6175.2921,
Train Epoch: [1/2] Iters:[2540/20018] transplant_loss 1.9858, rec_loss 0.0395, p_loss 0.3486, quant_error 0.6116, utilization 0.4839, perplexity 6153.3756,
Train Epoch: [1/2] Iters:[2550/20018] transplant_loss 1.9868, rec_loss 0.0391, p_loss 0.3490, quant_error 0.6129, utilization 0.4832, perplexity 6125.6933,
Train Epoch: [1/2] Iters:[2560/20018] transplant_loss 1.9785, rec_loss 0.0387, p_loss 0.3476, quant_error 0.6107, utilization 0.4830, perplexity 6125.6368,
Train Epoch: [1/2] Iters:[2570/20018] transplant_loss 1.9745, rec_loss 0.0387, p_loss 0.3460, quant_error 0.6093, utilization 0.4828, perplexity 6131.7363,
Train Epoch: [1/2] Iters:[2580/20018] transplant_loss 1.9688, rec_loss 0.0385, p_loss 0.3451, quant_error 0.6083, utilization 0.4830, perplexity 6146.4384,
Train Epoch: [1/2] Iters:[2590/20018] transplant_loss 1.9701, rec_loss 0.0382, p_loss 0.3449, quant_error 0.6104, utilization 0.4844, perplexity 6192.9000,
Train Epoch: [1/2] Iters:[2600/20018] transplant_loss 1.9672, rec_loss 0.0382, p_loss 0.3442, quant_error 0.6089, utilization 0.4847, perplexity 6212.1087,
Train Epoch: [1/2] Iters:[2610/20018] transplant_loss 1.9636, rec_loss 0.0379, p_loss 0.3438, quant_error 0.6082, utilization 0.4850, perplexity 6217.0520,
Train Epoch: [1/2] Iters:[2620/20018] transplant_loss 1.9653, rec_loss 0.0378, p_loss 0.3448, quant_error 0.6093, utilization 0.4853, perplexity 6219.9447,
Train Epoch: [1/2] Iters:[2630/20018] transplant_loss 1.9701, rec_loss 0.0379, p_loss 0.3447, quant_error 0.6110, utilization 0.4862, perplexity 6236.9727,
Train Epoch: [1/2] Iters:[2640/20018] transplant_loss 1.9651, rec_loss 0.0378, p_loss 0.3446, quant_error 0.6087, utilization 0.4862, perplexity 6224.3606,
Train Epoch: [1/2] Iters:[2650/20018] transplant_loss 1.9676, rec_loss 0.0378, p_loss 0.3451, quant_error 0.6100, utilization 0.4872, perplexity 6242.0665,
Train Epoch: [1/2] Iters:[2660/20018] transplant_loss 1.9678, rec_loss 0.0382, p_loss 0.3451, quant_error 0.6093, utilization 0.4869, perplexity 6239.5542,
Train Epoch: [1/2] Iters:[2670/20018] transplant_loss 1.9700, rec_loss 0.0385, p_loss 0.3458, quant_error 0.6095, utilization 0.4871, perplexity 6248.7086,
Train Epoch: [1/2] Iters:[2680/20018] transplant_loss 1.9720, rec_loss 0.0386, p_loss 0.3464, quant_error 0.6099, utilization 0.4869, perplexity 6241.8524,
Train Epoch: [1/2] Iters:[2690/20018] transplant_loss 1.9782, rec_loss 0.0387, p_loss 0.3456, quant_error 0.6127, utilization 0.4867, perplexity 6233.5919,
Train Epoch: [1/2] Iters:[2700/20018] transplant_loss 1.9676, rec_loss 0.0385, p_loss 0.3445, quant_error 0.6090, utilization 0.4853, perplexity 6199.9715,
Train Epoch: [1/2] Iters:[2710/20018] transplant_loss 1.9647, rec_loss 0.0384, p_loss 0.3448, quant_error 0.6080, utilization 0.4851, perplexity 6193.2209,
Train Epoch: [1/2] Iters:[2720/20018] transplant_loss 1.9600, rec_loss 0.0383, p_loss 0.3439, quant_error 0.6059, utilization 0.4844, perplexity 6171.2659,
Train Epoch: [1/2] Iters:[2730/20018] transplant_loss 1.9612, rec_loss 0.0382, p_loss 0.3444, quant_error 0.6061, utilization 0.4848, perplexity 6185.8156,
Train Epoch: [1/2] Iters:[2740/20018] transplant_loss 1.9591, rec_loss 0.0381, p_loss 0.3450, quant_error 0.6049, utilization 0.4845, perplexity 6198.2647,
Train Epoch: [1/2] Iters:[2750/20018] transplant_loss 1.9758, rec_loss 0.0390, p_loss 0.3479, quant_error 0.6090, utilization 0.4854, perplexity 6210.4000,
Train Epoch: [1/2] Iters:[2760/20018] transplant_loss 1.9826, rec_loss 0.0392, p_loss 0.3487, quant_error 0.6107, utilization 0.4862, perplexity 6233.9742,
Train Epoch: [1/2] Iters:[2770/20018] transplant_loss 1.9726, rec_loss 0.0386, p_loss 0.3471, quant_error 0.6088, utilization 0.4864, perplexity 6234.6697,
Train Epoch: [1/2] Iters:[2780/20018] transplant_loss 1.9693, rec_loss 0.0388, p_loss 0.3469, quant_error 0.6075, utilization 0.4865, perplexity 6230.2504,
Train Epoch: [1/2] Iters:[2790/20018] transplant_loss 1.9584, rec_loss 0.0383, p_loss 0.3449, quant_error 0.6046, utilization 0.4863, perplexity 6207.8337,
Train Epoch: [1/2] Iters:[2800/20018] transplant_loss 1.9513, rec_loss 0.0380, p_loss 0.3430, quant_error 0.6029, utilization 0.4867, perplexity 6228.1988,
Train Epoch: [1/2] Iters:[2810/20018] transplant_loss 1.9475, rec_loss 0.0379, p_loss 0.3417, quant_error 0.6025, utilization 0.4867, perplexity 6218.1518,
Train Epoch: [1/2] Iters:[2820/20018] transplant_loss 1.9583, rec_loss 0.0385, p_loss 0.3433, quant_error 0.6049, utilization 0.4877, perplexity 6252.3206,
Train Epoch: [1/2] Iters:[2830/20018] transplant_loss 1.9587, rec_loss 0.0386, p_loss 0.3437, quant_error 0.6047, utilization 0.4872, perplexity 6226.2815,
Train Epoch: [1/2] Iters:[2840/20018] transplant_loss 1.9729, rec_loss 0.0398, p_loss 0.3460, quant_error 0.6076, utilization 0.4886, perplexity 6260.4080,
Train Epoch: [1/2] Iters:[2850/20018] transplant_loss 1.9662, rec_loss 0.0393, p_loss 0.3439, quant_error 0.6069, utilization 0.4878, perplexity 6213.8514,
Train Epoch: [1/2] Iters:[2860/20018] transplant_loss 1.9697, rec_loss 0.0396, p_loss 0.3454, quant_error 0.6071, utilization 0.4878, perplexity 6218.4945,
Train Epoch: [1/2] Iters:[2870/20018] transplant_loss 1.9757, rec_loss 0.0398, p_loss 0.3469, quant_error 0.6086, utilization 0.4882, perplexity 6231.4391,
Train Epoch: [1/2] Iters:[2880/20018] transplant_loss 1.9746, rec_loss 0.0397, p_loss 0.3458, quant_error 0.6086, utilization 0.4887, perplexity 6256.0811,
Train Epoch: [1/2] Iters:[2890/20018] transplant_loss 1.9689, rec_loss 0.0391, p_loss 0.3447, quant_error 0.6077, utilization 0.4886, perplexity 6258.3246,
Train Epoch: [1/2] Iters:[2900/20018] transplant_loss 1.9697, rec_loss 0.0393, p_loss 0.3465, quant_error 0.6065, utilization 0.4891, perplexity 6278.4130,
Train Epoch: [1/2] Iters:[2910/20018] transplant_loss 1.9703, rec_loss 0.0389, p_loss 0.3457, quant_error 0.6073, utilization 0.4898, perplexity 6291.2641,
Train Epoch: [1/2] Iters:[2920/20018] transplant_loss 1.9693, rec_loss 0.0390, p_loss 0.3461, quant_error 0.6064, utilization 0.4897, perplexity 6289.9140,
Train Epoch: [1/2] Iters:[2930/20018] transplant_loss 1.9709, rec_loss 0.0393, p_loss 0.3461, quant_error 0.6063, utilization 0.4899, perplexity 6295.9369,
Train Epoch: [1/2] Iters:[2940/20018] transplant_loss 1.9631, rec_loss 0.0387, p_loss 0.3463, quant_error 0.6040, utilization 0.4898, perplexity 6300.8174,
Train Epoch: [1/2] Iters:[2950/20018] transplant_loss 1.9681, rec_loss 0.0391, p_loss 0.3458, quant_error 0.6053, utilization 0.4900, perplexity 6313.2626,
Train Epoch: [1/2] Iters:[2960/20018] transplant_loss 1.9641, rec_loss 0.0395, p_loss 0.3450, quant_error 0.6036, utilization 0.4896, perplexity 6301.0565,
Train Epoch: [1/2] Iters:[2970/20018] transplant_loss 1.9512, rec_loss 0.0387, p_loss 0.3427, quant_error 0.6015, utilization 0.4888, perplexity 6274.2936,
Train Epoch: [1/2] Iters:[2980/20018] transplant_loss 1.9565, rec_loss 0.0390, p_loss 0.3442, quant_error 0.6033, utilization 0.4895, perplexity 6298.4105,
Train Epoch: [1/2] Iters:[2990/20018] transplant_loss 1.9627, rec_loss 0.0394, p_loss 0.3435, quant_error 0.6053, utilization 0.4890, perplexity 6255.3154,
Train Epoch: [1/2] Iters:[3000/20018] transplant_loss 1.9623, rec_loss 0.0393, p_loss 0.3433, quant_error 0.6059, utilization 0.4897, perplexity 6258.6154,
Train Epoch: [1/2] Iters:[3010/20018] transplant_loss 1.9683, rec_loss 0.0392, p_loss 0.3444, quant_error 0.6088, utilization 0.4903, perplexity 6280.2634,
Train Epoch: [1/2] Iters:[3020/20018] transplant_loss 1.9794, rec_loss 0.0399, p_loss 0.3449, quant_error 0.6106, utilization 0.4909, perplexity 6282.8035,
Train Epoch: [1/2] Iters:[3030/20018] transplant_loss 1.9745, rec_loss 0.0396, p_loss 0.3450, quant_error 0.6086, utilization 0.4906, perplexity 6262.8531,
Train Epoch: [1/2] Iters:[3040/20018] transplant_loss 1.9716, rec_loss 0.0399, p_loss 0.3453, quant_error 0.6069, utilization 0.4906, perplexity 6283.7444,
Train Epoch: [1/2] Iters:[3050/20018] transplant_loss 1.9776, rec_loss 0.0403, p_loss 0.3470, quant_error 0.6076, utilization 0.4905, perplexity 6297.3524,
Train Epoch: [1/2] Iters:[3060/20018] transplant_loss 1.9741, rec_loss 0.0405, p_loss 0.3471, quant_error 0.6053, utilization 0.4894, perplexity 6269.3444,
Train Epoch: [1/2] Iters:[3070/20018] transplant_loss 1.9672, rec_loss 0.0397, p_loss 0.3471, quant_error 0.6042, utilization 0.4895, perplexity 6283.1908,
Train Epoch: [1/2] Iters:[3080/20018] transplant_loss 1.9693, rec_loss 0.0394, p_loss 0.3463, quant_error 0.6063, utilization 0.4889, perplexity 6270.0038,
Train Epoch: [1/2] Iters:[3090/20018] transplant_loss 1.9735, rec_loss 0.0396, p_loss 0.3479, quant_error 0.6068, utilization 0.4894, perplexity 6282.6300,
Train Epoch: [1/2] Iters:[3100/20018] transplant_loss 1.9595, rec_loss 0.0387, p_loss 0.3459, quant_error 0.6038, utilization 0.4886, perplexity 6255.4727,
Train Epoch: [1/2] Iters:[3110/20018] transplant_loss 1.9580, rec_loss 0.0384, p_loss 0.3452, quant_error 0.6043, utilization 0.4895, perplexity 6289.3035,
Train Epoch: [1/2] Iters:[3120/20018] transplant_loss 1.9572, rec_loss 0.0386, p_loss 0.3443, quant_error 0.6039, utilization 0.4898, perplexity 6287.1439,
Train Epoch: [1/2] Iters:[3130/20018] transplant_loss 1.9403, rec_loss 0.0382, p_loss 0.3417, quant_error 0.5990, utilization 0.4891, perplexity 6269.1806,
Train Epoch: [1/2] Iters:[3140/20018] transplant_loss 1.9361, rec_loss 0.0378, p_loss 0.3400, quant_error 0.5991, utilization 0.4891, perplexity 6281.3532,
Train Epoch: [1/2] Iters:[3150/20018] transplant_loss 1.9467, rec_loss 0.0384, p_loss 0.3411, quant_error 0.6014, utilization 0.4900, perplexity 6312.7154,
Train Epoch: [1/2] Iters:[3160/20018] transplant_loss 1.9442, rec_loss 0.0385, p_loss 0.3406, quant_error 0.6001, utilization 0.4894, perplexity 6276.1761,
Train Epoch: [1/2] Iters:[3170/20018] transplant_loss 1.9459, rec_loss 0.0385, p_loss 0.3415, quant_error 0.6002, utilization 0.4897, perplexity 6291.8000,
Train Epoch: [1/2] Iters:[3180/20018] transplant_loss 1.9527, rec_loss 0.0386, p_loss 0.3436, quant_error 0.6017, utilization 0.4903, perplexity 6296.4888,
Train Epoch: [1/2] Iters:[3190/20018] transplant_loss 1.9574, rec_loss 0.0391, p_loss 0.3457, quant_error 0.6017, utilization 0.4902, perplexity 6271.2307,
Train Epoch: [1/2] Iters:[3200/20018] transplant_loss 1.9576, rec_loss 0.0390, p_loss 0.3455, quant_error 0.6023, utilization 0.4898, perplexity 6269.2026,
Train Epoch: [1/2] Iters:[3210/20018] transplant_loss 1.9641, rec_loss 0.0391, p_loss 0.3477, quant_error 0.6043, utilization 0.4903, perplexity 6290.2914,
Train Epoch: [1/2] Iters:[3220/20018] transplant_loss 1.9678, rec_loss 0.0396, p_loss 0.3472, quant_error 0.6053, utilization 0.4888, perplexity 6230.7171,
Train Epoch: [1/2] Iters:[3230/20018] transplant_loss 1.9645, rec_loss 0.0397, p_loss 0.3469, quant_error 0.6039, utilization 0.4887, perplexity 6242.8252,
Train Epoch: [1/2] Iters:[3240/20018] transplant_loss 1.9653, rec_loss 0.0395, p_loss 0.3465, quant_error 0.6045, utilization 0.4884, perplexity 6233.6438,
Train Epoch: [1/2] Iters:[3250/20018] transplant_loss 1.9527, rec_loss 0.0389, p_loss 0.3453, quant_error 0.6008, utilization 0.4873, perplexity 6177.2404,
Train Epoch: [1/2] Iters:[3260/20018] transplant_loss 1.9490, rec_loss 0.0390, p_loss 0.3438, quant_error 0.5994, utilization 0.4876, perplexity 6177.2661,
Train Epoch: [1/2] Iters:[3270/20018] transplant_loss 1.9443, rec_loss 0.0385, p_loss 0.3435, quant_error 0.5985, utilization 0.4881, perplexity 6199.4146,
Train Epoch: [1/2] Iters:[3280/20018] transplant_loss 1.9460, rec_loss 0.0391, p_loss 0.3433, quant_error 0.5980, utilization 0.4881, perplexity 6175.3337,
Train Epoch: [1/2] Iters:[3290/20018] transplant_loss 1.9353, rec_loss 0.0385, p_loss 0.3405, quant_error 0.5959, utilization 0.4880, perplexity 6173.8677,
Train Epoch: [1/2] Iters:[3300/20018] transplant_loss 1.9413, rec_loss 0.0389, p_loss 0.3423, quant_error 0.5975, utilization 0.4893, perplexity 6229.7556,
Train Epoch: [1/2] Iters:[3310/20018] transplant_loss 1.9371, rec_loss 0.0385, p_loss 0.3413, quant_error 0.5968, utilization 0.4891, perplexity 6220.0449,
Train Epoch: [1/2] Iters:[3320/20018] transplant_loss 1.9300, rec_loss 0.0380, p_loss 0.3404, quant_error 0.5951, utilization 0.4887, perplexity 6206.7769,
Train Epoch: [1/2] Iters:[3330/20018] transplant_loss 1.9395, rec_loss 0.0378, p_loss 0.3416, quant_error 0.5989, utilization 0.4903, perplexity 6265.3041,
Train Epoch: [1/2] Iters:[3340/20018] transplant_loss 1.9465, rec_loss 0.0384, p_loss 0.3431, quant_error 0.6004, utilization 0.4906, perplexity 6273.0630,
Train Epoch: [1/2] Iters:[3350/20018] transplant_loss 1.9458, rec_loss 0.0386, p_loss 0.3423, quant_error 0.5998, utilization 0.4903, perplexity 6256.2500,
Train Epoch: [1/2] Iters:[3360/20018] transplant_loss 1.9368, rec_loss 0.0382, p_loss 0.3419, quant_error 0.5968, utilization 0.4892, perplexity 6237.0775,
Train Epoch: [1/2] Iters:[3370/20018] transplant_loss 1.9426, rec_loss 0.0389, p_loss 0.3428, quant_error 0.5976, utilization 0.4901, perplexity 6263.8095,
Train Epoch: [1/2] Iters:[3380/20018] transplant_loss 1.9350, rec_loss 0.0389, p_loss 0.3411, quant_error 0.5950, utilization 0.4894, perplexity 6246.7176,
Train Epoch: [1/2] Iters:[3390/20018] transplant_loss 1.9267, rec_loss 0.0385, p_loss 0.3408, quant_error 0.5923, utilization 0.4896, perplexity 6264.8089,
Train Epoch: [1/2] Iters:[3400/20018] transplant_loss 1.9242, rec_loss 0.0381, p_loss 0.3406, quant_error 0.5924, utilization 0.4900, perplexity 6267.4597,
Train Epoch: [1/2] Iters:[3410/20018] transplant_loss 1.9363, rec_loss 0.0386, p_loss 0.3422, quant_error 0.5960, utilization 0.4919, perplexity 6317.9765,
Train Epoch: [1/2] Iters:[3420/20018] transplant_loss 1.9425, rec_loss 0.0385, p_loss 0.3438, quant_error 0.5982, utilization 0.4923, perplexity 6336.2603,
Train Epoch: [1/2] Iters:[3430/20018] transplant_loss 1.9462, rec_loss 0.0387, p_loss 0.3434, quant_error 0.5997, utilization 0.4921, perplexity 6323.2446,
Train Epoch: [1/2] Iters:[3440/20018] transplant_loss 1.9561, rec_loss 0.0392, p_loss 0.3444, quant_error 0.6031, utilization 0.4921, perplexity 6319.5188,
Train Epoch: [1/2] Iters:[3450/20018] transplant_loss 1.9617, rec_loss 0.0397, p_loss 0.3448, quant_error 0.6039, utilization 0.4925, perplexity 6331.1793,
Train Epoch: [1/2] Iters:[3460/20018] transplant_loss 1.9597, rec_loss 0.0395, p_loss 0.3435, quant_error 0.6040, utilization 0.4914, perplexity 6293.1390,
Train Epoch: [1/2] Iters:[3470/20018] transplant_loss 1.9615, rec_loss 0.0402, p_loss 0.3433, quant_error 0.6029, utilization 0.4918, perplexity 6292.6671,
Train Epoch: [1/2] Iters:[3480/20018] transplant_loss 1.9636, rec_loss 0.0398, p_loss 0.3442, quant_error 0.6045, utilization 0.4916, perplexity 6283.1395,
Train Epoch: [1/2] Iters:[3490/20018] transplant_loss 1.9564, rec_loss 0.0397, p_loss 0.3431, quant_error 0.6012, utilization 0.4917, perplexity 6296.8499,
Train Epoch: [1/2] Iters:[3500/20018] transplant_loss 1.9513, rec_loss 0.0391, p_loss 0.3421, quant_error 0.6004, utilization 0.4914, perplexity 6299.1091,
Train Epoch: [1/2] Iters:[3510/20018] transplant_loss 1.9507, rec_loss 0.0395, p_loss 0.3431, quant_error 0.5989, utilization 0.4919, perplexity 6307.8105,
Train Epoch: [1/2] Iters:[3520/20018] transplant_loss 1.9419, rec_loss 0.0386, p_loss 0.3426, quant_error 0.5980, utilization 0.4912, perplexity 6306.0363,
Train Epoch: [1/2] Iters:[3530/20018] transplant_loss 1.9372, rec_loss 0.0389, p_loss 0.3424, quant_error 0.5949, utilization 0.4917, perplexity 6327.0981,
Train Epoch: [1/2] Iters:[3540/20018] transplant_loss 1.9417, rec_loss 0.0390, p_loss 0.3424, quant_error 0.5964, utilization 0.4916, perplexity 6310.4205,
Train Epoch: [1/2] Iters:[3550/20018] transplant_loss 1.9385, rec_loss 0.0392, p_loss 0.3423, quant_error 0.5948, utilization 0.4917, perplexity 6313.9252,
Train Epoch: [1/2] Iters:[3560/20018] transplant_loss 1.9366, rec_loss 0.0389, p_loss 0.3423, quant_error 0.5949, utilization 0.4916, perplexity 6327.7864,
Train Epoch: [1/2] Iters:[3570/20018] transplant_loss 1.9378, rec_loss 0.0391, p_loss 0.3423, quant_error 0.5946, utilization 0.4916, perplexity 6308.5574,
Train Epoch: [1/2] Iters:[3580/20018] transplant_loss 1.9470, rec_loss 0.0397, p_loss 0.3438, quant_error 0.5968, utilization 0.4917, perplexity 6305.0132,
Train Epoch: [1/2] Iters:[3590/20018] transplant_loss 1.9422, rec_loss 0.0394, p_loss 0.3442, quant_error 0.5958, utilization 0.4924, perplexity 6328.7187,
Train Epoch: [1/2] Iters:[3600/20018] transplant_loss 1.9432, rec_loss 0.0393, p_loss 0.3441, quant_error 0.5968, utilization 0.4926, perplexity 6331.1837,
Train Epoch: [1/2] Iters:[3610/20018] transplant_loss 1.9452, rec_loss 0.0395, p_loss 0.3434, quant_error 0.5971, utilization 0.4932, perplexity 6333.5294,
Train Epoch: [1/2] Iters:[3620/20018] transplant_loss 1.9410, rec_loss 0.0389, p_loss 0.3424, quant_error 0.5967, utilization 0.4936, perplexity 6352.9651,
Train Epoch: [1/2] Iters:[3630/20018] transplant_loss 1.9259, rec_loss 0.0380, p_loss 0.3400, quant_error 0.5936, utilization 0.4938, perplexity 6354.1615,
Train Epoch: [1/2] Iters:[3640/20018] transplant_loss 1.9310, rec_loss 0.0382, p_loss 0.3409, quant_error 0.5952, utilization 0.4941, perplexity 6350.3179,
Train Epoch: [1/2] Iters:[3650/20018] transplant_loss 1.9309, rec_loss 0.0382, p_loss 0.3421, quant_error 0.5945, utilization 0.4944, perplexity 6343.4100,
Train Epoch: [1/2] Iters:[3660/20018] transplant_loss 1.9306, rec_loss 0.0383, p_loss 0.3424, quant_error 0.5944, utilization 0.4943, perplexity 6326.9715,
Train Epoch: [1/2] Iters:[3670/20018] transplant_loss 1.9378, rec_loss 0.0386, p_loss 0.3437, quant_error 0.5960, utilization 0.4954, perplexity 6351.3960,
Train Epoch: [1/2] Iters:[3680/20018] transplant_loss 1.9463, rec_loss 0.0390, p_loss 0.3456, quant_error 0.5975, utilization 0.4959, perplexity 6371.3958,
Train Epoch: [1/2] Iters:[3690/20018] transplant_loss 1.9483, rec_loss 0.0391, p_loss 0.3455, quant_error 0.5976, utilization 0.4959, perplexity 6380.7161,
Train Epoch: [1/2] Iters:[3700/20018] transplant_loss 1.9489, rec_loss 0.0393, p_loss 0.3447, quant_error 0.5971, utilization 0.4962, perplexity 6398.0551,
Train Epoch: [1/2] Iters:[3710/20018] transplant_loss 1.9399, rec_loss 0.0385, p_loss 0.3436, quant_error 0.5955, utilization 0.4961, perplexity 6406.5700,
Train Epoch: [1/2] Iters:[3720/20018] transplant_loss 1.9360, rec_loss 0.0388, p_loss 0.3435, quant_error 0.5939, utilization 0.4956, perplexity 6389.6822,
Train Epoch: [1/2] Iters:[3730/20018] transplant_loss 1.9300, rec_loss 0.0384, p_loss 0.3422, quant_error 0.5926, utilization 0.4949, perplexity 6369.4986,
Train Epoch: [1/2] Iters:[3740/20018] transplant_loss 1.9235, rec_loss 0.0379, p_loss 0.3413, quant_error 0.5920, utilization 0.4938, perplexity 6335.4085,
Train Epoch: [1/2] Iters:[3750/20018] transplant_loss 1.9302, rec_loss 0.0381, p_loss 0.3417, quant_error 0.5948, utilization 0.4936, perplexity 6322.4910,
Train Epoch: [1/2] Iters:[3760/20018] transplant_loss 1.9350, rec_loss 0.0387, p_loss 0.3421, quant_error 0.5950, utilization 0.4933, perplexity 6314.9781,
Train Epoch: [1/2] Iters:[3770/20018] transplant_loss 1.9317, rec_loss 0.0380, p_loss 0.3412, quant_error 0.5958, utilization 0.4932, perplexity 6315.4895,
Train Epoch: [1/2] Iters:[3780/20018] transplant_loss 1.9346, rec_loss 0.0383, p_loss 0.3423, quant_error 0.5964, utilization 0.4940, perplexity 6331.3672,
Train Epoch: [1/2] Iters:[3790/20018] transplant_loss 1.9415, rec_loss 0.0392, p_loss 0.3424, quant_error 0.5966, utilization 0.4953, perplexity 6357.9546,
Train Epoch: [1/2] Iters:[3800/20018] transplant_loss 1.9366, rec_loss 0.0388, p_loss 0.3419, quant_error 0.5953, utilization 0.4960, perplexity 6379.1020,
Train Epoch: [1/2] Iters:[3810/20018] transplant_loss 1.9386, rec_loss 0.0388, p_loss 0.3427, quant_error 0.5958, utilization 0.4966, perplexity 6402.2515,
Train Epoch: [1/2] Iters:[3820/20018] transplant_loss 1.9467, rec_loss 0.0396, p_loss 0.3443, quant_error 0.5965, utilization 0.4966, perplexity 6403.6678,
Train Epoch: [1/2] Iters:[3830/20018] transplant_loss 1.9449, rec_loss 0.0393, p_loss 0.3433, quant_error 0.5963, utilization 0.4963, perplexity 6402.6226,
Train Epoch: [1/2] Iters:[3840/20018] transplant_loss 1.9403, rec_loss 0.0389, p_loss 0.3434, quant_error 0.5953, utilization 0.4963, perplexity 6420.4124,
Train Epoch: [1/2] Iters:[3850/20018] transplant_loss 1.9399, rec_loss 0.0390, p_loss 0.3428, quant_error 0.5946, utilization 0.4956, perplexity 6396.1565,
Train Epoch: [1/2] Iters:[3860/20018] transplant_loss 1.9296, rec_loss 0.0384, p_loss 0.3424, quant_error 0.5919, utilization 0.4946, perplexity 6359.6569,
Train Epoch: [1/2] Iters:[3870/20018] transplant_loss 1.9286, rec_loss 0.0387, p_loss 0.3416, quant_error 0.5912, utilization 0.4949, perplexity 6352.1061,
Train Epoch: [1/2] Iters:[3880/20018] transplant_loss 1.9276, rec_loss 0.0389, p_loss 0.3410, quant_error 0.5909, utilization 0.4947, perplexity 6344.6940,
Train Epoch: [1/2] Iters:[3890/20018] transplant_loss 1.9276, rec_loss 0.0391, p_loss 0.3405, quant_error 0.5913, utilization 0.4944, perplexity 6318.5664,
Train Epoch: [1/2] Iters:[3900/20018] transplant_loss 1.9255, rec_loss 0.0392, p_loss 0.3415, quant_error 0.5903, utilization 0.4942, perplexity 6306.7553,
Train Epoch: [1/2] Iters:[3910/20018] transplant_loss 1.9322, rec_loss 0.0397, p_loss 0.3404, quant_error 0.5927, utilization 0.4952, perplexity 6336.7236,
Train Epoch: [1/2] Iters:[3920/20018] transplant_loss 1.9319, rec_loss 0.0396, p_loss 0.3400, quant_error 0.5929, utilization 0.4949, perplexity 6328.5630,
Train Epoch: [1/2] Iters:[3930/20018] transplant_loss 1.9314, rec_loss 0.0393, p_loss 0.3404, quant_error 0.5932, utilization 0.4949, perplexity 6331.5473,
Train Epoch: [1/2] Iters:[3940/20018] transplant_loss 1.9254, rec_loss 0.0387, p_loss 0.3403, quant_error 0.5919, utilization 0.4946, perplexity 6343.1675,
Train Epoch: [1/2] Iters:[3950/20018] transplant_loss 1.9304, rec_loss 0.0387, p_loss 0.3402, quant_error 0.5946, utilization 0.4954, perplexity 6364.0032,
Train Epoch: [1/2] Iters:[3960/20018] transplant_loss 1.9311, rec_loss 0.0384, p_loss 0.3409, quant_error 0.5952, utilization 0.4954, perplexity 6361.0225,
Train Epoch: [1/2] Iters:[3970/20018] transplant_loss 1.9325, rec_loss 0.0382, p_loss 0.3417, quant_error 0.5954, utilization 0.4960, perplexity 6378.0695,
Train Epoch: [1/2] Iters:[3980/20018] transplant_loss 1.9352, rec_loss 0.0384, p_loss 0.3420, quant_error 0.5955, utilization 0.4971, perplexity 6394.1492,
Train Epoch: [1/2] Iters:[3990/20018] transplant_loss 1.9403, rec_loss 0.0390, p_loss 0.3420, quant_error 0.5963, utilization 0.4972, perplexity 6383.5999,
Train Epoch: [1/2] Iters:[4000/20018] transplant_loss 1.9302, rec_loss 0.0387, p_loss 0.3418, quant_error 0.5924, utilization 0.4965, perplexity 6370.8620,
Train Epoch: [1/2] Iters:[4010/20018] transplant_loss 1.9290, rec_loss 0.0388, p_loss 0.3411, quant_error 0.5920, utilization 0.4966, perplexity 6368.7389,
Train Epoch: [1/2] Iters:[4020/20018] transplant_loss 1.9284, rec_loss 0.0388, p_loss 0.3408, quant_error 0.5923, utilization 0.4966, perplexity 6373.9314,
Train Epoch: [1/2] Iters:[4030/20018] transplant_loss 1.9366, rec_loss 0.0395, p_loss 0.3421, quant_error 0.5939, utilization 0.4965, perplexity 6375.7088,
Train Epoch: [1/2] Iters:[4040/20018] transplant_loss 1.9393, rec_loss 0.0391, p_loss 0.3430, quant_error 0.5955, utilization 0.4972, perplexity 6395.8995,
Train Epoch: [1/2] Iters:[4050/20018] transplant_loss 1.9435, rec_loss 0.0394, p_loss 0.3418, quant_error 0.5965, utilization 0.4977, perplexity 6402.4670,
Train Epoch: [1/2] Iters:[4060/20018] transplant_loss 1.9516, rec_loss 0.0400, p_loss 0.3439, quant_error 0.5978, utilization 0.4981, perplexity 6424.2081,
Train Epoch: [1/2] Iters:[4070/20018] transplant_loss 1.9393, rec_loss 0.0395, p_loss 0.3426, quant_error 0.5939, utilization 0.4973, perplexity 6404.0443,
Train Epoch: [1/2] Iters:[4080/20018] transplant_loss 1.9316, rec_loss 0.0390, p_loss 0.3422, quant_error 0.5921, utilization 0.4969, perplexity 6405.8330,
Train Epoch: [1/2] Iters:[4090/20018] transplant_loss 1.9230, rec_loss 0.0388, p_loss 0.3410, quant_error 0.5892, utilization 0.4966, perplexity 6396.9286,
Train Epoch: [1/2] Iters:[4100/20018] transplant_loss 1.9245, rec_loss 0.0389, p_loss 0.3431, quant_error 0.5892, utilization 0.4967, perplexity 6405.6966,
Train Epoch: [1/2] Iters:[4110/20018] transplant_loss 1.9118, rec_loss 0.0386, p_loss 0.3405, quant_error 0.5856, utilization 0.4963, perplexity 6376.4037,
Train Epoch: [1/2] Iters:[4120/20018] transplant_loss 1.9148, rec_loss 0.0384, p_loss 0.3408, quant_error 0.5870, utilization 0.4966, perplexity 6391.8367,
Train Epoch: [1/2] Iters:[4130/20018] transplant_loss 1.9113, rec_loss 0.0381, p_loss 0.3401, quant_error 0.5866, utilization 0.4966, perplexity 6371.4537,
Train Epoch: [1/2] Iters:[4140/20018] transplant_loss 1.9098, rec_loss 0.0381, p_loss 0.3404, quant_error 0.5861, utilization 0.4961, perplexity 6356.1318,
Train Epoch: [1/2] Iters:[4150/20018] transplant_loss 1.9116, rec_loss 0.0379, p_loss 0.3407, quant_error 0.5872, utilization 0.4967, perplexity 6354.0450,
Train Epoch: [1/2] Iters:[4160/20018] transplant_loss 1.9157, rec_loss 0.0383, p_loss 0.3409, quant_error 0.5878, utilization 0.4973, perplexity 6378.8065,
Train Epoch: [1/2] Iters:[4170/20018] transplant_loss 1.9180, rec_loss 0.0386, p_loss 0.3406, quant_error 0.5891, utilization 0.4976, perplexity 6375.9582,
Train Epoch: [1/2] Iters:[4180/20018] transplant_loss 1.9219, rec_loss 0.0385, p_loss 0.3412, quant_error 0.5898, utilization 0.4980, perplexity 6394.4656,
Train Epoch: [1/2] Iters:[4190/20018] transplant_loss 1.9236, rec_loss 0.0388, p_loss 0.3409, quant_error 0.5899, utilization 0.4984, perplexity 6396.0380,
Train Epoch: [1/2] Iters:[4200/20018] transplant_loss 1.9264, rec_loss 0.0391, p_loss 0.3401, quant_error 0.5909, utilization 0.4984, perplexity 6398.8749,
Train Epoch: [1/2] Iters:[4210/20018] transplant_loss 1.9266, rec_loss 0.0387, p_loss 0.3401, quant_error 0.5921, utilization 0.4978, perplexity 6380.9176,
Train Epoch: [1/2] Iters:[4220/20018] transplant_loss 1.9265, rec_loss 0.0386, p_loss 0.3408, quant_error 0.5917, utilization 0.4976, perplexity 6367.5892,
Train Epoch: [1/2] Iters:[4230/20018] transplant_loss 1.9252, rec_loss 0.0387, p_loss 0.3390, quant_error 0.5919, utilization 0.4972, perplexity 6347.7082,
Train Epoch: [1/2] Iters:[4240/20018] transplant_loss 1.9319, rec_loss 0.0389, p_loss 0.3399, quant_error 0.5935, utilization 0.4979, perplexity 6377.5562,
Train Epoch: [1/2] Iters:[4250/20018] transplant_loss 1.9315, rec_loss 0.0389, p_loss 0.3398, quant_error 0.5931, utilization 0.4978, perplexity 6376.5287,
Train Epoch: [1/2] Iters:[4260/20018] transplant_loss 1.9257, rec_loss 0.0388, p_loss 0.3401, quant_error 0.5906, utilization 0.4980, perplexity 6378.3336,
Train Epoch: [1/2] Iters:[4270/20018] transplant_loss 1.9270, rec_loss 0.0392, p_loss 0.3389, quant_error 0.5903, utilization 0.4982, perplexity 6397.0459,
Train Epoch: [1/2] Iters:[4280/20018] transplant_loss 1.9235, rec_loss 0.0391, p_loss 0.3403, quant_error 0.5887, utilization 0.4983, perplexity 6401.5550,
Train Epoch: [1/2] Iters:[4290/20018] transplant_loss 1.9175, rec_loss 0.0390, p_loss 0.3397, quant_error 0.5873, utilization 0.4979, perplexity 6378.7590,
Train Epoch: [1/2] Iters:[4300/20018] transplant_loss 1.9096, rec_loss 0.0385, p_loss 0.3386, quant_error 0.5849, utilization 0.4974, perplexity 6375.1639,
Train Epoch: [1/2] Iters:[4310/20018] transplant_loss 1.9160, rec_loss 0.0387, p_loss 0.3393, quant_error 0.5875, utilization 0.4975, perplexity 6398.2610,
Train Epoch: [1/2] Iters:[4320/20018] transplant_loss 1.9195, rec_loss 0.0388, p_loss 0.3406, quant_error 0.5882, utilization 0.4980, perplexity 6419.3386,
Train Epoch: [1/2] Iters:[4330/20018] transplant_loss 1.9151, rec_loss 0.0384, p_loss 0.3391, quant_error 0.5872, utilization 0.4979, perplexity 6409.8022,
Train Epoch: [1/2] Iters:[4340/20018] transplant_loss 1.9085, rec_loss 0.0379, p_loss 0.3371, quant_error 0.5864, utilization 0.4980, perplexity 6417.6667,
Train Epoch: [1/2] Iters:[4350/20018] transplant_loss 1.9102, rec_loss 0.0379, p_loss 0.3385, quant_error 0.5870, utilization 0.4991, perplexity 6455.1820,
Train Epoch: [1/2] Iters:[4360/20018] transplant_loss 1.9128, rec_loss 0.0383, p_loss 0.3389, quant_error 0.5869, utilization 0.4994, perplexity 6441.4164,
Train Epoch: [1/2] Iters:[4370/20018] transplant_loss 1.9076, rec_loss 0.0382, p_loss 0.3377, quant_error 0.5859, utilization 0.4985, perplexity 6391.3765,
Train Epoch: [1/2] Iters:[4380/20018] transplant_loss 1.9144, rec_loss 0.0387, p_loss 0.3392, quant_error 0.5875, utilization 0.4986, perplexity 6400.5096,
Train Epoch: [1/2] Iters:[4390/20018] transplant_loss 1.9181, rec_loss 0.0391, p_loss 0.3403, quant_error 0.5876, utilization 0.4987, perplexity 6415.1273,
Train Epoch: [1/2] Iters:[4400/20018] transplant_loss 1.9151, rec_loss 0.0387, p_loss 0.3392, quant_error 0.5877, utilization 0.4979, perplexity 6387.9851,
