dataset_dir: /datasets/
dataset_name: ImageNet
global_batch_size: 32
workers: 6
resolution: 256
channels: 3
ms_patch_size: 1_2_3_4_5_6_8_10_13_16
importance: (1, 1, 1, 2, 2, 2, 3, 3, 5, 5)
max_patch_size: 16
codebook_size: 4096
codebook_dim: 16
project_dim: 16
pq: 1
L: 4
alpha: 1.0
beta: 1.0
gamma: 0.0
disc_weight: 0.2
lecam_loss_weight: 0.001
disc_cr_loss_weight: 4.0
VQ: ema_vq
use_multiscale: True
transplant_epochs: 2
refinement_epochs: 5
eval_epochs: 1
lr_transplant: 0.0001
lr_refinement: 1e-05
dropout: 0.0
seed: 3407
weight_decay: 0.0001
stage: transplant
checkpoint_dir: /project/6105494/sunset/VQ-Projects/VQ-Transplant/checkpoint/Transplant/ImageNet
results_dir: /project/6105494/sunset/VQ-Projects/VQ-Transplant/results/Transplant/ImageNet
saver_dir: /project/6105494/sunset/VQ-Projects/VQ-Transplant/saver/Transplant/ImageNet
reconstruction_dir: /project/6105494/sunset/VQ-Projects/VQ-Transplant/reconstruction/Transplant/ImageNet
yaml_dir: /project/6105494/sunset/VQ-Projects/VQ-Transplant/yaml/Transplant/ImageNet
pretrained_tokenizer: /project/6105494/sunset/VQ-Projects/VQ-Transplant/pretrained_tokenizer/model.ckpt
checkpoint_name: 
nnodes: -1
node_rank: -1
local_rank: 0
dist_url: tcp://224.66.41.62:23456
dist_backend: nccl
world_size: 2
batch_size: 16
ms_token_size: (1, 2, 3, 4, 5, 6, 8, 10, 13, 16)
init_checkpoint_dir: /project/6105494/sunset/VQ-Projects/VQ-Transplant/checkpoint/
data_pre: ImageNet
model_pre: model_4096_16_1
loss_pre: loss_1.0_1.0_0.0_0.2
training_pre: ema_vq_transplant_True
saver_name_pre: ema_vq_transplant_True_ImageNet_model_4096_16_1_loss_1.0_1.0_0.0_0.2
| distributed init (rank 0): env://
| distributed init (rank 1): env://
making attention of type 'vanilla' with 512 in_channels
making attention of type 'vanilla' with 512 in_channels
making attention of type 'vanilla' with 512 in_channels
Working with z of shape (1, 16, 16, 16) = 4096 dimensions.
making attention of type 'vanilla' with 512 in_channels
making attention of type 'vanilla' with 512 in_channels
making attention of type 'vanilla' with 512 in_channels
making attention of type 'vanilla' with 512 in_channels
VQ Model Parameters: 69609635
dataset name: ImageNet
len train_set: 1281167
len val_set: 50000
Start training...
epoch:1, cur_lr:0.000100
Train Epoch: [1/2] Iters:[10/40036] transplant_loss 3.2355, rec_loss 0.1360, quant_error 2.5577, utilization 0.2485, perplexity 597.6898,
Train Epoch: [1/2] Iters:[20/40036] transplant_loss 2.6789, rec_loss 0.1022, quant_error 1.9869, utilization 0.3263, perplexity 844.1218,
Train Epoch: [1/2] Iters:[30/40036] transplant_loss 2.4267, rec_loss 0.0877, quant_error 1.6475, utilization 0.5291, perplexity 1492.1419,
Train Epoch: [1/2] Iters:[40/40036] transplant_loss 2.3038, rec_loss 0.0802, quant_error 1.4311, utilization 0.6351, perplexity 1864.9601,
Train Epoch: [1/2] Iters:[50/40036] transplant_loss 2.2124, rec_loss 0.0745, quant_error 1.2848, utilization 0.6959, perplexity 2056.3801,
Train Epoch: [1/2] Iters:[60/40036] transplant_loss 1.9062, rec_loss 0.0570, quant_error 0.9055, utilization 0.8282, perplexity 2446.5222,
Train Epoch: [1/2] Iters:[70/40036] transplant_loss 1.8127, rec_loss 0.0539, quant_error 0.7477, utilization 0.9267, perplexity 2716.9094,
Train Epoch: [1/2] Iters:[80/40036] transplant_loss 1.7730, rec_loss 0.0534, quant_error 0.6834, utilization 0.9190, perplexity 2648.2592,
Train Epoch: [1/2] Iters:[90/40036] transplant_loss 1.7173, rec_loss 0.0523, quant_error 0.6506, utilization 0.9049, perplexity 2523.8087,
Train Epoch: [1/2] Iters:[100/40036] transplant_loss 1.6895, rec_loss 0.0530, quant_error 0.6350, utilization 0.8929, perplexity 2431.4274,
Train Epoch: [1/2] Iters:[110/40036] transplant_loss 1.6844, rec_loss 0.0533, quant_error 0.6262, utilization 0.8848, perplexity 2378.6031,
Train Epoch: [1/2] Iters:[120/40036] transplant_loss 1.6911, rec_loss 0.0530, quant_error 0.6260, utilization 0.8807, perplexity 2354.9133,
Train Epoch: [1/2] Iters:[130/40036] transplant_loss 1.6744, rec_loss 0.0521, quant_error 0.6200, utilization 0.8729, perplexity 2304.3555,
Train Epoch: [1/2] Iters:[140/40036] transplant_loss 1.6593, rec_loss 0.0503, quant_error 0.6099, utilization 0.8694, perplexity 2280.3974,
Train Epoch: [1/2] Iters:[150/40036] transplant_loss 1.6485, rec_loss 0.0497, quant_error 0.6024, utilization 0.8660, perplexity 2253.8785,
Train Epoch: [1/2] Iters:[160/40036] transplant_loss 1.6303, rec_loss 0.0499, quant_error 0.5948, utilization 0.8620, perplexity 2224.0385,
Train Epoch: [1/2] Iters:[170/40036] transplant_loss 1.6248, rec_loss 0.0508, quant_error 0.5903, utilization 0.8583, perplexity 2197.9176,
Train Epoch: [1/2] Iters:[180/40036] transplant_loss 1.6218, rec_loss 0.0498, quant_error 0.5794, utilization 0.8591, perplexity 2203.0680,
Train Epoch: [1/2] Iters:[190/40036] transplant_loss 1.6219, rec_loss 0.0512, quant_error 0.5828, utilization 0.8552, perplexity 2176.9463,
Train Epoch: [1/2] Iters:[200/40036] transplant_loss 1.6113, rec_loss 0.0502, quant_error 0.5776, utilization 0.8539, perplexity 2166.5750,
Train Epoch: [1/2] Iters:[210/40036] transplant_loss 1.6178, rec_loss 0.0509, quant_error 0.5745, utilization 0.8549, perplexity 2174.6928,
Train Epoch: [1/2] Iters:[220/40036] transplant_loss 1.6230, rec_loss 0.0501, quant_error 0.5728, utilization 0.8533, perplexity 2168.3385,
Train Epoch: [1/2] Iters:[230/40036] transplant_loss 1.6108, rec_loss 0.0503, quant_error 0.5711, utilization 0.8503, perplexity 2146.0128,
Train Epoch: [1/2] Iters:[240/40036] transplant_loss 1.6139, rec_loss 0.0500, quant_error 0.5655, utilization 0.8504, perplexity 2152.6272,
Train Epoch: [1/2] Iters:[250/40036] transplant_loss 1.6135, rec_loss 0.0512, quant_error 0.5651, utilization 0.8484, perplexity 2139.4595,
Train Epoch: [1/2] Iters:[260/40036] transplant_loss 1.6126, rec_loss 0.0505, quant_error 0.5625, utilization 0.8480, perplexity 2137.7070,
Train Epoch: [1/2] Iters:[270/40036] transplant_loss 1.5757, rec_loss 0.0490, quant_error 0.5496, utilization 0.8451, perplexity 2119.0403,
Train Epoch: [1/2] Iters:[280/40036] transplant_loss 1.5683, rec_loss 0.0486, quant_error 0.5450, utilization 0.8441, perplexity 2115.8383,
Train Epoch: [1/2] Iters:[290/40036] transplant_loss 1.5661, rec_loss 0.0483, quant_error 0.5408, utilization 0.8442, perplexity 2111.6494,
Train Epoch: [1/2] Iters:[300/40036] transplant_loss 1.5498, rec_loss 0.0471, quant_error 0.5315, utilization 0.8442, perplexity 2110.8795,
Train Epoch: [1/2] Iters:[310/40036] transplant_loss 1.5313, rec_loss 0.0466, quant_error 0.5282, utilization 0.8415, perplexity 2092.3956,
Train Epoch: [1/2] Iters:[320/40036] transplant_loss 1.5528, rec_loss 0.0480, quant_error 0.5297, utilization 0.8446, perplexity 2108.8124,
Train Epoch: [1/2] Iters:[330/40036] transplant_loss 1.5486, rec_loss 0.0492, quant_error 0.5344, utilization 0.8425, perplexity 2096.6308,
Train Epoch: [1/2] Iters:[340/40036] transplant_loss 1.5470, rec_loss 0.0491, quant_error 0.5346, utilization 0.8431, perplexity 2103.2355,
Train Epoch: [1/2] Iters:[350/40036] transplant_loss 1.5641, rec_loss 0.0497, quant_error 0.5418, utilization 0.8429, perplexity 2105.9348,
Train Epoch: [1/2] Iters:[360/40036] transplant_loss 1.5726, rec_loss 0.0496, quant_error 0.5434, utilization 0.8454, perplexity 2121.8435,
Train Epoch: [1/2] Iters:[370/40036] transplant_loss 1.5580, rec_loss 0.0489, quant_error 0.5445, utilization 0.8439, perplexity 2108.6478,
Train Epoch: [1/2] Iters:[380/40036] transplant_loss 1.5637, rec_loss 0.0476, quant_error 0.5397, utilization 0.8466, perplexity 2125.5595,
Train Epoch: [1/2] Iters:[390/40036] transplant_loss 1.5483, rec_loss 0.0473, quant_error 0.5319, utilization 0.8464, perplexity 2122.9734,
Train Epoch: [1/2] Iters:[400/40036] transplant_loss 1.5422, rec_loss 0.0482, quant_error 0.5305, utilization 0.8465, perplexity 2123.4246,
Train Epoch: [1/2] Iters:[410/40036] transplant_loss 1.5270, rec_loss 0.0476, quant_error 0.5235, utilization 0.8442, perplexity 2108.6621,
Train Epoch: [1/2] Iters:[420/40036] transplant_loss 1.5325, rec_loss 0.0478, quant_error 0.5204, utilization 0.8458, perplexity 2123.2375,
Train Epoch: [1/2] Iters:[430/40036] transplant_loss 1.5388, rec_loss 0.0483, quant_error 0.5196, utilization 0.8456, perplexity 2124.2030,
Train Epoch: [1/2] Iters:[440/40036] transplant_loss 1.5421, rec_loss 0.0489, quant_error 0.5270, utilization 0.8440, perplexity 2116.2374,
Train Epoch: [1/2] Iters:[450/40036] transplant_loss 1.5346, rec_loss 0.0473, quant_error 0.5218, utilization 0.8443, perplexity 2114.7981,
Train Epoch: [1/2] Iters:[460/40036] transplant_loss 1.5460, rec_loss 0.0479, quant_error 0.5238, utilization 0.8460, perplexity 2124.8321,
Train Epoch: [1/2] Iters:[470/40036] transplant_loss 1.5410, rec_loss 0.0480, quant_error 0.5192, utilization 0.8447, perplexity 2117.1898,
Train Epoch: [1/2] Iters:[480/40036] transplant_loss 1.5316, rec_loss 0.0481, quant_error 0.5185, utilization 0.8436, perplexity 2108.9843,
Train Epoch: [1/2] Iters:[490/40036] transplant_loss 1.5311, rec_loss 0.0478, quant_error 0.5130, utilization 0.8439, perplexity 2106.4788,
Train Epoch: [1/2] Iters:[500/40036] transplant_loss 1.5243, rec_loss 0.0469, quant_error 0.5121, utilization 0.8443, perplexity 2108.7894,
Train Epoch: [1/2] Iters:[510/40036] transplant_loss 1.5046, rec_loss 0.0454, quant_error 0.5056, utilization 0.8427, perplexity 2101.2723,
Train Epoch: [1/2] Iters:[520/40036] transplant_loss 1.5054, rec_loss 0.0456, quant_error 0.5092, utilization 0.8430, perplexity 2101.1681,
Train Epoch: [1/2] Iters:[530/40036] transplant_loss 1.5047, rec_loss 0.0445, quant_error 0.5060, utilization 0.8433, perplexity 2105.8658,
Train Epoch: [1/2] Iters:[540/40036] transplant_loss 1.5064, rec_loss 0.0447, quant_error 0.5074, utilization 0.8431, perplexity 2106.3507,
Train Epoch: [1/2] Iters:[550/40036] transplant_loss 1.5075, rec_loss 0.0455, quant_error 0.5047, utilization 0.8427, perplexity 2103.9367,
Train Epoch: [1/2] Iters:[560/40036] transplant_loss 1.5134, rec_loss 0.0460, quant_error 0.5054, utilization 0.8426, perplexity 2104.0684,
Train Epoch: [1/2] Iters:[570/40036] transplant_loss 1.5164, rec_loss 0.0467, quant_error 0.5054, utilization 0.8417, perplexity 2101.8206,
Train Epoch: [1/2] Iters:[580/40036] transplant_loss 1.5036, rec_loss 0.0460, quant_error 0.5015, utilization 0.8425, perplexity 2103.9249,
Train Epoch: [1/2] Iters:[590/40036] transplant_loss 1.5075, rec_loss 0.0463, quant_error 0.5037, utilization 0.8430, perplexity 2107.2121,
Train Epoch: [1/2] Iters:[600/40036] transplant_loss 1.5124, rec_loss 0.0468, quant_error 0.5046, utilization 0.8431, perplexity 2109.6377,
Train Epoch: [1/2] Iters:[610/40036] transplant_loss 1.5076, rec_loss 0.0462, quant_error 0.5033, utilization 0.8425, perplexity 2108.3556,
Train Epoch: [1/2] Iters:[620/40036] transplant_loss 1.4892, rec_loss 0.0449, quant_error 0.4975, utilization 0.8423, perplexity 2107.7951,
Train Epoch: [1/2] Iters:[630/40036] transplant_loss 1.5095, rec_loss 0.0468, quant_error 0.5018, utilization 0.8422, perplexity 2110.0677,
Train Epoch: [1/2] Iters:[640/40036] transplant_loss 1.4998, rec_loss 0.0466, quant_error 0.4946, utilization 0.8420, perplexity 2109.9961,
Train Epoch: [1/2] Iters:[650/40036] transplant_loss 1.4938, rec_loss 0.0458, quant_error 0.4913, utilization 0.8428, perplexity 2115.5491,
Train Epoch: [1/2] Iters:[660/40036] transplant_loss 1.5027, rec_loss 0.0476, quant_error 0.4957, utilization 0.8434, perplexity 2120.0986,
Train Epoch: [1/2] Iters:[670/40036] transplant_loss 1.5131, rec_loss 0.0474, quant_error 0.4974, utilization 0.8440, perplexity 2119.9451,
Train Epoch: [1/2] Iters:[680/40036] transplant_loss 1.4991, rec_loss 0.0462, quant_error 0.4945, utilization 0.8436, perplexity 2119.9040,
Train Epoch: [1/2] Iters:[690/40036] transplant_loss 1.4961, rec_loss 0.0450, quant_error 0.4945, utilization 0.8424, perplexity 2115.7583,
Train Epoch: [1/2] Iters:[700/40036] transplant_loss 1.4938, rec_loss 0.0450, quant_error 0.4961, utilization 0.8411, perplexity 2109.4536,
Train Epoch: [1/2] Iters:[710/40036] transplant_loss 1.4976, rec_loss 0.0443, quant_error 0.4945, utilization 0.8417, perplexity 2115.9005,
Train Epoch: [1/2] Iters:[720/40036] transplant_loss 1.4984, rec_loss 0.0438, quant_error 0.4946, utilization 0.8417, perplexity 2124.3337,
Train Epoch: [1/2] Iters:[730/40036] transplant_loss 1.4939, rec_loss 0.0437, quant_error 0.4934, utilization 0.8415, perplexity 2115.6470,
Train Epoch: [1/2] Iters:[740/40036] transplant_loss 1.4993, rec_loss 0.0441, quant_error 0.4931, utilization 0.8437, perplexity 2130.8734,
Train Epoch: [1/2] Iters:[750/40036] transplant_loss 1.5032, rec_loss 0.0453, quant_error 0.4943, utilization 0.8437, perplexity 2129.9666,
Train Epoch: [1/2] Iters:[760/40036] transplant_loss 1.4996, rec_loss 0.0458, quant_error 0.4899, utilization 0.8436, perplexity 2127.9574,
Train Epoch: [1/2] Iters:[770/40036] transplant_loss 1.4951, rec_loss 0.0462, quant_error 0.4900, utilization 0.8435, perplexity 2121.6423,
Train Epoch: [1/2] Iters:[780/40036] transplant_loss 1.5052, rec_loss 0.0467, quant_error 0.4929, utilization 0.8440, perplexity 2130.8712,
Train Epoch: [1/2] Iters:[790/40036] transplant_loss 1.4954, rec_loss 0.0463, quant_error 0.4913, utilization 0.8436, perplexity 2120.8284,
Train Epoch: [1/2] Iters:[800/40036] transplant_loss 1.4856, rec_loss 0.0448, quant_error 0.4877, utilization 0.8430, perplexity 2116.5915,
Train Epoch: [1/2] Iters:[810/40036] transplant_loss 1.4793, rec_loss 0.0435, quant_error 0.4910, utilization 0.8434, perplexity 2118.8660,
Train Epoch: [1/2] Iters:[820/40036] transplant_loss 1.4833, rec_loss 0.0438, quant_error 0.4884, utilization 0.8437, perplexity 2125.5898,
Train Epoch: [1/2] Iters:[830/40036] transplant_loss 1.4799, rec_loss 0.0442, quant_error 0.4896, utilization 0.8434, perplexity 2126.1002,
Train Epoch: [1/2] Iters:[840/40036] transplant_loss 1.4784, rec_loss 0.0439, quant_error 0.4916, utilization 0.8411, perplexity 2117.7703,
Train Epoch: [1/2] Iters:[850/40036] transplant_loss 1.4873, rec_loss 0.0432, quant_error 0.4917, utilization 0.8430, perplexity 2130.3842,
Train Epoch: [1/2] Iters:[860/40036] transplant_loss 1.4889, rec_loss 0.0442, quant_error 0.4915, utilization 0.8417, perplexity 2124.9196,
Train Epoch: [1/2] Iters:[870/40036] transplant_loss 1.4910, rec_loss 0.0440, quant_error 0.4938, utilization 0.8414, perplexity 2123.0303,
Train Epoch: [1/2] Iters:[880/40036] transplant_loss 1.4882, rec_loss 0.0435, quant_error 0.4879, utilization 0.8413, perplexity 2124.5192,
Train Epoch: [1/2] Iters:[890/40036] transplant_loss 1.4887, rec_loss 0.0435, quant_error 0.4855, utilization 0.8428, perplexity 2133.7067,
Train Epoch: [1/2] Iters:[900/40036] transplant_loss 1.4863, rec_loss 0.0446, quant_error 0.4880, utilization 0.8413, perplexity 2125.7684,
Train Epoch: [1/2] Iters:[910/40036] transplant_loss 1.4904, rec_loss 0.0442, quant_error 0.4881, utilization 0.8422, perplexity 2128.7596,
Train Epoch: [1/2] Iters:[920/40036] transplant_loss 1.4698, rec_loss 0.0434, quant_error 0.4793, utilization 0.8415, perplexity 2126.7665,
Train Epoch: [1/2] Iters:[930/40036] transplant_loss 1.4757, rec_loss 0.0431, quant_error 0.4788, utilization 0.8422, perplexity 2127.9857,
Train Epoch: [1/2] Iters:[940/40036] transplant_loss 1.4772, rec_loss 0.0433, quant_error 0.4773, utilization 0.8424, perplexity 2134.1773,
Train Epoch: [1/2] Iters:[950/40036] transplant_loss 1.4806, rec_loss 0.0431, quant_error 0.4759, utilization 0.8443, perplexity 2149.7768,
Train Epoch: [1/2] Iters:[960/40036] transplant_loss 1.4667, rec_loss 0.0427, quant_error 0.4708, utilization 0.8435, perplexity 2147.4044,
Train Epoch: [1/2] Iters:[970/40036] transplant_loss 1.4670, rec_loss 0.0424, quant_error 0.4719, utilization 0.8433, perplexity 2140.6760,
Train Epoch: [1/2] Iters:[980/40036] transplant_loss 1.4545, rec_loss 0.0417, quant_error 0.4706, utilization 0.8423, perplexity 2136.6736,
Train Epoch: [1/2] Iters:[990/40036] transplant_loss 1.4613, rec_loss 0.0423, quant_error 0.4721, utilization 0.8442, perplexity 2144.7024,
Train Epoch: [1/2] Iters:[1000/40036] transplant_loss 1.4438, rec_loss 0.0412, quant_error 0.4674, utilization 0.8417, perplexity 2125.5644,
Train Epoch: [1/2] Iters:[1010/40036] transplant_loss 1.4486, rec_loss 0.0413, quant_error 0.4672, utilization 0.8428, perplexity 2132.1094,
Train Epoch: [1/2] Iters:[1020/40036] transplant_loss 1.4667, rec_loss 0.0424, quant_error 0.4711, utilization 0.8442, perplexity 2146.9982,
Train Epoch: [1/2] Iters:[1030/40036] transplant_loss 1.4648, rec_loss 0.0427, quant_error 0.4713, utilization 0.8444, perplexity 2148.2125,
Train Epoch: [1/2] Iters:[1040/40036] transplant_loss 1.4517, rec_loss 0.0424, quant_error 0.4669, utilization 0.8421, perplexity 2133.6170,
Train Epoch: [1/2] Iters:[1050/40036] transplant_loss 1.4556, rec_loss 0.0429, quant_error 0.4695, utilization 0.8418, perplexity 2139.1751,
Train Epoch: [1/2] Iters:[1060/40036] transplant_loss 1.4662, rec_loss 0.0441, quant_error 0.4736, utilization 0.8418, perplexity 2144.4807,
Train Epoch: [1/2] Iters:[1070/40036] transplant_loss 1.4597, rec_loss 0.0439, quant_error 0.4749, utilization 0.8411, perplexity 2138.2335,
Train Epoch: [1/2] Iters:[1080/40036] transplant_loss 1.4646, rec_loss 0.0443, quant_error 0.4772, utilization 0.8402, perplexity 2138.8012,
Train Epoch: [1/2] Iters:[1090/40036] transplant_loss 1.4630, rec_loss 0.0438, quant_error 0.4760, utilization 0.8408, perplexity 2145.8260,
Train Epoch: [1/2] Iters:[1100/40036] transplant_loss 1.4698, rec_loss 0.0444, quant_error 0.4749, utilization 0.8417, perplexity 2150.4158,
Train Epoch: [1/2] Iters:[1110/40036] transplant_loss 1.4541, rec_loss 0.0430, quant_error 0.4719, utilization 0.8402, perplexity 2137.8625,
Train Epoch: [1/2] Iters:[1120/40036] transplant_loss 1.4519, rec_loss 0.0430, quant_error 0.4711, utilization 0.8408, perplexity 2141.9770,
Train Epoch: [1/2] Iters:[1130/40036] transplant_loss 1.4509, rec_loss 0.0432, quant_error 0.4685, utilization 0.8419, perplexity 2144.5325,
Train Epoch: [1/2] Iters:[1140/40036] transplant_loss 1.4490, rec_loss 0.0428, quant_error 0.4727, utilization 0.8406, perplexity 2131.3016,
Train Epoch: [1/2] Iters:[1150/40036] transplant_loss 1.4561, rec_loss 0.0424, quant_error 0.4766, utilization 0.8423, perplexity 2138.9160,
Train Epoch: [1/2] Iters:[1160/40036] transplant_loss 1.4658, rec_loss 0.0424, quant_error 0.4767, utilization 0.8424, perplexity 2142.1628,
Train Epoch: [1/2] Iters:[1170/40036] transplant_loss 1.4604, rec_loss 0.0424, quant_error 0.4739, utilization 0.8415, perplexity 2138.2680,
Train Epoch: [1/2] Iters:[1180/40036] transplant_loss 1.4561, rec_loss 0.0422, quant_error 0.4720, utilization 0.8421, perplexity 2140.3707,
Train Epoch: [1/2] Iters:[1190/40036] transplant_loss 1.4643, rec_loss 0.0427, quant_error 0.4697, utilization 0.8444, perplexity 2157.5333,
Train Epoch: [1/2] Iters:[1200/40036] transplant_loss 1.4440, rec_loss 0.0418, quant_error 0.4638, utilization 0.8429, perplexity 2147.5695,
Train Epoch: [1/2] Iters:[1210/40036] transplant_loss 1.4359, rec_loss 0.0419, quant_error 0.4610, utilization 0.8438, perplexity 2152.7295,
Train Epoch: [1/2] Iters:[1220/40036] transplant_loss 1.4383, rec_loss 0.0414, quant_error 0.4608, utilization 0.8448, perplexity 2157.4708,
Train Epoch: [1/2] Iters:[1230/40036] transplant_loss 1.4330, rec_loss 0.0413, quant_error 0.4604, utilization 0.8446, perplexity 2158.6612,
Train Epoch: [1/2] Iters:[1240/40036] transplant_loss 1.4378, rec_loss 0.0414, quant_error 0.4615, utilization 0.8436, perplexity 2156.3519,
Train Epoch: [1/2] Iters:[1250/40036] transplant_loss 1.4437, rec_loss 0.0425, quant_error 0.4643, utilization 0.8421, perplexity 2149.2773,
Train Epoch: [1/2] Iters:[1260/40036] transplant_loss 1.4490, rec_loss 0.0420, quant_error 0.4660, utilization 0.8425, perplexity 2152.0124,
Train Epoch: [1/2] Iters:[1270/40036] transplant_loss 1.4405, rec_loss 0.0419, quant_error 0.4649, utilization 0.8406, perplexity 2140.5283,
Train Epoch: [1/2] Iters:[1280/40036] transplant_loss 1.4455, rec_loss 0.0414, quant_error 0.4647, utilization 0.8408, perplexity 2143.7175,
Train Epoch: [1/2] Iters:[1290/40036] transplant_loss 1.4407, rec_loss 0.0418, quant_error 0.4645, utilization 0.8405, perplexity 2142.8782,
Train Epoch: [1/2] Iters:[1300/40036] transplant_loss 1.4406, rec_loss 0.0412, quant_error 0.4633, utilization 0.8414, perplexity 2151.4425,
Train Epoch: [1/2] Iters:[1310/40036] transplant_loss 1.4370, rec_loss 0.0416, quant_error 0.4629, utilization 0.8417, perplexity 2151.2008,
Train Epoch: [1/2] Iters:[1320/40036] transplant_loss 1.4329, rec_loss 0.0413, quant_error 0.4613, utilization 0.8412, perplexity 2148.6292,
Train Epoch: [1/2] Iters:[1330/40036] transplant_loss 1.4404, rec_loss 0.0422, quant_error 0.4639, utilization 0.8402, perplexity 2144.9680,
Train Epoch: [1/2] Iters:[1340/40036] transplant_loss 1.4346, rec_loss 0.0410, quant_error 0.4661, utilization 0.8404, perplexity 2144.8780,
Train Epoch: [1/2] Iters:[1350/40036] transplant_loss 1.4264, rec_loss 0.0406, quant_error 0.4613, utilization 0.8404, perplexity 2142.5525,
Train Epoch: [1/2] Iters:[1360/40036] transplant_loss 1.4310, rec_loss 0.0408, quant_error 0.4612, utilization 0.8406, perplexity 2144.0001,
Train Epoch: [1/2] Iters:[1370/40036] transplant_loss 1.4408, rec_loss 0.0408, quant_error 0.4618, utilization 0.8425, perplexity 2158.3446,
Train Epoch: [1/2] Iters:[1380/40036] transplant_loss 1.4307, rec_loss 0.0405, quant_error 0.4599, utilization 0.8418, perplexity 2150.0860,
Train Epoch: [1/2] Iters:[1390/40036] transplant_loss 1.4368, rec_loss 0.0420, quant_error 0.4588, utilization 0.8404, perplexity 2148.3010,
Train Epoch: [1/2] Iters:[1400/40036] transplant_loss 1.4514, rec_loss 0.0426, quant_error 0.4645, utilization 0.8413, perplexity 2153.1693,
Train Epoch: [1/2] Iters:[1410/40036] transplant_loss 1.4487, rec_loss 0.0427, quant_error 0.4669, utilization 0.8387, perplexity 2144.9648,
Train Epoch: [1/2] Iters:[1420/40036] transplant_loss 1.4480, rec_loss 0.0428, quant_error 0.4677, utilization 0.8375, perplexity 2141.4286,
Train Epoch: [1/2] Iters:[1430/40036] transplant_loss 1.4539, rec_loss 0.0429, quant_error 0.4668, utilization 0.8379, perplexity 2147.3971,
Train Epoch: [1/2] Iters:[1440/40036] transplant_loss 1.4427, rec_loss 0.0419, quant_error 0.4633, utilization 0.8379, perplexity 2140.2335,
Train Epoch: [1/2] Iters:[1450/40036] transplant_loss 1.4325, rec_loss 0.0419, quant_error 0.4616, utilization 0.8362, perplexity 2135.0903,
Train Epoch: [1/2] Iters:[1460/40036] transplant_loss 1.4346, rec_loss 0.0423, quant_error 0.4596, utilization 0.8375, perplexity 2137.0793,
Train Epoch: [1/2] Iters:[1470/40036] transplant_loss 1.4349, rec_loss 0.0429, quant_error 0.4609, utilization 0.8376, perplexity 2137.6253,
Train Epoch: [1/2] Iters:[1480/40036] transplant_loss 1.4404, rec_loss 0.0432, quant_error 0.4627, utilization 0.8372, perplexity 2132.7572,
Train Epoch: [1/2] Iters:[1490/40036] transplant_loss 1.4454, rec_loss 0.0431, quant_error 0.4643, utilization 0.8379, perplexity 2139.3714,
Train Epoch: [1/2] Iters:[1500/40036] transplant_loss 1.4463, rec_loss 0.0428, quant_error 0.4620, utilization 0.8390, perplexity 2137.1644,
Train Epoch: [1/2] Iters:[1510/40036] transplant_loss 1.4420, rec_loss 0.0419, quant_error 0.4627, utilization 0.8389, perplexity 2140.4452,
Train Epoch: [1/2] Iters:[1520/40036] transplant_loss 1.4348, rec_loss 0.0410, quant_error 0.4597, utilization 0.8388, perplexity 2136.1422,
Train Epoch: [1/2] Iters:[1530/40036] transplant_loss 1.4197, rec_loss 0.0400, quant_error 0.4581, utilization 0.8383, perplexity 2131.6558,
Train Epoch: [1/2] Iters:[1540/40036] transplant_loss 1.4191, rec_loss 0.0400, quant_error 0.4558, utilization 0.8397, perplexity 2138.4119,
Train Epoch: [1/2] Iters:[1550/40036] transplant_loss 1.4149, rec_loss 0.0397, quant_error 0.4571, utilization 0.8391, perplexity 2140.6095,
Train Epoch: [1/2] Iters:[1560/40036] transplant_loss 1.4208, rec_loss 0.0404, quant_error 0.4582, utilization 0.8389, perplexity 2138.5974,
Train Epoch: [1/2] Iters:[1570/40036] transplant_loss 1.4354, rec_loss 0.0414, quant_error 0.4628, utilization 0.8413, perplexity 2151.7119,
Train Epoch: [1/2] Iters:[1580/40036] transplant_loss 1.4492, rec_loss 0.0421, quant_error 0.4664, utilization 0.8423, perplexity 2160.4552,
Train Epoch: [1/2] Iters:[1590/40036] transplant_loss 1.4469, rec_loss 0.0427, quant_error 0.4658, utilization 0.8405, perplexity 2153.2528,
Train Epoch: [1/2] Iters:[1600/40036] transplant_loss 1.4551, rec_loss 0.0432, quant_error 0.4667, utilization 0.8409, perplexity 2157.2455,
Train Epoch: [1/2] Iters:[1610/40036] transplant_loss 1.4432, rec_loss 0.0423, quant_error 0.4630, utilization 0.8399, perplexity 2150.2612,
Train Epoch: [1/2] Iters:[1620/40036] transplant_loss 1.4384, rec_loss 0.0420, quant_error 0.4611, utilization 0.8398, perplexity 2152.4697,
Train Epoch: [1/2] Iters:[1630/40036] transplant_loss 1.4348, rec_loss 0.0421, quant_error 0.4601, utilization 0.8401, perplexity 2158.1164,
Train Epoch: [1/2] Iters:[1640/40036] transplant_loss 1.4378, rec_loss 0.0408, quant_error 0.4632, utilization 0.8402, perplexity 2158.4939,
Train Epoch: [1/2] Iters:[1650/40036] transplant_loss 1.4380, rec_loss 0.0408, quant_error 0.4632, utilization 0.8407, perplexity 2158.4408,
Train Epoch: [1/2] Iters:[1660/40036] transplant_loss 1.4415, rec_loss 0.0414, quant_error 0.4632, utilization 0.8415, perplexity 2162.2558,
Train Epoch: [1/2] Iters:[1670/40036] transplant_loss 1.4329, rec_loss 0.0410, quant_error 0.4593, utilization 0.8394, perplexity 2153.3517,
Train Epoch: [1/2] Iters:[1680/40036] transplant_loss 1.4328, rec_loss 0.0407, quant_error 0.4581, utilization 0.8402, perplexity 2155.4498,
Train Epoch: [1/2] Iters:[1690/40036] transplant_loss 1.4297, rec_loss 0.0414, quant_error 0.4570, utilization 0.8403, perplexity 2152.3541,
Train Epoch: [1/2] Iters:[1700/40036] transplant_loss 1.4249, rec_loss 0.0414, quant_error 0.4560, utilization 0.8400, perplexity 2152.9753,
Train Epoch: [1/2] Iters:[1710/40036] transplant_loss 1.4240, rec_loss 0.0413, quant_error 0.4545, utilization 0.8403, perplexity 2154.7416,
Train Epoch: [1/2] Iters:[1720/40036] transplant_loss 1.4301, rec_loss 0.0421, quant_error 0.4570, utilization 0.8413, perplexity 2159.3134,
Train Epoch: [1/2] Iters:[1730/40036] transplant_loss 1.4259, rec_loss 0.0420, quant_error 0.4566, utilization 0.8401, perplexity 2147.1315,
Train Epoch: [1/2] Iters:[1740/40036] transplant_loss 1.4299, rec_loss 0.0420, quant_error 0.4565, utilization 0.8402, perplexity 2153.2121,
Train Epoch: [1/2] Iters:[1750/40036] transplant_loss 1.4381, rec_loss 0.0422, quant_error 0.4580, utilization 0.8411, perplexity 2158.3650,
Train Epoch: [1/2] Iters:[1760/40036] transplant_loss 1.4388, rec_loss 0.0421, quant_error 0.4614, utilization 0.8406, perplexity 2158.1328,
Train Epoch: [1/2] Iters:[1770/40036] transplant_loss 1.4374, rec_loss 0.0408, quant_error 0.4607, utilization 0.8408, perplexity 2158.8767,
Train Epoch: [1/2] Iters:[1780/40036] transplant_loss 1.4301, rec_loss 0.0402, quant_error 0.4577, utilization 0.8391, perplexity 2158.5909,
Train Epoch: [1/2] Iters:[1790/40036] transplant_loss 1.4272, rec_loss 0.0400, quant_error 0.4599, utilization 0.8394, perplexity 2157.1581,
Train Epoch: [1/2] Iters:[1800/40036] transplant_loss 1.4278, rec_loss 0.0409, quant_error 0.4594, utilization 0.8398, perplexity 2159.3342,
Train Epoch: [1/2] Iters:[1810/40036] transplant_loss 1.4180, rec_loss 0.0405, quant_error 0.4560, utilization 0.8393, perplexity 2159.4541,
Train Epoch: [1/2] Iters:[1820/40036] transplant_loss 1.4240, rec_loss 0.0421, quant_error 0.4605, utilization 0.8387, perplexity 2155.7393,
Train Epoch: [1/2] Iters:[1830/40036] transplant_loss 1.4301, rec_loss 0.0423, quant_error 0.4640, utilization 0.8411, perplexity 2161.6821,
Train Epoch: [1/2] Iters:[1840/40036] transplant_loss 1.4359, rec_loss 0.0427, quant_error 0.4618, utilization 0.8418, perplexity 2170.4428,
Train Epoch: [1/2] Iters:[1850/40036] transplant_loss 1.4269, rec_loss 0.0418, quant_error 0.4617, utilization 0.8396, perplexity 2162.1916,
Train Epoch: [1/2] Iters:[1860/40036] transplant_loss 1.4402, rec_loss 0.0422, quant_error 0.4628, utilization 0.8407, perplexity 2166.7273,
Train Epoch: [1/2] Iters:[1870/40036] transplant_loss 1.4246, rec_loss 0.0402, quant_error 0.4553, utilization 0.8398, perplexity 2160.9744,
Train Epoch: [1/2] Iters:[1880/40036] transplant_loss 1.4238, rec_loss 0.0404, quant_error 0.4557, utilization 0.8393, perplexity 2162.2612,
Train Epoch: [1/2] Iters:[1890/40036] transplant_loss 1.4245, rec_loss 0.0406, quant_error 0.4576, utilization 0.8392, perplexity 2160.1515,
Train Epoch: [1/2] Iters:[1900/40036] transplant_loss 1.4236, rec_loss 0.0403, quant_error 0.4545, utilization 0.8392, perplexity 2157.3919,
Train Epoch: [1/2] Iters:[1910/40036] transplant_loss 1.4158, rec_loss 0.0401, quant_error 0.4547, utilization 0.8388, perplexity 2153.1363,
Train Epoch: [1/2] Iters:[1920/40036] transplant_loss 1.4235, rec_loss 0.0416, quant_error 0.4555, utilization 0.8411, perplexity 2163.4263,
Train Epoch: [1/2] Iters:[1930/40036] transplant_loss 1.4186, rec_loss 0.0422, quant_error 0.4515, utilization 0.8405, perplexity 2162.6531,
Train Epoch: [1/2] Iters:[1940/40036] transplant_loss 1.4069, rec_loss 0.0413, quant_error 0.4461, utilization 0.8399, perplexity 2158.8562,
Train Epoch: [1/2] Iters:[1950/40036] transplant_loss 1.4033, rec_loss 0.0415, quant_error 0.4453, utilization 0.8411, perplexity 2166.6438,
Train Epoch: [1/2] Iters:[1960/40036] transplant_loss 1.4012, rec_loss 0.0416, quant_error 0.4428, utilization 0.8407, perplexity 2164.6922,
Train Epoch: [1/2] Iters:[1970/40036] transplant_loss 1.3935, rec_loss 0.0405, quant_error 0.4432, utilization 0.8398, perplexity 2161.7502,
Train Epoch: [1/2] Iters:[1980/40036] transplant_loss 1.3954, rec_loss 0.0396, quant_error 0.4452, utilization 0.8409, perplexity 2165.1159,
Train Epoch: [1/2] Iters:[1990/40036] transplant_loss 1.4024, rec_loss 0.0401, quant_error 0.4501, utilization 0.8407, perplexity 2166.8696,
Train Epoch: [1/2] Iters:[2000/40036] transplant_loss 1.4135, rec_loss 0.0412, quant_error 0.4538, utilization 0.8412, perplexity 2168.4650,
Train Epoch: [1/2] Iters:[2010/40036] transplant_loss 1.4129, rec_loss 0.0409, quant_error 0.4550, utilization 0.8424, perplexity 2173.0407,
Train Epoch: [1/2] Iters:[2020/40036] transplant_loss 1.4214, rec_loss 0.0413, quant_error 0.4572, utilization 0.8425, perplexity 2173.7839,
Train Epoch: [1/2] Iters:[2030/40036] transplant_loss 1.4217, rec_loss 0.0415, quant_error 0.4559, utilization 0.8422, perplexity 2173.4282,
Train Epoch: [1/2] Iters:[2040/40036] transplant_loss 1.4216, rec_loss 0.0415, quant_error 0.4532, utilization 0.8422, perplexity 2173.8861,
Train Epoch: [1/2] Iters:[2050/40036] transplant_loss 1.4189, rec_loss 0.0410, quant_error 0.4533, utilization 0.8410, perplexity 2171.0115,
Train Epoch: [1/2] Iters:[2060/40036] transplant_loss 1.4277, rec_loss 0.0413, quant_error 0.4540, utilization 0.8401, perplexity 2172.0591,
Train Epoch: [1/2] Iters:[2070/40036] transplant_loss 1.4188, rec_loss 0.0417, quant_error 0.4506, utilization 0.8396, perplexity 2171.0609,
Train Epoch: [1/2] Iters:[2080/40036] transplant_loss 1.4154, rec_loss 0.0415, quant_error 0.4499, utilization 0.8388, perplexity 2171.2504,
Train Epoch: [1/2] Iters:[2090/40036] transplant_loss 1.4164, rec_loss 0.0414, quant_error 0.4505, utilization 0.8392, perplexity 2171.8925,
Train Epoch: [1/2] Iters:[2100/40036] transplant_loss 1.4204, rec_loss 0.0412, quant_error 0.4515, utilization 0.8396, perplexity 2172.5306,
Train Epoch: [1/2] Iters:[2110/40036] transplant_loss 1.4259, rec_loss 0.0418, quant_error 0.4554, utilization 0.8405, perplexity 2177.4194,
Train Epoch: [1/2] Iters:[2120/40036] transplant_loss 1.4247, rec_loss 0.0407, quant_error 0.4568, utilization 0.8394, perplexity 2170.7812,
Train Epoch: [1/2] Iters:[2130/40036] transplant_loss 1.4285, rec_loss 0.0406, quant_error 0.4572, utilization 0.8402, perplexity 2175.1144,
Train Epoch: [1/2] Iters:[2140/40036] transplant_loss 1.4196, rec_loss 0.0402, quant_error 0.4571, utilization 0.8393, perplexity 2171.8459,
Train Epoch: [1/2] Iters:[2150/40036] transplant_loss 1.4110, rec_loss 0.0403, quant_error 0.4531, utilization 0.8384, perplexity 2165.9544,
Train Epoch: [1/2] Iters:[2160/40036] transplant_loss 1.4047, rec_loss 0.0395, quant_error 0.4505, utilization 0.8385, perplexity 2169.6448,
Train Epoch: [1/2] Iters:[2170/40036] transplant_loss 1.4078, rec_loss 0.0403, quant_error 0.4510, utilization 0.8387, perplexity 2171.0076,
Train Epoch: [1/2] Iters:[2180/40036] transplant_loss 1.4041, rec_loss 0.0405, quant_error 0.4495, utilization 0.8386, perplexity 2164.0747,
Train Epoch: [1/2] Iters:[2190/40036] transplant_loss 1.4083, rec_loss 0.0409, quant_error 0.4484, utilization 0.8385, perplexity 2164.8367,
