/home/sunset/environment/VQ-Tokenizer/lib/python3.10/site-packages/torch/distributed/launch.py:208: FutureWarning: The module torch.distributed.launch is deprecated
and will be removed in future. Use torchrun.
Note that --use-env is set by default in torchrun.
If your script expects `--local-rank` argument to be set, please
change it to read from `os.environ['LOCAL_RANK']` instead. See 
https://pytorch.org/docs/stable/distributed.html#launch-utility for 
further instructions

  main()
W0817 06:09:39.601000 3670673 torch/distributed/run.py:792] 
W0817 06:09:39.601000 3670673 torch/distributed/run.py:792] *****************************************
W0817 06:09:39.601000 3670673 torch/distributed/run.py:792] Setting OMP_NUM_THREADS environment variable for each process to be 1 in default, to avoid your system being overloaded, please further tune the variable for optimal performance in your application as needed. 
W0817 06:09:39.601000 3670673 torch/distributed/run.py:792] *****************************************
[rank1]:[W817 06:09:43.712371689 ProcessGroupNCCL.cpp:4561] [PG ID 0 PG GUID 0 Rank 1]  using GPU 1 to perform barrier as devices used by this process are currently unknown. This can potentially cause a hang if this rank to GPU mapping is incorrect. Specify device_ids in barrier() to force use of a particular device, or call init_process_group() with a device_id.
[rank0]:[W817 06:09:43.774809807 ProcessGroupNCCL.cpp:4561] [PG ID 0 PG GUID 0 Rank 0]  using GPU 0 to perform barrier as devices used by this process are currently unknown. This can potentially cause a hang if this rank to GPU mapping is incorrect. Specify device_ids in barrier() to force use of a particular device, or call init_process_group() with a device_id.
[rank0]: Traceback (most recent call last):
[rank0]:   File "/project/6105494/sunset/VQ-Projects/VQ-Transplant/code/train_VQ_transplant.py", line 166, in <module>
[rank0]:     main_worker(args)
[rank0]:   File "/project/6105494/sunset/VQ-Projects/VQ-Transplant/code/train_VQ_transplant.py", line 155, in main_worker
[rank0]:     eval_reconstruction(args, vq_model)
[rank0]:   File "/project/6105494/sunset/VQ-Projects/VQ-Transplant/code/eval_reconstruction.py", line 88, in eval_reconstruction
[rank0]:     val_dataloader, len_val_set = load_dataset(args, batch_size=16)
[rank0]:   File "/project/6105494/sunset/VQ-Projects/VQ-Transplant/code/eval_reconstruction.py", line 81, in load_dataset
[rank0]:     val_set = ImageFolder(root=data_path, transform=eval_transform)
[rank0]: NameError: name 'eval_transform' is not defined
W0817 08:23:11.786000 3670673 torch/distributed/elastic/multiprocessing/api.py:897] Sending process 3670677 closing signal SIGTERM
E0817 08:23:12.203000 3670673 torch/distributed/elastic/multiprocessing/api.py:869] failed (exitcode: 1) local_rank: 0 (pid: 3670676) of binary: /home/sunset/environment/VQ-Tokenizer/bin/python
Traceback (most recent call last):
  File "/cvmfs/soft.computecanada.ca/easybuild/software/2023/x86-64-v3/Compiler/gcccore/python/3.10.13/lib/python3.10/runpy.py", line 196, in _run_module_as_main
    return _run_code(code, main_globals, None,
  File "/cvmfs/soft.computecanada.ca/easybuild/software/2023/x86-64-v3/Compiler/gcccore/python/3.10.13/lib/python3.10/runpy.py", line 86, in _run_code
    exec(code, run_globals)
  File "/home/sunset/environment/VQ-Tokenizer/lib/python3.10/site-packages/torch/distributed/launch.py", line 208, in <module>
    main()
  File "/home/sunset/environment/VQ-Tokenizer/lib/python3.10/site-packages/typing_extensions.py", line 2956, in wrapper
    return arg(*args, **kwargs)
  File "/home/sunset/environment/VQ-Tokenizer/lib/python3.10/site-packages/torch/distributed/launch.py", line 204, in main
    launch(args)
  File "/home/sunset/environment/VQ-Tokenizer/lib/python3.10/site-packages/torch/distributed/launch.py", line 189, in launch
    run(args)
  File "/home/sunset/environment/VQ-Tokenizer/lib/python3.10/site-packages/torch/distributed/run.py", line 909, in run
    elastic_launch(
  File "/home/sunset/environment/VQ-Tokenizer/lib/python3.10/site-packages/torch/distributed/launcher/api.py", line 138, in __call__
    return launch_agent(self._config, self._entrypoint, list(args))
  File "/home/sunset/environment/VQ-Tokenizer/lib/python3.10/site-packages/torch/distributed/launcher/api.py", line 269, in launch_agent
    raise ChildFailedError(
torch.distributed.elastic.multiprocessing.errors.ChildFailedError: 
============================================================
train_VQ_transplant.py FAILED
------------------------------------------------------------
Failures:
  <NO_OTHER_FAILURES>
------------------------------------------------------------
Root Cause (first observed failure):
[0]:
  time      : 2025-08-17_08:23:11
  host      : kn178.paice.vectorinstitute.ai
  rank      : 0 (local_rank: 0)
  exitcode  : 1 (pid: 3670676)
  error_file: <N/A>
  traceback : To enable traceback see: https://pytorch.org/docs/stable/elastic/errors.html
============================================================
/home/sunset/environment/VQ-Tokenizer/lib/python3.10/site-packages/torch/distributed/launch.py:208: FutureWarning: The module torch.distributed.launch is deprecated
and will be removed in future. Use torchrun.
Note that --use-env is set by default in torchrun.
If your script expects `--local-rank` argument to be set, please
change it to read from `os.environ['LOCAL_RANK']` instead. See 
https://pytorch.org/docs/stable/distributed.html#launch-utility for 
further instructions

  main()
W0817 08:23:13.964000 3705512 torch/distributed/run.py:792] 
W0817 08:23:13.964000 3705512 torch/distributed/run.py:792] *****************************************
W0817 08:23:13.964000 3705512 torch/distributed/run.py:792] Setting OMP_NUM_THREADS environment variable for each process to be 1 in default, to avoid your system being overloaded, please further tune the variable for optimal performance in your application as needed. 
W0817 08:23:13.964000 3705512 torch/distributed/run.py:792] *****************************************
[rank0]:[W817 08:23:18.410869287 ProcessGroupNCCL.cpp:4561] [PG ID 0 PG GUID 0 Rank 0]  using GPU 0 to perform barrier as devices used by this process are currently unknown. This can potentially cause a hang if this rank to GPU mapping is incorrect. Specify device_ids in barrier() to force use of a particular device, or call init_process_group() with a device_id.
[rank1]:[W817 08:23:18.413184208 ProcessGroupNCCL.cpp:4561] [PG ID 0 PG GUID 0 Rank 1]  using GPU 1 to perform barrier as devices used by this process are currently unknown. This can potentially cause a hang if this rank to GPU mapping is incorrect. Specify device_ids in barrier() to force use of a particular device, or call init_process_group() with a device_id.
[rank1]: Traceback (most recent call last):
[rank1]:   File "/project/6105494/sunset/VQ-Projects/VQ-Transplant/code/train_VQ_transplant.py", line 166, in <module>
[rank1]:     main_worker(args)
[rank1]:   File "/project/6105494/sunset/VQ-Projects/VQ-Transplant/code/train_VQ_transplant.py", line 81, in main_worker
[rank1]:     train_dataloader, val_dataloader, train_sampler, len_train_set, len_val_set = build_dataloader(args)
[rank1]:   File "/project/6105494/sunset/VQ-Projects/VQ-Transplant/code/data/dataloader.py", line 56, in build_dataloader
[rank1]:     train_set = ImageFolder(root=os.path.join(data_path, 'train'), transform=train_transform)
[rank1]:   File "/home/sunset/environment/VQ-Tokenizer/lib/python3.10/site-packages/torchvision/datasets/folder.py", line 328, in __init__
[rank1]:     super().__init__(
[rank1]:   File "/home/sunset/environment/VQ-Tokenizer/lib/python3.10/site-packages/torchvision/datasets/folder.py", line 149, in __init__
[rank1]:     classes, class_to_idx = self.find_classes(self.root)
[rank1]:   File "/home/sunset/environment/VQ-Tokenizer/lib/python3.10/site-packages/torchvision/datasets/folder.py", line 234, in find_classes
[rank1]:     return find_classes(directory)
[rank1]:   File "/home/sunset/environment/VQ-Tokenizer/lib/python3.10/site-packages/torchvision/datasets/folder.py", line 43, in find_classes
[rank1]:     raise FileNotFoundError(f"Couldn't find any class folder in {directory}.")
[rank1]: FileNotFoundError: Couldn't find any class folder in /project/6105494/shared/data/CelebAHQ/train.
[rank0]: Traceback (most recent call last):
[rank0]:   File "/project/6105494/sunset/VQ-Projects/VQ-Transplant/code/train_VQ_transplant.py", line 166, in <module>
[rank0]:     main_worker(args)
[rank0]:   File "/project/6105494/sunset/VQ-Projects/VQ-Transplant/code/train_VQ_transplant.py", line 81, in main_worker
[rank0]:     train_dataloader, val_dataloader, train_sampler, len_train_set, len_val_set = build_dataloader(args)
[rank0]:   File "/project/6105494/sunset/VQ-Projects/VQ-Transplant/code/data/dataloader.py", line 56, in build_dataloader
[rank0]:     train_set = ImageFolder(root=os.path.join(data_path, 'train'), transform=train_transform)
[rank0]:   File "/home/sunset/environment/VQ-Tokenizer/lib/python3.10/site-packages/torchvision/datasets/folder.py", line 328, in __init__
[rank0]:     super().__init__(
[rank0]:   File "/home/sunset/environment/VQ-Tokenizer/lib/python3.10/site-packages/torchvision/datasets/folder.py", line 149, in __init__
[rank0]:     classes, class_to_idx = self.find_classes(self.root)
[rank0]:   File "/home/sunset/environment/VQ-Tokenizer/lib/python3.10/site-packages/torchvision/datasets/folder.py", line 234, in find_classes
[rank0]:     return find_classes(directory)
[rank0]:   File "/home/sunset/environment/VQ-Tokenizer/lib/python3.10/site-packages/torchvision/datasets/folder.py", line 43, in find_classes
[rank0]:     raise FileNotFoundError(f"Couldn't find any class folder in {directory}.")
[rank0]: FileNotFoundError: Couldn't find any class folder in /project/6105494/shared/data/CelebAHQ/train.
[rank0]:[W817 08:23:21.223670127 ProcessGroupNCCL.cpp:1496] Warning: WARNING: destroy_process_group() was not called before program exit, which can leak resources. For more info, please see https://pytorch.org/docs/stable/distributed.html#shutdown (function operator())
W0817 08:23:22.186000 3705512 torch/distributed/elastic/multiprocessing/api.py:897] Sending process 3705531 closing signal SIGTERM
E0817 08:23:22.401000 3705512 torch/distributed/elastic/multiprocessing/api.py:869] failed (exitcode: 1) local_rank: 1 (pid: 3705532) of binary: /home/sunset/environment/VQ-Tokenizer/bin/python
Traceback (most recent call last):
  File "/cvmfs/soft.computecanada.ca/easybuild/software/2023/x86-64-v3/Compiler/gcccore/python/3.10.13/lib/python3.10/runpy.py", line 196, in _run_module_as_main
    return _run_code(code, main_globals, None,
  File "/cvmfs/soft.computecanada.ca/easybuild/software/2023/x86-64-v3/Compiler/gcccore/python/3.10.13/lib/python3.10/runpy.py", line 86, in _run_code
    exec(code, run_globals)
  File "/home/sunset/environment/VQ-Tokenizer/lib/python3.10/site-packages/torch/distributed/launch.py", line 208, in <module>
    main()
  File "/home/sunset/environment/VQ-Tokenizer/lib/python3.10/site-packages/typing_extensions.py", line 2956, in wrapper
    return arg(*args, **kwargs)
  File "/home/sunset/environment/VQ-Tokenizer/lib/python3.10/site-packages/torch/distributed/launch.py", line 204, in main
    launch(args)
  File "/home/sunset/environment/VQ-Tokenizer/lib/python3.10/site-packages/torch/distributed/launch.py", line 189, in launch
    run(args)
  File "/home/sunset/environment/VQ-Tokenizer/lib/python3.10/site-packages/torch/distributed/run.py", line 909, in run
    elastic_launch(
  File "/home/sunset/environment/VQ-Tokenizer/lib/python3.10/site-packages/torch/distributed/launcher/api.py", line 138, in __call__
    return launch_agent(self._config, self._entrypoint, list(args))
  File "/home/sunset/environment/VQ-Tokenizer/lib/python3.10/site-packages/torch/distributed/launcher/api.py", line 269, in launch_agent
    raise ChildFailedError(
torch.distributed.elastic.multiprocessing.errors.ChildFailedError: 
============================================================
train_VQ_transplant.py FAILED
------------------------------------------------------------
Failures:
  <NO_OTHER_FAILURES>
------------------------------------------------------------
Root Cause (first observed failure):
[0]:
  time      : 2025-08-17_08:23:22
  host      : kn178.paice.vectorinstitute.ai
  rank      : 1 (local_rank: 1)
  exitcode  : 1 (pid: 3705532)
  error_file: <N/A>
  traceback : To enable traceback see: https://pytorch.org/docs/stable/elastic/errors.html
============================================================
/home/sunset/environment/VQ-Tokenizer/lib/python3.10/site-packages/torch/distributed/launch.py:208: FutureWarning: The module torch.distributed.launch is deprecated
and will be removed in future. Use torchrun.
Note that --use-env is set by default in torchrun.
If your script expects `--local-rank` argument to be set, please
change it to read from `os.environ['LOCAL_RANK']` instead. See 
https://pytorch.org/docs/stable/distributed.html#launch-utility for 
further instructions

  main()
W0817 08:23:23.863000 3705579 torch/distributed/run.py:792] 
W0817 08:23:23.863000 3705579 torch/distributed/run.py:792] *****************************************
W0817 08:23:23.863000 3705579 torch/distributed/run.py:792] Setting OMP_NUM_THREADS environment variable for each process to be 1 in default, to avoid your system being overloaded, please further tune the variable for optimal performance in your application as needed. 
W0817 08:23:23.863000 3705579 torch/distributed/run.py:792] *****************************************
[rank0]:[W817 08:23:28.796978836 ProcessGroupNCCL.cpp:4561] [PG ID 0 PG GUID 0 Rank 0]  using GPU 0 to perform barrier as devices used by this process are currently unknown. This can potentially cause a hang if this rank to GPU mapping is incorrect. Specify device_ids in barrier() to force use of a particular device, or call init_process_group() with a device_id.
[rank1]:[W817 08:23:28.853181556 ProcessGroupNCCL.cpp:4561] [PG ID 0 PG GUID 0 Rank 1]  using GPU 1 to perform barrier as devices used by this process are currently unknown. This can potentially cause a hang if this rank to GPU mapping is incorrect. Specify device_ids in barrier() to force use of a particular device, or call init_process_group() with a device_id.
[rank0]: Traceback (most recent call last):
[rank0]:   File "/project/6105494/sunset/VQ-Projects/VQ-Transplant/code/train_VQ_transplant.py", line 166, in <module>
[rank0]:     main_worker(args)
[rank0]:   File "/project/6105494/sunset/VQ-Projects/VQ-Transplant/code/train_VQ_transplant.py", line 81, in main_worker
[rank0]:     train_dataloader, val_dataloader, train_sampler, len_train_set, len_val_set = build_dataloader(args)
[rank0]:   File "/project/6105494/sunset/VQ-Projects/VQ-Transplant/code/data/dataloader.py", line 62, in build_dataloader
[rank0]:     train_set = LSUNChurchesDataset(root=data_path, split='train', transform=transform)
[rank0]: NameError: name 'transform' is not defined. Did you mean: 'transforms'?
[rank1]: Traceback (most recent call last):
[rank1]:   File "/project/6105494/sunset/VQ-Projects/VQ-Transplant/code/train_VQ_transplant.py", line 166, in <module>
[rank1]:     main_worker(args)
[rank1]:   File "/project/6105494/sunset/VQ-Projects/VQ-Transplant/code/train_VQ_transplant.py", line 81, in main_worker
[rank1]:     train_dataloader, val_dataloader, train_sampler, len_train_set, len_val_set = build_dataloader(args)
[rank1]:   File "/project/6105494/sunset/VQ-Projects/VQ-Transplant/code/data/dataloader.py", line 62, in build_dataloader
[rank1]:     train_set = LSUNChurchesDataset(root=data_path, split='train', transform=transform)
[rank1]: NameError: name 'transform' is not defined. Did you mean: 'transforms'?
[rank0]:[W817 08:23:30.641052017 ProcessGroupNCCL.cpp:1496] Warning: WARNING: destroy_process_group() was not called before program exit, which can leak resources. For more info, please see https://pytorch.org/docs/stable/distributed.html#shutdown (function operator())
W0817 08:23:31.584000 3705579 torch/distributed/elastic/multiprocessing/api.py:897] Sending process 3705616 closing signal SIGTERM
E0817 08:23:31.799000 3705579 torch/distributed/elastic/multiprocessing/api.py:869] failed (exitcode: 1) local_rank: 0 (pid: 3705615) of binary: /home/sunset/environment/VQ-Tokenizer/bin/python
Traceback (most recent call last):
  File "/cvmfs/soft.computecanada.ca/easybuild/software/2023/x86-64-v3/Compiler/gcccore/python/3.10.13/lib/python3.10/runpy.py", line 196, in _run_module_as_main
    return _run_code(code, main_globals, None,
  File "/cvmfs/soft.computecanada.ca/easybuild/software/2023/x86-64-v3/Compiler/gcccore/python/3.10.13/lib/python3.10/runpy.py", line 86, in _run_code
    exec(code, run_globals)
  File "/home/sunset/environment/VQ-Tokenizer/lib/python3.10/site-packages/torch/distributed/launch.py", line 208, in <module>
    main()
  File "/home/sunset/environment/VQ-Tokenizer/lib/python3.10/site-packages/typing_extensions.py", line 2956, in wrapper
    return arg(*args, **kwargs)
  File "/home/sunset/environment/VQ-Tokenizer/lib/python3.10/site-packages/torch/distributed/launch.py", line 204, in main
    launch(args)
  File "/home/sunset/environment/VQ-Tokenizer/lib/python3.10/site-packages/torch/distributed/launch.py", line 189, in launch
    run(args)
  File "/home/sunset/environment/VQ-Tokenizer/lib/python3.10/site-packages/torch/distributed/run.py", line 909, in run
    elastic_launch(
  File "/home/sunset/environment/VQ-Tokenizer/lib/python3.10/site-packages/torch/distributed/launcher/api.py", line 138, in __call__
    return launch_agent(self._config, self._entrypoint, list(args))
  File "/home/sunset/environment/VQ-Tokenizer/lib/python3.10/site-packages/torch/distributed/launcher/api.py", line 269, in launch_agent
    raise ChildFailedError(
torch.distributed.elastic.multiprocessing.errors.ChildFailedError: 
============================================================
train_VQ_transplant.py FAILED
------------------------------------------------------------
Failures:
  <NO_OTHER_FAILURES>
------------------------------------------------------------
Root Cause (first observed failure):
[0]:
  time      : 2025-08-17_08:23:31
  host      : kn178.paice.vectorinstitute.ai
  rank      : 0 (local_rank: 0)
  exitcode  : 1 (pid: 3705615)
  error_file: <N/A>
  traceback : To enable traceback see: https://pytorch.org/docs/stable/elastic/errors.html
============================================================
/home/sunset/environment/VQ-Tokenizer/lib/python3.10/site-packages/torch/distributed/launch.py:208: FutureWarning: The module torch.distributed.launch is deprecated
and will be removed in future. Use torchrun.
Note that --use-env is set by default in torchrun.
If your script expects `--local-rank` argument to be set, please
change it to read from `os.environ['LOCAL_RANK']` instead. See 
https://pytorch.org/docs/stable/distributed.html#launch-utility for 
further instructions

  main()
W0817 08:23:33.247000 3705664 torch/distributed/run.py:792] 
W0817 08:23:33.247000 3705664 torch/distributed/run.py:792] *****************************************
W0817 08:23:33.247000 3705664 torch/distributed/run.py:792] Setting OMP_NUM_THREADS environment variable for each process to be 1 in default, to avoid your system being overloaded, please further tune the variable for optimal performance in your application as needed. 
W0817 08:23:33.247000 3705664 torch/distributed/run.py:792] *****************************************
[rank1]:[W817 08:23:37.219388380 ProcessGroupNCCL.cpp:4561] [PG ID 0 PG GUID 0 Rank 1]  using GPU 1 to perform barrier as devices used by this process are currently unknown. This can potentially cause a hang if this rank to GPU mapping is incorrect. Specify device_ids in barrier() to force use of a particular device, or call init_process_group() with a device_id.
[rank0]:[W817 08:23:37.270422692 ProcessGroupNCCL.cpp:4561] [PG ID 0 PG GUID 0 Rank 0]  using GPU 0 to perform barrier as devices used by this process are currently unknown. This can potentially cause a hang if this rank to GPU mapping is incorrect. Specify device_ids in barrier() to force use of a particular device, or call init_process_group() with a device_id.
[rank1]: Traceback (most recent call last):
[rank1]:   File "/project/6105494/sunset/VQ-Projects/VQ-Transplant/code/train_VQ_transplant.py", line 166, in <module>
[rank1]:     main_worker(args)
[rank1]:   File "/project/6105494/sunset/VQ-Projects/VQ-Transplant/code/train_VQ_transplant.py", line 81, in main_worker
[rank1]:     train_dataloader, val_dataloader, train_sampler, len_train_set, len_val_set = build_dataloader(args)
[rank1]:   File "/project/6105494/sunset/VQ-Projects/VQ-Transplant/code/data/dataloader.py", line 59, in build_dataloader
[rank1]:     train_set = LSUNBedroomsDataset(root=data_path, split='train', transform=transform)
[rank1]: NameError: name 'transform' is not defined. Did you mean: 'transforms'?
[rank0]: Traceback (most recent call last):
[rank0]:   File "/project/6105494/sunset/VQ-Projects/VQ-Transplant/code/train_VQ_transplant.py", line 166, in <module>
[rank0]:     main_worker(args)
[rank0]:   File "/project/6105494/sunset/VQ-Projects/VQ-Transplant/code/train_VQ_transplant.py", line 81, in main_worker
[rank0]:     train_dataloader, val_dataloader, train_sampler, len_train_set, len_val_set = build_dataloader(args)
[rank0]:   File "/project/6105494/sunset/VQ-Projects/VQ-Transplant/code/data/dataloader.py", line 59, in build_dataloader
[rank0]:     train_set = LSUNBedroomsDataset(root=data_path, split='train', transform=transform)
[rank0]: NameError: name 'transform' is not defined. Did you mean: 'transforms'?
[rank0]:[W817 08:23:40.049777300 ProcessGroupNCCL.cpp:1496] Warning: WARNING: destroy_process_group() was not called before program exit, which can leak resources. For more info, please see https://pytorch.org/docs/stable/distributed.html#shutdown (function operator())
W0817 08:23:41.268000 3705664 torch/distributed/elastic/multiprocessing/api.py:897] Sending process 3705670 closing signal SIGTERM
E0817 08:23:41.383000 3705664 torch/distributed/elastic/multiprocessing/api.py:869] failed (exitcode: 1) local_rank: 1 (pid: 3705671) of binary: /home/sunset/environment/VQ-Tokenizer/bin/python
Traceback (most recent call last):
  File "/cvmfs/soft.computecanada.ca/easybuild/software/2023/x86-64-v3/Compiler/gcccore/python/3.10.13/lib/python3.10/runpy.py", line 196, in _run_module_as_main
    return _run_code(code, main_globals, None,
  File "/cvmfs/soft.computecanada.ca/easybuild/software/2023/x86-64-v3/Compiler/gcccore/python/3.10.13/lib/python3.10/runpy.py", line 86, in _run_code
    exec(code, run_globals)
  File "/home/sunset/environment/VQ-Tokenizer/lib/python3.10/site-packages/torch/distributed/launch.py", line 208, in <module>
    main()
  File "/home/sunset/environment/VQ-Tokenizer/lib/python3.10/site-packages/typing_extensions.py", line 2956, in wrapper
    return arg(*args, **kwargs)
  File "/home/sunset/environment/VQ-Tokenizer/lib/python3.10/site-packages/torch/distributed/launch.py", line 204, in main
    launch(args)
  File "/home/sunset/environment/VQ-Tokenizer/lib/python3.10/site-packages/torch/distributed/launch.py", line 189, in launch
    run(args)
  File "/home/sunset/environment/VQ-Tokenizer/lib/python3.10/site-packages/torch/distributed/run.py", line 909, in run
    elastic_launch(
  File "/home/sunset/environment/VQ-Tokenizer/lib/python3.10/site-packages/torch/distributed/launcher/api.py", line 138, in __call__
    return launch_agent(self._config, self._entrypoint, list(args))
  File "/home/sunset/environment/VQ-Tokenizer/lib/python3.10/site-packages/torch/distributed/launcher/api.py", line 269, in launch_agent
    raise ChildFailedError(
torch.distributed.elastic.multiprocessing.errors.ChildFailedError: 
============================================================
train_VQ_transplant.py FAILED
------------------------------------------------------------
Failures:
  <NO_OTHER_FAILURES>
------------------------------------------------------------
Root Cause (first observed failure):
[0]:
  time      : 2025-08-17_08:23:41
  host      : kn178.paice.vectorinstitute.ai
  rank      : 1 (local_rank: 1)
  exitcode  : 1 (pid: 3705671)
  error_file: <N/A>
  traceback : To enable traceback see: https://pytorch.org/docs/stable/elastic/errors.html
============================================================
