dataset_dir: /datasets/
dataset_name: ImageNet
global_batch_size: 128
workers: 8
resolution: 256
channels: 3
ms_patch_size: 1_2_3_4_5_6_8
max_patch_size: 8
codebook_size: 16384
codebook_dim: 8
project_dim: 16
pq: 1
L: 4
alpha: 1.0
beta: 1.0
gamma: 2.0
disc_weight: 0.2
lecam_loss_weight: 0.001
disc_cr_loss_weight: 4.0
VQ: mmd_vq
use_multiscale: False
transplant_epochs: 5
refinement_epochs: 5
eval_epochs: 1
lr_transplant: 1e-05
lr_refinement: 1e-05
dropout: 0.0
seed: 3407
weight_decay: 0.0001
stage: transplant
checkpoint_dir: /project/6105494/sunset/VQ-Projects/VQ-Transplant/checkpoint/Transplant/ImageNet
results_dir: /project/6105494/sunset/VQ-Projects/VQ-Transplant/results/Transplant/ImageNet
saver_dir: /project/6105494/sunset/VQ-Projects/VQ-Transplant/saver/Transplant/ImageNet
reconstruction_dir: /project/6105494/sunset/VQ-Projects/VQ-Transplant/reconstruction/Transplant/ImageNet
yaml_dir: /project/6105494/sunset/VQ-Projects/VQ-Transplant/yaml/Transplant/ImageNet
pretrained_tokenizer: /project/6105494/sunset/VQ-Projects/VQ-Transplant/pretrained_tokenizer/dc-ae-f32c32-sana-1.0.safetensors
checkpoint_name: 
nnodes: -1
node_rank: -1
local_rank: 0
dist_url: tcp://224.66.41.62:23456
dist_backend: nccl
world_size: 2
batch_size: 64
ms_token_size: (1, 2, 3, 4, 5, 6, 8)
init_checkpoint_dir: /project/6105494/sunset/VQ-Projects/VQ-Transplant/checkpoint/
data_pre: ImageNet
model_pre: model_16384_8_1
loss_pre: loss_1.0_1.0_2.0_0.2
training_pre: mmd_vq_transplant_False
saver_name_pre: mmd_vq_transplant_False_ImageNet_model_16384_8_1_loss_1.0_1.0_2.0_0.2
| distributed init (rank 0): env://
| distributed init (rank 1): env://
VQ Model Parameters: 312250275
dataset name: ImageNet
len train_set: 1281167
len val_set: 50000
Start training...
epoch:1, cur_lr:0.000010
Train Epoch: [1/5] Iters:[10/10009] transplant_loss 71.3784, rec_loss 0.2794, quant_error 4.8229,
Train Epoch: [1/5] Iters:[20/10009] transplant_loss 70.0578, rec_loss 0.2475, quant_error 4.4405,
Train Epoch: [1/5] Iters:[30/10009] transplant_loss 69.5798, rec_loss 0.2239, quant_error 4.1230,
Train Epoch: [1/5] Iters:[40/10009] transplant_loss 69.4616, rec_loss 0.2063, quant_error 3.8587,
Train Epoch: [1/5] Iters:[50/10009] transplant_loss 68.3959, rec_loss 0.1932, quant_error 3.6273,
Train Epoch: [1/5] Iters:[60/10009] transplant_loss 66.0529, rec_loss 0.1645, quant_error 3.1590,
Train Epoch: [1/5] Iters:[70/10009] transplant_loss 62.6523, rec_loss 0.1454, quant_error 2.7819,
Train Epoch: [1/5] Iters:[80/10009] transplant_loss 58.0563, rec_loss 0.1331, quant_error 2.4884,
Train Epoch: [1/5] Iters:[90/10009] transplant_loss 52.5027, rec_loss 0.1247, quant_error 2.2606,
Train Epoch: [1/5] Iters:[100/10009] transplant_loss 47.1481, rec_loss 0.1182, quant_error 2.0857,
Train Epoch: [1/5] Iters:[110/10009] transplant_loss 42.1805, rec_loss 0.1119, quant_error 1.9449,
Train Epoch: [1/5] Iters:[120/10009] transplant_loss 38.0916, rec_loss 0.1091, quant_error 1.8440,
Train Epoch: [1/5] Iters:[130/10009] transplant_loss 34.7536, rec_loss 0.1057, quant_error 1.7610,
Train Epoch: [1/5] Iters:[140/10009] transplant_loss 32.0137, rec_loss 0.1032, quant_error 1.6924,
Train Epoch: [1/5] Iters:[150/10009] transplant_loss 29.6857, rec_loss 0.1010, quant_error 1.6313,
Train Epoch: [1/5] Iters:[160/10009] transplant_loss 27.3945, rec_loss 0.0993, quant_error 1.5628,
Train Epoch: [1/5] Iters:[170/10009] transplant_loss 25.5927, rec_loss 0.0967, quant_error 1.5091,
Train Epoch: [1/5] Iters:[180/10009] transplant_loss 24.0254, rec_loss 0.0952, quant_error 1.4596,
Train Epoch: [1/5] Iters:[190/10009] transplant_loss 22.5968, rec_loss 0.0939, quant_error 1.4102,
Train Epoch: [1/5] Iters:[200/10009] transplant_loss 21.2962, rec_loss 0.0921, quant_error 1.3610,
Train Epoch: [1/5] Iters:[210/10009] transplant_loss 20.2485, rec_loss 0.0898, quant_error 1.3198,
Train Epoch: [1/5] Iters:[220/10009] transplant_loss 19.2608, rec_loss 0.0883, quant_error 1.2780,
Train Epoch: [1/5] Iters:[230/10009] transplant_loss 18.3627, rec_loss 0.0865, quant_error 1.2366,
Train Epoch: [1/5] Iters:[240/10009] transplant_loss 17.3919, rec_loss 0.0842, quant_error 1.1899,
Train Epoch: [1/5] Iters:[250/10009] transplant_loss 16.6202, rec_loss 0.0821, quant_error 1.1513,
Train Epoch: [1/5] Iters:[260/10009] transplant_loss 15.8922, rec_loss 0.0814, quant_error 1.1132,
Train Epoch: [1/5] Iters:[270/10009] transplant_loss 15.1673, rec_loss 0.0799, quant_error 1.0736,
Train Epoch: [1/5] Iters:[280/10009] transplant_loss 14.5016, rec_loss 0.0784, quant_error 1.0373,
Train Epoch: [1/5] Iters:[290/10009] transplant_loss 13.9894, rec_loss 0.0771, quant_error 1.0082,
Train Epoch: [1/5] Iters:[300/10009] transplant_loss 13.4502, rec_loss 0.0762, quant_error 0.9782,
Train Epoch: [1/5] Iters:[310/10009] transplant_loss 13.0154, rec_loss 0.0749, quant_error 0.9534,
Train Epoch: [1/5] Iters:[320/10009] transplant_loss 12.6520, rec_loss 0.0735, quant_error 0.9325,
Train Epoch: [1/5] Iters:[330/10009] transplant_loss 12.2679, rec_loss 0.0725, quant_error 0.9100,
Train Epoch: [1/5] Iters:[340/10009] transplant_loss 11.9228, rec_loss 0.0714, quant_error 0.8898,
Train Epoch: [1/5] Iters:[350/10009] transplant_loss 11.5816, rec_loss 0.0706, quant_error 0.8689,
Train Epoch: [1/5] Iters:[360/10009] transplant_loss 11.2480, rec_loss 0.0694, quant_error 0.8482,
Train Epoch: [1/5] Iters:[370/10009] transplant_loss 10.9664, rec_loss 0.0694, quant_error 0.8301,
Train Epoch: [1/5] Iters:[380/10009] transplant_loss 10.7232, rec_loss 0.0684, quant_error 0.8146,
Train Epoch: [1/5] Iters:[390/10009] transplant_loss 10.4815, rec_loss 0.0677, quant_error 0.7988,
Train Epoch: [1/5] Iters:[400/10009] transplant_loss 10.2841, rec_loss 0.0674, quant_error 0.7863,
Train Epoch: [1/5] Iters:[410/10009] transplant_loss 10.1024, rec_loss 0.0668, quant_error 0.7745,
Train Epoch: [1/5] Iters:[420/10009] transplant_loss 9.9237, rec_loss 0.0656, quant_error 0.7630,
Train Epoch: [1/5] Iters:[430/10009] transplant_loss 9.7484, rec_loss 0.0653, quant_error 0.7509,
Train Epoch: [1/5] Iters:[440/10009] transplant_loss 9.5809, rec_loss 0.0651, quant_error 0.7397,
Train Epoch: [1/5] Iters:[450/10009] transplant_loss 9.3895, rec_loss 0.0642, quant_error 0.7269,
Train Epoch: [1/5] Iters:[460/10009] transplant_loss 9.2590, rec_loss 0.0636, quant_error 0.7177,
Train Epoch: [1/5] Iters:[470/10009] transplant_loss 9.1056, rec_loss 0.0630, quant_error 0.7073,
Train Epoch: [1/5] Iters:[480/10009] transplant_loss 8.9739, rec_loss 0.0627, quant_error 0.6986,
Train Epoch: [1/5] Iters:[490/10009] transplant_loss 8.8275, rec_loss 0.0623, quant_error 0.6884,
Train Epoch: [1/5] Iters:[500/10009] transplant_loss 8.7427, rec_loss 0.0620, quant_error 0.6822,
Train Epoch: [1/5] Iters:[510/10009] transplant_loss 8.6024, rec_loss 0.0614, quant_error 0.6723,
Train Epoch: [1/5] Iters:[520/10009] transplant_loss 8.4845, rec_loss 0.0613, quant_error 0.6637,
Train Epoch: [1/5] Iters:[530/10009] transplant_loss 8.4326, rec_loss 0.0609, quant_error 0.6595,
Train Epoch: [1/5] Iters:[540/10009] transplant_loss 8.3199, rec_loss 0.0602, quant_error 0.6514,
Train Epoch: [1/5] Iters:[550/10009] transplant_loss 8.1870, rec_loss 0.0599, quant_error 0.6417,
Train Epoch: [1/5] Iters:[560/10009] transplant_loss 8.1141, rec_loss 0.0600, quant_error 0.6365,
Train Epoch: [1/5] Iters:[570/10009] transplant_loss 8.0901, rec_loss 0.0599, quant_error 0.6343,
Train Epoch: [1/5] Iters:[580/10009] transplant_loss 8.0137, rec_loss 0.0602, quant_error 0.6284,
Train Epoch: [1/5] Iters:[590/10009] transplant_loss 7.9541, rec_loss 0.0598, quant_error 0.6237,
Train Epoch: [1/5] Iters:[600/10009] transplant_loss 7.9014, rec_loss 0.0601, quant_error 0.6197,
Train Epoch: [1/5] Iters:[610/10009] transplant_loss 7.8448, rec_loss 0.0596, quant_error 0.6149,
Train Epoch: [1/5] Iters:[620/10009] transplant_loss 7.7662, rec_loss 0.0598, quant_error 0.6091,
Train Epoch: [1/5] Iters:[630/10009] transplant_loss 7.6995, rec_loss 0.0594, quant_error 0.6040,
Train Epoch: [1/5] Iters:[640/10009] transplant_loss 7.6765, rec_loss 0.0599, quant_error 0.6021,
Train Epoch: [1/5] Iters:[650/10009] transplant_loss 7.6378, rec_loss 0.0596, quant_error 0.5988,
Train Epoch: [1/5] Iters:[660/10009] transplant_loss 7.5900, rec_loss 0.0601, quant_error 0.5952,
Train Epoch: [1/5] Iters:[670/10009] transplant_loss 7.5061, rec_loss 0.0587, quant_error 0.5886,
Train Epoch: [1/5] Iters:[680/10009] transplant_loss 7.4369, rec_loss 0.0581, quant_error 0.5832,
Train Epoch: [1/5] Iters:[690/10009] transplant_loss 7.4163, rec_loss 0.0580, quant_error 0.5812,
Train Epoch: [1/5] Iters:[700/10009] transplant_loss 7.3774, rec_loss 0.0577, quant_error 0.5782,
Train Epoch: [1/5] Iters:[710/10009] transplant_loss 7.3087, rec_loss 0.0572, quant_error 0.5730,
Train Epoch: [1/5] Iters:[720/10009] transplant_loss 7.2851, rec_loss 0.0571, quant_error 0.5711,
Train Epoch: [1/5] Iters:[730/10009] transplant_loss 7.2678, rec_loss 0.0568, quant_error 0.5697,
Train Epoch: [1/5] Iters:[740/10009] transplant_loss 7.2152, rec_loss 0.0564, quant_error 0.5653,
Train Epoch: [1/5] Iters:[750/10009] transplant_loss 7.1957, rec_loss 0.0556, quant_error 0.5632,
Train Epoch: [1/5] Iters:[760/10009] transplant_loss 7.1729, rec_loss 0.0560, quant_error 0.5611,
Train Epoch: [1/5] Iters:[770/10009] transplant_loss 7.1298, rec_loss 0.0566, quant_error 0.5577,
Train Epoch: [1/5] Iters:[780/10009] transplant_loss 7.0743, rec_loss 0.0571, quant_error 0.5534,
Train Epoch: [1/5] Iters:[790/10009] transplant_loss 7.0128, rec_loss 0.0570, quant_error 0.5487,
Train Epoch: [1/5] Iters:[800/10009] transplant_loss 6.9607, rec_loss 0.0576, quant_error 0.5447,
Train Epoch: [1/5] Iters:[810/10009] transplant_loss 6.9436, rec_loss 0.0576, quant_error 0.5431,
Train Epoch: [1/5] Iters:[820/10009] transplant_loss 6.9230, rec_loss 0.0571, quant_error 0.5410,
Train Epoch: [1/5] Iters:[830/10009] transplant_loss 6.8902, rec_loss 0.0564, quant_error 0.5381,
Train Epoch: [1/5] Iters:[840/10009] transplant_loss 6.8909, rec_loss 0.0567, quant_error 0.5377,
Train Epoch: [1/5] Iters:[850/10009] transplant_loss 6.8626, rec_loss 0.0562, quant_error 0.5355,
Train Epoch: [1/5] Iters:[860/10009] transplant_loss 6.8248, rec_loss 0.0553, quant_error 0.5325,
Train Epoch: [1/5] Iters:[870/10009] transplant_loss 6.8041, rec_loss 0.0555, quant_error 0.5308,
Train Epoch: [1/5] Iters:[880/10009] transplant_loss 6.8106, rec_loss 0.0556, quant_error 0.5310,
Train Epoch: [1/5] Iters:[890/10009] transplant_loss 6.7758, rec_loss 0.0551, quant_error 0.5282,
Train Epoch: [1/5] Iters:[900/10009] transplant_loss 6.7427, rec_loss 0.0551, quant_error 0.5252,
Train Epoch: [1/5] Iters:[910/10009] transplant_loss 6.7093, rec_loss 0.0549, quant_error 0.5222,
Train Epoch: [1/5] Iters:[920/10009] transplant_loss 6.6819, rec_loss 0.0553, quant_error 0.5198,
Train Epoch: [1/5] Iters:[930/10009] transplant_loss 6.6604, rec_loss 0.0553, quant_error 0.5177,
Train Epoch: [1/5] Iters:[940/10009] transplant_loss 6.6292, rec_loss 0.0556, quant_error 0.5150,
Train Epoch: [1/5] Iters:[950/10009] transplant_loss 6.6275, rec_loss 0.0555, quant_error 0.5145,
Train Epoch: [1/5] Iters:[960/10009] transplant_loss 6.6309, rec_loss 0.0560, quant_error 0.5146,
Train Epoch: [1/5] Iters:[970/10009] transplant_loss 6.6164, rec_loss 0.0554, quant_error 0.5131,
Train Epoch: [1/5] Iters:[980/10009] transplant_loss 6.5815, rec_loss 0.0552, quant_error 0.5103,
Train Epoch: [1/5] Iters:[990/10009] transplant_loss 6.5758, rec_loss 0.0553, quant_error 0.5095,
Train Epoch: [1/5] Iters:[1000/10009] transplant_loss 6.5825, rec_loss 0.0556, quant_error 0.5097,
Train Epoch: [1/5] Iters:[1010/10009] transplant_loss 6.5643, rec_loss 0.0552, quant_error 0.5079,
Train Epoch: [1/5] Iters:[1020/10009] transplant_loss 6.5544, rec_loss 0.0549, quant_error 0.5069,
Train Epoch: [1/5] Iters:[1030/10009] transplant_loss 6.5377, rec_loss 0.0550, quant_error 0.5054,
Train Epoch: [1/5] Iters:[1040/10009] transplant_loss 6.5273, rec_loss 0.0544, quant_error 0.5045,
Train Epoch: [1/5] Iters:[1050/10009] transplant_loss 6.4985, rec_loss 0.0546, quant_error 0.5021,
Train Epoch: [1/5] Iters:[1060/10009] transplant_loss 6.4803, rec_loss 0.0548, quant_error 0.5006,
Train Epoch: [1/5] Iters:[1070/10009] transplant_loss 6.4642, rec_loss 0.0548, quant_error 0.4991,
Train Epoch: [1/5] Iters:[1080/10009] transplant_loss 6.4743, rec_loss 0.0549, quant_error 0.4994,
Train Epoch: [1/5] Iters:[1090/10009] transplant_loss 6.4632, rec_loss 0.0551, quant_error 0.4980,
Train Epoch: [1/5] Iters:[1100/10009] transplant_loss 6.4439, rec_loss 0.0543, quant_error 0.4964,
Train Epoch: [1/5] Iters:[1110/10009] transplant_loss 6.4505, rec_loss 0.0533, quant_error 0.4965,
Train Epoch: [1/5] Iters:[1120/10009] transplant_loss 6.4165, rec_loss 0.0534, quant_error 0.4937,
Train Epoch: [1/5] Iters:[1130/10009] transplant_loss 6.3883, rec_loss 0.0532, quant_error 0.4915,
Train Epoch: [1/5] Iters:[1140/10009] transplant_loss 6.3668, rec_loss 0.0528, quant_error 0.4898,
Train Epoch: [1/5] Iters:[1150/10009] transplant_loss 6.3546, rec_loss 0.0528, quant_error 0.4885,
Train Epoch: [1/5] Iters:[1160/10009] transplant_loss 6.3366, rec_loss 0.0527, quant_error 0.4869,
Train Epoch: [1/5] Iters:[1170/10009] transplant_loss 6.3319, rec_loss 0.0521, quant_error 0.4861,
Train Epoch: [1/5] Iters:[1180/10009] transplant_loss 6.3130, rec_loss 0.0520, quant_error 0.4843,
Train Epoch: [1/5] Iters:[1190/10009] transplant_loss 6.2884, rec_loss 0.0525, quant_error 0.4821,
Train Epoch: [1/5] Iters:[1200/10009] transplant_loss 6.2668, rec_loss 0.0520, quant_error 0.4802,
Train Epoch: [1/5] Iters:[1210/10009] transplant_loss 6.2562, rec_loss 0.0526, quant_error 0.4795,
Train Epoch: [1/5] Iters:[1220/10009] transplant_loss 6.2530, rec_loss 0.0532, quant_error 0.4792,
Train Epoch: [1/5] Iters:[1230/10009] transplant_loss 6.2589, rec_loss 0.0528, quant_error 0.4793,
Train Epoch: [1/5] Iters:[1240/10009] transplant_loss 6.2560, rec_loss 0.0530, quant_error 0.4790,
Train Epoch: [1/5] Iters:[1250/10009] transplant_loss 6.2669, rec_loss 0.0533, quant_error 0.4795,
Train Epoch: [1/5] Iters:[1260/10009] transplant_loss 6.2582, rec_loss 0.0531, quant_error 0.4784,
Train Epoch: [1/5] Iters:[1270/10009] transplant_loss 6.2604, rec_loss 0.0530, quant_error 0.4783,
Train Epoch: [1/5] Iters:[1280/10009] transplant_loss 6.2397, rec_loss 0.0529, quant_error 0.4766,
Train Epoch: [1/5] Iters:[1290/10009] transplant_loss 6.2247, rec_loss 0.0518, quant_error 0.4749,
Train Epoch: [1/5] Iters:[1300/10009] transplant_loss 6.2169, rec_loss 0.0517, quant_error 0.4744,
Train Epoch: [1/5] Iters:[1310/10009] transplant_loss 6.1985, rec_loss 0.0512, quant_error 0.4727,
Train Epoch: [1/5] Iters:[1320/10009] transplant_loss 6.1997, rec_loss 0.0511, quant_error 0.4725,
Train Epoch: [1/5] Iters:[1330/10009] transplant_loss 6.2146, rec_loss 0.0513, quant_error 0.4734,
Train Epoch: [1/5] Iters:[1340/10009] transplant_loss 6.2246, rec_loss 0.0516, quant_error 0.4740,
Train Epoch: [1/5] Iters:[1350/10009] transplant_loss 6.2276, rec_loss 0.0514, quant_error 0.4737,
Train Epoch: [1/5] Iters:[1360/10009] transplant_loss 6.2121, rec_loss 0.0517, quant_error 0.4723,
Train Epoch: [1/5] Iters:[1370/10009] transplant_loss 6.2202, rec_loss 0.0514, quant_error 0.4727,
Train Epoch: [1/5] Iters:[1380/10009] transplant_loss 6.2039, rec_loss 0.0519, quant_error 0.4713,
Train Epoch: [1/5] Iters:[1390/10009] transplant_loss 6.1964, rec_loss 0.0515, quant_error 0.4705,
Train Epoch: [1/5] Iters:[1400/10009] transplant_loss 6.1789, rec_loss 0.0515, quant_error 0.4689,
Train Epoch: [1/5] Iters:[1410/10009] transplant_loss 6.1816, rec_loss 0.0518, quant_error 0.4691,
Train Epoch: [1/5] Iters:[1420/10009] transplant_loss 6.1705, rec_loss 0.0526, quant_error 0.4681,
Train Epoch: [1/5] Iters:[1430/10009] transplant_loss 6.1849, rec_loss 0.0520, quant_error 0.4688,
Train Epoch: [1/5] Iters:[1440/10009] transplant_loss 6.1911, rec_loss 0.0525, quant_error 0.4691,
Train Epoch: [1/5] Iters:[1450/10009] transplant_loss 6.1975, rec_loss 0.0528, quant_error 0.4694,
Train Epoch: [1/5] Iters:[1460/10009] transplant_loss 6.2040, rec_loss 0.0529, quant_error 0.4697,
Train Epoch: [1/5] Iters:[1470/10009] transplant_loss 6.1864, rec_loss 0.0521, quant_error 0.4682,
Train Epoch: [1/5] Iters:[1480/10009] transplant_loss 6.1755, rec_loss 0.0525, quant_error 0.4672,
Train Epoch: [1/5] Iters:[1490/10009] transplant_loss 6.1593, rec_loss 0.0524, quant_error 0.4658,
Train Epoch: [1/5] Iters:[1500/10009] transplant_loss 6.1594, rec_loss 0.0525, quant_error 0.4656,
Train Epoch: [1/5] Iters:[1510/10009] transplant_loss 6.1570, rec_loss 0.0525, quant_error 0.4651,
Train Epoch: [1/5] Iters:[1520/10009] transplant_loss 6.1529, rec_loss 0.0530, quant_error 0.4647,
Train Epoch: [1/5] Iters:[1530/10009] transplant_loss 6.1574, rec_loss 0.0533, quant_error 0.4649,
Train Epoch: [1/5] Iters:[1540/10009] transplant_loss 6.1636, rec_loss 0.0528, quant_error 0.4651,
Train Epoch: [1/5] Iters:[1550/10009] transplant_loss 6.1432, rec_loss 0.0528, quant_error 0.4635,
Train Epoch: [1/5] Iters:[1560/10009] transplant_loss 6.1566, rec_loss 0.0525, quant_error 0.4641,
Train Epoch: [1/5] Iters:[1570/10009] transplant_loss 6.1412, rec_loss 0.0517, quant_error 0.4627,
Train Epoch: [1/5] Iters:[1580/10009] transplant_loss 6.1310, rec_loss 0.0513, quant_error 0.4617,
Train Epoch: [1/5] Iters:[1590/10009] transplant_loss 6.1137, rec_loss 0.0512, quant_error 0.4603,
Train Epoch: [1/5] Iters:[1600/10009] transplant_loss 6.1278, rec_loss 0.0516, quant_error 0.4611,
Train Epoch: [1/5] Iters:[1610/10009] transplant_loss 6.1039, rec_loss 0.0521, quant_error 0.4592,
Train Epoch: [1/5] Iters:[1620/10009] transplant_loss 6.1073, rec_loss 0.0525, quant_error 0.4593,
Train Epoch: [1/5] Iters:[1630/10009] transplant_loss 6.0782, rec_loss 0.0521, quant_error 0.4571,
Train Epoch: [1/5] Iters:[1640/10009] transplant_loss 6.0782, rec_loss 0.0528, quant_error 0.4568,
Train Epoch: [1/5] Iters:[1650/10009] transplant_loss 6.0670, rec_loss 0.0521, quant_error 0.4557,
Train Epoch: [1/5] Iters:[1660/10009] transplant_loss 6.0604, rec_loss 0.0513, quant_error 0.4551,
Train Epoch: [1/5] Iters:[1670/10009] transplant_loss 6.0924, rec_loss 0.0515, quant_error 0.4571,
Train Epoch: [1/5] Iters:[1680/10009] transplant_loss 6.0935, rec_loss 0.0514, quant_error 0.4569,
Train Epoch: [1/5] Iters:[1690/10009] transplant_loss 6.1102, rec_loss 0.0513, quant_error 0.4580,
Train Epoch: [1/5] Iters:[1700/10009] transplant_loss 6.0888, rec_loss 0.0512, quant_error 0.4562,
Train Epoch: [1/5] Iters:[1710/10009] transplant_loss 6.1081, rec_loss 0.0516, quant_error 0.4576,
Train Epoch: [1/5] Iters:[1720/10009] transplant_loss 6.0970, rec_loss 0.0517, quant_error 0.4566,
Train Epoch: [1/5] Iters:[1730/10009] transplant_loss 6.1230, rec_loss 0.0518, quant_error 0.4583,
Train Epoch: [1/5] Iters:[1740/10009] transplant_loss 6.1345, rec_loss 0.0521, quant_error 0.4590,
Train Epoch: [1/5] Iters:[1750/10009] transplant_loss 6.1579, rec_loss 0.0523, quant_error 0.4605,
Train Epoch: [1/5] Iters:[1760/10009] transplant_loss 6.1430, rec_loss 0.0526, quant_error 0.4593,
Train Epoch: [1/5] Iters:[1770/10009] transplant_loss 6.1455, rec_loss 0.0525, quant_error 0.4593,
Train Epoch: [1/5] Iters:[1780/10009] transplant_loss 6.1157, rec_loss 0.0523, quant_error 0.4569,
Train Epoch: [1/5] Iters:[1790/10009] transplant_loss 6.0800, rec_loss 0.0525, quant_error 0.4542,
Train Epoch: [1/5] Iters:[1800/10009] transplant_loss 6.0713, rec_loss 0.0524, quant_error 0.4534,
Train Epoch: [1/5] Iters:[1810/10009] transplant_loss 6.0764, rec_loss 0.0520, quant_error 0.4535,
Train Epoch: [1/5] Iters:[1820/10009] transplant_loss 6.0465, rec_loss 0.0517, quant_error 0.4512,
Train Epoch: [1/5] Iters:[1830/10009] transplant_loss 6.0371, rec_loss 0.0518, quant_error 0.4503,
Train Epoch: [1/5] Iters:[1840/10009] transplant_loss 6.0427, rec_loss 0.0510, quant_error 0.4506,
Train Epoch: [1/5] Iters:[1850/10009] transplant_loss 6.0593, rec_loss 0.0514, quant_error 0.4515,
Train Epoch: [1/5] Iters:[1860/10009] transplant_loss 6.0503, rec_loss 0.0513, quant_error 0.4506,
Train Epoch: [1/5] Iters:[1870/10009] transplant_loss 6.0579, rec_loss 0.0510, quant_error 0.4508,
Train Epoch: [1/5] Iters:[1880/10009] transplant_loss 6.0796, rec_loss 0.0511, quant_error 0.4522,
Train Epoch: [1/5] Iters:[1890/10009] transplant_loss 6.0746, rec_loss 0.0509, quant_error 0.4516,
Train Epoch: [1/5] Iters:[1900/10009] transplant_loss 6.0774, rec_loss 0.0509, quant_error 0.4517,
Train Epoch: [1/5] Iters:[1910/10009] transplant_loss 6.0642, rec_loss 0.0513, quant_error 0.4506,
Train Epoch: [1/5] Iters:[1920/10009] transplant_loss 6.0717, rec_loss 0.0517, quant_error 0.4511,
Train Epoch: [1/5] Iters:[1930/10009] transplant_loss 6.0655, rec_loss 0.0512, quant_error 0.4504,
Train Epoch: [1/5] Iters:[1940/10009] transplant_loss 6.0792, rec_loss 0.0518, quant_error 0.4512,
Train Epoch: [1/5] Iters:[1950/10009] transplant_loss 6.0599, rec_loss 0.0520, quant_error 0.4496,
Train Epoch: [1/5] Iters:[1960/10009] transplant_loss 6.0821, rec_loss 0.0520, quant_error 0.4511,
Train Epoch: [1/5] Iters:[1970/10009] transplant_loss 6.0645, rec_loss 0.0518, quant_error 0.4497,
Train Epoch: [1/5] Iters:[1980/10009] transplant_loss 6.0654, rec_loss 0.0519, quant_error 0.4499,
Train Epoch: [1/5] Iters:[1990/10009] transplant_loss 6.0506, rec_loss 0.0516, quant_error 0.4488,
Train Epoch: [1/5] Iters:[2000/10009] transplant_loss 6.0357, rec_loss 0.0513, quant_error 0.4476,
Train Epoch: [1/5] Iters:[2010/10009] transplant_loss 6.0256, rec_loss 0.0510, quant_error 0.4467,
Train Epoch: [1/5] Iters:[2020/10009] transplant_loss 6.0441, rec_loss 0.0518, quant_error 0.4479,
Train Epoch: [1/5] Iters:[2030/10009] transplant_loss 6.0654, rec_loss 0.0524, quant_error 0.4493,
Train Epoch: [1/5] Iters:[2040/10009] transplant_loss 6.0594, rec_loss 0.0522, quant_error 0.4485,
Train Epoch: [1/5] Iters:[2050/10009] transplant_loss 6.0660, rec_loss 0.0521, quant_error 0.4489,
Train Epoch: [1/5] Iters:[2060/10009] transplant_loss 6.0545, rec_loss 0.0517, quant_error 0.4479,
Train Epoch: [1/5] Iters:[2070/10009] transplant_loss 6.0370, rec_loss 0.0510, quant_error 0.4463,
Train Epoch: [1/5] Iters:[2080/10009] transplant_loss 6.0118, rec_loss 0.0506, quant_error 0.4442,
Train Epoch: [1/5] Iters:[2090/10009] transplant_loss 6.0333, rec_loss 0.0504, quant_error 0.4457,
Train Epoch: [1/5] Iters:[2100/10009] transplant_loss 6.0462, rec_loss 0.0507, quant_error 0.4465,
Train Epoch: [1/5] Iters:[2110/10009] transplant_loss 6.0625, rec_loss 0.0506, quant_error 0.4474,
Train Epoch: [1/5] Iters:[2120/10009] transplant_loss 6.1019, rec_loss 0.0511, quant_error 0.4502,
Train Epoch: [1/5] Iters:[2130/10009] transplant_loss 6.0965, rec_loss 0.0512, quant_error 0.4497,
Train Epoch: [1/5] Iters:[2140/10009] transplant_loss 6.0831, rec_loss 0.0515, quant_error 0.4487,
Train Epoch: [1/5] Iters:[2150/10009] transplant_loss 6.0649, rec_loss 0.0513, quant_error 0.4472,
Train Epoch: [1/5] Iters:[2160/10009] transplant_loss 6.0631, rec_loss 0.0518, quant_error 0.4471,
Train Epoch: [1/5] Iters:[2170/10009] transplant_loss 6.0380, rec_loss 0.0510, quant_error 0.4451,
Train Epoch: [1/5] Iters:[2180/10009] transplant_loss 6.0488, rec_loss 0.0510, quant_error 0.4458,
Train Epoch: [1/5] Iters:[2190/10009] transplant_loss 6.0492, rec_loss 0.0512, quant_error 0.4457,
Train Epoch: [1/5] Iters:[2200/10009] transplant_loss 6.0612, rec_loss 0.0508, quant_error 0.4465,
Train Epoch: [1/5] Iters:[2210/10009] transplant_loss 6.0345, rec_loss 0.0500, quant_error 0.4443,
Train Epoch: [1/5] Iters:[2220/10009] transplant_loss 6.0204, rec_loss 0.0502, quant_error 0.4431,
Train Epoch: [1/5] Iters:[2230/10009] transplant_loss 6.0122, rec_loss 0.0500, quant_error 0.4425,
Train Epoch: [1/5] Iters:[2240/10009] transplant_loss 5.9989, rec_loss 0.0499, quant_error 0.4414,
Train Epoch: [1/5] Iters:[2250/10009] transplant_loss 5.9865, rec_loss 0.0503, quant_error 0.4403,
Train Epoch: [1/5] Iters:[2260/10009] transplant_loss 6.0045, rec_loss 0.0505, quant_error 0.4416,
Train Epoch: [1/5] Iters:[2270/10009] transplant_loss 6.0155, rec_loss 0.0506, quant_error 0.4422,
Train Epoch: [1/5] Iters:[2280/10009] transplant_loss 6.0261, rec_loss 0.0510, quant_error 0.4428,
Train Epoch: [1/5] Iters:[2290/10009] transplant_loss 6.0377, rec_loss 0.0510, quant_error 0.4436,
Train Epoch: [1/5] Iters:[2300/10009] transplant_loss 6.0467, rec_loss 0.0506, quant_error 0.4440,
Train Epoch: [1/5] Iters:[2310/10009] transplant_loss 6.0426, rec_loss 0.0507, quant_error 0.4435,
Train Epoch: [1/5] Iters:[2320/10009] transplant_loss 6.0443, rec_loss 0.0507, quant_error 0.4435,
Train Epoch: [1/5] Iters:[2330/10009] transplant_loss 6.0437, rec_loss 0.0503, quant_error 0.4433,
Train Epoch: [1/5] Iters:[2340/10009] transplant_loss 6.0276, rec_loss 0.0501, quant_error 0.4420,
Train Epoch: [1/5] Iters:[2350/10009] transplant_loss 6.0167, rec_loss 0.0497, quant_error 0.4411,
Train Epoch: [1/5] Iters:[2360/10009] transplant_loss 6.0190, rec_loss 0.0501, quant_error 0.4411,
Train Epoch: [1/5] Iters:[2370/10009] transplant_loss 5.9988, rec_loss 0.0503, quant_error 0.4396,
Train Epoch: [1/5] Iters:[2380/10009] transplant_loss 5.9909, rec_loss 0.0505, quant_error 0.4390,
Train Epoch: [1/5] Iters:[2390/10009] transplant_loss 5.9931, rec_loss 0.0505, quant_error 0.4390,
Train Epoch: [1/5] Iters:[2400/10009] transplant_loss 5.9968, rec_loss 0.0509, quant_error 0.4393,
Train Epoch: [1/5] Iters:[2410/10009] transplant_loss 5.9955, rec_loss 0.0508, quant_error 0.4392,
Train Epoch: [1/5] Iters:[2420/10009] transplant_loss 5.9950, rec_loss 0.0509, quant_error 0.4391,
Train Epoch: [1/5] Iters:[2430/10009] transplant_loss 6.0149, rec_loss 0.0511, quant_error 0.4404,
Train Epoch: [1/5] Iters:[2440/10009] transplant_loss 6.0255, rec_loss 0.0512, quant_error 0.4412,
Train Epoch: [1/5] Iters:[2450/10009] transplant_loss 6.0518, rec_loss 0.0512, quant_error 0.4427,
Train Epoch: [1/5] Iters:[2460/10009] transplant_loss 6.0452, rec_loss 0.0511, quant_error 0.4419,
Train Epoch: [1/5] Iters:[2470/10009] transplant_loss 6.0538, rec_loss 0.0510, quant_error 0.4423,
Train Epoch: [1/5] Iters:[2480/10009] transplant_loss 6.0328, rec_loss 0.0500, quant_error 0.4407,
Train Epoch: [1/5] Iters:[2490/10009] transplant_loss 6.0565, rec_loss 0.0496, quant_error 0.4421,
Train Epoch: [1/5] Iters:[2500/10009] transplant_loss 6.0414, rec_loss 0.0499, quant_error 0.4410,
Train Epoch: [1/5] Iters:[2510/10009] transplant_loss 6.0541, rec_loss 0.0498, quant_error 0.4421,
Train Epoch: [1/5] Iters:[2520/10009] transplant_loss 6.0545, rec_loss 0.0500, quant_error 0.4420,
Train Epoch: [1/5] Iters:[2530/10009] transplant_loss 6.0697, rec_loss 0.0509, quant_error 0.4431,
Train Epoch: [1/5] Iters:[2540/10009] transplant_loss 6.0745, rec_loss 0.0515, quant_error 0.4436,
Train Epoch: [1/5] Iters:[2550/10009] transplant_loss 6.0770, rec_loss 0.0515, quant_error 0.4436,
Train Epoch: [1/5] Iters:[2560/10009] transplant_loss 6.0772, rec_loss 0.0521, quant_error 0.4435,
Train Epoch: [1/5] Iters:[2570/10009] transplant_loss 6.0969, rec_loss 0.0523, quant_error 0.4449,
Train Epoch: [1/5] Iters:[2580/10009] transplant_loss 6.0880, rec_loss 0.0520, quant_error 0.4440,
Train Epoch: [1/5] Iters:[2590/10009] transplant_loss 6.0723, rec_loss 0.0519, quant_error 0.4428,
Train Epoch: [1/5] Iters:[2600/10009] transplant_loss 6.0779, rec_loss 0.0517, quant_error 0.4432,
Train Epoch: [1/5] Iters:[2610/10009] transplant_loss 6.0506, rec_loss 0.0509, quant_error 0.4410,
Train Epoch: [1/5] Iters:[2620/10009] transplant_loss 6.0256, rec_loss 0.0503, quant_error 0.4392,
Train Epoch: [1/5] Iters:[2630/10009] transplant_loss 6.0276, rec_loss 0.0502, quant_error 0.4394,
Train Epoch: [1/5] Iters:[2640/10009] transplant_loss 6.0234, rec_loss 0.0500, quant_error 0.4390,
Train Epoch: [1/5] Iters:[2650/10009] transplant_loss 6.0092, rec_loss 0.0500, quant_error 0.4379,
Train Epoch: [1/5] Iters:[2660/10009] transplant_loss 6.0474, rec_loss 0.0497, quant_error 0.4407,
Train Epoch: [1/5] Iters:[2670/10009] transplant_loss 6.0700, rec_loss 0.0502, quant_error 0.4423,
Train Epoch: [1/5] Iters:[2680/10009] transplant_loss 6.0862, rec_loss 0.0506, quant_error 0.4433,
Train Epoch: [1/5] Iters:[2690/10009] transplant_loss 6.0783, rec_loss 0.0505, quant_error 0.4425,
Train Epoch: [1/5] Iters:[2700/10009] transplant_loss 6.0790, rec_loss 0.0502, quant_error 0.4424,
Train Epoch: [1/5] Iters:[2710/10009] transplant_loss 6.0703, rec_loss 0.0508, quant_error 0.4416,
Train Epoch: [1/5] Iters:[2720/10009] transplant_loss 6.0531, rec_loss 0.0507, quant_error 0.4402,
Train Epoch: [1/5] Iters:[2730/10009] transplant_loss 6.0425, rec_loss 0.0503, quant_error 0.4395,
Train Epoch: [1/5] Iters:[2740/10009] transplant_loss 6.0540, rec_loss 0.0504, quant_error 0.4403,
Train Epoch: [1/5] Iters:[2750/10009] transplant_loss 6.0573, rec_loss 0.0513, quant_error 0.4405,
Train Epoch: [1/5] Iters:[2760/10009] transplant_loss 6.0692, rec_loss 0.0518, quant_error 0.4414,
Train Epoch: [1/5] Iters:[2770/10009] transplant_loss 6.0620, rec_loss 0.0513, quant_error 0.4407,
Train Epoch: [1/5] Iters:[2780/10009] transplant_loss 6.0633, rec_loss 0.0508, quant_error 0.4405,
Train Epoch: [1/5] Iters:[2790/10009] transplant_loss 6.0784, rec_loss 0.0511, quant_error 0.4416,
Train Epoch: [1/5] Iters:[2800/10009] transplant_loss 6.0704, rec_loss 0.0510, quant_error 0.4408,
Train Epoch: [1/5] Iters:[2810/10009] transplant_loss 6.0615, rec_loss 0.0505, quant_error 0.4402,
Train Epoch: [1/5] Iters:[2820/10009] transplant_loss 6.0789, rec_loss 0.0512, quant_error 0.4415,
Train Epoch: [1/5] Iters:[2830/10009] transplant_loss 6.0653, rec_loss 0.0516, quant_error 0.4405,
Train Epoch: [1/5] Iters:[2840/10009] transplant_loss 6.0306, rec_loss 0.0512, quant_error 0.4379,
Train Epoch: [1/5] Iters:[2850/10009] transplant_loss 6.0256, rec_loss 0.0506, quant_error 0.4376,
Train Epoch: [1/5] Iters:[2860/10009] transplant_loss 6.0239, rec_loss 0.0509, quant_error 0.4373,
Train Epoch: [1/5] Iters:[2870/10009] transplant_loss 6.0232, rec_loss 0.0506, quant_error 0.4370,
Train Epoch: [1/5] Iters:[2880/10009] transplant_loss 6.0398, rec_loss 0.0512, quant_error 0.4383,
Train Epoch: [1/5] Iters:[2890/10009] transplant_loss 6.0500, rec_loss 0.0511, quant_error 0.4389,
Train Epoch: [1/5] Iters:[2900/10009] transplant_loss 6.0554, rec_loss 0.0512, quant_error 0.4392,
Train Epoch: [1/5] Iters:[2910/10009] transplant_loss 6.0443, rec_loss 0.0506, quant_error 0.4382,
Train Epoch: [1/5] Iters:[2920/10009] transplant_loss 6.0526, rec_loss 0.0505, quant_error 0.4389,
Train Epoch: [1/5] Iters:[2930/10009] transplant_loss 6.0334, rec_loss 0.0500, quant_error 0.4373,
Train Epoch: [1/5] Iters:[2940/10009] transplant_loss 6.0291, rec_loss 0.0503, quant_error 0.4371,
Train Epoch: [1/5] Iters:[2950/10009] transplant_loss 6.0400, rec_loss 0.0503, quant_error 0.4378,
Train Epoch: [1/5] Iters:[2960/10009] transplant_loss 6.0320, rec_loss 0.0509, quant_error 0.4374,
Train Epoch: [1/5] Iters:[2970/10009] transplant_loss 6.0257, rec_loss 0.0511, quant_error 0.4369,
Train Epoch: [1/5] Iters:[2980/10009] transplant_loss 6.0293, rec_loss 0.0511, quant_error 0.4369,
Train Epoch: [1/5] Iters:[2990/10009] transplant_loss 6.0366, rec_loss 0.0508, quant_error 0.4372,
Train Epoch: [1/5] Iters:[3000/10009] transplant_loss 6.0359, rec_loss 0.0506, quant_error 0.4369,
Train Epoch: [1/5] Iters:[3010/10009] transplant_loss 6.0368, rec_loss 0.0501, quant_error 0.4367,
Train Epoch: [1/5] Iters:[3020/10009] transplant_loss 6.0260, rec_loss 0.0499, quant_error 0.4359,
Train Epoch: [1/5] Iters:[3030/10009] transplant_loss 6.0318, rec_loss 0.0506, quant_error 0.4365,
Train Epoch: [1/5] Iters:[3040/10009] transplant_loss 6.0269, rec_loss 0.0507, quant_error 0.4361,
Train Epoch: [1/5] Iters:[3050/10009] transplant_loss 6.0428, rec_loss 0.0503, quant_error 0.4372,
Train Epoch: [1/5] Iters:[3060/10009] transplant_loss 6.0529, rec_loss 0.0505, quant_error 0.4379,
Train Epoch: [1/5] Iters:[3070/10009] transplant_loss 6.0544, rec_loss 0.0503, quant_error 0.4379,
Train Epoch: [1/5] Iters:[3080/10009] transplant_loss 6.0574, rec_loss 0.0499, quant_error 0.4380,
Train Epoch: [1/5] Iters:[3090/10009] transplant_loss 6.0764, rec_loss 0.0499, quant_error 0.4393,
Train Epoch: [1/5] Iters:[3100/10009] transplant_loss 6.0538, rec_loss 0.0504, quant_error 0.4377,
Train Epoch: [1/5] Iters:[3110/10009] transplant_loss 6.0574, rec_loss 0.0506, quant_error 0.4379,
Train Epoch: [1/5] Iters:[3120/10009] transplant_loss 6.0571, rec_loss 0.0507, quant_error 0.4378,
Train Epoch: [1/5] Iters:[3130/10009] transplant_loss 6.0502, rec_loss 0.0506, quant_error 0.4373,
Train Epoch: [1/5] Iters:[3140/10009] transplant_loss 6.0496, rec_loss 0.0504, quant_error 0.4371,
Train Epoch: [1/5] Iters:[3150/10009] transplant_loss 6.0446, rec_loss 0.0502, quant_error 0.4367,
Train Epoch: [1/5] Iters:[3160/10009] transplant_loss 6.0636, rec_loss 0.0505, quant_error 0.4380,
Train Epoch: [1/5] Iters:[3170/10009] transplant_loss 6.0748, rec_loss 0.0502, quant_error 0.4388,
Train Epoch: [1/5] Iters:[3180/10009] transplant_loss 6.0671, rec_loss 0.0501, quant_error 0.4382,
Train Epoch: [1/5] Iters:[3190/10009] transplant_loss 6.0557, rec_loss 0.0502, quant_error 0.4373,
Train Epoch: [1/5] Iters:[3200/10009] transplant_loss 6.0698, rec_loss 0.0504, quant_error 0.4383,
Train Epoch: [1/5] Iters:[3210/10009] transplant_loss 6.0506, rec_loss 0.0496, quant_error 0.4368,
Train Epoch: [1/5] Iters:[3220/10009] transplant_loss 6.0207, rec_loss 0.0502, quant_error 0.4345,
Train Epoch: [1/5] Iters:[3230/10009] transplant_loss 6.0241, rec_loss 0.0495, quant_error 0.4347,
Train Epoch: [1/5] Iters:[3240/10009] transplant_loss 6.0120, rec_loss 0.0494, quant_error 0.4338,
Train Epoch: [1/5] Iters:[3250/10009] transplant_loss 6.0119, rec_loss 0.0501, quant_error 0.4338,
Train Epoch: [1/5] Iters:[3260/10009] transplant_loss 5.9940, rec_loss 0.0498, quant_error 0.4324,
Train Epoch: [1/5] Iters:[3270/10009] transplant_loss 6.0262, rec_loss 0.0495, quant_error 0.4348,
Train Epoch: [1/5] Iters:[3280/10009] transplant_loss 6.0478, rec_loss 0.0506, quant_error 0.4362,
Train Epoch: [1/5] Iters:[3290/10009] transplant_loss 6.0770, rec_loss 0.0512, quant_error 0.4382,
Train Epoch: [1/5] Iters:[3300/10009] transplant_loss 6.0734, rec_loss 0.0505, quant_error 0.4378,
Train Epoch: [1/5] Iters:[3310/10009] transplant_loss 6.1043, rec_loss 0.0514, quant_error 0.4400,
Train Epoch: [1/5] Iters:[3320/10009] transplant_loss 6.0829, rec_loss 0.0509, quant_error 0.4384,
Train Epoch: [1/5] Iters:[3330/10009] transplant_loss 6.0776, rec_loss 0.0501, quant_error 0.4380,
Train Epoch: [1/5] Iters:[3340/10009] transplant_loss 6.0733, rec_loss 0.0501, quant_error 0.4377,
Train Epoch: [1/5] Iters:[3350/10009] transplant_loss 6.0797, rec_loss 0.0501, quant_error 0.4381,
Train Epoch: [1/5] Iters:[3360/10009] transplant_loss 6.0708, rec_loss 0.0500, quant_error 0.4375,
Train Epoch: [1/5] Iters:[3370/10009] transplant_loss 6.0719, rec_loss 0.0509, quant_error 0.4375,
Train Epoch: [1/5] Iters:[3380/10009] transplant_loss 6.0742, rec_loss 0.0507, quant_error 0.4376,
Train Epoch: [1/5] Iters:[3390/10009] transplant_loss 6.0646, rec_loss 0.0502, quant_error 0.4368,
Train Epoch: [1/5] Iters:[3400/10009] transplant_loss 6.0482, rec_loss 0.0502, quant_error 0.4357,
Train Epoch: [1/5] Iters:[3410/10009] transplant_loss 6.0448, rec_loss 0.0499, quant_error 0.4353,
Train Epoch: [1/5] Iters:[3420/10009] transplant_loss 6.0574, rec_loss 0.0497, quant_error 0.4363,
Train Epoch: [1/5] Iters:[3430/10009] transplant_loss 6.0260, rec_loss 0.0495, quant_error 0.4340,
Train Epoch: [1/5] Iters:[3440/10009] transplant_loss 6.0283, rec_loss 0.0493, quant_error 0.4342,
Train Epoch: [1/5] Iters:[3450/10009] transplant_loss 6.0385, rec_loss 0.0492, quant_error 0.4348,
Train Epoch: [1/5] Iters:[3460/10009] transplant_loss 6.0206, rec_loss 0.0490, quant_error 0.4334,
Train Epoch: [1/5] Iters:[3470/10009] transplant_loss 6.0151, rec_loss 0.0491, quant_error 0.4331,
Train Epoch: [1/5] Iters:[3480/10009] transplant_loss 6.0242, rec_loss 0.0495, quant_error 0.4337,
Train Epoch: [1/5] Iters:[3490/10009] transplant_loss 6.0345, rec_loss 0.0496, quant_error 0.4345,
Train Epoch: [1/5] Iters:[3500/10009] transplant_loss 6.0176, rec_loss 0.0497, quant_error 0.4332,
Train Epoch: [1/5] Iters:[3510/10009] transplant_loss 6.0288, rec_loss 0.0502, quant_error 0.4340,
Train Epoch: [1/5] Iters:[3520/10009] transplant_loss 6.0356, rec_loss 0.0506, quant_error 0.4342,
Train Epoch: [1/5] Iters:[3530/10009] transplant_loss 6.0296, rec_loss 0.0502, quant_error 0.4336,
Train Epoch: [1/5] Iters:[3540/10009] transplant_loss 6.0283, rec_loss 0.0507, quant_error 0.4333,
Train Epoch: [1/5] Iters:[3550/10009] transplant_loss 6.0304, rec_loss 0.0510, quant_error 0.4335,
Train Epoch: [1/5] Iters:[3560/10009] transplant_loss 6.0364, rec_loss 0.0511, quant_error 0.4340,
Train Epoch: [1/5] Iters:[3570/10009] transplant_loss 6.0396, rec_loss 0.0512, quant_error 0.4343,
Train Epoch: [1/5] Iters:[3580/10009] transplant_loss 6.0722, rec_loss 0.0521, quant_error 0.4366,
Train Epoch: [1/5] Iters:[3590/10009] transplant_loss 6.0417, rec_loss 0.0517, quant_error 0.4345,
Train Epoch: [1/5] Iters:[3600/10009] transplant_loss 6.0471, rec_loss 0.0515, quant_error 0.4347,
Train Epoch: [1/5] Iters:[3610/10009] transplant_loss 6.0433, rec_loss 0.0508, quant_error 0.4344,
Train Epoch: [1/5] Iters:[3620/10009] transplant_loss 6.0324, rec_loss 0.0502, quant_error 0.4334,
Train Epoch: [1/5] Iters:[3630/10009] transplant_loss 6.0033, rec_loss 0.0504, quant_error 0.4314,
Train Epoch: [1/5] Iters:[3640/10009] transplant_loss 6.0123, rec_loss 0.0502, quant_error 0.4318,
Train Epoch: [1/5] Iters:[3650/10009] transplant_loss 6.0215, rec_loss 0.0503, quant_error 0.4325,
Train Epoch: [1/5] Iters:[3660/10009] transplant_loss 6.0222, rec_loss 0.0505, quant_error 0.4324,
Train Epoch: [1/5] Iters:[3670/10009] transplant_loss 6.0198, rec_loss 0.0503, quant_error 0.4322,
Train Epoch: [1/5] Iters:[3680/10009] transplant_loss 6.0379, rec_loss 0.0503, quant_error 0.4334,
Train Epoch: [1/5] Iters:[3690/10009] transplant_loss 6.0377, rec_loss 0.0507, quant_error 0.4334,
Train Epoch: [1/5] Iters:[3700/10009] transplant_loss 6.0174, rec_loss 0.0507, quant_error 0.4319,
Train Epoch: [1/5] Iters:[3710/10009] transplant_loss 6.0230, rec_loss 0.0505, quant_error 0.4322,
Train Epoch: [1/5] Iters:[3720/10009] transplant_loss 6.0277, rec_loss 0.0504, quant_error 0.4325,
Train Epoch: [1/5] Iters:[3730/10009] transplant_loss 6.0173, rec_loss 0.0501, quant_error 0.4318,
Train Epoch: [1/5] Iters:[3740/10009] transplant_loss 6.0195, rec_loss 0.0500, quant_error 0.4318,
Train Epoch: [1/5] Iters:[3750/10009] transplant_loss 6.0353, rec_loss 0.0499, quant_error 0.4329,
Train Epoch: [1/5] Iters:[3760/10009] transplant_loss 6.0328, rec_loss 0.0499, quant_error 0.4327,
Train Epoch: [1/5] Iters:[3770/10009] transplant_loss 6.0350, rec_loss 0.0505, quant_error 0.4328,
Train Epoch: [1/5] Iters:[3780/10009] transplant_loss 6.0207, rec_loss 0.0500, quant_error 0.4317,
Train Epoch: [1/5] Iters:[3790/10009] transplant_loss 6.0344, rec_loss 0.0498, quant_error 0.4327,
Train Epoch: [1/5] Iters:[3800/10009] transplant_loss 6.0383, rec_loss 0.0499, quant_error 0.4330,
Train Epoch: [1/5] Iters:[3810/10009] transplant_loss 6.0433, rec_loss 0.0500, quant_error 0.4334,
Train Epoch: [1/5] Iters:[3820/10009] transplant_loss 6.0448, rec_loss 0.0499, quant_error 0.4336,
Train Epoch: [1/5] Iters:[3830/10009] transplant_loss 6.0481, rec_loss 0.0497, quant_error 0.4337,
Train Epoch: [1/5] Iters:[3840/10009] transplant_loss 6.0353, rec_loss 0.0500, quant_error 0.4327,
Train Epoch: [1/5] Iters:[3850/10009] transplant_loss 6.0268, rec_loss 0.0491, quant_error 0.4320,
Train Epoch: [1/5] Iters:[3860/10009] transplant_loss 6.0399, rec_loss 0.0493, quant_error 0.4328,
Train Epoch: [1/5] Iters:[3870/10009] transplant_loss 6.0242, rec_loss 0.0495, quant_error 0.4317,
Train Epoch: [1/5] Iters:[3880/10009] transplant_loss 6.0406, rec_loss 0.0501, quant_error 0.4329,
Train Epoch: [1/5] Iters:[3890/10009] transplant_loss 6.0614, rec_loss 0.0500, quant_error 0.4344,
Train Epoch: [1/5] Iters:[3900/10009] transplant_loss 6.0458, rec_loss 0.0506, quant_error 0.4334,
Train Epoch: [1/5] Iters:[3910/10009] transplant_loss 6.0450, rec_loss 0.0507, quant_error 0.4333,
Train Epoch: [1/5] Iters:[3920/10009] transplant_loss 6.0632, rec_loss 0.0499, quant_error 0.4345,
Train Epoch: [1/5] Iters:[3930/10009] transplant_loss 6.0775, rec_loss 0.0503, quant_error 0.4354,
Train Epoch: [1/5] Iters:[3940/10009] transplant_loss 6.0579, rec_loss 0.0503, quant_error 0.4340,
Train Epoch: [1/5] Iters:[3950/10009] transplant_loss 6.0817, rec_loss 0.0505, quant_error 0.4356,
Train Epoch: [1/5] Iters:[3960/10009] transplant_loss 6.0721, rec_loss 0.0499, quant_error 0.4349,
Train Epoch: [1/5] Iters:[3970/10009] transplant_loss 6.0651, rec_loss 0.0506, quant_error 0.4344,
Train Epoch: [1/5] Iters:[3980/10009] transplant_loss 6.0325, rec_loss 0.0502, quant_error 0.4321,
Train Epoch: [1/5] Iters:[3990/10009] transplant_loss 6.0177, rec_loss 0.0502, quant_error 0.4310,
Train Epoch: [1/5] Iters:[4000/10009] transplant_loss 6.0027, rec_loss 0.0499, quant_error 0.4298,
Train Epoch: [1/5] Iters:[4010/10009] transplant_loss 5.9728, rec_loss 0.0499, quant_error 0.4276,
Train Epoch: [1/5] Iters:[4020/10009] transplant_loss 5.9554, rec_loss 0.0492, quant_error 0.4263,
Train Epoch: [1/5] Iters:[4030/10009] transplant_loss 5.9835, rec_loss 0.0488, quant_error 0.4282,
Train Epoch: [1/5] Iters:[4040/10009] transplant_loss 5.9922, rec_loss 0.0490, quant_error 0.4286,
Train Epoch: [1/5] Iters:[4050/10009] transplant_loss 5.9991, rec_loss 0.0488, quant_error 0.4291,
Train Epoch: [1/5] Iters:[4060/10009] transplant_loss 6.0271, rec_loss 0.0491, quant_error 0.4309,
Train Epoch: [1/5] Iters:[4070/10009] transplant_loss 6.0517, rec_loss 0.0495, quant_error 0.4327,
Train Epoch: [1/5] Iters:[4080/10009] transplant_loss 6.0445, rec_loss 0.0499, quant_error 0.4323,
Train Epoch: [1/5] Iters:[4090/10009] transplant_loss 6.0566, rec_loss 0.0495, quant_error 0.4333,
Train Epoch: [1/5] Iters:[4100/10009] transplant_loss 6.0443, rec_loss 0.0503, quant_error 0.4325,
Train Epoch: [1/5] Iters:[4110/10009] transplant_loss 6.0340, rec_loss 0.0499, quant_error 0.4318,
Train Epoch: [1/5] Iters:[4120/10009] transplant_loss 6.0222, rec_loss 0.0499, quant_error 0.4309,
Train Epoch: [1/5] Iters:[4130/10009] transplant_loss 6.0160, rec_loss 0.0499, quant_error 0.4302,
Train Epoch: [1/5] Iters:[4140/10009] transplant_loss 6.0206, rec_loss 0.0497, quant_error 0.4305,
Train Epoch: [1/5] Iters:[4150/10009] transplant_loss 6.0275, rec_loss 0.0490, quant_error 0.4308,
Train Epoch: [1/5] Iters:[4160/10009] transplant_loss 6.0111, rec_loss 0.0488, quant_error 0.4297,
Train Epoch: [1/5] Iters:[4170/10009] transplant_loss 6.0477, rec_loss 0.0493, quant_error 0.4324,
Train Epoch: [1/5] Iters:[4180/10009] transplant_loss 6.0303, rec_loss 0.0492, quant_error 0.4312,
Train Epoch: [1/5] Iters:[4190/10009] transplant_loss 6.0184, rec_loss 0.0494, quant_error 0.4304,
Train Epoch: [1/5] Iters:[4200/10009] transplant_loss 6.0241, rec_loss 0.0497, quant_error 0.4308,
Train Epoch: [1/5] Iters:[4210/10009] transplant_loss 6.0486, rec_loss 0.0499, quant_error 0.4324,
Train Epoch: [1/5] Iters:[4220/10009] transplant_loss 6.0183, rec_loss 0.0492, quant_error 0.4302,
Train Epoch: [1/5] Iters:[4230/10009] transplant_loss 6.0260, rec_loss 0.0494, quant_error 0.4306,
Train Epoch: [1/5] Iters:[4240/10009] transplant_loss 6.0232, rec_loss 0.0490, quant_error 0.4303,
Train Epoch: [1/5] Iters:[4250/10009] transplant_loss 6.0370, rec_loss 0.0492, quant_error 0.4312,
Train Epoch: [1/5] Iters:[4260/10009] transplant_loss 6.0306, rec_loss 0.0497, quant_error 0.4308,
Train Epoch: [1/5] Iters:[4270/10009] transplant_loss 6.0296, rec_loss 0.0498, quant_error 0.4306,
Train Epoch: [1/5] Iters:[4280/10009] transplant_loss 6.0103, rec_loss 0.0494, quant_error 0.4292,
Train Epoch: [1/5] Iters:[4290/10009] transplant_loss 6.0135, rec_loss 0.0494, quant_error 0.4295,
Train Epoch: [1/5] Iters:[4300/10009] transplant_loss 5.9912, rec_loss 0.0488, quant_error 0.4279,
Train Epoch: [1/5] Iters:[4310/10009] transplant_loss 5.9836, rec_loss 0.0484, quant_error 0.4274,
Train Epoch: [1/5] Iters:[4320/10009] transplant_loss 5.9909, rec_loss 0.0485, quant_error 0.4279,
Train Epoch: [1/5] Iters:[4330/10009] transplant_loss 6.0165, rec_loss 0.0491, quant_error 0.4297,
Train Epoch: [1/5] Iters:[4340/10009] transplant_loss 6.0172, rec_loss 0.0491, quant_error 0.4298,
Train Epoch: [1/5] Iters:[4350/10009] transplant_loss 6.0213, rec_loss 0.0495, quant_error 0.4299,
Train Epoch: [1/5] Iters:[4360/10009] transplant_loss 6.0154, rec_loss 0.0495, quant_error 0.4294,
Train Epoch: [1/5] Iters:[4370/10009] transplant_loss 5.9885, rec_loss 0.0491, quant_error 0.4275,
Train Epoch: [1/5] Iters:[4380/10009] transplant_loss 6.0145, rec_loss 0.0492, quant_error 0.4294,
Train Epoch: [1/5] Iters:[4390/10009] transplant_loss 6.0200, rec_loss 0.0495, quant_error 0.4297,
Train Epoch: [1/5] Iters:[4400/10009] transplant_loss 6.0247, rec_loss 0.0494, quant_error 0.4302,
Train Epoch: [1/5] Iters:[4410/10009] transplant_loss 6.0353, rec_loss 0.0493, quant_error 0.4310,
Train Epoch: [1/5] Iters:[4420/10009] transplant_loss 6.0484, rec_loss 0.0494, quant_error 0.4318,
Train Epoch: [1/5] Iters:[4430/10009] transplant_loss 6.0288, rec_loss 0.0489, quant_error 0.4304,
Train Epoch: [1/5] Iters:[4440/10009] transplant_loss 6.0234, rec_loss 0.0487, quant_error 0.4300,
Train Epoch: [1/5] Iters:[4450/10009] transplant_loss 6.0117, rec_loss 0.0487, quant_error 0.4290,
Train Epoch: [1/5] Iters:[4460/10009] transplant_loss 5.9969, rec_loss 0.0485, quant_error 0.4279,
Train Epoch: [1/5] Iters:[4470/10009] transplant_loss 6.0110, rec_loss 0.0489, quant_error 0.4288,
Train Epoch: [1/5] Iters:[4480/10009] transplant_loss 6.0118, rec_loss 0.0492, quant_error 0.4289,
Train Epoch: [1/5] Iters:[4490/10009] transplant_loss 6.0081, rec_loss 0.0492, quant_error 0.4285,
Train Epoch: [1/5] Iters:[4500/10009] transplant_loss 6.0205, rec_loss 0.0497, quant_error 0.4294,
Train Epoch: [1/5] Iters:[4510/10009] transplant_loss 6.0339, rec_loss 0.0502, quant_error 0.4305,
Train Epoch: [1/5] Iters:[4520/10009] transplant_loss 6.0177, rec_loss 0.0498, quant_error 0.4293,
Train Epoch: [1/5] Iters:[4530/10009] transplant_loss 6.0243, rec_loss 0.0497, quant_error 0.4297,
Train Epoch: [1/5] Iters:[4540/10009] transplant_loss 6.0282, rec_loss 0.0501, quant_error 0.4300,
Train Epoch: [1/5] Iters:[4550/10009] transplant_loss 6.0273, rec_loss 0.0499, quant_error 0.4298,
Train Epoch: [1/5] Iters:[4560/10009] transplant_loss 6.0114, rec_loss 0.0491, quant_error 0.4285,
Train Epoch: [1/5] Iters:[4570/10009] transplant_loss 6.0155, rec_loss 0.0495, quant_error 0.4287,
Train Epoch: [1/5] Iters:[4580/10009] transplant_loss 5.9882, rec_loss 0.0499, quant_error 0.4269,
Train Epoch: [1/5] Iters:[4590/10009] transplant_loss 5.9823, rec_loss 0.0500, quant_error 0.4265,
Train Epoch: [1/5] Iters:[4600/10009] transplant_loss 5.9925, rec_loss 0.0500, quant_error 0.4272,
Train Epoch: [1/5] Iters:[4610/10009] transplant_loss 6.0165, rec_loss 0.0503, quant_error 0.4289,
Train Epoch: [1/5] Iters:[4620/10009] transplant_loss 6.0196, rec_loss 0.0501, quant_error 0.4291,
Train Epoch: [1/5] Iters:[4630/10009] transplant_loss 6.0393, rec_loss 0.0496, quant_error 0.4305,
Train Epoch: [1/5] Iters:[4640/10009] transplant_loss 6.0428, rec_loss 0.0496, quant_error 0.4306,
Train Epoch: [1/5] Iters:[4650/10009] transplant_loss 6.0281, rec_loss 0.0496, quant_error 0.4297,
Train Epoch: [1/5] Iters:[4660/10009] transplant_loss 6.0207, rec_loss 0.0501, quant_error 0.4292,
Train Epoch: [1/5] Iters:[4670/10009] transplant_loss 6.0208, rec_loss 0.0502, quant_error 0.4292,
Train Epoch: [1/5] Iters:[4680/10009] transplant_loss 6.0155, rec_loss 0.0503, quant_error 0.4288,
Train Epoch: [1/5] Iters:[4690/10009] transplant_loss 6.0151, rec_loss 0.0502, quant_error 0.4289,
Train Epoch: [1/5] Iters:[4700/10009] transplant_loss 6.0007, rec_loss 0.0497, quant_error 0.4278,
Train Epoch: [1/5] Iters:[4710/10009] transplant_loss 6.0052, rec_loss 0.0495, quant_error 0.4281,
Train Epoch: [1/5] Iters:[4720/10009] transplant_loss 5.9910, rec_loss 0.0492, quant_error 0.4270,
Train Epoch: [1/5] Iters:[4730/10009] transplant_loss 5.9798, rec_loss 0.0492, quant_error 0.4262,
Train Epoch: [1/5] Iters:[4740/10009] transplant_loss 5.9907, rec_loss 0.0496, quant_error 0.4269,
Train Epoch: [1/5] Iters:[4750/10009] transplant_loss 5.9950, rec_loss 0.0496, quant_error 0.4271,
Train Epoch: [1/5] Iters:[4760/10009] transplant_loss 5.9999, rec_loss 0.0500, quant_error 0.4274,
Train Epoch: [1/5] Iters:[4770/10009] transplant_loss 6.0272, rec_loss 0.0510, quant_error 0.4294,
Train Epoch: [1/5] Iters:[4780/10009] transplant_loss 6.0463, rec_loss 0.0511, quant_error 0.4307,
Train Epoch: [1/5] Iters:[4790/10009] transplant_loss 6.0509, rec_loss 0.0512, quant_error 0.4311,
Train Epoch: [1/5] Iters:[4800/10009] transplant_loss 6.0805, rec_loss 0.0517, quant_error 0.4332,
Train Epoch: [1/5] Iters:[4810/10009] transplant_loss 6.0756, rec_loss 0.0511, quant_error 0.4328,
Train Epoch: [1/5] Iters:[4820/10009] transplant_loss 6.0651, rec_loss 0.0510, quant_error 0.4321,
Train Epoch: [1/5] Iters:[4830/10009] transplant_loss 6.0541, rec_loss 0.0506, quant_error 0.4313,
Train Epoch: [1/5] Iters:[4840/10009] transplant_loss 6.0461, rec_loss 0.0500, quant_error 0.4307,
Train Epoch: [1/5] Iters:[4850/10009] transplant_loss 6.0251, rec_loss 0.0499, quant_error 0.4292,
Train Epoch: [1/5] Iters:[4860/10009] transplant_loss 6.0438, rec_loss 0.0501, quant_error 0.4305,
Train Epoch: [1/5] Iters:[4870/10009] transplant_loss 6.0526, rec_loss 0.0493, quant_error 0.4311,
Train Epoch: [1/5] Iters:[4880/10009] transplant_loss 6.0675, rec_loss 0.0495, quant_error 0.4320,
Train Epoch: [1/5] Iters:[4890/10009] transplant_loss 6.0695, rec_loss 0.0497, quant_error 0.4323,
Train Epoch: [1/5] Iters:[4900/10009] transplant_loss 6.0622, rec_loss 0.0498, quant_error 0.4317,
Train Epoch: [1/5] Iters:[4910/10009] transplant_loss 6.0288, rec_loss 0.0496, quant_error 0.4294,
Train Epoch: [1/5] Iters:[4920/10009] transplant_loss 6.0090, rec_loss 0.0503, quant_error 0.4279,
Train Epoch: [1/5] Iters:[4930/10009] transplant_loss 5.9981, rec_loss 0.0503, quant_error 0.4272,
Train Epoch: [1/5] Iters:[4940/10009] transplant_loss 5.9754, rec_loss 0.0502, quant_error 0.4255,
Train Epoch: [1/5] Iters:[4950/10009] transplant_loss 5.9855, rec_loss 0.0500, quant_error 0.4262,
Train Epoch: [1/5] Iters:[4960/10009] transplant_loss 6.0097, rec_loss 0.0501, quant_error 0.4279,
Train Epoch: [1/5] Iters:[4970/10009] transplant_loss 6.0161, rec_loss 0.0490, quant_error 0.4284,
Train Epoch: [1/5] Iters:[4980/10009] transplant_loss 6.0038, rec_loss 0.0493, quant_error 0.4274,
Train Epoch: [1/5] Iters:[4990/10009] transplant_loss 6.0230, rec_loss 0.0491, quant_error 0.4288,
Train Epoch: [1/5] Iters:[5000/10009] transplant_loss 6.0270, rec_loss 0.0489, quant_error 0.4291,
Train Epoch: [1/5] Iters:[5010/10009] transplant_loss 6.0082, rec_loss 0.0489, quant_error 0.4278,
Train Epoch: [1/5] Iters:[5020/10009] transplant_loss 6.0054, rec_loss 0.0494, quant_error 0.4277,
Train Epoch: [1/5] Iters:[5030/10009] transplant_loss 6.0192, rec_loss 0.0491, quant_error 0.4287,
Train Epoch: [1/5] Iters:[5040/10009] transplant_loss 6.0231, rec_loss 0.0500, quant_error 0.4290,
Train Epoch: [1/5] Iters:[5050/10009] transplant_loss 6.0123, rec_loss 0.0504, quant_error 0.4281,
Train Epoch: [1/5] Iters:[5060/10009] transplant_loss 6.0149, rec_loss 0.0505, quant_error 0.4283,
Train Epoch: [1/5] Iters:[5070/10009] transplant_loss 5.9968, rec_loss 0.0503, quant_error 0.4269,
Train Epoch: [1/5] Iters:[5080/10009] transplant_loss 5.9911, rec_loss 0.0503, quant_error 0.4264,
Train Epoch: [1/5] Iters:[5090/10009] transplant_loss 5.9835, rec_loss 0.0498, quant_error 0.4258,
Train Epoch: [1/5] Iters:[5100/10009] transplant_loss 5.9930, rec_loss 0.0498, quant_error 0.4265,
Train Epoch: [1/5] Iters:[5110/10009] transplant_loss 6.0023, rec_loss 0.0494, quant_error 0.4271,
Train Epoch: [1/5] Iters:[5120/10009] transplant_loss 6.0104, rec_loss 0.0492, quant_error 0.4276,
Train Epoch: [1/5] Iters:[5130/10009] transplant_loss 6.0242, rec_loss 0.0495, quant_error 0.4286,
Train Epoch: [1/5] Iters:[5140/10009] transplant_loss 6.0106, rec_loss 0.0488, quant_error 0.4276,
Train Epoch: [1/5] Iters:[5150/10009] transplant_loss 6.0234, rec_loss 0.0487, quant_error 0.4284,
Train Epoch: [1/5] Iters:[5160/10009] transplant_loss 6.0265, rec_loss 0.0491, quant_error 0.4286,
Train Epoch: [1/5] Iters:[5170/10009] transplant_loss 6.0307, rec_loss 0.0493, quant_error 0.4288,
Train Epoch: [1/5] Iters:[5180/10009] transplant_loss 6.0297, rec_loss 0.0488, quant_error 0.4287,
Train Epoch: [1/5] Iters:[5190/10009] transplant_loss 6.0276, rec_loss 0.0489, quant_error 0.4286,
Train Epoch: [1/5] Iters:[5200/10009] transplant_loss 6.0166, rec_loss 0.0487, quant_error 0.4278,
Train Epoch: [1/5] Iters:[5210/10009] transplant_loss 6.0081, rec_loss 0.0483, quant_error 0.4271,
Train Epoch: [1/5] Iters:[5220/10009] transplant_loss 6.0133, rec_loss 0.0489, quant_error 0.4276,
Train Epoch: [1/5] Iters:[5230/10009] transplant_loss 5.9842, rec_loss 0.0489, quant_error 0.4254,
Train Epoch: [1/5] Iters:[5240/10009] transplant_loss 5.9909, rec_loss 0.0489, quant_error 0.4259,
Train Epoch: [1/5] Iters:[5250/10009] transplant_loss 5.9912, rec_loss 0.0488, quant_error 0.4259,
Train Epoch: [1/5] Iters:[5260/10009] transplant_loss 5.9817, rec_loss 0.0488, quant_error 0.4252,
Train Epoch: [1/5] Iters:[5270/10009] transplant_loss 5.9983, rec_loss 0.0484, quant_error 0.4264,
Train Epoch: [1/5] Iters:[5280/10009] transplant_loss 6.0079, rec_loss 0.0483, quant_error 0.4272,
Train Epoch: [1/5] Iters:[5290/10009] transplant_loss 6.0308, rec_loss 0.0483, quant_error 0.4287,
Train Epoch: [1/5] Iters:[5300/10009] transplant_loss 6.0169, rec_loss 0.0482, quant_error 0.4277,
Train Epoch: [1/5] Iters:[5310/10009] transplant_loss 6.0163, rec_loss 0.0481, quant_error 0.4277,
Train Epoch: [1/5] Iters:[5320/10009] transplant_loss 5.9999, rec_loss 0.0482, quant_error 0.4265,
Train Epoch: [1/5] Iters:[5330/10009] transplant_loss 5.9979, rec_loss 0.0483, quant_error 0.4264,
Train Epoch: [1/5] Iters:[5340/10009] transplant_loss 5.9910, rec_loss 0.0486, quant_error 0.4258,
Train Epoch: [1/5] Iters:[5350/10009] transplant_loss 6.0017, rec_loss 0.0491, quant_error 0.4267,
Train Epoch: [1/5] Iters:[5360/10009] transplant_loss 6.0061, rec_loss 0.0495, quant_error 0.4269,
Train Epoch: [1/5] Iters:[5370/10009] transplant_loss 6.0115, rec_loss 0.0497, quant_error 0.4273,
Train Epoch: [1/5] Iters:[5380/10009] transplant_loss 6.0200, rec_loss 0.0500, quant_error 0.4278,
Train Epoch: [1/5] Iters:[5390/10009] transplant_loss 6.0161, rec_loss 0.0499, quant_error 0.4276,
Train Epoch: [1/5] Iters:[5400/10009] transplant_loss 5.9873, rec_loss 0.0497, quant_error 0.4254,
Train Epoch: [1/5] Iters:[5410/10009] transplant_loss 5.9814, rec_loss 0.0495, quant_error 0.4251,
Train Epoch: [1/5] Iters:[5420/10009] transplant_loss 5.9873, rec_loss 0.0492, quant_error 0.4253,
Train Epoch: [1/5] Iters:[5430/10009] transplant_loss 5.9814, rec_loss 0.0487, quant_error 0.4249,
Train Epoch: [1/5] Iters:[5440/10009] transplant_loss 5.9657, rec_loss 0.0485, quant_error 0.4237,
Train Epoch: [1/5] Iters:[5450/10009] transplant_loss 5.9798, rec_loss 0.0485, quant_error 0.4247,
Train Epoch: [1/5] Iters:[5460/10009] transplant_loss 5.9840, rec_loss 0.0487, quant_error 0.4250,
Train Epoch: [1/5] Iters:[5470/10009] transplant_loss 5.9751, rec_loss 0.0493, quant_error 0.4243,
Train Epoch: [1/5] Iters:[5480/10009] transplant_loss 6.0017, rec_loss 0.0501, quant_error 0.4262,
Train Epoch: [1/5] Iters:[5490/10009] transplant_loss 6.0007, rec_loss 0.0499, quant_error 0.4261,
Train Epoch: [1/5] Iters:[5500/10009] transplant_loss 6.0161, rec_loss 0.0506, quant_error 0.4272,
Train Epoch: [1/5] Iters:[5510/10009] transplant_loss 6.0159, rec_loss 0.0502, quant_error 0.4272,
Train Epoch: [1/5] Iters:[5520/10009] transplant_loss 6.0089, rec_loss 0.0494, quant_error 0.4267,
Train Epoch: [1/5] Iters:[5530/10009] transplant_loss 5.9861, rec_loss 0.0490, quant_error 0.4251,
Train Epoch: [1/5] Iters:[5540/10009] transplant_loss 5.9973, rec_loss 0.0490, quant_error 0.4259,
Train Epoch: [1/5] Iters:[5550/10009] transplant_loss 6.0086, rec_loss 0.0490, quant_error 0.4268,
Train Epoch: [1/5] Iters:[5560/10009] transplant_loss 6.0086, rec_loss 0.0497, quant_error 0.4267,
Train Epoch: [1/5] Iters:[5570/10009] transplant_loss 6.0165, rec_loss 0.0503, quant_error 0.4272,
Train Epoch: [1/5] Iters:[5580/10009] transplant_loss 6.0174, rec_loss 0.0500, quant_error 0.4272,
Train Epoch: [1/5] Iters:[5590/10009] transplant_loss 6.0264, rec_loss 0.0500, quant_error 0.4278,
Train Epoch: [1/5] Iters:[5600/10009] transplant_loss 6.0339, rec_loss 0.0497, quant_error 0.4284,
Train Epoch: [1/5] Iters:[5610/10009] transplant_loss 6.0404, rec_loss 0.0497, quant_error 0.4288,
Train Epoch: [1/5] Iters:[5620/10009] transplant_loss 6.0178, rec_loss 0.0493, quant_error 0.4273,
Train Epoch: [1/5] Iters:[5630/10009] transplant_loss 6.0201, rec_loss 0.0496, quant_error 0.4276,
Train Epoch: [1/5] Iters:[5640/10009] transplant_loss 5.9976, rec_loss 0.0503, quant_error 0.4261,
Train Epoch: [1/5] Iters:[5650/10009] transplant_loss 5.9615, rec_loss 0.0502, quant_error 0.4235,
Train Epoch: [1/5] Iters:[5660/10009] transplant_loss 5.9564, rec_loss 0.0496, quant_error 0.4231,
Train Epoch: [1/5] Iters:[5670/10009] transplant_loss 5.9694, rec_loss 0.0504, quant_error 0.4241,
Train Epoch: [1/5] Iters:[5680/10009] transplant_loss 5.9698, rec_loss 0.0505, quant_error 0.4241,
Train Epoch: [1/5] Iters:[5690/10009] transplant_loss 5.9931, rec_loss 0.0500, quant_error 0.4256,
Train Epoch: [1/5] Iters:[5700/10009] transplant_loss 6.0150, rec_loss 0.0499, quant_error 0.4271,
Train Epoch: [1/5] Iters:[5710/10009] transplant_loss 6.0167, rec_loss 0.0502, quant_error 0.4272,
Train Epoch: [1/5] Iters:[5720/10009] transplant_loss 6.0278, rec_loss 0.0502, quant_error 0.4280,
Train Epoch: [1/5] Iters:[5730/10009] transplant_loss 6.0203, rec_loss 0.0498, quant_error 0.4273,
Train Epoch: [1/5] Iters:[5740/10009] transplant_loss 6.0051, rec_loss 0.0499, quant_error 0.4262,
Train Epoch: [1/5] Iters:[5750/10009] transplant_loss 5.9920, rec_loss 0.0502, quant_error 0.4252,
Train Epoch: [1/5] Iters:[5760/10009] transplant_loss 5.9973, rec_loss 0.0500, quant_error 0.4256,
Train Epoch: [1/5] Iters:[5770/10009] transplant_loss 5.9906, rec_loss 0.0500, quant_error 0.4251,
Train Epoch: [1/5] Iters:[5780/10009] transplant_loss 5.9731, rec_loss 0.0501, quant_error 0.4239,
Train Epoch: [1/5] Iters:[5790/10009] transplant_loss 5.9824, rec_loss 0.0501, quant_error 0.4245,
Train Epoch: [1/5] Iters:[5800/10009] transplant_loss 5.9939, rec_loss 0.0498, quant_error 0.4254,
Train Epoch: [1/5] Iters:[5810/10009] transplant_loss 5.9695, rec_loss 0.0495, quant_error 0.4236,
Train Epoch: [1/5] Iters:[5820/10009] transplant_loss 5.9660, rec_loss 0.0490, quant_error 0.4233,
Train Epoch: [1/5] Iters:[5830/10009] transplant_loss 5.9947, rec_loss 0.0491, quant_error 0.4252,
Train Epoch: [1/5] Iters:[5840/10009] transplant_loss 5.9772, rec_loss 0.0494, quant_error 0.4240,
Train Epoch: [1/5] Iters:[5850/10009] transplant_loss 5.9816, rec_loss 0.0496, quant_error 0.4243,
Train Epoch: [1/5] Iters:[5860/10009] transplant_loss 6.0051, rec_loss 0.0496, quant_error 0.4259,
Train Epoch: [1/5] Iters:[5870/10009] transplant_loss 6.0155, rec_loss 0.0496, quant_error 0.4265,
Train Epoch: [1/5] Iters:[5880/10009] transplant_loss 6.0041, rec_loss 0.0494, quant_error 0.4258,
Train Epoch: [1/5] Iters:[5890/10009] transplant_loss 6.0095, rec_loss 0.0490, quant_error 0.4261,
Train Epoch: [1/5] Iters:[5900/10009] transplant_loss 5.9915, rec_loss 0.0486, quant_error 0.4249,
Train Epoch: [1/5] Iters:[5910/10009] transplant_loss 5.9865, rec_loss 0.0489, quant_error 0.4246,
Train Epoch: [1/5] Iters:[5920/10009] transplant_loss 5.9965, rec_loss 0.0490, quant_error 0.4254,
Train Epoch: [1/5] Iters:[5930/10009] transplant_loss 5.9937, rec_loss 0.0489, quant_error 0.4252,
Train Epoch: [1/5] Iters:[5940/10009] transplant_loss 5.9944, rec_loss 0.0488, quant_error 0.4254,
Train Epoch: [1/5] Iters:[5950/10009] transplant_loss 5.9891, rec_loss 0.0490, quant_error 0.4249,
Train Epoch: [1/5] Iters:[5960/10009] transplant_loss 5.9931, rec_loss 0.0488, quant_error 0.4251,
Train Epoch: [1/5] Iters:[5970/10009] transplant_loss 5.9808, rec_loss 0.0489, quant_error 0.4243,
Train Epoch: [1/5] Iters:[5980/10009] transplant_loss 5.9860, rec_loss 0.0490, quant_error 0.4246,
Train Epoch: [1/5] Iters:[5990/10009] transplant_loss 5.9983, rec_loss 0.0493, quant_error 0.4255,
Train Epoch: [1/5] Iters:[6000/10009] transplant_loss 6.0250, rec_loss 0.0493, quant_error 0.4274,
Train Epoch: [1/5] Iters:[6010/10009] transplant_loss 6.0124, rec_loss 0.0497, quant_error 0.4265,
Train Epoch: [1/5] Iters:[6020/10009] transplant_loss 5.9988, rec_loss 0.0493, quant_error 0.4254,
Train Epoch: [1/5] Iters:[6030/10009] transplant_loss 6.0175, rec_loss 0.0492, quant_error 0.4267,
Train Epoch: [1/5] Iters:[6040/10009] transplant_loss 5.9942, rec_loss 0.0490, quant_error 0.4249,
Train Epoch: [1/5] Iters:[6050/10009] transplant_loss 5.9651, rec_loss 0.0494, quant_error 0.4229,
Train Epoch: [1/5] Iters:[6060/10009] transplant_loss 5.9815, rec_loss 0.0488, quant_error 0.4241,
Train Epoch: [1/5] Iters:[6070/10009] transplant_loss 6.0059, rec_loss 0.0490, quant_error 0.4261,
Train Epoch: [1/5] Iters:[6080/10009] transplant_loss 5.9895, rec_loss 0.0492, quant_error 0.4249,
Train Epoch: [1/5] Iters:[6090/10009] transplant_loss 6.0041, rec_loss 0.0490, quant_error 0.4259,
Train Epoch: [1/5] Iters:[6100/10009] transplant_loss 6.0190, rec_loss 0.0487, quant_error 0.4270,
Train Epoch: [1/5] Iters:[6110/10009] transplant_loss 6.0171, rec_loss 0.0490, quant_error 0.4268,
Train Epoch: [1/5] Iters:[6120/10009] transplant_loss 5.9897, rec_loss 0.0492, quant_error 0.4246,
Train Epoch: [1/5] Iters:[6130/10009] transplant_loss 5.9679, rec_loss 0.0494, quant_error 0.4232,
Train Epoch: [1/5] Iters:[6140/10009] transplant_loss 5.9632, rec_loss 0.0495, quant_error 0.4228,
Train Epoch: [1/5] Iters:[6150/10009] transplant_loss 5.9599, rec_loss 0.0492, quant_error 0.4226,
Train Epoch: [1/5] Iters:[6160/10009] transplant_loss 5.9646, rec_loss 0.0490, quant_error 0.4229,
Train Epoch: [1/5] Iters:[6170/10009] transplant_loss 5.9558, rec_loss 0.0484, quant_error 0.4222,
Train Epoch: [1/5] Iters:[6180/10009] transplant_loss 5.9799, rec_loss 0.0486, quant_error 0.4239,
Train Epoch: [1/5] Iters:[6190/10009] transplant_loss 5.9899, rec_loss 0.0489, quant_error 0.4247,
Train Epoch: [1/5] Iters:[6200/10009] transplant_loss 5.9805, rec_loss 0.0484, quant_error 0.4240,
Train Epoch: [1/5] Iters:[6210/10009] transplant_loss 5.9769, rec_loss 0.0486, quant_error 0.4238,
Train Epoch: [1/5] Iters:[6220/10009] transplant_loss 6.0116, rec_loss 0.0485, quant_error 0.4263,
Train Epoch: [1/5] Iters:[6230/10009] transplant_loss 6.0251, rec_loss 0.0482, quant_error 0.4272,
Train Epoch: [1/5] Iters:[6240/10009] transplant_loss 6.0228, rec_loss 0.0483, quant_error 0.4271,
Train Epoch: [1/5] Iters:[6250/10009] transplant_loss 6.0236, rec_loss 0.0489, quant_error 0.4271,
Train Epoch: [1/5] Iters:[6260/10009] transplant_loss 6.0237, rec_loss 0.0492, quant_error 0.4271,
Train Epoch: [1/5] Iters:[6270/10009] transplant_loss 5.9973, rec_loss 0.0497, quant_error 0.4252,
Train Epoch: [1/5] Iters:[6280/10009] transplant_loss 5.9722, rec_loss 0.0496, quant_error 0.4234,
Train Epoch: [1/5] Iters:[6290/10009] transplant_loss 5.9709, rec_loss 0.0493, quant_error 0.4233,
Train Epoch: [1/5] Iters:[6300/10009] transplant_loss 5.9781, rec_loss 0.0495, quant_error 0.4238,
Train Epoch: [1/5] Iters:[6310/10009] transplant_loss 5.9549, rec_loss 0.0492, quant_error 0.4221,
Train Epoch: [1/5] Iters:[6320/10009] transplant_loss 5.9664, rec_loss 0.0492, quant_error 0.4229,
