dataset_dir: /datasets/
dataset_name: ImageNet
global_batch_size: 64
workers: 6
resolution: 256
channels: 3
ms_patch_size: 1_2_3_4_5_6_8_10_13_16
importance: (1, 1, 1, 2, 2, 2, 3, 3, 5, 5)
max_patch_size: 16
codebook_size: 256
codebook_dim: 8
project_dim: 16
pq: 2
L: 4
alpha: 1.0
beta: 1.0
gamma: 0.0
disc_weight: 0.2
lecam_loss_weight: 0.001
disc_cr_loss_weight: 4.0
VQ: online_vq
use_multiscale: False
transplant_epochs: 2
refinement_epochs: 5
eval_epochs: 1
lr_transplant: 0.0001
lr_refinement: 1e-05
dropout: 0.0
seed: 3407
weight_decay: 0.0001
stage: transplant
checkpoint_dir: /project/6105494/sunset/VQ-Projects/VQ-Transplant/checkpoint/Transplant/ImageNet
results_dir: /project/6105494/sunset/VQ-Projects/VQ-Transplant/results/Transplant/ImageNet
saver_dir: /project/6105494/sunset/VQ-Projects/VQ-Transplant/saver/Transplant/ImageNet
reconstruction_dir: /project/6105494/sunset/VQ-Projects/VQ-Transplant/reconstruction/Transplant/ImageNet
yaml_dir: /project/6105494/sunset/VQ-Projects/VQ-Transplant/yaml/Transplant/ImageNet
pretrained_tokenizer: /project/6105494/sunset/VQ-Projects/VQ-Transplant/pretrained_tokenizer/model.ckpt
checkpoint_name: 
nnodes: -1
node_rank: -1
local_rank: 0
dist_url: tcp://224.66.41.62:23456
dist_backend: nccl
world_size: 2
batch_size: 32
ms_token_size: (1, 2, 3, 4, 5, 6, 8, 10, 13, 16)
init_checkpoint_dir: /project/6105494/sunset/VQ-Projects/VQ-Transplant/checkpoint/
data_pre: ImageNet
model_pre: model_256_8_2
loss_pre: loss_1.0_1.0_0.0_0.2
training_pre: online_vq_transplant_False
saver_name_pre: online_vq_transplant_False_ImageNet_model_256_8_2_loss_1.0_1.0_0.0_0.2
| distributed init (rank 0): env://
| distributed init (rank 1): env://
making attention of type 'vanilla' with 512 in_channels
making attention of type 'vanilla' with 512 in_channels
making attention of type 'vanilla' with 512 in_channels
Working with z of shape (1, 16, 16, 16) = 4096 dimensions.
making attention of type 'vanilla' with 512 in_channels
making attention of type 'vanilla' with 512 in_channels
making attention of type 'vanilla' with 512 in_channels
making attention of type 'vanilla' with 512 in_channels
VQ Model Parameters: 69609635
dataset name: ImageNet
len train_set: 1281167
len val_set: 50000
Start training...
epoch:1, cur_lr:0.000100
Train Epoch: [1/2] Iters:[10/20018] transplant_loss 9.0520, rec_loss 0.2015, quant_error 3.4441, utilization 0.0444, perplexity 957.5234,
Train Epoch: [1/2] Iters:[20/20018] transplant_loss 9.0664, rec_loss 0.1675, quant_error 3.0544, utilization 0.0464, perplexity 1019.6126,
Train Epoch: [1/2] Iters:[30/20018] transplant_loss 8.7431, rec_loss 0.1484, quant_error 2.7854, utilization 0.0505, perplexity 1151.2421,
Train Epoch: [1/2] Iters:[40/20018] transplant_loss 8.4577, rec_loss 0.1367, quant_error 2.5795, utilization 0.0538, perplexity 1248.9374,
Train Epoch: [1/2] Iters:[50/20018] transplant_loss 8.2113, rec_loss 0.1272, quant_error 2.4035, utilization 0.0561, perplexity 1321.8018,
Train Epoch: [1/2] Iters:[60/20018] transplant_loss 7.9052, rec_loss 0.1033, quant_error 2.0337, utilization 0.0613, perplexity 1528.9036,
Train Epoch: [1/2] Iters:[70/20018] transplant_loss 7.5447, rec_loss 0.0915, quant_error 1.7888, utilization 0.0664, perplexity 1777.0224,
Train Epoch: [1/2] Iters:[80/20018] transplant_loss 7.3721, rec_loss 0.0847, quant_error 1.6107, utilization 0.0704, perplexity 2029.1077,
Train Epoch: [1/2] Iters:[90/20018] transplant_loss 7.1935, rec_loss 0.0788, quant_error 1.4720, utilization 0.0747, perplexity 2353.1484,
Train Epoch: [1/2] Iters:[100/20018] transplant_loss 7.0719, rec_loss 0.0746, quant_error 1.3734, utilization 0.0793, perplexity 2729.4113,
Train Epoch: [1/2] Iters:[110/20018] transplant_loss 6.8543, rec_loss 0.0727, quant_error 1.2936, utilization 0.0830, perplexity 3040.2529,
Train Epoch: [1/2] Iters:[120/20018] transplant_loss 6.6608, rec_loss 0.0709, quant_error 1.2329, utilization 0.0859, perplexity 3284.7758,
Train Epoch: [1/2] Iters:[130/20018] transplant_loss 6.4645, rec_loss 0.0693, quant_error 1.1885, utilization 0.0880, perplexity 3477.6384,
Train Epoch: [1/2] Iters:[140/20018] transplant_loss 6.3432, rec_loss 0.0667, quant_error 1.1513, utilization 0.0887, perplexity 3548.9836,
Train Epoch: [1/2] Iters:[150/20018] transplant_loss 6.2435, rec_loss 0.0658, quant_error 1.1293, utilization 0.0886, perplexity 3569.4514,
Train Epoch: [1/2] Iters:[160/20018] transplant_loss 6.1671, rec_loss 0.0643, quant_error 1.1101, utilization 0.0887, perplexity 3591.0359,
Train Epoch: [1/2] Iters:[170/20018] transplant_loss 6.1029, rec_loss 0.0638, quant_error 1.0981, utilization 0.0885, perplexity 3592.7092,
Train Epoch: [1/2] Iters:[180/20018] transplant_loss 6.0599, rec_loss 0.0635, quant_error 1.0920, utilization 0.0888, perplexity 3597.8524,
Train Epoch: [1/2] Iters:[190/20018] transplant_loss 6.0305, rec_loss 0.0638, quant_error 1.0904, utilization 0.0887, perplexity 3604.9081,
Train Epoch: [1/2] Iters:[200/20018] transplant_loss 5.9882, rec_loss 0.0634, quant_error 1.0816, utilization 0.0888, perplexity 3617.0337,
Train Epoch: [1/2] Iters:[210/20018] transplant_loss 5.9468, rec_loss 0.0626, quant_error 1.0728, utilization 0.0888, perplexity 3612.1325,
Train Epoch: [1/2] Iters:[220/20018] transplant_loss 5.9365, rec_loss 0.0626, quant_error 1.0715, utilization 0.0890, perplexity 3632.1710,
Train Epoch: [1/2] Iters:[230/20018] transplant_loss 5.8980, rec_loss 0.0612, quant_error 1.0594, utilization 0.0888, perplexity 3632.6154,
Train Epoch: [1/2] Iters:[240/20018] transplant_loss 5.8688, rec_loss 0.0619, quant_error 1.0512, utilization 0.0892, perplexity 3656.6438,
Train Epoch: [1/2] Iters:[250/20018] transplant_loss 5.8281, rec_loss 0.0608, quant_error 1.0446, utilization 0.0891, perplexity 3648.8720,
Train Epoch: [1/2] Iters:[260/20018] transplant_loss 5.8189, rec_loss 0.0614, quant_error 1.0420, utilization 0.0890, perplexity 3646.0468,
Train Epoch: [1/2] Iters:[270/20018] transplant_loss 5.7886, rec_loss 0.0611, quant_error 1.0356, utilization 0.0888, perplexity 3630.4158,
Train Epoch: [1/2] Iters:[280/20018] transplant_loss 5.7652, rec_loss 0.0613, quant_error 1.0313, utilization 0.0890, perplexity 3640.4208,
Train Epoch: [1/2] Iters:[290/20018] transplant_loss 5.7402, rec_loss 0.0608, quant_error 1.0320, utilization 0.0887, perplexity 3620.1566,
Train Epoch: [1/2] Iters:[300/20018] transplant_loss 5.7513, rec_loss 0.0617, quant_error 1.0337, utilization 0.0889, perplexity 3628.8005,
Train Epoch: [1/2] Iters:[310/20018] transplant_loss 5.7172, rec_loss 0.0605, quant_error 1.0269, utilization 0.0889, perplexity 3631.4373,
Train Epoch: [1/2] Iters:[320/20018] transplant_loss 5.6981, rec_loss 0.0610, quant_error 1.0249, utilization 0.0892, perplexity 3659.0025,
Train Epoch: [1/2] Iters:[330/20018] transplant_loss 5.6923, rec_loss 0.0614, quant_error 1.0244, utilization 0.0890, perplexity 3652.6440,
Train Epoch: [1/2] Iters:[340/20018] transplant_loss 5.6776, rec_loss 0.0609, quant_error 1.0186, utilization 0.0893, perplexity 3658.4266,
Train Epoch: [1/2] Iters:[350/20018] transplant_loss 5.6494, rec_loss 0.0601, quant_error 1.0134, utilization 0.0892, perplexity 3660.8079,
Train Epoch: [1/2] Iters:[360/20018] transplant_loss 5.6575, rec_loss 0.0600, quant_error 1.0121, utilization 0.0894, perplexity 3681.9891,
Train Epoch: [1/2] Iters:[370/20018] transplant_loss 5.6357, rec_loss 0.0586, quant_error 1.0038, utilization 0.0893, perplexity 3673.4370,
Train Epoch: [1/2] Iters:[380/20018] transplant_loss 5.6345, rec_loss 0.0594, quant_error 1.0016, utilization 0.0899, perplexity 3708.2803,
Train Epoch: [1/2] Iters:[390/20018] transplant_loss 5.6411, rec_loss 0.0597, quant_error 1.0019, utilization 0.0898, perplexity 3716.7934,
Train Epoch: [1/2] Iters:[400/20018] transplant_loss 5.6445, rec_loss 0.0598, quant_error 1.0006, utilization 0.0900, perplexity 3729.1715,
Train Epoch: [1/2] Iters:[410/20018] transplant_loss 5.6225, rec_loss 0.0598, quant_error 0.9964, utilization 0.0900, perplexity 3722.6695,
Train Epoch: [1/2] Iters:[420/20018] transplant_loss 5.6414, rec_loss 0.0597, quant_error 0.9958, utilization 0.0904, perplexity 3750.6281,
Train Epoch: [1/2] Iters:[430/20018] transplant_loss 5.6043, rec_loss 0.0575, quant_error 0.9899, utilization 0.0898, perplexity 3716.9368,
Train Epoch: [1/2] Iters:[440/20018] transplant_loss 5.6074, rec_loss 0.0574, quant_error 0.9861, utilization 0.0904, perplexity 3755.3894,
Train Epoch: [1/2] Iters:[450/20018] transplant_loss 5.5860, rec_loss 0.0570, quant_error 0.9833, utilization 0.0903, perplexity 3749.7546,
Train Epoch: [1/2] Iters:[460/20018] transplant_loss 5.5718, rec_loss 0.0572, quant_error 0.9829, utilization 0.0907, perplexity 3774.1909,
Train Epoch: [1/2] Iters:[470/20018] transplant_loss 5.5540, rec_loss 0.0571, quant_error 0.9812, utilization 0.0905, perplexity 3763.8413,
Train Epoch: [1/2] Iters:[480/20018] transplant_loss 5.5626, rec_loss 0.0575, quant_error 0.9795, utilization 0.0909, perplexity 3791.3542,
Train Epoch: [1/2] Iters:[490/20018] transplant_loss 5.5236, rec_loss 0.0563, quant_error 0.9758, utilization 0.0905, perplexity 3757.7179,
Train Epoch: [1/2] Iters:[500/20018] transplant_loss 5.5249, rec_loss 0.0569, quant_error 0.9749, utilization 0.0906, perplexity 3762.5535,
Train Epoch: [1/2] Iters:[510/20018] transplant_loss 5.5591, rec_loss 0.0572, quant_error 0.9787, utilization 0.0906, perplexity 3757.0645,
Train Epoch: [1/2] Iters:[520/20018] transplant_loss 5.5363, rec_loss 0.0571, quant_error 0.9734, utilization 0.0906, perplexity 3761.0532,
Train Epoch: [1/2] Iters:[530/20018] transplant_loss 5.5161, rec_loss 0.0571, quant_error 0.9699, utilization 0.0907, perplexity 3762.9760,
Train Epoch: [1/2] Iters:[540/20018] transplant_loss 5.5171, rec_loss 0.0585, quant_error 0.9716, utilization 0.0910, perplexity 3789.7602,
Train Epoch: [1/2] Iters:[550/20018] transplant_loss 5.5051, rec_loss 0.0582, quant_error 0.9666, utilization 0.0913, perplexity 3811.7343,
Train Epoch: [1/2] Iters:[560/20018] transplant_loss 5.4404, rec_loss 0.0574, quant_error 0.9564, utilization 0.0912, perplexity 3814.0840,
Train Epoch: [1/2] Iters:[570/20018] transplant_loss 5.4329, rec_loss 0.0574, quant_error 0.9547, utilization 0.0914, perplexity 3828.0880,
Train Epoch: [1/2] Iters:[580/20018] transplant_loss 5.4434, rec_loss 0.0570, quant_error 0.9581, utilization 0.0916, perplexity 3832.9941,
Train Epoch: [1/2] Iters:[590/20018] transplant_loss 5.4382, rec_loss 0.0566, quant_error 0.9523, utilization 0.0917, perplexity 3845.4155,
Train Epoch: [1/2] Iters:[600/20018] transplant_loss 5.4301, rec_loss 0.0560, quant_error 0.9496, utilization 0.0917, perplexity 3844.7181,
Train Epoch: [1/2] Iters:[610/20018] transplant_loss 5.4500, rec_loss 0.0564, quant_error 0.9512, utilization 0.0918, perplexity 3844.7427,
Train Epoch: [1/2] Iters:[620/20018] transplant_loss 5.4463, rec_loss 0.0562, quant_error 0.9507, utilization 0.0920, perplexity 3859.6653,
Train Epoch: [1/2] Iters:[630/20018] transplant_loss 5.4338, rec_loss 0.0562, quant_error 0.9476, utilization 0.0920, perplexity 3855.3593,
Train Epoch: [1/2] Iters:[640/20018] transplant_loss 5.4124, rec_loss 0.0553, quant_error 0.9444, utilization 0.0919, perplexity 3841.7023,
Train Epoch: [1/2] Iters:[650/20018] transplant_loss 5.4233, rec_loss 0.0556, quant_error 0.9443, utilization 0.0921, perplexity 3857.5572,
Train Epoch: [1/2] Iters:[660/20018] transplant_loss 5.4064, rec_loss 0.0546, quant_error 0.9383, utilization 0.0921, perplexity 3869.4041,
Train Epoch: [1/2] Iters:[670/20018] transplant_loss 5.4048, rec_loss 0.0545, quant_error 0.9409, utilization 0.0921, perplexity 3870.0742,
Train Epoch: [1/2] Iters:[680/20018] transplant_loss 5.4043, rec_loss 0.0546, quant_error 0.9390, utilization 0.0921, perplexity 3870.6048,
Train Epoch: [1/2] Iters:[690/20018] transplant_loss 5.4068, rec_loss 0.0546, quant_error 0.9357, utilization 0.0923, perplexity 3889.2495,
Train Epoch: [1/2] Iters:[700/20018] transplant_loss 5.3808, rec_loss 0.0547, quant_error 0.9365, utilization 0.0922, perplexity 3882.7299,
Train Epoch: [1/2] Iters:[710/20018] transplant_loss 5.3955, rec_loss 0.0554, quant_error 0.9393, utilization 0.0923, perplexity 3884.1073,
Train Epoch: [1/2] Iters:[720/20018] transplant_loss 5.3848, rec_loss 0.0552, quant_error 0.9319, utilization 0.0923, perplexity 3885.4825,
Train Epoch: [1/2] Iters:[730/20018] transplant_loss 5.3515, rec_loss 0.0552, quant_error 0.9274, utilization 0.0925, perplexity 3903.8070,
Train Epoch: [1/2] Iters:[740/20018] transplant_loss 5.3702, rec_loss 0.0561, quant_error 0.9339, utilization 0.0924, perplexity 3887.5072,
Train Epoch: [1/2] Iters:[750/20018] transplant_loss 5.3715, rec_loss 0.0553, quant_error 0.9300, utilization 0.0928, perplexity 3902.1282,
Train Epoch: [1/2] Iters:[760/20018] transplant_loss 5.3522, rec_loss 0.0548, quant_error 0.9273, utilization 0.0928, perplexity 3905.8703,
Train Epoch: [1/2] Iters:[770/20018] transplant_loss 5.3524, rec_loss 0.0555, quant_error 0.9310, utilization 0.0933, perplexity 3923.4920,
Train Epoch: [1/2] Iters:[780/20018] transplant_loss 5.3689, rec_loss 0.0551, quant_error 0.9344, utilization 0.0931, perplexity 3914.0060,
Train Epoch: [1/2] Iters:[790/20018] transplant_loss 5.3664, rec_loss 0.0549, quant_error 0.9323, utilization 0.0935, perplexity 3950.8472,
Train Epoch: [1/2] Iters:[800/20018] transplant_loss 5.3592, rec_loss 0.0558, quant_error 0.9313, utilization 0.0932, perplexity 3940.2198,
Train Epoch: [1/2] Iters:[810/20018] transplant_loss 5.3614, rec_loss 0.0558, quant_error 0.9307, utilization 0.0934, perplexity 3953.3159,
Train Epoch: [1/2] Iters:[820/20018] transplant_loss 5.3566, rec_loss 0.0552, quant_error 0.9299, utilization 0.0931, perplexity 3936.3986,
Train Epoch: [1/2] Iters:[830/20018] transplant_loss 5.3557, rec_loss 0.0560, quant_error 0.9287, utilization 0.0934, perplexity 3956.8350,
Train Epoch: [1/2] Iters:[840/20018] transplant_loss 5.3398, rec_loss 0.0550, quant_error 0.9243, utilization 0.0936, perplexity 3970.5000,
Train Epoch: [1/2] Iters:[850/20018] transplant_loss 5.3161, rec_loss 0.0541, quant_error 0.9213, utilization 0.0936, perplexity 3972.8834,
Train Epoch: [1/2] Iters:[860/20018] transplant_loss 5.3107, rec_loss 0.0545, quant_error 0.9187, utilization 0.0937, perplexity 3981.7936,
Train Epoch: [1/2] Iters:[870/20018] transplant_loss 5.3129, rec_loss 0.0549, quant_error 0.9175, utilization 0.0939, perplexity 3989.2392,
Train Epoch: [1/2] Iters:[880/20018] transplant_loss 5.3009, rec_loss 0.0541, quant_error 0.9137, utilization 0.0939, perplexity 3992.9854,
Train Epoch: [1/2] Iters:[890/20018] transplant_loss 5.2922, rec_loss 0.0538, quant_error 0.9120, utilization 0.0939, perplexity 3985.2693,
Train Epoch: [1/2] Iters:[900/20018] transplant_loss 5.3065, rec_loss 0.0547, quant_error 0.9141, utilization 0.0942, perplexity 4013.7404,
Train Epoch: [1/2] Iters:[910/20018] transplant_loss 5.3267, rec_loss 0.0552, quant_error 0.9183, utilization 0.0943, perplexity 4020.4543,
Train Epoch: [1/2] Iters:[920/20018] transplant_loss 5.3148, rec_loss 0.0545, quant_error 0.9176, utilization 0.0945, perplexity 4034.4152,
Train Epoch: [1/2] Iters:[930/20018] transplant_loss 5.3164, rec_loss 0.0547, quant_error 0.9157, utilization 0.0945, perplexity 4032.4192,
Train Epoch: [1/2] Iters:[940/20018] transplant_loss 5.3092, rec_loss 0.0544, quant_error 0.9148, utilization 0.0944, perplexity 4024.1316,
Train Epoch: [1/2] Iters:[950/20018] transplant_loss 5.3032, rec_loss 0.0541, quant_error 0.9146, utilization 0.0944, perplexity 4021.7582,
Train Epoch: [1/2] Iters:[960/20018] transplant_loss 5.2862, rec_loss 0.0536, quant_error 0.9091, utilization 0.0944, perplexity 4018.4967,
Train Epoch: [1/2] Iters:[970/20018] transplant_loss 5.2701, rec_loss 0.0533, quant_error 0.9042, utilization 0.0944, perplexity 4027.5423,
Train Epoch: [1/2] Iters:[980/20018] transplant_loss 5.2593, rec_loss 0.0532, quant_error 0.9013, utilization 0.0946, perplexity 4037.4519,
Train Epoch: [1/2] Iters:[990/20018] transplant_loss 5.2464, rec_loss 0.0527, quant_error 0.8969, utilization 0.0946, perplexity 4049.0050,
Train Epoch: [1/2] Iters:[1000/20018] transplant_loss 5.2523, rec_loss 0.0533, quant_error 0.8985, utilization 0.0946, perplexity 4043.2273,
Train Epoch: [1/2] Iters:[1010/20018] transplant_loss 5.2409, rec_loss 0.0527, quant_error 0.8982, utilization 0.0947, perplexity 4049.9031,
Train Epoch: [1/2] Iters:[1020/20018] transplant_loss 5.2550, rec_loss 0.0529, quant_error 0.8986, utilization 0.0946, perplexity 4035.2956,
Train Epoch: [1/2] Iters:[1030/20018] transplant_loss 5.2685, rec_loss 0.0531, quant_error 0.9004, utilization 0.0947, perplexity 4041.5057,
Train Epoch: [1/2] Iters:[1040/20018] transplant_loss 5.2670, rec_loss 0.0544, quant_error 0.9021, utilization 0.0946, perplexity 4041.4760,
Train Epoch: [1/2] Iters:[1050/20018] transplant_loss 5.2672, rec_loss 0.0539, quant_error 0.8998, utilization 0.0950, perplexity 4072.8551,
Train Epoch: [1/2] Iters:[1060/20018] transplant_loss 5.2594, rec_loss 0.0538, quant_error 0.8981, utilization 0.0949, perplexity 4070.0178,
Train Epoch: [1/2] Iters:[1070/20018] transplant_loss 5.2449, rec_loss 0.0531, quant_error 0.8972, utilization 0.0951, perplexity 4089.7410,
Train Epoch: [1/2] Iters:[1080/20018] transplant_loss 5.2361, rec_loss 0.0528, quant_error 0.8961, utilization 0.0951, perplexity 4085.9853,
Train Epoch: [1/2] Iters:[1090/20018] transplant_loss 5.2243, rec_loss 0.0522, quant_error 0.8926, utilization 0.0955, perplexity 4108.1175,
Train Epoch: [1/2] Iters:[1100/20018] transplant_loss 5.2103, rec_loss 0.0520, quant_error 0.8904, utilization 0.0953, perplexity 4091.3528,
Train Epoch: [1/2] Iters:[1110/20018] transplant_loss 5.2089, rec_loss 0.0522, quant_error 0.8933, utilization 0.0956, perplexity 4105.8285,
Train Epoch: [1/2] Iters:[1120/20018] transplant_loss 5.2237, rec_loss 0.0535, quant_error 0.8940, utilization 0.0955, perplexity 4103.4763,
Train Epoch: [1/2] Iters:[1130/20018] transplant_loss 5.2244, rec_loss 0.0534, quant_error 0.8978, utilization 0.0956, perplexity 4123.8772,
Train Epoch: [1/2] Iters:[1140/20018] transplant_loss 5.2559, rec_loss 0.0545, quant_error 0.9016, utilization 0.0954, perplexity 4106.2069,
Train Epoch: [1/2] Iters:[1150/20018] transplant_loss 5.2569, rec_loss 0.0543, quant_error 0.9008, utilization 0.0955, perplexity 4110.4314,
Train Epoch: [1/2] Iters:[1160/20018] transplant_loss 5.2601, rec_loss 0.0555, quant_error 0.8998, utilization 0.0957, perplexity 4124.8932,
Train Epoch: [1/2] Iters:[1170/20018] transplant_loss 5.2543, rec_loss 0.0546, quant_error 0.8992, utilization 0.0958, perplexity 4128.9430,
Train Epoch: [1/2] Iters:[1180/20018] transplant_loss 5.2414, rec_loss 0.0547, quant_error 0.8963, utilization 0.0958, perplexity 4112.9647,
Train Epoch: [1/2] Iters:[1190/20018] transplant_loss 5.2209, rec_loss 0.0545, quant_error 0.8946, utilization 0.0959, perplexity 4124.8924,
Train Epoch: [1/2] Iters:[1200/20018] transplant_loss 5.2072, rec_loss 0.0546, quant_error 0.8906, utilization 0.0958, perplexity 4128.4610,
Train Epoch: [1/2] Iters:[1210/20018] transplant_loss 5.1957, rec_loss 0.0532, quant_error 0.8900, utilization 0.0957, perplexity 4124.8794,
Train Epoch: [1/2] Iters:[1220/20018] transplant_loss 5.1939, rec_loss 0.0538, quant_error 0.8916, utilization 0.0958, perplexity 4128.1249,
Train Epoch: [1/2] Iters:[1230/20018] transplant_loss 5.1973, rec_loss 0.0548, quant_error 0.8912, utilization 0.0958, perplexity 4132.6358,
Train Epoch: [1/2] Iters:[1240/20018] transplant_loss 5.2134, rec_loss 0.0548, quant_error 0.8926, utilization 0.0959, perplexity 4144.3727,
Train Epoch: [1/2] Iters:[1250/20018] transplant_loss 5.2082, rec_loss 0.0546, quant_error 0.8938, utilization 0.0961, perplexity 4158.2716,
Train Epoch: [1/2] Iters:[1260/20018] transplant_loss 5.2191, rec_loss 0.0553, quant_error 0.8911, utilization 0.0963, perplexity 4167.2157,
Train Epoch: [1/2] Iters:[1270/20018] transplant_loss 5.1960, rec_loss 0.0549, quant_error 0.8875, utilization 0.0962, perplexity 4155.3149,
Train Epoch: [1/2] Iters:[1280/20018] transplant_loss 5.2087, rec_loss 0.0541, quant_error 0.8878, utilization 0.0965, perplexity 4181.6235,
Train Epoch: [1/2] Iters:[1290/20018] transplant_loss 5.1795, rec_loss 0.0537, quant_error 0.8844, utilization 0.0965, perplexity 4170.8875,
Train Epoch: [1/2] Iters:[1300/20018] transplant_loss 5.2040, rec_loss 0.0541, quant_error 0.8860, utilization 0.0967, perplexity 4179.8941,
Train Epoch: [1/2] Iters:[1310/20018] transplant_loss 5.1944, rec_loss 0.0542, quant_error 0.8837, utilization 0.0968, perplexity 4185.2380,
Train Epoch: [1/2] Iters:[1320/20018] transplant_loss 5.2337, rec_loss 0.0546, quant_error 0.8892, utilization 0.0972, perplexity 4226.6796,
Train Epoch: [1/2] Iters:[1330/20018] transplant_loss 5.2135, rec_loss 0.0540, quant_error 0.8845, utilization 0.0973, perplexity 4228.7820,
Train Epoch: [1/2] Iters:[1340/20018] transplant_loss 5.2275, rec_loss 0.0535, quant_error 0.8872, utilization 0.0973, perplexity 4234.1510,
Train Epoch: [1/2] Iters:[1350/20018] transplant_loss 5.2175, rec_loss 0.0537, quant_error 0.8858, utilization 0.0975, perplexity 4248.4936,
Train Epoch: [1/2] Iters:[1360/20018] transplant_loss 5.1884, rec_loss 0.0527, quant_error 0.8810, utilization 0.0970, perplexity 4221.4732,
Train Epoch: [1/2] Iters:[1370/20018] transplant_loss 5.1618, rec_loss 0.0525, quant_error 0.8761, utilization 0.0971, perplexity 4216.3526,
Train Epoch: [1/2] Iters:[1380/20018] transplant_loss 5.1650, rec_loss 0.0529, quant_error 0.8794, utilization 0.0969, perplexity 4207.5211,
Train Epoch: [1/2] Iters:[1390/20018] transplant_loss 5.1631, rec_loss 0.0530, quant_error 0.8771, utilization 0.0975, perplexity 4250.3684,
Train Epoch: [1/2] Iters:[1400/20018] transplant_loss 5.1652, rec_loss 0.0535, quant_error 0.8792, utilization 0.0973, perplexity 4241.7488,
Train Epoch: [1/2] Iters:[1410/20018] transplant_loss 5.1860, rec_loss 0.0541, quant_error 0.8878, utilization 0.0975, perplexity 4253.1717,
Train Epoch: [1/2] Iters:[1420/20018] transplant_loss 5.1796, rec_loss 0.0538, quant_error 0.8850, utilization 0.0975, perplexity 4253.9266,
Train Epoch: [1/2] Iters:[1430/20018] transplant_loss 5.1578, rec_loss 0.0534, quant_error 0.8804, utilization 0.0975, perplexity 4248.0453,
Train Epoch: [1/2] Iters:[1440/20018] transplant_loss 5.1645, rec_loss 0.0532, quant_error 0.8809, utilization 0.0975, perplexity 4243.8836,
Train Epoch: [1/2] Iters:[1450/20018] transplant_loss 5.1492, rec_loss 0.0519, quant_error 0.8779, utilization 0.0973, perplexity 4237.4004,
Train Epoch: [1/2] Iters:[1460/20018] transplant_loss 5.1682, rec_loss 0.0515, quant_error 0.8759, utilization 0.0981, perplexity 4288.7955,
Train Epoch: [1/2] Iters:[1470/20018] transplant_loss 5.1669, rec_loss 0.0514, quant_error 0.8770, utilization 0.0979, perplexity 4282.5832,
Train Epoch: [1/2] Iters:[1480/20018] transplant_loss 5.1828, rec_loss 0.0518, quant_error 0.8779, utilization 0.0983, perplexity 4308.8964,
Train Epoch: [1/2] Iters:[1490/20018] transplant_loss 5.1618, rec_loss 0.0521, quant_error 0.8770, utilization 0.0982, perplexity 4300.2759,
Train Epoch: [1/2] Iters:[1500/20018] transplant_loss 5.1600, rec_loss 0.0522, quant_error 0.8766, utilization 0.0983, perplexity 4295.2247,
Train Epoch: [1/2] Iters:[1510/20018] transplant_loss 5.1520, rec_loss 0.0532, quant_error 0.8773, utilization 0.0980, perplexity 4273.6528,
Train Epoch: [1/2] Iters:[1520/20018] transplant_loss 5.1471, rec_loss 0.0534, quant_error 0.8737, utilization 0.0982, perplexity 4286.6904,
Train Epoch: [1/2] Iters:[1530/20018] transplant_loss 5.1385, rec_loss 0.0532, quant_error 0.8737, utilization 0.0982, perplexity 4287.8806,
Train Epoch: [1/2] Iters:[1540/20018] transplant_loss 5.1392, rec_loss 0.0537, quant_error 0.8710, utilization 0.0984, perplexity 4301.6785,
Train Epoch: [1/2] Iters:[1550/20018] transplant_loss 5.1326, rec_loss 0.0539, quant_error 0.8676, utilization 0.0985, perplexity 4312.9897,
Train Epoch: [1/2] Iters:[1560/20018] transplant_loss 5.1218, rec_loss 0.0529, quant_error 0.8634, utilization 0.0987, perplexity 4327.9223,
Train Epoch: [1/2] Iters:[1570/20018] transplant_loss 5.1233, rec_loss 0.0526, quant_error 0.8629, utilization 0.0987, perplexity 4335.6162,
Train Epoch: [1/2] Iters:[1580/20018] transplant_loss 5.1168, rec_loss 0.0526, quant_error 0.8606, utilization 0.0987, perplexity 4340.2042,
Train Epoch: [1/2] Iters:[1590/20018] transplant_loss 5.1186, rec_loss 0.0525, quant_error 0.8624, utilization 0.0988, perplexity 4339.9339,
Train Epoch: [1/2] Iters:[1600/20018] transplant_loss 5.1255, rec_loss 0.0522, quant_error 0.8637, utilization 0.0990, perplexity 4345.5382,
Train Epoch: [1/2] Iters:[1610/20018] transplant_loss 5.1203, rec_loss 0.0524, quant_error 0.8625, utilization 0.0989, perplexity 4342.0854,
Train Epoch: [1/2] Iters:[1620/20018] transplant_loss 5.1186, rec_loss 0.0533, quant_error 0.8648, utilization 0.0991, perplexity 4351.2775,
Train Epoch: [1/2] Iters:[1630/20018] transplant_loss 5.1239, rec_loss 0.0529, quant_error 0.8640, utilization 0.0992, perplexity 4367.1290,
Train Epoch: [1/2] Iters:[1640/20018] transplant_loss 5.1222, rec_loss 0.0521, quant_error 0.8616, utilization 0.0991, perplexity 4363.6173,
Train Epoch: [1/2] Iters:[1650/20018] transplant_loss 5.1202, rec_loss 0.0524, quant_error 0.8609, utilization 0.0994, perplexity 4381.6021,
Train Epoch: [1/2] Iters:[1660/20018] transplant_loss 5.0979, rec_loss 0.0515, quant_error 0.8566, utilization 0.0992, perplexity 4366.5794,
Train Epoch: [1/2] Iters:[1670/20018] transplant_loss 5.1064, rec_loss 0.0510, quant_error 0.8568, utilization 0.0993, perplexity 4370.3944,
Train Epoch: [1/2] Iters:[1680/20018] transplant_loss 5.1177, rec_loss 0.0521, quant_error 0.8597, utilization 0.0995, perplexity 4378.0972,
Train Epoch: [1/2] Iters:[1690/20018] transplant_loss 5.1042, rec_loss 0.0523, quant_error 0.8596, utilization 0.0995, perplexity 4375.0263,
Train Epoch: [1/2] Iters:[1700/20018] transplant_loss 5.1026, rec_loss 0.0518, quant_error 0.8573, utilization 0.0996, perplexity 4383.0713,
Train Epoch: [1/2] Iters:[1710/20018] transplant_loss 5.0984, rec_loss 0.0524, quant_error 0.8577, utilization 0.0996, perplexity 4395.2987,
Train Epoch: [1/2] Iters:[1720/20018] transplant_loss 5.0836, rec_loss 0.0517, quant_error 0.8544, utilization 0.0999, perplexity 4412.4689,
Train Epoch: [1/2] Iters:[1730/20018] transplant_loss 5.0598, rec_loss 0.0513, quant_error 0.8531, utilization 0.0997, perplexity 4396.8017,
Train Epoch: [1/2] Iters:[1740/20018] transplant_loss 5.0828, rec_loss 0.0518, quant_error 0.8550, utilization 0.0999, perplexity 4410.9340,
Train Epoch: [1/2] Iters:[1750/20018] transplant_loss 5.0843, rec_loss 0.0524, quant_error 0.8576, utilization 0.0999, perplexity 4413.7074,
Train Epoch: [1/2] Iters:[1760/20018] transplant_loss 5.1041, rec_loss 0.0516, quant_error 0.8585, utilization 0.1001, perplexity 4421.4674,
Train Epoch: [1/2] Iters:[1770/20018] transplant_loss 5.1131, rec_loss 0.0524, quant_error 0.8599, utilization 0.1000, perplexity 4417.8692,
Train Epoch: [1/2] Iters:[1780/20018] transplant_loss 5.1018, rec_loss 0.0516, quant_error 0.8578, utilization 0.1003, perplexity 4439.5999,
Train Epoch: [1/2] Iters:[1790/20018] transplant_loss 5.0977, rec_loss 0.0514, quant_error 0.8557, utilization 0.1002, perplexity 4434.4436,
Train Epoch: [1/2] Iters:[1800/20018] transplant_loss 5.0881, rec_loss 0.0507, quant_error 0.8528, utilization 0.1001, perplexity 4432.8413,
Train Epoch: [1/2] Iters:[1810/20018] transplant_loss 5.0754, rec_loss 0.0521, quant_error 0.8550, utilization 0.1001, perplexity 4433.7290,
Train Epoch: [1/2] Iters:[1820/20018] transplant_loss 5.0541, rec_loss 0.0508, quant_error 0.8509, utilization 0.1001, perplexity 4433.0009,
Train Epoch: [1/2] Iters:[1830/20018] transplant_loss 5.0617, rec_loss 0.0517, quant_error 0.8506, utilization 0.0998, perplexity 4425.0896,
Train Epoch: [1/2] Iters:[1840/20018] transplant_loss 5.0536, rec_loss 0.0522, quant_error 0.8497, utilization 0.1002, perplexity 4449.9889,
Train Epoch: [1/2] Iters:[1850/20018] transplant_loss 5.0527, rec_loss 0.0528, quant_error 0.8515, utilization 0.1001, perplexity 4437.3751,
Train Epoch: [1/2] Iters:[1860/20018] transplant_loss 5.0569, rec_loss 0.0517, quant_error 0.8498, utilization 0.1003, perplexity 4453.7938,
Train Epoch: [1/2] Iters:[1870/20018] transplant_loss 5.0611, rec_loss 0.0530, quant_error 0.8522, utilization 0.1005, perplexity 4464.5574,
Train Epoch: [1/2] Iters:[1880/20018] transplant_loss 5.0690, rec_loss 0.0526, quant_error 0.8501, utilization 0.1008, perplexity 4474.7289,
Train Epoch: [1/2] Iters:[1890/20018] transplant_loss 5.0535, rec_loss 0.0517, quant_error 0.8492, utilization 0.1008, perplexity 4476.5300,
Train Epoch: [1/2] Iters:[1900/20018] transplant_loss 5.0460, rec_loss 0.0514, quant_error 0.8467, utilization 0.1009, perplexity 4485.6217,
Train Epoch: [1/2] Iters:[1910/20018] transplant_loss 5.0684, rec_loss 0.0521, quant_error 0.8502, utilization 0.1011, perplexity 4494.8227,
Train Epoch: [1/2] Iters:[1920/20018] transplant_loss 5.0603, rec_loss 0.0518, quant_error 0.8464, utilization 0.1006, perplexity 4459.2776,
Train Epoch: [1/2] Iters:[1930/20018] transplant_loss 5.0497, rec_loss 0.0519, quant_error 0.8474, utilization 0.1008, perplexity 4471.0791,
Train Epoch: [1/2] Iters:[1940/20018] transplant_loss 5.0542, rec_loss 0.0521, quant_error 0.8452, utilization 0.1009, perplexity 4469.8192,
Train Epoch: [1/2] Iters:[1950/20018] transplant_loss 5.0517, rec_loss 0.0517, quant_error 0.8456, utilization 0.1009, perplexity 4480.8064,
Train Epoch: [1/2] Iters:[1960/20018] transplant_loss 5.0338, rec_loss 0.0516, quant_error 0.8423, utilization 0.1009, perplexity 4485.9959,
Train Epoch: [1/2] Iters:[1970/20018] transplant_loss 5.0361, rec_loss 0.0516, quant_error 0.8446, utilization 0.1015, perplexity 4529.2131,
Train Epoch: [1/2] Iters:[1980/20018] transplant_loss 5.0378, rec_loss 0.0522, quant_error 0.8459, utilization 0.1014, perplexity 4524.3331,
Train Epoch: [1/2] Iters:[1990/20018] transplant_loss 5.0505, rec_loss 0.0525, quant_error 0.8482, utilization 0.1015, perplexity 4535.9527,
Train Epoch: [1/2] Iters:[2000/20018] transplant_loss 5.0749, rec_loss 0.0533, quant_error 0.8503, utilization 0.1017, perplexity 4543.9909,
Train Epoch: [1/2] Iters:[2010/20018] transplant_loss 5.0754, rec_loss 0.0535, quant_error 0.8500, utilization 0.1016, perplexity 4539.3698,
Train Epoch: [1/2] Iters:[2020/20018] transplant_loss 5.0655, rec_loss 0.0532, quant_error 0.8503, utilization 0.1014, perplexity 4517.3559,
Train Epoch: [1/2] Iters:[2030/20018] transplant_loss 5.0670, rec_loss 0.0529, quant_error 0.8481, utilization 0.1015, perplexity 4529.8180,
Train Epoch: [1/2] Iters:[2040/20018] transplant_loss 5.0391, rec_loss 0.0519, quant_error 0.8458, utilization 0.1013, perplexity 4511.6099,
Train Epoch: [1/2] Iters:[2050/20018] transplant_loss 5.0221, rec_loss 0.0517, quant_error 0.8448, utilization 0.1013, perplexity 4515.7924,
Train Epoch: [1/2] Iters:[2060/20018] transplant_loss 5.0148, rec_loss 0.0510, quant_error 0.8417, utilization 0.1015, perplexity 4529.6069,
Train Epoch: [1/2] Iters:[2070/20018] transplant_loss 5.0005, rec_loss 0.0506, quant_error 0.8381, utilization 0.1018, perplexity 4546.2839,
Train Epoch: [1/2] Iters:[2080/20018] transplant_loss 5.0097, rec_loss 0.0506, quant_error 0.8396, utilization 0.1017, perplexity 4534.8744,
Train Epoch: [1/2] Iters:[2090/20018] transplant_loss 5.0206, rec_loss 0.0516, quant_error 0.8401, utilization 0.1018, perplexity 4539.0961,
Train Epoch: [1/2] Iters:[2100/20018] transplant_loss 5.0213, rec_loss 0.0514, quant_error 0.8382, utilization 0.1018, perplexity 4539.3090,
Train Epoch: [1/2] Iters:[2110/20018] transplant_loss 5.0155, rec_loss 0.0524, quant_error 0.8407, utilization 0.1017, perplexity 4542.8065,
Train Epoch: [1/2] Iters:[2120/20018] transplant_loss 5.0369, rec_loss 0.0529, quant_error 0.8416, utilization 0.1018, perplexity 4558.6065,
Train Epoch: [1/2] Iters:[2130/20018] transplant_loss 5.0243, rec_loss 0.0524, quant_error 0.8386, utilization 0.1020, perplexity 4566.1333,
Train Epoch: [1/2] Iters:[2140/20018] transplant_loss 5.0295, rec_loss 0.0521, quant_error 0.8418, utilization 0.1022, perplexity 4583.3982,
Train Epoch: [1/2] Iters:[2150/20018] transplant_loss 5.0206, rec_loss 0.0517, quant_error 0.8398, utilization 0.1024, perplexity 4593.7250,
Train Epoch: [1/2] Iters:[2160/20018] transplant_loss 5.0325, rec_loss 0.0513, quant_error 0.8407, utilization 0.1024, perplexity 4589.4625,
Train Epoch: [1/2] Iters:[2170/20018] transplant_loss 5.0387, rec_loss 0.0513, quant_error 0.8425, utilization 0.1026, perplexity 4604.9218,
Train Epoch: [1/2] Iters:[2180/20018] transplant_loss 5.0172, rec_loss 0.0521, quant_error 0.8444, utilization 0.1025, perplexity 4599.7615,
Train Epoch: [1/2] Iters:[2190/20018] transplant_loss 5.0141, rec_loss 0.0514, quant_error 0.8399, utilization 0.1026, perplexity 4601.9999,
Train Epoch: [1/2] Iters:[2200/20018] transplant_loss 5.0142, rec_loss 0.0517, quant_error 0.8409, utilization 0.1027, perplexity 4606.0946,
Train Epoch: [1/2] Iters:[2210/20018] transplant_loss 5.0008, rec_loss 0.0506, quant_error 0.8376, utilization 0.1027, perplexity 4600.9048,
Train Epoch: [1/2] Iters:[2220/20018] transplant_loss 5.0001, rec_loss 0.0501, quant_error 0.8391, utilization 0.1026, perplexity 4583.2234,
Train Epoch: [1/2] Iters:[2230/20018] transplant_loss 5.0073, rec_loss 0.0492, quant_error 0.8345, utilization 0.1026, perplexity 4588.5181,
Train Epoch: [1/2] Iters:[2240/20018] transplant_loss 4.9943, rec_loss 0.0501, quant_error 0.8327, utilization 0.1025, perplexity 4584.0934,
Train Epoch: [1/2] Iters:[2250/20018] transplant_loss 4.9836, rec_loss 0.0497, quant_error 0.8301, utilization 0.1025, perplexity 4583.7760,
Train Epoch: [1/2] Iters:[2260/20018] transplant_loss 4.9897, rec_loss 0.0509, quant_error 0.8307, utilization 0.1027, perplexity 4596.0608,
Train Epoch: [1/2] Iters:[2270/20018] transplant_loss 4.9780, rec_loss 0.0509, quant_error 0.8275, utilization 0.1028, perplexity 4610.6189,
Train Epoch: [1/2] Iters:[2280/20018] transplant_loss 4.9924, rec_loss 0.0513, quant_error 0.8323, utilization 0.1029, perplexity 4618.3506,
Train Epoch: [1/2] Iters:[2290/20018] transplant_loss 4.9875, rec_loss 0.0509, quant_error 0.8337, utilization 0.1032, perplexity 4640.1072,
Train Epoch: [1/2] Iters:[2300/20018] transplant_loss 4.9902, rec_loss 0.0510, quant_error 0.8346, utilization 0.1032, perplexity 4641.8962,
Train Epoch: [1/2] Iters:[2310/20018] transplant_loss 4.9805, rec_loss 0.0498, quant_error 0.8333, utilization 0.1033, perplexity 4647.1542,
Train Epoch: [1/2] Iters:[2320/20018] transplant_loss 4.9852, rec_loss 0.0498, quant_error 0.8335, utilization 0.1033, perplexity 4646.2500,
Train Epoch: [1/2] Iters:[2330/20018] transplant_loss 4.9652, rec_loss 0.0495, quant_error 0.8285, utilization 0.1034, perplexity 4650.2036,
Train Epoch: [1/2] Iters:[2340/20018] transplant_loss 4.9606, rec_loss 0.0490, quant_error 0.8274, utilization 0.1033, perplexity 4641.5879,
Train Epoch: [1/2] Iters:[2350/20018] transplant_loss 4.9528, rec_loss 0.0490, quant_error 0.8273, utilization 0.1036, perplexity 4664.4413,
Train Epoch: [1/2] Iters:[2360/20018] transplant_loss 4.9477, rec_loss 0.0502, quant_error 0.8270, utilization 0.1037, perplexity 4674.6882,
Train Epoch: [1/2] Iters:[2370/20018] transplant_loss 4.9374, rec_loss 0.0510, quant_error 0.8265, utilization 0.1038, perplexity 4673.9203,
Train Epoch: [1/2] Iters:[2380/20018] transplant_loss 4.9564, rec_loss 0.0512, quant_error 0.8283, utilization 0.1039, perplexity 4682.8790,
Train Epoch: [1/2] Iters:[2390/20018] transplant_loss 4.9455, rec_loss 0.0515, quant_error 0.8266, utilization 0.1040, perplexity 4682.1127,
Train Epoch: [1/2] Iters:[2400/20018] transplant_loss 4.9339, rec_loss 0.0510, quant_error 0.8246, utilization 0.1040, perplexity 4672.2762,
Train Epoch: [1/2] Iters:[2410/20018] transplant_loss 4.9359, rec_loss 0.0505, quant_error 0.8237, utilization 0.1039, perplexity 4665.7422,
Train Epoch: [1/2] Iters:[2420/20018] transplant_loss 4.9673, rec_loss 0.0502, quant_error 0.8265, utilization 0.1041, perplexity 4685.0600,
Train Epoch: [1/2] Iters:[2430/20018] transplant_loss 4.9482, rec_loss 0.0503, quant_error 0.8240, utilization 0.1040, perplexity 4677.5010,
Train Epoch: [1/2] Iters:[2440/20018] transplant_loss 4.9641, rec_loss 0.0504, quant_error 0.8244, utilization 0.1043, perplexity 4699.7870,
Train Epoch: [1/2] Iters:[2450/20018] transplant_loss 5.0017, rec_loss 0.0507, quant_error 0.8287, utilization 0.1042, perplexity 4699.8650,
Train Epoch: [1/2] Iters:[2460/20018] transplant_loss 4.9989, rec_loss 0.0502, quant_error 0.8278, utilization 0.1043, perplexity 4703.8828,
Train Epoch: [1/2] Iters:[2470/20018] transplant_loss 4.9706, rec_loss 0.0500, quant_error 0.8226, utilization 0.1043, perplexity 4698.1869,
Train Epoch: [1/2] Iters:[2480/20018] transplant_loss 4.9759, rec_loss 0.0502, quant_error 0.8248, utilization 0.1046, perplexity 4721.9628,
Train Epoch: [1/2] Iters:[2490/20018] transplant_loss 4.9650, rec_loss 0.0498, quant_error 0.8244, utilization 0.1045, perplexity 4716.5111,
Train Epoch: [1/2] Iters:[2500/20018] transplant_loss 4.9352, rec_loss 0.0502, quant_error 0.8198, utilization 0.1046, perplexity 4729.7471,
Train Epoch: [1/2] Iters:[2510/20018] transplant_loss 4.9543, rec_loss 0.0509, quant_error 0.8215, utilization 0.1049, perplexity 4749.0529,
Train Epoch: [1/2] Iters:[2520/20018] transplant_loss 4.9484, rec_loss 0.0505, quant_error 0.8236, utilization 0.1049, perplexity 4747.1911,
Train Epoch: [1/2] Iters:[2530/20018] transplant_loss 4.9436, rec_loss 0.0497, quant_error 0.8201, utilization 0.1049, perplexity 4740.1938,
Train Epoch: [1/2] Iters:[2540/20018] transplant_loss 4.9586, rec_loss 0.0505, quant_error 0.8208, utilization 0.1049, perplexity 4746.5728,
Train Epoch: [1/2] Iters:[2550/20018] transplant_loss 4.9746, rec_loss 0.0500, quant_error 0.8207, utilization 0.1049, perplexity 4751.3081,
Train Epoch: [1/2] Iters:[2560/20018] transplant_loss 4.9436, rec_loss 0.0493, quant_error 0.8173, utilization 0.1048, perplexity 4728.9789,
Train Epoch: [1/2] Iters:[2570/20018] transplant_loss 4.9352, rec_loss 0.0496, quant_error 0.8144, utilization 0.1050, perplexity 4751.4802,
Train Epoch: [1/2] Iters:[2580/20018] transplant_loss 4.9254, rec_loss 0.0492, quant_error 0.8128, utilization 0.1050, perplexity 4752.3014,
Train Epoch: [1/2] Iters:[2590/20018] transplant_loss 4.9286, rec_loss 0.0488, quant_error 0.8125, utilization 0.1053, perplexity 4772.8594,
Train Epoch: [1/2] Iters:[2600/20018] transplant_loss 4.9124, rec_loss 0.0489, quant_error 0.8136, utilization 0.1053, perplexity 4776.2079,
Train Epoch: [1/2] Iters:[2610/20018] transplant_loss 4.9095, rec_loss 0.0489, quant_error 0.8130, utilization 0.1055, perplexity 4796.6003,
Train Epoch: [1/2] Iters:[2620/20018] transplant_loss 4.9100, rec_loss 0.0484, quant_error 0.8139, utilization 0.1054, perplexity 4784.0447,
Train Epoch: [1/2] Iters:[2630/20018] transplant_loss 4.9197, rec_loss 0.0488, quant_error 0.8166, utilization 0.1056, perplexity 4800.9607,
Train Epoch: [1/2] Iters:[2640/20018] transplant_loss 4.9039, rec_loss 0.0488, quant_error 0.8143, utilization 0.1053, perplexity 4780.5024,
Train Epoch: [1/2] Iters:[2650/20018] transplant_loss 4.9127, rec_loss 0.0485, quant_error 0.8128, utilization 0.1056, perplexity 4801.9662,
Train Epoch: [1/2] Iters:[2660/20018] transplant_loss 4.9120, rec_loss 0.0489, quant_error 0.8130, utilization 0.1057, perplexity 4801.4631,
Train Epoch: [1/2] Iters:[2670/20018] transplant_loss 4.9283, rec_loss 0.0494, quant_error 0.8131, utilization 0.1058, perplexity 4819.4063,
Train Epoch: [1/2] Iters:[2680/20018] transplant_loss 4.9242, rec_loss 0.0495, quant_error 0.8141, utilization 0.1059, perplexity 4818.5270,
Train Epoch: [1/2] Iters:[2690/20018] transplant_loss 4.9474, rec_loss 0.0497, quant_error 0.8191, utilization 0.1062, perplexity 4845.5027,
Train Epoch: [1/2] Iters:[2700/20018] transplant_loss 4.9282, rec_loss 0.0494, quant_error 0.8157, utilization 0.1063, perplexity 4841.9356,
Train Epoch: [1/2] Iters:[2710/20018] transplant_loss 4.9218, rec_loss 0.0496, quant_error 0.8160, utilization 0.1063, perplexity 4848.4787,
Train Epoch: [1/2] Iters:[2720/20018] transplant_loss 4.8995, rec_loss 0.0494, quant_error 0.8130, utilization 0.1062, perplexity 4836.0594,
Train Epoch: [1/2] Iters:[2730/20018] transplant_loss 4.9030, rec_loss 0.0491, quant_error 0.8124, utilization 0.1064, perplexity 4846.0662,
Train Epoch: [1/2] Iters:[2740/20018] transplant_loss 4.8927, rec_loss 0.0490, quant_error 0.8102, utilization 0.1064, perplexity 4851.1782,
Train Epoch: [1/2] Iters:[2750/20018] transplant_loss 4.9269, rec_loss 0.0504, quant_error 0.8162, utilization 0.1065, perplexity 4863.6465,
Train Epoch: [1/2] Iters:[2760/20018] transplant_loss 4.9371, rec_loss 0.0503, quant_error 0.8160, utilization 0.1065, perplexity 4869.8669,
Train Epoch: [1/2] Iters:[2770/20018] transplant_loss 4.9268, rec_loss 0.0496, quant_error 0.8140, utilization 0.1067, perplexity 4877.1813,
Train Epoch: [1/2] Iters:[2780/20018] transplant_loss 4.9102, rec_loss 0.0498, quant_error 0.8118, utilization 0.1067, perplexity 4875.9093,
Train Epoch: [1/2] Iters:[2790/20018] transplant_loss 4.8818, rec_loss 0.0489, quant_error 0.8074, utilization 0.1066, perplexity 4866.8400,
Train Epoch: [1/2] Iters:[2800/20018] transplant_loss 4.8654, rec_loss 0.0484, quant_error 0.8044, utilization 0.1065, perplexity 4850.4144,
Train Epoch: [1/2] Iters:[2810/20018] transplant_loss 4.8688, rec_loss 0.0484, quant_error 0.8040, utilization 0.1067, perplexity 4858.6303,
Train Epoch: [1/2] Iters:[2820/20018] transplant_loss 4.8800, rec_loss 0.0492, quant_error 0.8057, utilization 0.1067, perplexity 4868.4226,
Train Epoch: [1/2] Iters:[2830/20018] transplant_loss 4.8945, rec_loss 0.0493, quant_error 0.8060, utilization 0.1071, perplexity 4886.9326,
Train Epoch: [1/2] Iters:[2840/20018] transplant_loss 4.9102, rec_loss 0.0508, quant_error 0.8079, utilization 0.1071, perplexity 4898.7050,
Train Epoch: [1/2] Iters:[2850/20018] transplant_loss 4.8842, rec_loss 0.0505, quant_error 0.8075, utilization 0.1072, perplexity 4905.1417,
Train Epoch: [1/2] Iters:[2860/20018] transplant_loss 4.8859, rec_loss 0.0505, quant_error 0.8068, utilization 0.1072, perplexity 4901.0526,
Train Epoch: [1/2] Iters:[2870/20018] transplant_loss 4.8930, rec_loss 0.0508, quant_error 0.8081, utilization 0.1074, perplexity 4923.1711,
Train Epoch: [1/2] Iters:[2880/20018] transplant_loss 4.8956, rec_loss 0.0506, quant_error 0.8065, utilization 0.1073, perplexity 4923.7095,
Train Epoch: [1/2] Iters:[2890/20018] transplant_loss 4.8873, rec_loss 0.0499, quant_error 0.8070, utilization 0.1075, perplexity 4929.3367,
Train Epoch: [1/2] Iters:[2900/20018] transplant_loss 4.8907, rec_loss 0.0498, quant_error 0.8037, utilization 0.1072, perplexity 4906.7806,
Train Epoch: [1/2] Iters:[2910/20018] transplant_loss 4.9089, rec_loss 0.0497, quant_error 0.8069, utilization 0.1074, perplexity 4929.2727,
Train Epoch: [1/2] Iters:[2920/20018] transplant_loss 4.9230, rec_loss 0.0498, quant_error 0.8074, utilization 0.1071, perplexity 4910.6099,
Train Epoch: [1/2] Iters:[2930/20018] transplant_loss 4.9073, rec_loss 0.0501, quant_error 0.8088, utilization 0.1072, perplexity 4907.2466,
Train Epoch: [1/2] Iters:[2940/20018] transplant_loss 4.9031, rec_loss 0.0494, quant_error 0.8055, utilization 0.1069, perplexity 4891.0863,
Train Epoch: [1/2] Iters:[2950/20018] transplant_loss 4.9214, rec_loss 0.0503, quant_error 0.8082, utilization 0.1073, perplexity 4920.2569,
Train Epoch: [1/2] Iters:[2960/20018] transplant_loss 4.8946, rec_loss 0.0507, quant_error 0.8050, utilization 0.1072, perplexity 4911.8585,
Train Epoch: [1/2] Iters:[2970/20018] transplant_loss 4.8699, rec_loss 0.0497, quant_error 0.8015, utilization 0.1073, perplexity 4910.0929,
Train Epoch: [1/2] Iters:[2980/20018] transplant_loss 4.8860, rec_loss 0.0504, quant_error 0.8028, utilization 0.1075, perplexity 4932.6649,
Train Epoch: [1/2] Iters:[2990/20018] transplant_loss 4.8944, rec_loss 0.0511, quant_error 0.8052, utilization 0.1077, perplexity 4938.6099,
Train Epoch: [1/2] Iters:[3000/20018] transplant_loss 4.8849, rec_loss 0.0509, quant_error 0.8061, utilization 0.1080, perplexity 4960.3344,
Train Epoch: [1/2] Iters:[3010/20018] transplant_loss 4.8976, rec_loss 0.0505, quant_error 0.8076, utilization 0.1081, perplexity 4967.4683,
Train Epoch: [1/2] Iters:[3020/20018] transplant_loss 4.9136, rec_loss 0.0514, quant_error 0.8107, utilization 0.1084, perplexity 4985.6188,
Train Epoch: [1/2] Iters:[3030/20018] transplant_loss 4.8996, rec_loss 0.0509, quant_error 0.8074, utilization 0.1082, perplexity 4974.9376,
Train Epoch: [1/2] Iters:[3040/20018] transplant_loss 4.9041, rec_loss 0.0512, quant_error 0.8050, utilization 0.1085, perplexity 4994.6568,
Train Epoch: [1/2] Iters:[3050/20018] transplant_loss 4.9014, rec_loss 0.0515, quant_error 0.8045, utilization 0.1083, perplexity 4986.8854,
Train Epoch: [1/2] Iters:[3060/20018] transplant_loss 4.8901, rec_loss 0.0518, quant_error 0.8041, utilization 0.1084, perplexity 4994.0376,
Train Epoch: [1/2] Iters:[3070/20018] transplant_loss 4.8790, rec_loss 0.0508, quant_error 0.8014, utilization 0.1084, perplexity 4996.1269,
Train Epoch: [1/2] Iters:[3080/20018] transplant_loss 4.8840, rec_loss 0.0502, quant_error 0.8030, utilization 0.1085, perplexity 5002.7371,
Train Epoch: [1/2] Iters:[3090/20018] transplant_loss 4.8783, rec_loss 0.0501, quant_error 0.8035, utilization 0.1084, perplexity 5001.8621,
Train Epoch: [1/2] Iters:[3100/20018] transplant_loss 4.8668, rec_loss 0.0489, quant_error 0.7994, utilization 0.1084, perplexity 4990.2821,
Train Epoch: [1/2] Iters:[3110/20018] transplant_loss 4.8587, rec_loss 0.0485, quant_error 0.7993, utilization 0.1084, perplexity 4997.8267,
Train Epoch: [1/2] Iters:[3120/20018] transplant_loss 4.8552, rec_loss 0.0487, quant_error 0.8004, utilization 0.1084, perplexity 4994.8598,
Train Epoch: [1/2] Iters:[3130/20018] transplant_loss 4.8342, rec_loss 0.0488, quant_error 0.7966, utilization 0.1083, perplexity 4975.3746,
Train Epoch: [1/2] Iters:[3140/20018] transplant_loss 4.8276, rec_loss 0.0483, quant_error 0.7961, utilization 0.1084, perplexity 4989.6407,
Train Epoch: [1/2] Iters:[3150/20018] transplant_loss 4.8452, rec_loss 0.0493, quant_error 0.8002, utilization 0.1086, perplexity 5008.1961,
Train Epoch: [1/2] Iters:[3160/20018] transplant_loss 4.8431, rec_loss 0.0494, quant_error 0.7965, utilization 0.1086, perplexity 5003.6397,
Train Epoch: [1/2] Iters:[3170/20018] transplant_loss 4.8389, rec_loss 0.0494, quant_error 0.7955, utilization 0.1087, perplexity 5016.1377,
Train Epoch: [1/2] Iters:[3180/20018] transplant_loss 4.8436, rec_loss 0.0489, quant_error 0.7938, utilization 0.1088, perplexity 5022.2738,
Train Epoch: [1/2] Iters:[3190/20018] transplant_loss 4.8396, rec_loss 0.0495, quant_error 0.7930, utilization 0.1089, perplexity 5027.2001,
Train Epoch: [1/2] Iters:[3200/20018] transplant_loss 4.8379, rec_loss 0.0493, quant_error 0.7924, utilization 0.1091, perplexity 5042.2201,
Train Epoch: [1/2] Iters:[3210/20018] transplant_loss 4.8596, rec_loss 0.0496, quant_error 0.7962, utilization 0.1091, perplexity 5038.3476,
Train Epoch: [1/2] Iters:[3220/20018] transplant_loss 4.8661, rec_loss 0.0503, quant_error 0.7966, utilization 0.1091, perplexity 5036.8639,
Train Epoch: [1/2] Iters:[3230/20018] transplant_loss 4.8579, rec_loss 0.0507, quant_error 0.7960, utilization 0.1095, perplexity 5067.1718,
Train Epoch: [1/2] Iters:[3240/20018] transplant_loss 4.8687, rec_loss 0.0504, quant_error 0.7969, utilization 0.1096, perplexity 5064.2429,
Train Epoch: [1/2] Iters:[3250/20018] transplant_loss 4.8505, rec_loss 0.0497, quant_error 0.7941, utilization 0.1094, perplexity 5038.0497,
Train Epoch: [1/2] Iters:[3260/20018] transplant_loss 4.8431, rec_loss 0.0496, quant_error 0.7919, utilization 0.1096, perplexity 5066.3915,
Train Epoch: [1/2] Iters:[3270/20018] transplant_loss 4.8323, rec_loss 0.0491, quant_error 0.7891, utilization 0.1095, perplexity 5058.5785,
Train Epoch: [1/2] Iters:[3280/20018] transplant_loss 4.8269, rec_loss 0.0497, quant_error 0.7873, utilization 0.1094, perplexity 5040.1892,
Train Epoch: [1/2] Iters:[3290/20018] transplant_loss 4.8047, rec_loss 0.0490, quant_error 0.7849, utilization 0.1092, perplexity 5030.9430,
Train Epoch: [1/2] Iters:[3300/20018] transplant_loss 4.8179, rec_loss 0.0494, quant_error 0.7846, utilization 0.1095, perplexity 5058.5584,
Train Epoch: [1/2] Iters:[3310/20018] transplant_loss 4.8164, rec_loss 0.0490, quant_error 0.7843, utilization 0.1096, perplexity 5055.6274,
Train Epoch: [1/2] Iters:[3320/20018] transplant_loss 4.8079, rec_loss 0.0485, quant_error 0.7828, utilization 0.1098, perplexity 5073.4915,
Train Epoch: [1/2] Iters:[3330/20018] transplant_loss 4.8363, rec_loss 0.0481, quant_error 0.7899, utilization 0.1101, perplexity 5106.6410,
Train Epoch: [1/2] Iters:[3340/20018] transplant_loss 4.8532, rec_loss 0.0489, quant_error 0.7924, utilization 0.1102, perplexity 5121.6932,
Train Epoch: [1/2] Iters:[3350/20018] transplant_loss 4.8467, rec_loss 0.0490, quant_error 0.7923, utilization 0.1104, perplexity 5130.0311,
Train Epoch: [1/2] Iters:[3360/20018] transplant_loss 4.8182, rec_loss 0.0485, quant_error 0.7870, utilization 0.1103, perplexity 5121.0097,
Train Epoch: [1/2] Iters:[3370/20018] transplant_loss 4.8205, rec_loss 0.0493, quant_error 0.7882, utilization 0.1104, perplexity 5135.9826,
Train Epoch: [1/2] Iters:[3380/20018] transplant_loss 4.7977, rec_loss 0.0495, quant_error 0.7841, utilization 0.1102, perplexity 5118.7510,
Train Epoch: [1/2] Iters:[3390/20018] transplant_loss 4.7936, rec_loss 0.0488, quant_error 0.7815, utilization 0.1104, perplexity 5133.0012,
Train Epoch: [1/2] Iters:[3400/20018] transplant_loss 4.7871, rec_loss 0.0487, quant_error 0.7815, utilization 0.1101, perplexity 5115.2442,
Train Epoch: [1/2] Iters:[3410/20018] transplant_loss 4.8105, rec_loss 0.0492, quant_error 0.7872, utilization 0.1105, perplexity 5140.4236,
Train Epoch: [1/2] Iters:[3420/20018] transplant_loss 4.8221, rec_loss 0.0490, quant_error 0.7890, utilization 0.1103, perplexity 5142.0411,
Train Epoch: [1/2] Iters:[3430/20018] transplant_loss 4.8469, rec_loss 0.0493, quant_error 0.7908, utilization 0.1106, perplexity 5151.4876,
Train Epoch: [1/2] Iters:[3440/20018] transplant_loss 4.8408, rec_loss 0.0498, quant_error 0.7907, utilization 0.1105, perplexity 5149.5420,
Train Epoch: [1/2] Iters:[3450/20018] transplant_loss 4.8457, rec_loss 0.0501, quant_error 0.7907, utilization 0.1109, perplexity 5167.7937,
Train Epoch: [1/2] Iters:[3460/20018] transplant_loss 4.8465, rec_loss 0.0500, quant_error 0.7908, utilization 0.1107, perplexity 5153.9231,
Train Epoch: [1/2] Iters:[3470/20018] transplant_loss 4.8514, rec_loss 0.0510, quant_error 0.7908, utilization 0.1111, perplexity 5173.5263,
Train Epoch: [1/2] Iters:[3480/20018] transplant_loss 4.8466, rec_loss 0.0503, quant_error 0.7912, utilization 0.1110, perplexity 5165.0217,
Train Epoch: [1/2] Iters:[3490/20018] transplant_loss 4.8543, rec_loss 0.0503, quant_error 0.7907, utilization 0.1111, perplexity 5176.2512,
Train Epoch: [1/2] Iters:[3500/20018] transplant_loss 4.8559, rec_loss 0.0494, quant_error 0.7902, utilization 0.1111, perplexity 5179.7593,
Train Epoch: [1/2] Iters:[3510/20018] transplant_loss 4.8312, rec_loss 0.0500, quant_error 0.7866, utilization 0.1110, perplexity 5182.2634,
Train Epoch: [1/2] Iters:[3520/20018] transplant_loss 4.8112, rec_loss 0.0488, quant_error 0.7834, utilization 0.1109, perplexity 5176.3638,
Train Epoch: [1/2] Iters:[3530/20018] transplant_loss 4.7974, rec_loss 0.0491, quant_error 0.7802, utilization 0.1110, perplexity 5178.6833,
Train Epoch: [1/2] Iters:[3540/20018] transplant_loss 4.7979, rec_loss 0.0491, quant_error 0.7820, utilization 0.1112, perplexity 5188.0391,
Train Epoch: [1/2] Iters:[3550/20018] transplant_loss 4.7850, rec_loss 0.0493, quant_error 0.7807, utilization 0.1113, perplexity 5192.1260,
Train Epoch: [1/2] Iters:[3560/20018] transplant_loss 4.7956, rec_loss 0.0489, quant_error 0.7803, utilization 0.1118, perplexity 5224.2425,
Train Epoch: [1/2] Iters:[3570/20018] transplant_loss 4.7942, rec_loss 0.0493, quant_error 0.7825, utilization 0.1117, perplexity 5212.3724,
Train Epoch: [1/2] Iters:[3580/20018] transplant_loss 4.7925, rec_loss 0.0499, quant_error 0.7837, utilization 0.1120, perplexity 5242.9611,
Train Epoch: [1/2] Iters:[3590/20018] transplant_loss 4.7847, rec_loss 0.0494, quant_error 0.7798, utilization 0.1121, perplexity 5257.7482,
Train Epoch: [1/2] Iters:[3600/20018] transplant_loss 4.7903, rec_loss 0.0494, quant_error 0.7806, utilization 0.1121, perplexity 5257.6428,
Train Epoch: [1/2] Iters:[3610/20018] transplant_loss 4.8002, rec_loss 0.0496, quant_error 0.7814, utilization 0.1120, perplexity 5245.0605,
Train Epoch: [1/2] Iters:[3620/20018] transplant_loss 4.7970, rec_loss 0.0488, quant_error 0.7791, utilization 0.1121, perplexity 5253.4613,
Train Epoch: [1/2] Iters:[3630/20018] transplant_loss 4.8006, rec_loss 0.0477, quant_error 0.7771, utilization 0.1120, perplexity 5235.6307,
Train Epoch: [1/2] Iters:[3640/20018] transplant_loss 4.8023, rec_loss 0.0484, quant_error 0.7820, utilization 0.1118, perplexity 5215.1983,
Train Epoch: [1/2] Iters:[3650/20018] transplant_loss 4.7852, rec_loss 0.0485, quant_error 0.7774, utilization 0.1120, perplexity 5218.2549,
Train Epoch: [1/2] Iters:[3660/20018] transplant_loss 4.7725, rec_loss 0.0485, quant_error 0.7769, utilization 0.1121, perplexity 5227.8884,
Train Epoch: [1/2] Iters:[3670/20018] transplant_loss 4.7836, rec_loss 0.0489, quant_error 0.7790, utilization 0.1121, perplexity 5237.1702,
Train Epoch: [1/2] Iters:[3680/20018] transplant_loss 4.7819, rec_loss 0.0497, quant_error 0.7817, utilization 0.1125, perplexity 5278.0361,
Train Epoch: [1/2] Iters:[3690/20018] transplant_loss 4.7949, rec_loss 0.0495, quant_error 0.7815, utilization 0.1127, perplexity 5299.8457,
Train Epoch: [1/2] Iters:[3700/20018] transplant_loss 4.8087, rec_loss 0.0496, quant_error 0.7831, utilization 0.1128, perplexity 5314.1109,
Train Epoch: [1/2] Iters:[3710/20018] transplant_loss 4.8008, rec_loss 0.0487, quant_error 0.7817, utilization 0.1127, perplexity 5307.4967,
Train Epoch: [1/2] Iters:[3720/20018] transplant_loss 4.7924, rec_loss 0.0490, quant_error 0.7791, utilization 0.1131, perplexity 5330.6475,
Train Epoch: [1/2] Iters:[3730/20018] transplant_loss 4.7939, rec_loss 0.0484, quant_error 0.7763, utilization 0.1127, perplexity 5298.8376,
Train Epoch: [1/2] Iters:[3740/20018] transplant_loss 4.7745, rec_loss 0.0476, quant_error 0.7738, utilization 0.1126, perplexity 5278.1266,
Train Epoch: [1/2] Iters:[3750/20018] transplant_loss 4.7918, rec_loss 0.0478, quant_error 0.7767, utilization 0.1127, perplexity 5286.4622,
Train Epoch: [1/2] Iters:[3760/20018] transplant_loss 4.7971, rec_loss 0.0485, quant_error 0.7777, utilization 0.1127, perplexity 5289.5191,
Train Epoch: [1/2] Iters:[3770/20018] transplant_loss 4.7903, rec_loss 0.0477, quant_error 0.7774, utilization 0.1125, perplexity 5274.8728,
Train Epoch: [1/2] Iters:[3780/20018] transplant_loss 4.7827, rec_loss 0.0482, quant_error 0.7775, utilization 0.1130, perplexity 5316.2621,
Train Epoch: [1/2] Iters:[3790/20018] transplant_loss 4.8006, rec_loss 0.0495, quant_error 0.7803, utilization 0.1131, perplexity 5330.8035,
Train Epoch: [1/2] Iters:[3800/20018] transplant_loss 4.7957, rec_loss 0.0492, quant_error 0.7793, utilization 0.1132, perplexity 5336.6573,
Train Epoch: [1/2] Iters:[3810/20018] transplant_loss 4.8008, rec_loss 0.0492, quant_error 0.7795, utilization 0.1135, perplexity 5352.1411,
Train Epoch: [1/2] Iters:[3820/20018] transplant_loss 4.8119, rec_loss 0.0502, quant_error 0.7811, utilization 0.1137, perplexity 5369.2174,
Train Epoch: [1/2] Iters:[3830/20018] transplant_loss 4.8129, rec_loss 0.0496, quant_error 0.7814, utilization 0.1135, perplexity 5350.6569,
Train Epoch: [1/2] Iters:[3840/20018] transplant_loss 4.8036, rec_loss 0.0492, quant_error 0.7778, utilization 0.1138, perplexity 5375.8410,
Train Epoch: [1/2] Iters:[3850/20018] transplant_loss 4.8089, rec_loss 0.0495, quant_error 0.7780, utilization 0.1139, perplexity 5379.1998,
Train Epoch: [1/2] Iters:[3860/20018] transplant_loss 4.7856, rec_loss 0.0486, quant_error 0.7725, utilization 0.1137, perplexity 5364.6744,
Train Epoch: [1/2] Iters:[3870/20018] transplant_loss 4.7777, rec_loss 0.0488, quant_error 0.7710, utilization 0.1136, perplexity 5351.8919,
Train Epoch: [1/2] Iters:[3880/20018] transplant_loss 4.7732, rec_loss 0.0493, quant_error 0.7708, utilization 0.1138, perplexity 5361.9424,
Train Epoch: [1/2] Iters:[3890/20018] transplant_loss 4.7692, rec_loss 0.0495, quant_error 0.7705, utilization 0.1134, perplexity 5326.6490,
Train Epoch: [1/2] Iters:[3900/20018] transplant_loss 4.7510, rec_loss 0.0496, quant_error 0.7681, utilization 0.1135, perplexity 5328.7108,
Train Epoch: [1/2] Iters:[3910/20018] transplant_loss 4.7651, rec_loss 0.0501, quant_error 0.7723, utilization 0.1136, perplexity 5341.7790,
Train Epoch: [1/2] Iters:[3920/20018] transplant_loss 4.7709, rec_loss 0.0500, quant_error 0.7722, utilization 0.1136, perplexity 5337.7019,
Train Epoch: [1/2] Iters:[3930/20018] transplant_loss 4.7650, rec_loss 0.0495, quant_error 0.7697, utilization 0.1134, perplexity 5328.8978,
Train Epoch: [1/2] Iters:[3940/20018] transplant_loss 4.7465, rec_loss 0.0485, quant_error 0.7677, utilization 0.1136, perplexity 5348.1663,
Train Epoch: [1/2] Iters:[3950/20018] transplant_loss 4.7515, rec_loss 0.0483, quant_error 0.7695, utilization 0.1137, perplexity 5352.6510,
Train Epoch: [1/2] Iters:[3960/20018] transplant_loss 4.7561, rec_loss 0.0481, quant_error 0.7691, utilization 0.1137, perplexity 5361.5234,
Train Epoch: [1/2] Iters:[3970/20018] transplant_loss 4.7643, rec_loss 0.0479, quant_error 0.7694, utilization 0.1137, perplexity 5359.1406,
Train Epoch: [1/2] Iters:[3980/20018] transplant_loss 4.7660, rec_loss 0.0480, quant_error 0.7710, utilization 0.1141, perplexity 5392.1312,
Train Epoch: [1/2] Iters:[3990/20018] transplant_loss 4.7823, rec_loss 0.0489, quant_error 0.7725, utilization 0.1143, perplexity 5401.8334,
Train Epoch: [1/2] Iters:[4000/20018] transplant_loss 4.7632, rec_loss 0.0485, quant_error 0.7690, utilization 0.1142, perplexity 5401.7634,
Train Epoch: [1/2] Iters:[4010/20018] transplant_loss 4.7607, rec_loss 0.0486, quant_error 0.7687, utilization 0.1143, perplexity 5401.3450,
Train Epoch: [1/2] Iters:[4020/20018] transplant_loss 4.7514, rec_loss 0.0488, quant_error 0.7698, utilization 0.1147, perplexity 5428.2940,
Train Epoch: [1/2] Iters:[4030/20018] transplant_loss 4.7787, rec_loss 0.0499, quant_error 0.7725, utilization 0.1146, perplexity 5427.6942,
Train Epoch: [1/2] Iters:[4040/20018] transplant_loss 4.7831, rec_loss 0.0494, quant_error 0.7738, utilization 0.1146, perplexity 5436.5163,
Train Epoch: [1/2] Iters:[4050/20018] transplant_loss 4.8012, rec_loss 0.0499, quant_error 0.7745, utilization 0.1149, perplexity 5446.7897,
Train Epoch: [1/2] Iters:[4060/20018] transplant_loss 4.8045, rec_loss 0.0503, quant_error 0.7754, utilization 0.1149, perplexity 5457.9172,
Train Epoch: [1/2] Iters:[4070/20018] transplant_loss 4.7962, rec_loss 0.0493, quant_error 0.7700, utilization 0.1151, perplexity 5463.5729,
Train Epoch: [1/2] Iters:[4080/20018] transplant_loss 4.7745, rec_loss 0.0488, quant_error 0.7662, utilization 0.1151, perplexity 5467.6747,
Train Epoch: [1/2] Iters:[4090/20018] transplant_loss 4.7605, rec_loss 0.0487, quant_error 0.7629, utilization 0.1152, perplexity 5469.2372,
Train Epoch: [1/2] Iters:[4100/20018] transplant_loss 4.7450, rec_loss 0.0487, quant_error 0.7637, utilization 0.1153, perplexity 5483.9694,
Train Epoch: [1/2] Iters:[4110/20018] transplant_loss 4.7237, rec_loss 0.0484, quant_error 0.7608, utilization 0.1154, perplexity 5481.2762,
Train Epoch: [1/2] Iters:[4120/20018] transplant_loss 4.7372, rec_loss 0.0484, quant_error 0.7632, utilization 0.1154, perplexity 5495.5976,
Train Epoch: [1/2] Iters:[4130/20018] transplant_loss 4.7363, rec_loss 0.0478, quant_error 0.7635, utilization 0.1155, perplexity 5492.1259,
Train Epoch: [1/2] Iters:[4140/20018] transplant_loss 4.7199, rec_loss 0.0478, quant_error 0.7629, utilization 0.1154, perplexity 5481.7284,
Train Epoch: [1/2] Iters:[4150/20018] transplant_loss 4.7141, rec_loss 0.0474, quant_error 0.7620, utilization 0.1153, perplexity 5467.2661,
Train Epoch: [1/2] Iters:[4160/20018] transplant_loss 4.7271, rec_loss 0.0481, quant_error 0.7622, utilization 0.1155, perplexity 5488.7449,
Train Epoch: [1/2] Iters:[4170/20018] transplant_loss 4.7265, rec_loss 0.0484, quant_error 0.7619, utilization 0.1155, perplexity 5486.5072,
Train Epoch: [1/2] Iters:[4180/20018] transplant_loss 4.7253, rec_loss 0.0485, quant_error 0.7613, utilization 0.1154, perplexity 5484.5455,
Train Epoch: [1/2] Iters:[4190/20018] transplant_loss 4.7308, rec_loss 0.0487, quant_error 0.7600, utilization 0.1158, perplexity 5504.9554,
Train Epoch: [1/2] Iters:[4200/20018] transplant_loss 4.7427, rec_loss 0.0492, quant_error 0.7632, utilization 0.1159, perplexity 5513.4756,
Train Epoch: [1/2] Iters:[4210/20018] transplant_loss 4.7431, rec_loss 0.0486, quant_error 0.7635, utilization 0.1157, perplexity 5487.7439,
Train Epoch: [1/2] Iters:[4220/20018] transplant_loss 4.7385, rec_loss 0.0486, quant_error 0.7637, utilization 0.1157, perplexity 5485.7656,
Train Epoch: [1/2] Iters:[4230/20018] transplant_loss 4.7579, rec_loss 0.0488, quant_error 0.7645, utilization 0.1158, perplexity 5490.0746,
Train Epoch: [1/2] Iters:[4240/20018] transplant_loss 4.7857, rec_loss 0.0491, quant_error 0.7678, utilization 0.1158, perplexity 5505.1938,
Train Epoch: [1/2] Iters:[4250/20018] transplant_loss 4.7969, rec_loss 0.0492, quant_error 0.7683, utilization 0.1160, perplexity 5517.0941,
Train Epoch: [1/2] Iters:[4260/20018] transplant_loss 4.7750, rec_loss 0.0491, quant_error 0.7647, utilization 0.1161, perplexity 5529.5696,
Train Epoch: [1/2] Iters:[4270/20018] transplant_loss 4.7841, rec_loss 0.0498, quant_error 0.7654, utilization 0.1162, perplexity 5531.7938,
Train Epoch: [1/2] Iters:[4280/20018] transplant_loss 4.7492, rec_loss 0.0493, quant_error 0.7635, utilization 0.1161, perplexity 5527.1997,
Train Epoch: [1/2] Iters:[4290/20018] transplant_loss 4.7235, rec_loss 0.0490, quant_error 0.7606, utilization 0.1161, perplexity 5515.3279,
Train Epoch: [1/2] Iters:[4300/20018] transplant_loss 4.7003, rec_loss 0.0484, quant_error 0.7537, utilization 0.1162, perplexity 5523.9039,
Train Epoch: [1/2] Iters:[4310/20018] transplant_loss 4.7236, rec_loss 0.0483, quant_error 0.7578, utilization 0.1163, perplexity 5536.7662,
Train Epoch: [1/2] Iters:[4320/20018] transplant_loss 4.7240, rec_loss 0.0483, quant_error 0.7568, utilization 0.1165, perplexity 5561.1045,
Train Epoch: [1/2] Iters:[4330/20018] transplant_loss 4.7247, rec_loss 0.0477, quant_error 0.7549, utilization 0.1167, perplexity 5567.0774,
Train Epoch: [1/2] Iters:[4340/20018] transplant_loss 4.7180, rec_loss 0.0471, quant_error 0.7546, utilization 0.1168, perplexity 5579.7853,
Train Epoch: [1/2] Iters:[4350/20018] transplant_loss 4.7220, rec_loss 0.0471, quant_error 0.7547, utilization 0.1170, perplexity 5589.5778,
Train Epoch: [1/2] Iters:[4360/20018] transplant_loss 4.7112, rec_loss 0.0477, quant_error 0.7537, utilization 0.1170, perplexity 5588.6645,
Train Epoch: [1/2] Iters:[4370/20018] transplant_loss 4.7081, rec_loss 0.0475, quant_error 0.7533, utilization 0.1170, perplexity 5578.2855,
Train Epoch: [1/2] Iters:[4380/20018] transplant_loss 4.7188, rec_loss 0.0485, quant_error 0.7548, utilization 0.1169, perplexity 5575.4345,
Train Epoch: [1/2] Iters:[4390/20018] transplant_loss 4.7264, rec_loss 0.0488, quant_error 0.7541, utilization 0.1169, perplexity 5578.6007,
Train Epoch: [1/2] Iters:[4400/20018] transplant_loss 4.7295, rec_loss 0.0482, quant_error 0.7552, utilization 0.1170, perplexity 5581.0882,
Train Epoch: [1/2] Iters:[4410/20018] transplant_loss 4.7160, rec_loss 0.0471, quant_error 0.7514, utilization 0.1173, perplexity 5601.7790,
Train Epoch: [1/2] Iters:[4420/20018] transplant_loss 4.6932, rec_loss 0.0464, quant_error 0.7498, utilization 0.1173, perplexity 5599.6240,
Train Epoch: [1/2] Iters:[4430/20018] transplant_loss 4.6817, rec_loss 0.0459, quant_error 0.7493, utilization 0.1175, perplexity 5612.6629,
Train Epoch: [1/2] Iters:[4440/20018] transplant_loss 4.6768, rec_loss 0.0456, quant_error 0.7489, utilization 0.1174, perplexity 5603.8403,
Train Epoch: [1/2] Iters:[4450/20018] transplant_loss 4.6722, rec_loss 0.0467, quant_error 0.7481, utilization 0.1173, perplexity 5601.4414,
Train Epoch: [1/2] Iters:[4460/20018] transplant_loss 4.6929, rec_loss 0.0470, quant_error 0.7526, utilization 0.1172, perplexity 5591.2806,
Train Epoch: [1/2] Iters:[4470/20018] transplant_loss 4.6942, rec_loss 0.0476, quant_error 0.7525, utilization 0.1171, perplexity 5585.2670,
Train Epoch: [1/2] Iters:[4480/20018] transplant_loss 4.6936, rec_loss 0.0481, quant_error 0.7481, utilization 0.1174, perplexity 5603.3373,
Train Epoch: [1/2] Iters:[4490/20018] transplant_loss 4.6908, rec_loss 0.0482, quant_error 0.7495, utilization 0.1176, perplexity 5627.3907,
Train Epoch: [1/2] Iters:[4500/20018] transplant_loss 4.6865, rec_loss 0.0480, quant_error 0.7492, utilization 0.1177, perplexity 5633.4343,
Train Epoch: [1/2] Iters:[4510/20018] transplant_loss 4.6782, rec_loss 0.0481, quant_error 0.7469, utilization 0.1177, perplexity 5632.3089,
Train Epoch: [1/2] Iters:[4520/20018] transplant_loss 4.6850, rec_loss 0.0476, quant_error 0.7477, utilization 0.1180, perplexity 5656.4462,
Train Epoch: [1/2] Iters:[4530/20018] transplant_loss 4.6938, rec_loss 0.0469, quant_error 0.7501, utilization 0.1178, perplexity 5652.6031,
Train Epoch: [1/2] Iters:[4540/20018] transplant_loss 4.7018, rec_loss 0.0471, quant_error 0.7498, utilization 0.1179, perplexity 5650.5848,
Train Epoch: [1/2] Iters:[4550/20018] transplant_loss 4.7048, rec_loss 0.0472, quant_error 0.7497, utilization 0.1179, perplexity 5647.2171,
Train Epoch: [1/2] Iters:[4560/20018] transplant_loss 4.7196, rec_loss 0.0477, quant_error 0.7518, utilization 0.1182, perplexity 5681.4828,
Train Epoch: [1/2] Iters:[4570/20018] transplant_loss 4.7072, rec_loss 0.0482, quant_error 0.7517, utilization 0.1182, perplexity 5681.4818,
Train Epoch: [1/2] Iters:[4580/20018] transplant_loss 4.7164, rec_loss 0.0487, quant_error 0.7534, utilization 0.1184, perplexity 5683.3586,
Train Epoch: [1/2] Iters:[4590/20018] transplant_loss 4.7202, rec_loss 0.0487, quant_error 0.7540, utilization 0.1181, perplexity 5663.1554,
Train Epoch: [1/2] Iters:[4600/20018] transplant_loss 4.7092, rec_loss 0.0481, quant_error 0.7528, utilization 0.1186, perplexity 5704.1705,
Train Epoch: [1/2] Iters:[4610/20018] transplant_loss 4.6939, rec_loss 0.0478, quant_error 0.7492, utilization 0.1184, perplexity 5689.0003,
Train Epoch: [1/2] Iters:[4620/20018] transplant_loss 4.6972, rec_loss 0.0473, quant_error 0.7487, utilization 0.1185, perplexity 5698.4080,
Train Epoch: [1/2] Iters:[4630/20018] transplant_loss 4.6902, rec_loss 0.0475, quant_error 0.7490, utilization 0.1187, perplexity 5716.7720,
Train Epoch: [1/2] Iters:[4640/20018] transplant_loss 4.6768, rec_loss 0.0470, quant_error 0.7476, utilization 0.1191, perplexity 5732.6918,
Train Epoch: [1/2] Iters:[4650/20018] transplant_loss 4.6845, rec_loss 0.0467, quant_error 0.7471, utilization 0.1185, perplexity 5680.3565,
Train Epoch: [1/2] Iters:[4660/20018] transplant_loss 4.6973, rec_loss 0.0468, quant_error 0.7478, utilization 0.1187, perplexity 5700.6787,
Train Epoch: [1/2] Iters:[4670/20018] transplant_loss 4.6873, rec_loss 0.0471, quant_error 0.7460, utilization 0.1190, perplexity 5713.2908,
Train Epoch: [1/2] Iters:[4680/20018] transplant_loss 4.6785, rec_loss 0.0467, quant_error 0.7438, utilization 0.1188, perplexity 5691.1510,
Train Epoch: [1/2] Iters:[4690/20018] transplant_loss 4.6796, rec_loss 0.0472, quant_error 0.7431, utilization 0.1188, perplexity 5698.2960,
Train Epoch: [1/2] Iters:[4700/20018] transplant_loss 4.6741, rec_loss 0.0472, quant_error 0.7435, utilization 0.1191, perplexity 5718.7033,
Train Epoch: [1/2] Iters:[4710/20018] transplant_loss 4.6704, rec_loss 0.0470, quant_error 0.7436, utilization 0.1190, perplexity 5718.5156,
Train Epoch: [1/2] Iters:[4720/20018] transplant_loss 4.6851, rec_loss 0.0473, quant_error 0.7461, utilization 0.1190, perplexity 5712.1862,
Train Epoch: [1/2] Iters:[4730/20018] transplant_loss 4.6712, rec_loss 0.0478, quant_error 0.7457, utilization 0.1193, perplexity 5741.6320,
Train Epoch: [1/2] Iters:[4740/20018] transplant_loss 4.6832, rec_loss 0.0478, quant_error 0.7460, utilization 0.1193, perplexity 5750.6829,
Train Epoch: [1/2] Iters:[4750/20018] transplant_loss 4.6999, rec_loss 0.0490, quant_error 0.7459, utilization 0.1196, perplexity 5775.4654,
Train Epoch: [1/2] Iters:[4760/20018] transplant_loss 4.6675, rec_loss 0.0490, quant_error 0.7427, utilization 0.1197, perplexity 5772.2512,
Train Epoch: [1/2] Iters:[4770/20018] transplant_loss 4.6434, rec_loss 0.0481, quant_error 0.7364, utilization 0.1195, perplexity 5756.4014,
Train Epoch: [1/2] Iters:[4780/20018] transplant_loss 4.6505, rec_loss 0.0479, quant_error 0.7351, utilization 0.1194, perplexity 5744.0943,
Train Epoch: [1/2] Iters:[4790/20018] transplant_loss 4.6463, rec_loss 0.0481, quant_error 0.7353, utilization 0.1198, perplexity 5772.2148,
Train Epoch: [1/2] Iters:[4800/20018] transplant_loss 4.6340, rec_loss 0.0472, quant_error 0.7364, utilization 0.1197, perplexity 5764.7635,
Train Epoch: [1/2] Iters:[4810/20018] transplant_loss 4.6689, rec_loss 0.0476, quant_error 0.7409, utilization 0.1197, perplexity 5770.5505,
Train Epoch: [1/2] Iters:[4820/20018] transplant_loss 4.6944, rec_loss 0.0482, quant_error 0.7452, utilization 0.1199, perplexity 5797.1317,
Train Epoch: [1/2] Iters:[4830/20018] transplant_loss 4.6958, rec_loss 0.0480, quant_error 0.7470, utilization 0.1199, perplexity 5800.4607,
Train Epoch: [1/2] Iters:[4840/20018] transplant_loss 4.6920, rec_loss 0.0477, quant_error 0.7455, utilization 0.1199, perplexity 5801.2563,
Train Epoch: [1/2] Iters:[4850/20018] transplant_loss 4.6972, rec_loss 0.0486, quant_error 0.7447, utilization 0.1200, perplexity 5810.0344,
Train Epoch: [1/2] Iters:[4860/20018] transplant_loss 4.6907, rec_loss 0.0484, quant_error 0.7435, utilization 0.1204, perplexity 5837.6057,
Train Epoch: [1/2] Iters:[4870/20018] transplant_loss 4.6824, rec_loss 0.0487, quant_error 0.7423, utilization 0.1202, perplexity 5823.3831,
Train Epoch: [1/2] Iters:[4880/20018] transplant_loss 4.6860, rec_loss 0.0483, quant_error 0.7415, utilization 0.1206, perplexity 5857.8489,
Train Epoch: [1/2] Iters:[4890/20018] transplant_loss 4.6785, rec_loss 0.0483, quant_error 0.7409, utilization 0.1205, perplexity 5841.7523,
Train Epoch: [1/2] Iters:[4900/20018] transplant_loss 4.6866, rec_loss 0.0477, quant_error 0.7446, utilization 0.1206, perplexity 5846.5486,
Train Epoch: [1/2] Iters:[4910/20018] transplant_loss 4.6749, rec_loss 0.0472, quant_error 0.7422, utilization 0.1205, perplexity 5842.0794,
Train Epoch: [1/2] Iters:[4920/20018] transplant_loss 4.6677, rec_loss 0.0471, quant_error 0.7405, utilization 0.1209, perplexity 5869.2549,
Train Epoch: [1/2] Iters:[4930/20018] transplant_loss 4.6529, rec_loss 0.0474, quant_error 0.7401, utilization 0.1207, perplexity 5851.3450,
Train Epoch: [1/2] Iters:[4940/20018] transplant_loss 4.6593, rec_loss 0.0477, quant_error 0.7420, utilization 0.1208, perplexity 5862.3878,
Train Epoch: [1/2] Iters:[4950/20018] transplant_loss 4.6564, rec_loss 0.0473, quant_error 0.7380, utilization 0.1207, perplexity 5859.9896,
Train Epoch: [1/2] Iters:[4960/20018] transplant_loss 4.6474, rec_loss 0.0471, quant_error 0.7373, utilization 0.1209, perplexity 5876.6428,
Train Epoch: [1/2] Iters:[4970/20018] transplant_loss 4.6481, rec_loss 0.0463, quant_error 0.7383, utilization 0.1208, perplexity 5866.7579,
Train Epoch: [1/2] Iters:[4980/20018] transplant_loss 4.6708, rec_loss 0.0465, quant_error 0.7402, utilization 0.1210, perplexity 5882.4570,
Train Epoch: [1/2] Iters:[4990/20018] transplant_loss 4.6600, rec_loss 0.0465, quant_error 0.7373, utilization 0.1209, perplexity 5865.8033,
Train Epoch: [1/2] Iters:[5000/20018] transplant_loss 4.6623, rec_loss 0.0472, quant_error 0.7386, utilization 0.1212, perplexity 5886.1003,
Train Epoch: [1/2] Iters:[5010/20018] transplant_loss 4.6692, rec_loss 0.0481, quant_error 0.7385, utilization 0.1210, perplexity 5860.0575,
Train Epoch: [1/2] Iters:[5020/20018] transplant_loss 4.6712, rec_loss 0.0480, quant_error 0.7383, utilization 0.1212, perplexity 5877.8192,
Train Epoch: [1/2] Iters:[5030/20018] transplant_loss 4.6544, rec_loss 0.0479, quant_error 0.7377, utilization 0.1213, perplexity 5878.3787,
Train Epoch: [1/2] Iters:[5040/20018] transplant_loss 4.6639, rec_loss 0.0480, quant_error 0.7374, utilization 0.1216, perplexity 5889.2649,
Train Epoch: [1/2] Iters:[5050/20018] transplant_loss 4.6594, rec_loss 0.0481, quant_error 0.7382, utilization 0.1213, perplexity 5867.6964,
Train Epoch: [1/2] Iters:[5060/20018] transplant_loss 4.6813, rec_loss 0.0483, quant_error 0.7410, utilization 0.1216, perplexity 5882.9955,
Train Epoch: [1/2] Iters:[5070/20018] transplant_loss 4.6985, rec_loss 0.0493, quant_error 0.7436, utilization 0.1215, perplexity 5881.7077,
Train Epoch: [1/2] Iters:[5080/20018] transplant_loss 4.6993, rec_loss 0.0491, quant_error 0.7421, utilization 0.1214, perplexity 5870.6483,
