dataset_dir: /datasets/
dataset_name: ImageNet
global_batch_size: 64
workers: 6
resolution: 256
channels: 3
ms_patch_size: 1_2_3_4_5_6_8
max_patch_size: 8
codebook_size: 16384
codebook_dim: 8
project_dim: 16
pq: 1
L: 4
alpha: 1.0
beta: 1.0
gamma: 0.0
disc_weight: 0.2
lecam_loss_weight: 0.001
disc_cr_loss_weight: 4.0
VQ: vanilla_vq
use_multiscale: False
transplant_epochs: 2
refinement_epochs: 5
eval_epochs: 1
lr_transplant: 0.0001
lr_refinement: 1e-05
dropout: 0.0
seed: 3407
weight_decay: 0.0001
stage: transplant
checkpoint_dir: /project/6105494/sunset/VQ-Projects/VQ-Transplant/checkpoint/Transplant/ImageNet
results_dir: /project/6105494/sunset/VQ-Projects/VQ-Transplant/results/Transplant/ImageNet
saver_dir: /project/6105494/sunset/VQ-Projects/VQ-Transplant/saver/Transplant/ImageNet
reconstruction_dir: /project/6105494/sunset/VQ-Projects/VQ-Transplant/reconstruction/Transplant/ImageNet
yaml_dir: /project/6105494/sunset/VQ-Projects/VQ-Transplant/yaml/Transplant/ImageNet
pretrained_tokenizer: /project/6105494/sunset/VQ-Projects/VQ-Transplant/pretrained_tokenizer/dc-ae-f32c32-sana-1.0.safetensors
checkpoint_name: 
nnodes: -1
node_rank: -1
local_rank: 0
dist_url: tcp://224.66.41.62:23456
dist_backend: nccl
world_size: 1
batch_size: 64
ms_token_size: (1, 2, 3, 4, 5, 6, 8)
init_checkpoint_dir: /project/6105494/sunset/VQ-Projects/VQ-Transplant/checkpoint/
data_pre: ImageNet
model_pre: model_16384_8_1
loss_pre: loss_1.0_1.0_0.0_0.2
training_pre: vanilla_vq_transplant_False
saver_name_pre: vanilla_vq_transplant_False_ImageNet_model_16384_8_1_loss_1.0_1.0_0.0_0.2
| distributed init (rank 0): env://
VQ Model Parameters: 312250275
dataset name: ImageNet
len train_set: 1281167
len val_set: 50000
Start training...
epoch:1, cur_lr:0.000100
Train Epoch: [1/2] Iters:[10/20018] transplant_loss 86.1376, rec_loss 0.1788, quant_error 3.4938,
Train Epoch: [1/2] Iters:[20/20018] transplant_loss 103.4065, rec_loss 0.1539, quant_error 3.0425,
Train Epoch: [1/2] Iters:[30/20018] transplant_loss 121.2805, rec_loss 0.1406, quant_error 2.8052,
Train Epoch: [1/2] Iters:[40/20018] transplant_loss 139.9878, rec_loss 0.1324, quant_error 2.6632,
Train Epoch: [1/2] Iters:[50/20018] transplant_loss 158.3158, rec_loss 0.1271, quant_error 2.5595,
Train Epoch: [1/2] Iters:[60/20018] transplant_loss 197.2838, rec_loss 0.1125, quant_error 2.2904,
Train Epoch: [1/2] Iters:[70/20018] transplant_loss 240.2080, rec_loss 0.1072, quant_error 2.2022,
Train Epoch: [1/2] Iters:[80/20018] transplant_loss 285.8214, rec_loss 0.1057, quant_error 2.1553,
Train Epoch: [1/2] Iters:[90/20018] transplant_loss 335.4496, rec_loss 0.1053, quant_error 2.1301,
Train Epoch: [1/2] Iters:[100/20018] transplant_loss 388.1295, rec_loss 0.1054, quant_error 2.1253,
Train Epoch: [1/2] Iters:[110/20018] transplant_loss 443.0906, rec_loss 0.1054, quant_error 2.1182,
Train Epoch: [1/2] Iters:[120/20018] transplant_loss 502.7015, rec_loss 0.1051, quant_error 2.1072,
Train Epoch: [1/2] Iters:[130/20018] transplant_loss 561.5132, rec_loss 0.1053, quant_error 2.1038,
