dataset_dir: /datasets/
dataset_name: ImageNet
global_batch_size: 64
workers: 6
resolution: 256
channels: 3
ms_patch_size: 1_2_3_4_5_6_8_10_13_16
importance: (1, 1, 1, 2, 2, 2, 3, 3, 5, 5)
max_patch_size: 16
codebook_size: 256
codebook_dim: 8
project_dim: 16
pq: 2
L: 4
alpha: 1.0
beta: 1.0
gamma: 0.0
disc_weight: 0.2
lecam_loss_weight: 0.001
disc_cr_loss_weight: 4.0
VQ: vanilla_vq
use_multiscale: False
transplant_epochs: 2
refinement_epochs: 5
eval_epochs: 1
lr_transplant: 0.0001
lr_refinement: 1e-05
dropout: 0.0
seed: 3407
weight_decay: 0.0001
stage: transplant
checkpoint_dir: /project/6105494/sunset/VQ-Projects/VQ-Transplant/checkpoint/Transplant/ImageNet
results_dir: /project/6105494/sunset/VQ-Projects/VQ-Transplant/results/Transplant/ImageNet
saver_dir: /project/6105494/sunset/VQ-Projects/VQ-Transplant/saver/Transplant/ImageNet
reconstruction_dir: /project/6105494/sunset/VQ-Projects/VQ-Transplant/reconstruction/Transplant/ImageNet
yaml_dir: /project/6105494/sunset/VQ-Projects/VQ-Transplant/yaml/Transplant/ImageNet
pretrained_tokenizer: /project/6105494/sunset/VQ-Projects/VQ-Transplant/pretrained_tokenizer/model.ckpt
checkpoint_name: 
nnodes: -1
node_rank: -1
local_rank: 0
dist_url: tcp://224.66.41.62:23456
dist_backend: nccl
world_size: 2
batch_size: 32
ms_token_size: (1, 2, 3, 4, 5, 6, 8, 10, 13, 16)
init_checkpoint_dir: /project/6105494/sunset/VQ-Projects/VQ-Transplant/checkpoint/
data_pre: ImageNet
model_pre: model_256_8_2
loss_pre: loss_1.0_1.0_0.0_0.2
training_pre: vanilla_vq_transplant_False
saver_name_pre: vanilla_vq_transplant_False_ImageNet_model_256_8_2_loss_1.0_1.0_0.0_0.2
| distributed init (rank 0): env://
| distributed init (rank 1): env://
making attention of type 'vanilla' with 512 in_channels
making attention of type 'vanilla' with 512 in_channels
making attention of type 'vanilla' with 512 in_channels
Working with z of shape (1, 16, 16, 16) = 4096 dimensions.
making attention of type 'vanilla' with 512 in_channels
making attention of type 'vanilla' with 512 in_channels
making attention of type 'vanilla' with 512 in_channels
making attention of type 'vanilla' with 512 in_channels
VQ Model Parameters: 69609635
dataset name: ImageNet
len train_set: 1281167
len val_set: 50000
Start training...
epoch:1, cur_lr:0.000100
Train Epoch: [1/2] Iters:[10/20018] transplant_loss 11.0413, rec_loss 0.1762, quant_error 2.7494, utilization 0.0359, perplexity 641.8704,
Train Epoch: [1/2] Iters:[20/20018] transplant_loss 16.0128, rec_loss 0.1489, quant_error 2.5056, utilization 0.0301, perplexity 503.2372,
Train Epoch: [1/2] Iters:[30/20018] transplant_loss 19.0416, rec_loss 0.1346, quant_error 2.3547, utilization 0.0274, perplexity 461.3436,
Train Epoch: [1/2] Iters:[40/20018] transplant_loss 25.7506, rec_loss 0.1284, quant_error 2.2789, utilization 0.0256, perplexity 422.4109,
Train Epoch: [1/2] Iters:[50/20018] transplant_loss 39.4717, rec_loss 0.1237, quant_error 2.2236, utilization 0.0242, perplexity 401.8247,
Train Epoch: [1/2] Iters:[60/20018] transplant_loss 59.0760, rec_loss 0.1086, quant_error 2.0700, utilization 0.0208, perplexity 338.3999,
Train Epoch: [1/2] Iters:[70/20018] transplant_loss 81.0285, rec_loss 0.1034, quant_error 2.0038, utilization 0.0195, perplexity 327.9154,
Train Epoch: [1/2] Iters:[80/20018] transplant_loss 115.2931, rec_loss 0.1020, quant_error 1.9787, utilization 0.0187, perplexity 317.9072,
Train Epoch: [1/2] Iters:[90/20018] transplant_loss 159.5919, rec_loss 0.0999, quant_error 1.9545, utilization 0.0181, perplexity 324.5212,
Train Epoch: [1/2] Iters:[100/20018] transplant_loss 192.0797, rec_loss 0.0984, quant_error 1.9362, utilization 0.0179, perplexity 333.3661,
Train Epoch: [1/2] Iters:[110/20018] transplant_loss 217.6001, rec_loss 0.0986, quant_error 1.9187, utilization 0.0177, perplexity 346.4265,
Train Epoch: [1/2] Iters:[120/20018] transplant_loss 246.3545, rec_loss 0.0990, quant_error 1.9045, utilization 0.0175, perplexity 357.1071,
Train Epoch: [1/2] Iters:[130/20018] transplant_loss 259.4293, rec_loss 0.0995, quant_error 1.8862, utilization 0.0175, perplexity 374.3893,
Train Epoch: [1/2] Iters:[140/20018] transplant_loss 270.9584, rec_loss 0.0967, quant_error 1.8524, utilization 0.0176, perplexity 388.6317,
Train Epoch: [1/2] Iters:[150/20018] transplant_loss 283.6609, rec_loss 0.0958, quant_error 1.8281, utilization 0.0176, perplexity 397.0239,
Train Epoch: [1/2] Iters:[160/20018] transplant_loss 290.6844, rec_loss 0.0944, quant_error 1.7995, utilization 0.0176, perplexity 402.8649,
Train Epoch: [1/2] Iters:[170/20018] transplant_loss 300.4689, rec_loss 0.0927, quant_error 1.7740, utilization 0.0179, perplexity 417.6204,
Train Epoch: [1/2] Iters:[180/20018] transplant_loss 331.7398, rec_loss 0.0919, quant_error 1.7664, utilization 0.0179, perplexity 423.3553,
Train Epoch: [1/2] Iters:[190/20018] transplant_loss 332.8415, rec_loss 0.0930, quant_error 1.7621, utilization 0.0180, perplexity 430.3972,
Train Epoch: [1/2] Iters:[200/20018] transplant_loss 342.3570, rec_loss 0.0926, quant_error 1.7455, utilization 0.0182, perplexity 441.5591,
Train Epoch: [1/2] Iters:[210/20018] transplant_loss 385.4476, rec_loss 0.0917, quant_error 1.7416, utilization 0.0182, perplexity 447.8843,
Train Epoch: [1/2] Iters:[220/20018] transplant_loss 414.7342, rec_loss 0.0916, quant_error 1.7371, utilization 0.0183, perplexity 456.8287,
Train Epoch: [1/2] Iters:[230/20018] transplant_loss 415.0967, rec_loss 0.0895, quant_error 1.7109, utilization 0.0186, perplexity 470.6007,
Train Epoch: [1/2] Iters:[240/20018] transplant_loss 428.5577, rec_loss 0.0894, quant_error 1.6919, utilization 0.0189, perplexity 483.5361,
Train Epoch: [1/2] Iters:[250/20018] transplant_loss 447.5043, rec_loss 0.0878, quant_error 1.6786, utilization 0.0191, perplexity 492.4355,
Train Epoch: [1/2] Iters:[260/20018] transplant_loss 435.2655, rec_loss 0.0881, quant_error 1.6616, utilization 0.0194, perplexity 503.1040,
Train Epoch: [1/2] Iters:[270/20018] transplant_loss 431.7233, rec_loss 0.0883, quant_error 1.6485, utilization 0.0196, perplexity 511.4344,
Train Epoch: [1/2] Iters:[280/20018] transplant_loss 431.0468, rec_loss 0.0881, quant_error 1.6373, utilization 0.0197, perplexity 512.5050,
Train Epoch: [1/2] Iters:[290/20018] transplant_loss 449.1892, rec_loss 0.0868, quant_error 1.6294, utilization 0.0198, perplexity 519.1001,
Train Epoch: [1/2] Iters:[300/20018] transplant_loss 448.8317, rec_loss 0.0872, quant_error 1.6193, utilization 0.0200, perplexity 529.3493,
Train Epoch: [1/2] Iters:[310/20018] transplant_loss 441.4316, rec_loss 0.0851, quant_error 1.6016, utilization 0.0203, perplexity 543.3080,
Train Epoch: [1/2] Iters:[320/20018] transplant_loss 436.7714, rec_loss 0.0848, quant_error 1.5894, utilization 0.0204, perplexity 552.1781,
Train Epoch: [1/2] Iters:[330/20018] transplant_loss 446.4857, rec_loss 0.0850, quant_error 1.5812, utilization 0.0206, perplexity 567.2599,
Train Epoch: [1/2] Iters:[340/20018] transplant_loss 436.4125, rec_loss 0.0844, quant_error 1.5701, utilization 0.0209, perplexity 579.7981,
Train Epoch: [1/2] Iters:[350/20018] transplant_loss 425.0282, rec_loss 0.0832, quant_error 1.5575, utilization 0.0210, perplexity 589.1416,
Train Epoch: [1/2] Iters:[360/20018] transplant_loss 425.9712, rec_loss 0.0834, quant_error 1.5533, utilization 0.0213, perplexity 604.1667,
Train Epoch: [1/2] Iters:[370/20018] transplant_loss 429.5465, rec_loss 0.0820, quant_error 1.5418, utilization 0.0216, perplexity 617.2426,
Train Epoch: [1/2] Iters:[380/20018] transplant_loss 422.1202, rec_loss 0.0828, quant_error 1.5328, utilization 0.0218, perplexity 632.7088,
Train Epoch: [1/2] Iters:[390/20018] transplant_loss 409.8438, rec_loss 0.0832, quant_error 1.5278, utilization 0.0221, perplexity 646.3665,
Train Epoch: [1/2] Iters:[400/20018] transplant_loss 407.8986, rec_loss 0.0832, quant_error 1.5198, utilization 0.0223, perplexity 656.8244,
Train Epoch: [1/2] Iters:[410/20018] transplant_loss 402.5969, rec_loss 0.0827, quant_error 1.5075, utilization 0.0224, perplexity 660.5730,
Train Epoch: [1/2] Iters:[420/20018] transplant_loss 387.3578, rec_loss 0.0820, quant_error 1.4973, utilization 0.0226, perplexity 671.4159,
Train Epoch: [1/2] Iters:[430/20018] transplant_loss 373.4408, rec_loss 0.0790, quant_error 1.4823, utilization 0.0229, perplexity 679.5445,
Train Epoch: [1/2] Iters:[440/20018] transplant_loss 370.1875, rec_loss 0.0784, quant_error 1.4717, utilization 0.0231, perplexity 689.2610,
Train Epoch: [1/2] Iters:[450/20018] transplant_loss 366.0835, rec_loss 0.0776, quant_error 1.4608, utilization 0.0234, perplexity 705.8858,
Train Epoch: [1/2] Iters:[460/20018] transplant_loss 364.6189, rec_loss 0.0776, quant_error 1.4505, utilization 0.0236, perplexity 719.8242,
Train Epoch: [1/2] Iters:[470/20018] transplant_loss 355.1519, rec_loss 0.0771, quant_error 1.4406, utilization 0.0240, perplexity 735.9527,
Train Epoch: [1/2] Iters:[480/20018] transplant_loss 350.9851, rec_loss 0.0777, quant_error 1.4338, utilization 0.0242, perplexity 751.6565,
Train Epoch: [1/2] Iters:[490/20018] transplant_loss 345.2982, rec_loss 0.0761, quant_error 1.4185, utilization 0.0243, perplexity 761.8915,
Train Epoch: [1/2] Iters:[500/20018] transplant_loss 331.3639, rec_loss 0.0765, quant_error 1.4103, utilization 0.0245, perplexity 768.0845,
Train Epoch: [1/2] Iters:[510/20018] transplant_loss 323.6550, rec_loss 0.0768, quant_error 1.4094, utilization 0.0247, perplexity 781.1175,
Train Epoch: [1/2] Iters:[520/20018] transplant_loss 325.5531, rec_loss 0.0767, quant_error 1.3998, utilization 0.0248, perplexity 788.3548,
Train Epoch: [1/2] Iters:[530/20018] transplant_loss 322.0414, rec_loss 0.0762, quant_error 1.3899, utilization 0.0250, perplexity 793.1194,
Train Epoch: [1/2] Iters:[540/20018] transplant_loss 314.0973, rec_loss 0.0769, quant_error 1.3862, utilization 0.0252, perplexity 803.7046,
Train Epoch: [1/2] Iters:[550/20018] transplant_loss 312.8771, rec_loss 0.0763, quant_error 1.3757, utilization 0.0254, perplexity 817.9195,
Train Epoch: [1/2] Iters:[560/20018] transplant_loss 307.1445, rec_loss 0.0749, quant_error 1.3580, utilization 0.0256, perplexity 828.3084,
Train Epoch: [1/2] Iters:[570/20018] transplant_loss 298.4146, rec_loss 0.0748, quant_error 1.3473, utilization 0.0259, perplexity 843.5901,
Train Epoch: [1/2] Iters:[580/20018] transplant_loss 290.5020, rec_loss 0.0743, quant_error 1.3476, utilization 0.0261, perplexity 855.3438,
Train Epoch: [1/2] Iters:[590/20018] transplant_loss 287.9562, rec_loss 0.0740, quant_error 1.3363, utilization 0.0263, perplexity 866.6736,
Train Epoch: [1/2] Iters:[600/20018] transplant_loss 283.2770, rec_loss 0.0734, quant_error 1.3309, utilization 0.0265, perplexity 876.8144,
Train Epoch: [1/2] Iters:[610/20018] transplant_loss 282.4403, rec_loss 0.0737, quant_error 1.3273, utilization 0.0267, perplexity 884.6250,
Train Epoch: [1/2] Iters:[620/20018] transplant_loss 279.7832, rec_loss 0.0733, quant_error 1.3215, utilization 0.0269, perplexity 891.9225,
Train Epoch: [1/2] Iters:[630/20018] transplant_loss 275.3203, rec_loss 0.0730, quant_error 1.3082, utilization 0.0271, perplexity 901.9344,
Train Epoch: [1/2] Iters:[640/20018] transplant_loss 273.5621, rec_loss 0.0719, quant_error 1.2991, utilization 0.0272, perplexity 910.1941,
Train Epoch: [1/2] Iters:[650/20018] transplant_loss 270.2401, rec_loss 0.0725, quant_error 1.2938, utilization 0.0274, perplexity 922.4195,
Train Epoch: [1/2] Iters:[660/20018] transplant_loss 266.4186, rec_loss 0.0715, quant_error 1.2833, utilization 0.0276, perplexity 931.1977,
Train Epoch: [1/2] Iters:[670/20018] transplant_loss 262.0657, rec_loss 0.0715, quant_error 1.2800, utilization 0.0278, perplexity 943.1957,
Train Epoch: [1/2] Iters:[680/20018] transplant_loss 262.7568, rec_loss 0.0713, quant_error 1.2732, utilization 0.0279, perplexity 949.1370,
Train Epoch: [1/2] Iters:[690/20018] transplant_loss 259.4222, rec_loss 0.0715, quant_error 1.2652, utilization 0.0281, perplexity 960.4071,
Train Epoch: [1/2] Iters:[700/20018] transplant_loss 259.1663, rec_loss 0.0711, quant_error 1.2598, utilization 0.0282, perplexity 964.6160,
Train Epoch: [1/2] Iters:[710/20018] transplant_loss 253.1358, rec_loss 0.0715, quant_error 1.2577, utilization 0.0284, perplexity 977.9283,
Train Epoch: [1/2] Iters:[720/20018] transplant_loss 251.8260, rec_loss 0.0709, quant_error 1.2446, utilization 0.0285, perplexity 986.8667,
Train Epoch: [1/2] Iters:[730/20018] transplant_loss 248.0475, rec_loss 0.0709, quant_error 1.2362, utilization 0.0287, perplexity 999.0498,
Train Epoch: [1/2] Iters:[740/20018] transplant_loss 242.4293, rec_loss 0.0719, quant_error 1.2375, utilization 0.0288, perplexity 1005.0649,
Train Epoch: [1/2] Iters:[750/20018] transplant_loss 239.0743, rec_loss 0.0710, quant_error 1.2275, utilization 0.0290, perplexity 1016.5994,
Train Epoch: [1/2] Iters:[760/20018] transplant_loss 238.4048, rec_loss 0.0701, quant_error 1.2166, utilization 0.0291, perplexity 1026.7412,
Train Epoch: [1/2] Iters:[770/20018] transplant_loss 235.1472, rec_loss 0.0704, quant_error 1.2154, utilization 0.0292, perplexity 1030.4462,
Train Epoch: [1/2] Iters:[780/20018] transplant_loss 234.9701, rec_loss 0.0698, quant_error 1.2148, utilization 0.0294, perplexity 1039.8776,
Train Epoch: [1/2] Iters:[790/20018] transplant_loss 235.9478, rec_loss 0.0694, quant_error 1.2099, utilization 0.0295, perplexity 1049.8529,
Train Epoch: [1/2] Iters:[800/20018] transplant_loss 233.0210, rec_loss 0.0704, quant_error 1.2054, utilization 0.0297, perplexity 1061.4327,
Train Epoch: [1/2] Iters:[810/20018] transplant_loss 232.3004, rec_loss 0.0707, quant_error 1.2030, utilization 0.0298, perplexity 1067.2026,
Train Epoch: [1/2] Iters:[820/20018] transplant_loss 231.4658, rec_loss 0.0707, quant_error 1.2012, utilization 0.0299, perplexity 1072.4415,
Train Epoch: [1/2] Iters:[830/20018] transplant_loss 227.1370, rec_loss 0.0711, quant_error 1.1956, utilization 0.0301, perplexity 1082.9279,
Train Epoch: [1/2] Iters:[840/20018] transplant_loss 224.7146, rec_loss 0.0703, quant_error 1.1862, utilization 0.0302, perplexity 1090.2745,
Train Epoch: [1/2] Iters:[850/20018] transplant_loss 224.9789, rec_loss 0.0691, quant_error 1.1822, utilization 0.0302, perplexity 1086.1808,
Train Epoch: [1/2] Iters:[860/20018] transplant_loss 220.9453, rec_loss 0.0693, quant_error 1.1765, utilization 0.0303, perplexity 1093.1101,
Train Epoch: [1/2] Iters:[870/20018] transplant_loss 217.5961, rec_loss 0.0695, quant_error 1.1700, utilization 0.0306, perplexity 1105.2479,
Train Epoch: [1/2] Iters:[880/20018] transplant_loss 215.4879, rec_loss 0.0690, quant_error 1.1633, utilization 0.0306, perplexity 1109.4849,
Train Epoch: [1/2] Iters:[890/20018] transplant_loss 214.7433, rec_loss 0.0689, quant_error 1.1631, utilization 0.0307, perplexity 1116.4104,
Train Epoch: [1/2] Iters:[900/20018] transplant_loss 211.2273, rec_loss 0.0700, quant_error 1.1611, utilization 0.0309, perplexity 1131.9760,
Train Epoch: [1/2] Iters:[910/20018] transplant_loss 211.7942, rec_loss 0.0706, quant_error 1.1629, utilization 0.0310, perplexity 1138.9635,
Train Epoch: [1/2] Iters:[920/20018] transplant_loss 212.2961, rec_loss 0.0698, quant_error 1.1604, utilization 0.0312, perplexity 1143.4155,
Train Epoch: [1/2] Iters:[930/20018] transplant_loss 210.8035, rec_loss 0.0698, quant_error 1.1554, utilization 0.0313, perplexity 1154.1179,
Train Epoch: [1/2] Iters:[940/20018] transplant_loss 209.8655, rec_loss 0.0693, quant_error 1.1501, utilization 0.0315, perplexity 1165.1767,
Train Epoch: [1/2] Iters:[950/20018] transplant_loss 209.6421, rec_loss 0.0687, quant_error 1.1444, utilization 0.0316, perplexity 1172.0730,
Train Epoch: [1/2] Iters:[960/20018] transplant_loss 207.0900, rec_loss 0.0677, quant_error 1.1354, utilization 0.0317, perplexity 1181.8334,
Train Epoch: [1/2] Iters:[970/20018] transplant_loss 204.6737, rec_loss 0.0676, quant_error 1.1272, utilization 0.0318, perplexity 1190.1500,
Train Epoch: [1/2] Iters:[980/20018] transplant_loss 205.0090, rec_loss 0.0673, quant_error 1.1219, utilization 0.0319, perplexity 1195.4974,
Train Epoch: [1/2] Iters:[990/20018] transplant_loss 203.6051, rec_loss 0.0668, quant_error 1.1140, utilization 0.0319, perplexity 1200.4232,
Train Epoch: [1/2] Iters:[1000/20018] transplant_loss 203.2651, rec_loss 0.0673, quant_error 1.1136, utilization 0.0321, perplexity 1210.3686,
Train Epoch: [1/2] Iters:[1010/20018] transplant_loss 203.2935, rec_loss 0.0673, quant_error 1.1123, utilization 0.0322, perplexity 1214.2304,
Train Epoch: [1/2] Iters:[1020/20018] transplant_loss 203.6382, rec_loss 0.0675, quant_error 1.1131, utilization 0.0323, perplexity 1221.7718,
Train Epoch: [1/2] Iters:[1030/20018] transplant_loss 202.3074, rec_loss 0.0678, quant_error 1.1116, utilization 0.0324, perplexity 1230.1881,
Train Epoch: [1/2] Iters:[1040/20018] transplant_loss 201.1372, rec_loss 0.0687, quant_error 1.1097, utilization 0.0325, perplexity 1235.9081,
Train Epoch: [1/2] Iters:[1050/20018] transplant_loss 200.0418, rec_loss 0.0681, quant_error 1.1067, utilization 0.0326, perplexity 1241.1105,
Train Epoch: [1/2] Iters:[1060/20018] transplant_loss 199.4113, rec_loss 0.0680, quant_error 1.1063, utilization 0.0327, perplexity 1248.4691,
Train Epoch: [1/2] Iters:[1070/20018] transplant_loss 197.8253, rec_loss 0.0672, quant_error 1.1030, utilization 0.0327, perplexity 1255.4435,
Train Epoch: [1/2] Iters:[1080/20018] transplant_loss 197.1795, rec_loss 0.0672, quant_error 1.1018, utilization 0.0328, perplexity 1260.8717,
Train Epoch: [1/2] Iters:[1090/20018] transplant_loss 196.2508, rec_loss 0.0665, quant_error 1.0979, utilization 0.0329, perplexity 1262.5418,
Train Epoch: [1/2] Iters:[1100/20018] transplant_loss 193.3094, rec_loss 0.0665, quant_error 1.0929, utilization 0.0330, perplexity 1269.6919,
Train Epoch: [1/2] Iters:[1110/20018] transplant_loss 192.2084, rec_loss 0.0662, quant_error 1.0904, utilization 0.0330, perplexity 1274.1751,
Train Epoch: [1/2] Iters:[1120/20018] transplant_loss 191.4325, rec_loss 0.0677, quant_error 1.0873, utilization 0.0331, perplexity 1282.1138,
Train Epoch: [1/2] Iters:[1130/20018] transplant_loss 191.7677, rec_loss 0.0671, quant_error 1.0894, utilization 0.0331, perplexity 1283.1384,
Train Epoch: [1/2] Iters:[1140/20018] transplant_loss 190.9477, rec_loss 0.0681, quant_error 1.0908, utilization 0.0332, perplexity 1292.8043,
Train Epoch: [1/2] Iters:[1150/20018] transplant_loss 190.3649, rec_loss 0.0679, quant_error 1.0886, utilization 0.0333, perplexity 1298.0127,
Train Epoch: [1/2] Iters:[1160/20018] transplant_loss 189.2536, rec_loss 0.0694, quant_error 1.0882, utilization 0.0333, perplexity 1297.9954,
Train Epoch: [1/2] Iters:[1170/20018] transplant_loss 186.9481, rec_loss 0.0683, quant_error 1.0858, utilization 0.0335, perplexity 1303.7600,
Train Epoch: [1/2] Iters:[1180/20018] transplant_loss 185.0854, rec_loss 0.0686, quant_error 1.0804, utilization 0.0335, perplexity 1302.3856,
Train Epoch: [1/2] Iters:[1190/20018] transplant_loss 184.5383, rec_loss 0.0690, quant_error 1.0795, utilization 0.0335, perplexity 1308.1038,
Train Epoch: [1/2] Iters:[1200/20018] transplant_loss 184.6020, rec_loss 0.0691, quant_error 1.0766, utilization 0.0336, perplexity 1308.0506,
Train Epoch: [1/2] Iters:[1210/20018] transplant_loss 182.9151, rec_loss 0.0674, quant_error 1.0714, utilization 0.0337, perplexity 1315.9043,
Train Epoch: [1/2] Iters:[1220/20018] transplant_loss 182.7831, rec_loss 0.0676, quant_error 1.0725, utilization 0.0337, perplexity 1310.5095,
Train Epoch: [1/2] Iters:[1230/20018] transplant_loss 180.9153, rec_loss 0.0691, quant_error 1.0703, utilization 0.0338, perplexity 1324.3025,
Train Epoch: [1/2] Iters:[1240/20018] transplant_loss 178.7575, rec_loss 0.0689, quant_error 1.0701, utilization 0.0339, perplexity 1328.8007,
Train Epoch: [1/2] Iters:[1250/20018] transplant_loss 178.1621, rec_loss 0.0689, quant_error 1.0714, utilization 0.0340, perplexity 1336.4215,
Train Epoch: [1/2] Iters:[1260/20018] transplant_loss 177.4515, rec_loss 0.0696, quant_error 1.0710, utilization 0.0340, perplexity 1341.0733,
Train Epoch: [1/2] Iters:[1270/20018] transplant_loss 176.3331, rec_loss 0.0696, quant_error 1.0656, utilization 0.0341, perplexity 1347.6959,
Train Epoch: [1/2] Iters:[1280/20018] transplant_loss 176.0025, rec_loss 0.0680, quant_error 1.0655, utilization 0.0341, perplexity 1348.8334,
Train Epoch: [1/2] Iters:[1290/20018] transplant_loss 174.9033, rec_loss 0.0678, quant_error 1.0606, utilization 0.0342, perplexity 1358.4325,
Train Epoch: [1/2] Iters:[1300/20018] transplant_loss 173.6340, rec_loss 0.0679, quant_error 1.0594, utilization 0.0342, perplexity 1363.0930,
Train Epoch: [1/2] Iters:[1310/20018] transplant_loss 171.5668, rec_loss 0.0681, quant_error 1.0542, utilization 0.0343, perplexity 1370.4128,
Train Epoch: [1/2] Iters:[1320/20018] transplant_loss 171.1925, rec_loss 0.0684, quant_error 1.0603, utilization 0.0344, perplexity 1381.6603,
Train Epoch: [1/2] Iters:[1330/20018] transplant_loss 170.3678, rec_loss 0.0680, quant_error 1.0566, utilization 0.0345, perplexity 1381.9371,
Train Epoch: [1/2] Iters:[1340/20018] transplant_loss 170.5829, rec_loss 0.0676, quant_error 1.0595, utilization 0.0345, perplexity 1382.2951,
Train Epoch: [1/2] Iters:[1350/20018] transplant_loss 168.5921, rec_loss 0.0672, quant_error 1.0542, utilization 0.0345, perplexity 1379.1320,
Train Epoch: [1/2] Iters:[1360/20018] transplant_loss 168.3226, rec_loss 0.0661, quant_error 1.0471, utilization 0.0346, perplexity 1383.7804,
Train Epoch: [1/2] Iters:[1370/20018] transplant_loss 166.7837, rec_loss 0.0665, quant_error 1.0425, utilization 0.0346, perplexity 1384.2924,
Train Epoch: [1/2] Iters:[1380/20018] transplant_loss 166.0457, rec_loss 0.0668, quant_error 1.0443, utilization 0.0347, perplexity 1394.1736,
Train Epoch: [1/2] Iters:[1390/20018] transplant_loss 165.0362, rec_loss 0.0667, quant_error 1.0391, utilization 0.0347, perplexity 1396.7430,
Train Epoch: [1/2] Iters:[1400/20018] transplant_loss 163.9048, rec_loss 0.0676, quant_error 1.0421, utilization 0.0349, perplexity 1404.6924,
Train Epoch: [1/2] Iters:[1410/20018] transplant_loss 162.9341, rec_loss 0.0684, quant_error 1.0511, utilization 0.0349, perplexity 1409.0878,
Train Epoch: [1/2] Iters:[1420/20018] transplant_loss 161.0236, rec_loss 0.0672, quant_error 1.0441, utilization 0.0350, perplexity 1413.9754,
Train Epoch: [1/2] Iters:[1430/20018] transplant_loss 158.6709, rec_loss 0.0667, quant_error 1.0370, utilization 0.0350, perplexity 1418.0387,
Train Epoch: [1/2] Iters:[1440/20018] transplant_loss 156.5668, rec_loss 0.0665, quant_error 1.0380, utilization 0.0351, perplexity 1423.6435,
Train Epoch: [1/2] Iters:[1450/20018] transplant_loss 156.3901, rec_loss 0.0654, quant_error 1.0356, utilization 0.0351, perplexity 1429.1875,
Train Epoch: [1/2] Iters:[1460/20018] transplant_loss 155.8271, rec_loss 0.0650, quant_error 1.0342, utilization 0.0351, perplexity 1432.2639,
Train Epoch: [1/2] Iters:[1470/20018] transplant_loss 155.9671, rec_loss 0.0658, quant_error 1.0388, utilization 0.0351, perplexity 1428.0382,
Train Epoch: [1/2] Iters:[1480/20018] transplant_loss 156.1905, rec_loss 0.0666, quant_error 1.0402, utilization 0.0351, perplexity 1430.7527,
Train Epoch: [1/2] Iters:[1490/20018] transplant_loss 155.5698, rec_loss 0.0667, quant_error 1.0379, utilization 0.0352, perplexity 1427.9292,
Train Epoch: [1/2] Iters:[1500/20018] transplant_loss 154.4505, rec_loss 0.0664, quant_error 1.0347, utilization 0.0352, perplexity 1429.2781,
Train Epoch: [1/2] Iters:[1510/20018] transplant_loss 153.1282, rec_loss 0.0675, quant_error 1.0335, utilization 0.0352, perplexity 1434.9924,
Train Epoch: [1/2] Iters:[1520/20018] transplant_loss 151.9521, rec_loss 0.0672, quant_error 1.0265, utilization 0.0353, perplexity 1445.3528,
Train Epoch: [1/2] Iters:[1530/20018] transplant_loss 150.1416, rec_loss 0.0666, quant_error 1.0245, utilization 0.0354, perplexity 1453.8323,
Train Epoch: [1/2] Iters:[1540/20018] transplant_loss 148.5805, rec_loss 0.0669, quant_error 1.0199, utilization 0.0355, perplexity 1462.1711,
Train Epoch: [1/2] Iters:[1550/20018] transplant_loss 147.2266, rec_loss 0.0675, quant_error 1.0165, utilization 0.0356, perplexity 1469.3160,
Train Epoch: [1/2] Iters:[1560/20018] transplant_loss 145.1819, rec_loss 0.0661, quant_error 1.0103, utilization 0.0357, perplexity 1477.3953,
Train Epoch: [1/2] Iters:[1570/20018] transplant_loss 144.0876, rec_loss 0.0661, quant_error 1.0100, utilization 0.0358, perplexity 1481.6140,
Train Epoch: [1/2] Iters:[1580/20018] transplant_loss 142.3939, rec_loss 0.0661, quant_error 1.0071, utilization 0.0358, perplexity 1478.9804,
Train Epoch: [1/2] Iters:[1590/20018] transplant_loss 141.9012, rec_loss 0.0661, quant_error 1.0073, utilization 0.0358, perplexity 1481.8317,
Train Epoch: [1/2] Iters:[1600/20018] transplant_loss 140.8147, rec_loss 0.0660, quant_error 1.0069, utilization 0.0359, perplexity 1487.7711,
Train Epoch: [1/2] Iters:[1610/20018] transplant_loss 140.8279, rec_loss 0.0666, quant_error 1.0085, utilization 0.0358, perplexity 1481.9558,
Train Epoch: [1/2] Iters:[1620/20018] transplant_loss 140.1374, rec_loss 0.0676, quant_error 1.0120, utilization 0.0359, perplexity 1479.9470,
Train Epoch: [1/2] Iters:[1630/20018] transplant_loss 139.6753, rec_loss 0.0670, quant_error 1.0104, utilization 0.0359, perplexity 1488.5571,
Train Epoch: [1/2] Iters:[1640/20018] transplant_loss 138.4619, rec_loss 0.0665, quant_error 1.0088, utilization 0.0360, perplexity 1491.9179,
Train Epoch: [1/2] Iters:[1650/20018] transplant_loss 137.6328, rec_loss 0.0665, quant_error 1.0105, utilization 0.0360, perplexity 1490.5654,
Train Epoch: [1/2] Iters:[1660/20018] transplant_loss 135.8330, rec_loss 0.0657, quant_error 1.0045, utilization 0.0361, perplexity 1495.9789,
Train Epoch: [1/2] Iters:[1670/20018] transplant_loss 135.7812, rec_loss 0.0650, quant_error 1.0009, utilization 0.0362, perplexity 1508.8349,
Train Epoch: [1/2] Iters:[1680/20018] transplant_loss 135.1783, rec_loss 0.0662, quant_error 1.0044, utilization 0.0362, perplexity 1505.4552,
Train Epoch: [1/2] Iters:[1690/20018] transplant_loss 134.6578, rec_loss 0.0661, quant_error 1.0029, utilization 0.0362, perplexity 1509.6778,
Train Epoch: [1/2] Iters:[1700/20018] transplant_loss 133.5646, rec_loss 0.0658, quant_error 0.9987, utilization 0.0362, perplexity 1518.8582,
Train Epoch: [1/2] Iters:[1710/20018] transplant_loss 132.8983, rec_loss 0.0660, quant_error 0.9984, utilization 0.0363, perplexity 1521.2682,
Train Epoch: [1/2] Iters:[1720/20018] transplant_loss 130.7405, rec_loss 0.0652, quant_error 0.9949, utilization 0.0363, perplexity 1523.8654,
Train Epoch: [1/2] Iters:[1730/20018] transplant_loss 129.0821, rec_loss 0.0644, quant_error 0.9911, utilization 0.0364, perplexity 1533.6514,
Train Epoch: [1/2] Iters:[1740/20018] transplant_loss 128.2357, rec_loss 0.0653, quant_error 0.9940, utilization 0.0364, perplexity 1539.2644,
Train Epoch: [1/2] Iters:[1750/20018] transplant_loss 128.1161, rec_loss 0.0659, quant_error 0.9967, utilization 0.0364, perplexity 1533.8970,
Train Epoch: [1/2] Iters:[1760/20018] transplant_loss 127.5716, rec_loss 0.0652, quant_error 0.9965, utilization 0.0365, perplexity 1541.5874,
Train Epoch: [1/2] Iters:[1770/20018] transplant_loss 127.2345, rec_loss 0.0661, quant_error 0.9979, utilization 0.0365, perplexity 1544.4875,
Train Epoch: [1/2] Iters:[1780/20018] transplant_loss 127.4634, rec_loss 0.0655, quant_error 0.9969, utilization 0.0366, perplexity 1547.2048,
Train Epoch: [1/2] Iters:[1790/20018] transplant_loss 126.6908, rec_loss 0.0650, quant_error 0.9947, utilization 0.0367, perplexity 1547.3378,
Train Epoch: [1/2] Iters:[1800/20018] transplant_loss 125.5271, rec_loss 0.0644, quant_error 0.9919, utilization 0.0367, perplexity 1556.8970,
Train Epoch: [1/2] Iters:[1810/20018] transplant_loss 124.6409, rec_loss 0.0657, quant_error 0.9927, utilization 0.0368, perplexity 1561.6749,
Train Epoch: [1/2] Iters:[1820/20018] transplant_loss 122.7595, rec_loss 0.0642, quant_error 0.9872, utilization 0.0367, perplexity 1558.4020,
Train Epoch: [1/2] Iters:[1830/20018] transplant_loss 121.1047, rec_loss 0.0653, quant_error 0.9864, utilization 0.0368, perplexity 1565.7085,
Train Epoch: [1/2] Iters:[1840/20018] transplant_loss 120.1996, rec_loss 0.0662, quant_error 0.9854, utilization 0.0368, perplexity 1571.6559,
Train Epoch: [1/2] Iters:[1850/20018] transplant_loss 119.2385, rec_loss 0.0666, quant_error 0.9865, utilization 0.0369, perplexity 1565.5363,
Train Epoch: [1/2] Iters:[1860/20018] transplant_loss 118.5381, rec_loss 0.0659, quant_error 0.9864, utilization 0.0369, perplexity 1564.2846,
Train Epoch: [1/2] Iters:[1870/20018] transplant_loss 118.0768, rec_loss 0.0674, quant_error 0.9908, utilization 0.0369, perplexity 1571.4404,
Train Epoch: [1/2] Iters:[1880/20018] transplant_loss 118.0285, rec_loss 0.0672, quant_error 0.9908, utilization 0.0369, perplexity 1570.6932,
Train Epoch: [1/2] Iters:[1890/20018] transplant_loss 116.9995, rec_loss 0.0657, quant_error 0.9876, utilization 0.0369, perplexity 1574.0970,
Train Epoch: [1/2] Iters:[1900/20018] transplant_loss 116.4319, rec_loss 0.0653, quant_error 0.9842, utilization 0.0370, perplexity 1585.1188,
Train Epoch: [1/2] Iters:[1910/20018] transplant_loss 115.9570, rec_loss 0.0657, quant_error 0.9860, utilization 0.0370, perplexity 1590.2809,
Train Epoch: [1/2] Iters:[1920/20018] transplant_loss 115.5591, rec_loss 0.0652, quant_error 0.9830, utilization 0.0370, perplexity 1586.4628,
Train Epoch: [1/2] Iters:[1930/20018] transplant_loss 114.8881, rec_loss 0.0653, quant_error 0.9824, utilization 0.0371, perplexity 1591.6820,
Train Epoch: [1/2] Iters:[1940/20018] transplant_loss 113.7946, rec_loss 0.0657, quant_error 0.9819, utilization 0.0371, perplexity 1590.4858,
Train Epoch: [1/2] Iters:[1950/20018] transplant_loss 113.0269, rec_loss 0.0653, quant_error 0.9829, utilization 0.0371, perplexity 1589.1943,
Train Epoch: [1/2] Iters:[1960/20018] transplant_loss 112.0310, rec_loss 0.0653, quant_error 0.9797, utilization 0.0372, perplexity 1594.3697,
Train Epoch: [1/2] Iters:[1970/20018] transplant_loss 110.5059, rec_loss 0.0654, quant_error 0.9813, utilization 0.0372, perplexity 1602.5819,
Train Epoch: [1/2] Iters:[1980/20018] transplant_loss 109.2442, rec_loss 0.0657, quant_error 0.9812, utilization 0.0372, perplexity 1597.5054,
Train Epoch: [1/2] Iters:[1990/20018] transplant_loss 109.4812, rec_loss 0.0660, quant_error 0.9831, utilization 0.0372, perplexity 1600.6451,
Train Epoch: [1/2] Iters:[2000/20018] transplant_loss 108.9233, rec_loss 0.0670, quant_error 0.9871, utilization 0.0372, perplexity 1604.2316,
Train Epoch: [1/2] Iters:[2010/20018] transplant_loss 108.7786, rec_loss 0.0676, quant_error 0.9875, utilization 0.0372, perplexity 1598.8813,
Train Epoch: [1/2] Iters:[2020/20018] transplant_loss 109.2165, rec_loss 0.0672, quant_error 0.9856, utilization 0.0372, perplexity 1599.2303,
Train Epoch: [1/2] Iters:[2030/20018] transplant_loss 108.4935, rec_loss 0.0672, quant_error 0.9851, utilization 0.0373, perplexity 1609.2295,
Train Epoch: [1/2] Iters:[2040/20018] transplant_loss 107.1130, rec_loss 0.0661, quant_error 0.9821, utilization 0.0373, perplexity 1603.7697,
Train Epoch: [1/2] Iters:[2050/20018] transplant_loss 106.0511, rec_loss 0.0662, quant_error 0.9787, utilization 0.0373, perplexity 1613.3272,
Train Epoch: [1/2] Iters:[2060/20018] transplant_loss 104.8666, rec_loss 0.0651, quant_error 0.9757, utilization 0.0374, perplexity 1612.8029,
Train Epoch: [1/2] Iters:[2070/20018] transplant_loss 103.8147, rec_loss 0.0647, quant_error 0.9724, utilization 0.0374, perplexity 1613.8901,
Train Epoch: [1/2] Iters:[2080/20018] transplant_loss 103.5456, rec_loss 0.0645, quant_error 0.9734, utilization 0.0374, perplexity 1609.7221,
Train Epoch: [1/2] Iters:[2090/20018] transplant_loss 103.3806, rec_loss 0.0655, quant_error 0.9731, utilization 0.0374, perplexity 1620.8006,
Train Epoch: [1/2] Iters:[2100/20018] transplant_loss 102.7128, rec_loss 0.0651, quant_error 0.9698, utilization 0.0374, perplexity 1613.4587,
Train Epoch: [1/2] Iters:[2110/20018] transplant_loss 102.6610, rec_loss 0.0666, quant_error 0.9745, utilization 0.0374, perplexity 1617.7307,
Train Epoch: [1/2] Iters:[2120/20018] transplant_loss 101.7726, rec_loss 0.0671, quant_error 0.9758, utilization 0.0375, perplexity 1622.9215,
Train Epoch: [1/2] Iters:[2130/20018] transplant_loss 100.4384, rec_loss 0.0665, quant_error 0.9721, utilization 0.0375, perplexity 1623.5646,
Train Epoch: [1/2] Iters:[2140/20018] transplant_loss 99.5392, rec_loss 0.0660, quant_error 0.9746, utilization 0.0375, perplexity 1626.1138,
Train Epoch: [1/2] Iters:[2150/20018] transplant_loss 99.1270, rec_loss 0.0658, quant_error 0.9741, utilization 0.0375, perplexity 1630.8166,
Train Epoch: [1/2] Iters:[2160/20018] transplant_loss 98.5047, rec_loss 0.0649, quant_error 0.9734, utilization 0.0376, perplexity 1638.6949,
Train Epoch: [1/2] Iters:[2170/20018] transplant_loss 98.5016, rec_loss 0.0650, quant_error 0.9738, utilization 0.0376, perplexity 1641.2584,
Train Epoch: [1/2] Iters:[2180/20018] transplant_loss 98.3224, rec_loss 0.0656, quant_error 0.9759, utilization 0.0377, perplexity 1643.1842,
Train Epoch: [1/2] Iters:[2190/20018] transplant_loss 98.2117, rec_loss 0.0654, quant_error 0.9756, utilization 0.0376, perplexity 1640.5118,
Train Epoch: [1/2] Iters:[2200/20018] transplant_loss 97.6475, rec_loss 0.0659, quant_error 0.9782, utilization 0.0377, perplexity 1642.8994,
Train Epoch: [1/2] Iters:[2210/20018] transplant_loss 96.6136, rec_loss 0.0650, quant_error 0.9746, utilization 0.0377, perplexity 1638.2764,
Train Epoch: [1/2] Iters:[2220/20018] transplant_loss 96.2829, rec_loss 0.0644, quant_error 0.9779, utilization 0.0377, perplexity 1636.6886,
Train Epoch: [1/2] Iters:[2230/20018] transplant_loss 95.4196, rec_loss 0.0636, quant_error 0.9732, utilization 0.0377, perplexity 1644.9503,
Train Epoch: [1/2] Iters:[2240/20018] transplant_loss 94.0494, rec_loss 0.0643, quant_error 0.9684, utilization 0.0378, perplexity 1649.6296,
Train Epoch: [1/2] Iters:[2250/20018] transplant_loss 93.1363, rec_loss 0.0635, quant_error 0.9628, utilization 0.0378, perplexity 1654.2459,
Train Epoch: [1/2] Iters:[2260/20018] transplant_loss 92.5593, rec_loss 0.0644, quant_error 0.9623, utilization 0.0378, perplexity 1659.2314,
Train Epoch: [1/2] Iters:[2270/20018] transplant_loss 90.9166, rec_loss 0.0646, quant_error 0.9594, utilization 0.0379, perplexity 1660.1153,
Train Epoch: [1/2] Iters:[2280/20018] transplant_loss 90.7201, rec_loss 0.0650, quant_error 0.9612, utilization 0.0379, perplexity 1659.9983,
Train Epoch: [1/2] Iters:[2290/20018] transplant_loss 90.3265, rec_loss 0.0645, quant_error 0.9616, utilization 0.0378, perplexity 1657.3974,
Train Epoch: [1/2] Iters:[2300/20018] transplant_loss 90.1657, rec_loss 0.0647, quant_error 0.9625, utilization 0.0378, perplexity 1655.9511,
Train Epoch: [1/2] Iters:[2310/20018] transplant_loss 89.4344, rec_loss 0.0637, quant_error 0.9624, utilization 0.0378, perplexity 1653.4183,
Train Epoch: [1/2] Iters:[2320/20018] transplant_loss 89.8961, rec_loss 0.0637, quant_error 0.9629, utilization 0.0378, perplexity 1656.5872,
Train Epoch: [1/2] Iters:[2330/20018] transplant_loss 88.8281, rec_loss 0.0633, quant_error 0.9599, utilization 0.0378, perplexity 1652.0500,
Train Epoch: [1/2] Iters:[2340/20018] transplant_loss 87.9949, rec_loss 0.0626, quant_error 0.9590, utilization 0.0378, perplexity 1655.7663,
Train Epoch: [1/2] Iters:[2350/20018] transplant_loss 86.3818, rec_loss 0.0621, quant_error 0.9566, utilization 0.0379, perplexity 1664.4037,
Train Epoch: [1/2] Iters:[2360/20018] transplant_loss 85.5962, rec_loss 0.0634, quant_error 0.9568, utilization 0.0380, perplexity 1666.4275,
Train Epoch: [1/2] Iters:[2370/20018] transplant_loss 84.6391, rec_loss 0.0641, quant_error 0.9543, utilization 0.0380, perplexity 1668.0359,
Train Epoch: [1/2] Iters:[2380/20018] transplant_loss 84.4514, rec_loss 0.0644, quant_error 0.9554, utilization 0.0380, perplexity 1667.8398,
Train Epoch: [1/2] Iters:[2390/20018] transplant_loss 84.0328, rec_loss 0.0649, quant_error 0.9543, utilization 0.0380, perplexity 1668.4265,
Train Epoch: [1/2] Iters:[2400/20018] transplant_loss 83.8795, rec_loss 0.0644, quant_error 0.9537, utilization 0.0379, perplexity 1653.9133,
Train Epoch: [1/2] Iters:[2410/20018] transplant_loss 83.4754, rec_loss 0.0639, quant_error 0.9527, utilization 0.0380, perplexity 1660.4135,
Train Epoch: [1/2] Iters:[2420/20018] transplant_loss 83.2769, rec_loss 0.0638, quant_error 0.9560, utilization 0.0380, perplexity 1666.0075,
Train Epoch: [1/2] Iters:[2430/20018] transplant_loss 82.8122, rec_loss 0.0641, quant_error 0.9544, utilization 0.0381, perplexity 1666.6194,
Train Epoch: [1/2] Iters:[2440/20018] transplant_loss 82.6247, rec_loss 0.0643, quant_error 0.9550, utilization 0.0380, perplexity 1669.8862,
Train Epoch: [1/2] Iters:[2450/20018] transplant_loss 82.3907, rec_loss 0.0648, quant_error 0.9593, utilization 0.0381, perplexity 1677.8502,
Train Epoch: [1/2] Iters:[2460/20018] transplant_loss 82.3352, rec_loss 0.0643, quant_error 0.9558, utilization 0.0381, perplexity 1676.6416,
Train Epoch: [1/2] Iters:[2470/20018] transplant_loss 81.5123, rec_loss 0.0639, quant_error 0.9488, utilization 0.0381, perplexity 1678.2568,
Train Epoch: [1/2] Iters:[2480/20018] transplant_loss 81.0061, rec_loss 0.0639, quant_error 0.9506, utilization 0.0381, perplexity 1686.4762,
Train Epoch: [1/2] Iters:[2490/20018] transplant_loss 80.2226, rec_loss 0.0633, quant_error 0.9507, utilization 0.0381, perplexity 1688.1303,
Train Epoch: [1/2] Iters:[2500/20018] transplant_loss 79.9120, rec_loss 0.0638, quant_error 0.9470, utilization 0.0381, perplexity 1693.5841,
Train Epoch: [1/2] Iters:[2510/20018] transplant_loss 79.5963, rec_loss 0.0646, quant_error 0.9493, utilization 0.0382, perplexity 1695.8733,
Train Epoch: [1/2] Iters:[2520/20018] transplant_loss 78.9718, rec_loss 0.0642, quant_error 0.9518, utilization 0.0382, perplexity 1695.3006,
Train Epoch: [1/2] Iters:[2530/20018] transplant_loss 78.0560, rec_loss 0.0635, quant_error 0.9490, utilization 0.0382, perplexity 1688.3762,
Train Epoch: [1/2] Iters:[2540/20018] transplant_loss 77.7202, rec_loss 0.0643, quant_error 0.9494, utilization 0.0382, perplexity 1688.1123,
Train Epoch: [1/2] Iters:[2550/20018] transplant_loss 77.5885, rec_loss 0.0641, quant_error 0.9508, utilization 0.0382, perplexity 1687.5271,
Train Epoch: [1/2] Iters:[2560/20018] transplant_loss 76.9164, rec_loss 0.0634, quant_error 0.9492, utilization 0.0382, perplexity 1684.6229,
Train Epoch: [1/2] Iters:[2570/20018] transplant_loss 76.5917, rec_loss 0.0638, quant_error 0.9467, utilization 0.0382, perplexity 1683.5604,
Train Epoch: [1/2] Iters:[2580/20018] transplant_loss 76.2002, rec_loss 0.0632, quant_error 0.9447, utilization 0.0383, perplexity 1695.6865,
Train Epoch: [1/2] Iters:[2590/20018] transplant_loss 75.7452, rec_loss 0.0628, quant_error 0.9441, utilization 0.0383, perplexity 1701.6183,
Train Epoch: [1/2] Iters:[2600/20018] transplant_loss 75.0564, rec_loss 0.0628, quant_error 0.9438, utilization 0.0383, perplexity 1703.9892,
Train Epoch: [1/2] Iters:[2610/20018] transplant_loss 74.2378, rec_loss 0.0626, quant_error 0.9410, utilization 0.0383, perplexity 1707.0863,
Train Epoch: [1/2] Iters:[2620/20018] transplant_loss 73.9095, rec_loss 0.0619, quant_error 0.9434, utilization 0.0383, perplexity 1708.9526,
Train Epoch: [1/2] Iters:[2630/20018] transplant_loss 74.0543, rec_loss 0.0628, quant_error 0.9475, utilization 0.0383, perplexity 1705.2365,
Train Epoch: [1/2] Iters:[2640/20018] transplant_loss 73.3004, rec_loss 0.0629, quant_error 0.9464, utilization 0.0383, perplexity 1702.9722,
Train Epoch: [1/2] Iters:[2650/20018] transplant_loss 72.9577, rec_loss 0.0628, quant_error 0.9456, utilization 0.0384, perplexity 1709.6244,
Train Epoch: [1/2] Iters:[2660/20018] transplant_loss 72.6333, rec_loss 0.0631, quant_error 0.9471, utilization 0.0384, perplexity 1711.1813,
Train Epoch: [1/2] Iters:[2670/20018] transplant_loss 72.4549, rec_loss 0.0637, quant_error 0.9474, utilization 0.0384, perplexity 1711.9355,
Train Epoch: [1/2] Iters:[2680/20018] transplant_loss 71.8708, rec_loss 0.0642, quant_error 0.9496, utilization 0.0384, perplexity 1713.2964,
Train Epoch: [1/2] Iters:[2690/20018] transplant_loss 72.1029, rec_loss 0.0643, quant_error 0.9536, utilization 0.0384, perplexity 1710.0254,
Train Epoch: [1/2] Iters:[2700/20018] transplant_loss 71.5245, rec_loss 0.0639, quant_error 0.9492, utilization 0.0384, perplexity 1706.3367,
Train Epoch: [1/2] Iters:[2710/20018] transplant_loss 70.7800, rec_loss 0.0640, quant_error 0.9465, utilization 0.0384, perplexity 1709.2516,
Train Epoch: [1/2] Iters:[2720/20018] transplant_loss 70.1924, rec_loss 0.0637, quant_error 0.9431, utilization 0.0384, perplexity 1707.5991,
Train Epoch: [1/2] Iters:[2730/20018] transplant_loss 69.6622, rec_loss 0.0633, quant_error 0.9422, utilization 0.0384, perplexity 1712.6279,
Train Epoch: [1/2] Iters:[2740/20018] transplant_loss 69.2113, rec_loss 0.0633, quant_error 0.9409, utilization 0.0385, perplexity 1720.2072,
Train Epoch: [1/2] Iters:[2750/20018] transplant_loss 68.8692, rec_loss 0.0648, quant_error 0.9477, utilization 0.0385, perplexity 1719.1350,
Train Epoch: [1/2] Iters:[2760/20018] transplant_loss 69.0742, rec_loss 0.0650, quant_error 0.9504, utilization 0.0385, perplexity 1722.6610,
Train Epoch: [1/2] Iters:[2770/20018] transplant_loss 68.3614, rec_loss 0.0644, quant_error 0.9499, utilization 0.0385, perplexity 1727.2314,
Train Epoch: [1/2] Iters:[2780/20018] transplant_loss 67.6807, rec_loss 0.0643, quant_error 0.9472, utilization 0.0385, perplexity 1725.8673,
Train Epoch: [1/2] Iters:[2790/20018] transplant_loss 66.9875, rec_loss 0.0634, quant_error 0.9429, utilization 0.0385, perplexity 1719.4600,
Train Epoch: [1/2] Iters:[2800/20018] transplant_loss 66.2877, rec_loss 0.0632, quant_error 0.9411, utilization 0.0385, perplexity 1725.6026,
Train Epoch: [1/2] Iters:[2810/20018] transplant_loss 65.9911, rec_loss 0.0630, quant_error 0.9404, utilization 0.0385, perplexity 1719.9286,
Train Epoch: [1/2] Iters:[2820/20018] transplant_loss 65.7952, rec_loss 0.0637, quant_error 0.9397, utilization 0.0385, perplexity 1726.2034,
Train Epoch: [1/2] Iters:[2830/20018] transplant_loss 65.9288, rec_loss 0.0637, quant_error 0.9381, utilization 0.0386, perplexity 1725.6156,
Train Epoch: [1/2] Iters:[2840/20018] transplant_loss 65.6385, rec_loss 0.0656, quant_error 0.9404, utilization 0.0386, perplexity 1731.5957,
Train Epoch: [1/2] Iters:[2850/20018] transplant_loss 65.6191, rec_loss 0.0647, quant_error 0.9404, utilization 0.0386, perplexity 1723.1305,
Train Epoch: [1/2] Iters:[2860/20018] transplant_loss 65.2203, rec_loss 0.0648, quant_error 0.9396, utilization 0.0386, perplexity 1729.0930,
Train Epoch: [1/2] Iters:[2870/20018] transplant_loss 64.8785, rec_loss 0.0654, quant_error 0.9423, utilization 0.0386, perplexity 1729.5300,
Train Epoch: [1/2] Iters:[2880/20018] transplant_loss 64.5723, rec_loss 0.0651, quant_error 0.9415, utilization 0.0386, perplexity 1730.3548,
Train Epoch: [1/2] Iters:[2890/20018] transplant_loss 64.2991, rec_loss 0.0644, quant_error 0.9429, utilization 0.0386, perplexity 1732.2814,
Train Epoch: [1/2] Iters:[2900/20018] transplant_loss 63.6577, rec_loss 0.0645, quant_error 0.9391, utilization 0.0386, perplexity 1737.4957,
Train Epoch: [1/2] Iters:[2910/20018] transplant_loss 63.4225, rec_loss 0.0644, quant_error 0.9436, utilization 0.0386, perplexity 1735.9407,
Train Epoch: [1/2] Iters:[2920/20018] transplant_loss 62.9639, rec_loss 0.0644, quant_error 0.9425, utilization 0.0386, perplexity 1740.6746,
Train Epoch: [1/2] Iters:[2930/20018] transplant_loss 62.4300, rec_loss 0.0649, quant_error 0.9455, utilization 0.0387, perplexity 1739.5339,
Train Epoch: [1/2] Iters:[2940/20018] transplant_loss 61.7253, rec_loss 0.0641, quant_error 0.9396, utilization 0.0387, perplexity 1742.1937,
Train Epoch: [1/2] Iters:[2950/20018] transplant_loss 61.6753, rec_loss 0.0643, quant_error 0.9399, utilization 0.0387, perplexity 1741.2764,
Train Epoch: [1/2] Iters:[2960/20018] transplant_loss 61.0135, rec_loss 0.0648, quant_error 0.9363, utilization 0.0387, perplexity 1743.3636,
Train Epoch: [1/2] Iters:[2970/20018] transplant_loss 60.8603, rec_loss 0.0635, quant_error 0.9321, utilization 0.0386, perplexity 1739.9631,
Train Epoch: [1/2] Iters:[2980/20018] transplant_loss 60.7371, rec_loss 0.0642, quant_error 0.9311, utilization 0.0387, perplexity 1749.1410,
Train Epoch: [1/2] Iters:[2990/20018] transplant_loss 60.7153, rec_loss 0.0647, quant_error 0.9342, utilization 0.0387, perplexity 1748.6459,
Train Epoch: [1/2] Iters:[3000/20018] transplant_loss 60.2930, rec_loss 0.0652, quant_error 0.9378, utilization 0.0387, perplexity 1754.1404,
Train Epoch: [1/2] Iters:[3010/20018] transplant_loss 60.2716, rec_loss 0.0648, quant_error 0.9384, utilization 0.0387, perplexity 1759.4294,
Train Epoch: [1/2] Iters:[3020/20018] transplant_loss 60.0496, rec_loss 0.0662, quant_error 0.9426, utilization 0.0388, perplexity 1757.8567,
Train Epoch: [1/2] Iters:[3030/20018] transplant_loss 59.4248, rec_loss 0.0654, quant_error 0.9414, utilization 0.0388, perplexity 1759.2558,
Train Epoch: [1/2] Iters:[3040/20018] transplant_loss 59.1383, rec_loss 0.0658, quant_error 0.9387, utilization 0.0388, perplexity 1760.1929,
Train Epoch: [1/2] Iters:[3050/20018] transplant_loss 58.8427, rec_loss 0.0661, quant_error 0.9373, utilization 0.0388, perplexity 1758.9030,
Train Epoch: [1/2] Iters:[3060/20018] transplant_loss 58.2485, rec_loss 0.0666, quant_error 0.9363, utilization 0.0388, perplexity 1759.4287,
Train Epoch: [1/2] Iters:[3070/20018] transplant_loss 57.7698, rec_loss 0.0654, quant_error 0.9346, utilization 0.0388, perplexity 1760.7346,
Train Epoch: [1/2] Iters:[3080/20018] transplant_loss 57.5123, rec_loss 0.0651, quant_error 0.9354, utilization 0.0388, perplexity 1756.6164,
Train Epoch: [1/2] Iters:[3090/20018] transplant_loss 57.0009, rec_loss 0.0649, quant_error 0.9348, utilization 0.0388, perplexity 1762.0492,
Train Epoch: [1/2] Iters:[3100/20018] transplant_loss 56.5238, rec_loss 0.0633, quant_error 0.9304, utilization 0.0388, perplexity 1755.9878,
Train Epoch: [1/2] Iters:[3110/20018] transplant_loss 56.5690, rec_loss 0.0628, quant_error 0.9319, utilization 0.0388, perplexity 1758.9094,
Train Epoch: [1/2] Iters:[3120/20018] transplant_loss 56.1511, rec_loss 0.0630, quant_error 0.9329, utilization 0.0388, perplexity 1756.1707,
Train Epoch: [1/2] Iters:[3130/20018] transplant_loss 55.6481, rec_loss 0.0623, quant_error 0.9264, utilization 0.0388, perplexity 1751.7864,
Train Epoch: [1/2] Iters:[3140/20018] transplant_loss 55.6436, rec_loss 0.0621, quant_error 0.9277, utilization 0.0389, perplexity 1757.1156,
Train Epoch: [1/2] Iters:[3150/20018] transplant_loss 55.6827, rec_loss 0.0633, quant_error 0.9323, utilization 0.0389, perplexity 1767.1707,
Train Epoch: [1/2] Iters:[3160/20018] transplant_loss 55.1767, rec_loss 0.0634, quant_error 0.9277, utilization 0.0389, perplexity 1760.0974,
Train Epoch: [1/2] Iters:[3170/20018] transplant_loss 54.9592, rec_loss 0.0634, quant_error 0.9260, utilization 0.0389, perplexity 1764.7324,
Train Epoch: [1/2] Iters:[3180/20018] transplant_loss 54.9215, rec_loss 0.0635, quant_error 0.9271, utilization 0.0388, perplexity 1765.7039,
Train Epoch: [1/2] Iters:[3190/20018] transplant_loss 54.3314, rec_loss 0.0638, quant_error 0.9252, utilization 0.0388, perplexity 1758.1933,
Train Epoch: [1/2] Iters:[3200/20018] transplant_loss 53.9507, rec_loss 0.0637, quant_error 0.9254, utilization 0.0388, perplexity 1756.1836,
Train Epoch: [1/2] Iters:[3210/20018] transplant_loss 53.6942, rec_loss 0.0641, quant_error 0.9287, utilization 0.0388, perplexity 1761.9956,
Train Epoch: [1/2] Iters:[3220/20018] transplant_loss 53.8096, rec_loss 0.0647, quant_error 0.9302, utilization 0.0389, perplexity 1758.6594,
Train Epoch: [1/2] Iters:[3230/20018] transplant_loss 53.2992, rec_loss 0.0649, quant_error 0.9275, utilization 0.0389, perplexity 1765.2485,
Train Epoch: [1/2] Iters:[3240/20018] transplant_loss 53.2698, rec_loss 0.0647, quant_error 0.9297, utilization 0.0389, perplexity 1762.3084,
Train Epoch: [1/2] Iters:[3250/20018] transplant_loss 52.8142, rec_loss 0.0640, quant_error 0.9254, utilization 0.0389, perplexity 1762.3287,
Train Epoch: [1/2] Iters:[3260/20018] transplant_loss 52.4837, rec_loss 0.0637, quant_error 0.9239, utilization 0.0390, perplexity 1759.9186,
Train Epoch: [1/2] Iters:[3270/20018] transplant_loss 51.7971, rec_loss 0.0635, quant_error 0.9234, utilization 0.0390, perplexity 1762.4075,
Train Epoch: [1/2] Iters:[3280/20018] transplant_loss 51.7053, rec_loss 0.0642, quant_error 0.9232, utilization 0.0390, perplexity 1760.2507,
Train Epoch: [1/2] Iters:[3290/20018] transplant_loss 51.3614, rec_loss 0.0639, quant_error 0.9225, utilization 0.0389, perplexity 1758.8295,
Train Epoch: [1/2] Iters:[3300/20018] transplant_loss 51.1659, rec_loss 0.0643, quant_error 0.9238, utilization 0.0389, perplexity 1767.2428,
Train Epoch: [1/2] Iters:[3310/20018] transplant_loss 51.1010, rec_loss 0.0641, quant_error 0.9246, utilization 0.0390, perplexity 1770.7739,
Train Epoch: [1/2] Iters:[3320/20018] transplant_loss 50.9642, rec_loss 0.0631, quant_error 0.9196, utilization 0.0390, perplexity 1772.1714,
Train Epoch: [1/2] Iters:[3330/20018] transplant_loss 50.9574, rec_loss 0.0629, quant_error 0.9285, utilization 0.0390, perplexity 1778.2694,
Train Epoch: [1/2] Iters:[3340/20018] transplant_loss 50.7880, rec_loss 0.0638, quant_error 0.9306, utilization 0.0390, perplexity 1781.4009,
Train Epoch: [1/2] Iters:[3350/20018] transplant_loss 50.8903, rec_loss 0.0636, quant_error 0.9292, utilization 0.0390, perplexity 1778.2412,
Train Epoch: [1/2] Iters:[3360/20018] transplant_loss 50.2041, rec_loss 0.0633, quant_error 0.9249, utilization 0.0390, perplexity 1774.1197,
Train Epoch: [1/2] Iters:[3370/20018] transplant_loss 49.9140, rec_loss 0.0644, quant_error 0.9285, utilization 0.0390, perplexity 1773.5252,
Train Epoch: [1/2] Iters:[3380/20018] transplant_loss 49.4417, rec_loss 0.0643, quant_error 0.9240, utilization 0.0390, perplexity 1770.1929,
Train Epoch: [1/2] Iters:[3390/20018] transplant_loss 48.9445, rec_loss 0.0633, quant_error 0.9181, utilization 0.0390, perplexity 1775.3160,
Train Epoch: [1/2] Iters:[3400/20018] transplant_loss 48.5109, rec_loss 0.0630, quant_error 0.9173, utilization 0.0390, perplexity 1774.6422,
Train Epoch: [1/2] Iters:[3410/20018] transplant_loss 48.6032, rec_loss 0.0634, quant_error 0.9205, utilization 0.0390, perplexity 1783.7692,
Train Epoch: [1/2] Iters:[3420/20018] transplant_loss 48.3695, rec_loss 0.0631, quant_error 0.9220, utilization 0.0391, perplexity 1789.8003,
Train Epoch: [1/2] Iters:[3430/20018] transplant_loss 48.5779, rec_loss 0.0635, quant_error 0.9237, utilization 0.0391, perplexity 1790.5200,
Train Epoch: [1/2] Iters:[3440/20018] transplant_loss 48.6636, rec_loss 0.0643, quant_error 0.9259, utilization 0.0391, perplexity 1792.1953,
Train Epoch: [1/2] Iters:[3450/20018] transplant_loss 48.3365, rec_loss 0.0647, quant_error 0.9257, utilization 0.0391, perplexity 1794.7400,
Train Epoch: [1/2] Iters:[3460/20018] transplant_loss 48.1677, rec_loss 0.0644, quant_error 0.9287, utilization 0.0391, perplexity 1787.4328,
Train Epoch: [1/2] Iters:[3470/20018] transplant_loss 48.1826, rec_loss 0.0654, quant_error 0.9275, utilization 0.0391, perplexity 1790.1258,
Train Epoch: [1/2] Iters:[3480/20018] transplant_loss 47.8748, rec_loss 0.0651, quant_error 0.9305, utilization 0.0391, perplexity 1789.2111,
Train Epoch: [1/2] Iters:[3490/20018] transplant_loss 47.5691, rec_loss 0.0647, quant_error 0.9278, utilization 0.0392, perplexity 1797.1114,
Train Epoch: [1/2] Iters:[3500/20018] transplant_loss 47.4841, rec_loss 0.0640, quant_error 0.9300, utilization 0.0392, perplexity 1799.4618,
Train Epoch: [1/2] Iters:[3510/20018] transplant_loss 46.9789, rec_loss 0.0647, quant_error 0.9255, utilization 0.0392, perplexity 1801.0850,
Train Epoch: [1/2] Iters:[3520/20018] transplant_loss 46.5084, rec_loss 0.0633, quant_error 0.9229, utilization 0.0392, perplexity 1798.9140,
Train Epoch: [1/2] Iters:[3530/20018] transplant_loss 45.8842, rec_loss 0.0635, quant_error 0.9183, utilization 0.0392, perplexity 1804.5415,
Train Epoch: [1/2] Iters:[3540/20018] transplant_loss 45.9284, rec_loss 0.0640, quant_error 0.9252, utilization 0.0391, perplexity 1791.6630,
Train Epoch: [1/2] Iters:[3550/20018] transplant_loss 45.5361, rec_loss 0.0644, quant_error 0.9232, utilization 0.0391, perplexity 1791.6270,
Train Epoch: [1/2] Iters:[3560/20018] transplant_loss 45.2177, rec_loss 0.0637, quant_error 0.9206, utilization 0.0392, perplexity 1798.6780,
Train Epoch: [1/2] Iters:[3570/20018] transplant_loss 44.6751, rec_loss 0.0639, quant_error 0.9187, utilization 0.0391, perplexity 1796.5972,
Train Epoch: [1/2] Iters:[3580/20018] transplant_loss 44.6004, rec_loss 0.0641, quant_error 0.9182, utilization 0.0392, perplexity 1799.4116,
Train Epoch: [1/2] Iters:[3590/20018] transplant_loss 43.9459, rec_loss 0.0635, quant_error 0.9108, utilization 0.0392, perplexity 1809.7814,
Train Epoch: [1/2] Iters:[3600/20018] transplant_loss 43.9124, rec_loss 0.0632, quant_error 0.9117, utilization 0.0393, perplexity 1810.8623,
Train Epoch: [1/2] Iters:[3610/20018] transplant_loss 44.0131, rec_loss 0.0637, quant_error 0.9149, utilization 0.0393, perplexity 1809.9922,
Train Epoch: [1/2] Iters:[3620/20018] transplant_loss 44.1355, rec_loss 0.0630, quant_error 0.9156, utilization 0.0393, perplexity 1812.8103,
Train Epoch: [1/2] Iters:[3630/20018] transplant_loss 43.9123, rec_loss 0.0621, quant_error 0.9135, utilization 0.0392, perplexity 1807.3391,
Train Epoch: [1/2] Iters:[3640/20018] transplant_loss 43.8465, rec_loss 0.0625, quant_error 0.9166, utilization 0.0392, perplexity 1802.9414,
Train Epoch: [1/2] Iters:[3650/20018] transplant_loss 43.2544, rec_loss 0.0624, quant_error 0.9099, utilization 0.0392, perplexity 1802.0475,
Train Epoch: [1/2] Iters:[3660/20018] transplant_loss 42.8419, rec_loss 0.0624, quant_error 0.9079, utilization 0.0392, perplexity 1797.7941,
Train Epoch: [1/2] Iters:[3670/20018] transplant_loss 42.6679, rec_loss 0.0630, quant_error 0.9093, utilization 0.0392, perplexity 1802.0879,
Train Epoch: [1/2] Iters:[3680/20018] transplant_loss 42.4278, rec_loss 0.0637, quant_error 0.9117, utilization 0.0392, perplexity 1806.6358,
Train Epoch: [1/2] Iters:[3690/20018] transplant_loss 42.5557, rec_loss 0.0638, quant_error 0.9137, utilization 0.0393, perplexity 1810.3603,
Train Epoch: [1/2] Iters:[3700/20018] transplant_loss 42.7594, rec_loss 0.0639, quant_error 0.9175, utilization 0.0393, perplexity 1813.8761,
Train Epoch: [1/2] Iters:[3710/20018] transplant_loss 42.5970, rec_loss 0.0629, quant_error 0.9173, utilization 0.0392, perplexity 1816.5564,
Train Epoch: [1/2] Iters:[3720/20018] transplant_loss 42.3390, rec_loss 0.0631, quant_error 0.9149, utilization 0.0392, perplexity 1817.0504,
Train Epoch: [1/2] Iters:[3730/20018] transplant_loss 42.2065, rec_loss 0.0626, quant_error 0.9116, utilization 0.0393, perplexity 1819.1268,
Train Epoch: [1/2] Iters:[3740/20018] transplant_loss 41.7862, rec_loss 0.0617, quant_error 0.9101, utilization 0.0393, perplexity 1815.1924,
Train Epoch: [1/2] Iters:[3750/20018] transplant_loss 41.6161, rec_loss 0.0621, quant_error 0.9134, utilization 0.0393, perplexity 1815.4339,
Train Epoch: [1/2] Iters:[3760/20018] transplant_loss 41.4356, rec_loss 0.0628, quant_error 0.9134, utilization 0.0393, perplexity 1813.1671,
Train Epoch: [1/2] Iters:[3770/20018] transplant_loss 40.9913, rec_loss 0.0621, quant_error 0.9150, utilization 0.0393, perplexity 1813.5730,
Train Epoch: [1/2] Iters:[3780/20018] transplant_loss 40.8198, rec_loss 0.0624, quant_error 0.9156, utilization 0.0393, perplexity 1812.1011,
Train Epoch: [1/2] Iters:[3790/20018] transplant_loss 40.7100, rec_loss 0.0639, quant_error 0.9176, utilization 0.0393, perplexity 1814.0912,
Train Epoch: [1/2] Iters:[3800/20018] transplant_loss 40.5260, rec_loss 0.0635, quant_error 0.9159, utilization 0.0393, perplexity 1814.5948,
Train Epoch: [1/2] Iters:[3810/20018] transplant_loss 40.4241, rec_loss 0.0637, quant_error 0.9166, utilization 0.0393, perplexity 1821.3593,
Train Epoch: [1/2] Iters:[3820/20018] transplant_loss 40.4259, rec_loss 0.0645, quant_error 0.9165, utilization 0.0393, perplexity 1822.1899,
Train Epoch: [1/2] Iters:[3830/20018] transplant_loss 40.1528, rec_loss 0.0640, quant_error 0.9171, utilization 0.0393, perplexity 1820.1281,
Train Epoch: [1/2] Iters:[3840/20018] transplant_loss 39.9751, rec_loss 0.0633, quant_error 0.9141, utilization 0.0393, perplexity 1824.5703,
Train Epoch: [1/2] Iters:[3850/20018] transplant_loss 40.0030, rec_loss 0.0639, quant_error 0.9159, utilization 0.0394, perplexity 1820.9146,
Train Epoch: [1/2] Iters:[3860/20018] transplant_loss 39.7767, rec_loss 0.0629, quant_error 0.9086, utilization 0.0394, perplexity 1816.5407,
Train Epoch: [1/2] Iters:[3870/20018] transplant_loss 39.7879, rec_loss 0.0635, quant_error 0.9084, utilization 0.0393, perplexity 1807.8714,
Train Epoch: [1/2] Iters:[3880/20018] transplant_loss 39.7175, rec_loss 0.0641, quant_error 0.9079, utilization 0.0393, perplexity 1809.6100,
Train Epoch: [1/2] Iters:[3890/20018] transplant_loss 39.4404, rec_loss 0.0641, quant_error 0.9063, utilization 0.0394, perplexity 1807.1034,
Train Epoch: [1/2] Iters:[3900/20018] transplant_loss 38.9699, rec_loss 0.0640, quant_error 0.9023, utilization 0.0393, perplexity 1804.0760,
Train Epoch: [1/2] Iters:[3910/20018] transplant_loss 38.7361, rec_loss 0.0647, quant_error 0.9081, utilization 0.0394, perplexity 1806.9692,
Train Epoch: [1/2] Iters:[3920/20018] transplant_loss 38.4816, rec_loss 0.0645, quant_error 0.9085, utilization 0.0394, perplexity 1809.3539,
Train Epoch: [1/2] Iters:[3930/20018] transplant_loss 38.2979, rec_loss 0.0639, quant_error 0.9064, utilization 0.0394, perplexity 1810.2917,
Train Epoch: [1/2] Iters:[3940/20018] transplant_loss 37.8583, rec_loss 0.0631, quant_error 0.9049, utilization 0.0394, perplexity 1813.6428,
Train Epoch: [1/2] Iters:[3950/20018] transplant_loss 37.6583, rec_loss 0.0628, quant_error 0.9062, utilization 0.0394, perplexity 1821.7054,
Train Epoch: [1/2] Iters:[3960/20018] transplant_loss 37.5962, rec_loss 0.0623, quant_error 0.9053, utilization 0.0394, perplexity 1819.1514,
Train Epoch: [1/2] Iters:[3970/20018] transplant_loss 37.4166, rec_loss 0.0619, quant_error 0.9045, utilization 0.0394, perplexity 1823.8755,
Train Epoch: [1/2] Iters:[3980/20018] transplant_loss 37.2399, rec_loss 0.0620, quant_error 0.9055, utilization 0.0395, perplexity 1830.4377,
Train Epoch: [1/2] Iters:[3990/20018] transplant_loss 37.4307, rec_loss 0.0629, quant_error 0.9076, utilization 0.0395, perplexity 1826.2667,
Train Epoch: [1/2] Iters:[4000/20018] transplant_loss 36.9675, rec_loss 0.0626, quant_error 0.9051, utilization 0.0395, perplexity 1825.8819,
Train Epoch: [1/2] Iters:[4010/20018] transplant_loss 36.8445, rec_loss 0.0629, quant_error 0.9055, utilization 0.0395, perplexity 1827.3305,
Train Epoch: [1/2] Iters:[4020/20018] transplant_loss 36.6646, rec_loss 0.0631, quant_error 0.9066, utilization 0.0394, perplexity 1827.1360,
Train Epoch: [1/2] Iters:[4030/20018] transplant_loss 36.6724, rec_loss 0.0644, quant_error 0.9097, utilization 0.0394, perplexity 1827.8288,
Train Epoch: [1/2] Iters:[4040/20018] transplant_loss 36.4745, rec_loss 0.0636, quant_error 0.9096, utilization 0.0394, perplexity 1833.3810,
Train Epoch: [1/2] Iters:[4050/20018] transplant_loss 36.6814, rec_loss 0.0642, quant_error 0.9097, utilization 0.0394, perplexity 1828.5845,
Train Epoch: [1/2] Iters:[4060/20018] transplant_loss 36.5315, rec_loss 0.0648, quant_error 0.9101, utilization 0.0394, perplexity 1829.4409,
Train Epoch: [1/2] Iters:[4070/20018] transplant_loss 36.4975, rec_loss 0.0635, quant_error 0.9050, utilization 0.0394, perplexity 1831.7455,
Train Epoch: [1/2] Iters:[4080/20018] transplant_loss 36.0701, rec_loss 0.0630, quant_error 0.9019, utilization 0.0394, perplexity 1827.2873,
Train Epoch: [1/2] Iters:[4090/20018] transplant_loss 35.8241, rec_loss 0.0630, quant_error 0.9017, utilization 0.0394, perplexity 1828.6073,
Train Epoch: [1/2] Iters:[4100/20018] transplant_loss 35.6185, rec_loss 0.0633, quant_error 0.9031, utilization 0.0394, perplexity 1834.3027,
Train Epoch: [1/2] Iters:[4110/20018] transplant_loss 35.2863, rec_loss 0.0628, quant_error 0.9006, utilization 0.0394, perplexity 1828.6980,
Train Epoch: [1/2] Iters:[4120/20018] transplant_loss 35.1716, rec_loss 0.0633, quant_error 0.9045, utilization 0.0395, perplexity 1834.9548,
Train Epoch: [1/2] Iters:[4130/20018] transplant_loss 35.1705, rec_loss 0.0627, quant_error 0.9051, utilization 0.0395, perplexity 1834.3596,
Train Epoch: [1/2] Iters:[4140/20018] transplant_loss 35.0440, rec_loss 0.0624, quant_error 0.9035, utilization 0.0395, perplexity 1829.0250,
Train Epoch: [1/2] Iters:[4150/20018] transplant_loss 34.6632, rec_loss 0.0619, quant_error 0.9018, utilization 0.0395, perplexity 1828.4734,
Train Epoch: [1/2] Iters:[4160/20018] transplant_loss 34.6287, rec_loss 0.0625, quant_error 0.9021, utilization 0.0396, perplexity 1839.9134,
Train Epoch: [1/2] Iters:[4170/20018] transplant_loss 34.4365, rec_loss 0.0626, quant_error 0.9017, utilization 0.0395, perplexity 1832.3050,
Train Epoch: [1/2] Iters:[4180/20018] transplant_loss 34.3158, rec_loss 0.0627, quant_error 0.9018, utilization 0.0395, perplexity 1837.0886,
Train Epoch: [1/2] Iters:[4190/20018] transplant_loss 34.1881, rec_loss 0.0631, quant_error 0.9000, utilization 0.0396, perplexity 1836.2512,
Train Epoch: [1/2] Iters:[4200/20018] transplant_loss 34.2710, rec_loss 0.0637, quant_error 0.9046, utilization 0.0395, perplexity 1835.6514,
Train Epoch: [1/2] Iters:[4210/20018] transplant_loss 34.2061, rec_loss 0.0632, quant_error 0.9063, utilization 0.0395, perplexity 1825.7551,
Train Epoch: [1/2] Iters:[4220/20018] transplant_loss 34.1070, rec_loss 0.0630, quant_error 0.9050, utilization 0.0394, perplexity 1819.6620,
Train Epoch: [1/2] Iters:[4230/20018] transplant_loss 34.2636, rec_loss 0.0635, quant_error 0.9066, utilization 0.0394, perplexity 1816.3111,
Train Epoch: [1/2] Iters:[4240/20018] transplant_loss 34.3396, rec_loss 0.0638, quant_error 0.9096, utilization 0.0395, perplexity 1826.2201,
Train Epoch: [1/2] Iters:[4250/20018] transplant_loss 34.2456, rec_loss 0.0638, quant_error 0.9106, utilization 0.0395, perplexity 1826.3867,
Train Epoch: [1/2] Iters:[4260/20018] transplant_loss 33.9769, rec_loss 0.0634, quant_error 0.9047, utilization 0.0395, perplexity 1834.1777,
Train Epoch: [1/2] Iters:[4270/20018] transplant_loss 33.8621, rec_loss 0.0645, quant_error 0.9083, utilization 0.0396, perplexity 1842.5464,
Train Epoch: [1/2] Iters:[4280/20018] transplant_loss 33.1886, rec_loss 0.0635, quant_error 0.9038, utilization 0.0396, perplexity 1844.2646,
Train Epoch: [1/2] Iters:[4290/20018] transplant_loss 32.7913, rec_loss 0.0632, quant_error 0.9001, utilization 0.0395, perplexity 1835.8258,
Train Epoch: [1/2] Iters:[4300/20018] transplant_loss 32.5258, rec_loss 0.0626, quant_error 0.8956, utilization 0.0395, perplexity 1837.6684,
Train Epoch: [1/2] Iters:[4310/20018] transplant_loss 32.6402, rec_loss 0.0631, quant_error 0.9023, utilization 0.0395, perplexity 1838.6270,
Train Epoch: [1/2] Iters:[4320/20018] transplant_loss 32.4805, rec_loss 0.0627, quant_error 0.9002, utilization 0.0395, perplexity 1844.9197,
Train Epoch: [1/2] Iters:[4330/20018] transplant_loss 32.5808, rec_loss 0.0621, quant_error 0.8996, utilization 0.0395, perplexity 1839.6680,
Train Epoch: [1/2] Iters:[4340/20018] transplant_loss 32.4100, rec_loss 0.0616, quant_error 0.9014, utilization 0.0395, perplexity 1842.8608,
Train Epoch: [1/2] Iters:[4350/20018] transplant_loss 32.3060, rec_loss 0.0615, quant_error 0.8990, utilization 0.0396, perplexity 1848.2761,
Train Epoch: [1/2] Iters:[4360/20018] transplant_loss 32.1710, rec_loss 0.0621, quant_error 0.8981, utilization 0.0395, perplexity 1843.5231,
Train Epoch: [1/2] Iters:[4370/20018] transplant_loss 32.0679, rec_loss 0.0623, quant_error 0.8994, utilization 0.0395, perplexity 1835.5974,
Train Epoch: [1/2] Iters:[4380/20018] transplant_loss 31.9641, rec_loss 0.0632, quant_error 0.9010, utilization 0.0395, perplexity 1836.9901,
Train Epoch: [1/2] Iters:[4390/20018] transplant_loss 31.7915, rec_loss 0.0637, quant_error 0.8989, utilization 0.0395, perplexity 1841.6228,
Train Epoch: [1/2] Iters:[4400/20018] transplant_loss 31.7774, rec_loss 0.0632, quant_error 0.9006, utilization 0.0395, perplexity 1841.4662,
Train Epoch: [1/2] Iters:[4410/20018] transplant_loss 31.3607, rec_loss 0.0616, quant_error 0.8953, utilization 0.0396, perplexity 1846.0631,
Train Epoch: [1/2] Iters:[4420/20018] transplant_loss 31.0026, rec_loss 0.0605, quant_error 0.8921, utilization 0.0396, perplexity 1844.3200,
Train Epoch: [1/2] Iters:[4430/20018] transplant_loss 30.8040, rec_loss 0.0600, quant_error 0.8924, utilization 0.0396, perplexity 1846.5182,
Train Epoch: [1/2] Iters:[4440/20018] transplant_loss 30.6554, rec_loss 0.0596, quant_error 0.8925, utilization 0.0396, perplexity 1842.5696,
Train Epoch: [1/2] Iters:[4450/20018] transplant_loss 30.3647, rec_loss 0.0604, quant_error 0.8899, utilization 0.0396, perplexity 1841.2855,
Train Epoch: [1/2] Iters:[4460/20018] transplant_loss 30.4177, rec_loss 0.0610, quant_error 0.8956, utilization 0.0395, perplexity 1837.3423,
Train Epoch: [1/2] Iters:[4470/20018] transplant_loss 30.3859, rec_loss 0.0614, quant_error 0.8955, utilization 0.0396, perplexity 1839.8854,
Train Epoch: [1/2] Iters:[4480/20018] transplant_loss 30.1261, rec_loss 0.0621, quant_error 0.8898, utilization 0.0396, perplexity 1840.1796,
Train Epoch: [1/2] Iters:[4490/20018] transplant_loss 30.0005, rec_loss 0.0624, quant_error 0.8898, utilization 0.0396, perplexity 1845.5088,
Train Epoch: [1/2] Iters:[4500/20018] transplant_loss 29.8710, rec_loss 0.0621, quant_error 0.8908, utilization 0.0396, perplexity 1843.3259,
Train Epoch: [1/2] Iters:[4510/20018] transplant_loss 29.8325, rec_loss 0.0621, quant_error 0.8883, utilization 0.0396, perplexity 1843.9194,
Train Epoch: [1/2] Iters:[4520/20018] transplant_loss 29.5741, rec_loss 0.0618, quant_error 0.8879, utilization 0.0397, perplexity 1850.8066,
Train Epoch: [1/2] Iters:[4530/20018] transplant_loss 29.7240, rec_loss 0.0611, quant_error 0.8911, utilization 0.0397, perplexity 1855.4547,
Train Epoch: [1/2] Iters:[4540/20018] transplant_loss 29.6986, rec_loss 0.0613, quant_error 0.8923, utilization 0.0396, perplexity 1846.8994,
Train Epoch: [1/2] Iters:[4550/20018] transplant_loss 29.7809, rec_loss 0.0615, quant_error 0.8921, utilization 0.0396, perplexity 1851.4283,
Train Epoch: [1/2] Iters:[4560/20018] transplant_loss 29.6323, rec_loss 0.0621, quant_error 0.8939, utilization 0.0397, perplexity 1857.6181,
Train Epoch: [1/2] Iters:[4570/20018] transplant_loss 29.6413, rec_loss 0.0625, quant_error 0.8948, utilization 0.0396, perplexity 1853.8501,
Train Epoch: [1/2] Iters:[4580/20018] transplant_loss 29.4695, rec_loss 0.0629, quant_error 0.8963, utilization 0.0397, perplexity 1855.5795,
Train Epoch: [1/2] Iters:[4590/20018] transplant_loss 29.4220, rec_loss 0.0629, quant_error 0.8971, utilization 0.0397, perplexity 1857.8801,
Train Epoch: [1/2] Iters:[4600/20018] transplant_loss 29.2787, rec_loss 0.0623, quant_error 0.8953, utilization 0.0397, perplexity 1855.2408,
Train Epoch: [1/2] Iters:[4610/20018] transplant_loss 29.1385, rec_loss 0.0619, quant_error 0.8913, utilization 0.0397, perplexity 1855.4077,
Train Epoch: [1/2] Iters:[4620/20018] transplant_loss 29.2043, rec_loss 0.0615, quant_error 0.8916, utilization 0.0397, perplexity 1855.3864,
Train Epoch: [1/2] Iters:[4630/20018] transplant_loss 29.0621, rec_loss 0.0620, quant_error 0.8938, utilization 0.0396, perplexity 1855.0026,
Train Epoch: [1/2] Iters:[4640/20018] transplant_loss 28.9569, rec_loss 0.0612, quant_error 0.8929, utilization 0.0396, perplexity 1849.9145,
Train Epoch: [1/2] Iters:[4650/20018] transplant_loss 28.9588, rec_loss 0.0611, quant_error 0.8948, utilization 0.0396, perplexity 1846.1563,
Train Epoch: [1/2] Iters:[4660/20018] transplant_loss 28.8254, rec_loss 0.0614, quant_error 0.8969, utilization 0.0396, perplexity 1846.9778,
Train Epoch: [1/2] Iters:[4670/20018] transplant_loss 28.3927, rec_loss 0.0619, quant_error 0.8951, utilization 0.0397, perplexity 1852.0337,
Train Epoch: [1/2] Iters:[4680/20018] transplant_loss 28.3319, rec_loss 0.0613, quant_error 0.8904, utilization 0.0396, perplexity 1844.6194,
Train Epoch: [1/2] Iters:[4690/20018] transplant_loss 28.1829, rec_loss 0.0618, quant_error 0.8894, utilization 0.0397, perplexity 1849.8524,
Train Epoch: [1/2] Iters:[4700/20018] transplant_loss 27.8531, rec_loss 0.0614, quant_error 0.8876, utilization 0.0396, perplexity 1850.6130,
Train Epoch: [1/2] Iters:[4710/20018] transplant_loss 27.8865, rec_loss 0.0611, quant_error 0.8877, utilization 0.0397, perplexity 1850.1101,
Train Epoch: [1/2] Iters:[4720/20018] transplant_loss 27.9555, rec_loss 0.0612, quant_error 0.8915, utilization 0.0396, perplexity 1844.1807,
Train Epoch: [1/2] Iters:[4730/20018] transplant_loss 27.7496, rec_loss 0.0617, quant_error 0.8914, utilization 0.0397, perplexity 1846.3806,
Train Epoch: [1/2] Iters:[4740/20018] transplant_loss 27.7374, rec_loss 0.0617, quant_error 0.8920, utilization 0.0397, perplexity 1851.6166,
Train Epoch: [1/2] Iters:[4750/20018] transplant_loss 27.8209, rec_loss 0.0633, quant_error 0.8943, utilization 0.0397, perplexity 1855.6497,
Train Epoch: [1/2] Iters:[4760/20018] transplant_loss 27.5420, rec_loss 0.0634, quant_error 0.8907, utilization 0.0397, perplexity 1854.7987,
Train Epoch: [1/2] Iters:[4770/20018] transplant_loss 27.3938, rec_loss 0.0624, quant_error 0.8822, utilization 0.0397, perplexity 1853.5112,
Train Epoch: [1/2] Iters:[4780/20018] transplant_loss 27.3133, rec_loss 0.0624, quant_error 0.8816, utilization 0.0397, perplexity 1858.2105,
Train Epoch: [1/2] Iters:[4790/20018] transplant_loss 27.0788, rec_loss 0.0627, quant_error 0.8826, utilization 0.0397, perplexity 1860.3551,
Train Epoch: [1/2] Iters:[4800/20018] transplant_loss 26.7632, rec_loss 0.0615, quant_error 0.8805, utilization 0.0397, perplexity 1857.6916,
Train Epoch: [1/2] Iters:[4810/20018] transplant_loss 26.7090, rec_loss 0.0618, quant_error 0.8834, utilization 0.0397, perplexity 1858.8237,
Train Epoch: [1/2] Iters:[4820/20018] transplant_loss 26.6531, rec_loss 0.0623, quant_error 0.8883, utilization 0.0397, perplexity 1860.5566,
Train Epoch: [1/2] Iters:[4830/20018] transplant_loss 26.5469, rec_loss 0.0621, quant_error 0.8899, utilization 0.0397, perplexity 1865.3015,
Train Epoch: [1/2] Iters:[4840/20018] transplant_loss 26.5545, rec_loss 0.0620, quant_error 0.8888, utilization 0.0397, perplexity 1860.1639,
Train Epoch: [1/2] Iters:[4850/20018] transplant_loss 26.6754, rec_loss 0.0632, quant_error 0.8915, utilization 0.0397, perplexity 1863.7387,
Train Epoch: [1/2] Iters:[4860/20018] transplant_loss 26.7003, rec_loss 0.0630, quant_error 0.8936, utilization 0.0397, perplexity 1862.2628,
Train Epoch: [1/2] Iters:[4870/20018] transplant_loss 26.5878, rec_loss 0.0637, quant_error 0.8919, utilization 0.0397, perplexity 1865.4741,
Train Epoch: [1/2] Iters:[4880/20018] transplant_loss 26.4625, rec_loss 0.0631, quant_error 0.8915, utilization 0.0397, perplexity 1863.9986,
Train Epoch: [1/2] Iters:[4890/20018] transplant_loss 26.4028, rec_loss 0.0629, quant_error 0.8909, utilization 0.0398, perplexity 1860.6537,
Train Epoch: [1/2] Iters:[4900/20018] transplant_loss 26.3669, rec_loss 0.0620, quant_error 0.8938, utilization 0.0397, perplexity 1856.9858,
Train Epoch: [1/2] Iters:[4910/20018] transplant_loss 26.1428, rec_loss 0.0613, quant_error 0.8900, utilization 0.0397, perplexity 1861.3781,
Train Epoch: [1/2] Iters:[4920/20018] transplant_loss 26.0405, rec_loss 0.0610, quant_error 0.8891, utilization 0.0397, perplexity 1859.4141,
Train Epoch: [1/2] Iters:[4930/20018] transplant_loss 26.0507, rec_loss 0.0614, quant_error 0.8898, utilization 0.0397, perplexity 1853.7902,
Train Epoch: [1/2] Iters:[4940/20018] transplant_loss 25.8476, rec_loss 0.0618, quant_error 0.8905, utilization 0.0397, perplexity 1860.1422,
Train Epoch: [1/2] Iters:[4950/20018] transplant_loss 25.5746, rec_loss 0.0615, quant_error 0.8846, utilization 0.0397, perplexity 1867.2904,
Train Epoch: [1/2] Iters:[4960/20018] transplant_loss 25.3932, rec_loss 0.0614, quant_error 0.8829, utilization 0.0398, perplexity 1870.9053,
Train Epoch: [1/2] Iters:[4970/20018] transplant_loss 25.4545, rec_loss 0.0607, quant_error 0.8847, utilization 0.0398, perplexity 1872.5252,
Train Epoch: [1/2] Iters:[4980/20018] transplant_loss 25.5308, rec_loss 0.0611, quant_error 0.8883, utilization 0.0398, perplexity 1870.9270,
Train Epoch: [1/2] Iters:[4990/20018] transplant_loss 25.5859, rec_loss 0.0610, quant_error 0.8866, utilization 0.0398, perplexity 1863.9151,
Train Epoch: [1/2] Iters:[5000/20018] transplant_loss 25.5518, rec_loss 0.0616, quant_error 0.8895, utilization 0.0397, perplexity 1859.0714,
Train Epoch: [1/2] Iters:[5010/20018] transplant_loss 25.6450, rec_loss 0.0626, quant_error 0.8909, utilization 0.0397, perplexity 1855.3289,
Train Epoch: [1/2] Iters:[5020/20018] transplant_loss 25.4180, rec_loss 0.0624, quant_error 0.8903, utilization 0.0397, perplexity 1855.0362,
Train Epoch: [1/2] Iters:[5030/20018] transplant_loss 25.1116, rec_loss 0.0622, quant_error 0.8874, utilization 0.0397, perplexity 1855.6081,
Train Epoch: [1/2] Iters:[5040/20018] transplant_loss 24.9478, rec_loss 0.0625, quant_error 0.8869, utilization 0.0398, perplexity 1861.0896,
Train Epoch: [1/2] Iters:[5050/20018] transplant_loss 24.8132, rec_loss 0.0626, quant_error 0.8867, utilization 0.0398, perplexity 1858.5786,
Train Epoch: [1/2] Iters:[5060/20018] transplant_loss 24.8626, rec_loss 0.0627, quant_error 0.8907, utilization 0.0397, perplexity 1859.1931,
Train Epoch: [1/2] Iters:[5070/20018] transplant_loss 24.8266, rec_loss 0.0639, quant_error 0.8935, utilization 0.0398, perplexity 1861.6549,
Train Epoch: [1/2] Iters:[5080/20018] transplant_loss 24.9033, rec_loss 0.0635, quant_error 0.8928, utilization 0.0397, perplexity 1857.1933,
Train Epoch: [1/2] Iters:[5090/20018] transplant_loss 24.9678, rec_loss 0.0631, quant_error 0.8931, utilization 0.0397, perplexity 1861.7881,
