dataset_dir: /datasets/
dataset_name: ImageNet
global_batch_size: 64
workers: 6
resolution: 256
channels: 3
ms_patch_size: 1_2_3_4_5_6_8_10_13_16
importance: (1, 1, 1, 2, 2, 2, 3, 3, 5, 5)
max_patch_size: 16
codebook_size: 256
codebook_dim: 8
project_dim: 16
pq: 2
L: 4
alpha: 1.0
beta: 1.0
gamma: 1.0
disc_weight: 0.2
lecam_loss_weight: 0.001
disc_cr_loss_weight: 4.0
VQ: wasserstein_vq
use_multiscale: False
transplant_epochs: 2
refinement_epochs: 5
eval_epochs: 1
lr_transplant: 0.0001
lr_refinement: 1e-05
dropout: 0.0
seed: 3407
weight_decay: 0.0001
stage: transplant
checkpoint_dir: /project/6105494/sunset/VQ-Projects/VQ-Transplant/checkpoint/Transplant/ImageNet
results_dir: /project/6105494/sunset/VQ-Projects/VQ-Transplant/results/Transplant/ImageNet
saver_dir: /project/6105494/sunset/VQ-Projects/VQ-Transplant/saver/Transplant/ImageNet
reconstruction_dir: /project/6105494/sunset/VQ-Projects/VQ-Transplant/reconstruction/Transplant/ImageNet
yaml_dir: /project/6105494/sunset/VQ-Projects/VQ-Transplant/yaml/Transplant/ImageNet
pretrained_tokenizer: /project/6105494/sunset/VQ-Projects/VQ-Transplant/pretrained_tokenizer/model.ckpt
checkpoint_name: 
nnodes: -1
node_rank: -1
local_rank: 0
dist_url: tcp://224.66.41.62:23456
dist_backend: nccl
world_size: 2
batch_size: 32
ms_token_size: (1, 2, 3, 4, 5, 6, 8, 10, 13, 16)
init_checkpoint_dir: /project/6105494/sunset/VQ-Projects/VQ-Transplant/checkpoint/
data_pre: ImageNet
model_pre: model_256_8_2
loss_pre: loss_1.0_1.0_1.0_0.2
training_pre: wasserstein_vq_transplant_False
saver_name_pre: wasserstein_vq_transplant_False_ImageNet_model_256_8_2_loss_1.0_1.0_1.0_0.2
| distributed init (rank 0): env://
| distributed init (rank 1): env://
making attention of type 'vanilla' with 512 in_channels
making attention of type 'vanilla' with 512 in_channels
making attention of type 'vanilla' with 512 in_channels
Working with z of shape (1, 16, 16, 16) = 4096 dimensions.
making attention of type 'vanilla' with 512 in_channels
making attention of type 'vanilla' with 512 in_channels
making attention of type 'vanilla' with 512 in_channels
making attention of type 'vanilla' with 512 in_channels
VQ Model Parameters: 69609635
dataset name: ImageNet
len train_set: 1281167
len val_set: 50000
Start training...
epoch:1, cur_lr:0.000100
Train Epoch: [1/2] Iters:[10/20018] transplant_loss 13.9628, rec_loss 0.1732, quant_error 2.7242, utilization 0.0567, perplexity 1383.3898,
Train Epoch: [1/2] Iters:[20/20018] transplant_loss 18.6905, rec_loss 0.1462, quant_error 2.4352, utilization 0.0570, perplexity 1405.2427,
Train Epoch: [1/2] Iters:[30/20018] transplant_loss 17.9430, rec_loss 0.1303, quant_error 2.2591, utilization 0.0633, perplexity 1745.8609,
Train Epoch: [1/2] Iters:[40/20018] transplant_loss 17.1291, rec_loss 0.1219, quant_error 2.1379, utilization 0.0697, perplexity 2109.1664,
Train Epoch: [1/2] Iters:[50/20018] transplant_loss 15.8392, rec_loss 0.1148, quant_error 2.0359, utilization 0.0774, perplexity 2596.4967,
Train Epoch: [1/2] Iters:[60/20018] transplant_loss 14.6031, rec_loss 0.0961, quant_error 1.7962, utilization 0.0919, perplexity 3516.0952,
Train Epoch: [1/2] Iters:[70/20018] transplant_loss 11.2582, rec_loss 0.0862, quant_error 1.6390, utilization 0.1093, perplexity 4677.9768,
Train Epoch: [1/2] Iters:[80/20018] transplant_loss 9.2246, rec_loss 0.0815, quant_error 1.5114, utilization 0.1254, perplexity 5810.4154,
Train Epoch: [1/2] Iters:[90/20018] transplant_loss 7.4777, rec_loss 0.0766, quant_error 1.3936, utilization 0.1406, perplexity 6927.1053,
Train Epoch: [1/2] Iters:[100/20018] transplant_loss 6.5062, rec_loss 0.0733, quant_error 1.2909, utilization 0.1532, perplexity 7885.7282,
Train Epoch: [1/2] Iters:[110/20018] transplant_loss 6.0860, rec_loss 0.0718, quant_error 1.2023, utilization 0.1627, perplexity 8628.5557,
Train Epoch: [1/2] Iters:[120/20018] transplant_loss 5.8405, rec_loss 0.0712, quant_error 1.1334, utilization 0.1696, perplexity 9167.7970,
Train Epoch: [1/2] Iters:[130/20018] transplant_loss 5.6049, rec_loss 0.0699, quant_error 1.0747, utilization 0.1748, perplexity 9576.6604,
Train Epoch: [1/2] Iters:[140/20018] transplant_loss 5.3965, rec_loss 0.0672, quant_error 1.0225, utilization 0.1783, perplexity 9813.9692,
Train Epoch: [1/2] Iters:[150/20018] transplant_loss 5.1793, rec_loss 0.0663, quant_error 0.9857, utilization 0.1807, perplexity 9960.5971,
Train Epoch: [1/2] Iters:[160/20018] transplant_loss 4.9824, rec_loss 0.0647, quant_error 0.9520, utilization 0.1822, perplexity 10036.7228,
Train Epoch: [1/2] Iters:[170/20018] transplant_loss 4.8025, rec_loss 0.0642, quant_error 0.9295, utilization 0.1831, perplexity 10068.0962,
Train Epoch: [1/2] Iters:[180/20018] transplant_loss 4.7065, rec_loss 0.0638, quant_error 0.9173, utilization 0.1833, perplexity 10043.9227,
Train Epoch: [1/2] Iters:[190/20018] transplant_loss 4.6259, rec_loss 0.0642, quant_error 0.9089, utilization 0.1832, perplexity 10022.1669,
Train Epoch: [1/2] Iters:[200/20018] transplant_loss 4.5569, rec_loss 0.0639, quant_error 0.8935, utilization 0.1828, perplexity 9975.2237,
Train Epoch: [1/2] Iters:[210/20018] transplant_loss 4.5044, rec_loss 0.0633, quant_error 0.8852, utilization 0.1818, perplexity 9852.6983,
Train Epoch: [1/2] Iters:[220/20018] transplant_loss 4.4803, rec_loss 0.0623, quant_error 0.8765, utilization 0.1806, perplexity 9721.9348,
Train Epoch: [1/2] Iters:[230/20018] transplant_loss 4.4382, rec_loss 0.0611, quant_error 0.8601, utilization 0.1794, perplexity 9587.9107,
Train Epoch: [1/2] Iters:[240/20018] transplant_loss 4.4127, rec_loss 0.0618, quant_error 0.8494, utilization 0.1786, perplexity 9509.0294,
Train Epoch: [1/2] Iters:[250/20018] transplant_loss 4.4059, rec_loss 0.0601, quant_error 0.8409, utilization 0.1775, perplexity 9401.5271,
Train Epoch: [1/2] Iters:[260/20018] transplant_loss 4.3900, rec_loss 0.0596, quant_error 0.8272, utilization 0.1771, perplexity 9373.4426,
Train Epoch: [1/2] Iters:[270/20018] transplant_loss 4.3874, rec_loss 0.0596, quant_error 0.8171, utilization 0.1766, perplexity 9327.2027,
Train Epoch: [1/2] Iters:[280/20018] transplant_loss 4.3700, rec_loss 0.0593, quant_error 0.8096, utilization 0.1765, perplexity 9331.2015,
Train Epoch: [1/2] Iters:[290/20018] transplant_loss 4.3651, rec_loss 0.0581, quant_error 0.8033, utilization 0.1765, perplexity 9325.7104,
Train Epoch: [1/2] Iters:[300/20018] transplant_loss 4.3565, rec_loss 0.0588, quant_error 0.7983, utilization 0.1768, perplexity 9356.6915,
Train Epoch: [1/2] Iters:[310/20018] transplant_loss 4.3367, rec_loss 0.0581, quant_error 0.7905, utilization 0.1773, perplexity 9418.8634,
Train Epoch: [1/2] Iters:[320/20018] transplant_loss 4.2931, rec_loss 0.0581, quant_error 0.7818, utilization 0.1781, perplexity 9518.6643,
Train Epoch: [1/2] Iters:[330/20018] transplant_loss 4.2728, rec_loss 0.0583, quant_error 0.7767, utilization 0.1789, perplexity 9626.5223,
Train Epoch: [1/2] Iters:[340/20018] transplant_loss 4.2452, rec_loss 0.0575, quant_error 0.7683, utilization 0.1794, perplexity 9670.7983,
Train Epoch: [1/2] Iters:[350/20018] transplant_loss 4.2177, rec_loss 0.0566, quant_error 0.7595, utilization 0.1800, perplexity 9754.6579,
Train Epoch: [1/2] Iters:[360/20018] transplant_loss 4.1935, rec_loss 0.0564, quant_error 0.7555, utilization 0.1806, perplexity 9817.9268,
Train Epoch: [1/2] Iters:[370/20018] transplant_loss 4.1786, rec_loss 0.0553, quant_error 0.7505, utilization 0.1812, perplexity 9882.6152,
Train Epoch: [1/2] Iters:[380/20018] transplant_loss 4.1741, rec_loss 0.0562, quant_error 0.7471, utilization 0.1816, perplexity 9930.7354,
Train Epoch: [1/2] Iters:[390/20018] transplant_loss 4.1562, rec_loss 0.0561, quant_error 0.7425, utilization 0.1823, perplexity 10013.6883,
Train Epoch: [1/2] Iters:[400/20018] transplant_loss 4.1460, rec_loss 0.0559, quant_error 0.7406, utilization 0.1828, perplexity 10050.0403,
Train Epoch: [1/2] Iters:[410/20018] transplant_loss 4.1264, rec_loss 0.0553, quant_error 0.7353, utilization 0.1833, perplexity 10110.5464,
Train Epoch: [1/2] Iters:[420/20018] transplant_loss 4.1182, rec_loss 0.0548, quant_error 0.7308, utilization 0.1836, perplexity 10158.3554,
Train Epoch: [1/2] Iters:[430/20018] transplant_loss 4.0776, rec_loss 0.0525, quant_error 0.7247, utilization 0.1838, perplexity 10174.5892,
Train Epoch: [1/2] Iters:[440/20018] transplant_loss 4.0769, rec_loss 0.0530, quant_error 0.7253, utilization 0.1842, perplexity 10212.6412,
Train Epoch: [1/2] Iters:[450/20018] transplant_loss 4.0444, rec_loss 0.0527, quant_error 0.7203, utilization 0.1848, perplexity 10281.7364,
Train Epoch: [1/2] Iters:[460/20018] transplant_loss 4.0241, rec_loss 0.0526, quant_error 0.7167, utilization 0.1850, perplexity 10286.0737,
Train Epoch: [1/2] Iters:[470/20018] transplant_loss 4.0135, rec_loss 0.0524, quant_error 0.7123, utilization 0.1857, perplexity 10335.0575,
Train Epoch: [1/2] Iters:[480/20018] transplant_loss 4.0043, rec_loss 0.0524, quant_error 0.7078, utilization 0.1864, perplexity 10408.9794,
Train Epoch: [1/2] Iters:[490/20018] transplant_loss 3.9637, rec_loss 0.0509, quant_error 0.6982, utilization 0.1865, perplexity 10401.3014,
Train Epoch: [1/2] Iters:[500/20018] transplant_loss 3.9609, rec_loss 0.0512, quant_error 0.6960, utilization 0.1865, perplexity 10385.2044,
Train Epoch: [1/2] Iters:[510/20018] transplant_loss 3.9744, rec_loss 0.0520, quant_error 0.6996, utilization 0.1869, perplexity 10433.1189,
Train Epoch: [1/2] Iters:[520/20018] transplant_loss 3.9467, rec_loss 0.0519, quant_error 0.6950, utilization 0.1870, perplexity 10431.2564,
Train Epoch: [1/2] Iters:[530/20018] transplant_loss 3.9280, rec_loss 0.0521, quant_error 0.6918, utilization 0.1872, perplexity 10448.8618,
Train Epoch: [1/2] Iters:[540/20018] transplant_loss 3.9159, rec_loss 0.0528, quant_error 0.6909, utilization 0.1877, perplexity 10513.6725,
Train Epoch: [1/2] Iters:[550/20018] transplant_loss 3.8823, rec_loss 0.0523, quant_error 0.6849, utilization 0.1881, perplexity 10562.5672,
Train Epoch: [1/2] Iters:[560/20018] transplant_loss 3.8538, rec_loss 0.0514, quant_error 0.6768, utilization 0.1884, perplexity 10589.8618,
Train Epoch: [1/2] Iters:[570/20018] transplant_loss 3.8266, rec_loss 0.0516, quant_error 0.6760, utilization 0.1889, perplexity 10622.9060,
Train Epoch: [1/2] Iters:[580/20018] transplant_loss 3.8273, rec_loss 0.0512, quant_error 0.6779, utilization 0.1889, perplexity 10598.2262,
Train Epoch: [1/2] Iters:[590/20018] transplant_loss 3.8208, rec_loss 0.0517, quant_error 0.6768, utilization 0.1890, perplexity 10599.3069,
Train Epoch: [1/2] Iters:[600/20018] transplant_loss 3.8279, rec_loss 0.0514, quant_error 0.6773, utilization 0.1897, perplexity 10672.4326,
Train Epoch: [1/2] Iters:[610/20018] transplant_loss 3.8295, rec_loss 0.0517, quant_error 0.6766, utilization 0.1899, perplexity 10687.5291,
Train Epoch: [1/2] Iters:[620/20018] transplant_loss 3.8345, rec_loss 0.0515, quant_error 0.6740, utilization 0.1902, perplexity 10729.4714,
Train Epoch: [1/2] Iters:[630/20018] transplant_loss 3.8198, rec_loss 0.0509, quant_error 0.6696, utilization 0.1904, perplexity 10754.5457,
Train Epoch: [1/2] Iters:[640/20018] transplant_loss 3.8059, rec_loss 0.0495, quant_error 0.6651, utilization 0.1908, perplexity 10824.2327,
Train Epoch: [1/2] Iters:[650/20018] transplant_loss 3.8094, rec_loss 0.0495, quant_error 0.6626, utilization 0.1910, perplexity 10850.2853,
Train Epoch: [1/2] Iters:[660/20018] transplant_loss 3.7871, rec_loss 0.0488, quant_error 0.6575, utilization 0.1912, perplexity 10867.6154,
Train Epoch: [1/2] Iters:[670/20018] transplant_loss 3.7814, rec_loss 0.0488, quant_error 0.6588, utilization 0.1915, perplexity 10921.4603,
Train Epoch: [1/2] Iters:[680/20018] transplant_loss 3.7830, rec_loss 0.0487, quant_error 0.6573, utilization 0.1919, perplexity 10955.7619,
Train Epoch: [1/2] Iters:[690/20018] transplant_loss 3.7760, rec_loss 0.0489, quant_error 0.6535, utilization 0.1921, perplexity 10958.0821,
Train Epoch: [1/2] Iters:[700/20018] transplant_loss 3.7643, rec_loss 0.0496, quant_error 0.6552, utilization 0.1922, perplexity 10934.4959,
Train Epoch: [1/2] Iters:[710/20018] transplant_loss 3.7595, rec_loss 0.0497, quant_error 0.6555, utilization 0.1924, perplexity 10938.3625,
Train Epoch: [1/2] Iters:[720/20018] transplant_loss 3.7444, rec_loss 0.0497, quant_error 0.6500, utilization 0.1924, perplexity 10917.6923,
Train Epoch: [1/2] Iters:[730/20018] transplant_loss 3.7266, rec_loss 0.0500, quant_error 0.6456, utilization 0.1927, perplexity 10945.0958,
Train Epoch: [1/2] Iters:[740/20018] transplant_loss 3.7280, rec_loss 0.0507, quant_error 0.6474, utilization 0.1927, perplexity 10928.2229,
Train Epoch: [1/2] Iters:[750/20018] transplant_loss 3.7110, rec_loss 0.0497, quant_error 0.6434, utilization 0.1927, perplexity 10929.9695,
Train Epoch: [1/2] Iters:[760/20018] transplant_loss 3.7198, rec_loss 0.0493, quant_error 0.6410, utilization 0.1931, perplexity 10987.9342,
Train Epoch: [1/2] Iters:[770/20018] transplant_loss 3.7134, rec_loss 0.0491, quant_error 0.6423, utilization 0.1930, perplexity 10957.0865,
Train Epoch: [1/2] Iters:[780/20018] transplant_loss 3.7135, rec_loss 0.0485, quant_error 0.6430, utilization 0.1931, perplexity 10972.3254,
Train Epoch: [1/2] Iters:[790/20018] transplant_loss 3.7157, rec_loss 0.0487, quant_error 0.6460, utilization 0.1932, perplexity 11008.2517,
Train Epoch: [1/2] Iters:[800/20018] transplant_loss 3.7249, rec_loss 0.0491, quant_error 0.6442, utilization 0.1933, perplexity 11017.9981,
Train Epoch: [1/2] Iters:[810/20018] transplant_loss 3.7210, rec_loss 0.0494, quant_error 0.6451, utilization 0.1934, perplexity 11042.0787,
Train Epoch: [1/2] Iters:[820/20018] transplant_loss 3.7422, rec_loss 0.0490, quant_error 0.6450, utilization 0.1937, perplexity 11082.4521,
Train Epoch: [1/2] Iters:[830/20018] transplant_loss 3.7515, rec_loss 0.0496, quant_error 0.6461, utilization 0.1940, perplexity 11095.3498,
Train Epoch: [1/2] Iters:[840/20018] transplant_loss 3.7439, rec_loss 0.0486, quant_error 0.6419, utilization 0.1944, perplexity 11164.3812,
Train Epoch: [1/2] Iters:[850/20018] transplant_loss 3.7284, rec_loss 0.0479, quant_error 0.6407, utilization 0.1946, perplexity 11159.2745,
Train Epoch: [1/2] Iters:[860/20018] transplant_loss 3.7082, rec_loss 0.0483, quant_error 0.6372, utilization 0.1947, perplexity 11132.2760,
Train Epoch: [1/2] Iters:[870/20018] transplant_loss 3.6933, rec_loss 0.0489, quant_error 0.6356, utilization 0.1946, perplexity 11113.9928,
Train Epoch: [1/2] Iters:[880/20018] transplant_loss 3.6808, rec_loss 0.0484, quant_error 0.6327, utilization 0.1947, perplexity 11126.5554,
Train Epoch: [1/2] Iters:[890/20018] transplant_loss 3.6795, rec_loss 0.0480, quant_error 0.6309, utilization 0.1946, perplexity 11101.0827,
Train Epoch: [1/2] Iters:[900/20018] transplant_loss 3.6900, rec_loss 0.0489, quant_error 0.6324, utilization 0.1949, perplexity 11156.8042,
Train Epoch: [1/2] Iters:[910/20018] transplant_loss 3.7101, rec_loss 0.0492, quant_error 0.6362, utilization 0.1952, perplexity 11196.3005,
Train Epoch: [1/2] Iters:[920/20018] transplant_loss 3.7059, rec_loss 0.0487, quant_error 0.6358, utilization 0.1952, perplexity 11186.3358,
Train Epoch: [1/2] Iters:[930/20018] transplant_loss 3.6991, rec_loss 0.0489, quant_error 0.6341, utilization 0.1953, perplexity 11175.6595,
Train Epoch: [1/2] Iters:[940/20018] transplant_loss 3.6785, rec_loss 0.0485, quant_error 0.6322, utilization 0.1953, perplexity 11156.2910,
Train Epoch: [1/2] Iters:[950/20018] transplant_loss 3.6911, rec_loss 0.0486, quant_error 0.6322, utilization 0.1954, perplexity 11178.0575,
Train Epoch: [1/2] Iters:[960/20018] transplant_loss 3.6777, rec_loss 0.0481, quant_error 0.6287, utilization 0.1955, perplexity 11200.9097,
Train Epoch: [1/2] Iters:[970/20018] transplant_loss 3.6593, rec_loss 0.0481, quant_error 0.6252, utilization 0.1957, perplexity 11268.0328,
Train Epoch: [1/2] Iters:[980/20018] transplant_loss 3.6475, rec_loss 0.0478, quant_error 0.6220, utilization 0.1959, perplexity 11308.4113,
Train Epoch: [1/2] Iters:[990/20018] transplant_loss 3.6418, rec_loss 0.0478, quant_error 0.6195, utilization 0.1960, perplexity 11323.3723,
Train Epoch: [1/2] Iters:[1000/20018] transplant_loss 3.6229, rec_loss 0.0477, quant_error 0.6169, utilization 0.1963, perplexity 11326.9526,
Train Epoch: [1/2] Iters:[1010/20018] transplant_loss 3.6118, rec_loss 0.0470, quant_error 0.6150, utilization 0.1961, perplexity 11286.1253,
Train Epoch: [1/2] Iters:[1020/20018] transplant_loss 3.6152, rec_loss 0.0469, quant_error 0.6146, utilization 0.1962, perplexity 11282.5112,
Train Epoch: [1/2] Iters:[1030/20018] transplant_loss 3.6284, rec_loss 0.0470, quant_error 0.6154, utilization 0.1964, perplexity 11293.9742,
Train Epoch: [1/2] Iters:[1040/20018] transplant_loss 3.6324, rec_loss 0.0481, quant_error 0.6169, utilization 0.1968, perplexity 11348.9505,
Train Epoch: [1/2] Iters:[1050/20018] transplant_loss 3.6514, rec_loss 0.0478, quant_error 0.6191, utilization 0.1967, perplexity 11359.6572,
Train Epoch: [1/2] Iters:[1060/20018] transplant_loss 3.6430, rec_loss 0.0477, quant_error 0.6184, utilization 0.1970, perplexity 11407.8610,
Train Epoch: [1/2] Iters:[1070/20018] transplant_loss 3.6631, rec_loss 0.0471, quant_error 0.6188, utilization 0.1973, perplexity 11444.8279,
Train Epoch: [1/2] Iters:[1080/20018] transplant_loss 3.6619, rec_loss 0.0472, quant_error 0.6187, utilization 0.1974, perplexity 11460.4508,
Train Epoch: [1/2] Iters:[1090/20018] transplant_loss 3.6597, rec_loss 0.0464, quant_error 0.6167, utilization 0.1970, perplexity 11407.0721,
Train Epoch: [1/2] Iters:[1100/20018] transplant_loss 3.6301, rec_loss 0.0462, quant_error 0.6114, utilization 0.1972, perplexity 11407.2665,
Train Epoch: [1/2] Iters:[1110/20018] transplant_loss 3.6263, rec_loss 0.0460, quant_error 0.6116, utilization 0.1974, perplexity 11429.7126,
Train Epoch: [1/2] Iters:[1120/20018] transplant_loss 3.6143, rec_loss 0.0475, quant_error 0.6120, utilization 0.1976, perplexity 11440.9965,
Train Epoch: [1/2] Iters:[1130/20018] transplant_loss 3.6169, rec_loss 0.0472, quant_error 0.6158, utilization 0.1975, perplexity 11435.2227,
Train Epoch: [1/2] Iters:[1140/20018] transplant_loss 3.6323, rec_loss 0.0483, quant_error 0.6187, utilization 0.1981, perplexity 11476.1391,
Train Epoch: [1/2] Iters:[1150/20018] transplant_loss 3.6377, rec_loss 0.0481, quant_error 0.6200, utilization 0.1983, perplexity 11517.8273,
Train Epoch: [1/2] Iters:[1160/20018] transplant_loss 3.6557, rec_loss 0.0497, quant_error 0.6218, utilization 0.1980, perplexity 11478.8867,
Train Epoch: [1/2] Iters:[1170/20018] transplant_loss 3.6419, rec_loss 0.0483, quant_error 0.6193, utilization 0.1980, perplexity 11485.8885,
Train Epoch: [1/2] Iters:[1180/20018] transplant_loss 3.6331, rec_loss 0.0482, quant_error 0.6161, utilization 0.1978, perplexity 11430.4480,
Train Epoch: [1/2] Iters:[1190/20018] transplant_loss 3.6209, rec_loss 0.0478, quant_error 0.6129, utilization 0.1978, perplexity 11452.6985,
Train Epoch: [1/2] Iters:[1200/20018] transplant_loss 3.6077, rec_loss 0.0480, quant_error 0.6099, utilization 0.1978, perplexity 11446.6589,
Train Epoch: [1/2] Iters:[1210/20018] transplant_loss 3.5981, rec_loss 0.0469, quant_error 0.6080, utilization 0.1982, perplexity 11490.3553,
Train Epoch: [1/2] Iters:[1220/20018] transplant_loss 3.6074, rec_loss 0.0474, quant_error 0.6092, utilization 0.1978, perplexity 11430.5301,
Train Epoch: [1/2] Iters:[1230/20018] transplant_loss 3.6075, rec_loss 0.0486, quant_error 0.6081, utilization 0.1982, perplexity 11491.4308,
Train Epoch: [1/2] Iters:[1240/20018] transplant_loss 3.6153, rec_loss 0.0485, quant_error 0.6093, utilization 0.1981, perplexity 11485.0758,
Train Epoch: [1/2] Iters:[1250/20018] transplant_loss 3.6142, rec_loss 0.0485, quant_error 0.6110, utilization 0.1981, perplexity 11466.3079,
Train Epoch: [1/2] Iters:[1260/20018] transplant_loss 3.6110, rec_loss 0.0488, quant_error 0.6091, utilization 0.1979, perplexity 11429.1237,
Train Epoch: [1/2] Iters:[1270/20018] transplant_loss 3.6126, rec_loss 0.0492, quant_error 0.6084, utilization 0.1981, perplexity 11446.4758,
Train Epoch: [1/2] Iters:[1280/20018] transplant_loss 3.6246, rec_loss 0.0483, quant_error 0.6098, utilization 0.1982, perplexity 11457.4059,
Train Epoch: [1/2] Iters:[1290/20018] transplant_loss 3.6149, rec_loss 0.0482, quant_error 0.6086, utilization 0.1985, perplexity 11484.8162,
Train Epoch: [1/2] Iters:[1300/20018] transplant_loss 3.6189, rec_loss 0.0482, quant_error 0.6083, utilization 0.1985, perplexity 11483.5475,
Train Epoch: [1/2] Iters:[1310/20018] transplant_loss 3.6123, rec_loss 0.0484, quant_error 0.6071, utilization 0.1987, perplexity 11516.9271,
Train Epoch: [1/2] Iters:[1320/20018] transplant_loss 3.6319, rec_loss 0.0483, quant_error 0.6103, utilization 0.1992, perplexity 11588.8005,
Train Epoch: [1/2] Iters:[1330/20018] transplant_loss 3.6098, rec_loss 0.0478, quant_error 0.6074, utilization 0.1991, perplexity 11577.2646,
Train Epoch: [1/2] Iters:[1340/20018] transplant_loss 3.6272, rec_loss 0.0474, quant_error 0.6089, utilization 0.1990, perplexity 11561.4936,
Train Epoch: [1/2] Iters:[1350/20018] transplant_loss 3.6320, rec_loss 0.0476, quant_error 0.6097, utilization 0.1989, perplexity 11559.3465,
Train Epoch: [1/2] Iters:[1360/20018] transplant_loss 3.6291, rec_loss 0.0466, quant_error 0.6066, utilization 0.1987, perplexity 11534.0217,
Train Epoch: [1/2] Iters:[1370/20018] transplant_loss 3.6014, rec_loss 0.0468, quant_error 0.6039, utilization 0.1984, perplexity 11505.9251,
Train Epoch: [1/2] Iters:[1380/20018] transplant_loss 3.6099, rec_loss 0.0467, quant_error 0.6049, utilization 0.1985, perplexity 11506.3190,
Train Epoch: [1/2] Iters:[1390/20018] transplant_loss 3.5925, rec_loss 0.0465, quant_error 0.6034, utilization 0.1985, perplexity 11528.6189,
Train Epoch: [1/2] Iters:[1400/20018] transplant_loss 3.5980, rec_loss 0.0471, quant_error 0.6029, utilization 0.1986, perplexity 11523.4303,
Train Epoch: [1/2] Iters:[1410/20018] transplant_loss 3.6262, rec_loss 0.0479, quant_error 0.6087, utilization 0.1991, perplexity 11590.7644,
Train Epoch: [1/2] Iters:[1420/20018] transplant_loss 3.6356, rec_loss 0.0476, quant_error 0.6080, utilization 0.1991, perplexity 11579.1127,
Train Epoch: [1/2] Iters:[1430/20018] transplant_loss 3.6312, rec_loss 0.0476, quant_error 0.6041, utilization 0.1993, perplexity 11588.6629,
Train Epoch: [1/2] Iters:[1440/20018] transplant_loss 3.6341, rec_loss 0.0476, quant_error 0.6045, utilization 0.1992, perplexity 11565.8830,
Train Epoch: [1/2] Iters:[1450/20018] transplant_loss 3.6248, rec_loss 0.0465, quant_error 0.6032, utilization 0.1995, perplexity 11609.0083,
Train Epoch: [1/2] Iters:[1460/20018] transplant_loss 3.6165, rec_loss 0.0459, quant_error 0.6020, utilization 0.1994, perplexity 11604.4857,
Train Epoch: [1/2] Iters:[1470/20018] transplant_loss 3.6062, rec_loss 0.0460, quant_error 0.6017, utilization 0.1994, perplexity 11561.9059,
Train Epoch: [1/2] Iters:[1480/20018] transplant_loss 3.6082, rec_loss 0.0462, quant_error 0.6041, utilization 0.1992, perplexity 11558.9638,
Train Epoch: [1/2] Iters:[1490/20018] transplant_loss 3.6125, rec_loss 0.0467, quant_error 0.6059, utilization 0.1994, perplexity 11569.5525,
Train Epoch: [1/2] Iters:[1500/20018] transplant_loss 3.6135, rec_loss 0.0466, quant_error 0.6058, utilization 0.1992, perplexity 11531.5818,
Train Epoch: [1/2] Iters:[1510/20018] transplant_loss 3.6184, rec_loss 0.0476, quant_error 0.6070, utilization 0.1990, perplexity 11494.4944,
Train Epoch: [1/2] Iters:[1520/20018] transplant_loss 3.6200, rec_loss 0.0474, quant_error 0.6043, utilization 0.1994, perplexity 11566.8107,
Train Epoch: [1/2] Iters:[1530/20018] transplant_loss 3.6125, rec_loss 0.0475, quant_error 0.6046, utilization 0.1995, perplexity 11589.0334,
Train Epoch: [1/2] Iters:[1540/20018] transplant_loss 3.6007, rec_loss 0.0475, quant_error 0.6000, utilization 0.1996, perplexity 11602.3034,
Train Epoch: [1/2] Iters:[1550/20018] transplant_loss 3.5879, rec_loss 0.0480, quant_error 0.5985, utilization 0.2000, perplexity 11662.1727,
Train Epoch: [1/2] Iters:[1560/20018] transplant_loss 3.5614, rec_loss 0.0469, quant_error 0.5943, utilization 0.2003, perplexity 11703.8131,
Train Epoch: [1/2] Iters:[1570/20018] transplant_loss 3.5566, rec_loss 0.0467, quant_error 0.5930, utilization 0.2002, perplexity 11694.1908,
Train Epoch: [1/2] Iters:[1580/20018] transplant_loss 3.5632, rec_loss 0.0464, quant_error 0.5914, utilization 0.2001, perplexity 11691.3033,
Train Epoch: [1/2] Iters:[1590/20018] transplant_loss 3.5609, rec_loss 0.0463, quant_error 0.5914, utilization 0.2000, perplexity 11642.7829,
Train Epoch: [1/2] Iters:[1600/20018] transplant_loss 3.5721, rec_loss 0.0459, quant_error 0.5906, utilization 0.2000, perplexity 11628.5296,
Train Epoch: [1/2] Iters:[1610/20018] transplant_loss 3.5677, rec_loss 0.0464, quant_error 0.5904, utilization 0.1997, perplexity 11581.1000,
Train Epoch: [1/2] Iters:[1620/20018] transplant_loss 3.5709, rec_loss 0.0469, quant_error 0.5914, utilization 0.1998, perplexity 11585.5389,
Train Epoch: [1/2] Iters:[1630/20018] transplant_loss 3.5631, rec_loss 0.0468, quant_error 0.5910, utilization 0.2002, perplexity 11627.1747,
Train Epoch: [1/2] Iters:[1640/20018] transplant_loss 3.5692, rec_loss 0.0462, quant_error 0.5898, utilization 0.2002, perplexity 11665.6914,
Train Epoch: [1/2] Iters:[1650/20018] transplant_loss 3.5482, rec_loss 0.0462, quant_error 0.5904, utilization 0.2002, perplexity 11661.6912,
Train Epoch: [1/2] Iters:[1660/20018] transplant_loss 3.5639, rec_loss 0.0454, quant_error 0.5878, utilization 0.2001, perplexity 11658.5912,
Train Epoch: [1/2] Iters:[1670/20018] transplant_loss 3.5680, rec_loss 0.0452, quant_error 0.5895, utilization 0.2003, perplexity 11678.4127,
Train Epoch: [1/2] Iters:[1680/20018] transplant_loss 3.5697, rec_loss 0.0460, quant_error 0.5900, utilization 0.2000, perplexity 11622.7743,
Train Epoch: [1/2] Iters:[1690/20018] transplant_loss 3.5690, rec_loss 0.0464, quant_error 0.5921, utilization 0.2002, perplexity 11649.8863,
Train Epoch: [1/2] Iters:[1700/20018] transplant_loss 3.5863, rec_loss 0.0465, quant_error 0.5920, utilization 0.2002, perplexity 11652.6162,
Train Epoch: [1/2] Iters:[1710/20018] transplant_loss 3.5711, rec_loss 0.0470, quant_error 0.5931, utilization 0.2005, perplexity 11698.3791,
Train Epoch: [1/2] Iters:[1720/20018] transplant_loss 3.5557, rec_loss 0.0465, quant_error 0.5906, utilization 0.2007, perplexity 11740.4289,
Train Epoch: [1/2] Iters:[1730/20018] transplant_loss 3.5597, rec_loss 0.0462, quant_error 0.5909, utilization 0.2011, perplexity 11782.9030,
Train Epoch: [1/2] Iters:[1740/20018] transplant_loss 3.5574, rec_loss 0.0465, quant_error 0.5901, utilization 0.2012, perplexity 11816.8196,
Train Epoch: [1/2] Iters:[1750/20018] transplant_loss 3.5540, rec_loss 0.0467, quant_error 0.5895, utilization 0.2011, perplexity 11779.7810,
Train Epoch: [1/2] Iters:[1760/20018] transplant_loss 3.5657, rec_loss 0.0459, quant_error 0.5903, utilization 0.2010, perplexity 11782.4770,
Train Epoch: [1/2] Iters:[1770/20018] transplant_loss 3.5770, rec_loss 0.0465, quant_error 0.5914, utilization 0.2011, perplexity 11765.9255,
Train Epoch: [1/2] Iters:[1780/20018] transplant_loss 3.5710, rec_loss 0.0461, quant_error 0.5900, utilization 0.2009, perplexity 11751.6953,
Train Epoch: [1/2] Iters:[1790/20018] transplant_loss 3.5709, rec_loss 0.0459, quant_error 0.5892, utilization 0.2008, perplexity 11711.7592,
Train Epoch: [1/2] Iters:[1800/20018] transplant_loss 3.5794, rec_loss 0.0454, quant_error 0.5894, utilization 0.2012, perplexity 11783.3892,
Train Epoch: [1/2] Iters:[1810/20018] transplant_loss 3.5763, rec_loss 0.0464, quant_error 0.5899, utilization 0.2014, perplexity 11776.7019,
Train Epoch: [1/2] Iters:[1820/20018] transplant_loss 3.5616, rec_loss 0.0452, quant_error 0.5875, utilization 0.2010, perplexity 11734.6932,
Train Epoch: [1/2] Iters:[1830/20018] transplant_loss 3.5610, rec_loss 0.0459, quant_error 0.5873, utilization 0.2014, perplexity 11779.9733,
Train Epoch: [1/2] Iters:[1840/20018] transplant_loss 3.5599, rec_loss 0.0463, quant_error 0.5863, utilization 0.2015, perplexity 11787.6998,
Train Epoch: [1/2] Iters:[1850/20018] transplant_loss 3.5443, rec_loss 0.0471, quant_error 0.5873, utilization 0.2012, perplexity 11701.1057,
Train Epoch: [1/2] Iters:[1860/20018] transplant_loss 3.5231, rec_loss 0.0463, quant_error 0.5858, utilization 0.2012, perplexity 11715.6486,
Train Epoch: [1/2] Iters:[1870/20018] transplant_loss 3.5440, rec_loss 0.0479, quant_error 0.5883, utilization 0.2015, perplexity 11746.3916,
Train Epoch: [1/2] Iters:[1880/20018] transplant_loss 3.5463, rec_loss 0.0478, quant_error 0.5891, utilization 0.2012, perplexity 11709.4982,
Train Epoch: [1/2] Iters:[1890/20018] transplant_loss 3.5418, rec_loss 0.0470, quant_error 0.5902, utilization 0.2011, perplexity 11706.7226,
Train Epoch: [1/2] Iters:[1900/20018] transplant_loss 3.5401, rec_loss 0.0465, quant_error 0.5888, utilization 0.2013, perplexity 11771.5813,
Train Epoch: [1/2] Iters:[1910/20018] transplant_loss 3.5686, rec_loss 0.0469, quant_error 0.5912, utilization 0.2014, perplexity 11783.6133,
Train Epoch: [1/2] Iters:[1920/20018] transplant_loss 3.5420, rec_loss 0.0462, quant_error 0.5869, utilization 0.2012, perplexity 11741.5148,
Train Epoch: [1/2] Iters:[1930/20018] transplant_loss 3.5453, rec_loss 0.0459, quant_error 0.5846, utilization 0.2014, perplexity 11785.2732,
Train Epoch: [1/2] Iters:[1940/20018] transplant_loss 3.5383, rec_loss 0.0462, quant_error 0.5829, utilization 0.2015, perplexity 11782.5342,
Train Epoch: [1/2] Iters:[1950/20018] transplant_loss 3.5444, rec_loss 0.0458, quant_error 0.5828, utilization 0.2013, perplexity 11753.3709,
Train Epoch: [1/2] Iters:[1960/20018] transplant_loss 3.5364, rec_loss 0.0460, quant_error 0.5823, utilization 0.2016, perplexity 11785.6402,
Train Epoch: [1/2] Iters:[1970/20018] transplant_loss 3.5496, rec_loss 0.0462, quant_error 0.5851, utilization 0.2021, perplexity 11851.0897,
Train Epoch: [1/2] Iters:[1980/20018] transplant_loss 3.5428, rec_loss 0.0467, quant_error 0.5857, utilization 0.2019, perplexity 11816.9707,
Train Epoch: [1/2] Iters:[1990/20018] transplant_loss 3.5666, rec_loss 0.0470, quant_error 0.5887, utilization 0.2020, perplexity 11840.0114,
Train Epoch: [1/2] Iters:[2000/20018] transplant_loss 3.5709, rec_loss 0.0479, quant_error 0.5905, utilization 0.2021, perplexity 11866.6490,
Train Epoch: [1/2] Iters:[2010/20018] transplant_loss 3.5634, rec_loss 0.0481, quant_error 0.5890, utilization 0.2017, perplexity 11818.4090,
Train Epoch: [1/2] Iters:[2020/20018] transplant_loss 3.5673, rec_loss 0.0478, quant_error 0.5882, utilization 0.2013, perplexity 11775.5601,
Train Epoch: [1/2] Iters:[2030/20018] transplant_loss 3.5541, rec_loss 0.0474, quant_error 0.5891, utilization 0.2014, perplexity 11812.2734,
Train Epoch: [1/2] Iters:[2040/20018] transplant_loss 3.5311, rec_loss 0.0464, quant_error 0.5849, utilization 0.2010, perplexity 11738.3136,
Train Epoch: [1/2] Iters:[2050/20018] transplant_loss 3.5431, rec_loss 0.0465, quant_error 0.5838, utilization 0.2015, perplexity 11804.2729,
Train Epoch: [1/2] Iters:[2060/20018] transplant_loss 3.5370, rec_loss 0.0455, quant_error 0.5822, utilization 0.2015, perplexity 11785.2504,
Train Epoch: [1/2] Iters:[2070/20018] transplant_loss 3.5212, rec_loss 0.0453, quant_error 0.5808, utilization 0.2016, perplexity 11807.2185,
Train Epoch: [1/2] Iters:[2080/20018] transplant_loss 3.5420, rec_loss 0.0456, quant_error 0.5826, utilization 0.2016, perplexity 11787.2506,
Train Epoch: [1/2] Iters:[2090/20018] transplant_loss 3.5418, rec_loss 0.0467, quant_error 0.5828, utilization 0.2020, perplexity 11860.8917,
Train Epoch: [1/2] Iters:[2100/20018] transplant_loss 3.5132, rec_loss 0.0465, quant_error 0.5813, utilization 0.2014, perplexity 11773.7009,
Train Epoch: [1/2] Iters:[2110/20018] transplant_loss 3.5270, rec_loss 0.0476, quant_error 0.5831, utilization 0.2016, perplexity 11781.7761,
Train Epoch: [1/2] Iters:[2120/20018] transplant_loss 3.5307, rec_loss 0.0480, quant_error 0.5837, utilization 0.2017, perplexity 11793.9796,
Train Epoch: [1/2] Iters:[2130/20018] transplant_loss 3.5188, rec_loss 0.0474, quant_error 0.5804, utilization 0.2017, perplexity 11803.6596,
Train Epoch: [1/2] Iters:[2140/20018] transplant_loss 3.5387, rec_loss 0.0472, quant_error 0.5830, utilization 0.2018, perplexity 11818.2705,
Train Epoch: [1/2] Iters:[2150/20018] transplant_loss 3.5445, rec_loss 0.0467, quant_error 0.5824, utilization 0.2017, perplexity 11810.3589,
Train Epoch: [1/2] Iters:[2160/20018] transplant_loss 3.5472, rec_loss 0.0465, quant_error 0.5841, utilization 0.2018, perplexity 11847.1903,
Train Epoch: [1/2] Iters:[2170/20018] transplant_loss 3.5533, rec_loss 0.0463, quant_error 0.5857, utilization 0.2019, perplexity 11852.6421,
Train Epoch: [1/2] Iters:[2180/20018] transplant_loss 3.5626, rec_loss 0.0468, quant_error 0.5887, utilization 0.2019, perplexity 11853.6758,
Train Epoch: [1/2] Iters:[2190/20018] transplant_loss 3.5556, rec_loss 0.0464, quant_error 0.5884, utilization 0.2017, perplexity 11827.5683,
Train Epoch: [1/2] Iters:[2200/20018] transplant_loss 3.5758, rec_loss 0.0466, quant_error 0.5901, utilization 0.2021, perplexity 11861.9833,
Train Epoch: [1/2] Iters:[2210/20018] transplant_loss 3.5612, rec_loss 0.0456, quant_error 0.5862, utilization 0.2021, perplexity 11855.4224,
Train Epoch: [1/2] Iters:[2220/20018] transplant_loss 3.5598, rec_loss 0.0452, quant_error 0.5863, utilization 0.2018, perplexity 11826.4832,
Train Epoch: [1/2] Iters:[2230/20018] transplant_loss 3.5488, rec_loss 0.0445, quant_error 0.5816, utilization 0.2019, perplexity 11827.0166,
Train Epoch: [1/2] Iters:[2240/20018] transplant_loss 3.5372, rec_loss 0.0451, quant_error 0.5781, utilization 0.2021, perplexity 11820.4482,
Train Epoch: [1/2] Iters:[2250/20018] transplant_loss 3.5283, rec_loss 0.0445, quant_error 0.5759, utilization 0.2022, perplexity 11841.8337,
Train Epoch: [1/2] Iters:[2260/20018] transplant_loss 3.5354, rec_loss 0.0456, quant_error 0.5764, utilization 0.2022, perplexity 11849.8625,
Train Epoch: [1/2] Iters:[2270/20018] transplant_loss 3.5414, rec_loss 0.0456, quant_error 0.5748, utilization 0.2024, perplexity 11878.2225,
Train Epoch: [1/2] Iters:[2280/20018] transplant_loss 3.5547, rec_loss 0.0459, quant_error 0.5765, utilization 0.2024, perplexity 11894.7417,
Train Epoch: [1/2] Iters:[2290/20018] transplant_loss 3.5510, rec_loss 0.0453, quant_error 0.5777, utilization 0.2022, perplexity 11909.5793,
Train Epoch: [1/2] Iters:[2300/20018] transplant_loss 3.5395, rec_loss 0.0455, quant_error 0.5786, utilization 0.2020, perplexity 11885.9171,
Train Epoch: [1/2] Iters:[2310/20018] transplant_loss 3.5399, rec_loss 0.0445, quant_error 0.5790, utilization 0.2019, perplexity 11853.2485,
Train Epoch: [1/2] Iters:[2320/20018] transplant_loss 3.5253, rec_loss 0.0445, quant_error 0.5786, utilization 0.2016, perplexity 11812.7117,
Train Epoch: [1/2] Iters:[2330/20018] transplant_loss 3.5099, rec_loss 0.0443, quant_error 0.5775, utilization 0.2013, perplexity 11757.5291,
Train Epoch: [1/2] Iters:[2340/20018] transplant_loss 3.4980, rec_loss 0.0439, quant_error 0.5750, utilization 0.2012, perplexity 11720.3997,
Train Epoch: [1/2] Iters:[2350/20018] transplant_loss 3.4888, rec_loss 0.0440, quant_error 0.5727, utilization 0.2015, perplexity 11756.9285,
Train Epoch: [1/2] Iters:[2360/20018] transplant_loss 3.4771, rec_loss 0.0450, quant_error 0.5718, utilization 0.2015, perplexity 11747.5594,
Train Epoch: [1/2] Iters:[2370/20018] transplant_loss 3.4802, rec_loss 0.0458, quant_error 0.5718, utilization 0.2018, perplexity 11787.5136,
Train Epoch: [1/2] Iters:[2380/20018] transplant_loss 3.4678, rec_loss 0.0460, quant_error 0.5708, utilization 0.2018, perplexity 11770.1317,
Train Epoch: [1/2] Iters:[2390/20018] transplant_loss 3.4692, rec_loss 0.0466, quant_error 0.5728, utilization 0.2019, perplexity 11764.4169,
Train Epoch: [1/2] Iters:[2400/20018] transplant_loss 3.4600, rec_loss 0.0459, quant_error 0.5729, utilization 0.2013, perplexity 11678.5646,
Train Epoch: [1/2] Iters:[2410/20018] transplant_loss 3.4731, rec_loss 0.0453, quant_error 0.5724, utilization 0.2016, perplexity 11718.8554,
Train Epoch: [1/2] Iters:[2420/20018] transplant_loss 3.4935, rec_loss 0.0450, quant_error 0.5757, utilization 0.2019, perplexity 11758.9223,
Train Epoch: [1/2] Iters:[2430/20018] transplant_loss 3.5083, rec_loss 0.0453, quant_error 0.5761, utilization 0.2018, perplexity 11728.1036,
Train Epoch: [1/2] Iters:[2440/20018] transplant_loss 3.5124, rec_loss 0.0451, quant_error 0.5763, utilization 0.2019, perplexity 11769.4290,
Train Epoch: [1/2] Iters:[2450/20018] transplant_loss 3.5553, rec_loss 0.0456, quant_error 0.5800, utilization 0.2022, perplexity 11808.5292,
Train Epoch: [1/2] Iters:[2460/20018] transplant_loss 3.5386, rec_loss 0.0459, quant_error 0.5799, utilization 0.2022, perplexity 11796.2001,
Train Epoch: [1/2] Iters:[2470/20018] transplant_loss 3.5102, rec_loss 0.0456, quant_error 0.5752, utilization 0.2018, perplexity 11728.8869,
Train Epoch: [1/2] Iters:[2480/20018] transplant_loss 3.5072, rec_loss 0.0458, quant_error 0.5769, utilization 0.2023, perplexity 11826.7853,
Train Epoch: [1/2] Iters:[2490/20018] transplant_loss 3.5072, rec_loss 0.0455, quant_error 0.5759, utilization 0.2024, perplexity 11831.7506,
Train Epoch: [1/2] Iters:[2500/20018] transplant_loss 3.4730, rec_loss 0.0455, quant_error 0.5721, utilization 0.2025, perplexity 11872.5231,
Train Epoch: [1/2] Iters:[2510/20018] transplant_loss 3.4926, rec_loss 0.0455, quant_error 0.5725, utilization 0.2027, perplexity 11889.4587,
Train Epoch: [1/2] Iters:[2520/20018] transplant_loss 3.4923, rec_loss 0.0451, quant_error 0.5720, utilization 0.2028, perplexity 11907.0645,
Train Epoch: [1/2] Iters:[2530/20018] transplant_loss 3.4785, rec_loss 0.0441, quant_error 0.5691, utilization 0.2025, perplexity 11868.7327,
Train Epoch: [1/2] Iters:[2540/20018] transplant_loss 3.4713, rec_loss 0.0448, quant_error 0.5681, utilization 0.2025, perplexity 11851.9760,
Train Epoch: [1/2] Iters:[2550/20018] transplant_loss 3.4714, rec_loss 0.0444, quant_error 0.5673, utilization 0.2026, perplexity 11859.8511,
Train Epoch: [1/2] Iters:[2560/20018] transplant_loss 3.4585, rec_loss 0.0442, quant_error 0.5665, utilization 0.2025, perplexity 11837.6275,
Train Epoch: [1/2] Iters:[2570/20018] transplant_loss 3.4546, rec_loss 0.0444, quant_error 0.5671, utilization 0.2024, perplexity 11840.5675,
Train Epoch: [1/2] Iters:[2580/20018] transplant_loss 3.4630, rec_loss 0.0443, quant_error 0.5669, utilization 0.2026, perplexity 11861.2016,
Train Epoch: [1/2] Iters:[2590/20018] transplant_loss 3.4773, rec_loss 0.0440, quant_error 0.5680, utilization 0.2030, perplexity 11928.5597,
Train Epoch: [1/2] Iters:[2600/20018] transplant_loss 3.4826, rec_loss 0.0441, quant_error 0.5688, utilization 0.2032, perplexity 11957.0071,
Train Epoch: [1/2] Iters:[2610/20018] transplant_loss 3.4599, rec_loss 0.0437, quant_error 0.5662, utilization 0.2030, perplexity 11942.5425,
Train Epoch: [1/2] Iters:[2620/20018] transplant_loss 3.4579, rec_loss 0.0433, quant_error 0.5660, utilization 0.2031, perplexity 11934.5615,
Train Epoch: [1/2] Iters:[2630/20018] transplant_loss 3.4567, rec_loss 0.0435, quant_error 0.5656, utilization 0.2031, perplexity 11938.1261,
Train Epoch: [1/2] Iters:[2640/20018] transplant_loss 3.4432, rec_loss 0.0434, quant_error 0.5633, utilization 0.2028, perplexity 11880.7466,
Train Epoch: [1/2] Iters:[2650/20018] transplant_loss 3.4650, rec_loss 0.0433, quant_error 0.5638, utilization 0.2027, perplexity 11871.5231,
Train Epoch: [1/2] Iters:[2660/20018] transplant_loss 3.4718, rec_loss 0.0439, quant_error 0.5653, utilization 0.2026, perplexity 11897.7433,
Train Epoch: [1/2] Iters:[2670/20018] transplant_loss 3.4826, rec_loss 0.0444, quant_error 0.5658, utilization 0.2028, perplexity 11924.9773,
Train Epoch: [1/2] Iters:[2680/20018] transplant_loss 3.4804, rec_loss 0.0443, quant_error 0.5679, utilization 0.2027, perplexity 11915.3434,
Train Epoch: [1/2] Iters:[2690/20018] transplant_loss 3.4945, rec_loss 0.0445, quant_error 0.5725, utilization 0.2027, perplexity 11908.6746,
Train Epoch: [1/2] Iters:[2700/20018] transplant_loss 3.4591, rec_loss 0.0442, quant_error 0.5683, utilization 0.2025, perplexity 11874.8006,
Train Epoch: [1/2] Iters:[2710/20018] transplant_loss 3.4638, rec_loss 0.0441, quant_error 0.5675, utilization 0.2026, perplexity 11856.7591,
Train Epoch: [1/2] Iters:[2720/20018] transplant_loss 3.4550, rec_loss 0.0437, quant_error 0.5652, utilization 0.2023, perplexity 11807.7309,
Train Epoch: [1/2] Iters:[2730/20018] transplant_loss 3.4693, rec_loss 0.0435, quant_error 0.5650, utilization 0.2023, perplexity 11815.3634,
Train Epoch: [1/2] Iters:[2740/20018] transplant_loss 3.4749, rec_loss 0.0436, quant_error 0.5633, utilization 0.2026, perplexity 11875.3895,
Train Epoch: [1/2] Iters:[2750/20018] transplant_loss 3.4888, rec_loss 0.0446, quant_error 0.5671, utilization 0.2028, perplexity 11882.1898,
Train Epoch: [1/2] Iters:[2760/20018] transplant_loss 3.4927, rec_loss 0.0446, quant_error 0.5691, utilization 0.2033, perplexity 11949.3795,
Train Epoch: [1/2] Iters:[2770/20018] transplant_loss 3.4937, rec_loss 0.0443, quant_error 0.5684, utilization 0.2033, perplexity 11945.4938,
Train Epoch: [1/2] Iters:[2780/20018] transplant_loss 3.4851, rec_loss 0.0448, quant_error 0.5678, utilization 0.2036, perplexity 11967.8784,
Train Epoch: [1/2] Iters:[2790/20018] transplant_loss 3.4760, rec_loss 0.0441, quant_error 0.5657, utilization 0.2032, perplexity 11887.1436,
Train Epoch: [1/2] Iters:[2800/20018] transplant_loss 3.4837, rec_loss 0.0438, quant_error 0.5645, utilization 0.2033, perplexity 11920.2281,
Train Epoch: [1/2] Iters:[2810/20018] transplant_loss 3.4832, rec_loss 0.0436, quant_error 0.5636, utilization 0.2029, perplexity 11867.3995,
Train Epoch: [1/2] Iters:[2820/20018] transplant_loss 3.4861, rec_loss 0.0443, quant_error 0.5644, utilization 0.2034, perplexity 11952.3099,
Train Epoch: [1/2] Iters:[2830/20018] transplant_loss 3.4738, rec_loss 0.0442, quant_error 0.5632, utilization 0.2029, perplexity 11892.1044,
Train Epoch: [1/2] Iters:[2840/20018] transplant_loss 3.4656, rec_loss 0.0455, quant_error 0.5647, utilization 0.2034, perplexity 11957.7169,
Train Epoch: [1/2] Iters:[2850/20018] transplant_loss 3.4405, rec_loss 0.0451, quant_error 0.5646, utilization 0.2029, perplexity 11865.7982,
Train Epoch: [1/2] Iters:[2860/20018] transplant_loss 3.4501, rec_loss 0.0455, quant_error 0.5658, utilization 0.2032, perplexity 11899.8892,
Train Epoch: [1/2] Iters:[2870/20018] transplant_loss 3.4467, rec_loss 0.0455, quant_error 0.5664, utilization 0.2034, perplexity 11917.7601,
Train Epoch: [1/2] Iters:[2880/20018] transplant_loss 3.4535, rec_loss 0.0453, quant_error 0.5666, utilization 0.2037, perplexity 11970.3305,
Train Epoch: [1/2] Iters:[2890/20018] transplant_loss 3.4530, rec_loss 0.0447, quant_error 0.5660, utilization 0.2037, perplexity 11982.7146,
Train Epoch: [1/2] Iters:[2900/20018] transplant_loss 3.4526, rec_loss 0.0445, quant_error 0.5629, utilization 0.2038, perplexity 12011.6215,
Train Epoch: [1/2] Iters:[2910/20018] transplant_loss 3.4453, rec_loss 0.0441, quant_error 0.5630, utilization 0.2037, perplexity 11989.3143,
Train Epoch: [1/2] Iters:[2920/20018] transplant_loss 3.4695, rec_loss 0.0445, quant_error 0.5629, utilization 0.2036, perplexity 11986.4619,
Train Epoch: [1/2] Iters:[2930/20018] transplant_loss 3.4625, rec_loss 0.0447, quant_error 0.5635, utilization 0.2035, perplexity 11975.2237,
Train Epoch: [1/2] Iters:[2940/20018] transplant_loss 3.4658, rec_loss 0.0442, quant_error 0.5628, utilization 0.2034, perplexity 11968.1389,
Train Epoch: [1/2] Iters:[2950/20018] transplant_loss 3.4803, rec_loss 0.0451, quant_error 0.5670, utilization 0.2036, perplexity 12006.8295,
Train Epoch: [1/2] Iters:[2960/20018] transplant_loss 3.4705, rec_loss 0.0456, quant_error 0.5652, utilization 0.2035, perplexity 12001.1687,
Train Epoch: [1/2] Iters:[2970/20018] transplant_loss 3.4407, rec_loss 0.0447, quant_error 0.5629, utilization 0.2033, perplexity 11961.0054,
Train Epoch: [1/2] Iters:[2980/20018] transplant_loss 3.4523, rec_loss 0.0452, quant_error 0.5644, utilization 0.2035, perplexity 12001.8357,
Train Epoch: [1/2] Iters:[2990/20018] transplant_loss 3.4514, rec_loss 0.0458, quant_error 0.5650, utilization 0.2031, perplexity 11951.9066,
Train Epoch: [1/2] Iters:[3000/20018] transplant_loss 3.4450, rec_loss 0.0454, quant_error 0.5665, utilization 0.2031, perplexity 11937.7774,
Train Epoch: [1/2] Iters:[3010/20018] transplant_loss 3.4596, rec_loss 0.0453, quant_error 0.5681, utilization 0.2035, perplexity 11976.7844,
Train Epoch: [1/2] Iters:[3020/20018] transplant_loss 3.4765, rec_loss 0.0460, quant_error 0.5727, utilization 0.2034, perplexity 11960.4927,
Train Epoch: [1/2] Iters:[3030/20018] transplant_loss 3.4765, rec_loss 0.0456, quant_error 0.5716, utilization 0.2034, perplexity 11944.4631,
Train Epoch: [1/2] Iters:[3040/20018] transplant_loss 3.4732, rec_loss 0.0458, quant_error 0.5707, utilization 0.2037, perplexity 11968.5398,
Train Epoch: [1/2] Iters:[3050/20018] transplant_loss 3.4841, rec_loss 0.0462, quant_error 0.5682, utilization 0.2038, perplexity 11989.2465,
Train Epoch: [1/2] Iters:[3060/20018] transplant_loss 3.4756, rec_loss 0.0465, quant_error 0.5673, utilization 0.2034, perplexity 11947.6449,
Train Epoch: [1/2] Iters:[3070/20018] transplant_loss 3.4601, rec_loss 0.0457, quant_error 0.5634, utilization 0.2035, perplexity 11970.2939,
Train Epoch: [1/2] Iters:[3080/20018] transplant_loss 3.4613, rec_loss 0.0453, quant_error 0.5628, utilization 0.2036, perplexity 11984.9030,
Train Epoch: [1/2] Iters:[3090/20018] transplant_loss 3.4609, rec_loss 0.0455, quant_error 0.5626, utilization 0.2037, perplexity 12017.8977,
Train Epoch: [1/2] Iters:[3100/20018] transplant_loss 3.4389, rec_loss 0.0444, quant_error 0.5608, utilization 0.2034, perplexity 11976.5201,
Train Epoch: [1/2] Iters:[3110/20018] transplant_loss 3.4560, rec_loss 0.0441, quant_error 0.5626, utilization 0.2038, perplexity 12024.0662,
Train Epoch: [1/2] Iters:[3120/20018] transplant_loss 3.4593, rec_loss 0.0443, quant_error 0.5647, utilization 0.2038, perplexity 11999.3845,
Train Epoch: [1/2] Iters:[3130/20018] transplant_loss 3.4297, rec_loss 0.0441, quant_error 0.5610, utilization 0.2033, perplexity 11934.0044,
Train Epoch: [1/2] Iters:[3140/20018] transplant_loss 3.4343, rec_loss 0.0435, quant_error 0.5605, utilization 0.2033, perplexity 11941.3892,
Train Epoch: [1/2] Iters:[3150/20018] transplant_loss 3.4528, rec_loss 0.0443, quant_error 0.5631, utilization 0.2037, perplexity 12014.5938,
Train Epoch: [1/2] Iters:[3160/20018] transplant_loss 3.4304, rec_loss 0.0444, quant_error 0.5605, utilization 0.2033, perplexity 11951.4854,
Train Epoch: [1/2] Iters:[3170/20018] transplant_loss 3.4288, rec_loss 0.0444, quant_error 0.5581, utilization 0.2035, perplexity 11984.9410,
Train Epoch: [1/2] Iters:[3180/20018] transplant_loss 3.4453, rec_loss 0.0443, quant_error 0.5590, utilization 0.2036, perplexity 11996.5342,
Train Epoch: [1/2] Iters:[3190/20018] transplant_loss 3.4424, rec_loss 0.0447, quant_error 0.5580, utilization 0.2035, perplexity 11969.6919,
Train Epoch: [1/2] Iters:[3200/20018] transplant_loss 3.4281, rec_loss 0.0444, quant_error 0.5578, utilization 0.2034, perplexity 11960.5373,
Train Epoch: [1/2] Iters:[3210/20018] transplant_loss 3.4433, rec_loss 0.0446, quant_error 0.5604, utilization 0.2038, perplexity 12019.1064,
Train Epoch: [1/2] Iters:[3220/20018] transplant_loss 3.4469, rec_loss 0.0452, quant_error 0.5630, utilization 0.2034, perplexity 11951.3382,
Train Epoch: [1/2] Iters:[3230/20018] transplant_loss 3.4370, rec_loss 0.0456, quant_error 0.5628, utilization 0.2036, perplexity 11992.5443,
Train Epoch: [1/2] Iters:[3240/20018] transplant_loss 3.4406, rec_loss 0.0454, quant_error 0.5638, utilization 0.2036, perplexity 11968.8402,
Train Epoch: [1/2] Iters:[3250/20018] transplant_loss 3.4523, rec_loss 0.0449, quant_error 0.5601, utilization 0.2033, perplexity 11899.2580,
Train Epoch: [1/2] Iters:[3260/20018] transplant_loss 3.4431, rec_loss 0.0447, quant_error 0.5579, utilization 0.2032, perplexity 11857.2020,
Train Epoch: [1/2] Iters:[3270/20018] transplant_loss 3.4451, rec_loss 0.0445, quant_error 0.5552, utilization 0.2033, perplexity 11884.6646,
Train Epoch: [1/2] Iters:[3280/20018] transplant_loss 3.4342, rec_loss 0.0446, quant_error 0.5531, utilization 0.2029, perplexity 11808.2563,
Train Epoch: [1/2] Iters:[3290/20018] transplant_loss 3.4419, rec_loss 0.0440, quant_error 0.5537, utilization 0.2028, perplexity 11801.9286,
Train Epoch: [1/2] Iters:[3300/20018] transplant_loss 3.4488, rec_loss 0.0444, quant_error 0.5553, utilization 0.2032, perplexity 11875.4021,
Train Epoch: [1/2] Iters:[3310/20018] transplant_loss 3.4478, rec_loss 0.0441, quant_error 0.5549, utilization 0.2032, perplexity 11891.2523,
Train Epoch: [1/2] Iters:[3320/20018] transplant_loss 3.4370, rec_loss 0.0435, quant_error 0.5541, utilization 0.2031, perplexity 11881.5583,
Train Epoch: [1/2] Iters:[3330/20018] transplant_loss 3.4638, rec_loss 0.0433, quant_error 0.5590, utilization 0.2038, perplexity 11999.5830,
Train Epoch: [1/2] Iters:[3340/20018] transplant_loss 3.4573, rec_loss 0.0441, quant_error 0.5598, utilization 0.2037, perplexity 11994.2063,
Train Epoch: [1/2] Iters:[3350/20018] transplant_loss 3.4427, rec_loss 0.0442, quant_error 0.5601, utilization 0.2037, perplexity 11987.5491,
Train Epoch: [1/2] Iters:[3360/20018] transplant_loss 3.4166, rec_loss 0.0435, quant_error 0.5559, utilization 0.2036, perplexity 11968.7652,
Train Epoch: [1/2] Iters:[3370/20018] transplant_loss 3.4272, rec_loss 0.0444, quant_error 0.5571, utilization 0.2037, perplexity 11990.0901,
