dataset_dir: /project/6105494/shared/data/
dataset_name: Churches
global_batch_size: 128
workers: 6
resolution: 256
channels: 3
ms_patch_size: 1_2_3_4_5_6_8
max_patch_size: 8
codebook_size: 16384
codebook_dim: 16
project_dim: 16
pq: 1
L: 4
alpha: 1.0
beta: 1.0
gamma: 1.0
disc_weight: 0.2
lecam_loss_weight: 0.001
disc_cr_loss_weight: 4.0
VQ: wasserstein_vq
use_multiscale: False
transplant_epochs: 20
refinement_epochs: 20
eval_epochs: 4
lr_transplant: 0.0001
lr_refinement: 1e-05
dropout: 0.0
seed: 3407
weight_decay: 0.0001
stage: transplant
checkpoint_dir: /project/6105494/sunset/VQ-Projects/VQ-Transplant/checkpoint/Transplant/Churches
results_dir: /project/6105494/sunset/VQ-Projects/VQ-Transplant/results/Transplant/Churches
saver_dir: /project/6105494/sunset/VQ-Projects/VQ-Transplant/saver/Transplant/Churches
reconstruction_dir: /project/6105494/sunset/VQ-Projects/VQ-Transplant/reconstruction/Transplant/Churches
yaml_dir: /project/6105494/sunset/VQ-Projects/VQ-Transplant/yaml/Transplant/Churches
pretrained_tokenizer: /project/6105494/sunset/VQ-Projects/VQ-Transplant/pretrained_tokenizer/model.ckpt
checkpoint_name: 
nnodes: -1
node_rank: -1
local_rank: 0
dist_url: tcp://224.66.41.62:23456
dist_backend: nccl
world_size: 2
batch_size: 64
ms_token_size: (1, 2, 3, 4, 5, 6, 8)
init_checkpoint_dir: /project/6105494/sunset/VQ-Projects/VQ-Transplant/checkpoint/
data_pre: Churches
model_pre: model_16384_16_1
loss_pre: loss_1.0_1.0_1.0_0.2
training_pre: wasserstein_vq_transplant_False
saver_name_pre: wasserstein_vq_transplant_False_Churches_model_16384_16_1_loss_1.0_1.0_1.0_0.2
| distributed init (rank 0): env://
| distributed init (rank 1): env://
making attention of type 'vanilla' with 512 in_channels
making attention of type 'vanilla' with 512 in_channels
making attention of type 'vanilla' with 512 in_channels
Working with z of shape (1, 16, 16, 16) = 4096 dimensions.
making attention of type 'vanilla' with 512 in_channels
making attention of type 'vanilla' with 512 in_channels
making attention of type 'vanilla' with 512 in_channels
making attention of type 'vanilla' with 512 in_channels
VQ Model Parameters: 69609635
dataset name: Churches
len train_set: 126227
len val_set: 126227
Start training...
epoch:1, cur_lr:0.000100
Train Epoch: [1/20] Iters:[10/986] transplant_loss 55.3243, rec_loss 0.1829, quant_error 7.8143, utilization 0.0231, perplexity 97.9403,
Train Epoch: [1/20] Iters:[20/986] transplant_loss 63.0208, rec_loss 0.1473, quant_error 6.5583, utilization 0.0141, perplexity 72.2871,
Train Epoch: [1/20] Iters:[30/986] transplant_loss 67.2873, rec_loss 0.1322, quant_error 5.9743, utilization 0.0114, perplexity 65.7258,
Train Epoch: [1/20] Iters:[40/986] transplant_loss 66.3507, rec_loss 0.1240, quant_error 5.6016, utilization 0.0106, perplexity 63.3101,
Train Epoch: [1/20] Iters:[50/986] transplant_loss 65.2383, rec_loss 0.1183, quant_error 5.3599, utilization 0.0108, perplexity 62.6092,
Train Epoch: [1/20] Iters:[60/986] transplant_loss 65.9522, rec_loss 0.1000, quant_error 4.6341, utilization 0.0095, perplexity 56.0168,
Train Epoch: [1/20] Iters:[70/986] transplant_loss 62.6186, rec_loss 0.0960, quant_error 4.3910, utilization 0.0134, perplexity 61.3647,
Train Epoch: [1/20] Iters:[80/986] transplant_loss 57.3783, rec_loss 0.0933, quant_error 4.2158, utilization 0.0197, perplexity 67.8776,
Train Epoch: [1/20] Iters:[90/986] transplant_loss 53.9300, rec_loss 0.0907, quant_error 4.0698, utilization 0.0281, perplexity 76.8964,
Train Epoch: [1/20] Iters:[100/986] transplant_loss 50.5042, rec_loss 0.0890, quant_error 3.9245, utilization 0.0382, perplexity 90.2184,
Train Epoch: [1/20] Iters:[110/986] transplant_loss 47.0835, rec_loss 0.0882, quant_error 3.8019, utilization 0.0494, perplexity 107.7075,
Train Epoch: [1/20] Iters:[120/986] transplant_loss 44.2571, rec_loss 0.0870, quant_error 3.6774, utilization 0.0621, perplexity 131.3516,
Train Epoch: [1/20] Iters:[130/986] transplant_loss 41.8186, rec_loss 0.0864, quant_error 3.5664, utilization 0.0774, perplexity 166.0595,
Train Epoch: [1/20] Iters:[140/986] transplant_loss 39.6740, rec_loss 0.0854, quant_error 3.4651, utilization 0.0957, perplexity 210.8607,
Train Epoch: [1/20] Iters:[150/986] transplant_loss 37.4861, rec_loss 0.0846, quant_error 3.3739, utilization 0.1189, perplexity 272.3564,
Train Epoch: [1/20] Iters:[160/986] transplant_loss 35.2465, rec_loss 0.0834, quant_error 3.2790, utilization 0.1479, perplexity 353.3101,
Train Epoch: [1/20] Iters:[170/986] transplant_loss 32.9959, rec_loss 0.0825, quant_error 3.1904, utilization 0.1825, perplexity 460.3441,
Train Epoch: [1/20] Iters:[180/986] transplant_loss 30.8158, rec_loss 0.0808, quant_error 3.0958, utilization 0.2217, perplexity 595.0604,
Train Epoch: [1/20] Iters:[190/986] transplant_loss 28.7339, rec_loss 0.0800, quant_error 3.0188, utilization 0.2634, perplexity 766.1048,
Train Epoch: [1/20] Iters:[200/986] transplant_loss 26.9377, rec_loss 0.0790, quant_error 2.9437, utilization 0.3069, perplexity 975.0584,
Train Epoch: [1/20] Iters:[210/986] transplant_loss 25.2584, rec_loss 0.0780, quant_error 2.8647, utilization 0.3495, perplexity 1223.2728,
Train Epoch: [1/20] Iters:[220/986] transplant_loss 23.8019, rec_loss 0.0765, quant_error 2.7972, utilization 0.3897, perplexity 1510.7837,
Train Epoch: [1/20] Iters:[230/986] transplant_loss 22.6420, rec_loss 0.0757, quant_error 2.7473, utilization 0.4254, perplexity 1827.8067,
Train Epoch: [1/20] Iters:[240/986] transplant_loss 21.5215, rec_loss 0.0745, quant_error 2.6863, utilization 0.4578, perplexity 2166.4144,
Train Epoch: [1/20] Iters:[250/986] transplant_loss 20.5129, rec_loss 0.0728, quant_error 2.6218, utilization 0.4855, perplexity 2531.8422,
Train Epoch: [1/20] Iters:[260/986] transplant_loss 19.6787, rec_loss 0.0715, quant_error 2.5728, utilization 0.5098, perplexity 2910.6149,
Train Epoch: [1/20] Iters:[270/986] transplant_loss 18.8890, rec_loss 0.0703, quant_error 2.5208, utilization 0.5315, perplexity 3309.4782,
Train Epoch: [1/20] Iters:[280/986] transplant_loss 18.1068, rec_loss 0.0692, quant_error 2.4664, utilization 0.5511, perplexity 3709.4347,
Train Epoch: [1/20] Iters:[290/986] transplant_loss 17.4642, rec_loss 0.0690, quant_error 2.4278, utilization 0.5680, perplexity 4106.7417,
Train Epoch: [1/20] Iters:[300/986] transplant_loss 16.8458, rec_loss 0.0683, quant_error 2.3848, utilization 0.5828, perplexity 4467.6293,
Train Epoch: [1/20] Iters:[310/986] transplant_loss 16.2763, rec_loss 0.0679, quant_error 2.3458, utilization 0.5963, perplexity 4850.0803,
Train Epoch: [1/20] Iters:[320/986] transplant_loss 15.7669, rec_loss 0.0674, quant_error 2.3101, utilization 0.6074, perplexity 5175.4346,
Train Epoch: [1/20] Iters:[330/986] transplant_loss 15.2841, rec_loss 0.0666, quant_error 2.2769, utilization 0.6168, perplexity 5457.4273,
Train Epoch: [1/20] Iters:[340/986] transplant_loss 14.8450, rec_loss 0.0657, quant_error 2.2409, utilization 0.6248, perplexity 5737.4217,
Train Epoch: [1/20] Iters:[350/986] transplant_loss 14.5116, rec_loss 0.0654, quant_error 2.2161, utilization 0.6322, perplexity 6004.9000,
Train Epoch: [1/20] Iters:[360/986] transplant_loss 14.1780, rec_loss 0.0649, quant_error 2.1904, utilization 0.6379, perplexity 6218.2497,
Train Epoch: [1/20] Iters:[370/986] transplant_loss 13.8560, rec_loss 0.0648, quant_error 2.1655, utilization 0.6430, perplexity 6413.6265,
Train Epoch: [1/20] Iters:[380/986] transplant_loss 13.6076, rec_loss 0.0649, quant_error 2.1450, utilization 0.6482, perplexity 6636.2110,
Train Epoch: [1/20] Iters:[390/986] transplant_loss 13.3597, rec_loss 0.0641, quant_error 2.1255, utilization 0.6526, perplexity 6777.6070,
Train Epoch: [1/20] Iters:[400/986] transplant_loss 13.1209, rec_loss 0.0639, quant_error 2.1078, utilization 0.6556, perplexity 6901.2742,
Train Epoch: [1/20] Iters:[410/986] transplant_loss 12.9296, rec_loss 0.0637, quant_error 2.0919, utilization 0.6579, perplexity 7001.9275,
Train Epoch: [1/20] Iters:[420/986] transplant_loss 12.7186, rec_loss 0.0630, quant_error 2.0717, utilization 0.6596, perplexity 7105.9323,
Train Epoch: [1/20] Iters:[430/986] transplant_loss 12.5137, rec_loss 0.0624, quant_error 2.0530, utilization 0.6611, perplexity 7176.3201,
Train Epoch: [1/20] Iters:[440/986] transplant_loss 12.3285, rec_loss 0.0623, quant_error 2.0364, utilization 0.6625, perplexity 7275.0263,
Train Epoch: [1/20] Iters:[450/986] transplant_loss 12.1558, rec_loss 0.0619, quant_error 2.0155, utilization 0.6633, perplexity 7333.2549,
Train Epoch: [1/20] Iters:[460/986] transplant_loss 11.9901, rec_loss 0.0614, quant_error 2.0008, utilization 0.6650, perplexity 7413.9991,
Train Epoch: [1/20] Iters:[470/986] transplant_loss 11.8644, rec_loss 0.0609, quant_error 1.9884, utilization 0.6657, perplexity 7462.0491,
Train Epoch: [1/20] Iters:[480/986] transplant_loss 11.7466, rec_loss 0.0610, quant_error 1.9762, utilization 0.6659, perplexity 7498.8720,
Train Epoch: [1/20] Iters:[490/986] transplant_loss 11.6243, rec_loss 0.0611, quant_error 1.9623, utilization 0.6657, perplexity 7523.3787,
Train Epoch: [1/20] Iters:[500/986] transplant_loss 11.5289, rec_loss 0.0607, quant_error 1.9537, utilization 0.6657, perplexity 7573.9656,
Train Epoch: [1/20] Iters:[510/986] transplant_loss 11.4116, rec_loss 0.0605, quant_error 1.9368, utilization 0.6652, perplexity 7608.1110,
Train Epoch: [1/20] Iters:[520/986] transplant_loss 11.3352, rec_loss 0.0607, quant_error 1.9287, utilization 0.6653, perplexity 7636.3027,
Train Epoch: [1/20] Iters:[530/986] transplant_loss 11.2317, rec_loss 0.0601, quant_error 1.9159, utilization 0.6645, perplexity 7642.3849,
Train Epoch: [1/20] Iters:[540/986] transplant_loss 11.1420, rec_loss 0.0595, quant_error 1.9056, utilization 0.6643, perplexity 7677.4066,
Train Epoch: [1/20] Iters:[550/986] transplant_loss 11.0253, rec_loss 0.0594, quant_error 1.8920, utilization 0.6636, perplexity 7674.2930,
Train Epoch: [1/20] Iters:[560/986] transplant_loss 10.9668, rec_loss 0.0594, quant_error 1.8868, utilization 0.6627, perplexity 7681.2150,
Train Epoch: [1/20] Iters:[570/986] transplant_loss 10.8655, rec_loss 0.0589, quant_error 1.8739, utilization 0.6623, perplexity 7691.2056,
Train Epoch: [1/20] Iters:[580/986] transplant_loss 10.7955, rec_loss 0.0588, quant_error 1.8640, utilization 0.6615, perplexity 7710.2170,
Train Epoch: [1/20] Iters:[590/986] transplant_loss 10.7317, rec_loss 0.0589, quant_error 1.8546, utilization 0.6607, perplexity 7713.2573,
Train Epoch: [1/20] Iters:[600/986] transplant_loss 10.6642, rec_loss 0.0583, quant_error 1.8451, utilization 0.6607, perplexity 7725.6574,
Train Epoch: [1/20] Iters:[610/986] transplant_loss 10.5819, rec_loss 0.0579, quant_error 1.8332, utilization 0.6593, perplexity 7726.1340,
Train Epoch: [1/20] Iters:[620/986] transplant_loss 10.5318, rec_loss 0.0579, quant_error 1.8265, utilization 0.6591, perplexity 7756.1470,
Train Epoch: [1/20] Iters:[630/986] transplant_loss 10.4568, rec_loss 0.0572, quant_error 1.8166, utilization 0.6586, perplexity 7767.2606,
Train Epoch: [1/20] Iters:[640/986] transplant_loss 10.3995, rec_loss 0.0568, quant_error 1.8101, utilization 0.6579, perplexity 7768.2730,
Train Epoch: [1/20] Iters:[650/986] transplant_loss 10.3505, rec_loss 0.0576, quant_error 1.8049, utilization 0.6573, perplexity 7797.6362,
Train Epoch: [1/20] Iters:[660/986] transplant_loss 10.3080, rec_loss 0.0576, quant_error 1.8000, utilization 0.6568, perplexity 7787.4323,
Train Epoch: [1/20] Iters:[670/986] transplant_loss 10.2743, rec_loss 0.0577, quant_error 1.7948, utilization 0.6560, perplexity 7793.6608,
Train Epoch: [1/20] Iters:[680/986] transplant_loss 10.2425, rec_loss 0.0580, quant_error 1.7914, utilization 0.6563, perplexity 7821.3647,
Train Epoch: [1/20] Iters:[690/986] transplant_loss 10.1838, rec_loss 0.0581, quant_error 1.7833, utilization 0.6568, perplexity 7856.7382,
Train Epoch: [1/20] Iters:[700/986] transplant_loss 10.1601, rec_loss 0.0574, quant_error 1.7787, utilization 0.6567, perplexity 7873.0189,
Train Epoch: [1/20] Iters:[710/986] transplant_loss 10.1098, rec_loss 0.0571, quant_error 1.7691, utilization 0.6570, perplexity 7892.1884,
Train Epoch: [1/20] Iters:[720/986] transplant_loss 10.0622, rec_loss 0.0567, quant_error 1.7615, utilization 0.6577, perplexity 7912.3170,
Train Epoch: [1/20] Iters:[730/986] transplant_loss 10.0146, rec_loss 0.0568, quant_error 1.7539, utilization 0.6578, perplexity 7914.4565,
Train Epoch: [1/20] Iters:[740/986] transplant_loss 9.9932, rec_loss 0.0566, quant_error 1.7500, utilization 0.6577, perplexity 7916.3680,
Train Epoch: [1/20] Iters:[750/986] transplant_loss 9.9345, rec_loss 0.0567, quant_error 1.7406, utilization 0.6589, perplexity 7950.6778,
Train Epoch: [1/20] Iters:[760/986] transplant_loss 9.8996, rec_loss 0.0565, quant_error 1.7356, utilization 0.6603, perplexity 7986.7732,
Train Epoch: [1/20] Iters:[770/986] transplant_loss 9.8593, rec_loss 0.0567, quant_error 1.7289, utilization 0.6609, perplexity 8013.1285,
Train Epoch: [1/20] Iters:[780/986] transplant_loss 9.8297, rec_loss 0.0567, quant_error 1.7229, utilization 0.6623, perplexity 8063.9602,
Train Epoch: [1/20] Iters:[790/986] transplant_loss 9.8026, rec_loss 0.0566, quant_error 1.7166, utilization 0.6634, perplexity 8081.8304,
Train Epoch: [1/20] Iters:[800/986] transplant_loss 9.8076, rec_loss 0.0564, quant_error 1.7185, utilization 0.6649, perplexity 8124.5248,
Train Epoch: [1/20] Iters:[810/986] transplant_loss 9.7983, rec_loss 0.0563, quant_error 1.7173, utilization 0.6658, perplexity 8164.1191,
Train Epoch: [1/20] Iters:[820/986] transplant_loss 9.7550, rec_loss 0.0555, quant_error 1.7098, utilization 0.6670, perplexity 8174.1321,
Train Epoch: [1/20] Iters:[830/986] transplant_loss 9.7366, rec_loss 0.0552, quant_error 1.7078, utilization 0.6676, perplexity 8180.5272,
Train Epoch: [1/20] Iters:[840/986] transplant_loss 9.7124, rec_loss 0.0550, quant_error 1.7043, utilization 0.6687, perplexity 8206.5260,
Train Epoch: [1/20] Iters:[850/986] transplant_loss 9.6588, rec_loss 0.0548, quant_error 1.6932, utilization 0.6693, perplexity 8210.7357,
Train Epoch: [1/20] Iters:[860/986] transplant_loss 9.6477, rec_loss 0.0547, quant_error 1.6911, utilization 0.6703, perplexity 8224.8815,
Train Epoch: [1/20] Iters:[870/986] transplant_loss 9.6582, rec_loss 0.0553, quant_error 1.6924, utilization 0.6716, perplexity 8270.3009,
Train Epoch: [1/20] Iters:[880/986] transplant_loss 9.6387, rec_loss 0.0552, quant_error 1.6873, utilization 0.6728, perplexity 8300.7616,
Train Epoch: [1/20] Iters:[890/986] transplant_loss 9.6007, rec_loss 0.0551, quant_error 1.6808, utilization 0.6741, perplexity 8329.0157,
Train Epoch: [1/20] Iters:[900/986] transplant_loss 9.5836, rec_loss 0.0549, quant_error 1.6774, utilization 0.6753, perplexity 8361.5660,
Train Epoch: [1/20] Iters:[910/986] transplant_loss 9.5443, rec_loss 0.0549, quant_error 1.6709, utilization 0.6769, perplexity 8396.2706,
Train Epoch: [1/20] Iters:[920/986] transplant_loss 9.5018, rec_loss 0.0546, quant_error 1.6645, utilization 0.6775, perplexity 8401.6987,
Train Epoch: [1/20] Iters:[930/986] transplant_loss 9.4751, rec_loss 0.0541, quant_error 1.6610, utilization 0.6785, perplexity 8427.6588,
Train Epoch: [1/20] Iters:[940/986] transplant_loss 9.4849, rec_loss 0.0543, quant_error 1.6608, utilization 0.6793, perplexity 8459.3318,
Train Epoch: [1/20] Iters:[950/986] transplant_loss 9.4951, rec_loss 0.0544, quant_error 1.6625, utilization 0.6799, perplexity 8473.4539,
Train Epoch: [1/20] Iters:[960/986] transplant_loss 9.4945, rec_loss 0.0546, quant_error 1.6620, utilization 0.6808, perplexity 8491.5803,
Train Epoch: [1/20] Iters:[970/986] transplant_loss 9.4858, rec_loss 0.0546, quant_error 1.6594, utilization 0.6821, perplexity 8511.0521,
Train Epoch: [1/20] Iters:[980/986] transplant_loss 9.4878, rec_loss 0.0549, quant_error 1.6582, utilization 0.6833, perplexity 8537.4914,
epoch:2, cur_lr:0.000095
Train Epoch: [2/20] Iters:[10/986] transplant_loss 9.4429, rec_loss 0.0551, quant_error 1.6423, utilization 0.6886, perplexity 8678.5588,
Train Epoch: [2/20] Iters:[20/986] transplant_loss 9.4269, rec_loss 0.0553, quant_error 1.6449, utilization 0.6886, perplexity 8677.9682,
Train Epoch: [2/20] Iters:[30/986] transplant_loss 9.4377, rec_loss 0.0554, quant_error 1.6449, utilization 0.6886, perplexity 8682.8078,
Train Epoch: [2/20] Iters:[40/986] transplant_loss 9.4275, rec_loss 0.0552, quant_error 1.6438, utilization 0.6893, perplexity 8689.2077,
Train Epoch: [2/20] Iters:[50/986] transplant_loss 9.4273, rec_loss 0.0549, quant_error 1.6429, utilization 0.6897, perplexity 8693.9864,
Train Epoch: [2/20] Iters:[60/986] transplant_loss 9.4083, rec_loss 0.0550, quant_error 1.6397, utilization 0.6902, perplexity 8710.7190,
Train Epoch: [2/20] Iters:[70/986] transplant_loss 9.3876, rec_loss 0.0545, quant_error 1.6340, utilization 0.6911, perplexity 8724.8096,
Train Epoch: [2/20] Iters:[80/986] transplant_loss 9.3446, rec_loss 0.0540, quant_error 1.6272, utilization 0.6924, perplexity 8750.1738,
Train Epoch: [2/20] Iters:[90/986] transplant_loss 9.3271, rec_loss 0.0541, quant_error 1.6236, utilization 0.6935, perplexity 8776.4751,
Train Epoch: [2/20] Iters:[100/986] transplant_loss 9.3152, rec_loss 0.0538, quant_error 1.6210, utilization 0.6944, perplexity 8791.2430,
Train Epoch: [2/20] Iters:[110/986] transplant_loss 9.3023, rec_loss 0.0532, quant_error 1.6190, utilization 0.6959, perplexity 8804.1312,
Train Epoch: [2/20] Iters:[120/986] transplant_loss 9.2888, rec_loss 0.0532, quant_error 1.6173, utilization 0.6967, perplexity 8823.1188,
Train Epoch: [2/20] Iters:[130/986] transplant_loss 9.3188, rec_loss 0.0536, quant_error 1.6221, utilization 0.6977, perplexity 8829.1823,
Train Epoch: [2/20] Iters:[140/986] transplant_loss 9.3085, rec_loss 0.0535, quant_error 1.6201, utilization 0.6982, perplexity 8839.2638,
Train Epoch: [2/20] Iters:[150/986] transplant_loss 9.2820, rec_loss 0.0540, quant_error 1.6157, utilization 0.6992, perplexity 8865.6096,
Train Epoch: [2/20] Iters:[160/986] transplant_loss 9.2733, rec_loss 0.0541, quant_error 1.6128, utilization 0.6993, perplexity 8871.2189,
Train Epoch: [2/20] Iters:[170/986] transplant_loss 9.2889, rec_loss 0.0542, quant_error 1.6148, utilization 0.7008, perplexity 8906.4218,
Train Epoch: [2/20] Iters:[180/986] transplant_loss 9.2736, rec_loss 0.0542, quant_error 1.6107, utilization 0.7014, perplexity 8937.3174,
Train Epoch: [2/20] Iters:[190/986] transplant_loss 9.2722, rec_loss 0.0544, quant_error 1.6096, utilization 0.7025, perplexity 8957.7975,
Train Epoch: [2/20] Iters:[200/986] transplant_loss 9.2629, rec_loss 0.0539, quant_error 1.6068, utilization 0.7030, perplexity 8963.6340,
Train Epoch: [2/20] Iters:[210/986] transplant_loss 9.2665, rec_loss 0.0541, quant_error 1.6064, utilization 0.7043, perplexity 8990.9082,
Train Epoch: [2/20] Iters:[220/986] transplant_loss 9.2545, rec_loss 0.0544, quant_error 1.6020, utilization 0.7050, perplexity 9001.0047,
Train Epoch: [2/20] Iters:[230/986] transplant_loss 9.2360, rec_loss 0.0538, quant_error 1.5981, utilization 0.7054, perplexity 8999.1652,
Train Epoch: [2/20] Iters:[240/986] transplant_loss 9.2315, rec_loss 0.0536, quant_error 1.5960, utilization 0.7061, perplexity 9014.3679,
Train Epoch: [2/20] Iters:[250/986] transplant_loss 9.2232, rec_loss 0.0535, quant_error 1.5936, utilization 0.7070, perplexity 9029.6405,
Train Epoch: [2/20] Iters:[260/986] transplant_loss 9.2149, rec_loss 0.0531, quant_error 1.5913, utilization 0.7078, perplexity 9040.0446,
Train Epoch: [2/20] Iters:[270/986] transplant_loss 9.2074, rec_loss 0.0527, quant_error 1.5891, utilization 0.7081, perplexity 9033.2493,
Train Epoch: [2/20] Iters:[280/986] transplant_loss 9.1929, rec_loss 0.0529, quant_error 1.5862, utilization 0.7096, perplexity 9070.9100,
Train Epoch: [2/20] Iters:[290/986] transplant_loss 9.1751, rec_loss 0.0530, quant_error 1.5822, utilization 0.7107, perplexity 9089.2095,
Train Epoch: [2/20] Iters:[300/986] transplant_loss 9.1754, rec_loss 0.0534, quant_error 1.5818, utilization 0.7112, perplexity 9098.1380,
Train Epoch: [2/20] Iters:[310/986] transplant_loss 9.1590, rec_loss 0.0536, quant_error 1.5785, utilization 0.7116, perplexity 9121.2477,
Train Epoch: [2/20] Iters:[320/986] transplant_loss 9.1457, rec_loss 0.0538, quant_error 1.5765, utilization 0.7122, perplexity 9143.6224,
Train Epoch: [2/20] Iters:[330/986] transplant_loss 9.1473, rec_loss 0.0536, quant_error 1.5760, utilization 0.7124, perplexity 9146.1948,
Train Epoch: [2/20] Iters:[340/986] transplant_loss 9.1284, rec_loss 0.0534, quant_error 1.5730, utilization 0.7129, perplexity 9160.2512,
Train Epoch: [2/20] Iters:[350/986] transplant_loss 9.1247, rec_loss 0.0531, quant_error 1.5713, utilization 0.7137, perplexity 9190.1310,
Train Epoch: [2/20] Iters:[360/986] transplant_loss 9.1303, rec_loss 0.0532, quant_error 1.5729, utilization 0.7146, perplexity 9197.1265,
Train Epoch: [2/20] Iters:[370/986] transplant_loss 9.1279, rec_loss 0.0531, quant_error 1.5717, utilization 0.7157, perplexity 9209.7285,
Train Epoch: [2/20] Iters:[380/986] transplant_loss 9.1206, rec_loss 0.0531, quant_error 1.5694, utilization 0.7163, perplexity 9217.7913,
Train Epoch: [2/20] Iters:[390/986] transplant_loss 9.1288, rec_loss 0.0529, quant_error 1.5700, utilization 0.7162, perplexity 9212.0713,
Train Epoch: [2/20] Iters:[400/986] transplant_loss 9.1489, rec_loss 0.0532, quant_error 1.5725, utilization 0.7174, perplexity 9233.7643,
Train Epoch: [2/20] Iters:[410/986] transplant_loss 9.1313, rec_loss 0.0531, quant_error 1.5687, utilization 0.7180, perplexity 9247.8252,
Train Epoch: [2/20] Iters:[420/986] transplant_loss 9.1247, rec_loss 0.0530, quant_error 1.5663, utilization 0.7186, perplexity 9257.7921,
Train Epoch: [2/20] Iters:[430/986] transplant_loss 9.1351, rec_loss 0.0527, quant_error 1.5655, utilization 0.7191, perplexity 9274.4453,
Train Epoch: [2/20] Iters:[440/986] transplant_loss 9.1380, rec_loss 0.0529, quant_error 1.5653, utilization 0.7206, perplexity 9304.7700,
Train Epoch: [2/20] Iters:[450/986] transplant_loss 9.1224, rec_loss 0.0527, quant_error 1.5627, utilization 0.7215, perplexity 9321.1795,
Train Epoch: [2/20] Iters:[460/986] transplant_loss 9.1232, rec_loss 0.0531, quant_error 1.5633, utilization 0.7220, perplexity 9326.2675,
Train Epoch: [2/20] Iters:[470/986] transplant_loss 9.1268, rec_loss 0.0531, quant_error 1.5644, utilization 0.7226, perplexity 9342.1346,
Train Epoch: [2/20] Iters:[480/986] transplant_loss 9.0992, rec_loss 0.0531, quant_error 1.5620, utilization 0.7235, perplexity 9357.0580,
Train Epoch: [2/20] Iters:[490/986] transplant_loss 9.0991, rec_loss 0.0529, quant_error 1.5614, utilization 0.7240, perplexity 9355.2516,
Train Epoch: [2/20] Iters:[500/986] transplant_loss 9.0777, rec_loss 0.0529, quant_error 1.5574, utilization 0.7241, perplexity 9351.0923,
Train Epoch: [2/20] Iters:[510/986] transplant_loss 9.0952, rec_loss 0.0525, quant_error 1.5572, utilization 0.7246, perplexity 9385.3025,
Train Epoch: [2/20] Iters:[520/986] transplant_loss 9.0773, rec_loss 0.0523, quant_error 1.5531, utilization 0.7251, perplexity 9400.1301,
Train Epoch: [2/20] Iters:[530/986] transplant_loss 9.0875, rec_loss 0.0526, quant_error 1.5528, utilization 0.7254, perplexity 9407.5479,
Train Epoch: [2/20] Iters:[540/986] transplant_loss 9.0971, rec_loss 0.0528, quant_error 1.5536, utilization 0.7260, perplexity 9428.8149,
Train Epoch: [2/20] Iters:[550/986] transplant_loss 9.1081, rec_loss 0.0530, quant_error 1.5535, utilization 0.7263, perplexity 9443.6918,
Train Epoch: [2/20] Iters:[560/986] transplant_loss 9.0916, rec_loss 0.0530, quant_error 1.5524, utilization 0.7273, perplexity 9458.5554,
Train Epoch: [2/20] Iters:[570/986] transplant_loss 9.1002, rec_loss 0.0535, quant_error 1.5539, utilization 0.7281, perplexity 9478.1362,
Train Epoch: [2/20] Iters:[580/986] transplant_loss 9.0890, rec_loss 0.0538, quant_error 1.5532, utilization 0.7289, perplexity 9490.1557,
Train Epoch: [2/20] Iters:[590/986] transplant_loss 9.0776, rec_loss 0.0536, quant_error 1.5502, utilization 0.7288, perplexity 9481.6793,
Train Epoch: [2/20] Iters:[600/986] transplant_loss 9.0518, rec_loss 0.0532, quant_error 1.5471, utilization 0.7294, perplexity 9477.4210,
Train Epoch: [2/20] Iters:[610/986] transplant_loss 9.0400, rec_loss 0.0530, quant_error 1.5444, utilization 0.7299, perplexity 9480.3920,
Train Epoch: [2/20] Iters:[620/986] transplant_loss 9.0266, rec_loss 0.0528, quant_error 1.5415, utilization 0.7302, perplexity 9478.2000,
Train Epoch: [2/20] Iters:[630/986] transplant_loss 9.0157, rec_loss 0.0524, quant_error 1.5393, utilization 0.7306, perplexity 9491.2830,
Train Epoch: [2/20] Iters:[640/986] transplant_loss 8.9907, rec_loss 0.0524, quant_error 1.5349, utilization 0.7308, perplexity 9501.2783,
Train Epoch: [2/20] Iters:[650/986] transplant_loss 9.0103, rec_loss 0.0526, quant_error 1.5375, utilization 0.7315, perplexity 9526.1406,
Train Epoch: [2/20] Iters:[660/986] transplant_loss 9.0146, rec_loss 0.0526, quant_error 1.5379, utilization 0.7313, perplexity 9524.9747,
Train Epoch: [2/20] Iters:[670/986] transplant_loss 9.0198, rec_loss 0.0526, quant_error 1.5385, utilization 0.7317, perplexity 9538.7574,
Train Epoch: [2/20] Iters:[680/986] transplant_loss 9.0295, rec_loss 0.0526, quant_error 1.5383, utilization 0.7317, perplexity 9522.7654,
Train Epoch: [2/20] Iters:[690/986] transplant_loss 9.0451, rec_loss 0.0529, quant_error 1.5411, utilization 0.7329, perplexity 9544.2730,
Train Epoch: [2/20] Iters:[700/986] transplant_loss 9.0455, rec_loss 0.0530, quant_error 1.5410, utilization 0.7333, perplexity 9555.4812,
Train Epoch: [2/20] Iters:[710/986] transplant_loss 9.0221, rec_loss 0.0530, quant_error 1.5364, utilization 0.7339, perplexity 9555.9958,
Train Epoch: [2/20] Iters:[720/986] transplant_loss 9.0214, rec_loss 0.0527, quant_error 1.5348, utilization 0.7344, perplexity 9547.0834,
Train Epoch: [2/20] Iters:[730/986] transplant_loss 9.0051, rec_loss 0.0523, quant_error 1.5309, utilization 0.7349, perplexity 9564.3190,
Train Epoch: [2/20] Iters:[740/986] transplant_loss 8.9977, rec_loss 0.0513, quant_error 1.5269, utilization 0.7348, perplexity 9559.1229,
Train Epoch: [2/20] Iters:[750/986] transplant_loss 8.9879, rec_loss 0.0513, quant_error 1.5241, utilization 0.7350, perplexity 9565.1132,
Train Epoch: [2/20] Iters:[760/986] transplant_loss 8.9923, rec_loss 0.0508, quant_error 1.5234, utilization 0.7355, perplexity 9582.1138,
Train Epoch: [2/20] Iters:[770/986] transplant_loss 8.9867, rec_loss 0.0512, quant_error 1.5223, utilization 0.7356, perplexity 9591.8813,
Train Epoch: [2/20] Iters:[780/986] transplant_loss 9.0162, rec_loss 0.0514, quant_error 1.5265, utilization 0.7365, perplexity 9611.9317,
Train Epoch: [2/20] Iters:[790/986] transplant_loss 9.0022, rec_loss 0.0518, quant_error 1.5258, utilization 0.7373, perplexity 9625.9174,
Train Epoch: [2/20] Iters:[800/986] transplant_loss 8.9919, rec_loss 0.0519, quant_error 1.5244, utilization 0.7376, perplexity 9630.7852,
Train Epoch: [2/20] Iters:[810/986] transplant_loss 8.9892, rec_loss 0.0526, quant_error 1.5248, utilization 0.7380, perplexity 9633.6855,
Train Epoch: [2/20] Iters:[820/986] transplant_loss 8.9742, rec_loss 0.0520, quant_error 1.5227, utilization 0.7387, perplexity 9652.1998,
Train Epoch: [2/20] Iters:[830/986] transplant_loss 8.9501, rec_loss 0.0521, quant_error 1.5204, utilization 0.7391, perplexity 9676.5960,
Train Epoch: [2/20] Iters:[840/986] transplant_loss 8.9452, rec_loss 0.0525, quant_error 1.5209, utilization 0.7395, perplexity 9696.9888,
Train Epoch: [2/20] Iters:[850/986] transplant_loss 8.9483, rec_loss 0.0529, quant_error 1.5208, utilization 0.7398, perplexity 9700.1044,
Train Epoch: [2/20] Iters:[860/986] transplant_loss 8.9656, rec_loss 0.0527, quant_error 1.5224, utilization 0.7406, perplexity 9719.6326,
Train Epoch: [2/20] Iters:[870/986] transplant_loss 8.9829, rec_loss 0.0530, quant_error 1.5253, utilization 0.7407, perplexity 9716.7555,
Train Epoch: [2/20] Iters:[880/986] transplant_loss 8.9738, rec_loss 0.0530, quant_error 1.5236, utilization 0.7403, perplexity 9694.1156,
Train Epoch: [2/20] Iters:[890/986] transplant_loss 8.9859, rec_loss 0.0528, quant_error 1.5240, utilization 0.7404, perplexity 9692.0411,
Train Epoch: [2/20] Iters:[900/986] transplant_loss 8.9719, rec_loss 0.0521, quant_error 1.5215, utilization 0.7406, perplexity 9695.8120,
Train Epoch: [2/20] Iters:[910/986] transplant_loss 8.9564, rec_loss 0.0520, quant_error 1.5195, utilization 0.7410, perplexity 9705.2706,
Train Epoch: [2/20] Iters:[920/986] transplant_loss 8.9491, rec_loss 0.0516, quant_error 1.5169, utilization 0.7415, perplexity 9725.0968,
Train Epoch: [2/20] Iters:[930/986] transplant_loss 8.9518, rec_loss 0.0514, quant_error 1.5158, utilization 0.7423, perplexity 9741.1656,
Train Epoch: [2/20] Iters:[940/986] transplant_loss 8.9357, rec_loss 0.0512, quant_error 1.5131, utilization 0.7431, perplexity 9753.6213,
Train Epoch: [2/20] Iters:[950/986] transplant_loss 8.9289, rec_loss 0.0513, quant_error 1.5129, utilization 0.7435, perplexity 9762.4151,
Train Epoch: [2/20] Iters:[960/986] transplant_loss 8.9406, rec_loss 0.0514, quant_error 1.5141, utilization 0.7434, perplexity 9751.4237,
Train Epoch: [2/20] Iters:[970/986] transplant_loss 8.9411, rec_loss 0.0519, quant_error 1.5149, utilization 0.7441, perplexity 9773.7664,
Train Epoch: [2/20] Iters:[980/986] transplant_loss 8.9270, rec_loss 0.0519, quant_error 1.5141, utilization 0.7440, perplexity 9763.5119,
epoch:3, cur_lr:0.000090
Train Epoch: [3/20] Iters:[10/986] transplant_loss 8.8813, rec_loss 0.0524, quant_error 1.5059, utilization 0.7471, perplexity 9827.9303,
Train Epoch: [3/20] Iters:[20/986] transplant_loss 8.8926, rec_loss 0.0520, quant_error 1.5026, utilization 0.7464, perplexity 9828.2146,
Train Epoch: [3/20] Iters:[30/986] transplant_loss 8.8976, rec_loss 0.0519, quant_error 1.5043, utilization 0.7466, perplexity 9818.4325,
Train Epoch: [3/20] Iters:[40/986] transplant_loss 8.9045, rec_loss 0.0521, quant_error 1.5061, utilization 0.7459, perplexity 9799.9544,
Train Epoch: [3/20] Iters:[50/986] transplant_loss 8.9180, rec_loss 0.0525, quant_error 1.5079, utilization 0.7462, perplexity 9813.2307,
Train Epoch: [3/20] Iters:[60/986] transplant_loss 8.9413, rec_loss 0.0526, quant_error 1.5096, utilization 0.7461, perplexity 9815.3835,
Train Epoch: [3/20] Iters:[70/986] transplant_loss 8.9497, rec_loss 0.0529, quant_error 1.5127, utilization 0.7465, perplexity 9820.3921,
Train Epoch: [3/20] Iters:[80/986] transplant_loss 8.9525, rec_loss 0.0529, quant_error 1.5133, utilization 0.7466, perplexity 9828.3757,
Train Epoch: [3/20] Iters:[90/986] transplant_loss 8.9535, rec_loss 0.0529, quant_error 1.5124, utilization 0.7475, perplexity 9853.2563,
Train Epoch: [3/20] Iters:[100/986] transplant_loss 8.9395, rec_loss 0.0526, quant_error 1.5097, utilization 0.7473, perplexity 9838.6902,
Train Epoch: [3/20] Iters:[110/986] transplant_loss 8.9268, rec_loss 0.0526, quant_error 1.5084, utilization 0.7477, perplexity 9849.9367,
Train Epoch: [3/20] Iters:[120/986] transplant_loss 8.9200, rec_loss 0.0525, quant_error 1.5064, utilization 0.7477, perplexity 9845.8058,
Train Epoch: [3/20] Iters:[130/986] transplant_loss 8.9209, rec_loss 0.0523, quant_error 1.5059, utilization 0.7481, perplexity 9856.5594,
Train Epoch: [3/20] Iters:[140/986] transplant_loss 8.9237, rec_loss 0.0523, quant_error 1.5062, utilization 0.7485, perplexity 9868.6268,
Train Epoch: [3/20] Iters:[150/986] transplant_loss 8.9234, rec_loss 0.0520, quant_error 1.5059, utilization 0.7490, perplexity 9890.3034,
Train Epoch: [3/20] Iters:[160/986] transplant_loss 8.9205, rec_loss 0.0517, quant_error 1.5053, utilization 0.7495, perplexity 9892.9783,
Train Epoch: [3/20] Iters:[170/986] transplant_loss 8.9108, rec_loss 0.0519, quant_error 1.5038, utilization 0.7498, perplexity 9892.3594,
Train Epoch: [3/20] Iters:[180/986] transplant_loss 8.9087, rec_loss 0.0522, quant_error 1.5027, utilization 0.7501, perplexity 9899.2249,
Train Epoch: [3/20] Iters:[190/986] transplant_loss 8.9026, rec_loss 0.0525, quant_error 1.5033, utilization 0.7501, perplexity 9892.0490,
Train Epoch: [3/20] Iters:[200/986] transplant_loss 8.8997, rec_loss 0.0526, quant_error 1.5030, utilization 0.7505, perplexity 9894.6204,
Train Epoch: [3/20] Iters:[210/986] transplant_loss 8.8906, rec_loss 0.0524, quant_error 1.5009, utilization 0.7506, perplexity 9890.8369,
Train Epoch: [3/20] Iters:[220/986] transplant_loss 8.8795, rec_loss 0.0519, quant_error 1.4984, utilization 0.7511, perplexity 9912.4458,
Train Epoch: [3/20] Iters:[230/986] transplant_loss 8.8912, rec_loss 0.0520, quant_error 1.5001, utilization 0.7508, perplexity 9905.6269,
Train Epoch: [3/20] Iters:[240/986] transplant_loss 8.8869, rec_loss 0.0517, quant_error 1.4981, utilization 0.7512, perplexity 9917.7360,
Train Epoch: [3/20] Iters:[250/986] transplant_loss 8.8906, rec_loss 0.0516, quant_error 1.4976, utilization 0.7514, perplexity 9918.3837,
Train Epoch: [3/20] Iters:[260/986] transplant_loss 8.8845, rec_loss 0.0516, quant_error 1.4957, utilization 0.7511, perplexity 9909.6170,
Train Epoch: [3/20] Iters:[270/986] transplant_loss 8.8985, rec_loss 0.0517, quant_error 1.4974, utilization 0.7514, perplexity 9907.3499,
Train Epoch: [3/20] Iters:[280/986] transplant_loss 8.8745, rec_loss 0.0514, quant_error 1.4932, utilization 0.7520, perplexity 9909.1564,
Train Epoch: [3/20] Iters:[290/986] transplant_loss 8.8888, rec_loss 0.0519, quant_error 1.4955, utilization 0.7523, perplexity 9921.0996,
Train Epoch: [3/20] Iters:[300/986] transplant_loss 8.8787, rec_loss 0.0516, quant_error 1.4944, utilization 0.7528, perplexity 9930.8830,
Train Epoch: [3/20] Iters:[310/986] transplant_loss 8.8732, rec_loss 0.0516, quant_error 1.4931, utilization 0.7530, perplexity 9941.7403,
Train Epoch: [3/20] Iters:[320/986] transplant_loss 8.8626, rec_loss 0.0514, quant_error 1.4920, utilization 0.7533, perplexity 9946.8465,
Train Epoch: [3/20] Iters:[330/986] transplant_loss 8.8678, rec_loss 0.0513, quant_error 1.4938, utilization 0.7535, perplexity 9949.7823,
Train Epoch: [3/20] Iters:[340/986] transplant_loss 8.8506, rec_loss 0.0509, quant_error 1.4905, utilization 0.7532, perplexity 9934.0468,
Train Epoch: [3/20] Iters:[350/986] transplant_loss 8.8501, rec_loss 0.0510, quant_error 1.4913, utilization 0.7528, perplexity 9912.6766,
Train Epoch: [3/20] Iters:[360/986] transplant_loss 8.8650, rec_loss 0.0511, quant_error 1.4935, utilization 0.7531, perplexity 9905.1187,
Train Epoch: [3/20] Iters:[370/986] transplant_loss 8.8744, rec_loss 0.0513, quant_error 1.4944, utilization 0.7532, perplexity 9906.6499,
Train Epoch: [3/20] Iters:[380/986] transplant_loss 8.8602, rec_loss 0.0511, quant_error 1.4916, utilization 0.7535, perplexity 9919.4110,
Train Epoch: [3/20] Iters:[390/986] transplant_loss 8.8580, rec_loss 0.0511, quant_error 1.4895, utilization 0.7539, perplexity 9927.0128,
Train Epoch: [3/20] Iters:[400/986] transplant_loss 8.8477, rec_loss 0.0510, quant_error 1.4858, utilization 0.7539, perplexity 9938.8433,
Train Epoch: [3/20] Iters:[410/986] transplant_loss 8.8380, rec_loss 0.0512, quant_error 1.4858, utilization 0.7543, perplexity 9966.7158,
Train Epoch: [3/20] Iters:[420/986] transplant_loss 8.8222, rec_loss 0.0514, quant_error 1.4840, utilization 0.7545, perplexity 9975.4452,
Train Epoch: [3/20] Iters:[430/986] transplant_loss 8.8287, rec_loss 0.0516, quant_error 1.4836, utilization 0.7546, perplexity 9976.9709,
Train Epoch: [3/20] Iters:[440/986] transplant_loss 8.8113, rec_loss 0.0512, quant_error 1.4809, utilization 0.7545, perplexity 9974.9386,
Train Epoch: [3/20] Iters:[450/986] transplant_loss 8.8075, rec_loss 0.0515, quant_error 1.4815, utilization 0.7554, perplexity 9999.6453,
Train Epoch: [3/20] Iters:[460/986] transplant_loss 8.8101, rec_loss 0.0515, quant_error 1.4812, utilization 0.7557, perplexity 10008.8287,
Train Epoch: [3/20] Iters:[470/986] transplant_loss 8.8212, rec_loss 0.0514, quant_error 1.4818, utilization 0.7558, perplexity 10009.1193,
Train Epoch: [3/20] Iters:[480/986] transplant_loss 8.8177, rec_loss 0.0515, quant_error 1.4819, utilization 0.7561, perplexity 10016.6568,
Train Epoch: [3/20] Iters:[490/986] transplant_loss 8.8145, rec_loss 0.0514, quant_error 1.4829, utilization 0.7568, perplexity 10039.9445,
Train Epoch: [3/20] Iters:[500/986] transplant_loss 8.8356, rec_loss 0.0516, quant_error 1.4863, utilization 0.7573, perplexity 10047.6031,
Train Epoch: [3/20] Iters:[510/986] transplant_loss 8.8424, rec_loss 0.0518, quant_error 1.4889, utilization 0.7579, perplexity 10058.3582,
Train Epoch: [3/20] Iters:[520/986] transplant_loss 8.8416, rec_loss 0.0519, quant_error 1.4887, utilization 0.7580, perplexity 10054.1169,
Train Epoch: [3/20] Iters:[530/986] transplant_loss 8.8505, rec_loss 0.0517, quant_error 1.4887, utilization 0.7581, perplexity 10050.1430,
Train Epoch: [3/20] Iters:[540/986] transplant_loss 8.8629, rec_loss 0.0520, quant_error 1.4895, utilization 0.7576, perplexity 10040.7784,
Train Epoch: [3/20] Iters:[550/986] transplant_loss 8.8452, rec_loss 0.0514, quant_error 1.4858, utilization 0.7573, perplexity 10032.1989,
Train Epoch: [3/20] Iters:[560/986] transplant_loss 8.8263, rec_loss 0.0511, quant_error 1.4802, utilization 0.7572, perplexity 10032.7149,
Train Epoch: [3/20] Iters:[570/986] transplant_loss 8.8265, rec_loss 0.0510, quant_error 1.4813, utilization 0.7576, perplexity 10040.7330,
Train Epoch: [3/20] Iters:[580/986] transplant_loss 8.8192, rec_loss 0.0511, quant_error 1.4817, utilization 0.7578, perplexity 10050.6770,
Train Epoch: [3/20] Iters:[590/986] transplant_loss 8.8083, rec_loss 0.0514, quant_error 1.4802, utilization 0.7580, perplexity 10045.6417,
Train Epoch: [3/20] Iters:[600/986] transplant_loss 8.8099, rec_loss 0.0518, quant_error 1.4798, utilization 0.7580, perplexity 10041.9584,
Train Epoch: [3/20] Iters:[610/986] transplant_loss 8.8230, rec_loss 0.0522, quant_error 1.4835, utilization 0.7580, perplexity 10040.0471,
Train Epoch: [3/20] Iters:[620/986] transplant_loss 8.8176, rec_loss 0.0518, quant_error 1.4807, utilization 0.7581, perplexity 10045.9751,
Train Epoch: [3/20] Iters:[630/986] transplant_loss 8.8162, rec_loss 0.0517, quant_error 1.4818, utilization 0.7587, perplexity 10060.9498,
Train Epoch: [3/20] Iters:[640/986] transplant_loss 8.8262, rec_loss 0.0518, quant_error 1.4839, utilization 0.7594, perplexity 10083.6769,
Train Epoch: [3/20] Iters:[650/986] transplant_loss 8.8455, rec_loss 0.0519, quant_error 1.4866, utilization 0.7603, perplexity 10114.2139,
Train Epoch: [3/20] Iters:[660/986] transplant_loss 8.8359, rec_loss 0.0516, quant_error 1.4839, utilization 0.7603, perplexity 10107.4951,
Train Epoch: [3/20] Iters:[670/986] transplant_loss 8.8496, rec_loss 0.0515, quant_error 1.4863, utilization 0.7603, perplexity 10114.5665,
Train Epoch: [3/20] Iters:[680/986] transplant_loss 8.8493, rec_loss 0.0514, quant_error 1.4838, utilization 0.7603, perplexity 10113.6526,
Train Epoch: [3/20] Iters:[690/986] transplant_loss 8.8512, rec_loss 0.0516, quant_error 1.4829, utilization 0.7605, perplexity 10109.0114,
Train Epoch: [3/20] Iters:[700/986] transplant_loss 8.8251, rec_loss 0.0514, quant_error 1.4791, utilization 0.7600, perplexity 10088.8648,
Train Epoch: [3/20] Iters:[710/986] transplant_loss 8.8299, rec_loss 0.0511, quant_error 1.4788, utilization 0.7602, perplexity 10090.9621,
Train Epoch: [3/20] Iters:[720/986] transplant_loss 8.8069, rec_loss 0.0512, quant_error 1.4757, utilization 0.7601, perplexity 10082.4617,
Train Epoch: [3/20] Iters:[730/986] transplant_loss 8.7900, rec_loss 0.0512, quant_error 1.4726, utilization 0.7602, perplexity 10084.1478,
Train Epoch: [3/20] Iters:[740/986] transplant_loss 8.7762, rec_loss 0.0506, quant_error 1.4714, utilization 0.7601, perplexity 10088.9338,
Train Epoch: [3/20] Iters:[750/986] transplant_loss 8.7832, rec_loss 0.0505, quant_error 1.4732, utilization 0.7604, perplexity 10093.5241,
Train Epoch: [3/20] Iters:[760/986] transplant_loss 8.7734, rec_loss 0.0509, quant_error 1.4731, utilization 0.7603, perplexity 10083.4407,
Train Epoch: [3/20] Iters:[770/986] transplant_loss 8.7689, rec_loss 0.0511, quant_error 1.4726, utilization 0.7611, perplexity 10103.6343,
Train Epoch: [3/20] Iters:[780/986] transplant_loss 8.7859, rec_loss 0.0510, quant_error 1.4752, utilization 0.7612, perplexity 10102.4580,
Train Epoch: [3/20] Iters:[790/986] transplant_loss 8.8033, rec_loss 0.0513, quant_error 1.4762, utilization 0.7614, perplexity 10100.5906,
Train Epoch: [3/20] Iters:[800/986] transplant_loss 8.7904, rec_loss 0.0511, quant_error 1.4738, utilization 0.7618, perplexity 10119.7426,
Train Epoch: [3/20] Iters:[810/986] transplant_loss 8.7803, rec_loss 0.0507, quant_error 1.4701, utilization 0.7624, perplexity 10130.9784,
Train Epoch: [3/20] Iters:[820/986] transplant_loss 8.7776, rec_loss 0.0507, quant_error 1.4688, utilization 0.7623, perplexity 10124.6603,
Train Epoch: [3/20] Iters:[830/986] transplant_loss 8.7693, rec_loss 0.0507, quant_error 1.4678, utilization 0.7620, perplexity 10112.4751,
Train Epoch: [3/20] Iters:[840/986] transplant_loss 8.7640, rec_loss 0.0509, quant_error 1.4663, utilization 0.7625, perplexity 10134.9039,
Train Epoch: [3/20] Iters:[850/986] transplant_loss 8.7716, rec_loss 0.0510, quant_error 1.4680, utilization 0.7630, perplexity 10141.7704,
Train Epoch: [3/20] Iters:[860/986] transplant_loss 8.7697, rec_loss 0.0513, quant_error 1.4684, utilization 0.7631, perplexity 10143.4808,
Train Epoch: [3/20] Iters:[870/986] transplant_loss 8.7666, rec_loss 0.0511, quant_error 1.4677, utilization 0.7630, perplexity 10145.1070,
Train Epoch: [3/20] Iters:[880/986] transplant_loss 8.7545, rec_loss 0.0511, quant_error 1.4657, utilization 0.7635, perplexity 10149.6352,
Train Epoch: [3/20] Iters:[890/986] transplant_loss 8.7455, rec_loss 0.0507, quant_error 1.4653, utilization 0.7629, perplexity 10129.2036,
Train Epoch: [3/20] Iters:[900/986] transplant_loss 8.7274, rec_loss 0.0507, quant_error 1.4621, utilization 0.7622, perplexity 10098.7792,
Train Epoch: [3/20] Iters:[910/986] transplant_loss 8.7354, rec_loss 0.0507, quant_error 1.4633, utilization 0.7626, perplexity 10127.4124,
Train Epoch: [3/20] Iters:[920/986] transplant_loss 8.7501, rec_loss 0.0512, quant_error 1.4654, utilization 0.7631, perplexity 10137.3141,
Train Epoch: [3/20] Iters:[930/986] transplant_loss 8.7573, rec_loss 0.0515, quant_error 1.4672, utilization 0.7633, perplexity 10161.8494,
Train Epoch: [3/20] Iters:[940/986] transplant_loss 8.7613, rec_loss 0.0516, quant_error 1.4661, utilization 0.7639, perplexity 10175.8111,
Train Epoch: [3/20] Iters:[950/986] transplant_loss 8.7877, rec_loss 0.0520, quant_error 1.4695, utilization 0.7646, perplexity 10200.2747,
Train Epoch: [3/20] Iters:[960/986] transplant_loss 8.7835, rec_loss 0.0520, quant_error 1.4704, utilization 0.7644, perplexity 10199.9629,
Train Epoch: [3/20] Iters:[970/986] transplant_loss 8.7740, rec_loss 0.0517, quant_error 1.4699, utilization 0.7648, perplexity 10205.7963,
Train Epoch: [3/20] Iters:[980/986] transplant_loss 8.7659, rec_loss 0.0514, quant_error 1.4678, utilization 0.7647, perplexity 10198.8012,
epoch:4, cur_lr:0.000085
Train Epoch: [4/20] Iters:[10/986] transplant_loss 8.8719, rec_loss 0.0517, quant_error 1.4801, utilization 0.7648, perplexity 10209.2563,
Train Epoch: [4/20] Iters:[20/986] transplant_loss 8.8502, rec_loss 0.0521, quant_error 1.4778, utilization 0.7655, perplexity 10202.5942,
Train Epoch: [4/20] Iters:[30/986] transplant_loss 8.8063, rec_loss 0.0515, quant_error 1.4708, utilization 0.7649, perplexity 10184.1458,
Train Epoch: [4/20] Iters:[40/986] transplant_loss 8.7707, rec_loss 0.0511, quant_error 1.4652, utilization 0.7644, perplexity 10159.8634,
Train Epoch: [4/20] Iters:[50/986] transplant_loss 8.7590, rec_loss 0.0509, quant_error 1.4635, utilization 0.7647, perplexity 10168.3436,
Train Epoch: [4/20] Iters:[60/986] transplant_loss 8.7371, rec_loss 0.0511, quant_error 1.4613, utilization 0.7649, perplexity 10163.3122,
Train Epoch: [4/20] Iters:[70/986] transplant_loss 8.7259, rec_loss 0.0509, quant_error 1.4593, utilization 0.7652, perplexity 10179.1421,
Train Epoch: [4/20] Iters:[80/986] transplant_loss 8.7229, rec_loss 0.0507, quant_error 1.4585, utilization 0.7655, perplexity 10183.9893,
Train Epoch: [4/20] Iters:[90/986] transplant_loss 8.7423, rec_loss 0.0512, quant_error 1.4621, utilization 0.7661, perplexity 10208.2223,
Train Epoch: [4/20] Iters:[100/986] transplant_loss 8.7661, rec_loss 0.0515, quant_error 1.4654, utilization 0.7660, perplexity 10205.0350,
Train Epoch: [4/20] Iters:[110/986] transplant_loss 8.7700, rec_loss 0.0515, quant_error 1.4651, utilization 0.7657, perplexity 10201.8038,
Train Epoch: [4/20] Iters:[120/986] transplant_loss 8.7613, rec_loss 0.0512, quant_error 1.4625, utilization 0.7652, perplexity 10168.2693,
Train Epoch: [4/20] Iters:[130/986] transplant_loss 8.7755, rec_loss 0.0515, quant_error 1.4648, utilization 0.7655, perplexity 10184.6629,
Train Epoch: [4/20] Iters:[140/986] transplant_loss 8.7664, rec_loss 0.0514, quant_error 1.4639, utilization 0.7658, perplexity 10188.0739,
Train Epoch: [4/20] Iters:[150/986] transplant_loss 8.7487, rec_loss 0.0512, quant_error 1.4608, utilization 0.7657, perplexity 10185.8002,
Train Epoch: [4/20] Iters:[160/986] transplant_loss 8.7431, rec_loss 0.0514, quant_error 1.4607, utilization 0.7661, perplexity 10190.0025,
Train Epoch: [4/20] Iters:[170/986] transplant_loss 8.7498, rec_loss 0.0516, quant_error 1.4629, utilization 0.7666, perplexity 10211.0151,
Train Epoch: [4/20] Iters:[180/986] transplant_loss 8.7503, rec_loss 0.0513, quant_error 1.4631, utilization 0.7670, perplexity 10208.0860,
Train Epoch: [4/20] Iters:[190/986] transplant_loss 8.7576, rec_loss 0.0511, quant_error 1.4628, utilization 0.7671, perplexity 10222.8562,
Train Epoch: [4/20] Iters:[200/986] transplant_loss 8.7539, rec_loss 0.0510, quant_error 1.4623, utilization 0.7675, perplexity 10238.2660,
Train Epoch: [4/20] Iters:[210/986] transplant_loss 8.7458, rec_loss 0.0505, quant_error 1.4600, utilization 0.7681, perplexity 10257.7334,
Train Epoch: [4/20] Iters:[220/986] transplant_loss 8.7308, rec_loss 0.0507, quant_error 1.4581, utilization 0.7678, perplexity 10246.2257,
Train Epoch: [4/20] Iters:[230/986] transplant_loss 8.7262, rec_loss 0.0507, quant_error 1.4569, utilization 0.7677, perplexity 10245.6672,
Train Epoch: [4/20] Iters:[240/986] transplant_loss 8.7123, rec_loss 0.0508, quant_error 1.4560, utilization 0.7673, perplexity 10222.8762,
Train Epoch: [4/20] Iters:[250/986] transplant_loss 8.7210, rec_loss 0.0506, quant_error 1.4574, utilization 0.7678, perplexity 10232.0247,
Train Epoch: [4/20] Iters:[260/986] transplant_loss 8.7207, rec_loss 0.0507, quant_error 1.4578, utilization 0.7676, perplexity 10224.6278,
Train Epoch: [4/20] Iters:[270/986] transplant_loss 8.7337, rec_loss 0.0507, quant_error 1.4586, utilization 0.7681, perplexity 10244.1398,
Train Epoch: [4/20] Iters:[280/986] transplant_loss 8.7345, rec_loss 0.0509, quant_error 1.4594, utilization 0.7680, perplexity 10245.8443,
Train Epoch: [4/20] Iters:[290/986] transplant_loss 8.7543, rec_loss 0.0512, quant_error 1.4619, utilization 0.7687, perplexity 10261.4113,
Train Epoch: [4/20] Iters:[300/986] transplant_loss 8.7296, rec_loss 0.0515, quant_error 1.4591, utilization 0.7684, perplexity 10253.4684,
Train Epoch: [4/20] Iters:[310/986] transplant_loss 8.7472, rec_loss 0.0513, quant_error 1.4604, utilization 0.7685, perplexity 10258.3276,
Train Epoch: [4/20] Iters:[320/986] transplant_loss 8.7399, rec_loss 0.0508, quant_error 1.4588, utilization 0.7679, perplexity 10243.3013,
Train Epoch: [4/20] Iters:[330/986] transplant_loss 8.7304, rec_loss 0.0503, quant_error 1.4561, utilization 0.7678, perplexity 10236.2983,
Train Epoch: [4/20] Iters:[340/986] transplant_loss 8.7205, rec_loss 0.0500, quant_error 1.4542, utilization 0.7677, perplexity 10242.7453,
Train Epoch: [4/20] Iters:[350/986] transplant_loss 8.7302, rec_loss 0.0498, quant_error 1.4555, utilization 0.7676, perplexity 10240.7781,
Train Epoch: [4/20] Iters:[360/986] transplant_loss 8.7164, rec_loss 0.0500, quant_error 1.4537, utilization 0.7678, perplexity 10244.7815,
Train Epoch: [4/20] Iters:[370/986] transplant_loss 8.7180, rec_loss 0.0500, quant_error 1.4535, utilization 0.7685, perplexity 10255.8750,
Train Epoch: [4/20] Iters:[380/986] transplant_loss 8.7377, rec_loss 0.0504, quant_error 1.4565, utilization 0.7690, perplexity 10272.7971,
Train Epoch: [4/20] Iters:[390/986] transplant_loss 8.7356, rec_loss 0.0506, quant_error 1.4559, utilization 0.7690, perplexity 10266.5376,
Train Epoch: [4/20] Iters:[400/986] transplant_loss 8.7186, rec_loss 0.0509, quant_error 1.4523, utilization 0.7690, perplexity 10264.0353,
Train Epoch: [4/20] Iters:[410/986] transplant_loss 8.7124, rec_loss 0.0507, quant_error 1.4517, utilization 0.7691, perplexity 10261.7797,
Train Epoch: [4/20] Iters:[420/986] transplant_loss 8.7171, rec_loss 0.0508, quant_error 1.4538, utilization 0.7692, perplexity 10270.1808,
Train Epoch: [4/20] Iters:[430/986] transplant_loss 8.6929, rec_loss 0.0502, quant_error 1.4496, utilization 0.7695, perplexity 10269.2489,
Train Epoch: [4/20] Iters:[440/986] transplant_loss 8.6888, rec_loss 0.0498, quant_error 1.4495, utilization 0.7694, perplexity 10264.1633,
Train Epoch: [4/20] Iters:[450/986] transplant_loss 8.7233, rec_loss 0.0499, quant_error 1.4554, utilization 0.7702, perplexity 10286.5562,
Train Epoch: [4/20] Iters:[460/986] transplant_loss 8.7204, rec_loss 0.0500, quant_error 1.4556, utilization 0.7700, perplexity 10283.4446,
Train Epoch: [4/20] Iters:[470/986] transplant_loss 8.6952, rec_loss 0.0502, quant_error 1.4516, utilization 0.7702, perplexity 10282.8462,
Train Epoch: [4/20] Iters:[480/986] transplant_loss 8.6997, rec_loss 0.0509, quant_error 1.4531, utilization 0.7698, perplexity 10287.1043,
Train Epoch: [4/20] Iters:[490/986] transplant_loss 8.7082, rec_loss 0.0515, quant_error 1.4554, utilization 0.7707, perplexity 10306.8250,
Train Epoch: [4/20] Iters:[500/986] transplant_loss 8.6870, rec_loss 0.0513, quant_error 1.4526, utilization 0.7704, perplexity 10291.4838,
Train Epoch: [4/20] Iters:[510/986] transplant_loss 8.6973, rec_loss 0.0514, quant_error 1.4509, utilization 0.7702, perplexity 10278.9981,
Train Epoch: [4/20] Iters:[520/986] transplant_loss 8.7214, rec_loss 0.0515, quant_error 1.4556, utilization 0.7709, perplexity 10299.2089,
Train Epoch: [4/20] Iters:[530/986] transplant_loss 8.7139, rec_loss 0.0513, quant_error 1.4536, utilization 0.7708, perplexity 10287.3723,
Train Epoch: [4/20] Iters:[540/986] transplant_loss 8.6949, rec_loss 0.0506, quant_error 1.4485, utilization 0.7697, perplexity 10262.9472,
Train Epoch: [4/20] Iters:[550/986] transplant_loss 8.6954, rec_loss 0.0506, quant_error 1.4478, utilization 0.7697, perplexity 10265.6771,
Train Epoch: [4/20] Iters:[560/986] transplant_loss 8.6842, rec_loss 0.0506, quant_error 1.4481, utilization 0.7701, perplexity 10286.8290,
Train Epoch: [4/20] Iters:[570/986] transplant_loss 8.6883, rec_loss 0.0507, quant_error 1.4480, utilization 0.7699, perplexity 10290.6098,
Train Epoch: [4/20] Iters:[580/986] transplant_loss 8.6890, rec_loss 0.0505, quant_error 1.4476, utilization 0.7699, perplexity 10286.6362,
Train Epoch: [4/20] Iters:[590/986] transplant_loss 8.6891, rec_loss 0.0509, quant_error 1.4484, utilization 0.7705, perplexity 10306.6699,
Train Epoch: [4/20] Iters:[600/986] transplant_loss 8.6886, rec_loss 0.0509, quant_error 1.4473, utilization 0.7705, perplexity 10305.6973,
Train Epoch: [4/20] Iters:[610/986] transplant_loss 8.7005, rec_loss 0.0508, quant_error 1.4483, utilization 0.7711, perplexity 10315.4995,
Train Epoch: [4/20] Iters:[620/986] transplant_loss 8.6971, rec_loss 0.0509, quant_error 1.4484, utilization 0.7708, perplexity 10307.0890,
Train Epoch: [4/20] Iters:[630/986] transplant_loss 8.7048, rec_loss 0.0512, quant_error 1.4520, utilization 0.7716, perplexity 10332.3861,
Train Epoch: [4/20] Iters:[640/986] transplant_loss 8.7064, rec_loss 0.0508, quant_error 1.4521, utilization 0.7718, perplexity 10331.0245,
Train Epoch: [4/20] Iters:[650/986] transplant_loss 8.7162, rec_loss 0.0513, quant_error 1.4531, utilization 0.7725, perplexity 10346.7562,
Train Epoch: [4/20] Iters:[660/986] transplant_loss 8.7043, rec_loss 0.0513, quant_error 1.4511, utilization 0.7714, perplexity 10313.4351,
Train Epoch: [4/20] Iters:[670/986] transplant_loss 8.6858, rec_loss 0.0511, quant_error 1.4469, utilization 0.7714, perplexity 10304.0826,
Train Epoch: [4/20] Iters:[680/986] transplant_loss 8.6763, rec_loss 0.0514, quant_error 1.4438, utilization 0.7708, perplexity 10287.6272,
Train Epoch: [4/20] Iters:[690/986] transplant_loss 8.6892, rec_loss 0.0520, quant_error 1.4457, utilization 0.7707, perplexity 10284.5876,
Train Epoch: [4/20] Iters:[700/986] transplant_loss 8.6999, rec_loss 0.0515, quant_error 1.4468, utilization 0.7705, perplexity 10281.1988,
Train Epoch: [4/20] Iters:[710/986] transplant_loss 8.7098, rec_loss 0.0515, quant_error 1.4499, utilization 0.7715, perplexity 10309.8878,
Train Epoch: [4/20] Iters:[720/986] transplant_loss 8.7157, rec_loss 0.0515, quant_error 1.4504, utilization 0.7710, perplexity 10294.3666,
Train Epoch: [4/20] Iters:[730/986] transplant_loss 8.7411, rec_loss 0.0515, quant_error 1.4554, utilization 0.7716, perplexity 10310.1598,
Train Epoch: [4/20] Iters:[740/986] transplant_loss 8.7466, rec_loss 0.0515, quant_error 1.4557, utilization 0.7721, perplexity 10319.9182,
Train Epoch: [4/20] Iters:[750/986] transplant_loss 8.7217, rec_loss 0.0514, quant_error 1.4531, utilization 0.7722, perplexity 10320.3326,
Train Epoch: [4/20] Iters:[760/986] transplant_loss 8.7003, rec_loss 0.0511, quant_error 1.4492, utilization 0.7720, perplexity 10313.4936,
Train Epoch: [4/20] Iters:[770/986] transplant_loss 8.6992, rec_loss 0.0511, quant_error 1.4490, utilization 0.7730, perplexity 10338.0315,
Train Epoch: [4/20] Iters:[780/986] transplant_loss 8.6824, rec_loss 0.0507, quant_error 1.4451, utilization 0.7728, perplexity 10336.0398,
Train Epoch: [4/20] Iters:[790/986] transplant_loss 8.6459, rec_loss 0.0504, quant_error 1.4400, utilization 0.7727, perplexity 10335.6868,
Train Epoch: [4/20] Iters:[800/986] transplant_loss 8.6559, rec_loss 0.0505, quant_error 1.4405, utilization 0.7727, perplexity 10340.8347,
Train Epoch: [4/20] Iters:[810/986] transplant_loss 8.6657, rec_loss 0.0502, quant_error 1.4419, utilization 0.7727, perplexity 10341.2827,
Train Epoch: [4/20] Iters:[820/986] transplant_loss 8.6469, rec_loss 0.0499, quant_error 1.4405, utilization 0.7725, perplexity 10333.4395,
Train Epoch: [4/20] Iters:[830/986] transplant_loss 8.6314, rec_loss 0.0500, quant_error 1.4384, utilization 0.7726, perplexity 10333.9373,
Train Epoch: [4/20] Iters:[840/986] transplant_loss 8.6523, rec_loss 0.0500, quant_error 1.4410, utilization 0.7726, perplexity 10339.8235,
Train Epoch: [4/20] Iters:[850/986] transplant_loss 8.6429, rec_loss 0.0503, quant_error 1.4409, utilization 0.7730, perplexity 10345.4209,
Train Epoch: [4/20] Iters:[860/986] transplant_loss 8.6350, rec_loss 0.0506, quant_error 1.4388, utilization 0.7731, perplexity 10342.3567,
Train Epoch: [4/20] Iters:[870/986] transplant_loss 8.6547, rec_loss 0.0508, quant_error 1.4398, utilization 0.7731, perplexity 10350.2367,
Train Epoch: [4/20] Iters:[880/986] transplant_loss 8.6652, rec_loss 0.0507, quant_error 1.4413, utilization 0.7727, perplexity 10344.3130,
Train Epoch: [4/20] Iters:[890/986] transplant_loss 8.6603, rec_loss 0.0505, quant_error 1.4406, utilization 0.7725, perplexity 10332.2440,
Train Epoch: [4/20] Iters:[900/986] transplant_loss 8.6744, rec_loss 0.0505, quant_error 1.4426, utilization 0.7724, perplexity 10331.5138,
Train Epoch: [4/20] Iters:[910/986] transplant_loss 8.6762, rec_loss 0.0508, quant_error 1.4441, utilization 0.7733, perplexity 10358.7831,
Train Epoch: [4/20] Iters:[920/986] transplant_loss 8.6793, rec_loss 0.0513, quant_error 1.4459, utilization 0.7737, perplexity 10363.9909,
Train Epoch: [4/20] Iters:[930/986] transplant_loss 8.6863, rec_loss 0.0512, quant_error 1.4454, utilization 0.7743, perplexity 10372.9438,
Train Epoch: [4/20] Iters:[940/986] transplant_loss 8.7070, rec_loss 0.0516, quant_error 1.4473, utilization 0.7744, perplexity 10375.8147,
Train Epoch: [4/20] Iters:[950/986] transplant_loss 8.7064, rec_loss 0.0509, quant_error 1.4444, utilization 0.7743, perplexity 10369.6971,
Train Epoch: [4/20] Iters:[960/986] transplant_loss 8.7110, rec_loss 0.0507, quant_error 1.4448, utilization 0.7738, perplexity 10351.8274,
Train Epoch: [4/20] Iters:[970/986] transplant_loss 8.6925, rec_loss 0.0502, quant_error 1.4422, utilization 0.7739, perplexity 10352.8712,
Train Epoch: [4/20] Iters:[980/986] transplant_loss 8.6821, rec_loss 0.0501, quant_error 1.4423, utilization 0.7738, perplexity 10354.0364,
Loading pretrained model LPIPS from /home/sunset/.cache/torch/hub/pyiqa/LPIPS_v0.1_alex-df73285e.pth
epoch:5, cur_lr:0.000080
Train Epoch: [5/20] Iters:[10/986] transplant_loss 8.7062, rec_loss 0.0515, quant_error 1.4446, utilization 0.7746, perplexity 10380.9568,
Train Epoch: [5/20] Iters:[20/986] transplant_loss 8.6931, rec_loss 0.0520, quant_error 1.4444, utilization 0.7748, perplexity 10404.5551,
Train Epoch: [5/20] Iters:[30/986] transplant_loss 8.6780, rec_loss 0.0518, quant_error 1.4419, utilization 0.7744, perplexity 10380.5732,
Train Epoch: [5/20] Iters:[40/986] transplant_loss 8.6713, rec_loss 0.0518, quant_error 1.4407, utilization 0.7748, perplexity 10390.3462,
Train Epoch: [5/20] Iters:[50/986] transplant_loss 8.6722, rec_loss 0.0515, quant_error 1.4412, utilization 0.7749, perplexity 10395.7986,
Train Epoch: [5/20] Iters:[60/986] transplant_loss 8.6704, rec_loss 0.0513, quant_error 1.4409, utilization 0.7751, perplexity 10402.3125,
Train Epoch: [5/20] Iters:[70/986] transplant_loss 8.6670, rec_loss 0.0510, quant_error 1.4409, utilization 0.7751, perplexity 10394.3360,
Train Epoch: [5/20] Iters:[80/986] transplant_loss 8.6704, rec_loss 0.0508, quant_error 1.4417, utilization 0.7756, perplexity 10419.9040,
Train Epoch: [5/20] Iters:[90/986] transplant_loss 8.6521, rec_loss 0.0503, quant_error 1.4396, utilization 0.7754, perplexity 10405.3136,
Train Epoch: [5/20] Iters:[100/986] transplant_loss 8.6446, rec_loss 0.0500, quant_error 1.4373, utilization 0.7752, perplexity 10385.3766,
Train Epoch: [5/20] Iters:[110/986] transplant_loss 8.6328, rec_loss 0.0501, quant_error 1.4366, utilization 0.7751, perplexity 10382.5731,
Train Epoch: [5/20] Iters:[120/986] transplant_loss 8.6280, rec_loss 0.0497, quant_error 1.4356, utilization 0.7750, perplexity 10366.8565,
Train Epoch: [5/20] Iters:[130/986] transplant_loss 8.6308, rec_loss 0.0499, quant_error 1.4352, utilization 0.7745, perplexity 10352.3438,
Train Epoch: [5/20] Iters:[140/986] transplant_loss 8.6391, rec_loss 0.0499, quant_error 1.4361, utilization 0.7743, perplexity 10355.8104,
Train Epoch: [5/20] Iters:[150/986] transplant_loss 8.6333, rec_loss 0.0502, quant_error 1.4370, utilization 0.7751, perplexity 10387.0266,
Train Epoch: [5/20] Iters:[160/986] transplant_loss 8.6468, rec_loss 0.0503, quant_error 1.4374, utilization 0.7752, perplexity 10391.0001,
Train Epoch: [5/20] Iters:[170/986] transplant_loss 8.6462, rec_loss 0.0507, quant_error 1.4368, utilization 0.7758, perplexity 10422.9252,
Train Epoch: [5/20] Iters:[180/986] transplant_loss 8.6488, rec_loss 0.0507, quant_error 1.4386, utilization 0.7762, perplexity 10430.2415,
Train Epoch: [5/20] Iters:[190/986] transplant_loss 8.6617, rec_loss 0.0507, quant_error 1.4405, utilization 0.7761, perplexity 10424.7864,
Train Epoch: [5/20] Iters:[200/986] transplant_loss 8.6685, rec_loss 0.0505, quant_error 1.4405, utilization 0.7757, perplexity 10409.1152,
Train Epoch: [5/20] Iters:[210/986] transplant_loss 8.6550, rec_loss 0.0500, quant_error 1.4390, utilization 0.7759, perplexity 10411.7572,
Train Epoch: [5/20] Iters:[220/986] transplant_loss 8.6553, rec_loss 0.0499, quant_error 1.4397, utilization 0.7756, perplexity 10390.1679,
Train Epoch: [5/20] Iters:[230/986] transplant_loss 8.6508, rec_loss 0.0499, quant_error 1.4389, utilization 0.7760, perplexity 10402.2112,
Train Epoch: [5/20] Iters:[240/986] transplant_loss 8.6387, rec_loss 0.0502, quant_error 1.4368, utilization 0.7764, perplexity 10416.2573,
Train Epoch: [5/20] Iters:[250/986] transplant_loss 8.6479, rec_loss 0.0503, quant_error 1.4378, utilization 0.7765, perplexity 10416.1508,
Train Epoch: [5/20] Iters:[260/986] transplant_loss 8.6402, rec_loss 0.0506, quant_error 1.4381, utilization 0.7766, perplexity 10416.9061,
Train Epoch: [5/20] Iters:[270/986] transplant_loss 8.6456, rec_loss 0.0506, quant_error 1.4380, utilization 0.7765, perplexity 10420.8128,
Train Epoch: [5/20] Iters:[280/986] transplant_loss 8.6339, rec_loss 0.0503, quant_error 1.4355, utilization 0.7760, perplexity 10404.9317,
Train Epoch: [5/20] Iters:[290/986] transplant_loss 8.6256, rec_loss 0.0501, quant_error 1.4350, utilization 0.7760, perplexity 10401.0963,
Train Epoch: [5/20] Iters:[300/986] transplant_loss 8.6135, rec_loss 0.0504, quant_error 1.4330, utilization 0.7762, perplexity 10400.1214,
Train Epoch: [5/20] Iters:[310/986] transplant_loss 8.6176, rec_loss 0.0503, quant_error 1.4332, utilization 0.7761, perplexity 10403.2899,
Train Epoch: [5/20] Iters:[320/986] transplant_loss 8.6058, rec_loss 0.0498, quant_error 1.4301, utilization 0.7758, perplexity 10393.5756,
Train Epoch: [5/20] Iters:[330/986] transplant_loss 8.6166, rec_loss 0.0504, quant_error 1.4317, utilization 0.7763, perplexity 10405.9841,
Train Epoch: [5/20] Iters:[340/986] transplant_loss 8.6257, rec_loss 0.0503, quant_error 1.4325, utilization 0.7764, perplexity 10408.1628,
Train Epoch: [5/20] Iters:[350/986] transplant_loss 8.6231, rec_loss 0.0502, quant_error 1.4336, utilization 0.7766, perplexity 10420.5645,
