dataset_dir: /datasets/
dataset_name: ImageNet
global_batch_size: 128
workers: 6
resolution: 256
channels: 3
ms_patch_size: 1_2_3_4_5_6_8
max_patch_size: 8
codebook_size: 16384
codebook_dim: 16
project_dim: 16
pq: 1
L: 4
alpha: 1.0
beta: 1.0
gamma: 1.0
disc_weight: 0.2
lecam_loss_weight: 0.001
disc_cr_loss_weight: 4.0
VQ: wasserstein_vq
use_multiscale: False
transplant_epochs: 2
refinement_epochs: 5
eval_epochs: 1
lr_transplant: 0.0001
lr_refinement: 1e-05
dropout: 0.0
seed: 3407
weight_decay: 0.0001
stage: transplant
checkpoint_dir: /project/6105494/sunset/VQ-Projects/VQ-Transplant/checkpoint/Transplant/ImageNet
results_dir: /project/6105494/sunset/VQ-Projects/VQ-Transplant/results/Transplant/ImageNet
saver_dir: /project/6105494/sunset/VQ-Projects/VQ-Transplant/saver/Transplant/ImageNet
reconstruction_dir: /project/6105494/sunset/VQ-Projects/VQ-Transplant/reconstruction/Transplant/ImageNet
yaml_dir: /project/6105494/sunset/VQ-Projects/VQ-Transplant/yaml/Transplant/ImageNet
pretrained_tokenizer: /project/6105494/sunset/VQ-Projects/VQ-Transplant/pretrained_tokenizer/model.ckpt
checkpoint_name: 
nnodes: -1
node_rank: -1
local_rank: 0
dist_url: tcp://224.66.41.62:23456
dist_backend: nccl
world_size: 2
batch_size: 64
ms_token_size: (1, 2, 3, 4, 5, 6, 8)
init_checkpoint_dir: /project/6105494/sunset/VQ-Projects/VQ-Transplant/checkpoint/
data_pre: ImageNet
model_pre: model_16384_16_1
loss_pre: loss_1.0_1.0_1.0_0.2
training_pre: wasserstein_vq_transplant_False
saver_name_pre: wasserstein_vq_transplant_False_ImageNet_model_16384_16_1_loss_1.0_1.0_1.0_0.2
| distributed init (rank 0): env://
| distributed init (rank 1): env://
making attention of type 'vanilla' with 512 in_channels
making attention of type 'vanilla' with 512 in_channels
making attention of type 'vanilla' with 512 in_channels
Working with z of shape (1, 16, 16, 16) = 4096 dimensions.
making attention of type 'vanilla' with 512 in_channels
making attention of type 'vanilla' with 512 in_channels
making attention of type 'vanilla' with 512 in_channels
making attention of type 'vanilla' with 512 in_channels
VQ Model Parameters: 69609635
dataset name: ImageNet
len train_set: 1281167
len val_set: 50000
Start training...
epoch:1, cur_lr:0.000100
Train Epoch: [1/2] Iters:[10/10009] transplant_loss 15.2325, rec_loss 0.1852, quant_error 2.9280, utilization 0.0339, perplexity 212.7914,
Train Epoch: [1/2] Iters:[20/10009] transplant_loss 20.9299, rec_loss 0.1603, quant_error 2.6395, utilization 0.0209, perplexity 121.0898,
Train Epoch: [1/2] Iters:[30/10009] transplant_loss 23.6718, rec_loss 0.1469, quant_error 2.4850, utilization 0.0234, perplexity 96.5187,
Train Epoch: [1/2] Iters:[40/10009] transplant_loss 24.8538, rec_loss 0.1386, quant_error 2.3816, utilization 0.0409, perplexity 94.3074,
Train Epoch: [1/2] Iters:[50/10009] transplant_loss 24.6400, rec_loss 0.1329, quant_error 2.2969, utilization 0.0715, perplexity 124.9678,
Train Epoch: [1/2] Iters:[60/10009] transplant_loss 24.5722, rec_loss 0.1160, quant_error 2.0793, utilization 0.1255, perplexity 235.4378,
Train Epoch: [1/2] Iters:[70/10009] transplant_loss 21.2274, rec_loss 0.1065, quant_error 1.9399, utilization 0.1996, perplexity 635.4016,
Train Epoch: [1/2] Iters:[80/10009] transplant_loss 17.0693, rec_loss 0.0992, quant_error 1.8162, utilization 0.2799, perplexity 1286.3446,
Train Epoch: [1/2] Iters:[90/10009] transplant_loss 12.8517, rec_loss 0.0927, quant_error 1.6963, utilization 0.3585, perplexity 2170.9322,
Train Epoch: [1/2] Iters:[100/10009] transplant_loss 9.4151, rec_loss 0.0861, quant_error 1.5775, utilization 0.4245, perplexity 3159.8292,
Train Epoch: [1/2] Iters:[110/10009] transplant_loss 7.7398, rec_loss 0.0807, quant_error 1.4639, utilization 0.4747, perplexity 4148.3014,
Train Epoch: [1/2] Iters:[120/10009] transplant_loss 7.0703, rec_loss 0.0778, quant_error 1.3668, utilization 0.5138, perplexity 4950.2225,
Train Epoch: [1/2] Iters:[130/10009] transplant_loss 6.7479, rec_loss 0.0747, quant_error 1.2753, utilization 0.5446, perplexity 5539.3257,
Train Epoch: [1/2] Iters:[140/10009] transplant_loss 6.6366, rec_loss 0.0730, quant_error 1.1952, utilization 0.5671, perplexity 5944.9941,
Train Epoch: [1/2] Iters:[150/10009] transplant_loss 6.6482, rec_loss 0.0714, quant_error 1.1279, utilization 0.5850, perplexity 6272.9519,
Train Epoch: [1/2] Iters:[160/10009] transplant_loss 6.5911, rec_loss 0.0703, quant_error 1.0696, utilization 0.6005, perplexity 6582.5047,
Train Epoch: [1/2] Iters:[170/10009] transplant_loss 6.4925, rec_loss 0.0688, quant_error 1.0272, utilization 0.6154, perplexity 6878.0201,
Train Epoch: [1/2] Iters:[180/10009] transplant_loss 6.3099, rec_loss 0.0683, quant_error 0.9958, utilization 0.6302, perplexity 7154.8123,
Train Epoch: [1/2] Iters:[190/10009] transplant_loss 6.1221, rec_loss 0.0677, quant_error 0.9705, utilization 0.6432, perplexity 7407.8398,
Train Epoch: [1/2] Iters:[200/10009] transplant_loss 5.8977, rec_loss 0.0673, quant_error 0.9484, utilization 0.6548, perplexity 7602.7000,
Train Epoch: [1/2] Iters:[210/10009] transplant_loss 5.7117, rec_loss 0.0660, quant_error 0.9316, utilization 0.6623, perplexity 7729.1254,
Train Epoch: [1/2] Iters:[220/10009] transplant_loss 5.5508, rec_loss 0.0659, quant_error 0.9203, utilization 0.6667, perplexity 7783.4317,
Train Epoch: [1/2] Iters:[230/10009] transplant_loss 5.3795, rec_loss 0.0657, quant_error 0.9073, utilization 0.6679, perplexity 7795.2327,
Train Epoch: [1/2] Iters:[240/10009] transplant_loss 5.2112, rec_loss 0.0642, quant_error 0.8939, utilization 0.6676, perplexity 7778.3884,
Train Epoch: [1/2] Iters:[250/10009] transplant_loss 5.0419, rec_loss 0.0630, quant_error 0.8802, utilization 0.6641, perplexity 7693.7087,
Train Epoch: [1/2] Iters:[260/10009] transplant_loss 4.9263, rec_loss 0.0629, quant_error 0.8710, utilization 0.6591, perplexity 7591.2430,
Train Epoch: [1/2] Iters:[270/10009] transplant_loss 4.8014, rec_loss 0.0626, quant_error 0.8594, utilization 0.6527, perplexity 7480.6139,
Train Epoch: [1/2] Iters:[280/10009] transplant_loss 4.7085, rec_loss 0.0617, quant_error 0.8493, utilization 0.6459, perplexity 7352.7480,
Train Epoch: [1/2] Iters:[290/10009] transplant_loss 4.6133, rec_loss 0.0611, quant_error 0.8400, utilization 0.6382, perplexity 7206.1611,
Train Epoch: [1/2] Iters:[300/10009] transplant_loss 4.5600, rec_loss 0.0612, quant_error 0.8348, utilization 0.6320, perplexity 7134.8484,
Train Epoch: [1/2] Iters:[310/10009] transplant_loss 4.4960, rec_loss 0.0609, quant_error 0.8274, utilization 0.6272, perplexity 7071.0056,
Train Epoch: [1/2] Iters:[320/10009] transplant_loss 4.4322, rec_loss 0.0596, quant_error 0.8203, utilization 0.6234, perplexity 7021.8496,
Train Epoch: [1/2] Iters:[330/10009] transplant_loss 4.3875, rec_loss 0.0590, quant_error 0.8116, utilization 0.6215, perplexity 7026.1516,
Train Epoch: [1/2] Iters:[340/10009] transplant_loss 4.3581, rec_loss 0.0590, quant_error 0.8053, utilization 0.6206, perplexity 7049.6385,
Train Epoch: [1/2] Iters:[350/10009] transplant_loss 4.3297, rec_loss 0.0582, quant_error 0.7973, utilization 0.6201, perplexity 7054.0350,
Train Epoch: [1/2] Iters:[360/10009] transplant_loss 4.3215, rec_loss 0.0577, quant_error 0.7912, utilization 0.6202, perplexity 7066.3262,
Train Epoch: [1/2] Iters:[370/10009] transplant_loss 4.3120, rec_loss 0.0579, quant_error 0.7847, utilization 0.6200, perplexity 7074.5706,
Train Epoch: [1/2] Iters:[380/10009] transplant_loss 4.3036, rec_loss 0.0575, quant_error 0.7801, utilization 0.6203, perplexity 7089.0130,
Train Epoch: [1/2] Iters:[390/10009] transplant_loss 4.2655, rec_loss 0.0566, quant_error 0.7720, utilization 0.6212, perplexity 7110.1821,
Train Epoch: [1/2] Iters:[400/10009] transplant_loss 4.2339, rec_loss 0.0564, quant_error 0.7660, utilization 0.6230, perplexity 7155.8620,
Train Epoch: [1/2] Iters:[410/10009] transplant_loss 4.1907, rec_loss 0.0558, quant_error 0.7605, utilization 0.6241, perplexity 7194.9974,
Train Epoch: [1/2] Iters:[420/10009] transplant_loss 4.1705, rec_loss 0.0551, quant_error 0.7559, utilization 0.6260, perplexity 7253.2395,
Train Epoch: [1/2] Iters:[430/10009] transplant_loss 4.1368, rec_loss 0.0553, quant_error 0.7516, utilization 0.6271, perplexity 7283.4814,
Train Epoch: [1/2] Iters:[440/10009] transplant_loss 4.1314, rec_loss 0.0556, quant_error 0.7490, utilization 0.6286, perplexity 7318.5738,
Train Epoch: [1/2] Iters:[450/10009] transplant_loss 4.1359, rec_loss 0.0551, quant_error 0.7454, utilization 0.6300, perplexity 7367.3394,
Train Epoch: [1/2] Iters:[460/10009] transplant_loss 4.1191, rec_loss 0.0548, quant_error 0.7414, utilization 0.6316, perplexity 7410.3677,
Train Epoch: [1/2] Iters:[470/10009] transplant_loss 4.0845, rec_loss 0.0542, quant_error 0.7356, utilization 0.6338, perplexity 7453.6027,
Train Epoch: [1/2] Iters:[480/10009] transplant_loss 4.0771, rec_loss 0.0541, quant_error 0.7331, utilization 0.6366, perplexity 7526.5982,
Train Epoch: [1/2] Iters:[490/10009] transplant_loss 4.0497, rec_loss 0.0536, quant_error 0.7260, utilization 0.6381, perplexity 7573.8556,
Train Epoch: [1/2] Iters:[500/10009] transplant_loss 4.0065, rec_loss 0.0535, quant_error 0.7222, utilization 0.6391, perplexity 7595.1804,
Train Epoch: [1/2] Iters:[510/10009] transplant_loss 4.0051, rec_loss 0.0533, quant_error 0.7179, utilization 0.6409, perplexity 7619.7152,
Train Epoch: [1/2] Iters:[520/10009] transplant_loss 4.0033, rec_loss 0.0538, quant_error 0.7163, utilization 0.6428, perplexity 7672.3770,
Train Epoch: [1/2] Iters:[530/10009] transplant_loss 3.9919, rec_loss 0.0531, quant_error 0.7129, utilization 0.6443, perplexity 7709.9550,
Train Epoch: [1/2] Iters:[540/10009] transplant_loss 3.9799, rec_loss 0.0525, quant_error 0.7109, utilization 0.6470, perplexity 7769.3038,
Train Epoch: [1/2] Iters:[550/10009] transplant_loss 3.9947, rec_loss 0.0525, quant_error 0.7080, utilization 0.6489, perplexity 7814.8011,
Train Epoch: [1/2] Iters:[560/10009] transplant_loss 3.9746, rec_loss 0.0528, quant_error 0.7059, utilization 0.6505, perplexity 7869.9922,
Train Epoch: [1/2] Iters:[570/10009] transplant_loss 3.9841, rec_loss 0.0528, quant_error 0.7053, utilization 0.6524, perplexity 7906.5002,
Train Epoch: [1/2] Iters:[580/10009] transplant_loss 3.9811, rec_loss 0.0536, quant_error 0.7036, utilization 0.6538, perplexity 7939.5420,
Train Epoch: [1/2] Iters:[590/10009] transplant_loss 4.0004, rec_loss 0.0540, quant_error 0.7049, utilization 0.6549, perplexity 7962.0045,
Train Epoch: [1/2] Iters:[600/10009] transplant_loss 3.9744, rec_loss 0.0541, quant_error 0.7013, utilization 0.6568, perplexity 8007.6531,
Train Epoch: [1/2] Iters:[610/10009] transplant_loss 3.9532, rec_loss 0.0536, quant_error 0.6983, utilization 0.6579, perplexity 8017.9632,
Train Epoch: [1/2] Iters:[620/10009] transplant_loss 3.9214, rec_loss 0.0537, quant_error 0.6938, utilization 0.6591, perplexity 8047.9895,
Train Epoch: [1/2] Iters:[630/10009] transplant_loss 3.9099, rec_loss 0.0539, quant_error 0.6935, utilization 0.6606, perplexity 8071.8701,
Train Epoch: [1/2] Iters:[640/10009] transplant_loss 3.8764, rec_loss 0.0535, quant_error 0.6888, utilization 0.6623, perplexity 8093.8618,
Train Epoch: [1/2] Iters:[650/10009] transplant_loss 3.8910, rec_loss 0.0534, quant_error 0.6878, utilization 0.6637, perplexity 8126.9801,
Train Epoch: [1/2] Iters:[660/10009] transplant_loss 3.9145, rec_loss 0.0537, quant_error 0.6876, utilization 0.6659, perplexity 8193.2904,
Train Epoch: [1/2] Iters:[670/10009] transplant_loss 3.9188, rec_loss 0.0528, quant_error 0.6865, utilization 0.6673, perplexity 8213.0275,
Train Epoch: [1/2] Iters:[680/10009] transplant_loss 3.8927, rec_loss 0.0515, quant_error 0.6782, utilization 0.6685, perplexity 8236.9052,
Train Epoch: [1/2] Iters:[690/10009] transplant_loss 3.8960, rec_loss 0.0518, quant_error 0.6789, utilization 0.6694, perplexity 8268.2135,
Train Epoch: [1/2] Iters:[700/10009] transplant_loss 3.8739, rec_loss 0.0518, quant_error 0.6777, utilization 0.6713, perplexity 8299.9483,
Train Epoch: [1/2] Iters:[710/10009] transplant_loss 3.8509, rec_loss 0.0518, quant_error 0.6760, utilization 0.6727, perplexity 8320.5268,
Train Epoch: [1/2] Iters:[720/10009] transplant_loss 3.8449, rec_loss 0.0516, quant_error 0.6734, utilization 0.6745, perplexity 8352.4124,
Train Epoch: [1/2] Iters:[730/10009] transplant_loss 3.8619, rec_loss 0.0516, quant_error 0.6752, utilization 0.6762, perplexity 8402.1677,
Train Epoch: [1/2] Iters:[740/10009] transplant_loss 3.8588, rec_loss 0.0515, quant_error 0.6719, utilization 0.6773, perplexity 8413.2230,
Train Epoch: [1/2] Iters:[750/10009] transplant_loss 3.8593, rec_loss 0.0511, quant_error 0.6730, utilization 0.6769, perplexity 8395.4509,
Train Epoch: [1/2] Iters:[760/10009] transplant_loss 3.8789, rec_loss 0.0515, quant_error 0.6724, utilization 0.6774, perplexity 8400.9506,
Train Epoch: [1/2] Iters:[770/10009] transplant_loss 3.8849, rec_loss 0.0519, quant_error 0.6719, utilization 0.6780, perplexity 8419.6380,
Train Epoch: [1/2] Iters:[780/10009] transplant_loss 3.8657, rec_loss 0.0520, quant_error 0.6682, utilization 0.6789, perplexity 8435.6275,
Train Epoch: [1/2] Iters:[790/10009] transplant_loss 3.8570, rec_loss 0.0518, quant_error 0.6664, utilization 0.6803, perplexity 8472.1148,
Train Epoch: [1/2] Iters:[800/10009] transplant_loss 3.8590, rec_loss 0.0523, quant_error 0.6635, utilization 0.6828, perplexity 8522.3690,
Train Epoch: [1/2] Iters:[810/10009] transplant_loss 3.8227, rec_loss 0.0519, quant_error 0.6600, utilization 0.6845, perplexity 8549.7524,
Train Epoch: [1/2] Iters:[820/10009] transplant_loss 3.7999, rec_loss 0.0512, quant_error 0.6571, utilization 0.6859, perplexity 8577.4976,
Train Epoch: [1/2] Iters:[830/10009] transplant_loss 3.8044, rec_loss 0.0513, quant_error 0.6581, utilization 0.6871, perplexity 8588.8921,
Train Epoch: [1/2] Iters:[840/10009] transplant_loss 3.8093, rec_loss 0.0513, quant_error 0.6585, utilization 0.6881, perplexity 8604.5089,
Train Epoch: [1/2] Iters:[850/10009] transplant_loss 3.7946, rec_loss 0.0508, quant_error 0.6569, utilization 0.6889, perplexity 8633.0113,
Train Epoch: [1/2] Iters:[860/10009] transplant_loss 3.7861, rec_loss 0.0501, quant_error 0.6542, utilization 0.6902, perplexity 8671.2901,
Train Epoch: [1/2] Iters:[870/10009] transplant_loss 3.7949, rec_loss 0.0507, quant_error 0.6560, utilization 0.6918, perplexity 8710.3326,
Train Epoch: [1/2] Iters:[880/10009] transplant_loss 3.8061, rec_loss 0.0508, quant_error 0.6562, utilization 0.6929, perplexity 8725.8455,
Train Epoch: [1/2] Iters:[890/10009] transplant_loss 3.8068, rec_loss 0.0510, quant_error 0.6567, utilization 0.6942, perplexity 8767.9138,
Train Epoch: [1/2] Iters:[900/10009] transplant_loss 3.8175, rec_loss 0.0508, quant_error 0.6560, utilization 0.6953, perplexity 8788.6676,
Train Epoch: [1/2] Iters:[910/10009] transplant_loss 3.8361, rec_loss 0.0510, quant_error 0.6571, utilization 0.6960, perplexity 8789.3372,
Train Epoch: [1/2] Iters:[920/10009] transplant_loss 3.8297, rec_loss 0.0511, quant_error 0.6550, utilization 0.6967, perplexity 8800.5020,
Train Epoch: [1/2] Iters:[930/10009] transplant_loss 3.8153, rec_loss 0.0510, quant_error 0.6529, utilization 0.6979, perplexity 8813.6945,
Train Epoch: [1/2] Iters:[940/10009] transplant_loss 3.7945, rec_loss 0.0511, quant_error 0.6492, utilization 0.6991, perplexity 8826.9277,
Train Epoch: [1/2] Iters:[950/10009] transplant_loss 3.7791, rec_loss 0.0510, quant_error 0.6477, utilization 0.7001, perplexity 8841.8465,
Train Epoch: [1/2] Iters:[960/10009] transplant_loss 3.7669, rec_loss 0.0511, quant_error 0.6468, utilization 0.7015, perplexity 8870.9690,
Train Epoch: [1/2] Iters:[970/10009] transplant_loss 3.7692, rec_loss 0.0508, quant_error 0.6450, utilization 0.7024, perplexity 8888.1192,
Train Epoch: [1/2] Iters:[980/10009] transplant_loss 3.7846, rec_loss 0.0510, quant_error 0.6473, utilization 0.7030, perplexity 8912.4549,
Train Epoch: [1/2] Iters:[990/10009] transplant_loss 3.8057, rec_loss 0.0509, quant_error 0.6485, utilization 0.7040, perplexity 8932.2769,
Train Epoch: [1/2] Iters:[1000/10009] transplant_loss 3.8236, rec_loss 0.0516, quant_error 0.6506, utilization 0.7041, perplexity 8941.8159,
Train Epoch: [1/2] Iters:[1010/10009] transplant_loss 3.8376, rec_loss 0.0517, quant_error 0.6502, utilization 0.7045, perplexity 8943.0367,
Train Epoch: [1/2] Iters:[1020/10009] transplant_loss 3.8317, rec_loss 0.0512, quant_error 0.6495, utilization 0.7043, perplexity 8934.5777,
Train Epoch: [1/2] Iters:[1030/10009] transplant_loss 3.8276, rec_loss 0.0511, quant_error 0.6470, utilization 0.7053, perplexity 8962.6256,
Train Epoch: [1/2] Iters:[1040/10009] transplant_loss 3.7995, rec_loss 0.0506, quant_error 0.6433, utilization 0.7055, perplexity 8962.7502,
Train Epoch: [1/2] Iters:[1050/10009] transplant_loss 3.7825, rec_loss 0.0503, quant_error 0.6403, utilization 0.7062, perplexity 8968.9698,
Train Epoch: [1/2] Iters:[1060/10009] transplant_loss 3.7685, rec_loss 0.0505, quant_error 0.6402, utilization 0.7074, perplexity 8999.5443,
Train Epoch: [1/2] Iters:[1070/10009] transplant_loss 3.7630, rec_loss 0.0507, quant_error 0.6402, utilization 0.7089, perplexity 9035.0297,
Train Epoch: [1/2] Iters:[1080/10009] transplant_loss 3.7432, rec_loss 0.0506, quant_error 0.6379, utilization 0.7096, perplexity 9033.8829,
Train Epoch: [1/2] Iters:[1090/10009] transplant_loss 3.7440, rec_loss 0.0507, quant_error 0.6376, utilization 0.7106, perplexity 9054.6120,
Train Epoch: [1/2] Iters:[1100/10009] transplant_loss 3.7579, rec_loss 0.0506, quant_error 0.6390, utilization 0.7120, perplexity 9084.8864,
Train Epoch: [1/2] Iters:[1110/10009] transplant_loss 3.7787, rec_loss 0.0497, quant_error 0.6383, utilization 0.7118, perplexity 9080.8193,
Train Epoch: [1/2] Iters:[1120/10009] transplant_loss 3.7697, rec_loss 0.0498, quant_error 0.6355, utilization 0.7123, perplexity 9085.4155,
Train Epoch: [1/2] Iters:[1130/10009] transplant_loss 3.7773, rec_loss 0.0498, quant_error 0.6350, utilization 0.7134, perplexity 9123.3490,
Train Epoch: [1/2] Iters:[1140/10009] transplant_loss 3.7881, rec_loss 0.0501, quant_error 0.6366, utilization 0.7142, perplexity 9136.1913,
Train Epoch: [1/2] Iters:[1150/10009] transplant_loss 3.7779, rec_loss 0.0496, quant_error 0.6330, utilization 0.7141, perplexity 9132.8579,
Train Epoch: [1/2] Iters:[1160/10009] transplant_loss 3.7466, rec_loss 0.0498, quant_error 0.6317, utilization 0.7144, perplexity 9131.4470,
Train Epoch: [1/2] Iters:[1170/10009] transplant_loss 3.7481, rec_loss 0.0493, quant_error 0.6314, utilization 0.7146, perplexity 9115.2391,
Train Epoch: [1/2] Iters:[1180/10009] transplant_loss 3.7220, rec_loss 0.0493, quant_error 0.6301, utilization 0.7152, perplexity 9113.7210,
Train Epoch: [1/2] Iters:[1190/10009] transplant_loss 3.7041, rec_loss 0.0491, quant_error 0.6264, utilization 0.7160, perplexity 9120.8271,
Train Epoch: [1/2] Iters:[1200/10009] transplant_loss 3.6715, rec_loss 0.0487, quant_error 0.6241, utilization 0.7165, perplexity 9106.0335,
Train Epoch: [1/2] Iters:[1210/10009] transplant_loss 3.6925, rec_loss 0.0493, quant_error 0.6258, utilization 0.7186, perplexity 9158.9779,
Train Epoch: [1/2] Iters:[1220/10009] transplant_loss 3.6878, rec_loss 0.0496, quant_error 0.6252, utilization 0.7195, perplexity 9179.2834,
Train Epoch: [1/2] Iters:[1230/10009] transplant_loss 3.7091, rec_loss 0.0496, quant_error 0.6275, utilization 0.7201, perplexity 9187.8905,
Train Epoch: [1/2] Iters:[1240/10009] transplant_loss 3.7056, rec_loss 0.0496, quant_error 0.6268, utilization 0.7205, perplexity 9208.8947,
Train Epoch: [1/2] Iters:[1250/10009] transplant_loss 3.7147, rec_loss 0.0497, quant_error 0.6281, utilization 0.7215, perplexity 9261.8997,
Train Epoch: [1/2] Iters:[1260/10009] transplant_loss 3.6991, rec_loss 0.0493, quant_error 0.6255, utilization 0.7219, perplexity 9252.7113,
Train Epoch: [1/2] Iters:[1270/10009] transplant_loss 3.6900, rec_loss 0.0493, quant_error 0.6247, utilization 0.7228, perplexity 9269.9531,
Train Epoch: [1/2] Iters:[1280/10009] transplant_loss 3.6837, rec_loss 0.0490, quant_error 0.6228, utilization 0.7231, perplexity 9276.6120,
Train Epoch: [1/2] Iters:[1290/10009] transplant_loss 3.6757, rec_loss 0.0485, quant_error 0.6218, utilization 0.7234, perplexity 9278.8716,
Train Epoch: [1/2] Iters:[1300/10009] transplant_loss 3.6888, rec_loss 0.0486, quant_error 0.6221, utilization 0.7245, perplexity 9305.0586,
Train Epoch: [1/2] Iters:[1310/10009] transplant_loss 3.6704, rec_loss 0.0480, quant_error 0.6201, utilization 0.7244, perplexity 9300.2601,
Train Epoch: [1/2] Iters:[1320/10009] transplant_loss 3.6768, rec_loss 0.0479, quant_error 0.6206, utilization 0.7254, perplexity 9333.5454,
Train Epoch: [1/2] Iters:[1330/10009] transplant_loss 3.6610, rec_loss 0.0477, quant_error 0.6190, utilization 0.7260, perplexity 9358.3038,
Train Epoch: [1/2] Iters:[1340/10009] transplant_loss 3.6720, rec_loss 0.0478, quant_error 0.6207, utilization 0.7264, perplexity 9359.4591,
Train Epoch: [1/2] Iters:[1350/10009] transplant_loss 3.6601, rec_loss 0.0477, quant_error 0.6194, utilization 0.7266, perplexity 9349.5997,
Train Epoch: [1/2] Iters:[1360/10009] transplant_loss 3.6634, rec_loss 0.0480, quant_error 0.6185, utilization 0.7272, perplexity 9362.8135,
Train Epoch: [1/2] Iters:[1370/10009] transplant_loss 3.6615, rec_loss 0.0480, quant_error 0.6187, utilization 0.7269, perplexity 9362.6461,
Train Epoch: [1/2] Iters:[1380/10009] transplant_loss 3.6696, rec_loss 0.0486, quant_error 0.6187, utilization 0.7277, perplexity 9370.0000,
Train Epoch: [1/2] Iters:[1390/10009] transplant_loss 3.6593, rec_loss 0.0482, quant_error 0.6161, utilization 0.7284, perplexity 9374.7008,
Train Epoch: [1/2] Iters:[1400/10009] transplant_loss 3.6544, rec_loss 0.0482, quant_error 0.6153, utilization 0.7290, perplexity 9384.2034,
Train Epoch: [1/2] Iters:[1410/10009] transplant_loss 3.6503, rec_loss 0.0483, quant_error 0.6151, utilization 0.7306, perplexity 9429.7202,
Train Epoch: [1/2] Iters:[1420/10009] transplant_loss 3.6520, rec_loss 0.0489, quant_error 0.6142, utilization 0.7316, perplexity 9433.0716,
Train Epoch: [1/2] Iters:[1430/10009] transplant_loss 3.6378, rec_loss 0.0482, quant_error 0.6131, utilization 0.7314, perplexity 9414.4599,
Train Epoch: [1/2] Iters:[1440/10009] transplant_loss 3.6464, rec_loss 0.0487, quant_error 0.6144, utilization 0.7326, perplexity 9460.0137,
Train Epoch: [1/2] Iters:[1450/10009] transplant_loss 3.6470, rec_loss 0.0487, quant_error 0.6134, utilization 0.7329, perplexity 9461.7847,
Train Epoch: [1/2] Iters:[1460/10009] transplant_loss 3.6663, rec_loss 0.0494, quant_error 0.6171, utilization 0.7328, perplexity 9460.5586,
Train Epoch: [1/2] Iters:[1470/10009] transplant_loss 3.6682, rec_loss 0.0487, quant_error 0.6161, utilization 0.7329, perplexity 9480.7696,
Train Epoch: [1/2] Iters:[1480/10009] transplant_loss 3.6769, rec_loss 0.0495, quant_error 0.6176, utilization 0.7330, perplexity 9495.1170,
Train Epoch: [1/2] Iters:[1490/10009] transplant_loss 3.6742, rec_loss 0.0495, quant_error 0.6165, utilization 0.7326, perplexity 9489.6405,
Train Epoch: [1/2] Iters:[1500/10009] transplant_loss 3.6743, rec_loss 0.0497, quant_error 0.6183, utilization 0.7329, perplexity 9493.2870,
Train Epoch: [1/2] Iters:[1510/10009] transplant_loss 3.6557, rec_loss 0.0493, quant_error 0.6152, utilization 0.7335, perplexity 9493.9959,
Train Epoch: [1/2] Iters:[1520/10009] transplant_loss 3.6499, rec_loss 0.0496, quant_error 0.6142, utilization 0.7346, perplexity 9503.9640,
Train Epoch: [1/2] Iters:[1530/10009] transplant_loss 3.6499, rec_loss 0.0496, quant_error 0.6131, utilization 0.7357, perplexity 9526.8638,
Train Epoch: [1/2] Iters:[1540/10009] transplant_loss 3.6566, rec_loss 0.0490, quant_error 0.6138, utilization 0.7365, perplexity 9535.8131,
Train Epoch: [1/2] Iters:[1550/10009] transplant_loss 3.6595, rec_loss 0.0493, quant_error 0.6127, utilization 0.7371, perplexity 9551.1261,
Train Epoch: [1/2] Iters:[1560/10009] transplant_loss 3.6667, rec_loss 0.0488, quant_error 0.6137, utilization 0.7373, perplexity 9555.7074,
Train Epoch: [1/2] Iters:[1570/10009] transplant_loss 3.6587, rec_loss 0.0485, quant_error 0.6137, utilization 0.7372, perplexity 9552.4356,
Train Epoch: [1/2] Iters:[1580/10009] transplant_loss 3.6598, rec_loss 0.0481, quant_error 0.6129, utilization 0.7374, perplexity 9554.8282,
Train Epoch: [1/2] Iters:[1590/10009] transplant_loss 3.6410, rec_loss 0.0481, quant_error 0.6104, utilization 0.7380, perplexity 9549.7764,
Train Epoch: [1/2] Iters:[1600/10009] transplant_loss 3.6383, rec_loss 0.0484, quant_error 0.6100, utilization 0.7386, perplexity 9569.1123,
Train Epoch: [1/2] Iters:[1610/10009] transplant_loss 3.6359, rec_loss 0.0490, quant_error 0.6093, utilization 0.7389, perplexity 9564.2400,
Train Epoch: [1/2] Iters:[1620/10009] transplant_loss 3.6415, rec_loss 0.0493, quant_error 0.6099, utilization 0.7395, perplexity 9565.8031,
Train Epoch: [1/2] Iters:[1630/10009] transplant_loss 3.6381, rec_loss 0.0492, quant_error 0.6102, utilization 0.7398, perplexity 9552.2881,
Train Epoch: [1/2] Iters:[1640/10009] transplant_loss 3.6320, rec_loss 0.0500, quant_error 0.6097, utilization 0.7401, perplexity 9552.1504,
Train Epoch: [1/2] Iters:[1650/10009] transplant_loss 3.6343, rec_loss 0.0491, quant_error 0.6100, utilization 0.7400, perplexity 9548.0236,
Train Epoch: [1/2] Iters:[1660/10009] transplant_loss 3.6207, rec_loss 0.0482, quant_error 0.6065, utilization 0.7401, perplexity 9549.7743,
Train Epoch: [1/2] Iters:[1670/10009] transplant_loss 3.6253, rec_loss 0.0485, quant_error 0.6088, utilization 0.7402, perplexity 9562.8340,
Train Epoch: [1/2] Iters:[1680/10009] transplant_loss 3.6164, rec_loss 0.0485, quant_error 0.6065, utilization 0.7408, perplexity 9592.7550,
Train Epoch: [1/2] Iters:[1690/10009] transplant_loss 3.6223, rec_loss 0.0483, quant_error 0.6072, utilization 0.7408, perplexity 9612.6602,
Train Epoch: [1/2] Iters:[1700/10009] transplant_loss 3.6056, rec_loss 0.0481, quant_error 0.6037, utilization 0.7416, perplexity 9624.4392,
Train Epoch: [1/2] Iters:[1710/10009] transplant_loss 3.6100, rec_loss 0.0486, quant_error 0.6052, utilization 0.7426, perplexity 9659.2926,
Train Epoch: [1/2] Iters:[1720/10009] transplant_loss 3.5991, rec_loss 0.0483, quant_error 0.6015, utilization 0.7430, perplexity 9660.9547,
Train Epoch: [1/2] Iters:[1730/10009] transplant_loss 3.6102, rec_loss 0.0486, quant_error 0.6041, utilization 0.7432, perplexity 9664.5637,
Train Epoch: [1/2] Iters:[1740/10009] transplant_loss 3.6230, rec_loss 0.0486, quant_error 0.6051, utilization 0.7437, perplexity 9666.2579,
Train Epoch: [1/2] Iters:[1750/10009] transplant_loss 3.6358, rec_loss 0.0489, quant_error 0.6058, utilization 0.7439, perplexity 9682.6641,
Train Epoch: [1/2] Iters:[1760/10009] transplant_loss 3.6368, rec_loss 0.0488, quant_error 0.6047, utilization 0.7439, perplexity 9681.1370,
Train Epoch: [1/2] Iters:[1770/10009] transplant_loss 3.6303, rec_loss 0.0489, quant_error 0.6053, utilization 0.7439, perplexity 9678.3676,
Train Epoch: [1/2] Iters:[1780/10009] transplant_loss 3.6137, rec_loss 0.0484, quant_error 0.6025, utilization 0.7444, perplexity 9692.4267,
Train Epoch: [1/2] Iters:[1790/10009] transplant_loss 3.6020, rec_loss 0.0487, quant_error 0.6011, utilization 0.7446, perplexity 9690.7921,
Train Epoch: [1/2] Iters:[1800/10009] transplant_loss 3.5875, rec_loss 0.0489, quant_error 0.6014, utilization 0.7449, perplexity 9698.2691,
Train Epoch: [1/2] Iters:[1810/10009] transplant_loss 3.5825, rec_loss 0.0485, quant_error 0.6009, utilization 0.7451, perplexity 9697.6471,
Train Epoch: [1/2] Iters:[1820/10009] transplant_loss 3.5871, rec_loss 0.0480, quant_error 0.5999, utilization 0.7462, perplexity 9729.6003,
Train Epoch: [1/2] Iters:[1830/10009] transplant_loss 3.5848, rec_loss 0.0482, quant_error 0.5990, utilization 0.7458, perplexity 9707.3808,
Train Epoch: [1/2] Iters:[1840/10009] transplant_loss 3.5858, rec_loss 0.0476, quant_error 0.5992, utilization 0.7466, perplexity 9734.4307,
Train Epoch: [1/2] Iters:[1850/10009] transplant_loss 3.5910, rec_loss 0.0476, quant_error 0.5991, utilization 0.7473, perplexity 9748.0816,
Train Epoch: [1/2] Iters:[1860/10009] transplant_loss 3.5840, rec_loss 0.0476, quant_error 0.5987, utilization 0.7479, perplexity 9760.4320,
Train Epoch: [1/2] Iters:[1870/10009] transplant_loss 3.5810, rec_loss 0.0475, quant_error 0.5988, utilization 0.7476, perplexity 9748.7915,
Train Epoch: [1/2] Iters:[1880/10009] transplant_loss 3.5862, rec_loss 0.0475, quant_error 0.5997, utilization 0.7484, perplexity 9771.1014,
Train Epoch: [1/2] Iters:[1890/10009] transplant_loss 3.5765, rec_loss 0.0472, quant_error 0.5984, utilization 0.7490, perplexity 9773.6429,
Train Epoch: [1/2] Iters:[1900/10009] transplant_loss 3.5781, rec_loss 0.0474, quant_error 0.5992, utilization 0.7492, perplexity 9772.0621,
Train Epoch: [1/2] Iters:[1910/10009] transplant_loss 3.5894, rec_loss 0.0479, quant_error 0.6007, utilization 0.7495, perplexity 9783.8597,
Train Epoch: [1/2] Iters:[1920/10009] transplant_loss 3.5931, rec_loss 0.0482, quant_error 0.6001, utilization 0.7499, perplexity 9800.8633,
Train Epoch: [1/2] Iters:[1930/10009] transplant_loss 3.5787, rec_loss 0.0479, quant_error 0.5979, utilization 0.7500, perplexity 9793.2895,
Train Epoch: [1/2] Iters:[1940/10009] transplant_loss 3.5809, rec_loss 0.0486, quant_error 0.5982, utilization 0.7496, perplexity 9779.1268,
Train Epoch: [1/2] Iters:[1950/10009] transplant_loss 3.5755, rec_loss 0.0487, quant_error 0.5968, utilization 0.7495, perplexity 9764.0739,
Train Epoch: [1/2] Iters:[1960/10009] transplant_loss 3.5630, rec_loss 0.0486, quant_error 0.5954, utilization 0.7495, perplexity 9741.4145,
Train Epoch: [1/2] Iters:[1970/10009] transplant_loss 3.5659, rec_loss 0.0483, quant_error 0.5954, utilization 0.7500, perplexity 9745.4702,
Train Epoch: [1/2] Iters:[1980/10009] transplant_loss 3.5768, rec_loss 0.0487, quant_error 0.5978, utilization 0.7509, perplexity 9774.7465,
Train Epoch: [1/2] Iters:[1990/10009] transplant_loss 3.5822, rec_loss 0.0482, quant_error 0.5978, utilization 0.7514, perplexity 9785.0898,
Train Epoch: [1/2] Iters:[2000/10009] transplant_loss 3.5753, rec_loss 0.0482, quant_error 0.5972, utilization 0.7512, perplexity 9780.9189,
Train Epoch: [1/2] Iters:[2010/10009] transplant_loss 3.5804, rec_loss 0.0480, quant_error 0.5977, utilization 0.7519, perplexity 9796.6809,
Train Epoch: [1/2] Iters:[2020/10009] transplant_loss 3.5828, rec_loss 0.0486, quant_error 0.5988, utilization 0.7523, perplexity 9814.1495,
Train Epoch: [1/2] Iters:[2030/10009] transplant_loss 3.5836, rec_loss 0.0488, quant_error 0.5976, utilization 0.7524, perplexity 9815.9541,
Train Epoch: [1/2] Iters:[2040/10009] transplant_loss 3.5705, rec_loss 0.0488, quant_error 0.5961, utilization 0.7524, perplexity 9828.8038,
Train Epoch: [1/2] Iters:[2050/10009] transplant_loss 3.5787, rec_loss 0.0483, quant_error 0.5955, utilization 0.7529, perplexity 9851.2947,
Train Epoch: [1/2] Iters:[2060/10009] transplant_loss 3.5694, rec_loss 0.0480, quant_error 0.5933, utilization 0.7529, perplexity 9857.0743,
Train Epoch: [1/2] Iters:[2070/10009] transplant_loss 3.5566, rec_loss 0.0476, quant_error 0.5926, utilization 0.7533, perplexity 9844.8434,
Train Epoch: [1/2] Iters:[2080/10009] transplant_loss 3.5521, rec_loss 0.0475, quant_error 0.5919, utilization 0.7534, perplexity 9845.1296,
Train Epoch: [1/2] Iters:[2090/10009] transplant_loss 3.5615, rec_loss 0.0478, quant_error 0.5943, utilization 0.7542, perplexity 9856.4430,
Train Epoch: [1/2] Iters:[2100/10009] transplant_loss 3.5552, rec_loss 0.0480, quant_error 0.5946, utilization 0.7547, perplexity 9852.5015,
Train Epoch: [1/2] Iters:[2110/10009] transplant_loss 3.5609, rec_loss 0.0482, quant_error 0.5954, utilization 0.7545, perplexity 9848.8424,
Train Epoch: [1/2] Iters:[2120/10009] transplant_loss 3.5693, rec_loss 0.0482, quant_error 0.5952, utilization 0.7545, perplexity 9862.3154,
Train Epoch: [1/2] Iters:[2130/10009] transplant_loss 3.5714, rec_loss 0.0481, quant_error 0.5954, utilization 0.7551, perplexity 9871.5360,
Train Epoch: [1/2] Iters:[2140/10009] transplant_loss 3.5646, rec_loss 0.0480, quant_error 0.5947, utilization 0.7547, perplexity 9857.3284,
Train Epoch: [1/2] Iters:[2150/10009] transplant_loss 3.5577, rec_loss 0.0477, quant_error 0.5926, utilization 0.7545, perplexity 9855.4979,
Train Epoch: [1/2] Iters:[2160/10009] transplant_loss 3.5574, rec_loss 0.0481, quant_error 0.5929, utilization 0.7558, perplexity 9896.0263,
Train Epoch: [1/2] Iters:[2170/10009] transplant_loss 3.5326, rec_loss 0.0473, quant_error 0.5907, utilization 0.7559, perplexity 9880.0709,
Train Epoch: [1/2] Iters:[2180/10009] transplant_loss 3.5401, rec_loss 0.0480, quant_error 0.5928, utilization 0.7559, perplexity 9889.6454,
Train Epoch: [1/2] Iters:[2190/10009] transplant_loss 3.5451, rec_loss 0.0482, quant_error 0.5921, utilization 0.7556, perplexity 9874.5615,
Train Epoch: [1/2] Iters:[2200/10009] transplant_loss 3.5574, rec_loss 0.0483, quant_error 0.5937, utilization 0.7564, perplexity 9905.6385,
Train Epoch: [1/2] Iters:[2210/10009] transplant_loss 3.5433, rec_loss 0.0474, quant_error 0.5908, utilization 0.7554, perplexity 9869.5836,
Train Epoch: [1/2] Iters:[2220/10009] transplant_loss 3.5537, rec_loss 0.0476, quant_error 0.5904, utilization 0.7554, perplexity 9873.8104,
Train Epoch: [1/2] Iters:[2230/10009] transplant_loss 3.5431, rec_loss 0.0470, quant_error 0.5877, utilization 0.7554, perplexity 9867.0207,
Train Epoch: [1/2] Iters:[2240/10009] transplant_loss 3.5213, rec_loss 0.0465, quant_error 0.5836, utilization 0.7564, perplexity 9894.9076,
Train Epoch: [1/2] Iters:[2250/10009] transplant_loss 3.5109, rec_loss 0.0466, quant_error 0.5830, utilization 0.7564, perplexity 9887.8373,
Train Epoch: [1/2] Iters:[2260/10009] transplant_loss 3.5120, rec_loss 0.0468, quant_error 0.5844, utilization 0.7570, perplexity 9902.0160,
Train Epoch: [1/2] Iters:[2270/10009] transplant_loss 3.5136, rec_loss 0.0471, quant_error 0.5848, utilization 0.7578, perplexity 9930.8406,
Train Epoch: [1/2] Iters:[2280/10009] transplant_loss 3.5047, rec_loss 0.0472, quant_error 0.5841, utilization 0.7583, perplexity 9942.7245,
Train Epoch: [1/2] Iters:[2290/10009] transplant_loss 3.5217, rec_loss 0.0473, quant_error 0.5876, utilization 0.7586, perplexity 9955.0160,
Train Epoch: [1/2] Iters:[2300/10009] transplant_loss 3.5283, rec_loss 0.0470, quant_error 0.5876, utilization 0.7584, perplexity 9952.4088,
Train Epoch: [1/2] Iters:[2310/10009] transplant_loss 3.5325, rec_loss 0.0471, quant_error 0.5874, utilization 0.7587, perplexity 9963.0388,
Train Epoch: [1/2] Iters:[2320/10009] transplant_loss 3.5345, rec_loss 0.0473, quant_error 0.5888, utilization 0.7584, perplexity 9942.2562,
Train Epoch: [1/2] Iters:[2330/10009] transplant_loss 3.5493, rec_loss 0.0469, quant_error 0.5898, utilization 0.7577, perplexity 9920.2344,
Train Epoch: [1/2] Iters:[2340/10009] transplant_loss 3.5451, rec_loss 0.0468, quant_error 0.5874, utilization 0.7576, perplexity 9919.7176,
Train Epoch: [1/2] Iters:[2350/10009] transplant_loss 3.5387, rec_loss 0.0465, quant_error 0.5856, utilization 0.7579, perplexity 9912.6020,
Train Epoch: [1/2] Iters:[2360/10009] transplant_loss 3.5440, rec_loss 0.0467, quant_error 0.5862, utilization 0.7582, perplexity 9913.7273,
Train Epoch: [1/2] Iters:[2370/10009] transplant_loss 3.5490, rec_loss 0.0470, quant_error 0.5842, utilization 0.7582, perplexity 9914.1698,
Train Epoch: [1/2] Iters:[2380/10009] transplant_loss 3.5427, rec_loss 0.0480, quant_error 0.5840, utilization 0.7591, perplexity 9932.3166,
Train Epoch: [1/2] Iters:[2390/10009] transplant_loss 3.5468, rec_loss 0.0478, quant_error 0.5831, utilization 0.7589, perplexity 9916.2686,
Train Epoch: [1/2] Iters:[2400/10009] transplant_loss 3.5443, rec_loss 0.0480, quant_error 0.5839, utilization 0.7594, perplexity 9930.7503,
Train Epoch: [1/2] Iters:[2410/10009] transplant_loss 3.5394, rec_loss 0.0479, quant_error 0.5823, utilization 0.7597, perplexity 9940.7405,
Train Epoch: [1/2] Iters:[2420/10009] transplant_loss 3.5337, rec_loss 0.0477, quant_error 0.5824, utilization 0.7605, perplexity 9966.3153,
Train Epoch: [1/2] Iters:[2430/10009] transplant_loss 3.5248, rec_loss 0.0469, quant_error 0.5807, utilization 0.7610, perplexity 9979.8635,
Train Epoch: [1/2] Iters:[2440/10009] transplant_loss 3.5198, rec_loss 0.0473, quant_error 0.5827, utilization 0.7615, perplexity 10002.4120,
Train Epoch: [1/2] Iters:[2450/10009] transplant_loss 3.5239, rec_loss 0.0475, quant_error 0.5846, utilization 0.7617, perplexity 10002.0469,
Train Epoch: [1/2] Iters:[2460/10009] transplant_loss 3.5205, rec_loss 0.0477, quant_error 0.5844, utilization 0.7613, perplexity 10000.5789,
Train Epoch: [1/2] Iters:[2470/10009] transplant_loss 3.5128, rec_loss 0.0475, quant_error 0.5846, utilization 0.7617, perplexity 9999.5994,
Train Epoch: [1/2] Iters:[2480/10009] transplant_loss 3.5171, rec_loss 0.0468, quant_error 0.5839, utilization 0.7617, perplexity 10000.6649,
Train Epoch: [1/2] Iters:[2490/10009] transplant_loss 3.5268, rec_loss 0.0467, quant_error 0.5853, utilization 0.7622, perplexity 9995.3846,
Train Epoch: [1/2] Iters:[2500/10009] transplant_loss 3.5280, rec_loss 0.0471, quant_error 0.5839, utilization 0.7619, perplexity 9975.0397,
Train Epoch: [1/2] Iters:[2510/10009] transplant_loss 3.5354, rec_loss 0.0468, quant_error 0.5837, utilization 0.7626, perplexity 9981.2901,
Train Epoch: [1/2] Iters:[2520/10009] transplant_loss 3.5333, rec_loss 0.0470, quant_error 0.5828, utilization 0.7620, perplexity 9955.7627,
Train Epoch: [1/2] Iters:[2530/10009] transplant_loss 3.5383, rec_loss 0.0478, quant_error 0.5845, utilization 0.7622, perplexity 9954.1332,
Train Epoch: [1/2] Iters:[2540/10009] transplant_loss 3.5279, rec_loss 0.0481, quant_error 0.5834, utilization 0.7622, perplexity 9962.9695,
Train Epoch: [1/2] Iters:[2550/10009] transplant_loss 3.5264, rec_loss 0.0480, quant_error 0.5835, utilization 0.7625, perplexity 9985.6758,
Train Epoch: [1/2] Iters:[2560/10009] transplant_loss 3.5276, rec_loss 0.0484, quant_error 0.5848, utilization 0.7624, perplexity 9973.6869,
Train Epoch: [1/2] Iters:[2570/10009] transplant_loss 3.5327, rec_loss 0.0485, quant_error 0.5863, utilization 0.7627, perplexity 10000.5043,
Train Epoch: [1/2] Iters:[2580/10009] transplant_loss 3.5203, rec_loss 0.0484, quant_error 0.5851, utilization 0.7631, perplexity 10009.8010,
Train Epoch: [1/2] Iters:[2590/10009] transplant_loss 3.5214, rec_loss 0.0483, quant_error 0.5850, utilization 0.7635, perplexity 10013.5079,
Train Epoch: [1/2] Iters:[2600/10009] transplant_loss 3.5167, rec_loss 0.0480, quant_error 0.5849, utilization 0.7640, perplexity 10031.7029,
Train Epoch: [1/2] Iters:[2610/10009] transplant_loss 3.5018, rec_loss 0.0475, quant_error 0.5824, utilization 0.7638, perplexity 10025.9544,
Train Epoch: [1/2] Iters:[2620/10009] transplant_loss 3.4938, rec_loss 0.0469, quant_error 0.5810, utilization 0.7640, perplexity 10027.4232,
Train Epoch: [1/2] Iters:[2630/10009] transplant_loss 3.4921, rec_loss 0.0469, quant_error 0.5815, utilization 0.7642, perplexity 10034.4232,
Train Epoch: [1/2] Iters:[2640/10009] transplant_loss 3.4914, rec_loss 0.0467, quant_error 0.5810, utilization 0.7642, perplexity 10043.7241,
Train Epoch: [1/2] Iters:[2650/10009] transplant_loss 3.4881, rec_loss 0.0468, quant_error 0.5807, utilization 0.7645, perplexity 10047.0494,
Train Epoch: [1/2] Iters:[2660/10009] transplant_loss 3.4951, rec_loss 0.0463, quant_error 0.5826, utilization 0.7649, perplexity 10075.0121,
Train Epoch: [1/2] Iters:[2670/10009] transplant_loss 3.4995, rec_loss 0.0467, quant_error 0.5823, utilization 0.7652, perplexity 10073.7815,
Train Epoch: [1/2] Iters:[2680/10009] transplant_loss 3.5253, rec_loss 0.0469, quant_error 0.5835, utilization 0.7650, perplexity 10070.7810,
Train Epoch: [1/2] Iters:[2690/10009] transplant_loss 3.5193, rec_loss 0.0471, quant_error 0.5828, utilization 0.7649, perplexity 10055.7854,
Train Epoch: [1/2] Iters:[2700/10009] transplant_loss 3.5289, rec_loss 0.0468, quant_error 0.5821, utilization 0.7647, perplexity 10047.1503,
Train Epoch: [1/2] Iters:[2710/10009] transplant_loss 3.5285, rec_loss 0.0476, quant_error 0.5824, utilization 0.7647, perplexity 10033.9136,
Train Epoch: [1/2] Iters:[2720/10009] transplant_loss 3.5310, rec_loss 0.0476, quant_error 0.5829, utilization 0.7648, perplexity 10030.4322,
Train Epoch: [1/2] Iters:[2730/10009] transplant_loss 3.5101, rec_loss 0.0469, quant_error 0.5805, utilization 0.7649, perplexity 10020.0322,
Train Epoch: [1/2] Iters:[2740/10009] transplant_loss 3.5183, rec_loss 0.0469, quant_error 0.5819, utilization 0.7653, perplexity 10038.9857,
Train Epoch: [1/2] Iters:[2750/10009] transplant_loss 3.5229, rec_loss 0.0475, quant_error 0.5824, utilization 0.7658, perplexity 10052.4673,
Train Epoch: [1/2] Iters:[2760/10009] transplant_loss 3.5247, rec_loss 0.0477, quant_error 0.5814, utilization 0.7661, perplexity 10065.5106,
Train Epoch: [1/2] Iters:[2770/10009] transplant_loss 3.5122, rec_loss 0.0473, quant_error 0.5787, utilization 0.7660, perplexity 10068.3573,
Train Epoch: [1/2] Iters:[2780/10009] transplant_loss 3.5064, rec_loss 0.0471, quant_error 0.5790, utilization 0.7660, perplexity 10070.4273,
Train Epoch: [1/2] Iters:[2790/10009] transplant_loss 3.5107, rec_loss 0.0474, quant_error 0.5799, utilization 0.7666, perplexity 10088.6048,
Train Epoch: [1/2] Iters:[2800/10009] transplant_loss 3.5029, rec_loss 0.0473, quant_error 0.5795, utilization 0.7664, perplexity 10079.0693,
Train Epoch: [1/2] Iters:[2810/10009] transplant_loss 3.5088, rec_loss 0.0472, quant_error 0.5813, utilization 0.7667, perplexity 10085.7921,
Train Epoch: [1/2] Iters:[2820/10009] transplant_loss 3.5227, rec_loss 0.0478, quant_error 0.5839, utilization 0.7678, perplexity 10127.2687,
Train Epoch: [1/2] Iters:[2830/10009] transplant_loss 3.5175, rec_loss 0.0481, quant_error 0.5828, utilization 0.7678, perplexity 10118.9066,
Train Epoch: [1/2] Iters:[2840/10009] transplant_loss 3.4973, rec_loss 0.0480, quant_error 0.5801, utilization 0.7673, perplexity 10098.0588,
Train Epoch: [1/2] Iters:[2850/10009] transplant_loss 3.4878, rec_loss 0.0474, quant_error 0.5787, utilization 0.7678, perplexity 10116.5262,
Train Epoch: [1/2] Iters:[2860/10009] transplant_loss 3.4757, rec_loss 0.0473, quant_error 0.5761, utilization 0.7681, perplexity 10125.0023,
Train Epoch: [1/2] Iters:[2870/10009] transplant_loss 3.4568, rec_loss 0.0471, quant_error 0.5740, utilization 0.7675, perplexity 10092.1854,
Train Epoch: [1/2] Iters:[2880/10009] transplant_loss 3.4655, rec_loss 0.0473, quant_error 0.5747, utilization 0.7684, perplexity 10125.4793,
Train Epoch: [1/2] Iters:[2890/10009] transplant_loss 3.4631, rec_loss 0.0471, quant_error 0.5740, utilization 0.7689, perplexity 10146.0247,
Train Epoch: [1/2] Iters:[2900/10009] transplant_loss 3.4661, rec_loss 0.0475, quant_error 0.5750, utilization 0.7689, perplexity 10146.9748,
Train Epoch: [1/2] Iters:[2910/10009] transplant_loss 3.4675, rec_loss 0.0469, quant_error 0.5749, utilization 0.7688, perplexity 10140.6174,
Train Epoch: [1/2] Iters:[2920/10009] transplant_loss 3.4812, rec_loss 0.0470, quant_error 0.5762, utilization 0.7688, perplexity 10150.6245,
Train Epoch: [1/2] Iters:[2930/10009] transplant_loss 3.4796, rec_loss 0.0468, quant_error 0.5762, utilization 0.7692, perplexity 10163.6494,
Train Epoch: [1/2] Iters:[2940/10009] transplant_loss 3.4978, rec_loss 0.0471, quant_error 0.5779, utilization 0.7694, perplexity 10172.0091,
Train Epoch: [1/2] Iters:[2950/10009] transplant_loss 3.5022, rec_loss 0.0468, quant_error 0.5781, utilization 0.7697, perplexity 10167.9492,
Train Epoch: [1/2] Iters:[2960/10009] transplant_loss 3.5048, rec_loss 0.0475, quant_error 0.5787, utilization 0.7698, perplexity 10182.6754,
Train Epoch: [1/2] Iters:[2970/10009] transplant_loss 3.5002, rec_loss 0.0473, quant_error 0.5779, utilization 0.7703, perplexity 10190.3465,
Train Epoch: [1/2] Iters:[2980/10009] transplant_loss 3.5016, rec_loss 0.0472, quant_error 0.5785, utilization 0.7696, perplexity 10154.6042,
Train Epoch: [1/2] Iters:[2990/10009] transplant_loss 3.4935, rec_loss 0.0469, quant_error 0.5768, utilization 0.7692, perplexity 10133.3643,
Train Epoch: [1/2] Iters:[3000/10009] transplant_loss 3.4932, rec_loss 0.0469, quant_error 0.5768, utilization 0.7692, perplexity 10134.4623,
Train Epoch: [1/2] Iters:[3010/10009] transplant_loss 3.4841, rec_loss 0.0464, quant_error 0.5747, utilization 0.7687, perplexity 10101.6070,
Train Epoch: [1/2] Iters:[3020/10009] transplant_loss 3.4832, rec_loss 0.0463, quant_error 0.5744, utilization 0.7689, perplexity 10093.5822,
Train Epoch: [1/2] Iters:[3030/10009] transplant_loss 3.4818, rec_loss 0.0469, quant_error 0.5739, utilization 0.7694, perplexity 10114.3133,
Train Epoch: [1/2] Iters:[3040/10009] transplant_loss 3.4760, rec_loss 0.0470, quant_error 0.5733, utilization 0.7692, perplexity 10115.3197,
Train Epoch: [1/2] Iters:[3050/10009] transplant_loss 3.4741, rec_loss 0.0465, quant_error 0.5729, utilization 0.7696, perplexity 10122.0355,
Train Epoch: [1/2] Iters:[3060/10009] transplant_loss 3.4805, rec_loss 0.0468, quant_error 0.5748, utilization 0.7702, perplexity 10140.0711,
Train Epoch: [1/2] Iters:[3070/10009] transplant_loss 3.4801, rec_loss 0.0467, quant_error 0.5748, utilization 0.7703, perplexity 10150.1001,
Train Epoch: [1/2] Iters:[3080/10009] transplant_loss 3.4801, rec_loss 0.0464, quant_error 0.5743, utilization 0.7704, perplexity 10157.8728,
Train Epoch: [1/2] Iters:[3090/10009] transplant_loss 3.4779, rec_loss 0.0464, quant_error 0.5756, utilization 0.7707, perplexity 10154.8993,
Train Epoch: [1/2] Iters:[3100/10009] transplant_loss 3.4668, rec_loss 0.0469, quant_error 0.5743, utilization 0.7703, perplexity 10143.8179,
Train Epoch: [1/2] Iters:[3110/10009] transplant_loss 3.4551, rec_loss 0.0470, quant_error 0.5737, utilization 0.7705, perplexity 10143.4941,
Train Epoch: [1/2] Iters:[3120/10009] transplant_loss 3.4580, rec_loss 0.0472, quant_error 0.5738, utilization 0.7702, perplexity 10140.6937,
Train Epoch: [1/2] Iters:[3130/10009] transplant_loss 3.4558, rec_loss 0.0473, quant_error 0.5744, utilization 0.7702, perplexity 10142.8533,
Train Epoch: [1/2] Iters:[3140/10009] transplant_loss 3.4679, rec_loss 0.0472, quant_error 0.5738, utilization 0.7703, perplexity 10151.3676,
Train Epoch: [1/2] Iters:[3150/10009] transplant_loss 3.4660, rec_loss 0.0470, quant_error 0.5738, utilization 0.7701, perplexity 10147.5943,
Train Epoch: [1/2] Iters:[3160/10009] transplant_loss 3.4825, rec_loss 0.0471, quant_error 0.5752, utilization 0.7705, perplexity 10165.3913,
Train Epoch: [1/2] Iters:[3170/10009] transplant_loss 3.4793, rec_loss 0.0466, quant_error 0.5744, utilization 0.7706, perplexity 10181.1053,
Train Epoch: [1/2] Iters:[3180/10009] transplant_loss 3.4777, rec_loss 0.0465, quant_error 0.5745, utilization 0.7709, perplexity 10171.9194,
Train Epoch: [1/2] Iters:[3190/10009] transplant_loss 3.4753, rec_loss 0.0466, quant_error 0.5753, utilization 0.7715, perplexity 10184.6806,
Train Epoch: [1/2] Iters:[3200/10009] transplant_loss 3.4801, rec_loss 0.0469, quant_error 0.5764, utilization 0.7714, perplexity 10180.0817,
Train Epoch: [1/2] Iters:[3210/10009] transplant_loss 3.4720, rec_loss 0.0462, quant_error 0.5745, utilization 0.7714, perplexity 10172.2121,
Train Epoch: [1/2] Iters:[3220/10009] transplant_loss 3.4679, rec_loss 0.0467, quant_error 0.5728, utilization 0.7714, perplexity 10154.2951,
Train Epoch: [1/2] Iters:[3230/10009] transplant_loss 3.4643, rec_loss 0.0461, quant_error 0.5717, utilization 0.7711, perplexity 10159.3080,
Train Epoch: [1/2] Iters:[3240/10009] transplant_loss 3.4569, rec_loss 0.0462, quant_error 0.5711, utilization 0.7699, perplexity 10116.0919,
Train Epoch: [1/2] Iters:[3250/10009] transplant_loss 3.4626, rec_loss 0.0467, quant_error 0.5721, utilization 0.7713, perplexity 10152.2517,
Train Epoch: [1/2] Iters:[3260/10009] transplant_loss 3.4475, rec_loss 0.0464, quant_error 0.5718, utilization 0.7708, perplexity 10134.5765,
Train Epoch: [1/2] Iters:[3270/10009] transplant_loss 3.4518, rec_loss 0.0464, quant_error 0.5745, utilization 0.7717, perplexity 10154.9780,
Train Epoch: [1/2] Iters:[3280/10009] transplant_loss 3.4692, rec_loss 0.0472, quant_error 0.5766, utilization 0.7722, perplexity 10162.3372,
Train Epoch: [1/2] Iters:[3290/10009] transplant_loss 3.4788, rec_loss 0.0475, quant_error 0.5775, utilization 0.7740, perplexity 10226.6516,
Train Epoch: [1/2] Iters:[3300/10009] transplant_loss 3.4739, rec_loss 0.0471, quant_error 0.5762, utilization 0.7736, perplexity 10214.2875,
Train Epoch: [1/2] Iters:[3310/10009] transplant_loss 3.4839, rec_loss 0.0477, quant_error 0.5762, utilization 0.7739, perplexity 10233.9463,
Train Epoch: [1/2] Iters:[3320/10009] transplant_loss 3.4782, rec_loss 0.0474, quant_error 0.5752, utilization 0.7735, perplexity 10229.4816,
Train Epoch: [1/2] Iters:[3330/10009] transplant_loss 3.4592, rec_loss 0.0470, quant_error 0.5730, utilization 0.7735, perplexity 10222.8975,
Train Epoch: [1/2] Iters:[3340/10009] transplant_loss 3.4517, rec_loss 0.0467, quant_error 0.5713, utilization 0.7731, perplexity 10208.8632,
Train Epoch: [1/2] Iters:[3350/10009] transplant_loss 3.4521, rec_loss 0.0466, quant_error 0.5713, utilization 0.7733, perplexity 10207.0840,
Train Epoch: [1/2] Iters:[3360/10009] transplant_loss 3.4669, rec_loss 0.0466, quant_error 0.5722, utilization 0.7739, perplexity 10224.6727,
Train Epoch: [1/2] Iters:[3370/10009] transplant_loss 3.4713, rec_loss 0.0471, quant_error 0.5725, utilization 0.7740, perplexity 10234.1851,
Train Epoch: [1/2] Iters:[3380/10009] transplant_loss 3.4676, rec_loss 0.0468, quant_error 0.5713, utilization 0.7741, perplexity 10244.8243,
Train Epoch: [1/2] Iters:[3390/10009] transplant_loss 3.4645, rec_loss 0.0463, quant_error 0.5716, utilization 0.7742, perplexity 10244.9611,
Train Epoch: [1/2] Iters:[3400/10009] transplant_loss 3.4588, rec_loss 0.0464, quant_error 0.5702, utilization 0.7741, perplexity 10245.6381,
Train Epoch: [1/2] Iters:[3410/10009] transplant_loss 3.4437, rec_loss 0.0462, quant_error 0.5690, utilization 0.7738, perplexity 10228.5210,
Train Epoch: [1/2] Iters:[3420/10009] transplant_loss 3.4383, rec_loss 0.0458, quant_error 0.5689, utilization 0.7742, perplexity 10227.7340,
Train Epoch: [1/2] Iters:[3430/10009] transplant_loss 3.4396, rec_loss 0.0456, quant_error 0.5686, utilization 0.7741, perplexity 10219.8379,
Train Epoch: [1/2] Iters:[3440/10009] transplant_loss 3.4426, rec_loss 0.0457, quant_error 0.5686, utilization 0.7737, perplexity 10207.8713,
Train Epoch: [1/2] Iters:[3450/10009] transplant_loss 3.4382, rec_loss 0.0453, quant_error 0.5681, utilization 0.7736, perplexity 10210.1705,
Train Epoch: [1/2] Iters:[3460/10009] transplant_loss 3.4379, rec_loss 0.0452, quant_error 0.5676, utilization 0.7739, perplexity 10236.5198,
Train Epoch: [1/2] Iters:[3470/10009] transplant_loss 3.4358, rec_loss 0.0455, quant_error 0.5666, utilization 0.7738, perplexity 10238.4401,
Train Epoch: [1/2] Iters:[3480/10009] transplant_loss 3.4446, rec_loss 0.0457, quant_error 0.5676, utilization 0.7739, perplexity 10236.9943,
Train Epoch: [1/2] Iters:[3490/10009] transplant_loss 3.4402, rec_loss 0.0457, quant_error 0.5683, utilization 0.7748, perplexity 10263.1439,
Train Epoch: [1/2] Iters:[3500/10009] transplant_loss 3.4595, rec_loss 0.0462, quant_error 0.5714, utilization 0.7746, perplexity 10258.5373,
Train Epoch: [1/2] Iters:[3510/10009] transplant_loss 3.4521, rec_loss 0.0465, quant_error 0.5719, utilization 0.7745, perplexity 10236.1009,
Train Epoch: [1/2] Iters:[3520/10009] transplant_loss 3.4583, rec_loss 0.0469, quant_error 0.5724, utilization 0.7740, perplexity 10210.3267,
Train Epoch: [1/2] Iters:[3530/10009] transplant_loss 3.4514, rec_loss 0.0468, quant_error 0.5716, utilization 0.7740, perplexity 10221.2135,
Train Epoch: [1/2] Iters:[3540/10009] transplant_loss 3.4568, rec_loss 0.0474, quant_error 0.5713, utilization 0.7735, perplexity 10205.9173,
Train Epoch: [1/2] Iters:[3550/10009] transplant_loss 3.4408, rec_loss 0.0474, quant_error 0.5681, utilization 0.7736, perplexity 10199.1460,
Train Epoch: [1/2] Iters:[3560/10009] transplant_loss 3.4533, rec_loss 0.0475, quant_error 0.5687, utilization 0.7738, perplexity 10208.6651,
Train Epoch: [1/2] Iters:[3570/10009] transplant_loss 3.4621, rec_loss 0.0475, quant_error 0.5692, utilization 0.7748, perplexity 10244.1813,
Train Epoch: [1/2] Iters:[3580/10009] transplant_loss 3.4716, rec_loss 0.0480, quant_error 0.5711, utilization 0.7755, perplexity 10247.1376,
Train Epoch: [1/2] Iters:[3590/10009] transplant_loss 3.4583, rec_loss 0.0475, quant_error 0.5684, utilization 0.7757, perplexity 10245.1434,
Train Epoch: [1/2] Iters:[3600/10009] transplant_loss 3.4580, rec_loss 0.0471, quant_error 0.5683, utilization 0.7760, perplexity 10256.7809,
Train Epoch: [1/2] Iters:[3610/10009] transplant_loss 3.4481, rec_loss 0.0465, quant_error 0.5665, utilization 0.7759, perplexity 10251.0662,
Train Epoch: [1/2] Iters:[3620/10009] transplant_loss 3.4332, rec_loss 0.0460, quant_error 0.5648, utilization 0.7761, perplexity 10251.8554,
Train Epoch: [1/2] Iters:[3630/10009] transplant_loss 3.4291, rec_loss 0.0464, quant_error 0.5643, utilization 0.7763, perplexity 10257.3910,
Train Epoch: [1/2] Iters:[3640/10009] transplant_loss 3.4359, rec_loss 0.0463, quant_error 0.5662, utilization 0.7765, perplexity 10265.2087,
Train Epoch: [1/2] Iters:[3650/10009] transplant_loss 3.4445, rec_loss 0.0467, quant_error 0.5681, utilization 0.7768, perplexity 10288.5872,
Train Epoch: [1/2] Iters:[3660/10009] transplant_loss 3.4449, rec_loss 0.0470, quant_error 0.5687, utilization 0.7769, perplexity 10294.0092,
Train Epoch: [1/2] Iters:[3670/10009] transplant_loss 3.4538, rec_loss 0.0468, quant_error 0.5700, utilization 0.7763, perplexity 10273.1571,
Train Epoch: [1/2] Iters:[3680/10009] transplant_loss 3.4604, rec_loss 0.0468, quant_error 0.5702, utilization 0.7761, perplexity 10272.9570,
Train Epoch: [1/2] Iters:[3690/10009] transplant_loss 3.4652, rec_loss 0.0471, quant_error 0.5701, utilization 0.7760, perplexity 10273.9536,
Train Epoch: [1/2] Iters:[3700/10009] transplant_loss 3.4520, rec_loss 0.0469, quant_error 0.5678, utilization 0.7757, perplexity 10259.4986,
Train Epoch: [1/2] Iters:[3710/10009] transplant_loss 3.4536, rec_loss 0.0468, quant_error 0.5676, utilization 0.7762, perplexity 10257.6218,
Train Epoch: [1/2] Iters:[3720/10009] transplant_loss 3.4360, rec_loss 0.0467, quant_error 0.5662, utilization 0.7760, perplexity 10259.6969,
Train Epoch: [1/2] Iters:[3730/10009] transplant_loss 3.4244, rec_loss 0.0462, quant_error 0.5650, utilization 0.7760, perplexity 10251.7887,
Train Epoch: [1/2] Iters:[3740/10009] transplant_loss 3.4188, rec_loss 0.0465, quant_error 0.5641, utilization 0.7762, perplexity 10254.2414,
Train Epoch: [1/2] Iters:[3750/10009] transplant_loss 3.4204, rec_loss 0.0463, quant_error 0.5650, utilization 0.7767, perplexity 10266.6425,
Train Epoch: [1/2] Iters:[3760/10009] transplant_loss 3.4164, rec_loss 0.0464, quant_error 0.5651, utilization 0.7766, perplexity 10267.6885,
Train Epoch: [1/2] Iters:[3770/10009] transplant_loss 3.4357, rec_loss 0.0470, quant_error 0.5679, utilization 0.7771, perplexity 10283.8407,
Train Epoch: [1/2] Iters:[3780/10009] transplant_loss 3.4365, rec_loss 0.0466, quant_error 0.5670, utilization 0.7772, perplexity 10287.7860,
Train Epoch: [1/2] Iters:[3790/10009] transplant_loss 3.4410, rec_loss 0.0462, quant_error 0.5678, utilization 0.7770, perplexity 10272.7426,
Train Epoch: [1/2] Iters:[3800/10009] transplant_loss 3.4514, rec_loss 0.0462, quant_error 0.5678, utilization 0.7771, perplexity 10268.1454,
Train Epoch: [1/2] Iters:[3810/10009] transplant_loss 3.4472, rec_loss 0.0463, quant_error 0.5668, utilization 0.7769, perplexity 10259.3247,
Train Epoch: [1/2] Iters:[3820/10009] transplant_loss 3.4456, rec_loss 0.0460, quant_error 0.5645, utilization 0.7778, perplexity 10282.5643,
Train Epoch: [1/2] Iters:[3830/10009] transplant_loss 3.4330, rec_loss 0.0458, quant_error 0.5642, utilization 0.7772, perplexity 10268.0614,
Train Epoch: [1/2] Iters:[3840/10009] transplant_loss 3.4274, rec_loss 0.0464, quant_error 0.5632, utilization 0.7776, perplexity 10288.6394,
Train Epoch: [1/2] Iters:[3850/10009] transplant_loss 3.4268, rec_loss 0.0458, quant_error 0.5623, utilization 0.7771, perplexity 10279.5170,
Train Epoch: [1/2] Iters:[3860/10009] transplant_loss 3.4478, rec_loss 0.0464, quant_error 0.5654, utilization 0.7777, perplexity 10300.2350,
Train Epoch: [1/2] Iters:[3870/10009] transplant_loss 3.4543, rec_loss 0.0463, quant_error 0.5659, utilization 0.7767, perplexity 10271.8855,
Train Epoch: [1/2] Iters:[3880/10009] transplant_loss 3.4672, rec_loss 0.0469, quant_error 0.5682, utilization 0.7776, perplexity 10296.6865,
Train Epoch: [1/2] Iters:[3890/10009] transplant_loss 3.4829, rec_loss 0.0465, quant_error 0.5705, utilization 0.7774, perplexity 10286.3528,
Train Epoch: [1/2] Iters:[3900/10009] transplant_loss 3.4764, rec_loss 0.0471, quant_error 0.5708, utilization 0.7781, perplexity 10290.2879,
Train Epoch: [1/2] Iters:[3910/10009] transplant_loss 3.4714, rec_loss 0.0468, quant_error 0.5695, utilization 0.7779, perplexity 10295.2658,
Train Epoch: [1/2] Iters:[3920/10009] transplant_loss 3.4497, rec_loss 0.0467, quant_error 0.5690, utilization 0.7784, perplexity 10298.2709,
Train Epoch: [1/2] Iters:[3930/10009] transplant_loss 3.4640, rec_loss 0.0468, quant_error 0.5683, utilization 0.7785, perplexity 10304.2033,
Train Epoch: [1/2] Iters:[3940/10009] transplant_loss 3.4503, rec_loss 0.0467, quant_error 0.5674, utilization 0.7782, perplexity 10294.3720,
Train Epoch: [1/2] Iters:[3950/10009] transplant_loss 3.4719, rec_loss 0.0469, quant_error 0.5682, utilization 0.7779, perplexity 10302.3487,
Train Epoch: [1/2] Iters:[3960/10009] transplant_loss 3.4674, rec_loss 0.0465, quant_error 0.5669, utilization 0.7781, perplexity 10311.2721,
Train Epoch: [1/2] Iters:[3970/10009] transplant_loss 3.4907, rec_loss 0.0468, quant_error 0.5671, utilization 0.7780, perplexity 10317.1748,
Train Epoch: [1/2] Iters:[3980/10009] transplant_loss 3.4733, rec_loss 0.0466, quant_error 0.5658, utilization 0.7780, perplexity 10323.0987,
Train Epoch: [1/2] Iters:[3990/10009] transplant_loss 3.4792, rec_loss 0.0466, quant_error 0.5645, utilization 0.7788, perplexity 10331.8272,
Train Epoch: [1/2] Iters:[4000/10009] transplant_loss 3.4582, rec_loss 0.0465, quant_error 0.5644, utilization 0.7783, perplexity 10310.8338,
Train Epoch: [1/2] Iters:[4010/10009] transplant_loss 3.4524, rec_loss 0.0464, quant_error 0.5639, utilization 0.7782, perplexity 10297.4856,
Train Epoch: [1/2] Iters:[4020/10009] transplant_loss 3.4279, rec_loss 0.0456, quant_error 0.5626, utilization 0.7780, perplexity 10255.8741,
Train Epoch: [1/2] Iters:[4030/10009] transplant_loss 3.4263, rec_loss 0.0454, quant_error 0.5625, utilization 0.7778, perplexity 10237.6398,
Train Epoch: [1/2] Iters:[4040/10009] transplant_loss 3.4134, rec_loss 0.0455, quant_error 0.5623, utilization 0.7775, perplexity 10234.6458,
Train Epoch: [1/2] Iters:[4050/10009] transplant_loss 3.4017, rec_loss 0.0451, quant_error 0.5608, utilization 0.7783, perplexity 10252.0593,
Train Epoch: [1/2] Iters:[4060/10009] transplant_loss 3.3974, rec_loss 0.0455, quant_error 0.5606, utilization 0.7782, perplexity 10258.8598,
Train Epoch: [1/2] Iters:[4070/10009] transplant_loss 3.4031, rec_loss 0.0460, quant_error 0.5614, utilization 0.7782, perplexity 10280.1346,
Train Epoch: [1/2] Iters:[4080/10009] transplant_loss 3.4092, rec_loss 0.0463, quant_error 0.5625, utilization 0.7788, perplexity 10299.3796,
Train Epoch: [1/2] Iters:[4090/10009] transplant_loss 3.4127, rec_loss 0.0460, quant_error 0.5625, utilization 0.7791, perplexity 10314.9996,
Train Epoch: [1/2] Iters:[4100/10009] transplant_loss 3.4198, rec_loss 0.0468, quant_error 0.5630, utilization 0.7795, perplexity 10322.9842,
Train Epoch: [1/2] Iters:[4110/10009] transplant_loss 3.4206, rec_loss 0.0464, quant_error 0.5636, utilization 0.7794, perplexity 10306.7390,
Train Epoch: [1/2] Iters:[4120/10009] transplant_loss 3.4141, rec_loss 0.0466, quant_error 0.5627, utilization 0.7800, perplexity 10334.0473,
Train Epoch: [1/2] Iters:[4130/10009] transplant_loss 3.4232, rec_loss 0.0464, quant_error 0.5625, utilization 0.7796, perplexity 10315.6729,
Train Epoch: [1/2] Iters:[4140/10009] transplant_loss 3.4186, rec_loss 0.0462, quant_error 0.5618, utilization 0.7796, perplexity 10322.4573,
Train Epoch: [1/2] Iters:[4150/10009] transplant_loss 3.4088, rec_loss 0.0453, quant_error 0.5604, utilization 0.7791, perplexity 10305.2570,
Train Epoch: [1/2] Iters:[4160/10009] transplant_loss 3.4072, rec_loss 0.0452, quant_error 0.5594, utilization 0.7796, perplexity 10319.4079,
Train Epoch: [1/2] Iters:[4170/10009] transplant_loss 3.4115, rec_loss 0.0452, quant_error 0.5607, utilization 0.7798, perplexity 10316.0659,
Train Epoch: [1/2] Iters:[4180/10009] transplant_loss 3.3904, rec_loss 0.0451, quant_error 0.5590, utilization 0.7802, perplexity 10328.9349,
Train Epoch: [1/2] Iters:[4190/10009] transplant_loss 3.3887, rec_loss 0.0454, quant_error 0.5599, utilization 0.7803, perplexity 10325.2709,
Train Epoch: [1/2] Iters:[4200/10009] transplant_loss 3.4011, rec_loss 0.0455, quant_error 0.5612, utilization 0.7808, perplexity 10340.7418,
Train Epoch: [1/2] Iters:[4210/10009] transplant_loss 3.3975, rec_loss 0.0457, quant_error 0.5617, utilization 0.7807, perplexity 10332.5529,
Train Epoch: [1/2] Iters:[4220/10009] transplant_loss 3.3993, rec_loss 0.0454, quant_error 0.5602, utilization 0.7805, perplexity 10328.7340,
Train Epoch: [1/2] Iters:[4230/10009] transplant_loss 3.3999, rec_loss 0.0454, quant_error 0.5601, utilization 0.7803, perplexity 10333.3964,
Train Epoch: [1/2] Iters:[4240/10009] transplant_loss 3.4014, rec_loss 0.0451, quant_error 0.5593, utilization 0.7802, perplexity 10318.5109,
Train Epoch: [1/2] Iters:[4250/10009] transplant_loss 3.4056, rec_loss 0.0454, quant_error 0.5601, utilization 0.7804, perplexity 10325.2011,
Train Epoch: [1/2] Iters:[4260/10009] transplant_loss 3.4157, rec_loss 0.0458, quant_error 0.5614, utilization 0.7806, perplexity 10336.9245,
Train Epoch: [1/2] Iters:[4270/10009] transplant_loss 3.4182, rec_loss 0.0460, quant_error 0.5613, utilization 0.7804, perplexity 10323.5861,
Train Epoch: [1/2] Iters:[4280/10009] transplant_loss 3.4206, rec_loss 0.0459, quant_error 0.5610, utilization 0.7804, perplexity 10310.5698,
Train Epoch: [1/2] Iters:[4290/10009] transplant_loss 3.4201, rec_loss 0.0459, quant_error 0.5606, utilization 0.7801, perplexity 10317.6761,
Train Epoch: [1/2] Iters:[4300/10009] transplant_loss 3.4041, rec_loss 0.0455, quant_error 0.5581, utilization 0.7796, perplexity 10300.9055,
Train Epoch: [1/2] Iters:[4310/10009] transplant_loss 3.3940, rec_loss 0.0451, quant_error 0.5560, utilization 0.7800, perplexity 10308.6931,
Train Epoch: [1/2] Iters:[4320/10009] transplant_loss 3.3936, rec_loss 0.0450, quant_error 0.5573, utilization 0.7802, perplexity 10330.5079,
Train Epoch: [1/2] Iters:[4330/10009] transplant_loss 3.3919, rec_loss 0.0453, quant_error 0.5577, utilization 0.7806, perplexity 10335.5184,
Train Epoch: [1/2] Iters:[4340/10009] transplant_loss 3.4003, rec_loss 0.0454, quant_error 0.5592, utilization 0.7808, perplexity 10341.6550,
Train Epoch: [1/2] Iters:[4350/10009] transplant_loss 3.4225, rec_loss 0.0456, quant_error 0.5610, utilization 0.7814, perplexity 10361.7972,
Train Epoch: [1/2] Iters:[4360/10009] transplant_loss 3.4236, rec_loss 0.0460, quant_error 0.5606, utilization 0.7807, perplexity 10350.0387,
Train Epoch: [1/2] Iters:[4370/10009] transplant_loss 3.4191, rec_loss 0.0454, quant_error 0.5593, utilization 0.7809, perplexity 10354.6645,
Train Epoch: [1/2] Iters:[4380/10009] transplant_loss 3.4228, rec_loss 0.0455, quant_error 0.5603, utilization 0.7813, perplexity 10360.5080,
Train Epoch: [1/2] Iters:[4390/10009] transplant_loss 3.4141, rec_loss 0.0455, quant_error 0.5583, utilization 0.7815, perplexity 10360.4400,
Train Epoch: [1/2] Iters:[4400/10009] transplant_loss 3.4076, rec_loss 0.0455, quant_error 0.5581, utilization 0.7819, perplexity 10370.2391,
Train Epoch: [1/2] Iters:[4410/10009] transplant_loss 3.4098, rec_loss 0.0453, quant_error 0.5584, utilization 0.7819, perplexity 10362.3511,
Train Epoch: [1/2] Iters:[4420/10009] transplant_loss 3.4163, rec_loss 0.0455, quant_error 0.5579, utilization 0.7818, perplexity 10348.6091,
Train Epoch: [1/2] Iters:[4430/10009] transplant_loss 3.4164, rec_loss 0.0450, quant_error 0.5574, utilization 0.7816, perplexity 10346.4965,
Train Epoch: [1/2] Iters:[4440/10009] transplant_loss 3.4116, rec_loss 0.0451, quant_error 0.5581, utilization 0.7818, perplexity 10361.7771,
Train Epoch: [1/2] Iters:[4450/10009] transplant_loss 3.4046, rec_loss 0.0454, quant_error 0.5581, utilization 0.7818, perplexity 10363.6223,
Train Epoch: [1/2] Iters:[4460/10009] transplant_loss 3.4074, rec_loss 0.0452, quant_error 0.5589, utilization 0.7822, perplexity 10387.0336,
Train Epoch: [1/2] Iters:[4470/10009] transplant_loss 3.3952, rec_loss 0.0455, quant_error 0.5586, utilization 0.7823, perplexity 10381.0793,
Train Epoch: [1/2] Iters:[4480/10009] transplant_loss 3.3950, rec_loss 0.0460, quant_error 0.5585, utilization 0.7824, perplexity 10395.1970,
Train Epoch: [1/2] Iters:[4490/10009] transplant_loss 3.4030, rec_loss 0.0458, quant_error 0.5577, utilization 0.7818, perplexity 10367.7944,
Train Epoch: [1/2] Iters:[4500/10009] transplant_loss 3.4006, rec_loss 0.0460, quant_error 0.5574, utilization 0.7815, perplexity 10358.9805,
Train Epoch: [1/2] Iters:[4510/10009] transplant_loss 3.3954, rec_loss 0.0461, quant_error 0.5571, utilization 0.7819, perplexity 10351.9200,
Train Epoch: [1/2] Iters:[4520/10009] transplant_loss 3.3995, rec_loss 0.0457, quant_error 0.5575, utilization 0.7818, perplexity 10358.6963,
Train Epoch: [1/2] Iters:[4530/10009] transplant_loss 3.3905, rec_loss 0.0455, quant_error 0.5571, utilization 0.7820, perplexity 10367.9317,
Train Epoch: [1/2] Iters:[4540/10009] transplant_loss 3.3814, rec_loss 0.0458, quant_error 0.5567, utilization 0.7827, perplexity 10390.5693,
Train Epoch: [1/2] Iters:[4550/10009] transplant_loss 3.3804, rec_loss 0.0458, quant_error 0.5560, utilization 0.7826, perplexity 10374.1878,
Train Epoch: [1/2] Iters:[4560/10009] transplant_loss 3.3857, rec_loss 0.0453, quant_error 0.5563, utilization 0.7818, perplexity 10355.7646,
Train Epoch: [1/2] Iters:[4570/10009] transplant_loss 3.3928, rec_loss 0.0458, quant_error 0.5577, utilization 0.7824, perplexity 10366.1581,
Train Epoch: [1/2] Iters:[4580/10009] transplant_loss 3.3987, rec_loss 0.0464, quant_error 0.5583, utilization 0.7822, perplexity 10343.7612,
Train Epoch: [1/2] Iters:[4590/10009] transplant_loss 3.4116, rec_loss 0.0464, quant_error 0.5586, utilization 0.7820, perplexity 10342.7023,
Train Epoch: [1/2] Iters:[4600/10009] transplant_loss 3.4130, rec_loss 0.0464, quant_error 0.5590, utilization 0.7815, perplexity 10333.8469,
Train Epoch: [1/2] Iters:[4610/10009] transplant_loss 3.4192, rec_loss 0.0465, quant_error 0.5598, utilization 0.7823, perplexity 10357.8576,
Train Epoch: [1/2] Iters:[4620/10009] transplant_loss 3.4186, rec_loss 0.0465, quant_error 0.5592, utilization 0.7819, perplexity 10346.0213,
Train Epoch: [1/2] Iters:[4630/10009] transplant_loss 3.4236, rec_loss 0.0457, quant_error 0.5586, utilization 0.7820, perplexity 10362.9278,
Train Epoch: [1/2] Iters:[4640/10009] transplant_loss 3.4141, rec_loss 0.0459, quant_error 0.5584, utilization 0.7820, perplexity 10361.7598,
Train Epoch: [1/2] Iters:[4650/10009] transplant_loss 3.4249, rec_loss 0.0458, quant_error 0.5592, utilization 0.7821, perplexity 10363.3321,
Train Epoch: [1/2] Iters:[4660/10009] transplant_loss 3.4157, rec_loss 0.0463, quant_error 0.5581, utilization 0.7824, perplexity 10367.0243,
Train Epoch: [1/2] Iters:[4670/10009] transplant_loss 3.4161, rec_loss 0.0460, quant_error 0.5569, utilization 0.7825, perplexity 10377.6460,
Train Epoch: [1/2] Iters:[4680/10009] transplant_loss 3.4033, rec_loss 0.0461, quant_error 0.5559, utilization 0.7826, perplexity 10364.1261,
Train Epoch: [1/2] Iters:[4690/10009] transplant_loss 3.4045, rec_loss 0.0462, quant_error 0.5574, utilization 0.7826, perplexity 10361.8056,
Train Epoch: [1/2] Iters:[4700/10009] transplant_loss 3.3892, rec_loss 0.0458, quant_error 0.5562, utilization 0.7833, perplexity 10385.5847,
Train Epoch: [1/2] Iters:[4710/10009] transplant_loss 3.3950, rec_loss 0.0456, quant_error 0.5566, utilization 0.7831, perplexity 10385.3749,
Train Epoch: [1/2] Iters:[4720/10009] transplant_loss 3.3824, rec_loss 0.0455, quant_error 0.5553, utilization 0.7836, perplexity 10387.6847,
Train Epoch: [1/2] Iters:[4730/10009] transplant_loss 3.3802, rec_loss 0.0458, quant_error 0.5558, utilization 0.7831, perplexity 10377.2509,
Train Epoch: [1/2] Iters:[4740/10009] transplant_loss 3.3864, rec_loss 0.0459, quant_error 0.5562, utilization 0.7832, perplexity 10379.4604,
Train Epoch: [1/2] Iters:[4750/10009] transplant_loss 3.3862, rec_loss 0.0459, quant_error 0.5557, utilization 0.7836, perplexity 10397.2695,
Train Epoch: [1/2] Iters:[4760/10009] transplant_loss 3.3797, rec_loss 0.0463, quant_error 0.5558, utilization 0.7831, perplexity 10375.1905,
Train Epoch: [1/2] Iters:[4770/10009] transplant_loss 3.3792, rec_loss 0.0471, quant_error 0.5573, utilization 0.7832, perplexity 10371.5836,
Train Epoch: [1/2] Iters:[4780/10009] transplant_loss 3.3912, rec_loss 0.0470, quant_error 0.5573, utilization 0.7840, perplexity 10398.2362,
Train Epoch: [1/2] Iters:[4790/10009] transplant_loss 3.3889, rec_loss 0.0472, quant_error 0.5563, utilization 0.7845, perplexity 10417.2642,
Train Epoch: [1/2] Iters:[4800/10009] transplant_loss 3.3944, rec_loss 0.0476, quant_error 0.5576, utilization 0.7842, perplexity 10407.6333,
Train Epoch: [1/2] Iters:[4810/10009] transplant_loss 3.3966, rec_loss 0.0469, quant_error 0.5572, utilization 0.7846, perplexity 10433.8887,
Train Epoch: [1/2] Iters:[4820/10009] transplant_loss 3.4044, rec_loss 0.0469, quant_error 0.5578, utilization 0.7846, perplexity 10445.9345,
Train Epoch: [1/2] Iters:[4830/10009] transplant_loss 3.4155, rec_loss 0.0466, quant_error 0.5584, utilization 0.7841, perplexity 10441.0418,
Train Epoch: [1/2] Iters:[4840/10009] transplant_loss 3.4081, rec_loss 0.0464, quant_error 0.5587, utilization 0.7833, perplexity 10421.3117,
Train Epoch: [1/2] Iters:[4850/10009] transplant_loss 3.4079, rec_loss 0.0461, quant_error 0.5574, utilization 0.7836, perplexity 10419.5155,
Train Epoch: [1/2] Iters:[4860/10009] transplant_loss 3.4135, rec_loss 0.0468, quant_error 0.5590, utilization 0.7836, perplexity 10419.3491,
Train Epoch: [1/2] Iters:[4870/10009] transplant_loss 3.4174, rec_loss 0.0461, quant_error 0.5593, utilization 0.7837, perplexity 10433.8997,
Train Epoch: [1/2] Iters:[4880/10009] transplant_loss 3.4030, rec_loss 0.0462, quant_error 0.5603, utilization 0.7834, perplexity 10414.9035,
Train Epoch: [1/2] Iters:[4890/10009] transplant_loss 3.4242, rec_loss 0.0461, quant_error 0.5615, utilization 0.7843, perplexity 10434.9573,
Train Epoch: [1/2] Iters:[4900/10009] transplant_loss 3.4192, rec_loss 0.0464, quant_error 0.5619, utilization 0.7833, perplexity 10416.8192,
Train Epoch: [1/2] Iters:[4910/10009] transplant_loss 3.4103, rec_loss 0.0458, quant_error 0.5593, utilization 0.7831, perplexity 10404.0371,
Train Epoch: [1/2] Iters:[4920/10009] transplant_loss 3.4009, rec_loss 0.0463, quant_error 0.5580, utilization 0.7831, perplexity 10384.7513,
Train Epoch: [1/2] Iters:[4930/10009] transplant_loss 3.3924, rec_loss 0.0462, quant_error 0.5555, utilization 0.7836, perplexity 10385.4526,
Train Epoch: [1/2] Iters:[4940/10009] transplant_loss 3.3638, rec_loss 0.0461, quant_error 0.5520, utilization 0.7835, perplexity 10370.4609,
Train Epoch: [1/2] Iters:[4950/10009] transplant_loss 3.3645, rec_loss 0.0458, quant_error 0.5517, utilization 0.7845, perplexity 10379.2810,
Train Epoch: [1/2] Iters:[4960/10009] transplant_loss 3.3631, rec_loss 0.0460, quant_error 0.5527, utilization 0.7851, perplexity 10403.2948,
Train Epoch: [1/2] Iters:[4970/10009] transplant_loss 3.3690, rec_loss 0.0453, quant_error 0.5538, utilization 0.7844, perplexity 10385.3394,
Train Epoch: [1/2] Iters:[4980/10009] transplant_loss 3.3958, rec_loss 0.0454, quant_error 0.5545, utilization 0.7839, perplexity 10380.6244,
Train Epoch: [1/2] Iters:[4990/10009] transplant_loss 3.4164, rec_loss 0.0455, quant_error 0.5573, utilization 0.7837, perplexity 10367.2948,
Train Epoch: [1/2] Iters:[5000/10009] transplant_loss 3.4253, rec_loss 0.0453, quant_error 0.5578, utilization 0.7839, perplexity 10386.7595,
Train Epoch: [1/2] Iters:[5010/10009] transplant_loss 3.4260, rec_loss 0.0454, quant_error 0.5574, utilization 0.7837, perplexity 10369.9018,
Train Epoch: [1/2] Iters:[5020/10009] transplant_loss 3.4255, rec_loss 0.0459, quant_error 0.5571, utilization 0.7843, perplexity 10384.7196,
Train Epoch: [1/2] Iters:[5030/10009] transplant_loss 3.4050, rec_loss 0.0455, quant_error 0.5568, utilization 0.7846, perplexity 10382.6098,
Train Epoch: [1/2] Iters:[5040/10009] transplant_loss 3.4001, rec_loss 0.0461, quant_error 0.5557, utilization 0.7848, perplexity 10405.1957,
Train Epoch: [1/2] Iters:[5050/10009] transplant_loss 3.3837, rec_loss 0.0464, quant_error 0.5541, utilization 0.7847, perplexity 10391.7895,
Train Epoch: [1/2] Iters:[5060/10009] transplant_loss 3.3837, rec_loss 0.0466, quant_error 0.5539, utilization 0.7846, perplexity 10393.4370,
Train Epoch: [1/2] Iters:[5070/10009] transplant_loss 3.3668, rec_loss 0.0459, quant_error 0.5504, utilization 0.7846, perplexity 10396.1723,
Train Epoch: [1/2] Iters:[5080/10009] transplant_loss 3.3642, rec_loss 0.0463, quant_error 0.5504, utilization 0.7849, perplexity 10418.6237,
Train Epoch: [1/2] Iters:[5090/10009] transplant_loss 3.3606, rec_loss 0.0459, quant_error 0.5497, utilization 0.7849, perplexity 10413.8232,
Train Epoch: [1/2] Iters:[5100/10009] transplant_loss 3.3729, rec_loss 0.0458, quant_error 0.5513, utilization 0.7850, perplexity 10427.8422,
Train Epoch: [1/2] Iters:[5110/10009] transplant_loss 3.3750, rec_loss 0.0454, quant_error 0.5518, utilization 0.7850, perplexity 10422.9129,
Train Epoch: [1/2] Iters:[5120/10009] transplant_loss 3.3766, rec_loss 0.0454, quant_error 0.5534, utilization 0.7855, perplexity 10443.0777,
Train Epoch: [1/2] Iters:[5130/10009] transplant_loss 3.3788, rec_loss 0.0453, quant_error 0.5537, utilization 0.7854, perplexity 10431.9770,
Train Epoch: [1/2] Iters:[5140/10009] transplant_loss 3.3757, rec_loss 0.0450, quant_error 0.5530, utilization 0.7855, perplexity 10436.2372,
Train Epoch: [1/2] Iters:[5150/10009] transplant_loss 3.3767, rec_loss 0.0447, quant_error 0.5532, utilization 0.7856, perplexity 10427.8778,
Train Epoch: [1/2] Iters:[5160/10009] transplant_loss 3.3799, rec_loss 0.0452, quant_error 0.5534, utilization 0.7859, perplexity 10444.9270,
Train Epoch: [1/2] Iters:[5170/10009] transplant_loss 3.3903, rec_loss 0.0453, quant_error 0.5535, utilization 0.7855, perplexity 10436.2736,
Train Epoch: [1/2] Iters:[5180/10009] transplant_loss 3.3909, rec_loss 0.0451, quant_error 0.5539, utilization 0.7852, perplexity 10439.1323,
Train Epoch: [1/2] Iters:[5190/10009] transplant_loss 3.3917, rec_loss 0.0451, quant_error 0.5544, utilization 0.7854, perplexity 10447.7487,
Train Epoch: [1/2] Iters:[5200/10009] transplant_loss 3.3879, rec_loss 0.0449, quant_error 0.5529, utilization 0.7849, perplexity 10442.9336,
Train Epoch: [1/2] Iters:[5210/10009] transplant_loss 3.3758, rec_loss 0.0447, quant_error 0.5521, utilization 0.7842, perplexity 10407.2076,
Train Epoch: [1/2] Iters:[5220/10009] transplant_loss 3.3854, rec_loss 0.0454, quant_error 0.5538, utilization 0.7842, perplexity 10400.4327,
Train Epoch: [1/2] Iters:[5230/10009] transplant_loss 3.3770, rec_loss 0.0455, quant_error 0.5518, utilization 0.7842, perplexity 10386.1049,
Train Epoch: [1/2] Iters:[5240/10009] transplant_loss 3.3695, rec_loss 0.0454, quant_error 0.5509, utilization 0.7836, perplexity 10360.1249,
Train Epoch: [1/2] Iters:[5250/10009] transplant_loss 3.3634, rec_loss 0.0455, quant_error 0.5509, utilization 0.7835, perplexity 10353.3113,
Train Epoch: [1/2] Iters:[5260/10009] transplant_loss 3.3698, rec_loss 0.0454, quant_error 0.5506, utilization 0.7842, perplexity 10388.7482,
Train Epoch: [1/2] Iters:[5270/10009] transplant_loss 3.3686, rec_loss 0.0449, quant_error 0.5515, utilization 0.7848, perplexity 10396.3763,
Train Epoch: [1/2] Iters:[5280/10009] transplant_loss 3.3705, rec_loss 0.0447, quant_error 0.5526, utilization 0.7852, perplexity 10423.7054,
Train Epoch: [1/2] Iters:[5290/10009] transplant_loss 3.3832, rec_loss 0.0446, quant_error 0.5544, utilization 0.7860, perplexity 10448.7197,
Train Epoch: [1/2] Iters:[5300/10009] transplant_loss 3.3766, rec_loss 0.0445, quant_error 0.5534, utilization 0.7861, perplexity 10456.8786,
Train Epoch: [1/2] Iters:[5310/10009] transplant_loss 3.3703, rec_loss 0.0442, quant_error 0.5522, utilization 0.7856, perplexity 10429.6976,
Train Epoch: [1/2] Iters:[5320/10009] transplant_loss 3.3592, rec_loss 0.0443, quant_error 0.5513, utilization 0.7857, perplexity 10437.8301,
Train Epoch: [1/2] Iters:[5330/10009] transplant_loss 3.3888, rec_loss 0.0445, quant_error 0.5521, utilization 0.7860, perplexity 10441.0609,
Train Epoch: [1/2] Iters:[5340/10009] transplant_loss 3.3827, rec_loss 0.0449, quant_error 0.5528, utilization 0.7858, perplexity 10435.7645,
