dataset_dir: /datasets/
dataset_name: ImageNet
global_batch_size: 32
workers: 6
resolution: 256
channels: 3
ms_patch_size: 1_2_3_4_5_6_8_10_13_16
importance: (1, 1, 1, 2, 2, 2, 3, 3, 5, 5)
max_patch_size: 16
codebook_size: 4096
codebook_dim: 16
project_dim: 16
pq: 1
L: 4
alpha: 1.0
beta: 1.0
gamma: 0.5
disc_weight: 0.2
lecam_loss_weight: 0.001
disc_cr_loss_weight: 4.0
VQ: wasserstein_vq
use_multiscale: True
transplant_epochs: 2
refinement_epochs: 5
eval_epochs: 1
lr_transplant: 0.0001
lr_refinement: 1e-05
dropout: 0.0
seed: 3407
weight_decay: 0.0001
stage: transplant
checkpoint_dir: /project/6105494/sunset/VQ-Projects/VQ-Transplant/checkpoint/Transplant/ImageNet
results_dir: /project/6105494/sunset/VQ-Projects/VQ-Transplant/results/Transplant/ImageNet
saver_dir: /project/6105494/sunset/VQ-Projects/VQ-Transplant/saver/Transplant/ImageNet
reconstruction_dir: /project/6105494/sunset/VQ-Projects/VQ-Transplant/reconstruction/Transplant/ImageNet
yaml_dir: /project/6105494/sunset/VQ-Projects/VQ-Transplant/yaml/Transplant/ImageNet
pretrained_tokenizer: /project/6105494/sunset/VQ-Projects/VQ-Transplant/pretrained_tokenizer/model.ckpt
checkpoint_name: 
nnodes: -1
node_rank: -1
local_rank: 0
dist_url: tcp://224.66.41.62:23456
dist_backend: nccl
world_size: 2
batch_size: 16
ms_token_size: (1, 2, 3, 4, 5, 6, 8, 10, 13, 16)
init_checkpoint_dir: /project/6105494/sunset/VQ-Projects/VQ-Transplant/checkpoint/
data_pre: ImageNet
model_pre: model_4096_16_1
loss_pre: loss_1.0_1.0_0.5_0.2
training_pre: wasserstein_vq_transplant_True
saver_name_pre: wasserstein_vq_transplant_True_ImageNet_model_4096_16_1_loss_1.0_1.0_0.5_0.2
| distributed init (rank 0): env://
| distributed init (rank 1): env://
making attention of type 'vanilla' with 512 in_channels
making attention of type 'vanilla' with 512 in_channels
making attention of type 'vanilla' with 512 in_channels
Working with z of shape (1, 16, 16, 16) = 4096 dimensions.
making attention of type 'vanilla' with 512 in_channels
making attention of type 'vanilla' with 512 in_channels
making attention of type 'vanilla' with 512 in_channels
making attention of type 'vanilla' with 512 in_channels
VQ Model Parameters: 69609635
dataset name: ImageNet
len train_set: 1281167
len val_set: 50000
Start training...
epoch:1, cur_lr:0.000100
Train Epoch: [1/2] Iters:[10/40036] transplant_loss 7.2923, rec_loss 0.1671, quant_error 2.7795, utilization 0.4592, perplexity 608.0625,
Train Epoch: [1/2] Iters:[20/40036] transplant_loss 6.1303, rec_loss 0.1350, quant_error 2.4098, utilization 0.5334, perplexity 928.7732,
Train Epoch: [1/2] Iters:[30/40036] transplant_loss 5.1661, rec_loss 0.1201, quant_error 2.1642, utilization 0.6162, perplexity 1253.8548,
Train Epoch: [1/2] Iters:[40/40036] transplant_loss 4.5071, rec_loss 0.1097, quant_error 1.9640, utilization 0.6799, perplexity 1536.8135,
Train Epoch: [1/2] Iters:[50/40036] transplant_loss 4.0637, rec_loss 0.1010, quant_error 1.7909, utilization 0.7292, perplexity 1781.3961,
Train Epoch: [1/2] Iters:[60/40036] transplant_loss 3.0618, rec_loss 0.0785, quant_error 1.4139, utilization 0.8257, perplexity 2218.9151,
Train Epoch: [1/2] Iters:[70/40036] transplant_loss 2.5103, rec_loss 0.0692, quant_error 1.1644, utilization 0.8928, perplexity 2490.7825,
Train Epoch: [1/2] Iters:[80/40036] transplant_loss 2.2771, rec_loss 0.0628, quant_error 0.9792, utilization 0.9228, perplexity 2561.6821,
Train Epoch: [1/2] Iters:[90/40036] transplant_loss 2.1642, rec_loss 0.0584, quant_error 0.8483, utilization 0.9316, perplexity 2480.5034,
Train Epoch: [1/2] Iters:[100/40036] transplant_loss 2.1021, rec_loss 0.0565, quant_error 0.7670, utilization 0.9316, perplexity 2349.1308,
Train Epoch: [1/2] Iters:[110/40036] transplant_loss 2.0408, rec_loss 0.0562, quant_error 0.7245, utilization 0.9293, perplexity 2214.7135,
Train Epoch: [1/2] Iters:[120/40036] transplant_loss 1.9936, rec_loss 0.0554, quant_error 0.7024, utilization 0.9265, perplexity 2115.7703,
Train Epoch: [1/2] Iters:[130/40036] transplant_loss 1.9645, rec_loss 0.0548, quant_error 0.6868, utilization 0.9240, perplexity 2047.6282,
Train Epoch: [1/2] Iters:[140/40036] transplant_loss 1.9388, rec_loss 0.0529, quant_error 0.6673, utilization 0.9261, perplexity 2060.5928,
Train Epoch: [1/2] Iters:[150/40036] transplant_loss 1.9277, rec_loss 0.0520, quant_error 0.6535, utilization 0.9266, perplexity 2049.3160,
Train Epoch: [1/2] Iters:[160/40036] transplant_loss 1.9123, rec_loss 0.0521, quant_error 0.6427, utilization 0.9247, perplexity 1992.8304,
Train Epoch: [1/2] Iters:[170/40036] transplant_loss 1.8956, rec_loss 0.0528, quant_error 0.6334, utilization 0.9241, perplexity 1963.4576,
Train Epoch: [1/2] Iters:[180/40036] transplant_loss 1.8862, rec_loss 0.0513, quant_error 0.6182, utilization 0.9271, perplexity 2003.7669,
Train Epoch: [1/2] Iters:[190/40036] transplant_loss 1.8993, rec_loss 0.0527, quant_error 0.6203, utilization 0.9258, perplexity 1971.8923,
Train Epoch: [1/2] Iters:[200/40036] transplant_loss 1.8848, rec_loss 0.0519, quant_error 0.6158, utilization 0.9243, perplexity 1938.6800,
Train Epoch: [1/2] Iters:[210/40036] transplant_loss 1.8791, rec_loss 0.0519, quant_error 0.6081, utilization 0.9261, perplexity 1977.8795,
Train Epoch: [1/2] Iters:[220/40036] transplant_loss 1.8894, rec_loss 0.0511, quant_error 0.6052, utilization 0.9261, perplexity 1978.1313,
Train Epoch: [1/2] Iters:[230/40036] transplant_loss 1.8771, rec_loss 0.0514, quant_error 0.6023, utilization 0.9241, perplexity 1925.3203,
Train Epoch: [1/2] Iters:[240/40036] transplant_loss 1.8688, rec_loss 0.0510, quant_error 0.5947, utilization 0.9255, perplexity 1936.0061,
Train Epoch: [1/2] Iters:[250/40036] transplant_loss 1.8770, rec_loss 0.0520, quant_error 0.5899, utilization 0.9267, perplexity 1950.4313,
Train Epoch: [1/2] Iters:[260/40036] transplant_loss 1.8755, rec_loss 0.0516, quant_error 0.5877, utilization 0.9273, perplexity 1940.3044,
Train Epoch: [1/2] Iters:[270/40036] transplant_loss 1.8322, rec_loss 0.0499, quant_error 0.5759, utilization 0.9265, perplexity 1916.6112,
Train Epoch: [1/2] Iters:[280/40036] transplant_loss 1.8279, rec_loss 0.0491, quant_error 0.5711, utilization 0.9281, perplexity 1939.8327,
Train Epoch: [1/2] Iters:[290/40036] transplant_loss 1.8360, rec_loss 0.0488, quant_error 0.5677, utilization 0.9300, perplexity 1958.4838,
Train Epoch: [1/2] Iters:[300/40036] transplant_loss 1.8177, rec_loss 0.0478, quant_error 0.5617, utilization 0.9298, perplexity 1944.8101,
Train Epoch: [1/2] Iters:[310/40036] transplant_loss 1.8020, rec_loss 0.0475, quant_error 0.5584, utilization 0.9270, perplexity 1906.7770,
Train Epoch: [1/2] Iters:[320/40036] transplant_loss 1.8435, rec_loss 0.0486, quant_error 0.5586, utilization 0.9297, perplexity 1949.3232,
Train Epoch: [1/2] Iters:[330/40036] transplant_loss 1.8421, rec_loss 0.0498, quant_error 0.5642, utilization 0.9292, perplexity 1935.6302,
Train Epoch: [1/2] Iters:[340/40036] transplant_loss 1.8256, rec_loss 0.0495, quant_error 0.5612, utilization 0.9283, perplexity 1923.8033,
Train Epoch: [1/2] Iters:[350/40036] transplant_loss 1.8477, rec_loss 0.0500, quant_error 0.5650, utilization 0.9290, perplexity 1931.7190,
Train Epoch: [1/2] Iters:[360/40036] transplant_loss 1.8528, rec_loss 0.0497, quant_error 0.5654, utilization 0.9321, perplexity 1967.9956,
Train Epoch: [1/2] Iters:[370/40036] transplant_loss 1.8218, rec_loss 0.0495, quant_error 0.5637, utilization 0.9305, perplexity 1931.3162,
Train Epoch: [1/2] Iters:[380/40036] transplant_loss 1.8273, rec_loss 0.0489, quant_error 0.5562, utilization 0.9308, perplexity 1939.1604,
Train Epoch: [1/2] Iters:[390/40036] transplant_loss 1.8088, rec_loss 0.0484, quant_error 0.5480, utilization 0.9317, perplexity 1934.9639,
Train Epoch: [1/2] Iters:[400/40036] transplant_loss 1.7800, rec_loss 0.0488, quant_error 0.5440, utilization 0.9317, perplexity 1939.1715,
Train Epoch: [1/2] Iters:[410/40036] transplant_loss 1.7640, rec_loss 0.0484, quant_error 0.5349, utilization 0.9305, perplexity 1919.3985,
Train Epoch: [1/2] Iters:[420/40036] transplant_loss 1.7720, rec_loss 0.0482, quant_error 0.5351, utilization 0.9319, perplexity 1945.7416,
Train Epoch: [1/2] Iters:[430/40036] transplant_loss 1.7704, rec_loss 0.0481, quant_error 0.5335, utilization 0.9331, perplexity 1951.2241,
Train Epoch: [1/2] Iters:[440/40036] transplant_loss 1.7808, rec_loss 0.0489, quant_error 0.5423, utilization 0.9313, perplexity 1936.7364,
Train Epoch: [1/2] Iters:[450/40036] transplant_loss 1.7779, rec_loss 0.0480, quant_error 0.5383, utilization 0.9316, perplexity 1933.9296,
Train Epoch: [1/2] Iters:[460/40036] transplant_loss 1.7902, rec_loss 0.0484, quant_error 0.5399, utilization 0.9330, perplexity 1951.8491,
Train Epoch: [1/2] Iters:[470/40036] transplant_loss 1.7904, rec_loss 0.0487, quant_error 0.5352, utilization 0.9331, perplexity 1943.7103,
Train Epoch: [1/2] Iters:[480/40036] transplant_loss 1.7734, rec_loss 0.0487, quant_error 0.5336, utilization 0.9321, perplexity 1931.8091,
Train Epoch: [1/2] Iters:[490/40036] transplant_loss 1.7685, rec_loss 0.0480, quant_error 0.5260, utilization 0.9337, perplexity 1953.9606,
Train Epoch: [1/2] Iters:[500/40036] transplant_loss 1.7641, rec_loss 0.0464, quant_error 0.5215, utilization 0.9351, perplexity 1966.9677,
Train Epoch: [1/2] Iters:[510/40036] transplant_loss 1.7436, rec_loss 0.0456, quant_error 0.5173, utilization 0.9343, perplexity 1948.3906,
Train Epoch: [1/2] Iters:[520/40036] transplant_loss 1.7308, rec_loss 0.0454, quant_error 0.5170, utilization 0.9343, perplexity 1945.2286,
Train Epoch: [1/2] Iters:[530/40036] transplant_loss 1.7387, rec_loss 0.0446, quant_error 0.5136, utilization 0.9352, perplexity 1956.4737,
Train Epoch: [1/2] Iters:[540/40036] transplant_loss 1.7396, rec_loss 0.0451, quant_error 0.5175, utilization 0.9355, perplexity 1950.6195,
Train Epoch: [1/2] Iters:[550/40036] transplant_loss 1.7406, rec_loss 0.0463, quant_error 0.5175, utilization 0.9348, perplexity 1941.5381,
Train Epoch: [1/2] Iters:[560/40036] transplant_loss 1.7467, rec_loss 0.0465, quant_error 0.5173, utilization 0.9356, perplexity 1954.0716,
Train Epoch: [1/2] Iters:[570/40036] transplant_loss 1.7400, rec_loss 0.0470, quant_error 0.5161, utilization 0.9360, perplexity 1950.5997,
Train Epoch: [1/2] Iters:[580/40036] transplant_loss 1.7248, rec_loss 0.0463, quant_error 0.5126, utilization 0.9369, perplexity 1962.2101,
Train Epoch: [1/2] Iters:[590/40036] transplant_loss 1.7244, rec_loss 0.0458, quant_error 0.5097, utilization 0.9363, perplexity 1949.6215,
Train Epoch: [1/2] Iters:[600/40036] transplant_loss 1.7272, rec_loss 0.0463, quant_error 0.5103, utilization 0.9363, perplexity 1942.3349,
Train Epoch: [1/2] Iters:[610/40036] transplant_loss 1.7145, rec_loss 0.0455, quant_error 0.5068, utilization 0.9365, perplexity 1942.0316,
Train Epoch: [1/2] Iters:[620/40036] transplant_loss 1.7080, rec_loss 0.0445, quant_error 0.5008, utilization 0.9370, perplexity 1955.0612,
Train Epoch: [1/2] Iters:[630/40036] transplant_loss 1.7230, rec_loss 0.0464, quant_error 0.5032, utilization 0.9362, perplexity 1936.2810,
Train Epoch: [1/2] Iters:[640/40036] transplant_loss 1.7156, rec_loss 0.0464, quant_error 0.4982, utilization 0.9364, perplexity 1936.2991,
Train Epoch: [1/2] Iters:[650/40036] transplant_loss 1.7057, rec_loss 0.0455, quant_error 0.4934, utilization 0.9380, perplexity 1967.1876,
Train Epoch: [1/2] Iters:[660/40036] transplant_loss 1.7205, rec_loss 0.0470, quant_error 0.4955, utilization 0.9384, perplexity 1974.3919,
Train Epoch: [1/2] Iters:[670/40036] transplant_loss 1.7269, rec_loss 0.0460, quant_error 0.4965, utilization 0.9372, perplexity 1947.7288,
Train Epoch: [1/2] Iters:[680/40036] transplant_loss 1.7131, rec_loss 0.0449, quant_error 0.4932, utilization 0.9374, perplexity 1949.3866,
