warming up TensorFlow...
computing reference batch activations...
warming up TensorFlow...
computing reference batch activations...
warming up TensorFlow...
computing reference batch activations...
warming up TensorFlow...
computing reference batch activations...
computing/reading reference batch statistics...
computing sample batch activations...
computing/reading reference batch statistics...
computing sample batch activations...
computing/reading reference batch statistics...
computing sample batch activations...
computing/reading reference batch statistics...
computing sample batch activations...
computing/reading sample batch statistics...
Computing evaluations...
Inception Score: 169.11468505859375
FID: 3.144296559840768
writing to /projects/yuanai/projects/VQ-Transplant/VAR/reconstruction/Substitution/ImageNet/ema_vq_16384_32_True.txt
computing/reading sample batch statistics...
Computing evaluations...
Inception Score: 173.880126953125
FID: 2.589062616466606
writing to /projects/yuanai/projects/VQ-Transplant/VAR/reconstruction/Substitution/ImageNet/ema_vq_8192_32_True.txt
computing/reading sample batch statistics...
Computing evaluations...
Inception Score: 165.20323181152344
FID: 3.727446246981799
writing to /projects/yuanai/projects/VQ-Transplant/VAR/reconstruction/Substitution/ImageNet/ema_vq_32768_32_True.txt
computing/reading sample batch statistics...
Computing evaluations...
Inception Score: 178.55575561523438
FID: 2.1695376525639176
writing to /projects/yuanai/projects/VQ-Transplant/VAR/reconstruction/Substitution/ImageNet/ema_vq_4096_32_True.txt
