warming up TensorFlow...
computing reference batch activations...
computing/reading reference batch statistics...
computing sample batch activations...
computing/reading sample batch statistics...
Computing evaluations...
Inception Score: 194.526611328125
FID: 1.022502935208479
writing to /project/6105494/sunset/VQ-Projects/VQ-Transplant3/reconstruction/Refinement/ImageNet/mmd_vq_refinement_4096_True_1.txt
warming up TensorFlow...
computing reference batch activations...
computing/reading reference batch statistics...
computing sample batch activations...
computing/reading sample batch statistics...
Computing evaluations...
Inception Score: 194.99069213867188
FID: 0.9866373461843523
writing to /project/6105494/sunset/VQ-Projects/VQ-Transplant3/reconstruction/Refinement/ImageNet/mmd_vq_refinement_4096_True_2.txt
warming up TensorFlow...
computing reference batch activations...
computing/reading reference batch statistics...
computing sample batch activations...
computing/reading sample batch statistics...
Computing evaluations...
Inception Score: 196.15122985839844
FID: 0.9496206263573868
writing to /project/6105494/sunset/VQ-Projects/VQ-Transplant3/reconstruction/Refinement/ImageNet/mmd_vq_refinement_4096_True_3.txt
warming up TensorFlow...
computing reference batch activations...
computing/reading reference batch statistics...
computing sample batch activations...
computing/reading sample batch statistics...
Computing evaluations...
Inception Score: 196.07275390625
FID: 0.937774919556432
writing to /project/6105494/sunset/VQ-Projects/VQ-Transplant3/reconstruction/Refinement/ImageNet/mmd_vq_refinement_4096_True_4.txt
warming up TensorFlow...
computing reference batch activations...
computing/reading reference batch statistics...
computing sample batch activations...
computing/reading sample batch statistics...
Computing evaluations...
Inception Score: 199.16885375976562
FID: 0.9110609372146155
writing to /project/6105494/sunset/VQ-Projects/VQ-Transplant3/reconstruction/Refinement/ImageNet/mmd_vq_refinement_4096_True_5.txt
warming up TensorFlow...
computing reference batch activations...
computing/reading reference batch statistics...
computing sample batch activations...
computing/reading sample batch statistics...
Computing evaluations...
Inception Score: 199.29090881347656
FID: 0.9093253310489899
writing to /project/6105494/sunset/VQ-Projects/VQ-Transplant3/reconstruction/Refinement/ImageNet/mmd_vq_refinement_8192_True_1.txt
warming up TensorFlow...
computing reference batch activations...
computing/reading reference batch statistics...
computing sample batch activations...
computing/reading sample batch statistics...
Computing evaluations...
Inception Score: 199.3461456298828
FID: 0.8798648873662955
writing to /project/6105494/sunset/VQ-Projects/VQ-Transplant3/reconstruction/Refinement/ImageNet/mmd_vq_refinement_8192_True_2.txt
warming up TensorFlow...
computing reference batch activations...
computing/reading reference batch statistics...
computing sample batch activations...
computing/reading sample batch statistics...
Computing evaluations...
Inception Score: 199.26760864257812
FID: 0.8902854610225859
writing to /project/6105494/sunset/VQ-Projects/VQ-Transplant3/reconstruction/Refinement/ImageNet/mmd_vq_refinement_8192_True_3.txt
warming up TensorFlow...
computing reference batch activations...
computing/reading reference batch statistics...
computing sample batch activations...
computing/reading sample batch statistics...
Computing evaluations...
Inception Score: 200.6151885986328
FID: 0.8471944782589844
writing to /project/6105494/sunset/VQ-Projects/VQ-Transplant3/reconstruction/Refinement/ImageNet/mmd_vq_refinement_8192_True_4.txt
warming up TensorFlow...
computing reference batch activations...
computing/reading reference batch statistics...
computing sample batch activations...
computing/reading sample batch statistics...
Computing evaluations...
Inception Score: 201.0138702392578
FID: 0.805708557070318
writing to /project/6105494/sunset/VQ-Projects/VQ-Transplant3/reconstruction/Refinement/ImageNet/mmd_vq_refinement_8192_True_5.txt
warming up TensorFlow...
computing reference batch activations...
computing/reading reference batch statistics...
computing sample batch activations...
computing/reading sample batch statistics...
Computing evaluations...
Inception Score: 195.3245086669922
FID: 1.0061662464354413
writing to /project/6105494/sunset/VQ-Projects/VQ-Transplant3/reconstruction/Refinement/ImageNet/wasserstein_vq_refinement_4096_True_1.txt
warming up TensorFlow...
computing reference batch activations...
computing/reading reference batch statistics...
computing sample batch activations...
computing/reading sample batch statistics...
Computing evaluations...
Inception Score: 195.8615264892578
FID: 0.9678043690262825
writing to /project/6105494/sunset/VQ-Projects/VQ-Transplant3/reconstruction/Refinement/ImageNet/wasserstein_vq_refinement_4096_True_2.txt
warming up TensorFlow...
computing reference batch activations...
computing/reading reference batch statistics...
computing sample batch activations...
computing/reading sample batch statistics...
Computing evaluations...
Inception Score: 197.18405151367188
FID: 0.9570256534988175
writing to /project/6105494/sunset/VQ-Projects/VQ-Transplant3/reconstruction/Refinement/ImageNet/wasserstein_vq_refinement_4096_True_3.txt
warming up TensorFlow...
computing reference batch activations...
computing/reading reference batch statistics...
computing sample batch activations...
computing/reading sample batch statistics...
Computing evaluations...
Inception Score: 196.29603576660156
FID: 0.9530422218699641
writing to /project/6105494/sunset/VQ-Projects/VQ-Transplant3/reconstruction/Refinement/ImageNet/wasserstein_vq_refinement_4096_True_4.txt
warming up TensorFlow...
computing reference batch activations...
computing/reading reference batch statistics...
computing sample batch activations...
computing/reading sample batch statistics...
Computing evaluations...
Inception Score: 196.9077606201172
FID: 0.9259573853181564
writing to /project/6105494/sunset/VQ-Projects/VQ-Transplant3/reconstruction/Refinement/ImageNet/wasserstein_vq_refinement_4096_True_5.txt
warming up TensorFlow...
computing reference batch activations...
computing/reading reference batch statistics...
computing sample batch activations...
computing/reading sample batch statistics...
Computing evaluations...
Inception Score: 198.2139892578125
FID: 0.9099485992855989
writing to /project/6105494/sunset/VQ-Projects/VQ-Transplant3/reconstruction/Refinement/ImageNet/wasserstein_vq_refinement_8192_True_1.txt
warming up TensorFlow...
computing reference batch activations...
computing/reading reference batch statistics...
computing sample batch activations...
computing/reading sample batch statistics...
Computing evaluations...
Inception Score: 198.6917266845703
FID: 0.9030786995101039
writing to /project/6105494/sunset/VQ-Projects/VQ-Transplant3/reconstruction/Refinement/ImageNet/wasserstein_vq_refinement_8192_True_2.txt
warming up TensorFlow...
computing reference batch activations...
computing/reading reference batch statistics...
computing sample batch activations...
computing/reading sample batch statistics...
Computing evaluations...
Inception Score: 199.00369262695312
FID: 0.8597579367245771
writing to /project/6105494/sunset/VQ-Projects/VQ-Transplant3/reconstruction/Refinement/ImageNet/wasserstein_vq_refinement_8192_True_3.txt
warming up TensorFlow...
computing reference batch activations...
computing/reading reference batch statistics...
computing sample batch activations...
computing/reading sample batch statistics...
Computing evaluations...
Inception Score: 199.1100311279297
FID: 0.8319695106326321
writing to /project/6105494/sunset/VQ-Projects/VQ-Transplant3/reconstruction/Refinement/ImageNet/wasserstein_vq_refinement_8192_True_4.txt
warming up TensorFlow...
computing reference batch activations...
computing/reading reference batch statistics...
computing sample batch activations...
computing/reading sample batch statistics...
Computing evaluations...
Inception Score: 198.8048553466797
FID: 0.8336154212595943
writing to /project/6105494/sunset/VQ-Projects/VQ-Transplant3/reconstruction/Refinement/ImageNet/wasserstein_vq_refinement_8192_True_5.txt
warming up TensorFlow...
computing reference batch activations...
computing/reading reference batch statistics...
computing sample batch activations...
computing/reading sample batch statistics...
Computing evaluations...
Inception Score: 174.79490661621094
FID: 1.8336901652994015
writing to /project/6105494/sunset/VQ-Projects/VQ-Transplant3/reconstruction/Refinement/ImageNet/ema_vq_refinement_4096_True_1.txt
warming up TensorFlow...
computing reference batch activations...
computing/reading reference batch statistics...
computing sample batch activations...
computing/reading sample batch statistics...
Computing evaluations...
Inception Score: 175.52035522460938
FID: 1.7547148897132843
writing to /project/6105494/sunset/VQ-Projects/VQ-Transplant3/reconstruction/Refinement/ImageNet/ema_vq_refinement_4096_True_2.txt
warming up TensorFlow...
computing reference batch activations...
computing/reading reference batch statistics...
computing sample batch activations...
computing/reading sample batch statistics...
Computing evaluations...
Inception Score: 176.3080596923828
FID: 1.676295978184612
writing to /project/6105494/sunset/VQ-Projects/VQ-Transplant3/reconstruction/Refinement/ImageNet/ema_vq_refinement_4096_True_3.txt
warming up TensorFlow...
computing reference batch activations...
computing/reading reference batch statistics...
computing sample batch activations...
computing/reading sample batch statistics...
Computing evaluations...
Inception Score: 175.5153045654297
FID: 1.7147989687790641
writing to /project/6105494/sunset/VQ-Projects/VQ-Transplant3/reconstruction/Refinement/ImageNet/ema_vq_refinement_4096_True_4.txt
warming up TensorFlow...
computing reference batch activations...
computing/reading reference batch statistics...
computing sample batch activations...
computing/reading sample batch statistics...
Computing evaluations...
Inception Score: 175.4233856201172
FID: 1.678019274799965
writing to /project/6105494/sunset/VQ-Projects/VQ-Transplant3/reconstruction/Refinement/ImageNet/ema_vq_refinement_4096_True_5.txt
warming up TensorFlow...
computing reference batch activations...
computing/reading reference batch statistics...
computing sample batch activations...
computing/reading sample batch statistics...
Computing evaluations...
Inception Score: 177.3738250732422
FID: 1.6880204666727536
writing to /project/6105494/sunset/VQ-Projects/VQ-Transplant3/reconstruction/Refinement/ImageNet/ema_vq_refinement_8192_True_1.txt
warming up TensorFlow...
computing reference batch activations...
computing/reading reference batch statistics...
computing sample batch activations...
computing/reading sample batch statistics...
Computing evaluations...
Inception Score: 177.31533813476562
FID: 1.6544726350439873
writing to /project/6105494/sunset/VQ-Projects/VQ-Transplant3/reconstruction/Refinement/ImageNet/ema_vq_refinement_8192_True_2.txt
warming up TensorFlow...
computing reference batch activations...
computing/reading reference batch statistics...
computing sample batch activations...
computing/reading sample batch statistics...
Computing evaluations...
Inception Score: 178.59548950195312
FID: 1.5768537531707807
writing to /project/6105494/sunset/VQ-Projects/VQ-Transplant3/reconstruction/Refinement/ImageNet/ema_vq_refinement_8192_True_3.txt
warming up TensorFlow...
computing reference batch activations...
computing/reading reference batch statistics...
computing sample batch activations...
computing/reading sample batch statistics...
Computing evaluations...
Inception Score: 178.19569396972656
FID: 1.5829353311125374
writing to /project/6105494/sunset/VQ-Projects/VQ-Transplant3/reconstruction/Refinement/ImageNet/ema_vq_refinement_8192_True_4.txt
warming up TensorFlow...
computing reference batch activations...
computing/reading reference batch statistics...
computing sample batch activations...
computing/reading sample batch statistics...
Computing evaluations...
Inception Score: 178.18356323242188
FID: 1.5551319865520554
writing to /project/6105494/sunset/VQ-Projects/VQ-Transplant3/reconstruction/Refinement/ImageNet/ema_vq_refinement_8192_True_5.txt
warming up TensorFlow...
computing reference batch activations...
computing/reading reference batch statistics...
computing sample batch activations...
computing/reading sample batch statistics...
Computing evaluations...
Inception Score: 191.89627075195312
FID: 1.146015997743575
writing to /project/6105494/sunset/VQ-Projects/VQ-Transplant3/reconstruction/Refinement/ImageNet/online_vq_refinement_4096_True_1.txt
warming up TensorFlow...
computing reference batch activations...
computing/reading reference batch statistics...
computing sample batch activations...
computing/reading sample batch statistics...
Computing evaluations...
Inception Score: 192.42202758789062
FID: 1.0833340870797201
writing to /project/6105494/sunset/VQ-Projects/VQ-Transplant3/reconstruction/Refinement/ImageNet/online_vq_refinement_4096_True_2.txt
warming up TensorFlow...
computing reference batch activations...
computing/reading reference batch statistics...
computing sample batch activations...
computing/reading sample batch statistics...
Computing evaluations...
Inception Score: 192.58773803710938
FID: 1.0872322237759136
writing to /project/6105494/sunset/VQ-Projects/VQ-Transplant3/reconstruction/Refinement/ImageNet/online_vq_refinement_4096_True_3.txt
warming up TensorFlow...
computing reference batch activations...
computing/reading reference batch statistics...
computing sample batch activations...
computing/reading sample batch statistics...
Computing evaluations...
Inception Score: 192.56796264648438
FID: 1.1009256854318892
writing to /project/6105494/sunset/VQ-Projects/VQ-Transplant3/reconstruction/Refinement/ImageNet/online_vq_refinement_4096_True_4.txt
warming up TensorFlow...
computing reference batch activations...
computing/reading reference batch statistics...
computing sample batch activations...
computing/reading sample batch statistics...
Computing evaluations...
Inception Score: 193.0046844482422
FID: 1.050752962311094
writing to /project/6105494/sunset/VQ-Projects/VQ-Transplant3/reconstruction/Refinement/ImageNet/online_vq_refinement_4096_True_5.txt
warming up TensorFlow...
computing reference batch activations...
computing/reading reference batch statistics...
computing sample batch activations...
computing/reading sample batch statistics...
Computing evaluations...
Inception Score: 193.22195434570312
FID: 1.0739876939103397
writing to /project/6105494/sunset/VQ-Projects/VQ-Transplant3/reconstruction/Refinement/ImageNet/online_vq_refinement_8192_True_1.txt
warming up TensorFlow...
computing reference batch activations...
computing/reading reference batch statistics...
computing sample batch activations...
computing/reading sample batch statistics...
Computing evaluations...
Inception Score: 193.5015411376953
FID: 1.0615215105237894
writing to /project/6105494/sunset/VQ-Projects/VQ-Transplant3/reconstruction/Refinement/ImageNet/online_vq_refinement_8192_True_2.txt
warming up TensorFlow...
computing reference batch activations...
computing/reading reference batch statistics...
computing sample batch activations...
computing/reading sample batch statistics...
Computing evaluations...
Inception Score: 192.7274932861328
FID: 1.0679325472785877
writing to /project/6105494/sunset/VQ-Projects/VQ-Transplant3/reconstruction/Refinement/ImageNet/online_vq_refinement_8192_True_3.txt
warming up TensorFlow...
computing reference batch activations...
computing/reading reference batch statistics...
computing sample batch activations...
computing/reading sample batch statistics...
Computing evaluations...
Inception Score: 193.62899780273438
FID: 1.0319651391684488
writing to /project/6105494/sunset/VQ-Projects/VQ-Transplant3/reconstruction/Refinement/ImageNet/online_vq_refinement_8192_True_4.txt
warming up TensorFlow...
computing reference batch activations...
computing/reading reference batch statistics...
computing sample batch activations...
computing/reading sample batch statistics...
Computing evaluations...
Inception Score: 193.38050842285156
FID: 1.0000111234223255
writing to /project/6105494/sunset/VQ-Projects/VQ-Transplant3/reconstruction/Refinement/ImageNet/online_vq_refinement_8192_True_5.txt
warming up TensorFlow...
computing reference batch activations...
computing/reading reference batch statistics...
computing sample batch activations...
computing/reading sample batch statistics...
Computing evaluations...
Inception Score: 184.6291046142578
FID: 1.3872920151194421
writing to /project/6105494/sunset/VQ-Projects/VQ-Transplant3/reconstruction/Refinement/ImageNet/vanilla_vq_refinement_4096_True_1.txt
warming up TensorFlow...
computing reference batch activations...
computing/reading reference batch statistics...
computing sample batch activations...
computing/reading sample batch statistics...
Computing evaluations...
Inception Score: 184.69558715820312
FID: 1.3659425882021878
writing to /project/6105494/sunset/VQ-Projects/VQ-Transplant3/reconstruction/Refinement/ImageNet/vanilla_vq_refinement_4096_True_2.txt
warming up TensorFlow...
computing reference batch activations...
computing/reading reference batch statistics...
computing sample batch activations...
computing/reading sample batch statistics...
Computing evaluations...
Inception Score: 185.22950744628906
FID: 1.3208712809330336
writing to /project/6105494/sunset/VQ-Projects/VQ-Transplant3/reconstruction/Refinement/ImageNet/vanilla_vq_refinement_4096_True_3.txt
warming up TensorFlow...
computing reference batch activations...
computing/reading reference batch statistics...
computing sample batch activations...
computing/reading sample batch statistics...
Computing evaluations...
Inception Score: 186.1415252685547
FID: 1.2920563352795966
writing to /project/6105494/sunset/VQ-Projects/VQ-Transplant3/reconstruction/Refinement/ImageNet/vanilla_vq_refinement_4096_True_4.txt
warming up TensorFlow...
computing reference batch activations...
computing/reading reference batch statistics...
computing sample batch activations...
computing/reading sample batch statistics...
Computing evaluations...
Inception Score: 185.60838317871094
FID: 1.2455676998032459
writing to /project/6105494/sunset/VQ-Projects/VQ-Transplant3/reconstruction/Refinement/ImageNet/vanilla_vq_refinement_4096_True_5.txt
warming up TensorFlow...
computing reference batch activations...
computing/reading reference batch statistics...
computing sample batch activations...
computing/reading sample batch statistics...
Computing evaluations...
Inception Score: 184.68003845214844
FID: 1.4292326271678348
writing to /project/6105494/sunset/VQ-Projects/VQ-Transplant3/reconstruction/Refinement/ImageNet/vanilla_vq_refinement_8192_True_1.txt
warming up TensorFlow...
computing reference batch activations...
computing/reading reference batch statistics...
computing sample batch activations...
computing/reading sample batch statistics...
Computing evaluations...
Inception Score: 184.47030639648438
FID: 1.3982714092247193
writing to /project/6105494/sunset/VQ-Projects/VQ-Transplant3/reconstruction/Refinement/ImageNet/vanilla_vq_refinement_8192_True_2.txt
warming up TensorFlow...
computing reference batch activations...
computing/reading reference batch statistics...
computing sample batch activations...
computing/reading sample batch statistics...
Computing evaluations...
Inception Score: 185.01416015625
FID: 1.3483845657754046
writing to /project/6105494/sunset/VQ-Projects/VQ-Transplant3/reconstruction/Refinement/ImageNet/vanilla_vq_refinement_8192_True_3.txt
warming up TensorFlow...
computing reference batch activations...
computing/reading reference batch statistics...
computing sample batch activations...
computing/reading sample batch statistics...
Computing evaluations...
Inception Score: 185.64366149902344
FID: 1.3313032094696382
writing to /project/6105494/sunset/VQ-Projects/VQ-Transplant3/reconstruction/Refinement/ImageNet/vanilla_vq_refinement_8192_True_4.txt
warming up TensorFlow...
computing reference batch activations...
computing/reading reference batch statistics...
computing sample batch activations...
computing/reading sample batch statistics...
Computing evaluations...
Inception Score: 185.4876251220703
FID: 1.3011680055379884
writing to /project/6105494/sunset/VQ-Projects/VQ-Transplant3/reconstruction/Refinement/ImageNet/vanilla_vq_refinement_8192_True_5.txt
