warming up TensorFlow...
computing reference batch activations...
computing/reading reference batch statistics...
computing sample batch activations...
computing/reading sample batch statistics...
Computing evaluations...
Inception Score: 171.81503295898438
FID: 2.2803934999781177
writing to /project/6105494/sunset/VQ-Projects/VQ-Transplant3/reconstruction/Transplant/ImageNet/ema_vq_transplant_4096_True.txt
warming up TensorFlow...
computing reference batch activations...
computing/reading reference batch statistics...
computing sample batch activations...
computing/reading sample batch statistics...
Computing evaluations...
Inception Score: 173.6002960205078
FID: 2.1769793180935153
writing to /project/6105494/sunset/VQ-Projects/VQ-Transplant3/reconstruction/Transplant/ImageNet/ema_vq_transplant_8192_True.txt
warming up TensorFlow...
computing reference batch activations...
computing/reading reference batch statistics...
computing sample batch activations...
computing/reading sample batch statistics...
Computing evaluations...
Inception Score: 189.4080810546875
FID: 1.5203931407504
writing to /project/6105494/sunset/VQ-Projects/VQ-Transplant3/reconstruction/Transplant/ImageNet/mmd_vq_transplant_4096_True.txt
warming up TensorFlow...
computing reference batch activations...
computing/reading reference batch statistics...
computing sample batch activations...
computing/reading sample batch statistics...
Computing evaluations...
Inception Score: 190.45254516601562
FID: 1.4945517142633093
writing to /project/6105494/sunset/VQ-Projects/VQ-Transplant3/reconstruction/Transplant/ImageNet/mmd_vq_transplant_8192_True.txt
warming up TensorFlow...
computing reference batch activations...
computing/reading reference batch statistics...
computing sample batch activations...
computing/reading sample batch statistics...
Computing evaluations...
Inception Score: 186.9593963623047
FID: 1.5611861002926162
writing to /project/6105494/sunset/VQ-Projects/VQ-Transplant3/reconstruction/Transplant/ImageNet/online_vq_transplant_4096_True.txt
warming up TensorFlow...
computing reference batch activations...
computing/reading reference batch statistics...
computing sample batch activations...
computing/reading sample batch statistics...
Computing evaluations...
Inception Score: 187.68038940429688
FID: 1.4915097056016293
writing to /project/6105494/sunset/VQ-Projects/VQ-Transplant3/reconstruction/Transplant/ImageNet/online_vq_transplant_8192_True.txt
warming up TensorFlow...
computing reference batch activations...
computing/reading reference batch statistics...
computing sample batch activations...
computing/reading sample batch statistics...
Computing evaluations...
Inception Score: 180.33883666992188
FID: 1.8421507940083188
writing to /project/6105494/sunset/VQ-Projects/VQ-Transplant3/reconstruction/Transplant/ImageNet/vanilla_vq_transplant_4096_True.txt
warming up TensorFlow...
computing reference batch activations...
computing/reading reference batch statistics...
computing sample batch activations...
computing/reading sample batch statistics...
Computing evaluations...
Inception Score: 179.34375
FID: 1.9333281644859994
writing to /project/6105494/sunset/VQ-Projects/VQ-Transplant3/reconstruction/Transplant/ImageNet/vanilla_vq_transplant_8192_True.txt
warming up TensorFlow...
computing reference batch activations...
computing/reading reference batch statistics...
computing sample batch activations...
computing/reading sample batch statistics...
Computing evaluations...
Inception Score: 188.55517578125
FID: 1.5676301604158311
writing to /project/6105494/sunset/VQ-Projects/VQ-Transplant3/reconstruction/Transplant/ImageNet/wasserstein_vq_transplant_4096_True.txt
warming up TensorFlow...
computing reference batch activations...
computing/reading reference batch statistics...
computing sample batch activations...
computing/reading sample batch statistics...
Computing evaluations...
Inception Score: 190.47702026367188
FID: 1.5595242848694397
writing to /project/6105494/sunset/VQ-Projects/VQ-Transplant3/reconstruction/Transplant/ImageNet/wasserstein_vq_transplant_8192_True.txt
