warming up TensorFlow...
computing reference batch activations...
computing/reading reference batch statistics...
computing sample batch activations...
computing/reading sample batch statistics...
Computing evaluations...
Inception Score: 199.29090881347656
FID: 0.9093253310489899
writing to /project/6105494/sunset/VQ-Projects/VQ-Transplant3/reconstruction/Refinement/ImageNet/mmd_vq_refinement_8192_True_1.txt
warming up TensorFlow...
computing reference batch activations...
computing/reading reference batch statistics...
computing sample batch activations...
computing/reading sample batch statistics...
Computing evaluations...
Inception Score: 199.3461456298828
FID: 0.8798648873662955
writing to /project/6105494/sunset/VQ-Projects/VQ-Transplant3/reconstruction/Refinement/ImageNet/mmd_vq_refinement_8192_True_2.txt
warming up TensorFlow...
computing reference batch activations...
computing/reading reference batch statistics...
computing sample batch activations...
computing/reading sample batch statistics...
Computing evaluations...
Inception Score: 199.26760864257812
FID: 0.8902854610225859
writing to /project/6105494/sunset/VQ-Projects/VQ-Transplant3/reconstruction/Refinement/ImageNet/mmd_vq_refinement_8192_True_3.txt
warming up TensorFlow...
computing reference batch activations...
computing/reading reference batch statistics...
computing sample batch activations...
computing/reading sample batch statistics...
Computing evaluations...
Inception Score: 200.6151885986328
FID: 0.8471944782589844
writing to /project/6105494/sunset/VQ-Projects/VQ-Transplant3/reconstruction/Refinement/ImageNet/mmd_vq_refinement_8192_True_4.txt
warming up TensorFlow...
computing reference batch activations...
computing/reading reference batch statistics...
computing sample batch activations...
computing/reading sample batch statistics...
Computing evaluations...
Inception Score: 201.0138702392578
FID: 0.805708557070318
writing to /project/6105494/sunset/VQ-Projects/VQ-Transplant3/reconstruction/Refinement/ImageNet/mmd_vq_refinement_8192_True_5.txt
warming up TensorFlow...
computing reference batch activations...
computing/reading reference batch statistics...
computing sample batch activations...
computing/reading sample batch statistics...
Computing evaluations...
Inception Score: 200.82833862304688
FID: 0.807912895971242
writing to /project/6105494/sunset/VQ-Projects/VQ-Transplant3/reconstruction2/Refinement/ImageNet/mmd_vq_refinement_8192_True_6.txt
warming up TensorFlow...
computing reference batch activations...
computing/reading reference batch statistics...
computing sample batch activations...
computing/reading sample batch statistics...
Computing evaluations...
Inception Score: 199.37315368652344
FID: 0.8265299635048109
writing to /project/6105494/sunset/VQ-Projects/VQ-Transplant3/reconstruction2/Refinement/ImageNet/mmd_vq_refinement_8192_True_7.txt
warming up TensorFlow...
computing reference batch activations...
computing/reading reference batch statistics...
computing sample batch activations...
computing/reading sample batch statistics...
Computing evaluations...
Inception Score: 201.0833282470703
FID: 0.7778412758105446
writing to /project/6105494/sunset/VQ-Projects/VQ-Transplant3/reconstruction2/Refinement/ImageNet/mmd_vq_refinement_8192_True_8.txt
warming up TensorFlow...
computing reference batch activations...
computing/reading reference batch statistics...
computing sample batch activations...
computing/reading sample batch statistics...
Computing evaluations...
Inception Score: 200.4298858642578
FID: 0.8199539492529766
writing to /project/6105494/sunset/VQ-Projects/VQ-Transplant3/reconstruction2/Refinement/ImageNet/mmd_vq_refinement_8192_True_9.txt
warming up TensorFlow...
computing reference batch activations...
computing/reading reference batch statistics...
computing sample batch activations...
computing/reading sample batch statistics...
Computing evaluations...
Inception Score: 201.02572631835938
FID: 0.7939566301491254
writing to /project/6105494/sunset/VQ-Projects/VQ-Transplant3/reconstruction2/Refinement/ImageNet/mmd_vq_refinement_8192_True_10.txt
