warming up TensorFlow...
computing reference batch activations...
computing/reading reference batch statistics...
computing sample batch activations...
computing/reading sample batch statistics...
Computing evaluations...
Inception Score: 194.526611328125
FID: 1.022502935208479
writing to /project/6105494/sunset/VQ-Projects/VQ-Transplant3/reconstruction/Refinement/ImageNet/mmd_vq_refinement_4096_True_1.txt
warming up TensorFlow...
computing reference batch activations...
computing/reading reference batch statistics...
computing sample batch activations...
computing/reading sample batch statistics...
Computing evaluations...
Inception Score: 194.99069213867188
FID: 0.9866373461843523
writing to /project/6105494/sunset/VQ-Projects/VQ-Transplant3/reconstruction/Refinement/ImageNet/mmd_vq_refinement_4096_True_2.txt
warming up TensorFlow...
computing reference batch activations...
computing/reading reference batch statistics...
computing sample batch activations...
computing/reading sample batch statistics...
Computing evaluations...
Inception Score: 196.15122985839844
FID: 0.9496206263573868
writing to /project/6105494/sunset/VQ-Projects/VQ-Transplant3/reconstruction/Refinement/ImageNet/mmd_vq_refinement_4096_True_3.txt
warming up TensorFlow...
computing reference batch activations...
computing/reading reference batch statistics...
computing sample batch activations...
computing/reading sample batch statistics...
Computing evaluations...
Inception Score: 196.07275390625
FID: 0.937774919556432
writing to /project/6105494/sunset/VQ-Projects/VQ-Transplant3/reconstruction/Refinement/ImageNet/mmd_vq_refinement_4096_True_4.txt
warming up TensorFlow...
computing reference batch activations...
computing/reading reference batch statistics...
computing sample batch activations...
computing/reading sample batch statistics...
Computing evaluations...
Inception Score: 199.16885375976562
FID: 0.9110609372146155
writing to /project/6105494/sunset/VQ-Projects/VQ-Transplant3/reconstruction/Refinement/ImageNet/mmd_vq_refinement_4096_True_5.txt
warming up TensorFlow...
computing reference batch activations...
computing/reading reference batch statistics...
computing sample batch activations...
computing/reading sample batch statistics...
Computing evaluations...
Inception Score: 199.86593627929688
FID: 0.8961932331527578
writing to /project/6105494/sunset/VQ-Projects/VQ-Transplant3/reconstruction2/Refinement/ImageNet/mmd_vq_refinement_4096_True_6.txt
warming up TensorFlow...
computing reference batch activations...
computing/reading reference batch statistics...
computing sample batch activations...
computing/reading sample batch statistics...
Computing evaluations...
Inception Score: 199.8678436279297
FID: 0.8985995498682087
writing to /project/6105494/sunset/VQ-Projects/VQ-Transplant3/reconstruction2/Refinement/ImageNet/mmd_vq_refinement_4096_True_7.txt
warming up TensorFlow...
computing reference batch activations...
computing/reading reference batch statistics...
computing sample batch activations...
computing/reading sample batch statistics...
Computing evaluations...
Inception Score: 199.6323699951172
FID: 0.8831575379537071
writing to /project/6105494/sunset/VQ-Projects/VQ-Transplant3/reconstruction2/Refinement/ImageNet/mmd_vq_refinement_4096_True_8.txt
warming up TensorFlow...
computing reference batch activations...
computing/reading reference batch statistics...
computing sample batch activations...
computing/reading sample batch statistics...
Computing evaluations...
Inception Score: 199.92831420898438
FID: 0.9076125990689548
writing to /project/6105494/sunset/VQ-Projects/VQ-Transplant3/reconstruction2/Refinement/ImageNet/mmd_vq_refinement_4096_True_9.txt
warming up TensorFlow...
computing reference batch activations...
computing/reading reference batch statistics...
computing sample batch activations...
computing/reading sample batch statistics...
Computing evaluations...
Inception Score: 199.9470672607422
FID: 0.8741526975174452
writing to /project/6105494/sunset/VQ-Projects/VQ-Transplant3/reconstruction2/Refinement/ImageNet/mmd_vq_refinement_4096_True_10.txt
