cpu-bind=MASK - g009, task  0  0 [1105394]: mask 0x7fe set
bash: setenv: command not found
/home/fangxian/.bashrc: line 44: alias: python3: not found
/home/fangxian/.bashrc: line 44: alias: /home/fangxian/packages/anaconda/bin/python: not found
[W socket.cpp:436] [c10d] The server socket cannot be initialized on [::]:12236 (errno: 97 - Address family not supported by protocol).
[W socket.cpp:663] [c10d] The client socket cannot be initialized to connect to [localhost]:12236 (errno: 97 - Address family not supported by protocol).
[W socket.cpp:663] [c10d] The client socket cannot be initialized to connect to [localhost]:12236 (errno: 97 - Address family not supported by protocol).
Traceback (most recent call last):
  File "train_substitution.py", line 266, in <module>
    main_worker(args)
  File "train_substitution.py", line 257, in main_worker
    eval_reconstruction(args, model)
  File "/home/fangxian/VQ-Projects/VQ-Transplant/VAR/Substitution/eval_reconstruction.py", line 120, in eval_reconstruction
    create_npz_from_sample_folder(raw_folder_dir, num_fid_samples=50000)
NameError: name 'raw_folder_dir' is not defined
/home/fangxian/packages/anaconda/envs/share_VAR/lib/python3.8/site-packages/torch/distributed/launch.py:181: FutureWarning: The module torch.distributed.launch is deprecated
and will be removed in future. Use torchrun.
Note that --use-env is set by default in torchrun.
If your script expects `--local-rank` argument to be set, please
change it to read from `os.environ['LOCAL_RANK']` instead. See 
https://pytorch.org/docs/stable/distributed.html#launch-utility for 
further instructions

  warnings.warn(
[2025-06-05 04:54:42,244] torch.distributed.elastic.multiprocessing.api: [ERROR] failed (exitcode: 1) local_rank: 0 (pid: 1105450) of binary: /home/fangxian/packages/anaconda/envs/share_VAR/bin/python
Traceback (most recent call last):
  File "/home/fangxian/packages/anaconda/envs/share_VAR/lib/python3.8/runpy.py", line 194, in _run_module_as_main
    return _run_code(code, main_globals, None,
  File "/home/fangxian/packages/anaconda/envs/share_VAR/lib/python3.8/runpy.py", line 87, in _run_code
    exec(code, run_globals)
  File "/home/fangxian/packages/anaconda/envs/share_VAR/lib/python3.8/site-packages/torch/distributed/launch.py", line 196, in <module>
    main()
  File "/home/fangxian/packages/anaconda/envs/share_VAR/lib/python3.8/site-packages/torch/distributed/launch.py", line 192, in main
    launch(args)
  File "/home/fangxian/packages/anaconda/envs/share_VAR/lib/python3.8/site-packages/torch/distributed/launch.py", line 177, in launch
    run(args)
  File "/home/fangxian/packages/anaconda/envs/share_VAR/lib/python3.8/site-packages/torch/distributed/run.py", line 797, in run
    elastic_launch(
  File "/home/fangxian/packages/anaconda/envs/share_VAR/lib/python3.8/site-packages/torch/distributed/launcher/api.py", line 134, in __call__
    return launch_agent(self._config, self._entrypoint, list(args))
  File "/home/fangxian/packages/anaconda/envs/share_VAR/lib/python3.8/site-packages/torch/distributed/launcher/api.py", line 264, in launch_agent
    raise ChildFailedError(
torch.distributed.elastic.multiprocessing.errors.ChildFailedError: 
============================================================
train_substitution.py FAILED
------------------------------------------------------------
Failures:
  <NO_OTHER_FAILURES>
------------------------------------------------------------
Root Cause (first observed failure):
[0]:
  time      : 2025-06-05_04:54:42
  host      : g009.m31.bc.edu
  rank      : 0 (local_rank: 0)
  exitcode  : 1 (pid: 1105450)
  error_file: <N/A>
  traceback : To enable traceback see: https://pytorch.org/docs/stable/elastic/errors.html
============================================================
[W socket.cpp:436] [c10d] The server socket cannot be initialized on [::]:12236 (errno: 97 - Address family not supported by protocol).
[W socket.cpp:663] [c10d] The client socket cannot be initialized to connect to [localhost]:12236 (errno: 97 - Address family not supported by protocol).
[W socket.cpp:663] [c10d] The client socket cannot be initialized to connect to [localhost]:12236 (errno: 97 - Address family not supported by protocol).
Traceback (most recent call last):
  File "train_substitution.py", line 266, in <module>
    main_worker(args)
  File "train_substitution.py", line 257, in main_worker
    eval_reconstruction(args, model)
  File "/home/fangxian/VQ-Projects/VQ-Transplant/VAR/Substitution/eval_reconstruction.py", line 120, in eval_reconstruction
    create_npz_from_sample_folder(raw_folder_dir, num_fid_samples=50000)
NameError: name 'raw_folder_dir' is not defined
/home/fangxian/packages/anaconda/envs/share_VAR/lib/python3.8/site-packages/torch/distributed/launch.py:181: FutureWarning: The module torch.distributed.launch is deprecated
and will be removed in future. Use torchrun.
Note that --use-env is set by default in torchrun.
If your script expects `--local-rank` argument to be set, please
change it to read from `os.environ['LOCAL_RANK']` instead. See 
https://pytorch.org/docs/stable/distributed.html#launch-utility for 
further instructions

  warnings.warn(
[2025-06-05 10:28:04,949] torch.distributed.elastic.multiprocessing.api: [ERROR] failed (exitcode: 1) local_rank: 0 (pid: 1212996) of binary: /home/fangxian/packages/anaconda/envs/share_VAR/bin/python
Traceback (most recent call last):
  File "/home/fangxian/packages/anaconda/envs/share_VAR/lib/python3.8/runpy.py", line 194, in _run_module_as_main
    return _run_code(code, main_globals, None,
  File "/home/fangxian/packages/anaconda/envs/share_VAR/lib/python3.8/runpy.py", line 87, in _run_code
    exec(code, run_globals)
  File "/home/fangxian/packages/anaconda/envs/share_VAR/lib/python3.8/site-packages/torch/distributed/launch.py", line 196, in <module>
    main()
  File "/home/fangxian/packages/anaconda/envs/share_VAR/lib/python3.8/site-packages/torch/distributed/launch.py", line 192, in main
    launch(args)
  File "/home/fangxian/packages/anaconda/envs/share_VAR/lib/python3.8/site-packages/torch/distributed/launch.py", line 177, in launch
    run(args)
  File "/home/fangxian/packages/anaconda/envs/share_VAR/lib/python3.8/site-packages/torch/distributed/run.py", line 797, in run
    elastic_launch(
  File "/home/fangxian/packages/anaconda/envs/share_VAR/lib/python3.8/site-packages/torch/distributed/launcher/api.py", line 134, in __call__
    return launch_agent(self._config, self._entrypoint, list(args))
  File "/home/fangxian/packages/anaconda/envs/share_VAR/lib/python3.8/site-packages/torch/distributed/launcher/api.py", line 264, in launch_agent
    raise ChildFailedError(
torch.distributed.elastic.multiprocessing.errors.ChildFailedError: 
============================================================
train_substitution.py FAILED
------------------------------------------------------------
Failures:
  <NO_OTHER_FAILURES>
------------------------------------------------------------
Root Cause (first observed failure):
[0]:
  time      : 2025-06-05_10:28:04
  host      : g009.m31.bc.edu
  rank      : 0 (local_rank: 0)
  exitcode  : 1 (pid: 1212996)
  error_file: <N/A>
  traceback : To enable traceback see: https://pytorch.org/docs/stable/elastic/errors.html
============================================================
[W socket.cpp:436] [c10d] The server socket cannot be initialized on [::]:12236 (errno: 97 - Address family not supported by protocol).
[W socket.cpp:663] [c10d] The client socket cannot be initialized to connect to [localhost]:12236 (errno: 97 - Address family not supported by protocol).
[W socket.cpp:663] [c10d] The client socket cannot be initialized to connect to [localhost]:12236 (errno: 97 - Address family not supported by protocol).
