dataset_dir: /projects/yuanai/data/
dataset_name: ImageNet
global_batch_size: 64
workers: 6
resolution: 256
channels: 3
ms_patch_size: 1_2_3_4_5_6_8_10_13_16
importance: (1, 1, 1, 2, 2, 2, 3, 3, 5, 5)
max_patch_size: 16
codebook_size: 65536
codebook_dim: 8
project_dim: 16
pq: 1
L: 4
alpha: 1.0
beta: 1.0
gamma: 1.0
disc_weight: 0.4
lecam_loss_weight: 0.001
disc_cr_loss_weight: 4.0
VQ: mmd_vq
use_multiscale: False
transplant_epochs: 2
refinement_epochs: 5
eval_epochs: 1
disc_epoch: 1
lr_transplant: 0.0001
lr_refinement: 1e-05
dropout: 0.0
seed: 3407
weight_decay: 1e-05
stage: transplant
path: bc
checkpoint_dir: /projects/yuanai/projects/VQ-Transplant2/checkpoint/Transplant/ImageNet
results_dir: /projects/yuanai/projects/VQ-Transplant2/results/Transplant/ImageNet
saver_dir: /projects/yuanai/projects/VQ-Transplant2/saver/Transplant/ImageNet
reconstruction_dir: /projects/yuanai/projects/VQ-Transplant2/reconstruction/Transplant/ImageNet
yaml_dir: /projects/yuanai/projects/VQ-Transplant2/yaml/Transplant/ImageNet
pretrained_tokenizer: /projects/yuanai/projects/VQ-Transplant2/pretrained_tokenizer/model.ckpt
checkpoint_name: 
nnodes: -1
node_rank: -1
local_rank: 0
dist_url: tcp://224.66.41.62:23456
dist_backend: nccl
world_size: 2
batch_size: 32
ms_token_size: (1, 2, 3, 4, 5, 6, 8, 10, 13, 16)
init_checkpoint_dir: /projects/yuanai/projects/VQ-Transplant2/checkpoint/
data_pre: ImageNet
model_pre: model_65536_8_1
loss_pre: loss_1.0_1.0_1.0_0.4
training_pre: mmd_vq_transplant_False
saver_name_pre: mmd_vq_transplant_False_ImageNet_model_65536_8_1_loss_1.0_1.0_1.0_0.4
| distributed init (rank 0): env://
| distributed init (rank 1): env://
making attention of type 'vanilla' with 512 in_channels
making attention of type 'vanilla' with 512 in_channels
making attention of type 'vanilla' with 512 in_channels
Working with z of shape (1, 16, 16, 16) = 4096 dimensions.
making attention of type 'vanilla' with 512 in_channels
making attention of type 'vanilla' with 512 in_channels
making attention of type 'vanilla' with 512 in_channels
making attention of type 'vanilla' with 512 in_channels
loaded pretrained LPIPS loss from /projects/yuanai/projects/VQ-Transplant2/code/models/cache/vgg.pth
VQ Model Parameters: 69609635
dataset name: ImageNet
len train_set: 1281167
len val_set: 50000
Start training...
epoch:1, cur_lr:0.000100
Train Epoch: [1/2] Iters:[10/20018] transplant_loss 25.0029, rec_loss 0.2568, p_loss 0.7151, quant_error 3.6638, utilization 0.0072, perplexity 156.3835,
Train Epoch: [1/2] Iters:[20/20018] transplant_loss 27.8078, rec_loss 0.2179, p_loss 0.6982, quant_error 3.2818, utilization 0.0053, perplexity 108.1437,
Train Epoch: [1/2] Iters:[30/20018] transplant_loss 23.5317, rec_loss 0.1880, p_loss 0.6823, quant_error 2.9447, utilization 0.0045, perplexity 106.9216,
Train Epoch: [1/2] Iters:[40/20018] transplant_loss 20.5566, rec_loss 0.1672, p_loss 0.6680, quant_error 2.6682, utilization 0.0041, perplexity 108.7493,
Train Epoch: [1/2] Iters:[50/20018] transplant_loss 18.3551, rec_loss 0.1510, p_loss 0.6543, quant_error 2.4355, utilization 0.0038, perplexity 111.1289,
Train Epoch: [1/2] Iters:[60/20018] transplant_loss 15.0674, rec_loss 0.1143, p_loss 0.6217, quant_error 1.9617, utilization 0.0029, perplexity 104.5631,
Train Epoch: [1/2] Iters:[70/20018] transplant_loss 10.5067, rec_loss 0.0921, p_loss 0.5859, quant_error 1.6116, utilization 0.0029, perplexity 118.0758,
Train Epoch: [1/2] Iters:[80/20018] transplant_loss 8.9497, rec_loss 0.0806, p_loss 0.5520, quant_error 1.3740, utilization 0.0034, perplexity 124.9081,
Train Epoch: [1/2] Iters:[90/20018] transplant_loss 7.9759, rec_loss 0.0728, p_loss 0.5205, quant_error 1.2122, utilization 0.0047, perplexity 134.4543,
Train Epoch: [1/2] Iters:[100/20018] transplant_loss 7.3146, rec_loss 0.0682, p_loss 0.4925, quant_error 1.1103, utilization 0.0070, perplexity 151.5520,
Train Epoch: [1/2] Iters:[110/20018] transplant_loss 6.7809, rec_loss 0.0664, p_loss 0.4721, quant_error 1.0405, utilization 0.0101, perplexity 181.8885,
Train Epoch: [1/2] Iters:[120/20018] transplant_loss 6.3468, rec_loss 0.0648, p_loss 0.4573, quant_error 0.9939, utilization 0.0136, perplexity 228.2213,
Train Epoch: [1/2] Iters:[130/20018] transplant_loss 5.9407, rec_loss 0.0624, p_loss 0.4453, quant_error 0.9480, utilization 0.0172, perplexity 295.9360,
Train Epoch: [1/2] Iters:[140/20018] transplant_loss 5.5108, rec_loss 0.0594, p_loss 0.4326, quant_error 0.8997, utilization 0.0204, perplexity 390.7539,
Train Epoch: [1/2] Iters:[150/20018] transplant_loss 5.1227, rec_loss 0.0580, p_loss 0.4215, quant_error 0.8540, utilization 0.0233, perplexity 511.1294,
Train Epoch: [1/2] Iters:[160/20018] transplant_loss 4.7382, rec_loss 0.0554, p_loss 0.4101, quant_error 0.8112, utilization 0.0261, perplexity 647.6035,
Train Epoch: [1/2] Iters:[170/20018] transplant_loss 4.3343, rec_loss 0.0533, p_loss 0.4012, quant_error 0.7671, utilization 0.0294, perplexity 807.6886,
Train Epoch: [1/2] Iters:[180/20018] transplant_loss 3.9860, rec_loss 0.0515, p_loss 0.3915, quant_error 0.7324, utilization 0.0334, perplexity 985.8711,
Train Epoch: [1/2] Iters:[190/20018] transplant_loss 3.6925, rec_loss 0.0505, p_loss 0.3843, quant_error 0.7044, utilization 0.0382, perplexity 1171.2742,
Train Epoch: [1/2] Iters:[200/20018] transplant_loss 3.4100, rec_loss 0.0491, p_loss 0.3756, quant_error 0.6737, utilization 0.0438, perplexity 1380.4053,
Train Epoch: [1/2] Iters:[210/20018] transplant_loss 3.1721, rec_loss 0.0478, p_loss 0.3664, quant_error 0.6479, utilization 0.0495, perplexity 1585.0485,
Train Epoch: [1/2] Iters:[220/20018] transplant_loss 2.9711, rec_loss 0.0470, p_loss 0.3591, quant_error 0.6241, utilization 0.0555, perplexity 1805.4161,
Train Epoch: [1/2] Iters:[230/20018] transplant_loss 2.7822, rec_loss 0.0460, p_loss 0.3532, quant_error 0.5988, utilization 0.0617, perplexity 2048.5343,
Train Epoch: [1/2] Iters:[240/20018] transplant_loss 2.6241, rec_loss 0.0459, p_loss 0.3472, quant_error 0.5744, utilization 0.0680, perplexity 2312.2668,
Train Epoch: [1/2] Iters:[250/20018] transplant_loss 2.4987, rec_loss 0.0443, p_loss 0.3406, quant_error 0.5551, utilization 0.0739, perplexity 2571.1339,
Train Epoch: [1/2] Iters:[260/20018] transplant_loss 2.3734, rec_loss 0.0435, p_loss 0.3358, quant_error 0.5335, utilization 0.0800, perplexity 2861.2569,
Train Epoch: [1/2] Iters:[270/20018] transplant_loss 2.2783, rec_loss 0.0427, p_loss 0.3298, quant_error 0.5163, utilization 0.0857, perplexity 3139.4514,
Train Epoch: [1/2] Iters:[280/20018] transplant_loss 2.1874, rec_loss 0.0417, p_loss 0.3241, quant_error 0.4991, utilization 0.0909, perplexity 3409.5996,
Train Epoch: [1/2] Iters:[290/20018] transplant_loss 2.1085, rec_loss 0.0403, p_loss 0.3173, quant_error 0.4853, utilization 0.0958, perplexity 3675.3290,
Train Epoch: [1/2] Iters:[300/20018] transplant_loss 2.0446, rec_loss 0.0404, p_loss 0.3136, quant_error 0.4720, utilization 0.1004, perplexity 3949.9619,
Train Epoch: [1/2] Iters:[310/20018] transplant_loss 1.9736, rec_loss 0.0394, p_loss 0.3100, quant_error 0.4567, utilization 0.1049, perplexity 4238.6861,
Train Epoch: [1/2] Iters:[320/20018] transplant_loss 1.9118, rec_loss 0.0394, p_loss 0.3075, quant_error 0.4427, utilization 0.1093, perplexity 4549.2831,
Train Epoch: [1/2] Iters:[330/20018] transplant_loss 1.8576, rec_loss 0.0393, p_loss 0.3042, quant_error 0.4307, utilization 0.1135, perplexity 4850.0297,
Train Epoch: [1/2] Iters:[340/20018] transplant_loss 1.8070, rec_loss 0.0387, p_loss 0.3011, quant_error 0.4192, utilization 0.1173, perplexity 5142.1358,
Train Epoch: [1/2] Iters:[350/20018] transplant_loss 1.7523, rec_loss 0.0374, p_loss 0.2983, quant_error 0.4072, utilization 0.1209, perplexity 5424.2273,
Train Epoch: [1/2] Iters:[360/20018] transplant_loss 1.7268, rec_loss 0.0375, p_loss 0.2957, quant_error 0.4016, utilization 0.1240, perplexity 5666.9292,
Train Epoch: [1/2] Iters:[370/20018] transplant_loss 1.6864, rec_loss 0.0363, p_loss 0.2914, quant_error 0.3934, utilization 0.1268, perplexity 5879.4129,
Train Epoch: [1/2] Iters:[380/20018] transplant_loss 1.6644, rec_loss 0.0365, p_loss 0.2890, quant_error 0.3876, utilization 0.1294, perplexity 6093.9839,
Train Epoch: [1/2] Iters:[390/20018] transplant_loss 1.6353, rec_loss 0.0365, p_loss 0.2872, quant_error 0.3802, utilization 0.1319, perplexity 6296.9270,
Train Epoch: [1/2] Iters:[400/20018] transplant_loss 1.6084, rec_loss 0.0362, p_loss 0.2824, quant_error 0.3733, utilization 0.1341, perplexity 6479.2578,
Train Epoch: [1/2] Iters:[410/20018] transplant_loss 1.5728, rec_loss 0.0356, p_loss 0.2789, quant_error 0.3650, utilization 0.1364, perplexity 6687.2893,
Train Epoch: [1/2] Iters:[420/20018] transplant_loss 1.5452, rec_loss 0.0353, p_loss 0.2770, quant_error 0.3579, utilization 0.1386, perplexity 6889.4136,
Train Epoch: [1/2] Iters:[430/20018] transplant_loss 1.5134, rec_loss 0.0342, p_loss 0.2743, quant_error 0.3512, utilization 0.1407, perplexity 7079.3281,
Train Epoch: [1/2] Iters:[440/20018] transplant_loss 1.4966, rec_loss 0.0341, p_loss 0.2733, quant_error 0.3463, utilization 0.1426, perplexity 7247.5516,
Train Epoch: [1/2] Iters:[450/20018] transplant_loss 1.4763, rec_loss 0.0339, p_loss 0.2733, quant_error 0.3414, utilization 0.1446, perplexity 7419.6613,
Train Epoch: [1/2] Iters:[460/20018] transplant_loss 1.4590, rec_loss 0.0338, p_loss 0.2712, quant_error 0.3366, utilization 0.1462, perplexity 7542.2705,
Train Epoch: [1/2] Iters:[470/20018] transplant_loss 1.4367, rec_loss 0.0336, p_loss 0.2706, quant_error 0.3306, utilization 0.1483, perplexity 7722.5948,
Train Epoch: [1/2] Iters:[480/20018] transplant_loss 1.4158, rec_loss 0.0333, p_loss 0.2694, quant_error 0.3245, utilization 0.1500, perplexity 7877.3348,
Train Epoch: [1/2] Iters:[490/20018] transplant_loss 1.3859, rec_loss 0.0324, p_loss 0.2662, quant_error 0.3174, utilization 0.1515, perplexity 7997.5462,
Train Epoch: [1/2] Iters:[500/20018] transplant_loss 1.3692, rec_loss 0.0322, p_loss 0.2644, quant_error 0.3127, utilization 0.1528, perplexity 8100.0023,
Train Epoch: [1/2] Iters:[510/20018] transplant_loss 1.3579, rec_loss 0.0322, p_loss 0.2638, quant_error 0.3094, utilization 0.1544, perplexity 8246.5626,
Train Epoch: [1/2] Iters:[520/20018] transplant_loss 1.3425, rec_loss 0.0321, p_loss 0.2610, quant_error 0.3052, utilization 0.1555, perplexity 8339.2286,
Train Epoch: [1/2] Iters:[530/20018] transplant_loss 1.3306, rec_loss 0.0322, p_loss 0.2599, quant_error 0.3019, utilization 0.1569, perplexity 8456.6306,
Train Epoch: [1/2] Iters:[540/20018] transplant_loss 1.3269, rec_loss 0.0326, p_loss 0.2597, quant_error 0.3002, utilization 0.1581, perplexity 8565.3244,
Train Epoch: [1/2] Iters:[550/20018] transplant_loss 1.3159, rec_loss 0.0326, p_loss 0.2591, quant_error 0.2965, utilization 0.1596, perplexity 8704.1678,
Train Epoch: [1/2] Iters:[560/20018] transplant_loss 1.2991, rec_loss 0.0322, p_loss 0.2588, quant_error 0.2915, utilization 0.1608, perplexity 8801.0768,
Train Epoch: [1/2] Iters:[570/20018] transplant_loss 1.2912, rec_loss 0.0321, p_loss 0.2583, quant_error 0.2896, utilization 0.1619, perplexity 8891.3640,
Train Epoch: [1/2] Iters:[580/20018] transplant_loss 1.2872, rec_loss 0.0316, p_loss 0.2569, quant_error 0.2887, utilization 0.1628, perplexity 8947.2309,
Train Epoch: [1/2] Iters:[590/20018] transplant_loss 1.2778, rec_loss 0.0316, p_loss 0.2563, quant_error 0.2859, utilization 0.1640, perplexity 9047.9892,
Train Epoch: [1/2] Iters:[600/20018] transplant_loss 1.2671, rec_loss 0.0311, p_loss 0.2550, quant_error 0.2833, utilization 0.1650, perplexity 9142.3468,
Train Epoch: [1/2] Iters:[610/20018] transplant_loss 1.2626, rec_loss 0.0312, p_loss 0.2534, quant_error 0.2819, utilization 0.1660, perplexity 9227.9477,
Train Epoch: [1/2] Iters:[620/20018] transplant_loss 1.2565, rec_loss 0.0310, p_loss 0.2522, quant_error 0.2799, utilization 0.1668, perplexity 9297.0524,
Train Epoch: [1/2] Iters:[630/20018] transplant_loss 1.2399, rec_loss 0.0306, p_loss 0.2503, quant_error 0.2751, utilization 0.1676, perplexity 9369.2405,
Train Epoch: [1/2] Iters:[640/20018] transplant_loss 1.2309, rec_loss 0.0303, p_loss 0.2488, quant_error 0.2729, utilization 0.1685, perplexity 9456.8289,
Train Epoch: [1/2] Iters:[650/20018] transplant_loss 1.2263, rec_loss 0.0303, p_loss 0.2481, quant_error 0.2712, utilization 0.1693, perplexity 9531.2051,
Train Epoch: [1/2] Iters:[660/20018] transplant_loss 1.2173, rec_loss 0.0298, p_loss 0.2472, quant_error 0.2687, utilization 0.1701, perplexity 9591.5506,
Train Epoch: [1/2] Iters:[670/20018] transplant_loss 1.2131, rec_loss 0.0297, p_loss 0.2474, quant_error 0.2670, utilization 0.1710, perplexity 9680.8297,
Train Epoch: [1/2] Iters:[680/20018] transplant_loss 1.2137, rec_loss 0.0299, p_loss 0.2475, quant_error 0.2667, utilization 0.1717, perplexity 9742.2195,
Train Epoch: [1/2] Iters:[690/20018] transplant_loss 1.2084, rec_loss 0.0297, p_loss 0.2470, quant_error 0.2646, utilization 0.1724, perplexity 9791.1725,
Train Epoch: [1/2] Iters:[700/20018] transplant_loss 1.2065, rec_loss 0.0297, p_loss 0.2458, quant_error 0.2639, utilization 0.1728, perplexity 9803.6766,
Train Epoch: [1/2] Iters:[710/20018] transplant_loss 1.2051, rec_loss 0.0298, p_loss 0.2451, quant_error 0.2629, utilization 0.1735, perplexity 9861.5450,
Train Epoch: [1/2] Iters:[720/20018] transplant_loss 1.1976, rec_loss 0.0298, p_loss 0.2435, quant_error 0.2604, utilization 0.1742, perplexity 9908.2359,
Train Epoch: [1/2] Iters:[730/20018] transplant_loss 1.1938, rec_loss 0.0300, p_loss 0.2437, quant_error 0.2583, utilization 0.1748, perplexity 9970.6819,
Train Epoch: [1/2] Iters:[740/20018] transplant_loss 1.1948, rec_loss 0.0302, p_loss 0.2442, quant_error 0.2570, utilization 0.1753, perplexity 10000.5288,
Train Epoch: [1/2] Iters:[750/20018] transplant_loss 1.1854, rec_loss 0.0299, p_loss 0.2429, quant_error 0.2541, utilization 0.1760, perplexity 10064.4238,
Train Epoch: [1/2] Iters:[760/20018] transplant_loss 1.1790, rec_loss 0.0295, p_loss 0.2428, quant_error 0.2522, utilization 0.1766, perplexity 10124.2479,
Train Epoch: [1/2] Iters:[770/20018] transplant_loss 1.1776, rec_loss 0.0293, p_loss 0.2425, quant_error 0.2517, utilization 0.1769, perplexity 10125.9455,
Train Epoch: [1/2] Iters:[780/20018] transplant_loss 1.1755, rec_loss 0.0288, p_loss 0.2413, quant_error 0.2508, utilization 0.1774, perplexity 10160.0666,
Train Epoch: [1/2] Iters:[790/20018] transplant_loss 1.1728, rec_loss 0.0286, p_loss 0.2403, quant_error 0.2503, utilization 0.1782, perplexity 10231.5141,
Train Epoch: [1/2] Iters:[800/20018] transplant_loss 1.1728, rec_loss 0.0288, p_loss 0.2408, quant_error 0.2494, utilization 0.1788, perplexity 10275.1114,
Train Epoch: [1/2] Iters:[810/20018] transplant_loss 1.1742, rec_loss 0.0291, p_loss 0.2405, quant_error 0.2489, utilization 0.1793, perplexity 10315.1979,
Train Epoch: [1/2] Iters:[820/20018] transplant_loss 1.1743, rec_loss 0.0291, p_loss 0.2399, quant_error 0.2483, utilization 0.1798, perplexity 10367.3727,
Train Epoch: [1/2] Iters:[830/20018] transplant_loss 1.1680, rec_loss 0.0289, p_loss 0.2391, quant_error 0.2464, utilization 0.1802, perplexity 10394.5531,
Train Epoch: [1/2] Iters:[840/20018] transplant_loss 1.1663, rec_loss 0.0291, p_loss 0.2385, quant_error 0.2454, utilization 0.1807, perplexity 10451.1045,
Train Epoch: [1/2] Iters:[850/20018] transplant_loss 1.1635, rec_loss 0.0287, p_loss 0.2376, quant_error 0.2448, utilization 0.1810, perplexity 10462.2561,
Train Epoch: [1/2] Iters:[860/20018] transplant_loss 1.1614, rec_loss 0.0290, p_loss 0.2375, quant_error 0.2435, utilization 0.1812, perplexity 10459.9524,
Train Epoch: [1/2] Iters:[870/20018] transplant_loss 1.1598, rec_loss 0.0291, p_loss 0.2382, quant_error 0.2423, utilization 0.1816, perplexity 10478.7964,
Train Epoch: [1/2] Iters:[880/20018] transplant_loss 1.1637, rec_loss 0.0293, p_loss 0.2390, quant_error 0.2431, utilization 0.1821, perplexity 10528.5227,
Train Epoch: [1/2] Iters:[890/20018] transplant_loss 1.1590, rec_loss 0.0288, p_loss 0.2382, quant_error 0.2422, utilization 0.1823, perplexity 10537.1020,
Train Epoch: [1/2] Iters:[900/20018] transplant_loss 1.1621, rec_loss 0.0294, p_loss 0.2394, quant_error 0.2417, utilization 0.1829, perplexity 10606.3081,
Train Epoch: [1/2] Iters:[910/20018] transplant_loss 1.1621, rec_loss 0.0292, p_loss 0.2391, quant_error 0.2409, utilization 0.1835, perplexity 10667.6939,
Train Epoch: [1/2] Iters:[920/20018] transplant_loss 1.1580, rec_loss 0.0290, p_loss 0.2372, quant_error 0.2400, utilization 0.1840, perplexity 10699.0019,
Train Epoch: [1/2] Iters:[930/20018] transplant_loss 1.1527, rec_loss 0.0290, p_loss 0.2369, quant_error 0.2375, utilization 0.1843, perplexity 10718.1509,
Train Epoch: [1/2] Iters:[940/20018] transplant_loss 1.1488, rec_loss 0.0287, p_loss 0.2363, quant_error 0.2360, utilization 0.1846, perplexity 10734.4486,
Train Epoch: [1/2] Iters:[950/20018] transplant_loss 1.1429, rec_loss 0.0282, p_loss 0.2354, quant_error 0.2345, utilization 0.1849, perplexity 10760.6776,
Train Epoch: [1/2] Iters:[960/20018] transplant_loss 1.1383, rec_loss 0.0280, p_loss 0.2351, quant_error 0.2330, utilization 0.1853, perplexity 10800.3331,
Train Epoch: [1/2] Iters:[970/20018] transplant_loss 1.1383, rec_loss 0.0284, p_loss 0.2362, quant_error 0.2317, utilization 0.1859, perplexity 10865.1294,
Train Epoch: [1/2] Iters:[980/20018] transplant_loss 1.1355, rec_loss 0.0283, p_loss 0.2356, quant_error 0.2310, utilization 0.1863, perplexity 10915.2147,
Train Epoch: [1/2] Iters:[990/20018] transplant_loss 1.1322, rec_loss 0.0285, p_loss 0.2347, quant_error 0.2298, utilization 0.1867, perplexity 10947.6076,
Train Epoch: [1/2] Iters:[1000/20018] transplant_loss 1.1355, rec_loss 0.0288, p_loss 0.2344, quant_error 0.2301, utilization 0.1870, perplexity 10959.8328,
Train Epoch: [1/2] Iters:[1010/20018] transplant_loss 1.1346, rec_loss 0.0286, p_loss 0.2333, quant_error 0.2305, utilization 0.1870, perplexity 10955.1469,
Train Epoch: [1/2] Iters:[1020/20018] transplant_loss 1.1343, rec_loss 0.0283, p_loss 0.2328, quant_error 0.2306, utilization 0.1872, perplexity 10964.1697,
Train Epoch: [1/2] Iters:[1030/20018] transplant_loss 1.1359, rec_loss 0.0283, p_loss 0.2332, quant_error 0.2305, utilization 0.1875, perplexity 10984.5385,
Train Epoch: [1/2] Iters:[1040/20018] transplant_loss 1.1368, rec_loss 0.0286, p_loss 0.2343, quant_error 0.2295, utilization 0.1877, perplexity 11009.4027,
Train Epoch: [1/2] Iters:[1050/20018] transplant_loss 1.1340, rec_loss 0.0283, p_loss 0.2335, quant_error 0.2289, utilization 0.1881, perplexity 11056.0491,
Train Epoch: [1/2] Iters:[1060/20018] transplant_loss 1.1326, rec_loss 0.0281, p_loss 0.2334, quant_error 0.2281, utilization 0.1884, perplexity 11088.4741,
Train Epoch: [1/2] Iters:[1070/20018] transplant_loss 1.1293, rec_loss 0.0279, p_loss 0.2336, quant_error 0.2273, utilization 0.1888, perplexity 11118.7605,
Train Epoch: [1/2] Iters:[1080/20018] transplant_loss 1.1259, rec_loss 0.0279, p_loss 0.2331, quant_error 0.2262, utilization 0.1890, perplexity 11143.7003,
Train Epoch: [1/2] Iters:[1090/20018] transplant_loss 1.1246, rec_loss 0.0277, p_loss 0.2322, quant_error 0.2264, utilization 0.1892, perplexity 11155.3247,
Train Epoch: [1/2] Iters:[1100/20018] transplant_loss 1.1218, rec_loss 0.0277, p_loss 0.2329, quant_error 0.2253, utilization 0.1893, perplexity 11151.0696,
Train Epoch: [1/2] Iters:[1110/20018] transplant_loss 1.1199, rec_loss 0.0276, p_loss 0.2314, quant_error 0.2251, utilization 0.1894, perplexity 11158.0663,
Train Epoch: [1/2] Iters:[1120/20018] transplant_loss 1.1234, rec_loss 0.0283, p_loss 0.2315, quant_error 0.2247, utilization 0.1897, perplexity 11179.0771,
Train Epoch: [1/2] Iters:[1130/20018] transplant_loss 1.1243, rec_loss 0.0280, p_loss 0.2305, quant_error 0.2253, utilization 0.1899, perplexity 11191.0726,
Train Epoch: [1/2] Iters:[1140/20018] transplant_loss 1.1274, rec_loss 0.0284, p_loss 0.2313, quant_error 0.2250, utilization 0.1902, perplexity 11211.4870,
Train Epoch: [1/2] Iters:[1150/20018] transplant_loss 1.1263, rec_loss 0.0284, p_loss 0.2313, quant_error 0.2245, utilization 0.1905, perplexity 11254.7386,
Train Epoch: [1/2] Iters:[1160/20018] transplant_loss 1.1308, rec_loss 0.0292, p_loss 0.2329, quant_error 0.2238, utilization 0.1909, perplexity 11284.0318,
Train Epoch: [1/2] Iters:[1170/20018] transplant_loss 1.1233, rec_loss 0.0283, p_loss 0.2318, quant_error 0.2231, utilization 0.1911, perplexity 11305.1648,
Train Epoch: [1/2] Iters:[1180/20018] transplant_loss 1.1185, rec_loss 0.0283, p_loss 0.2310, quant_error 0.2220, utilization 0.1911, perplexity 11276.2299,
Train Epoch: [1/2] Iters:[1190/20018] transplant_loss 1.1188, rec_loss 0.0285, p_loss 0.2306, quant_error 0.2218, utilization 0.1913, perplexity 11295.7856,
Train Epoch: [1/2] Iters:[1200/20018] transplant_loss 1.1172, rec_loss 0.0286, p_loss 0.2303, quant_error 0.2208, utilization 0.1915, perplexity 11311.8272,
Train Epoch: [1/2] Iters:[1210/20018] transplant_loss 1.1111, rec_loss 0.0279, p_loss 0.2291, quant_error 0.2201, utilization 0.1917, perplexity 11325.5001,
Train Epoch: [1/2] Iters:[1220/20018] transplant_loss 1.1111, rec_loss 0.0281, p_loss 0.2281, quant_error 0.2194, utilization 0.1917, perplexity 11313.4846,
Train Epoch: [1/2] Iters:[1230/20018] transplant_loss 1.1158, rec_loss 0.0290, p_loss 0.2297, quant_error 0.2186, utilization 0.1921, perplexity 11372.5384,
Train Epoch: [1/2] Iters:[1240/20018] transplant_loss 1.1137, rec_loss 0.0286, p_loss 0.2294, quant_error 0.2179, utilization 0.1924, perplexity 11398.8827,
Train Epoch: [1/2] Iters:[1250/20018] transplant_loss 1.1130, rec_loss 0.0284, p_loss 0.2286, quant_error 0.2181, utilization 0.1924, perplexity 11391.2459,
Train Epoch: [1/2] Iters:[1260/20018] transplant_loss 1.1161, rec_loss 0.0288, p_loss 0.2299, quant_error 0.2177, utilization 0.1926, perplexity 11394.5903,
Train Epoch: [1/2] Iters:[1270/20018] transplant_loss 1.1129, rec_loss 0.0287, p_loss 0.2298, quant_error 0.2167, utilization 0.1928, perplexity 11406.0047,
Train Epoch: [1/2] Iters:[1280/20018] transplant_loss 1.1116, rec_loss 0.0281, p_loss 0.2292, quant_error 0.2177, utilization 0.1930, perplexity 11423.1080,
Train Epoch: [1/2] Iters:[1290/20018] transplant_loss 1.1104, rec_loss 0.0283, p_loss 0.2300, quant_error 0.2170, utilization 0.1932, perplexity 11448.1041,
Train Epoch: [1/2] Iters:[1300/20018] transplant_loss 1.1126, rec_loss 0.0284, p_loss 0.2299, quant_error 0.2173, utilization 0.1934, perplexity 11469.1179,
Train Epoch: [1/2] Iters:[1310/20018] transplant_loss 1.1101, rec_loss 0.0285, p_loss 0.2298, quant_error 0.2165, utilization 0.1935, perplexity 11498.6310,
Train Epoch: [1/2] Iters:[1320/20018] transplant_loss 1.1187, rec_loss 0.0288, p_loss 0.2306, quant_error 0.2179, utilization 0.1938, perplexity 11538.3632,
Train Epoch: [1/2] Iters:[1330/20018] transplant_loss 1.1111, rec_loss 0.0284, p_loss 0.2295, quant_error 0.2160, utilization 0.1938, perplexity 11534.3009,
Train Epoch: [1/2] Iters:[1340/20018] transplant_loss 1.1062, rec_loss 0.0279, p_loss 0.2277, quant_error 0.2158, utilization 0.1939, perplexity 11535.9732,
Train Epoch: [1/2] Iters:[1350/20018] transplant_loss 1.1024, rec_loss 0.0279, p_loss 0.2273, quant_error 0.2146, utilization 0.1940, perplexity 11551.2958,
Train Epoch: [1/2] Iters:[1360/20018] transplant_loss 1.0919, rec_loss 0.0271, p_loss 0.2254, quant_error 0.2129, utilization 0.1941, perplexity 11551.1247,
Train Epoch: [1/2] Iters:[1370/20018] transplant_loss 1.0884, rec_loss 0.0271, p_loss 0.2250, quant_error 0.2120, utilization 0.1941, perplexity 11552.9725,
Train Epoch: [1/2] Iters:[1380/20018] transplant_loss 1.0893, rec_loss 0.0271, p_loss 0.2256, quant_error 0.2118, utilization 0.1944, perplexity 11582.1667,
Train Epoch: [1/2] Iters:[1390/20018] transplant_loss 1.0897, rec_loss 0.0272, p_loss 0.2255, quant_error 0.2118, utilization 0.1947, perplexity 11609.0129,
Train Epoch: [1/2] Iters:[1400/20018] transplant_loss 1.0935, rec_loss 0.0276, p_loss 0.2268, quant_error 0.2117, utilization 0.1948, perplexity 11605.3373,
Train Epoch: [1/2] Iters:[1410/20018] transplant_loss 1.1037, rec_loss 0.0283, p_loss 0.2276, quant_error 0.2135, utilization 0.1953, perplexity 11639.5745,
Train Epoch: [1/2] Iters:[1420/20018] transplant_loss 1.0983, rec_loss 0.0280, p_loss 0.2280, quant_error 0.2122, utilization 0.1953, perplexity 11644.0241,
Train Epoch: [1/2] Iters:[1430/20018] transplant_loss 1.0953, rec_loss 0.0280, p_loss 0.2275, quant_error 0.2114, utilization 0.1952, perplexity 11612.9961,
Train Epoch: [1/2] Iters:[1440/20018] transplant_loss 1.0968, rec_loss 0.0279, p_loss 0.2278, quant_error 0.2116, utilization 0.1952, perplexity 11597.7094,
Train Epoch: [1/2] Iters:[1450/20018] transplant_loss 1.0884, rec_loss 0.0269, p_loss 0.2257, quant_error 0.2106, utilization 0.1954, perplexity 11614.3777,
Train Epoch: [1/2] Iters:[1460/20018] transplant_loss 1.0863, rec_loss 0.0266, p_loss 0.2259, quant_error 0.2102, utilization 0.1954, perplexity 11624.8991,
Train Epoch: [1/2] Iters:[1470/20018] transplant_loss 1.0870, rec_loss 0.0266, p_loss 0.2249, quant_error 0.2104, utilization 0.1954, perplexity 11591.6730,
Train Epoch: [1/2] Iters:[1480/20018] transplant_loss 1.0876, rec_loss 0.0268, p_loss 0.2240, quant_error 0.2104, utilization 0.1955, perplexity 11618.0382,
Train Epoch: [1/2] Iters:[1490/20018] transplant_loss 1.0856, rec_loss 0.0268, p_loss 0.2242, quant_error 0.2091, utilization 0.1956, perplexity 11621.1163,
Train Epoch: [1/2] Iters:[1500/20018] transplant_loss 1.0845, rec_loss 0.0268, p_loss 0.2244, quant_error 0.2090, utilization 0.1955, perplexity 11603.2650,
Train Epoch: [1/2] Iters:[1510/20018] transplant_loss 1.0871, rec_loss 0.0274, p_loss 0.2256, quant_error 0.2086, utilization 0.1955, perplexity 11601.4442,
Train Epoch: [1/2] Iters:[1520/20018] transplant_loss 1.0865, rec_loss 0.0276, p_loss 0.2261, quant_error 0.2081, utilization 0.1959, perplexity 11648.7018,
Train Epoch: [1/2] Iters:[1530/20018] transplant_loss 1.0881, rec_loss 0.0276, p_loss 0.2272, quant_error 0.2081, utilization 0.1961, perplexity 11673.9800,
Train Epoch: [1/2] Iters:[1540/20018] transplant_loss 1.0908, rec_loss 0.0281, p_loss 0.2275, quant_error 0.2081, utilization 0.1964, perplexity 11698.8703,
Train Epoch: [1/2] Iters:[1550/20018] transplant_loss 1.0927, rec_loss 0.0285, p_loss 0.2277, quant_error 0.2079, utilization 0.1968, perplexity 11749.0239,
Train Epoch: [1/2] Iters:[1560/20018] transplant_loss 1.0869, rec_loss 0.0279, p_loss 0.2268, quant_error 0.2067, utilization 0.1970, perplexity 11773.2072,
Train Epoch: [1/2] Iters:[1570/20018] transplant_loss 1.0858, rec_loss 0.0278, p_loss 0.2270, quant_error 0.2062, utilization 0.1971, perplexity 11786.3579,
Train Epoch: [1/2] Iters:[1580/20018] transplant_loss 1.0833, rec_loss 0.0278, p_loss 0.2258, quant_error 0.2058, utilization 0.1971, perplexity 11782.0646,
Train Epoch: [1/2] Iters:[1590/20018] transplant_loss 1.0796, rec_loss 0.0274, p_loss 0.2247, quant_error 0.2054, utilization 0.1970, perplexity 11760.9499,
Train Epoch: [1/2] Iters:[1600/20018] transplant_loss 1.0817, rec_loss 0.0276, p_loss 0.2262, quant_error 0.2052, utilization 0.1970, perplexity 11762.4195,
Train Epoch: [1/2] Iters:[1610/20018] transplant_loss 1.0819, rec_loss 0.0278, p_loss 0.2255, quant_error 0.2052, utilization 0.1969, perplexity 11741.7680,
Train Epoch: [1/2] Iters:[1620/20018] transplant_loss 1.0853, rec_loss 0.0283, p_loss 0.2252, quant_error 0.2054, utilization 0.1970, perplexity 11745.5772,
Train Epoch: [1/2] Iters:[1630/20018] transplant_loss 1.0822, rec_loss 0.0280, p_loss 0.2254, quant_error 0.2047, utilization 0.1973, perplexity 11777.9567,
Train Epoch: [1/2] Iters:[1640/20018] transplant_loss 1.0778, rec_loss 0.0277, p_loss 0.2252, quant_error 0.2036, utilization 0.1974, perplexity 11798.1427,
Train Epoch: [1/2] Iters:[1650/20018] transplant_loss 1.0743, rec_loss 0.0274, p_loss 0.2231, quant_error 0.2034, utilization 0.1976, perplexity 11803.4837,
Train Epoch: [1/2] Iters:[1660/20018] transplant_loss 1.0684, rec_loss 0.0271, p_loss 0.2227, quant_error 0.2024, utilization 0.1976, perplexity 11809.4539,
Train Epoch: [1/2] Iters:[1670/20018] transplant_loss 1.0675, rec_loss 0.0267, p_loss 0.2234, quant_error 0.2024, utilization 0.1978, perplexity 11824.5260,
Train Epoch: [1/2] Iters:[1680/20018] transplant_loss 1.0734, rec_loss 0.0273, p_loss 0.2236, quant_error 0.2032, utilization 0.1977, perplexity 11818.1896,
Train Epoch: [1/2] Iters:[1690/20018] transplant_loss 1.0752, rec_loss 0.0273, p_loss 0.2244, quant_error 0.2034, utilization 0.1979, perplexity 11842.3124,
Train Epoch: [1/2] Iters:[1700/20018] transplant_loss 1.0731, rec_loss 0.0272, p_loss 0.2242, quant_error 0.2030, utilization 0.1980, perplexity 11853.6284,
Train Epoch: [1/2] Iters:[1710/20018] transplant_loss 1.0745, rec_loss 0.0275, p_loss 0.2242, quant_error 0.2028, utilization 0.1983, perplexity 11891.2041,
Train Epoch: [1/2] Iters:[1720/20018] transplant_loss 1.0675, rec_loss 0.0271, p_loss 0.2223, quant_error 0.2017, utilization 0.1986, perplexity 11931.2798,
Train Epoch: [1/2] Iters:[1730/20018] transplant_loss 1.0641, rec_loss 0.0268, p_loss 0.2222, quant_error 0.2012, utilization 0.1988, perplexity 11942.0352,
Train Epoch: [1/2] Iters:[1740/20018] transplant_loss 1.0673, rec_loss 0.0271, p_loss 0.2227, quant_error 0.2017, utilization 0.1990, perplexity 11967.5602,
Train Epoch: [1/2] Iters:[1750/20018] transplant_loss 1.0711, rec_loss 0.0273, p_loss 0.2237, quant_error 0.2019, utilization 0.1989, perplexity 11944.5461,
Train Epoch: [1/2] Iters:[1760/20018] transplant_loss 1.0683, rec_loss 0.0268, p_loss 0.2229, quant_error 0.2019, utilization 0.1990, perplexity 11946.7048,
Train Epoch: [1/2] Iters:[1770/20018] transplant_loss 1.0734, rec_loss 0.0273, p_loss 0.2241, quant_error 0.2021, utilization 0.1990, perplexity 11939.5850,
Train Epoch: [1/2] Iters:[1780/20018] transplant_loss 1.0714, rec_loss 0.0269, p_loss 0.2234, quant_error 0.2018, utilization 0.1990, perplexity 11946.0964,
Train Epoch: [1/2] Iters:[1790/20018] transplant_loss 1.0694, rec_loss 0.0269, p_loss 0.2228, quant_error 0.2015, utilization 0.1990, perplexity 11940.5888,
Train Epoch: [1/2] Iters:[1800/20018] transplant_loss 1.0659, rec_loss 0.0267, p_loss 0.2232, quant_error 0.2009, utilization 0.1993, perplexity 11974.9121,
Train Epoch: [1/2] Iters:[1810/20018] transplant_loss 1.0726, rec_loss 0.0275, p_loss 0.2249, quant_error 0.2014, utilization 0.1994, perplexity 11972.2665,
Train Epoch: [1/2] Iters:[1820/20018] transplant_loss 1.0643, rec_loss 0.0268, p_loss 0.2238, quant_error 0.2002, utilization 0.1992, perplexity 11956.6492,
Train Epoch: [1/2] Iters:[1830/20018] transplant_loss 1.0661, rec_loss 0.0272, p_loss 0.2249, quant_error 0.1997, utilization 0.1995, perplexity 11992.2317,
Train Epoch: [1/2] Iters:[1840/20018] transplant_loss 1.0661, rec_loss 0.0275, p_loss 0.2247, quant_error 0.1994, utilization 0.1996, perplexity 11990.1323,
Train Epoch: [1/2] Iters:[1850/20018] transplant_loss 1.0680, rec_loss 0.0277, p_loss 0.2242, quant_error 0.1994, utilization 0.1995, perplexity 11957.2229,
Train Epoch: [1/2] Iters:[1860/20018] transplant_loss 1.0634, rec_loss 0.0273, p_loss 0.2224, quant_error 0.1990, utilization 0.1995, perplexity 11967.2736,
Train Epoch: [1/2] Iters:[1870/20018] transplant_loss 1.0727, rec_loss 0.0282, p_loss 0.2247, quant_error 0.1999, utilization 0.1998, perplexity 11989.0487,
Train Epoch: [1/2] Iters:[1880/20018] transplant_loss 1.0724, rec_loss 0.0282, p_loss 0.2241, quant_error 0.2001, utilization 0.1996, perplexity 11957.9459,
Train Epoch: [1/2] Iters:[1890/20018] transplant_loss 1.0675, rec_loss 0.0277, p_loss 0.2241, quant_error 0.1991, utilization 0.1996, perplexity 11949.8302,
Train Epoch: [1/2] Iters:[1900/20018] transplant_loss 1.0659, rec_loss 0.0275, p_loss 0.2237, quant_error 0.1989, utilization 0.1998, perplexity 11995.8434,
Train Epoch: [1/2] Iters:[1910/20018] transplant_loss 1.0676, rec_loss 0.0276, p_loss 0.2246, quant_error 0.1988, utilization 0.1999, perplexity 12006.0814,
Train Epoch: [1/2] Iters:[1920/20018] transplant_loss 1.0621, rec_loss 0.0272, p_loss 0.2228, quant_error 0.1980, utilization 0.1998, perplexity 11993.2121,
Train Epoch: [1/2] Iters:[1930/20018] transplant_loss 1.0599, rec_loss 0.0271, p_loss 0.2224, quant_error 0.1976, utilization 0.2000, perplexity 12022.2245,
Train Epoch: [1/2] Iters:[1940/20018] transplant_loss 1.0594, rec_loss 0.0273, p_loss 0.2216, quant_error 0.1972, utilization 0.2002, perplexity 12031.2793,
Train Epoch: [1/2] Iters:[1950/20018] transplant_loss 1.0561, rec_loss 0.0270, p_loss 0.2210, quant_error 0.1968, utilization 0.2002, perplexity 12027.8615,
Train Epoch: [1/2] Iters:[1960/20018] transplant_loss 1.0556, rec_loss 0.0271, p_loss 0.2213, quant_error 0.1964, utilization 0.2004, perplexity 12039.4485,
Train Epoch: [1/2] Iters:[1970/20018] transplant_loss 1.0572, rec_loss 0.0270, p_loss 0.2218, quant_error 0.1967, utilization 0.2006, perplexity 12058.1664,
Train Epoch: [1/2] Iters:[1980/20018] transplant_loss 1.0590, rec_loss 0.0273, p_loss 0.2227, quant_error 0.1964, utilization 0.2006, perplexity 12045.3320,
Train Epoch: [1/2] Iters:[1990/20018] transplant_loss 1.0620, rec_loss 0.0273, p_loss 0.2231, quant_error 0.1968, utilization 0.2008, perplexity 12070.6286,
Train Epoch: [1/2] Iters:[2000/20018] transplant_loss 1.0670, rec_loss 0.0279, p_loss 0.2234, quant_error 0.1976, utilization 0.2008, perplexity 12084.5417,
Train Epoch: [1/2] Iters:[2010/20018] transplant_loss 1.0674, rec_loss 0.0281, p_loss 0.2228, quant_error 0.1977, utilization 0.2007, perplexity 12073.8106,
Train Epoch: [1/2] Iters:[2020/20018] transplant_loss 1.0634, rec_loss 0.0278, p_loss 0.2211, quant_error 0.1973, utilization 0.2006, perplexity 12057.4559,
Train Epoch: [1/2] Iters:[2030/20018] transplant_loss 1.0627, rec_loss 0.0277, p_loss 0.2212, quant_error 0.1974, utilization 0.2007, perplexity 12086.5598,
Train Epoch: [1/2] Iters:[2040/20018] transplant_loss 1.0577, rec_loss 0.0273, p_loss 0.2202, quant_error 0.1969, utilization 0.2005, perplexity 12057.4969,
Train Epoch: [1/2] Iters:[2050/20018] transplant_loss 1.0555, rec_loss 0.0271, p_loss 0.2212, quant_error 0.1960, utilization 0.2007, perplexity 12078.4341,
Train Epoch: [1/2] Iters:[2060/20018] transplant_loss 1.0493, rec_loss 0.0266, p_loss 0.2203, quant_error 0.1951, utilization 0.2007, perplexity 12076.8753,
Train Epoch: [1/2] Iters:[2070/20018] transplant_loss 1.0478, rec_loss 0.0265, p_loss 0.2212, quant_error 0.1944, utilization 0.2008, perplexity 12092.3357,
Train Epoch: [1/2] Iters:[2080/20018] transplant_loss 1.0455, rec_loss 0.0263, p_loss 0.2197, quant_error 0.1940, utilization 0.2008, perplexity 12086.9829,
Train Epoch: [1/2] Iters:[2090/20018] transplant_loss 1.0485, rec_loss 0.0268, p_loss 0.2205, quant_error 0.1940, utilization 0.2011, perplexity 12123.4733,
Train Epoch: [1/2] Iters:[2100/20018] transplant_loss 1.0484, rec_loss 0.0270, p_loss 0.2199, quant_error 0.1937, utilization 0.2010, perplexity 12106.9541,
Train Epoch: [1/2] Iters:[2110/20018] transplant_loss 1.0536, rec_loss 0.0277, p_loss 0.2202, quant_error 0.1943, utilization 0.2011, perplexity 12118.7462,
Train Epoch: [1/2] Iters:[2120/20018] transplant_loss 1.0566, rec_loss 0.0280, p_loss 0.2207, quant_error 0.1946, utilization 0.2014, perplexity 12150.5231,
Train Epoch: [1/2] Iters:[2130/20018] transplant_loss 1.0541, rec_loss 0.0279, p_loss 0.2210, quant_error 0.1941, utilization 0.2015, perplexity 12160.9837,
Train Epoch: [1/2] Iters:[2140/20018] transplant_loss 1.0538, rec_loss 0.0276, p_loss 0.2208, quant_error 0.1940, utilization 0.2016, perplexity 12174.0658,
Train Epoch: [1/2] Iters:[2150/20018] transplant_loss 1.0492, rec_loss 0.0271, p_loss 0.2204, quant_error 0.1936, utilization 0.2017, perplexity 12169.6375,
Train Epoch: [1/2] Iters:[2160/20018] transplant_loss 1.0489, rec_loss 0.0268, p_loss 0.2210, quant_error 0.1935, utilization 0.2018, perplexity 12190.6926,
Train Epoch: [1/2] Iters:[2170/20018] transplant_loss 1.0476, rec_loss 0.0267, p_loss 0.2204, quant_error 0.1936, utilization 0.2017, perplexity 12186.8766,
Train Epoch: [1/2] Iters:[2180/20018] transplant_loss 1.0499, rec_loss 0.0270, p_loss 0.2205, quant_error 0.1941, utilization 0.2018, perplexity 12183.4091,
Train Epoch: [1/2] Iters:[2190/20018] transplant_loss 1.0457, rec_loss 0.0267, p_loss 0.2197, quant_error 0.1934, utilization 0.2019, perplexity 12190.8863,
Train Epoch: [1/2] Iters:[2200/20018] transplant_loss 1.0487, rec_loss 0.0269, p_loss 0.2201, quant_error 0.1939, utilization 0.2020, perplexity 12198.3525,
Train Epoch: [1/2] Iters:[2210/20018] transplant_loss 1.0432, rec_loss 0.0265, p_loss 0.2188, quant_error 0.1935, utilization 0.2020, perplexity 12197.2223,
Train Epoch: [1/2] Iters:[2220/20018] transplant_loss 1.0419, rec_loss 0.0261, p_loss 0.2178, quant_error 0.1936, utilization 0.2020, perplexity 12197.1921,
Train Epoch: [1/2] Iters:[2230/20018] transplant_loss 1.0389, rec_loss 0.0259, p_loss 0.2184, quant_error 0.1927, utilization 0.2021, perplexity 12205.8588,
Train Epoch: [1/2] Iters:[2240/20018] transplant_loss 1.0423, rec_loss 0.0265, p_loss 0.2197, quant_error 0.1925, utilization 0.2021, perplexity 12180.0315,
Train Epoch: [1/2] Iters:[2250/20018] transplant_loss 1.0404, rec_loss 0.0264, p_loss 0.2202, quant_error 0.1917, utilization 0.2023, perplexity 12213.4507,
Train Epoch: [1/2] Iters:[2260/20018] transplant_loss 1.0443, rec_loss 0.0269, p_loss 0.2211, quant_error 0.1914, utilization 0.2024, perplexity 12217.9714,
Train Epoch: [1/2] Iters:[2270/20018] transplant_loss 1.0441, rec_loss 0.0271, p_loss 0.2219, quant_error 0.1906, utilization 0.2026, perplexity 12230.4686,
Train Epoch: [1/2] Iters:[2280/20018] transplant_loss 1.0435, rec_loss 0.0271, p_loss 0.2212, quant_error 0.1907, utilization 0.2026, perplexity 12243.6200,
Train Epoch: [1/2] Iters:[2290/20018] transplant_loss 1.0401, rec_loss 0.0268, p_loss 0.2201, quant_error 0.1907, utilization 0.2026, perplexity 12266.4625,
Train Epoch: [1/2] Iters:[2300/20018] transplant_loss 1.0382, rec_loss 0.0267, p_loss 0.2193, quant_error 0.1904, utilization 0.2025, perplexity 12247.8642,
Train Epoch: [1/2] Iters:[2310/20018] transplant_loss 1.0323, rec_loss 0.0260, p_loss 0.2184, quant_error 0.1899, utilization 0.2023, perplexity 12231.8007,
Train Epoch: [1/2] Iters:[2320/20018] transplant_loss 1.0295, rec_loss 0.0258, p_loss 0.2168, quant_error 0.1898, utilization 0.2021, perplexity 12208.9391,
Train Epoch: [1/2] Iters:[2330/20018] transplant_loss 1.0269, rec_loss 0.0257, p_loss 0.2167, quant_error 0.1893, utilization 0.2020, perplexity 12181.0953,
Train Epoch: [1/2] Iters:[2340/20018] transplant_loss 1.0233, rec_loss 0.0253, p_loss 0.2157, quant_error 0.1886, utilization 0.2019, perplexity 12161.2524,
Train Epoch: [1/2] Iters:[2350/20018] transplant_loss 1.0239, rec_loss 0.0254, p_loss 0.2161, quant_error 0.1887, utilization 0.2021, perplexity 12182.6759,
Train Epoch: [1/2] Iters:[2360/20018] transplant_loss 1.0277, rec_loss 0.0260, p_loss 0.2168, quant_error 0.1888, utilization 0.2022, perplexity 12195.0852,
Train Epoch: [1/2] Iters:[2370/20018] transplant_loss 1.0321, rec_loss 0.0266, p_loss 0.2187, quant_error 0.1886, utilization 0.2026, perplexity 12231.0750,
Train Epoch: [1/2] Iters:[2380/20018] transplant_loss 1.0362, rec_loss 0.0269, p_loss 0.2189, quant_error 0.1892, utilization 0.2027, perplexity 12236.2103,
Train Epoch: [1/2] Iters:[2390/20018] transplant_loss 1.0378, rec_loss 0.0270, p_loss 0.2191, quant_error 0.1894, utilization 0.2027, perplexity 12231.3898,
Train Epoch: [1/2] Iters:[2400/20018] transplant_loss 1.0315, rec_loss 0.0266, p_loss 0.2175, quant_error 0.1885, utilization 0.2024, perplexity 12185.3346,
Train Epoch: [1/2] Iters:[2410/20018] transplant_loss 1.0290, rec_loss 0.0264, p_loss 0.2183, quant_error 0.1877, utilization 0.2026, perplexity 12201.6146,
Train Epoch: [1/2] Iters:[2420/20018] transplant_loss 1.0292, rec_loss 0.0261, p_loss 0.2178, quant_error 0.1884, utilization 0.2027, perplexity 12211.1790,
Train Epoch: [1/2] Iters:[2430/20018] transplant_loss 1.0293, rec_loss 0.0263, p_loss 0.2182, quant_error 0.1880, utilization 0.2026, perplexity 12191.6049,
Train Epoch: [1/2] Iters:[2440/20018] transplant_loss 1.0285, rec_loss 0.0265, p_loss 0.2183, quant_error 0.1875, utilization 0.2029, perplexity 12227.0473,
Train Epoch: [1/2] Iters:[2450/20018] transplant_loss 1.0340, rec_loss 0.0267, p_loss 0.2192, quant_error 0.1885, utilization 0.2031, perplexity 12248.0327,
Train Epoch: [1/2] Iters:[2460/20018] transplant_loss 1.0314, rec_loss 0.0266, p_loss 0.2183, quant_error 0.1883, utilization 0.2030, perplexity 12240.7726,
Train Epoch: [1/2] Iters:[2470/20018] transplant_loss 1.0264, rec_loss 0.0265, p_loss 0.2184, quant_error 0.1870, utilization 0.2029, perplexity 12211.6122,
Train Epoch: [1/2] Iters:[2480/20018] transplant_loss 1.0273, rec_loss 0.0264, p_loss 0.2188, quant_error 0.1869, utilization 0.2034, perplexity 12273.8534,
Train Epoch: [1/2] Iters:[2490/20018] transplant_loss 1.0274, rec_loss 0.0262, p_loss 0.2186, quant_error 0.1878, utilization 0.2034, perplexity 12273.4046,
Train Epoch: [1/2] Iters:[2500/20018] transplant_loss 1.0261, rec_loss 0.0263, p_loss 0.2183, quant_error 0.1873, utilization 0.2036, perplexity 12311.0110,
Train Epoch: [1/2] Iters:[2510/20018] transplant_loss 1.0317, rec_loss 0.0266, p_loss 0.2192, quant_error 0.1883, utilization 0.2038, perplexity 12328.3899,
Train Epoch: [1/2] Iters:[2520/20018] transplant_loss 1.0321, rec_loss 0.0263, p_loss 0.2185, quant_error 0.1886, utilization 0.2038, perplexity 12344.5078,
Train Epoch: [1/2] Iters:[2530/20018] transplant_loss 1.0265, rec_loss 0.0259, p_loss 0.2173, quant_error 0.1880, utilization 0.2035, perplexity 12319.7259,
Train Epoch: [1/2] Iters:[2540/20018] transplant_loss 1.0297, rec_loss 0.0263, p_loss 0.2185, quant_error 0.1877, utilization 0.2035, perplexity 12313.8998,
Train Epoch: [1/2] Iters:[2550/20018] transplant_loss 1.0298, rec_loss 0.0260, p_loss 0.2188, quant_error 0.1879, utilization 0.2035, perplexity 12305.0411,
Train Epoch: [1/2] Iters:[2560/20018] transplant_loss 1.0255, rec_loss 0.0258, p_loss 0.2180, quant_error 0.1871, utilization 0.2034, perplexity 12295.1725,
Train Epoch: [1/2] Iters:[2570/20018] transplant_loss 1.0242, rec_loss 0.0261, p_loss 0.2175, quant_error 0.1867, utilization 0.2035, perplexity 12307.7612,
Train Epoch: [1/2] Iters:[2580/20018] transplant_loss 1.0214, rec_loss 0.0260, p_loss 0.2172, quant_error 0.1861, utilization 0.2037, perplexity 12317.2370,
Train Epoch: [1/2] Iters:[2590/20018] transplant_loss 1.0206, rec_loss 0.0258, p_loss 0.2168, quant_error 0.1863, utilization 0.2040, perplexity 12358.3309,
Train Epoch: [1/2] Iters:[2600/20018] transplant_loss 1.0186, rec_loss 0.0259, p_loss 0.2159, quant_error 0.1858, utilization 0.2042, perplexity 12382.8532,
Train Epoch: [1/2] Iters:[2610/20018] transplant_loss 1.0157, rec_loss 0.0257, p_loss 0.2157, quant_error 0.1853, utilization 0.2043, perplexity 12386.0490,
Train Epoch: [1/2] Iters:[2620/20018] transplant_loss 1.0147, rec_loss 0.0254, p_loss 0.2158, quant_error 0.1855, utilization 0.2042, perplexity 12378.5850,
Train Epoch: [1/2] Iters:[2630/20018] transplant_loss 1.0174, rec_loss 0.0256, p_loss 0.2151, quant_error 0.1864, utilization 0.2042, perplexity 12379.4702,
Train Epoch: [1/2] Iters:[2640/20018] transplant_loss 1.0161, rec_loss 0.0256, p_loss 0.2153, quant_error 0.1856, utilization 0.2042, perplexity 12365.5492,
Train Epoch: [1/2] Iters:[2650/20018] transplant_loss 1.0170, rec_loss 0.0256, p_loss 0.2155, quant_error 0.1860, utilization 0.2043, perplexity 12379.9168,
Train Epoch: [1/2] Iters:[2660/20018] transplant_loss 1.0202, rec_loss 0.0258, p_loss 0.2158, quant_error 0.1860, utilization 0.2043, perplexity 12395.7887,
Train Epoch: [1/2] Iters:[2670/20018] transplant_loss 1.0220, rec_loss 0.0262, p_loss 0.2168, quant_error 0.1857, utilization 0.2045, perplexity 12410.1385,
Train Epoch: [1/2] Iters:[2680/20018] transplant_loss 1.0212, rec_loss 0.0261, p_loss 0.2173, quant_error 0.1853, utilization 0.2046, perplexity 12420.2160,
Train Epoch: [1/2] Iters:[2690/20018] transplant_loss 1.0221, rec_loss 0.0258, p_loss 0.2163, quant_error 0.1862, utilization 0.2045, perplexity 12405.9159,
Train Epoch: [1/2] Iters:[2700/20018] transplant_loss 1.0175, rec_loss 0.0258, p_loss 0.2163, quant_error 0.1849, utilization 0.2044, perplexity 12379.3478,
Train Epoch: [1/2] Iters:[2710/20018] transplant_loss 1.0149, rec_loss 0.0258, p_loss 0.2165, quant_error 0.1847, utilization 0.2045, perplexity 12378.1217,
Train Epoch: [1/2] Iters:[2720/20018] transplant_loss 1.0128, rec_loss 0.0257, p_loss 0.2158, quant_error 0.1843, utilization 0.2042, perplexity 12346.1553,
Train Epoch: [1/2] Iters:[2730/20018] transplant_loss 1.0130, rec_loss 0.0256, p_loss 0.2159, quant_error 0.1845, utilization 0.2044, perplexity 12355.2302,
Train Epoch: [1/2] Iters:[2740/20018] transplant_loss 1.0121, rec_loss 0.0256, p_loss 0.2167, quant_error 0.1839, utilization 0.2045, perplexity 12389.5637,
Train Epoch: [1/2] Iters:[2750/20018] transplant_loss 1.0205, rec_loss 0.0261, p_loss 0.2185, quant_error 0.1848, utilization 0.2046, perplexity 12390.1566,
Train Epoch: [1/2] Iters:[2760/20018] transplant_loss 1.0226, rec_loss 0.0262, p_loss 0.2186, quant_error 0.1850, utilization 0.2047, perplexity 12401.8353,
Train Epoch: [1/2] Iters:[2770/20018] transplant_loss 1.0179, rec_loss 0.0258, p_loss 0.2175, quant_error 0.1845, utilization 0.2047, perplexity 12412.1662,
Train Epoch: [1/2] Iters:[2780/20018] transplant_loss 1.0170, rec_loss 0.0260, p_loss 0.2178, quant_error 0.1839, utilization 0.2048, perplexity 12413.8736,
Train Epoch: [1/2] Iters:[2790/20018] transplant_loss 1.0114, rec_loss 0.0257, p_loss 0.2164, quant_error 0.1831, utilization 0.2046, perplexity 12384.3470,
Train Epoch: [1/2] Iters:[2800/20018] transplant_loss 1.0066, rec_loss 0.0253, p_loss 0.2148, quant_error 0.1826, utilization 0.2048, perplexity 12406.7911,
Train Epoch: [1/2] Iters:[2810/20018] transplant_loss 1.0038, rec_loss 0.0252, p_loss 0.2134, quant_error 0.1823, utilization 0.2047, perplexity 12395.5748,
Train Epoch: [1/2] Iters:[2820/20018] transplant_loss 1.0096, rec_loss 0.0256, p_loss 0.2149, quant_error 0.1828, utilization 0.2051, perplexity 12437.5145,
Train Epoch: [1/2] Iters:[2830/20018] transplant_loss 1.0101, rec_loss 0.0256, p_loss 0.2149, quant_error 0.1831, utilization 0.2050, perplexity 12413.9312,
Train Epoch: [1/2] Iters:[2840/20018] transplant_loss 1.0192, rec_loss 0.0267, p_loss 0.2167, quant_error 0.1841, utilization 0.2053, perplexity 12444.9119,
Train Epoch: [1/2] Iters:[2850/20018] transplant_loss 1.0167, rec_loss 0.0265, p_loss 0.2149, quant_error 0.1843, utilization 0.2050, perplexity 12403.0485,
Train Epoch: [1/2] Iters:[2860/20018] transplant_loss 1.0184, rec_loss 0.0267, p_loss 0.2163, quant_error 0.1843, utilization 0.2051, perplexity 12408.1992,
Train Epoch: [1/2] Iters:[2870/20018] transplant_loss 1.0210, rec_loss 0.0269, p_loss 0.2171, quant_error 0.1847, utilization 0.2052, perplexity 12418.5359,
Train Epoch: [1/2] Iters:[2880/20018] transplant_loss 1.0191, rec_loss 0.0267, p_loss 0.2162, quant_error 0.1843, utilization 0.2054, perplexity 12457.6229,
Train Epoch: [1/2] Iters:[2890/20018] transplant_loss 1.0159, rec_loss 0.0263, p_loss 0.2154, quant_error 0.1840, utilization 0.2055, perplexity 12462.9922,
Train Epoch: [1/2] Iters:[2900/20018] transplant_loss 1.0151, rec_loss 0.0263, p_loss 0.2169, quant_error 0.1833, utilization 0.2056, perplexity 12489.9940,
Train Epoch: [1/2] Iters:[2910/20018] transplant_loss 1.0139, rec_loss 0.0260, p_loss 0.2159, quant_error 0.1835, utilization 0.2057, perplexity 12500.2879,
Train Epoch: [1/2] Iters:[2920/20018] transplant_loss 1.0125, rec_loss 0.0259, p_loss 0.2160, quant_error 0.1831, utilization 0.2057, perplexity 12507.6598,
Train Epoch: [1/2] Iters:[2930/20018] transplant_loss 1.0145, rec_loss 0.0262, p_loss 0.2161, quant_error 0.1831, utilization 0.2057, perplexity 12509.9895,
Train Epoch: [1/2] Iters:[2940/20018] transplant_loss 1.0089, rec_loss 0.0257, p_loss 0.2161, quant_error 0.1819, utilization 0.2057, perplexity 12507.9170,
Train Epoch: [1/2] Iters:[2950/20018] transplant_loss 1.0134, rec_loss 0.0262, p_loss 0.2163, quant_error 0.1825, utilization 0.2058, perplexity 12525.7553,
Train Epoch: [1/2] Iters:[2960/20018] transplant_loss 1.0143, rec_loss 0.0266, p_loss 0.2165, quant_error 0.1821, utilization 0.2059, perplexity 12527.9152,
Train Epoch: [1/2] Iters:[2970/20018] transplant_loss 1.0104, rec_loss 0.0263, p_loss 0.2154, quant_error 0.1819, utilization 0.2058, perplexity 12511.8035,
Train Epoch: [1/2] Iters:[2980/20018] transplant_loss 1.0131, rec_loss 0.0264, p_loss 0.2165, quant_error 0.1824, utilization 0.2060, perplexity 12533.5447,
Train Epoch: [1/2] Iters:[2990/20018] transplant_loss 1.0166, rec_loss 0.0267, p_loss 0.2161, quant_error 0.1833, utilization 0.2058, perplexity 12501.5734,
Train Epoch: [1/2] Iters:[3000/20018] transplant_loss 1.0144, rec_loss 0.0264, p_loss 0.2156, quant_error 0.1831, utilization 0.2058, perplexity 12499.4123,
Train Epoch: [1/2] Iters:[3010/20018] transplant_loss 1.0143, rec_loss 0.0262, p_loss 0.2159, quant_error 0.1833, utilization 0.2060, perplexity 12503.7145,
Train Epoch: [1/2] Iters:[3020/20018] transplant_loss 1.0160, rec_loss 0.0265, p_loss 0.2156, quant_error 0.1832, utilization 0.2060, perplexity 12501.3138,
Train Epoch: [1/2] Iters:[3030/20018] transplant_loss 1.0126, rec_loss 0.0263, p_loss 0.2156, quant_error 0.1824, utilization 0.2058, perplexity 12467.0501,
Train Epoch: [1/2] Iters:[3040/20018] transplant_loss 1.0122, rec_loss 0.0267, p_loss 0.2162, quant_error 0.1815, utilization 0.2060, perplexity 12495.0925,
Train Epoch: [1/2] Iters:[3050/20018] transplant_loss 1.0157, rec_loss 0.0271, p_loss 0.2173, quant_error 0.1818, utilization 0.2061, perplexity 12509.5935,
Train Epoch: [1/2] Iters:[3060/20018] transplant_loss 1.0166, rec_loss 0.0273, p_loss 0.2174, quant_error 0.1816, utilization 0.2060, perplexity 12510.7173,
Train Epoch: [1/2] Iters:[3070/20018] transplant_loss 1.0125, rec_loss 0.0267, p_loss 0.2173, quant_error 0.1810, utilization 0.2061, perplexity 12528.8218,
Train Epoch: [1/2] Iters:[3080/20018] transplant_loss 1.0115, rec_loss 0.0265, p_loss 0.2167, quant_error 0.1812, utilization 0.2062, perplexity 12550.4088,
Train Epoch: [1/2] Iters:[3090/20018] transplant_loss 1.0124, rec_loss 0.0264, p_loss 0.2178, quant_error 0.1813, utilization 0.2064, perplexity 12570.7416,
Train Epoch: [1/2] Iters:[3100/20018] transplant_loss 1.0044, rec_loss 0.0258, p_loss 0.2163, quant_error 0.1802, utilization 0.2062, perplexity 12548.6543,
Train Epoch: [1/2] Iters:[3110/20018] transplant_loss 1.0014, rec_loss 0.0255, p_loss 0.2152, quant_error 0.1799, utilization 0.2064, perplexity 12571.0092,
Train Epoch: [1/2] Iters:[3120/20018] transplant_loss 1.0022, rec_loss 0.0257, p_loss 0.2149, quant_error 0.1802, utilization 0.2064, perplexity 12559.9870,
Train Epoch: [1/2] Iters:[3130/20018] transplant_loss 0.9964, rec_loss 0.0256, p_loss 0.2136, quant_error 0.1791, utilization 0.2063, perplexity 12543.2088,
Train Epoch: [1/2] Iters:[3140/20018] transplant_loss 0.9934, rec_loss 0.0252, p_loss 0.2120, quant_error 0.1793, utilization 0.2065, perplexity 12559.6964,
Train Epoch: [1/2] Iters:[3150/20018] transplant_loss 0.9995, rec_loss 0.0257, p_loss 0.2127, quant_error 0.1805, utilization 0.2067, perplexity 12591.3694,
