dataset_dir: /projects/yuanai/data/
dataset_name: ImageNet
global_batch_size: 64
workers: 6
resolution: 256
channels: 3
ms_patch_size: 1_2_3_4_5_6_8_10_13_16
importance: (1, 1, 1, 2, 2, 2, 3, 3, 5, 5)
max_patch_size: 16
codebook_size: 65536
codebook_dim: 8
project_dim: 16
pq: 1
L: 4
alpha: 1.0
beta: 1.0
gamma: 0.0
disc_weight: 0.4
lecam_loss_weight: 0.001
disc_cr_loss_weight: 4.0
VQ: vanilla_vq
use_multiscale: False
transplant_epochs: 2
refinement_epochs: 5
eval_epochs: 1
disc_epoch: 1
lr_transplant: 0.0001
lr_refinement: 1e-05
dropout: 0.0
seed: 3407
weight_decay: 1e-05
stage: transplant
path: bc
checkpoint_dir: /projects/yuanai/projects/VQ-Transplant2/checkpoint/Transplant/ImageNet
results_dir: /projects/yuanai/projects/VQ-Transplant2/results/Transplant/ImageNet
saver_dir: /projects/yuanai/projects/VQ-Transplant2/saver/Transplant/ImageNet
reconstruction_dir: /projects/yuanai/projects/VQ-Transplant2/reconstruction/Transplant/ImageNet
yaml_dir: /projects/yuanai/projects/VQ-Transplant2/yaml/Transplant/ImageNet
pretrained_tokenizer: /projects/yuanai/projects/VQ-Transplant2/pretrained_tokenizer/model.ckpt
checkpoint_name: 
nnodes: -1
node_rank: -1
local_rank: 0
dist_url: tcp://224.66.41.62:23456
dist_backend: nccl
world_size: 2
batch_size: 32
ms_token_size: (1, 2, 3, 4, 5, 6, 8, 10, 13, 16)
init_checkpoint_dir: /projects/yuanai/projects/VQ-Transplant2/checkpoint/
data_pre: ImageNet
model_pre: model_65536_8_1
loss_pre: loss_1.0_1.0_0.0_0.4
training_pre: vanilla_vq_transplant_False
saver_name_pre: vanilla_vq_transplant_False_ImageNet_model_65536_8_1_loss_1.0_1.0_0.0_0.4
| distributed init (rank 0): env://
| distributed init (rank 1): env://
making attention of type 'vanilla' with 512 in_channels
making attention of type 'vanilla' with 512 in_channels
making attention of type 'vanilla' with 512 in_channels
Working with z of shape (1, 16, 16, 16) = 4096 dimensions.
making attention of type 'vanilla' with 512 in_channels
making attention of type 'vanilla' with 512 in_channels
making attention of type 'vanilla' with 512 in_channels
making attention of type 'vanilla' with 512 in_channels
loaded pretrained LPIPS loss from /projects/yuanai/projects/VQ-Transplant2/code/models/cache/vgg.pth
VQ Model Parameters: 69609635
dataset name: ImageNet
len train_set: 1281167
len val_set: 50000
Start training...
epoch:1, cur_lr:0.000100
Train Epoch: [1/2] Iters:[10/20018] transplant_loss 18.0909, rec_loss 0.3138, p_loss 0.7309, quant_error 3.9754, utilization 0.0078, perplexity 206.8209,
Train Epoch: [1/2] Iters:[20/20018] transplant_loss 20.6006, rec_loss 0.3139, p_loss 0.7213, quant_error 3.8743, utilization 0.0058, perplexity 152.9784,
Train Epoch: [1/2] Iters:[30/20018] transplant_loss 20.9082, rec_loss 0.3075, p_loss 0.7148, quant_error 3.7904, utilization 0.0050, perplexity 127.8608,
Train Epoch: [1/2] Iters:[40/20018] transplant_loss 21.0267, rec_loss 0.3075, p_loss 0.7099, quant_error 3.7480, utilization 0.0045, perplexity 111.9897,
Train Epoch: [1/2] Iters:[50/20018] transplant_loss 22.6517, rec_loss 0.3060, p_loss 0.7061, quant_error 3.7070, utilization 0.0042, perplexity 98.2712,
Train Epoch: [1/2] Iters:[60/20018] transplant_loss 33.3518, rec_loss 0.3054, p_loss 0.7008, quant_error 3.6453, utilization 0.0031, perplexity 60.7871,
Train Epoch: [1/2] Iters:[70/20018] transplant_loss 63.8958, rec_loss 0.3011, p_loss 0.6984, quant_error 3.6264, utilization 0.0028, perplexity 42.9322,
Train Epoch: [1/2] Iters:[80/20018] transplant_loss 130.6403, rec_loss 0.2884, p_loss 0.6972, quant_error 3.5802, utilization 0.0027, perplexity 28.8467,
Train Epoch: [1/2] Iters:[90/20018] transplant_loss 229.6471, rec_loss 0.2686, p_loss 0.6983, quant_error 3.5018, utilization 0.0025, perplexity 17.4588,
Train Epoch: [1/2] Iters:[100/20018] transplant_loss 264.8628, rec_loss 0.2447, p_loss 0.6989, quant_error 3.4062, utilization 0.0024, perplexity 11.7036,
Train Epoch: [1/2] Iters:[110/20018] transplant_loss 335.0711, rec_loss 0.2186, p_loss 0.6963, quant_error 3.2793, utilization 0.0024, perplexity 9.8349,
Train Epoch: [1/2] Iters:[120/20018] transplant_loss 377.1380, rec_loss 0.1969, p_loss 0.6948, quant_error 3.1669, utilization 0.0024, perplexity 10.4632,
Train Epoch: [1/2] Iters:[130/20018] transplant_loss 388.4972, rec_loss 0.1854, p_loss 0.6939, quant_error 3.0891, utilization 0.0024, perplexity 12.0751,
Train Epoch: [1/2] Iters:[140/20018] transplant_loss 366.0844, rec_loss 0.1753, p_loss 0.6915, quant_error 3.0356, utilization 0.0024, perplexity 13.3754,
Train Epoch: [1/2] Iters:[150/20018] transplant_loss 442.3208, rec_loss 0.1723, p_loss 0.6914, quant_error 3.0077, utilization 0.0023, perplexity 12.9884,
Train Epoch: [1/2] Iters:[160/20018] transplant_loss 486.0313, rec_loss 0.1677, p_loss 0.6907, quant_error 2.9847, utilization 0.0023, perplexity 13.3344,
Train Epoch: [1/2] Iters:[170/20018] transplant_loss 505.6600, rec_loss 0.1615, p_loss 0.6903, quant_error 2.9303, utilization 0.0022, perplexity 13.5688,
Train Epoch: [1/2] Iters:[180/20018] transplant_loss 516.5734, rec_loss 0.1580, p_loss 0.6897, quant_error 2.9165, utilization 0.0021, perplexity 13.0970,
Train Epoch: [1/2] Iters:[190/20018] transplant_loss 644.1010, rec_loss 0.1582, p_loss 0.6901, quant_error 2.9106, utilization 0.0019, perplexity 12.3274,
Train Epoch: [1/2] Iters:[200/20018] transplant_loss 679.1425, rec_loss 0.1620, p_loss 0.6889, quant_error 2.9246, utilization 0.0017, perplexity 11.6399,
Train Epoch: [1/2] Iters:[210/20018] transplant_loss 792.5136, rec_loss 0.1686, p_loss 0.6919, quant_error 2.9742, utilization 0.0016, perplexity 11.2037,
Train Epoch: [1/2] Iters:[220/20018] transplant_loss 849.5388, rec_loss 0.1772, p_loss 0.6913, quant_error 3.0261, utilization 0.0014, perplexity 9.7968,
Train Epoch: [1/2] Iters:[230/20018] transplant_loss 838.0428, rec_loss 0.1906, p_loss 0.6904, quant_error 3.0770, utilization 0.0012, perplexity 8.6082,
Train Epoch: [1/2] Iters:[240/20018] transplant_loss 895.0966, rec_loss 0.1981, p_loss 0.6906, quant_error 3.0948, utilization 0.0011, perplexity 8.2269,
Train Epoch: [1/2] Iters:[250/20018] transplant_loss 971.5265, rec_loss 0.1988, p_loss 0.6920, quant_error 3.1170, utilization 0.0010, perplexity 8.0646,
Train Epoch: [1/2] Iters:[260/20018] transplant_loss 796.2727, rec_loss 0.2071, p_loss 0.6897, quant_error 3.1282, utilization 0.0009, perplexity 7.6288,
Train Epoch: [1/2] Iters:[270/20018] transplant_loss 798.0703, rec_loss 0.2089, p_loss 0.6906, quant_error 3.1443, utilization 0.0009, perplexity 7.9715,
Train Epoch: [1/2] Iters:[280/20018] transplant_loss 969.3396, rec_loss 0.1986, p_loss 0.6923, quant_error 3.1081, utilization 0.0008, perplexity 8.2397,
Train Epoch: [1/2] Iters:[290/20018] transplant_loss 842.7041, rec_loss 0.2010, p_loss 0.6923, quant_error 3.1391, utilization 0.0008, perplexity 7.7216,
Train Epoch: [1/2] Iters:[300/20018] transplant_loss 701.9202, rec_loss 0.2085, p_loss 0.6913, quant_error 3.1542, utilization 0.0008, perplexity 7.2424,
Train Epoch: [1/2] Iters:[310/20018] transplant_loss 901.1073, rec_loss 0.1960, p_loss 0.6903, quant_error 3.0933, utilization 0.0007, perplexity 7.3418,
Train Epoch: [1/2] Iters:[320/20018] transplant_loss 974.0924, rec_loss 0.1903, p_loss 0.6900, quant_error 3.0507, utilization 0.0007, perplexity 7.1984,
Train Epoch: [1/2] Iters:[330/20018] transplant_loss 810.4075, rec_loss 0.1999, p_loss 0.6897, quant_error 3.0788, utilization 0.0007, perplexity 6.7839,
Train Epoch: [1/2] Iters:[340/20018] transplant_loss 859.0000, rec_loss 0.1985, p_loss 0.6900, quant_error 3.0738, utilization 0.0007, perplexity 7.0572,
Train Epoch: [1/2] Iters:[350/20018] transplant_loss 1066.5196, rec_loss 0.1861, p_loss 0.6892, quant_error 3.0212, utilization 0.0007, perplexity 7.3233,
Train Epoch: [1/2] Iters:[360/20018] transplant_loss 963.8832, rec_loss 0.1881, p_loss 0.6892, quant_error 3.0372, utilization 0.0007, perplexity 7.0358,
Train Epoch: [1/2] Iters:[370/20018] transplant_loss 855.1223, rec_loss 0.1950, p_loss 0.6886, quant_error 3.0717, utilization 0.0007, perplexity 6.5530,
Train Epoch: [1/2] Iters:[380/20018] transplant_loss 1009.3268, rec_loss 0.1898, p_loss 0.6876, quant_error 3.0515, utilization 0.0006, perplexity 6.7764,
Train Epoch: [1/2] Iters:[390/20018] transplant_loss 1067.7332, rec_loss 0.1810, p_loss 0.6868, quant_error 3.0011, utilization 0.0006, perplexity 7.1906,
Train Epoch: [1/2] Iters:[400/20018] transplant_loss 879.2051, rec_loss 0.1851, p_loss 0.6876, quant_error 3.0325, utilization 0.0006, perplexity 7.3808,
Train Epoch: [1/2] Iters:[410/20018] transplant_loss 889.2786, rec_loss 0.1817, p_loss 0.6871, quant_error 3.0099, utilization 0.0006, perplexity 7.8346,
Train Epoch: [1/2] Iters:[420/20018] transplant_loss 1000.9866, rec_loss 0.1674, p_loss 0.6868, quant_error 2.9450, utilization 0.0006, perplexity 8.4244,
Train Epoch: [1/2] Iters:[430/20018] transplant_loss 902.8496, rec_loss 0.1581, p_loss 0.6868, quant_error 2.9060, utilization 0.0006, perplexity 8.6230,
Train Epoch: [1/2] Iters:[440/20018] transplant_loss 775.0007, rec_loss 0.1574, p_loss 0.6858, quant_error 2.8974, utilization 0.0006, perplexity 8.4097,
Train Epoch: [1/2] Iters:[450/20018] transplant_loss 827.7780, rec_loss 0.1503, p_loss 0.6840, quant_error 2.8463, utilization 0.0006, perplexity 8.4648,
Train Epoch: [1/2] Iters:[460/20018] transplant_loss 808.0147, rec_loss 0.1451, p_loss 0.6829, quant_error 2.8270, utilization 0.0006, perplexity 8.6698,
Train Epoch: [1/2] Iters:[470/20018] transplant_loss 617.4312, rec_loss 0.1436, p_loss 0.6814, quant_error 2.7962, utilization 0.0006, perplexity 8.9389,
Train Epoch: [1/2] Iters:[480/20018] transplant_loss 489.9341, rec_loss 0.1410, p_loss 0.6791, quant_error 2.7645, utilization 0.0006, perplexity 9.3886,
Train Epoch: [1/2] Iters:[490/20018] transplant_loss 394.0520, rec_loss 0.1339, p_loss 0.6783, quant_error 2.7297, utilization 0.0006, perplexity 10.1210,
Train Epoch: [1/2] Iters:[500/20018] transplant_loss 284.8644, rec_loss 0.1293, p_loss 0.6777, quant_error 2.7048, utilization 0.0006, perplexity 10.7697,
Train Epoch: [1/2] Iters:[510/20018] transplant_loss 181.7649, rec_loss 0.1277, p_loss 0.6788, quant_error 2.6974, utilization 0.0006, perplexity 11.0140,
Train Epoch: [1/2] Iters:[520/20018] transplant_loss 197.9709, rec_loss 0.1254, p_loss 0.6782, quant_error 2.6954, utilization 0.0006, perplexity 11.1512,
Train Epoch: [1/2] Iters:[530/20018] transplant_loss 219.8313, rec_loss 0.1223, p_loss 0.6779, quant_error 2.6788, utilization 0.0006, perplexity 11.2009,
Train Epoch: [1/2] Iters:[540/20018] transplant_loss 234.4856, rec_loss 0.1222, p_loss 0.6762, quant_error 2.6680, utilization 0.0006, perplexity 11.1039,
Train Epoch: [1/2] Iters:[550/20018] transplant_loss 203.2992, rec_loss 0.1206, p_loss 0.6740, quant_error 2.6365, utilization 0.0007, perplexity 11.2223,
Train Epoch: [1/2] Iters:[560/20018] transplant_loss 169.4576, rec_loss 0.1164, p_loss 0.6701, quant_error 2.5866, utilization 0.0007, perplexity 11.6784,
Train Epoch: [1/2] Iters:[570/20018] transplant_loss 153.6251, rec_loss 0.1134, p_loss 0.6671, quant_error 2.5532, utilization 0.0007, perplexity 12.0751,
Train Epoch: [1/2] Iters:[580/20018] transplant_loss 145.1716, rec_loss 0.1120, p_loss 0.6665, quant_error 2.5476, utilization 0.0007, perplexity 12.3370,
Train Epoch: [1/2] Iters:[590/20018] transplant_loss 131.5866, rec_loss 0.1095, p_loss 0.6638, quant_error 2.5115, utilization 0.0007, perplexity 12.6245,
Train Epoch: [1/2] Iters:[600/20018] transplant_loss 127.2665, rec_loss 0.1059, p_loss 0.6615, quant_error 2.4815, utilization 0.0007, perplexity 12.8425,
Train Epoch: [1/2] Iters:[610/20018] transplant_loss 130.2736, rec_loss 0.1031, p_loss 0.6588, quant_error 2.4527, utilization 0.0007, perplexity 13.1243,
Train Epoch: [1/2] Iters:[620/20018] transplant_loss 117.6047, rec_loss 0.1007, p_loss 0.6559, quant_error 2.4224, utilization 0.0007, perplexity 13.4624,
Train Epoch: [1/2] Iters:[630/20018] transplant_loss 106.3759, rec_loss 0.0968, p_loss 0.6508, quant_error 2.3681, utilization 0.0007, perplexity 13.9587,
Train Epoch: [1/2] Iters:[640/20018] transplant_loss 99.9713, rec_loss 0.0942, p_loss 0.6480, quant_error 2.3303, utilization 0.0007, perplexity 14.2930,
Train Epoch: [1/2] Iters:[650/20018] transplant_loss 96.9126, rec_loss 0.0936, p_loss 0.6453, quant_error 2.3001, utilization 0.0007, perplexity 14.6575,
Train Epoch: [1/2] Iters:[660/20018] transplant_loss 96.7954, rec_loss 0.0919, p_loss 0.6422, quant_error 2.2726, utilization 0.0007, perplexity 14.7667,
Train Epoch: [1/2] Iters:[670/20018] transplant_loss 88.8007, rec_loss 0.0914, p_loss 0.6403, quant_error 2.2447, utilization 0.0007, perplexity 15.0460,
Train Epoch: [1/2] Iters:[680/20018] transplant_loss 91.3173, rec_loss 0.0917, p_loss 0.6388, quant_error 2.2260, utilization 0.0007, perplexity 15.2443,
Train Epoch: [1/2] Iters:[690/20018] transplant_loss 89.2549, rec_loss 0.0912, p_loss 0.6361, quant_error 2.2004, utilization 0.0007, perplexity 15.6864,
Train Epoch: [1/2] Iters:[700/20018] transplant_loss 95.5809, rec_loss 0.0899, p_loss 0.6324, quant_error 2.1809, utilization 0.0007, perplexity 15.9561,
Train Epoch: [1/2] Iters:[710/20018] transplant_loss 90.8775, rec_loss 0.0902, p_loss 0.6298, quant_error 2.1621, utilization 0.0007, perplexity 16.3887,
Train Epoch: [1/2] Iters:[720/20018] transplant_loss 85.5200, rec_loss 0.0894, p_loss 0.6269, quant_error 2.1378, utilization 0.0007, perplexity 16.7250,
Train Epoch: [1/2] Iters:[730/20018] transplant_loss 89.2987, rec_loss 0.0887, p_loss 0.6232, quant_error 2.1119, utilization 0.0007, perplexity 17.0057,
Train Epoch: [1/2] Iters:[740/20018] transplant_loss 91.5868, rec_loss 0.0890, p_loss 0.6216, quant_error 2.0971, utilization 0.0007, perplexity 17.2450,
Train Epoch: [1/2] Iters:[750/20018] transplant_loss 88.5485, rec_loss 0.0880, p_loss 0.6188, quant_error 2.0760, utilization 0.0007, perplexity 17.6846,
Train Epoch: [1/2] Iters:[760/20018] transplant_loss 84.0228, rec_loss 0.0874, p_loss 0.6175, quant_error 2.0560, utilization 0.0007, perplexity 18.0285,
Train Epoch: [1/2] Iters:[770/20018] transplant_loss 87.5391, rec_loss 0.0869, p_loss 0.6156, quant_error 2.0422, utilization 0.0007, perplexity 18.1597,
Train Epoch: [1/2] Iters:[780/20018] transplant_loss 91.3501, rec_loss 0.0870, p_loss 0.6149, quant_error 2.0389, utilization 0.0007, perplexity 18.3371,
Train Epoch: [1/2] Iters:[790/20018] transplant_loss 95.3434, rec_loss 0.0868, p_loss 0.6132, quant_error 2.0334, utilization 0.0007, perplexity 18.4490,
Train Epoch: [1/2] Iters:[800/20018] transplant_loss 89.1927, rec_loss 0.0881, p_loss 0.6133, quant_error 2.0263, utilization 0.0007, perplexity 18.4929,
Train Epoch: [1/2] Iters:[810/20018] transplant_loss 87.2158, rec_loss 0.0882, p_loss 0.6126, quant_error 2.0122, utilization 0.0007, perplexity 18.5906,
Train Epoch: [1/2] Iters:[820/20018] transplant_loss 93.5153, rec_loss 0.0881, p_loss 0.6119, quant_error 2.0092, utilization 0.0007, perplexity 18.8770,
Train Epoch: [1/2] Iters:[830/20018] transplant_loss 92.9073, rec_loss 0.0878, p_loss 0.6106, quant_error 1.9974, utilization 0.0007, perplexity 19.0267,
Train Epoch: [1/2] Iters:[840/20018] transplant_loss 85.7094, rec_loss 0.0873, p_loss 0.6099, quant_error 1.9879, utilization 0.0007, perplexity 19.1345,
Train Epoch: [1/2] Iters:[850/20018] transplant_loss 88.6441, rec_loss 0.0856, p_loss 0.6079, quant_error 1.9719, utilization 0.0007, perplexity 19.2418,
Train Epoch: [1/2] Iters:[860/20018] transplant_loss 93.0321, rec_loss 0.0849, p_loss 0.6064, quant_error 1.9574, utilization 0.0007, perplexity 19.3582,
Train Epoch: [1/2] Iters:[870/20018] transplant_loss 89.3130, rec_loss 0.0844, p_loss 0.6061, quant_error 1.9402, utilization 0.0007, perplexity 19.5281,
Train Epoch: [1/2] Iters:[880/20018] transplant_loss 86.1794, rec_loss 0.0841, p_loss 0.6053, quant_error 1.9230, utilization 0.0007, perplexity 19.9031,
Train Epoch: [1/2] Iters:[890/20018] transplant_loss 89.7366, rec_loss 0.0828, p_loss 0.6037, quant_error 1.9042, utilization 0.0007, perplexity 20.2782,
Train Epoch: [1/2] Iters:[900/20018] transplant_loss 91.0798, rec_loss 0.0826, p_loss 0.6042, quant_error 1.8858, utilization 0.0007, perplexity 20.5493,
Train Epoch: [1/2] Iters:[910/20018] transplant_loss 90.9104, rec_loss 0.0824, p_loss 0.6037, quant_error 1.8759, utilization 0.0007, perplexity 20.9534,
Train Epoch: [1/2] Iters:[920/20018] transplant_loss 84.3394, rec_loss 0.0824, p_loss 0.6022, quant_error 1.8673, utilization 0.0007, perplexity 21.3709,
Train Epoch: [1/2] Iters:[930/20018] transplant_loss 74.2151, rec_loss 0.0816, p_loss 0.6008, quant_error 1.8458, utilization 0.0007, perplexity 21.7209,
Train Epoch: [1/2] Iters:[940/20018] transplant_loss 80.2605, rec_loss 0.0818, p_loss 0.6002, quant_error 1.8344, utilization 0.0007, perplexity 22.0994,
Train Epoch: [1/2] Iters:[950/20018] transplant_loss 81.8837, rec_loss 0.0811, p_loss 0.5994, quant_error 1.8217, utilization 0.0007, perplexity 22.5847,
Train Epoch: [1/2] Iters:[960/20018] transplant_loss 80.0956, rec_loss 0.0811, p_loss 0.5979, quant_error 1.8046, utilization 0.0007, perplexity 22.8250,
Train Epoch: [1/2] Iters:[970/20018] transplant_loss 79.4969, rec_loss 0.0809, p_loss 0.5967, quant_error 1.7869, utilization 0.0007, perplexity 22.9910,
Train Epoch: [1/2] Iters:[980/20018] transplant_loss 86.8840, rec_loss 0.0803, p_loss 0.5964, quant_error 1.7756, utilization 0.0007, perplexity 23.2315,
Train Epoch: [1/2] Iters:[990/20018] transplant_loss 81.5348, rec_loss 0.0792, p_loss 0.5948, quant_error 1.7568, utilization 0.0007, perplexity 23.5174,
Train Epoch: [1/2] Iters:[1000/20018] transplant_loss 76.7107, rec_loss 0.0806, p_loss 0.5933, quant_error 1.7524, utilization 0.0007, perplexity 23.6552,
Train Epoch: [1/2] Iters:[1010/20018] transplant_loss 75.6048, rec_loss 0.0796, p_loss 0.5918, quant_error 1.7460, utilization 0.0007, perplexity 23.9226,
Train Epoch: [1/2] Iters:[1020/20018] transplant_loss 73.3389, rec_loss 0.0790, p_loss 0.5908, quant_error 1.7376, utilization 0.0007, perplexity 24.1842,
Train Epoch: [1/2] Iters:[1030/20018] transplant_loss 65.5133, rec_loss 0.0787, p_loss 0.5908, quant_error 1.7331, utilization 0.0007, perplexity 24.4481,
Train Epoch: [1/2] Iters:[1040/20018] transplant_loss 70.0628, rec_loss 0.0788, p_loss 0.5910, quant_error 1.7281, utilization 0.0007, perplexity 24.6083,
Train Epoch: [1/2] Iters:[1050/20018] transplant_loss 71.5508, rec_loss 0.0779, p_loss 0.5917, quant_error 1.7253, utilization 0.0007, perplexity 24.8294,
Train Epoch: [1/2] Iters:[1060/20018] transplant_loss 72.7165, rec_loss 0.0781, p_loss 0.5917, quant_error 1.7213, utilization 0.0007, perplexity 24.9671,
Train Epoch: [1/2] Iters:[1070/20018] transplant_loss 73.8707, rec_loss 0.0767, p_loss 0.5916, quant_error 1.7091, utilization 0.0007, perplexity 25.1117,
Train Epoch: [1/2] Iters:[1080/20018] transplant_loss 72.5912, rec_loss 0.0760, p_loss 0.5902, quant_error 1.6961, utilization 0.0007, perplexity 25.2575,
Train Epoch: [1/2] Iters:[1090/20018] transplant_loss 63.6964, rec_loss 0.0755, p_loss 0.5879, quant_error 1.6839, utilization 0.0007, perplexity 25.5208,
Train Epoch: [1/2] Iters:[1100/20018] transplant_loss 64.5048, rec_loss 0.0745, p_loss 0.5867, quant_error 1.6669, utilization 0.0007, perplexity 25.6660,
Train Epoch: [1/2] Iters:[1110/20018] transplant_loss 69.3876, rec_loss 0.0737, p_loss 0.5854, quant_error 1.6632, utilization 0.0007, perplexity 25.8034,
Train Epoch: [1/2] Iters:[1120/20018] transplant_loss 69.9343, rec_loss 0.0751, p_loss 0.5850, quant_error 1.6586, utilization 0.0007, perplexity 26.0376,
Train Epoch: [1/2] Iters:[1130/20018] transplant_loss 67.7666, rec_loss 0.0754, p_loss 0.5842, quant_error 1.6579, utilization 0.0007, perplexity 26.2789,
Train Epoch: [1/2] Iters:[1140/20018] transplant_loss 65.6563, rec_loss 0.0762, p_loss 0.5849, quant_error 1.6572, utilization 0.0007, perplexity 26.4219,
Train Epoch: [1/2] Iters:[1150/20018] transplant_loss 66.2359, rec_loss 0.0759, p_loss 0.5835, quant_error 1.6502, utilization 0.0007, perplexity 26.6277,
Train Epoch: [1/2] Iters:[1160/20018] transplant_loss 65.8829, rec_loss 0.0772, p_loss 0.5833, quant_error 1.6425, utilization 0.0007, perplexity 26.6621,
Train Epoch: [1/2] Iters:[1170/20018] transplant_loss 62.5930, rec_loss 0.0765, p_loss 0.5822, quant_error 1.6338, utilization 0.0007, perplexity 26.9045,
Train Epoch: [1/2] Iters:[1180/20018] transplant_loss 59.5137, rec_loss 0.0762, p_loss 0.5802, quant_error 1.6183, utilization 0.0007, perplexity 27.0993,
Train Epoch: [1/2] Iters:[1190/20018] transplant_loss 59.2103, rec_loss 0.0759, p_loss 0.5791, quant_error 1.6072, utilization 0.0007, perplexity 27.1842,
Train Epoch: [1/2] Iters:[1200/20018] transplant_loss 58.7288, rec_loss 0.0760, p_loss 0.5784, quant_error 1.6027, utilization 0.0007, perplexity 27.2245,
Train Epoch: [1/2] Iters:[1210/20018] transplant_loss 55.7413, rec_loss 0.0750, p_loss 0.5782, quant_error 1.5954, utilization 0.0007, perplexity 27.4486,
Train Epoch: [1/2] Iters:[1220/20018] transplant_loss 56.1968, rec_loss 0.0745, p_loss 0.5759, quant_error 1.5885, utilization 0.0007, perplexity 27.3601,
Train Epoch: [1/2] Iters:[1230/20018] transplant_loss 56.7189, rec_loss 0.0754, p_loss 0.5767, quant_error 1.5883, utilization 0.0007, perplexity 27.3770,
Train Epoch: [1/2] Iters:[1240/20018] transplant_loss 56.3070, rec_loss 0.0755, p_loss 0.5776, quant_error 1.5910, utilization 0.0007, perplexity 27.5984,
Train Epoch: [1/2] Iters:[1250/20018] transplant_loss 57.0519, rec_loss 0.0754, p_loss 0.5764, quant_error 1.5875, utilization 0.0007, perplexity 27.8399,
Train Epoch: [1/2] Iters:[1260/20018] transplant_loss 56.7413, rec_loss 0.0759, p_loss 0.5760, quant_error 1.5838, utilization 0.0007, perplexity 28.0035,
Train Epoch: [1/2] Iters:[1270/20018] transplant_loss 57.5449, rec_loss 0.0760, p_loss 0.5755, quant_error 1.5771, utilization 0.0007, perplexity 28.1228,
Train Epoch: [1/2] Iters:[1280/20018] transplant_loss 57.5017, rec_loss 0.0753, p_loss 0.5745, quant_error 1.5729, utilization 0.0007, perplexity 28.2709,
Train Epoch: [1/2] Iters:[1290/20018] transplant_loss 56.0795, rec_loss 0.0742, p_loss 0.5730, quant_error 1.5568, utilization 0.0007, perplexity 28.3842,
Train Epoch: [1/2] Iters:[1300/20018] transplant_loss 52.2116, rec_loss 0.0740, p_loss 0.5726, quant_error 1.5519, utilization 0.0007, perplexity 28.4024,
Train Epoch: [1/2] Iters:[1310/20018] transplant_loss 50.5602, rec_loss 0.0732, p_loss 0.5720, quant_error 1.5380, utilization 0.0007, perplexity 28.5600,
Train Epoch: [1/2] Iters:[1320/20018] transplant_loss 49.0108, rec_loss 0.0735, p_loss 0.5735, quant_error 1.5454, utilization 0.0007, perplexity 28.7730,
Train Epoch: [1/2] Iters:[1330/20018] transplant_loss 49.1148, rec_loss 0.0723, p_loss 0.5714, quant_error 1.5358, utilization 0.0007, perplexity 28.9703,
Train Epoch: [1/2] Iters:[1340/20018] transplant_loss 49.3522, rec_loss 0.0718, p_loss 0.5693, quant_error 1.5344, utilization 0.0007, perplexity 29.0504,
Train Epoch: [1/2] Iters:[1350/20018] transplant_loss 49.7321, rec_loss 0.0721, p_loss 0.5685, quant_error 1.5301, utilization 0.0007, perplexity 29.1696,
Train Epoch: [1/2] Iters:[1360/20018] transplant_loss 48.8701, rec_loss 0.0712, p_loss 0.5652, quant_error 1.5222, utilization 0.0007, perplexity 29.2709,
Train Epoch: [1/2] Iters:[1370/20018] transplant_loss 48.9938, rec_loss 0.0710, p_loss 0.5627, quant_error 1.5113, utilization 0.0007, perplexity 29.4940,
Train Epoch: [1/2] Iters:[1380/20018] transplant_loss 48.1099, rec_loss 0.0713, p_loss 0.5638, quant_error 1.5106, utilization 0.0007, perplexity 29.6034,
Train Epoch: [1/2] Iters:[1390/20018] transplant_loss 47.0825, rec_loss 0.0718, p_loss 0.5632, quant_error 1.5077, utilization 0.0007, perplexity 29.6456,
Train Epoch: [1/2] Iters:[1400/20018] transplant_loss 46.3988, rec_loss 0.0718, p_loss 0.5626, quant_error 1.5002, utilization 0.0007, perplexity 29.8995,
Train Epoch: [1/2] Iters:[1410/20018] transplant_loss 45.6557, rec_loss 0.0723, p_loss 0.5639, quant_error 1.5050, utilization 0.0007, perplexity 30.0170,
Train Epoch: [1/2] Iters:[1420/20018] transplant_loss 43.5683, rec_loss 0.0715, p_loss 0.5630, quant_error 1.4915, utilization 0.0007, perplexity 30.0527,
Train Epoch: [1/2] Iters:[1430/20018] transplant_loss 43.2467, rec_loss 0.0710, p_loss 0.5608, quant_error 1.4807, utilization 0.0007, perplexity 30.1410,
Train Epoch: [1/2] Iters:[1440/20018] transplant_loss 43.9436, rec_loss 0.0700, p_loss 0.5608, quant_error 1.4763, utilization 0.0007, perplexity 30.4194,
Train Epoch: [1/2] Iters:[1450/20018] transplant_loss 42.6005, rec_loss 0.0690, p_loss 0.5593, quant_error 1.4699, utilization 0.0007, perplexity 30.4554,
Train Epoch: [1/2] Iters:[1460/20018] transplant_loss 42.4943, rec_loss 0.0693, p_loss 0.5590, quant_error 1.4664, utilization 0.0007, perplexity 30.6781,
Train Epoch: [1/2] Iters:[1470/20018] transplant_loss 43.0553, rec_loss 0.0698, p_loss 0.5575, quant_error 1.4733, utilization 0.0007, perplexity 30.5685,
Train Epoch: [1/2] Iters:[1480/20018] transplant_loss 43.8933, rec_loss 0.0699, p_loss 0.5569, quant_error 1.4716, utilization 0.0007, perplexity 30.4327,
Train Epoch: [1/2] Iters:[1490/20018] transplant_loss 42.9689, rec_loss 0.0703, p_loss 0.5560, quant_error 1.4643, utilization 0.0007, perplexity 30.4499,
Train Epoch: [1/2] Iters:[1500/20018] transplant_loss 42.8747, rec_loss 0.0704, p_loss 0.5555, quant_error 1.4621, utilization 0.0007, perplexity 30.6355,
Train Epoch: [1/2] Iters:[1510/20018] transplant_loss 42.0098, rec_loss 0.0705, p_loss 0.5554, quant_error 1.4549, utilization 0.0007, perplexity 30.6165,
Train Epoch: [1/2] Iters:[1520/20018] transplant_loss 42.4954, rec_loss 0.0702, p_loss 0.5549, quant_error 1.4437, utilization 0.0007, perplexity 30.9647,
Train Epoch: [1/2] Iters:[1530/20018] transplant_loss 41.4168, rec_loss 0.0701, p_loss 0.5548, quant_error 1.4403, utilization 0.0007, perplexity 31.2686,
Train Epoch: [1/2] Iters:[1540/20018] transplant_loss 40.3520, rec_loss 0.0707, p_loss 0.5538, quant_error 1.4356, utilization 0.0007, perplexity 31.4350,
Train Epoch: [1/2] Iters:[1550/20018] transplant_loss 40.1681, rec_loss 0.0707, p_loss 0.5528, quant_error 1.4297, utilization 0.0007, perplexity 31.4700,
Train Epoch: [1/2] Iters:[1560/20018] transplant_loss 40.1871, rec_loss 0.0700, p_loss 0.5514, quant_error 1.4276, utilization 0.0007, perplexity 31.5442,
Train Epoch: [1/2] Iters:[1570/20018] transplant_loss 38.4173, rec_loss 0.0696, p_loss 0.5518, quant_error 1.4248, utilization 0.0007, perplexity 31.5603,
Train Epoch: [1/2] Iters:[1580/20018] transplant_loss 38.4055, rec_loss 0.0700, p_loss 0.5498, quant_error 1.4223, utilization 0.0007, perplexity 31.6021,
Train Epoch: [1/2] Iters:[1590/20018] transplant_loss 39.1773, rec_loss 0.0694, p_loss 0.5484, quant_error 1.4197, utilization 0.0007, perplexity 31.6009,
Train Epoch: [1/2] Iters:[1600/20018] transplant_loss 38.6108, rec_loss 0.0691, p_loss 0.5493, quant_error 1.4159, utilization 0.0007, perplexity 31.6452,
Train Epoch: [1/2] Iters:[1610/20018] transplant_loss 39.1189, rec_loss 0.0690, p_loss 0.5474, quant_error 1.4112, utilization 0.0007, perplexity 31.7341,
Train Epoch: [1/2] Iters:[1620/20018] transplant_loss 39.2584, rec_loss 0.0696, p_loss 0.5456, quant_error 1.4074, utilization 0.0007, perplexity 31.8689,
Train Epoch: [1/2] Iters:[1630/20018] transplant_loss 37.7177, rec_loss 0.0688, p_loss 0.5445, quant_error 1.3996, utilization 0.0007, perplexity 32.0295,
Train Epoch: [1/2] Iters:[1640/20018] transplant_loss 36.6849, rec_loss 0.0683, p_loss 0.5428, quant_error 1.3929, utilization 0.0007, perplexity 32.1515,
Train Epoch: [1/2] Iters:[1650/20018] transplant_loss 37.5769, rec_loss 0.0687, p_loss 0.5405, quant_error 1.3972, utilization 0.0007, perplexity 32.3121,
Train Epoch: [1/2] Iters:[1660/20018] transplant_loss 36.9543, rec_loss 0.0682, p_loss 0.5396, quant_error 1.3909, utilization 0.0007, perplexity 32.3730,
Train Epoch: [1/2] Iters:[1670/20018] transplant_loss 36.7354, rec_loss 0.0687, p_loss 0.5406, quant_error 1.3934, utilization 0.0007, perplexity 32.4674,
Train Epoch: [1/2] Iters:[1680/20018] transplant_loss 37.5048, rec_loss 0.0696, p_loss 0.5405, quant_error 1.3942, utilization 0.0007, perplexity 32.4673,
Train Epoch: [1/2] Iters:[1690/20018] transplant_loss 37.2948, rec_loss 0.0695, p_loss 0.5416, quant_error 1.3909, utilization 0.0007, perplexity 32.5215,
Train Epoch: [1/2] Iters:[1700/20018] transplant_loss 36.3629, rec_loss 0.0685, p_loss 0.5401, quant_error 1.3804, utilization 0.0007, perplexity 32.4901,
Train Epoch: [1/2] Iters:[1710/20018] transplant_loss 36.2646, rec_loss 0.0689, p_loss 0.5390, quant_error 1.3761, utilization 0.0007, perplexity 32.5763,
Train Epoch: [1/2] Iters:[1720/20018] transplant_loss 35.7706, rec_loss 0.0675, p_loss 0.5357, quant_error 1.3672, utilization 0.0007, perplexity 32.6109,
Train Epoch: [1/2] Iters:[1730/20018] transplant_loss 34.7149, rec_loss 0.0668, p_loss 0.5349, quant_error 1.3598, utilization 0.0007, perplexity 32.7367,
Train Epoch: [1/2] Iters:[1740/20018] transplant_loss 35.2760, rec_loss 0.0673, p_loss 0.5339, quant_error 1.3628, utilization 0.0007, perplexity 32.8860,
Train Epoch: [1/2] Iters:[1750/20018] transplant_loss 35.4815, rec_loss 0.0680, p_loss 0.5347, quant_error 1.3625, utilization 0.0007, perplexity 32.9778,
Train Epoch: [1/2] Iters:[1760/20018] transplant_loss 34.3756, rec_loss 0.0669, p_loss 0.5342, quant_error 1.3602, utilization 0.0007, perplexity 33.0648,
Train Epoch: [1/2] Iters:[1770/20018] transplant_loss 33.7819, rec_loss 0.0673, p_loss 0.5351, quant_error 1.3565, utilization 0.0007, perplexity 33.1645,
Train Epoch: [1/2] Iters:[1780/20018] transplant_loss 34.5868, rec_loss 0.0669, p_loss 0.5340, quant_error 1.3594, utilization 0.0007, perplexity 33.2441,
Train Epoch: [1/2] Iters:[1790/20018] transplant_loss 34.1554, rec_loss 0.0666, p_loss 0.5341, quant_error 1.3553, utilization 0.0007, perplexity 33.2721,
Train Epoch: [1/2] Iters:[1800/20018] transplant_loss 33.4434, rec_loss 0.0659, p_loss 0.5337, quant_error 1.3496, utilization 0.0007, perplexity 33.4442,
Train Epoch: [1/2] Iters:[1810/20018] transplant_loss 33.9655, rec_loss 0.0671, p_loss 0.5339, quant_error 1.3480, utilization 0.0007, perplexity 33.5817,
Train Epoch: [1/2] Iters:[1820/20018] transplant_loss 34.6080, rec_loss 0.0657, p_loss 0.5317, quant_error 1.3406, utilization 0.0007, perplexity 33.5936,
Train Epoch: [1/2] Iters:[1830/20018] transplant_loss 33.0157, rec_loss 0.0661, p_loss 0.5320, quant_error 1.3314, utilization 0.0007, perplexity 33.7244,
Train Epoch: [1/2] Iters:[1840/20018] transplant_loss 32.6004, rec_loss 0.0669, p_loss 0.5301, quant_error 1.3276, utilization 0.0007, perplexity 33.7701,
Train Epoch: [1/2] Iters:[1850/20018] transplant_loss 32.7935, rec_loss 0.0681, p_loss 0.5294, quant_error 1.3309, utilization 0.0007, perplexity 33.7761,
Train Epoch: [1/2] Iters:[1860/20018] transplant_loss 33.0756, rec_loss 0.0671, p_loss 0.5273, quant_error 1.3277, utilization 0.0007, perplexity 33.7756,
Train Epoch: [1/2] Iters:[1870/20018] transplant_loss 32.3991, rec_loss 0.0685, p_loss 0.5288, quant_error 1.3274, utilization 0.0007, perplexity 33.9355,
Train Epoch: [1/2] Iters:[1880/20018] transplant_loss 32.8930, rec_loss 0.0686, p_loss 0.5278, quant_error 1.3275, utilization 0.0007, perplexity 34.0110,
Train Epoch: [1/2] Iters:[1890/20018] transplant_loss 32.8248, rec_loss 0.0674, p_loss 0.5268, quant_error 1.3190, utilization 0.0007, perplexity 34.0880,
Train Epoch: [1/2] Iters:[1900/20018] transplant_loss 32.7879, rec_loss 0.0664, p_loss 0.5256, quant_error 1.3137, utilization 0.0007, perplexity 34.1475,
Train Epoch: [1/2] Iters:[1910/20018] transplant_loss 32.3137, rec_loss 0.0669, p_loss 0.5268, quant_error 1.3137, utilization 0.0007, perplexity 34.2302,
Train Epoch: [1/2] Iters:[1920/20018] transplant_loss 32.8366, rec_loss 0.0666, p_loss 0.5242, quant_error 1.3118, utilization 0.0007, perplexity 34.1684,
Train Epoch: [1/2] Iters:[1930/20018] transplant_loss 33.2465, rec_loss 0.0661, p_loss 0.5230, quant_error 1.3071, utilization 0.0007, perplexity 34.0839,
Train Epoch: [1/2] Iters:[1940/20018] transplant_loss 33.0721, rec_loss 0.0662, p_loss 0.5216, quant_error 1.3027, utilization 0.0007, perplexity 34.1685,
Train Epoch: [1/2] Iters:[1950/20018] transplant_loss 32.9718, rec_loss 0.0658, p_loss 0.5204, quant_error 1.2991, utilization 0.0007, perplexity 34.2750,
Train Epoch: [1/2] Iters:[1960/20018] transplant_loss 33.4029, rec_loss 0.0656, p_loss 0.5202, quant_error 1.2952, utilization 0.0007, perplexity 34.2882,
Train Epoch: [1/2] Iters:[1970/20018] transplant_loss 33.0306, rec_loss 0.0652, p_loss 0.5209, quant_error 1.2936, utilization 0.0007, perplexity 34.3637,
Train Epoch: [1/2] Iters:[1980/20018] transplant_loss 32.3358, rec_loss 0.0660, p_loss 0.5212, quant_error 1.2943, utilization 0.0007, perplexity 34.5118,
Train Epoch: [1/2] Iters:[1990/20018] transplant_loss 32.6547, rec_loss 0.0666, p_loss 0.5218, quant_error 1.2989, utilization 0.0007, perplexity 34.5203,
Train Epoch: [1/2] Iters:[2000/20018] transplant_loss 32.8979, rec_loss 0.0674, p_loss 0.5214, quant_error 1.2985, utilization 0.0007, perplexity 34.5571,
Train Epoch: [1/2] Iters:[2010/20018] transplant_loss 32.2694, rec_loss 0.0675, p_loss 0.5199, quant_error 1.2960, utilization 0.0007, perplexity 34.6550,
Train Epoch: [1/2] Iters:[2020/20018] transplant_loss 32.2298, rec_loss 0.0675, p_loss 0.5172, quant_error 1.2925, utilization 0.0007, perplexity 34.7263,
Train Epoch: [1/2] Iters:[2030/20018] transplant_loss 32.6454, rec_loss 0.0670, p_loss 0.5170, quant_error 1.2881, utilization 0.0007, perplexity 34.8395,
Train Epoch: [1/2] Iters:[2040/20018] transplant_loss 32.9720, rec_loss 0.0664, p_loss 0.5148, quant_error 1.2850, utilization 0.0007, perplexity 34.9346,
Train Epoch: [1/2] Iters:[2050/20018] transplant_loss 32.2952, rec_loss 0.0656, p_loss 0.5158, quant_error 1.2794, utilization 0.0007, perplexity 35.0467,
Train Epoch: [1/2] Iters:[2060/20018] transplant_loss 32.6204, rec_loss 0.0646, p_loss 0.5140, quant_error 1.2750, utilization 0.0007, perplexity 35.1368,
Train Epoch: [1/2] Iters:[2070/20018] transplant_loss 32.5258, rec_loss 0.0647, p_loss 0.5150, quant_error 1.2714, utilization 0.0007, perplexity 35.1663,
Train Epoch: [1/2] Iters:[2080/20018] transplant_loss 32.1563, rec_loss 0.0649, p_loss 0.5137, quant_error 1.2731, utilization 0.0007, perplexity 35.0956,
Train Epoch: [1/2] Iters:[2090/20018] transplant_loss 31.8098, rec_loss 0.0651, p_loss 0.5148, quant_error 1.2693, utilization 0.0007, perplexity 35.1461,
Train Epoch: [1/2] Iters:[2100/20018] transplant_loss 32.1211, rec_loss 0.0655, p_loss 0.5130, quant_error 1.2666, utilization 0.0007, perplexity 35.1275,
Train Epoch: [1/2] Iters:[2110/20018] transplant_loss 32.0130, rec_loss 0.0668, p_loss 0.5133, quant_error 1.2674, utilization 0.0007, perplexity 35.1091,
Train Epoch: [1/2] Iters:[2120/20018] transplant_loss 31.9912, rec_loss 0.0670, p_loss 0.5132, quant_error 1.2679, utilization 0.0007, perplexity 35.2788,
Train Epoch: [1/2] Iters:[2130/20018] transplant_loss 31.9784, rec_loss 0.0661, p_loss 0.5126, quant_error 1.2592, utilization 0.0007, perplexity 35.3845,
Train Epoch: [1/2] Iters:[2140/20018] transplant_loss 31.8949, rec_loss 0.0660, p_loss 0.5129, quant_error 1.2625, utilization 0.0007, perplexity 35.4241,
Train Epoch: [1/2] Iters:[2150/20018] transplant_loss 32.1059, rec_loss 0.0656, p_loss 0.5121, quant_error 1.2605, utilization 0.0007, perplexity 35.4944,
Train Epoch: [1/2] Iters:[2160/20018] transplant_loss 32.0638, rec_loss 0.0650, p_loss 0.5115, quant_error 1.2584, utilization 0.0007, perplexity 35.6227,
Train Epoch: [1/2] Iters:[2170/20018] transplant_loss 32.1293, rec_loss 0.0648, p_loss 0.5102, quant_error 1.2544, utilization 0.0007, perplexity 35.5658,
Train Epoch: [1/2] Iters:[2180/20018] transplant_loss 32.2978, rec_loss 0.0651, p_loss 0.5085, quant_error 1.2519, utilization 0.0007, perplexity 35.5403,
Train Epoch: [1/2] Iters:[2190/20018] transplant_loss 32.0607, rec_loss 0.0646, p_loss 0.5061, quant_error 1.2431, utilization 0.0007, perplexity 35.5691,
Train Epoch: [1/2] Iters:[2200/20018] transplant_loss 31.9838, rec_loss 0.0649, p_loss 0.5058, quant_error 1.2431, utilization 0.0007, perplexity 35.6205,
Train Epoch: [1/2] Iters:[2210/20018] transplant_loss 31.9298, rec_loss 0.0639, p_loss 0.5037, quant_error 1.2383, utilization 0.0007, perplexity 35.6505,
Train Epoch: [1/2] Iters:[2220/20018] transplant_loss 32.1496, rec_loss 0.0637, p_loss 0.5032, quant_error 1.2417, utilization 0.0007, perplexity 35.7951,
Train Epoch: [1/2] Iters:[2230/20018] transplant_loss 31.9897, rec_loss 0.0633, p_loss 0.5042, quant_error 1.2387, utilization 0.0007, perplexity 35.9197,
Train Epoch: [1/2] Iters:[2240/20018] transplant_loss 31.7295, rec_loss 0.0636, p_loss 0.5043, quant_error 1.2342, utilization 0.0007, perplexity 35.9611,
Train Epoch: [1/2] Iters:[2250/20018] transplant_loss 31.5068, rec_loss 0.0631, p_loss 0.5043, quant_error 1.2280, utilization 0.0007, perplexity 36.0114,
Train Epoch: [1/2] Iters:[2260/20018] transplant_loss 31.6810, rec_loss 0.0641, p_loss 0.5057, quant_error 1.2281, utilization 0.0007, perplexity 36.0686,
Train Epoch: [1/2] Iters:[2270/20018] transplant_loss 31.4567, rec_loss 0.0638, p_loss 0.5054, quant_error 1.2210, utilization 0.0007, perplexity 36.0978,
Train Epoch: [1/2] Iters:[2280/20018] transplant_loss 31.3468, rec_loss 0.0641, p_loss 0.5042, quant_error 1.2213, utilization 0.0007, perplexity 36.1755,
Train Epoch: [1/2] Iters:[2290/20018] transplant_loss 31.4743, rec_loss 0.0640, p_loss 0.5032, quant_error 1.2216, utilization 0.0007, perplexity 36.2343,
Train Epoch: [1/2] Iters:[2300/20018] transplant_loss 31.7185, rec_loss 0.0639, p_loss 0.5021, quant_error 1.2192, utilization 0.0007, perplexity 36.1899,
Train Epoch: [1/2] Iters:[2310/20018] transplant_loss 31.2732, rec_loss 0.0630, p_loss 0.5002, quant_error 1.2162, utilization 0.0007, perplexity 36.1768,
Train Epoch: [1/2] Iters:[2320/20018] transplant_loss 31.5210, rec_loss 0.0632, p_loss 0.4976, quant_error 1.2161, utilization 0.0007, perplexity 36.2087,
Train Epoch: [1/2] Iters:[2330/20018] transplant_loss 31.7590, rec_loss 0.0628, p_loss 0.4973, quant_error 1.2102, utilization 0.0007, perplexity 36.1610,
Train Epoch: [1/2] Iters:[2340/20018] transplant_loss 31.7135, rec_loss 0.0624, p_loss 0.4953, quant_error 1.2067, utilization 0.0007, perplexity 36.1301,
Train Epoch: [1/2] Iters:[2350/20018] transplant_loss 31.6620, rec_loss 0.0620, p_loss 0.4952, quant_error 1.2035, utilization 0.0007, perplexity 36.3215,
Train Epoch: [1/2] Iters:[2360/20018] transplant_loss 31.6573, rec_loss 0.0627, p_loss 0.4952, quant_error 1.2003, utilization 0.0007, perplexity 36.3365,
Train Epoch: [1/2] Iters:[2370/20018] transplant_loss 31.1601, rec_loss 0.0632, p_loss 0.4974, quant_error 1.1951, utilization 0.0007, perplexity 36.3791,
Train Epoch: [1/2] Iters:[2380/20018] transplant_loss 30.8942, rec_loss 0.0633, p_loss 0.4970, quant_error 1.1977, utilization 0.0007, perplexity 36.4666,
Train Epoch: [1/2] Iters:[2390/20018] transplant_loss 31.1186, rec_loss 0.0633, p_loss 0.4974, quant_error 1.1962, utilization 0.0007, perplexity 36.5825,
Train Epoch: [1/2] Iters:[2400/20018] transplant_loss 30.7392, rec_loss 0.0628, p_loss 0.4951, quant_error 1.1914, utilization 0.0007, perplexity 36.4748,
Train Epoch: [1/2] Iters:[2410/20018] transplant_loss 30.8543, rec_loss 0.0623, p_loss 0.4952, quant_error 1.1887, utilization 0.0007, perplexity 36.6127,
Train Epoch: [1/2] Iters:[2420/20018] transplant_loss 31.0167, rec_loss 0.0621, p_loss 0.4950, quant_error 1.1931, utilization 0.0007, perplexity 36.6583,
Train Epoch: [1/2] Iters:[2430/20018] transplant_loss 31.3001, rec_loss 0.0640, p_loss 0.4952, quant_error 1.1972, utilization 0.0007, perplexity 36.6536,
Train Epoch: [1/2] Iters:[2440/20018] transplant_loss 31.3340, rec_loss 0.0648, p_loss 0.4955, quant_error 1.2000, utilization 0.0007, perplexity 36.6676,
Train Epoch: [1/2] Iters:[2450/20018] transplant_loss 31.4971, rec_loss 0.0655, p_loss 0.4970, quant_error 1.2073, utilization 0.0007, perplexity 36.6127,
Train Epoch: [1/2] Iters:[2460/20018] transplant_loss 31.3754, rec_loss 0.0653, p_loss 0.4954, quant_error 1.2033, utilization 0.0007, perplexity 36.6562,
Train Epoch: [1/2] Iters:[2470/20018] transplant_loss 30.9502, rec_loss 0.0648, p_loss 0.4937, quant_error 1.1931, utilization 0.0007, perplexity 36.7317,
Train Epoch: [1/2] Iters:[2480/20018] transplant_loss 30.8100, rec_loss 0.0631, p_loss 0.4938, quant_error 1.1857, utilization 0.0007, perplexity 36.8604,
Train Epoch: [1/2] Iters:[2490/20018] transplant_loss 30.6866, rec_loss 0.0621, p_loss 0.4940, quant_error 1.1832, utilization 0.0007, perplexity 36.8973,
Train Epoch: [1/2] Iters:[2500/20018] transplant_loss 30.5657, rec_loss 0.0626, p_loss 0.4926, quant_error 1.1804, utilization 0.0007, perplexity 37.0457,
Train Epoch: [1/2] Iters:[2510/20018] transplant_loss 30.7801, rec_loss 0.0636, p_loss 0.4942, quant_error 1.1861, utilization 0.0007, perplexity 37.0928,
Train Epoch: [1/2] Iters:[2520/20018] transplant_loss 31.2093, rec_loss 0.0633, p_loss 0.4947, quant_error 1.1911, utilization 0.0007, perplexity 37.0677,
Train Epoch: [1/2] Iters:[2530/20018] transplant_loss 31.0455, rec_loss 0.0628, p_loss 0.4928, quant_error 1.1846, utilization 0.0007, perplexity 37.0458,
Train Epoch: [1/2] Iters:[2540/20018] transplant_loss 30.6736, rec_loss 0.0630, p_loss 0.4931, quant_error 1.1827, utilization 0.0007, perplexity 37.0765,
Train Epoch: [1/2] Iters:[2550/20018] transplant_loss 30.9962, rec_loss 0.0625, p_loss 0.4937, quant_error 1.1811, utilization 0.0007, perplexity 37.1785,
Train Epoch: [1/2] Iters:[2560/20018] transplant_loss 30.6744, rec_loss 0.0618, p_loss 0.4923, quant_error 1.1742, utilization 0.0007, perplexity 37.1432,
Train Epoch: [1/2] Iters:[2570/20018] transplant_loss 30.6881, rec_loss 0.0620, p_loss 0.4904, quant_error 1.1681, utilization 0.0007, perplexity 37.2306,
Train Epoch: [1/2] Iters:[2580/20018] transplant_loss 30.6078, rec_loss 0.0618, p_loss 0.4896, quant_error 1.1665, utilization 0.0007, perplexity 37.3032,
Train Epoch: [1/2] Iters:[2590/20018] transplant_loss 30.8014, rec_loss 0.0616, p_loss 0.4889, quant_error 1.1641, utilization 0.0007, perplexity 37.3429,
Train Epoch: [1/2] Iters:[2600/20018] transplant_loss 30.5578, rec_loss 0.0614, p_loss 0.4881, quant_error 1.1630, utilization 0.0007, perplexity 37.3106,
Train Epoch: [1/2] Iters:[2610/20018] transplant_loss 30.6215, rec_loss 0.0610, p_loss 0.4866, quant_error 1.1586, utilization 0.0007, perplexity 37.3084,
Train Epoch: [1/2] Iters:[2620/20018] transplant_loss 30.3844, rec_loss 0.0606, p_loss 0.4866, quant_error 1.1573, utilization 0.0007, perplexity 37.3112,
Train Epoch: [1/2] Iters:[2630/20018] transplant_loss 30.6330, rec_loss 0.0610, p_loss 0.4860, quant_error 1.1611, utilization 0.0007, perplexity 37.3084,
Train Epoch: [1/2] Iters:[2640/20018] transplant_loss 30.7178, rec_loss 0.0611, p_loss 0.4854, quant_error 1.1575, utilization 0.0007, perplexity 37.3693,
Train Epoch: [1/2] Iters:[2650/20018] transplant_loss 30.7521, rec_loss 0.0616, p_loss 0.4852, quant_error 1.1582, utilization 0.0007, perplexity 37.4231,
Train Epoch: [1/2] Iters:[2660/20018] transplant_loss 30.7504, rec_loss 0.0624, p_loss 0.4864, quant_error 1.1624, utilization 0.0007, perplexity 37.4263,
Train Epoch: [1/2] Iters:[2670/20018] transplant_loss 30.9843, rec_loss 0.0627, p_loss 0.4866, quant_error 1.1611, utilization 0.0007, perplexity 37.4941,
Train Epoch: [1/2] Iters:[2680/20018] transplant_loss 30.8039, rec_loss 0.0626, p_loss 0.4865, quant_error 1.1592, utilization 0.0007, perplexity 37.5169,
Train Epoch: [1/2] Iters:[2690/20018] transplant_loss 30.8641, rec_loss 0.0629, p_loss 0.4863, quant_error 1.1658, utilization 0.0007, perplexity 37.5488,
Train Epoch: [1/2] Iters:[2700/20018] transplant_loss 30.6008, rec_loss 0.0620, p_loss 0.4851, quant_error 1.1567, utilization 0.0007, perplexity 37.5623,
Train Epoch: [1/2] Iters:[2710/20018] transplant_loss 30.5384, rec_loss 0.0613, p_loss 0.4838, quant_error 1.1473, utilization 0.0007, perplexity 37.6838,
Train Epoch: [1/2] Iters:[2720/20018] transplant_loss 30.5336, rec_loss 0.0614, p_loss 0.4819, quant_error 1.1446, utilization 0.0007, perplexity 37.6416,
Train Epoch: [1/2] Iters:[2730/20018] transplant_loss 30.4554, rec_loss 0.0616, p_loss 0.4825, quant_error 1.1439, utilization 0.0007, perplexity 37.7169,
Train Epoch: [1/2] Iters:[2740/20018] transplant_loss 30.3131, rec_loss 0.0623, p_loss 0.4827, quant_error 1.1434, utilization 0.0007, perplexity 37.6586,
Train Epoch: [1/2] Iters:[2750/20018] transplant_loss 30.4105, rec_loss 0.0638, p_loss 0.4850, quant_error 1.1499, utilization 0.0007, perplexity 37.6935,
Train Epoch: [1/2] Iters:[2760/20018] transplant_loss 30.3238, rec_loss 0.0643, p_loss 0.4859, quant_error 1.1545, utilization 0.0007, perplexity 37.7031,
Train Epoch: [1/2] Iters:[2770/20018] transplant_loss 30.0529, rec_loss 0.0632, p_loss 0.4841, quant_error 1.1497, utilization 0.0007, perplexity 37.7426,
Train Epoch: [1/2] Iters:[2780/20018] transplant_loss 29.9548, rec_loss 0.0632, p_loss 0.4837, quant_error 1.1459, utilization 0.0007, perplexity 37.6932,
Train Epoch: [1/2] Iters:[2790/20018] transplant_loss 29.6422, rec_loss 0.0617, p_loss 0.4811, quant_error 1.1396, utilization 0.0007, perplexity 37.6595,
Train Epoch: [1/2] Iters:[2800/20018] transplant_loss 29.4696, rec_loss 0.0609, p_loss 0.4785, quant_error 1.1328, utilization 0.0007, perplexity 37.6886,
Train Epoch: [1/2] Iters:[2810/20018] transplant_loss 29.4142, rec_loss 0.0607, p_loss 0.4766, quant_error 1.1305, utilization 0.0007, perplexity 37.6808,
Train Epoch: [1/2] Iters:[2820/20018] transplant_loss 29.3973, rec_loss 0.0615, p_loss 0.4789, quant_error 1.1336, utilization 0.0007, perplexity 37.7044,
Train Epoch: [1/2] Iters:[2830/20018] transplant_loss 29.3342, rec_loss 0.0614, p_loss 0.4784, quant_error 1.1324, utilization 0.0007, perplexity 37.7948,
Train Epoch: [1/2] Iters:[2840/20018] transplant_loss 29.4040, rec_loss 0.0628, p_loss 0.4800, quant_error 1.1302, utilization 0.0007, perplexity 37.9595,
Train Epoch: [1/2] Iters:[2850/20018] transplant_loss 29.3785, rec_loss 0.0630, p_loss 0.4780, quant_error 1.1321, utilization 0.0007, perplexity 37.9287,
Train Epoch: [1/2] Iters:[2860/20018] transplant_loss 29.4008, rec_loss 0.0629, p_loss 0.4784, quant_error 1.1292, utilization 0.0007, perplexity 37.9209,
Train Epoch: [1/2] Iters:[2870/20018] transplant_loss 29.1386, rec_loss 0.0632, p_loss 0.4801, quant_error 1.1304, utilization 0.0007, perplexity 37.9906,
Train Epoch: [1/2] Iters:[2880/20018] transplant_loss 29.3191, rec_loss 0.0627, p_loss 0.4790, quant_error 1.1291, utilization 0.0007, perplexity 37.9728,
Train Epoch: [1/2] Iters:[2890/20018] transplant_loss 29.3012, rec_loss 0.0622, p_loss 0.4787, quant_error 1.1303, utilization 0.0007, perplexity 38.0002,
Train Epoch: [1/2] Iters:[2900/20018] transplant_loss 29.3967, rec_loss 0.0616, p_loss 0.4795, quant_error 1.1251, utilization 0.0007, perplexity 38.0249,
Train Epoch: [1/2] Iters:[2910/20018] transplant_loss 29.3362, rec_loss 0.0619, p_loss 0.4793, quant_error 1.1292, utilization 0.0007, perplexity 38.1448,
Train Epoch: [1/2] Iters:[2920/20018] transplant_loss 29.0968, rec_loss 0.0624, p_loss 0.4789, quant_error 1.1275, utilization 0.0007, perplexity 38.1523,
Train Epoch: [1/2] Iters:[2930/20018] transplant_loss 29.1372, rec_loss 0.0628, p_loss 0.4790, quant_error 1.1280, utilization 0.0007, perplexity 38.1499,
Train Epoch: [1/2] Iters:[2940/20018] transplant_loss 29.0175, rec_loss 0.0616, p_loss 0.4782, quant_error 1.1206, utilization 0.0007, perplexity 38.1500,
Train Epoch: [1/2] Iters:[2950/20018] transplant_loss 28.9204, rec_loss 0.0621, p_loss 0.4786, quant_error 1.1212, utilization 0.0007, perplexity 38.2267,
Train Epoch: [1/2] Iters:[2960/20018] transplant_loss 28.8791, rec_loss 0.0620, p_loss 0.4775, quant_error 1.1167, utilization 0.0007, perplexity 38.1936,
Train Epoch: [1/2] Iters:[2970/20018] transplant_loss 29.0145, rec_loss 0.0611, p_loss 0.4754, quant_error 1.1147, utilization 0.0007, perplexity 38.2103,
Train Epoch: [1/2] Iters:[2980/20018] transplant_loss 28.8160, rec_loss 0.0615, p_loss 0.4760, quant_error 1.1152, utilization 0.0007, perplexity 38.2758,
Train Epoch: [1/2] Iters:[2990/20018] transplant_loss 28.8208, rec_loss 0.0622, p_loss 0.4752, quant_error 1.1187, utilization 0.0007, perplexity 38.2473,
Train Epoch: [1/2] Iters:[3000/20018] transplant_loss 28.6219, rec_loss 0.0621, p_loss 0.4739, quant_error 1.1177, utilization 0.0007, perplexity 38.2276,
Train Epoch: [1/2] Iters:[3010/20018] transplant_loss 28.7626, rec_loss 0.0621, p_loss 0.4744, quant_error 1.1199, utilization 0.0007, perplexity 38.2574,
Train Epoch: [1/2] Iters:[3020/20018] transplant_loss 28.8116, rec_loss 0.0627, p_loss 0.4741, quant_error 1.1189, utilization 0.0007, perplexity 38.2324,
Train Epoch: [1/2] Iters:[3030/20018] transplant_loss 28.7200, rec_loss 0.0623, p_loss 0.4739, quant_error 1.1158, utilization 0.0007, perplexity 38.2749,
Train Epoch: [1/2] Iters:[3040/20018] transplant_loss 28.6359, rec_loss 0.0627, p_loss 0.4742, quant_error 1.1129, utilization 0.0007, perplexity 38.2914,
Train Epoch: [1/2] Iters:[3050/20018] transplant_loss 28.8430, rec_loss 0.0636, p_loss 0.4764, quant_error 1.1161, utilization 0.0007, perplexity 38.3641,
Train Epoch: [1/2] Iters:[3060/20018] transplant_loss 28.6100, rec_loss 0.0635, p_loss 0.4760, quant_error 1.1115, utilization 0.0007, perplexity 38.4112,
Train Epoch: [1/2] Iters:[3070/20018] transplant_loss 28.5600, rec_loss 0.0624, p_loss 0.4761, quant_error 1.1085, utilization 0.0007, perplexity 38.4801,
Train Epoch: [1/2] Iters:[3080/20018] transplant_loss 28.5947, rec_loss 0.0620, p_loss 0.4758, quant_error 1.1080, utilization 0.0007, perplexity 38.4524,
Train Epoch: [1/2] Iters:[3090/20018] transplant_loss 28.3225, rec_loss 0.0621, p_loss 0.4766, quant_error 1.1074, utilization 0.0007, perplexity 38.5717,
Train Epoch: [1/2] Iters:[3100/20018] transplant_loss 27.9588, rec_loss 0.0609, p_loss 0.4740, quant_error 1.1021, utilization 0.0007, perplexity 38.5235,
Train Epoch: [1/2] Iters:[3110/20018] transplant_loss 27.9448, rec_loss 0.0607, p_loss 0.4734, quant_error 1.1033, utilization 0.0007, perplexity 38.5348,
Train Epoch: [1/2] Iters:[3120/20018] transplant_loss 27.9463, rec_loss 0.0608, p_loss 0.4723, quant_error 1.1025, utilization 0.0007, perplexity 38.5002,
Train Epoch: [1/2] Iters:[3130/20018] transplant_loss 27.7239, rec_loss 0.0603, p_loss 0.4691, quant_error 1.0948, utilization 0.0007, perplexity 38.5068,
Train Epoch: [1/2] Iters:[3140/20018] transplant_loss 27.8548, rec_loss 0.0605, p_loss 0.4674, quant_error 1.0996, utilization 0.0007, perplexity 38.4789,
Train Epoch: [1/2] Iters:[3150/20018] transplant_loss 27.9393, rec_loss 0.0611, p_loss 0.4693, quant_error 1.1025, utilization 0.0007, perplexity 38.5311,
Train Epoch: [1/2] Iters:[3160/20018] transplant_loss 27.8302, rec_loss 0.0610, p_loss 0.4683, quant_error 1.0973, utilization 0.0007, perplexity 38.5017,
Train Epoch: [1/2] Iters:[3170/20018] transplant_loss 27.6718, rec_loss 0.0613, p_loss 0.4688, quant_error 1.0980, utilization 0.0007, perplexity 38.5190,
Train Epoch: [1/2] Iters:[3180/20018] transplant_loss 27.7074, rec_loss 0.0613, p_loss 0.4701, quant_error 1.1005, utilization 0.0007, perplexity 38.4607,
Train Epoch: [1/2] Iters:[3190/20018] transplant_loss 27.5580, rec_loss 0.0605, p_loss 0.4714, quant_error 1.0913, utilization 0.0007, perplexity 38.4960,
Train Epoch: [1/2] Iters:[3200/20018] transplant_loss 27.4893, rec_loss 0.0605, p_loss 0.4707, quant_error 1.0925, utilization 0.0007, perplexity 38.5559,
Train Epoch: [1/2] Iters:[3210/20018] transplant_loss 27.4038, rec_loss 0.0607, p_loss 0.4732, quant_error 1.0948, utilization 0.0007, perplexity 38.5897,
Train Epoch: [1/2] Iters:[3220/20018] transplant_loss 27.5046, rec_loss 0.0612, p_loss 0.4725, quant_error 1.0958, utilization 0.0007, perplexity 38.6241,
Train Epoch: [1/2] Iters:[3230/20018] transplant_loss 27.2789, rec_loss 0.0612, p_loss 0.4718, quant_error 1.0907, utilization 0.0007, perplexity 38.6965,
Train Epoch: [1/2] Iters:[3240/20018] transplant_loss 27.2760, rec_loss 0.0613, p_loss 0.4713, quant_error 1.0906, utilization 0.0007, perplexity 38.7251,
Train Epoch: [1/2] Iters:[3250/20018] transplant_loss 27.0662, rec_loss 0.0606, p_loss 0.4694, quant_error 1.0831, utilization 0.0007, perplexity 38.7172,
Train Epoch: [1/2] Iters:[3260/20018] transplant_loss 27.0368, rec_loss 0.0609, p_loss 0.4681, quant_error 1.0822, utilization 0.0007, perplexity 38.6534,
Train Epoch: [1/2] Iters:[3270/20018] transplant_loss 26.6308, rec_loss 0.0605, p_loss 0.4667, quant_error 1.0782, utilization 0.0007, perplexity 38.6492,
Train Epoch: [1/2] Iters:[3280/20018] transplant_loss 26.7058, rec_loss 0.0613, p_loss 0.4676, quant_error 1.0790, utilization 0.0007, perplexity 38.7503,
Train Epoch: [1/2] Iters:[3290/20018] transplant_loss 26.8259, rec_loss 0.0606, p_loss 0.4645, quant_error 1.0775, utilization 0.0007, perplexity 38.7329,
Train Epoch: [1/2] Iters:[3300/20018] transplant_loss 26.7799, rec_loss 0.0603, p_loss 0.4656, quant_error 1.0747, utilization 0.0007, perplexity 38.7474,
Train Epoch: [1/2] Iters:[3310/20018] transplant_loss 26.7365, rec_loss 0.0601, p_loss 0.4636, quant_error 1.0757, utilization 0.0007, perplexity 38.8183,
Train Epoch: [1/2] Iters:[3320/20018] transplant_loss 27.0712, rec_loss 0.0601, p_loss 0.4634, quant_error 1.0765, utilization 0.0007, perplexity 38.7578,
Train Epoch: [1/2] Iters:[3330/20018] transplant_loss 27.2033, rec_loss 0.0602, p_loss 0.4639, quant_error 1.0834, utilization 0.0007, perplexity 38.6793,
Train Epoch: [1/2] Iters:[3340/20018] transplant_loss 27.0391, rec_loss 0.0611, p_loss 0.4657, quant_error 1.0869, utilization 0.0007, perplexity 38.6506,
Train Epoch: [1/2] Iters:[3350/20018] transplant_loss 27.1367, rec_loss 0.0616, p_loss 0.4652, quant_error 1.0875, utilization 0.0007, perplexity 38.6710,
Train Epoch: [1/2] Iters:[3360/20018] transplant_loss 26.9111, rec_loss 0.0607, p_loss 0.4646, quant_error 1.0779, utilization 0.0007, perplexity 38.7290,
Train Epoch: [1/2] Iters:[3370/20018] transplant_loss 26.7326, rec_loss 0.0608, p_loss 0.4651, quant_error 1.0759, utilization 0.0007, perplexity 38.8130,
Train Epoch: [1/2] Iters:[3380/20018] transplant_loss 26.5421, rec_loss 0.0607, p_loss 0.4634, quant_error 1.0720, utilization 0.0007, perplexity 38.8146,
Train Epoch: [1/2] Iters:[3390/20018] transplant_loss 26.4706, rec_loss 0.0597, p_loss 0.4625, quant_error 1.0644, utilization 0.0007, perplexity 38.8337,
Train Epoch: [1/2] Iters:[3400/20018] transplant_loss 26.3530, rec_loss 0.0593, p_loss 0.4621, quant_error 1.0644, utilization 0.0007, perplexity 38.8210,
Train Epoch: [1/2] Iters:[3410/20018] transplant_loss 26.6985, rec_loss 0.0601, p_loss 0.4633, quant_error 1.0709, utilization 0.0007, perplexity 38.8685,
Train Epoch: [1/2] Iters:[3420/20018] transplant_loss 26.5427, rec_loss 0.0601, p_loss 0.4656, quant_error 1.0746, utilization 0.0007, perplexity 38.8683,
Train Epoch: [1/2] Iters:[3430/20018] transplant_loss 26.3261, rec_loss 0.0606, p_loss 0.4651, quant_error 1.0781, utilization 0.0007, perplexity 38.8985,
Train Epoch: [1/2] Iters:[3440/20018] transplant_loss 26.3744, rec_loss 0.0614, p_loss 0.4662, quant_error 1.0799, utilization 0.0007, perplexity 38.9468,
Train Epoch: [1/2] Iters:[3450/20018] transplant_loss 26.3561, rec_loss 0.0617, p_loss 0.4669, quant_error 1.0792, utilization 0.0007, perplexity 38.9253,
Train Epoch: [1/2] Iters:[3460/20018] transplant_loss 26.2574, rec_loss 0.0619, p_loss 0.4668, quant_error 1.0839, utilization 0.0007, perplexity 38.8419,
Train Epoch: [1/2] Iters:[3470/20018] transplant_loss 26.4101, rec_loss 0.0631, p_loss 0.4654, quant_error 1.0842, utilization 0.0007, perplexity 38.9110,
Train Epoch: [1/2] Iters:[3480/20018] transplant_loss 26.6528, rec_loss 0.0627, p_loss 0.4665, quant_error 1.0822, utilization 0.0007, perplexity 38.9589,
Train Epoch: [1/2] Iters:[3490/20018] transplant_loss 26.4251, rec_loss 0.0622, p_loss 0.4650, quant_error 1.0792, utilization 0.0007, perplexity 39.0065,
Train Epoch: [1/2] Iters:[3500/20018] transplant_loss 26.4745, rec_loss 0.0615, p_loss 0.4636, quant_error 1.0789, utilization 0.0007, perplexity 39.1125,
Train Epoch: [1/2] Iters:[3510/20018] transplant_loss 26.1132, rec_loss 0.0616, p_loss 0.4638, quant_error 1.0718, utilization 0.0007, perplexity 39.1167,
Train Epoch: [1/2] Iters:[3520/20018] transplant_loss 25.9247, rec_loss 0.0599, p_loss 0.4631, quant_error 1.0638, utilization 0.0007, perplexity 39.1475,
Train Epoch: [1/2] Iters:[3530/20018] transplant_loss 25.5845, rec_loss 0.0600, p_loss 0.4626, quant_error 1.0577, utilization 0.0007, perplexity 39.2344,
Train Epoch: [1/2] Iters:[3540/20018] transplant_loss 25.6838, rec_loss 0.0604, p_loss 0.4627, quant_error 1.0612, utilization 0.0007, perplexity 39.1930,
Train Epoch: [1/2] Iters:[3550/20018] transplant_loss 25.2691, rec_loss 0.0607, p_loss 0.4630, quant_error 1.0571, utilization 0.0007, perplexity 39.2049,
Train Epoch: [1/2] Iters:[3560/20018] transplant_loss 25.2005, rec_loss 0.0600, p_loss 0.4618, quant_error 1.0543, utilization 0.0007, perplexity 39.2901,
Train Epoch: [1/2] Iters:[3570/20018] transplant_loss 24.9426, rec_loss 0.0601, p_loss 0.4612, quant_error 1.0506, utilization 0.0007, perplexity 39.2962,
Train Epoch: [1/2] Iters:[3580/20018] transplant_loss 25.0083, rec_loss 0.0606, p_loss 0.4623, quant_error 1.0541, utilization 0.0007, perplexity 39.2466,
Train Epoch: [1/2] Iters:[3590/20018] transplant_loss 24.7266, rec_loss 0.0603, p_loss 0.4626, quant_error 1.0524, utilization 0.0007, perplexity 39.3188,
Train Epoch: [1/2] Iters:[3600/20018] transplant_loss 24.8038, rec_loss 0.0602, p_loss 0.4620, quant_error 1.0542, utilization 0.0007, perplexity 39.2762,
Train Epoch: [1/2] Iters:[3610/20018] transplant_loss 24.9016, rec_loss 0.0606, p_loss 0.4616, quant_error 1.0540, utilization 0.0007, perplexity 39.3187,
Train Epoch: [1/2] Iters:[3620/20018] transplant_loss 24.9999, rec_loss 0.0604, p_loss 0.4612, quant_error 1.0581, utilization 0.0007, perplexity 39.2427,
Train Epoch: [1/2] Iters:[3630/20018] transplant_loss 24.9143, rec_loss 0.0592, p_loss 0.4586, quant_error 1.0520, utilization 0.0007, perplexity 39.1985,
Train Epoch: [1/2] Iters:[3640/20018] transplant_loss 24.9157, rec_loss 0.0594, p_loss 0.4585, quant_error 1.0517, utilization 0.0007, perplexity 39.2113,
Train Epoch: [1/2] Iters:[3650/20018] transplant_loss 24.7470, rec_loss 0.0594, p_loss 0.4597, quant_error 1.0481, utilization 0.0007, perplexity 39.2039,
Train Epoch: [1/2] Iters:[3660/20018] transplant_loss 24.5473, rec_loss 0.0598, p_loss 0.4601, quant_error 1.0500, utilization 0.0007, perplexity 39.1644,
Train Epoch: [1/2] Iters:[3670/20018] transplant_loss 24.3794, rec_loss 0.0599, p_loss 0.4605, quant_error 1.0492, utilization 0.0007, perplexity 39.2331,
Train Epoch: [1/2] Iters:[3680/20018] transplant_loss 24.2389, rec_loss 0.0604, p_loss 0.4625, quant_error 1.0509, utilization 0.0007, perplexity 39.3403,
Train Epoch: [1/2] Iters:[3690/20018] transplant_loss 24.2450, rec_loss 0.0607, p_loss 0.4639, quant_error 1.0564, utilization 0.0007, perplexity 39.2986,
Train Epoch: [1/2] Iters:[3700/20018] transplant_loss 24.3101, rec_loss 0.0611, p_loss 0.4638, quant_error 1.0587, utilization 0.0007, perplexity 39.3498,
Train Epoch: [1/2] Iters:[3710/20018] transplant_loss 24.2193, rec_loss 0.0598, p_loss 0.4624, quant_error 1.0574, utilization 0.0007, perplexity 39.2952,
