dataset_dir: /projects/yuanai/data/
dataset_name: ImageNet
global_batch_size: 64
workers: 6
resolution: 256
channels: 3
ms_patch_size: 1_2_3_4_5_6_8_10_13_16
importance: (1, 1, 1, 2, 2, 2, 3, 3, 5, 5)
max_patch_size: 16
codebook_size: 32768
codebook_dim: 8
project_dim: 16
pq: 1
L: 4
alpha: 1.0
beta: 1.0
gamma: 0.0
disc_weight: 0.4
lecam_loss_weight: 0.001
disc_cr_loss_weight: 4.0
VQ: vanilla_vq
use_multiscale: False
transplant_epochs: 2
refinement_epochs: 5
eval_epochs: 1
disc_epoch: 1
lr_transplant: 0.0001
lr_refinement: 1e-05
dropout: 0.0
seed: 3407
weight_decay: 1e-05
stage: transplant
path: bc
checkpoint_dir: /projects/yuanai/projects/VQ-Transplant2/checkpoint/Transplant/ImageNet
results_dir: /projects/yuanai/projects/VQ-Transplant2/results/Transplant/ImageNet
saver_dir: /projects/yuanai/projects/VQ-Transplant2/saver/Transplant/ImageNet
reconstruction_dir: /projects/yuanai/projects/VQ-Transplant2/reconstruction/Transplant/ImageNet
yaml_dir: /projects/yuanai/projects/VQ-Transplant2/yaml/Transplant/ImageNet
pretrained_tokenizer: /projects/yuanai/projects/VQ-Transplant2/pretrained_tokenizer/model.ckpt
checkpoint_name: 
nnodes: -1
node_rank: -1
local_rank: 0
dist_url: tcp://224.66.41.62:23456
dist_backend: nccl
world_size: 2
batch_size: 32
ms_token_size: (1, 2, 3, 4, 5, 6, 8, 10, 13, 16)
init_checkpoint_dir: /projects/yuanai/projects/VQ-Transplant2/checkpoint/
data_pre: ImageNet
model_pre: model_32768_8_1
loss_pre: loss_1.0_1.0_0.0_0.4
training_pre: vanilla_vq_transplant_False
saver_name_pre: vanilla_vq_transplant_False_ImageNet_model_32768_8_1_loss_1.0_1.0_0.0_0.4
| distributed init (rank 1): env://
| distributed init (rank 0): env://
making attention of type 'vanilla' with 512 in_channels
making attention of type 'vanilla' with 512 in_channels
making attention of type 'vanilla' with 512 in_channels
Working with z of shape (1, 16, 16, 16) = 4096 dimensions.
making attention of type 'vanilla' with 512 in_channels
making attention of type 'vanilla' with 512 in_channels
making attention of type 'vanilla' with 512 in_channels
making attention of type 'vanilla' with 512 in_channels
loaded pretrained LPIPS loss from /projects/yuanai/projects/VQ-Transplant2/code/models/cache/vgg.pth
VQ Model Parameters: 69609635
dataset name: ImageNet
len train_set: 1281167
len val_set: 50000
Start training...
epoch:1, cur_lr:0.000100
Train Epoch: [1/2] Iters:[10/20018] transplant_loss 19.3445, rec_loss 0.3130, p_loss 0.7348, quant_error 4.0429, utilization 0.0166, perplexity 204.4350,
Train Epoch: [1/2] Iters:[20/20018] transplant_loss 22.1468, rec_loss 0.3217, p_loss 0.7293, quant_error 3.9225, utilization 0.0126, perplexity 150.7290,
Train Epoch: [1/2] Iters:[30/20018] transplant_loss 23.3646, rec_loss 0.3123, p_loss 0.7220, quant_error 3.8270, utilization 0.0109, perplexity 128.7840,
Train Epoch: [1/2] Iters:[40/20018] transplant_loss 22.9573, rec_loss 0.3116, p_loss 0.7155, quant_error 3.7811, utilization 0.0097, perplexity 113.1669,
Train Epoch: [1/2] Iters:[50/20018] transplant_loss 25.5522, rec_loss 0.3094, p_loss 0.7110, quant_error 3.7377, utilization 0.0089, perplexity 98.4068,
Train Epoch: [1/2] Iters:[60/20018] transplant_loss 37.4833, rec_loss 0.3078, p_loss 0.7029, quant_error 3.6586, utilization 0.0065, perplexity 61.4124,
Train Epoch: [1/2] Iters:[70/20018] transplant_loss 69.6570, rec_loss 0.2993, p_loss 0.6966, quant_error 3.6240, utilization 0.0057, perplexity 44.0098,
Train Epoch: [1/2] Iters:[80/20018] transplant_loss 139.0154, rec_loss 0.2869, p_loss 0.6932, quant_error 3.5688, utilization 0.0051, perplexity 28.2717,
Train Epoch: [1/2] Iters:[90/20018] transplant_loss 236.1122, rec_loss 0.2667, p_loss 0.6934, quant_error 3.4811, utilization 0.0046, perplexity 16.0687,
Train Epoch: [1/2] Iters:[100/20018] transplant_loss 291.1924, rec_loss 0.2444, p_loss 0.6928, quant_error 3.3868, utilization 0.0044, perplexity 9.3760,
Train Epoch: [1/2] Iters:[110/20018] transplant_loss 368.3350, rec_loss 0.2208, p_loss 0.6917, quant_error 3.2700, utilization 0.0042, perplexity 6.7386,
Train Epoch: [1/2] Iters:[120/20018] transplant_loss 400.8170, rec_loss 0.1992, p_loss 0.6917, quant_error 3.1640, utilization 0.0042, perplexity 6.3797,
Train Epoch: [1/2] Iters:[130/20018] transplant_loss 403.0343, rec_loss 0.1872, p_loss 0.6920, quant_error 3.0870, utilization 0.0042, perplexity 7.0143,
Train Epoch: [1/2] Iters:[140/20018] transplant_loss 395.1795, rec_loss 0.1763, p_loss 0.6904, quant_error 3.0328, utilization 0.0041, perplexity 7.9315,
Train Epoch: [1/2] Iters:[150/20018] transplant_loss 425.7655, rec_loss 0.1707, p_loss 0.6912, quant_error 2.9969, utilization 0.0041, perplexity 8.9837,
Train Epoch: [1/2] Iters:[160/20018] transplant_loss 414.2914, rec_loss 0.1633, p_loss 0.6904, quant_error 2.9573, utilization 0.0040, perplexity 9.5507,
Train Epoch: [1/2] Iters:[170/20018] transplant_loss 444.6035, rec_loss 0.1567, p_loss 0.6898, quant_error 2.9028, utilization 0.0038, perplexity 9.4892,
Train Epoch: [1/2] Iters:[180/20018] transplant_loss 495.0589, rec_loss 0.1536, p_loss 0.6886, quant_error 2.8927, utilization 0.0036, perplexity 9.4441,
Train Epoch: [1/2] Iters:[190/20018] transplant_loss 489.5004, rec_loss 0.1513, p_loss 0.6881, quant_error 2.8723, utilization 0.0033, perplexity 9.2826,
Train Epoch: [1/2] Iters:[200/20018] transplant_loss 519.7082, rec_loss 0.1471, p_loss 0.6862, quant_error 2.8409, utilization 0.0030, perplexity 8.7751,
Train Epoch: [1/2] Iters:[210/20018] transplant_loss 543.3884, rec_loss 0.1456, p_loss 0.6880, quant_error 2.8449, utilization 0.0027, perplexity 8.7945,
Train Epoch: [1/2] Iters:[220/20018] transplant_loss 505.6487, rec_loss 0.1445, p_loss 0.6876, quant_error 2.8407, utilization 0.0025, perplexity 9.1766,
Train Epoch: [1/2] Iters:[230/20018] transplant_loss 469.9340, rec_loss 0.1422, p_loss 0.6875, quant_error 2.8115, utilization 0.0022, perplexity 8.9595,
Train Epoch: [1/2] Iters:[240/20018] transplant_loss 554.7745, rec_loss 0.1440, p_loss 0.6872, quant_error 2.8082, utilization 0.0020, perplexity 8.7299,
Train Epoch: [1/2] Iters:[250/20018] transplant_loss 698.7726, rec_loss 0.1472, p_loss 0.6883, quant_error 2.8335, utilization 0.0018, perplexity 8.0923,
Train Epoch: [1/2] Iters:[260/20018] transplant_loss 920.9415, rec_loss 0.1553, p_loss 0.6872, quant_error 2.8558, utilization 0.0017, perplexity 7.5162,
Train Epoch: [1/2] Iters:[270/20018] transplant_loss 1045.0273, rec_loss 0.1636, p_loss 0.6898, quant_error 2.9105, utilization 0.0016, perplexity 6.6451,
Train Epoch: [1/2] Iters:[280/20018] transplant_loss 1072.0266, rec_loss 0.1654, p_loss 0.6893, quant_error 2.9210, utilization 0.0015, perplexity 6.1919,
Train Epoch: [1/2] Iters:[290/20018] transplant_loss 981.2588, rec_loss 0.1637, p_loss 0.6895, quant_error 2.9285, utilization 0.0015, perplexity 5.9048,
Train Epoch: [1/2] Iters:[300/20018] transplant_loss 727.3795, rec_loss 0.1623, p_loss 0.6865, quant_error 2.9003, utilization 0.0015, perplexity 6.1139,
Train Epoch: [1/2] Iters:[310/20018] transplant_loss 404.1058, rec_loss 0.1491, p_loss 0.6833, quant_error 2.8134, utilization 0.0014, perplexity 6.3210,
Train Epoch: [1/2] Iters:[320/20018] transplant_loss 223.2598, rec_loss 0.1356, p_loss 0.6785, quant_error 2.7199, utilization 0.0014, perplexity 6.7032,
Train Epoch: [1/2] Iters:[330/20018] transplant_loss 144.7433, rec_loss 0.1314, p_loss 0.6781, quant_error 2.6928, utilization 0.0014, perplexity 6.5281,
Train Epoch: [1/2] Iters:[340/20018] transplant_loss 322.5306, rec_loss 0.1320, p_loss 0.6787, quant_error 2.6976, utilization 0.0014, perplexity 5.9235,
Train Epoch: [1/2] Iters:[350/20018] transplant_loss 716.5652, rec_loss 0.1317, p_loss 0.6788, quant_error 2.6980, utilization 0.0014, perplexity 5.4564,
Train Epoch: [1/2] Iters:[360/20018] transplant_loss 997.8867, rec_loss 0.1363, p_loss 0.6780, quant_error 2.7179, utilization 0.0013, perplexity 5.0419,
Train Epoch: [1/2] Iters:[370/20018] transplant_loss 1106.7130, rec_loss 0.1418, p_loss 0.6751, quant_error 2.7227, utilization 0.0013, perplexity 4.8699,
Train Epoch: [1/2] Iters:[380/20018] transplant_loss 1088.7907, rec_loss 0.1442, p_loss 0.6706, quant_error 2.7000, utilization 0.0013, perplexity 5.3879,
Train Epoch: [1/2] Iters:[390/20018] transplant_loss 842.9662, rec_loss 0.1368, p_loss 0.6641, quant_error 2.6119, utilization 0.0012, perplexity 6.0189,
Train Epoch: [1/2] Iters:[400/20018] transplant_loss 462.9198, rec_loss 0.1281, p_loss 0.6593, quant_error 2.5476, utilization 0.0012, perplexity 6.2581,
Train Epoch: [1/2] Iters:[410/20018] transplant_loss 207.6331, rec_loss 0.1198, p_loss 0.6548, quant_error 2.4842, utilization 0.0012, perplexity 6.3121,
Train Epoch: [1/2] Iters:[420/20018] transplant_loss 175.9649, rec_loss 0.1111, p_loss 0.6532, quant_error 2.4429, utilization 0.0012, perplexity 6.4589,
Train Epoch: [1/2] Iters:[430/20018] transplant_loss 275.4855, rec_loss 0.1056, p_loss 0.6523, quant_error 2.4190, utilization 0.0012, perplexity 6.4579,
Train Epoch: [1/2] Iters:[440/20018] transplant_loss 329.4997, rec_loss 0.1064, p_loss 0.6510, quant_error 2.4171, utilization 0.0012, perplexity 6.5755,
Train Epoch: [1/2] Iters:[450/20018] transplant_loss 315.6230, rec_loss 0.1069, p_loss 0.6492, quant_error 2.4027, utilization 0.0012, perplexity 7.2003,
Train Epoch: [1/2] Iters:[460/20018] transplant_loss 294.2236, rec_loss 0.1074, p_loss 0.6488, quant_error 2.4010, utilization 0.0012, perplexity 7.8316,
Train Epoch: [1/2] Iters:[470/20018] transplant_loss 227.7355, rec_loss 0.1062, p_loss 0.6471, quant_error 2.3690, utilization 0.0012, perplexity 7.7534,
Train Epoch: [1/2] Iters:[480/20018] transplant_loss 193.2199, rec_loss 0.1031, p_loss 0.6460, quant_error 2.3473, utilization 0.0012, perplexity 7.5306,
Train Epoch: [1/2] Iters:[490/20018] transplant_loss 205.7492, rec_loss 0.0997, p_loss 0.6439, quant_error 2.3219, utilization 0.0012, perplexity 7.7312,
Train Epoch: [1/2] Iters:[500/20018] transplant_loss 205.4649, rec_loss 0.0986, p_loss 0.6419, quant_error 2.3017, utilization 0.0012, perplexity 7.8715,
Train Epoch: [1/2] Iters:[510/20018] transplant_loss 204.7549, rec_loss 0.0979, p_loss 0.6392, quant_error 2.2752, utilization 0.0011, perplexity 7.9796,
Train Epoch: [1/2] Iters:[520/20018] transplant_loss 197.4817, rec_loss 0.0981, p_loss 0.6353, quant_error 2.2526, utilization 0.0011, perplexity 8.6963,
Train Epoch: [1/2] Iters:[530/20018] transplant_loss 122.3120, rec_loss 0.0966, p_loss 0.6315, quant_error 2.2110, utilization 0.0011, perplexity 9.5578,
Train Epoch: [1/2] Iters:[540/20018] transplant_loss 70.1477, rec_loss 0.0957, p_loss 0.6297, quant_error 2.1853, utilization 0.0012, perplexity 9.5712,
Train Epoch: [1/2] Iters:[550/20018] transplant_loss 121.7007, rec_loss 0.0954, p_loss 0.6290, quant_error 2.1703, utilization 0.0012, perplexity 9.2814,
Train Epoch: [1/2] Iters:[560/20018] transplant_loss 147.6667, rec_loss 0.0948, p_loss 0.6280, quant_error 2.1497, utilization 0.0012, perplexity 9.3679,
Train Epoch: [1/2] Iters:[570/20018] transplant_loss 152.9066, rec_loss 0.0946, p_loss 0.6250, quant_error 2.1248, utilization 0.0012, perplexity 9.5676,
Train Epoch: [1/2] Iters:[580/20018] transplant_loss 152.4094, rec_loss 0.0960, p_loss 0.6227, quant_error 2.1149, utilization 0.0012, perplexity 9.8408,
Train Epoch: [1/2] Iters:[590/20018] transplant_loss 143.2052, rec_loss 0.0966, p_loss 0.6188, quant_error 2.0904, utilization 0.0012, perplexity 10.7682,
Train Epoch: [1/2] Iters:[600/20018] transplant_loss 104.5497, rec_loss 0.0946, p_loss 0.6153, quant_error 2.0598, utilization 0.0012, perplexity 11.5862,
Train Epoch: [1/2] Iters:[610/20018] transplant_loss 93.6486, rec_loss 0.0934, p_loss 0.6125, quant_error 2.0406, utilization 0.0012, perplexity 11.9954,
Train Epoch: [1/2] Iters:[620/20018] transplant_loss 92.5811, rec_loss 0.0923, p_loss 0.6117, quant_error 2.0307, utilization 0.0012, perplexity 12.2058,
Train Epoch: [1/2] Iters:[630/20018] transplant_loss 91.6726, rec_loss 0.0897, p_loss 0.6095, quant_error 2.0072, utilization 0.0013, perplexity 12.7293,
Train Epoch: [1/2] Iters:[640/20018] transplant_loss 90.4136, rec_loss 0.0878, p_loss 0.6089, quant_error 1.9898, utilization 0.0013, perplexity 13.1541,
Train Epoch: [1/2] Iters:[650/20018] transplant_loss 94.2755, rec_loss 0.0878, p_loss 0.6083, quant_error 1.9799, utilization 0.0013, perplexity 13.7314,
Train Epoch: [1/2] Iters:[660/20018] transplant_loss 101.1601, rec_loss 0.0868, p_loss 0.6072, quant_error 1.9698, utilization 0.0013, perplexity 14.2797,
Train Epoch: [1/2] Iters:[670/20018] transplant_loss 101.8401, rec_loss 0.0862, p_loss 0.6066, quant_error 1.9568, utilization 0.0013, perplexity 14.6040,
Train Epoch: [1/2] Iters:[680/20018] transplant_loss 104.2014, rec_loss 0.0863, p_loss 0.6064, quant_error 1.9468, utilization 0.0013, perplexity 14.5180,
Train Epoch: [1/2] Iters:[690/20018] transplant_loss 105.3344, rec_loss 0.0857, p_loss 0.6052, quant_error 1.9315, utilization 0.0013, perplexity 14.5476,
Train Epoch: [1/2] Iters:[700/20018] transplant_loss 105.5620, rec_loss 0.0855, p_loss 0.6037, quant_error 1.9225, utilization 0.0013, perplexity 14.7867,
Train Epoch: [1/2] Iters:[710/20018] transplant_loss 93.2368, rec_loss 0.0858, p_loss 0.6021, quant_error 1.9072, utilization 0.0013, perplexity 15.0711,
Train Epoch: [1/2] Iters:[720/20018] transplant_loss 93.1742, rec_loss 0.0850, p_loss 0.6003, quant_error 1.8924, utilization 0.0013, perplexity 15.5172,
Train Epoch: [1/2] Iters:[730/20018] transplant_loss 99.2321, rec_loss 0.0840, p_loss 0.5990, quant_error 1.8784, utilization 0.0013, perplexity 15.7228,
Train Epoch: [1/2] Iters:[740/20018] transplant_loss 103.1871, rec_loss 0.0850, p_loss 0.5992, quant_error 1.8810, utilization 0.0013, perplexity 15.8016,
Train Epoch: [1/2] Iters:[750/20018] transplant_loss 95.9770, rec_loss 0.0839, p_loss 0.5973, quant_error 1.8670, utilization 0.0013, perplexity 15.9687,
Train Epoch: [1/2] Iters:[760/20018] transplant_loss 90.2357, rec_loss 0.0832, p_loss 0.5978, quant_error 1.8580, utilization 0.0013, perplexity 16.2409,
Train Epoch: [1/2] Iters:[770/20018] transplant_loss 89.9886, rec_loss 0.0828, p_loss 0.5972, quant_error 1.8518, utilization 0.0013, perplexity 16.3373,
Train Epoch: [1/2] Iters:[780/20018] transplant_loss 90.1712, rec_loss 0.0825, p_loss 0.5972, quant_error 1.8492, utilization 0.0013, perplexity 16.7506,
Train Epoch: [1/2] Iters:[790/20018] transplant_loss 93.6528, rec_loss 0.0816, p_loss 0.5960, quant_error 1.8363, utilization 0.0013, perplexity 17.0681,
Train Epoch: [1/2] Iters:[800/20018] transplant_loss 84.5369, rec_loss 0.0816, p_loss 0.5968, quant_error 1.8217, utilization 0.0013, perplexity 17.2691,
Train Epoch: [1/2] Iters:[810/20018] transplant_loss 83.0610, rec_loss 0.0810, p_loss 0.5965, quant_error 1.8054, utilization 0.0013, perplexity 17.4976,
Train Epoch: [1/2] Iters:[820/20018] transplant_loss 85.7734, rec_loss 0.0809, p_loss 0.5966, quant_error 1.8024, utilization 0.0013, perplexity 17.9396,
Train Epoch: [1/2] Iters:[830/20018] transplant_loss 94.2215, rec_loss 0.0812, p_loss 0.5961, quant_error 1.7977, utilization 0.0013, perplexity 18.1300,
Train Epoch: [1/2] Iters:[840/20018] transplant_loss 92.2849, rec_loss 0.0817, p_loss 0.5968, quant_error 1.7958, utilization 0.0013, perplexity 18.1874,
Train Epoch: [1/2] Iters:[850/20018] transplant_loss 94.2481, rec_loss 0.0813, p_loss 0.5949, quant_error 1.7903, utilization 0.0013, perplexity 18.3139,
Train Epoch: [1/2] Iters:[860/20018] transplant_loss 94.5189, rec_loss 0.0816, p_loss 0.5943, quant_error 1.7835, utilization 0.0013, perplexity 18.5420,
Train Epoch: [1/2] Iters:[870/20018] transplant_loss 92.3690, rec_loss 0.0813, p_loss 0.5941, quant_error 1.7695, utilization 0.0013, perplexity 18.6822,
Train Epoch: [1/2] Iters:[880/20018] transplant_loss 87.6785, rec_loss 0.0812, p_loss 0.5939, quant_error 1.7600, utilization 0.0013, perplexity 18.9612,
Train Epoch: [1/2] Iters:[890/20018] transplant_loss 81.1714, rec_loss 0.0795, p_loss 0.5916, quant_error 1.7401, utilization 0.0013, perplexity 19.4173,
Train Epoch: [1/2] Iters:[900/20018] transplant_loss 79.3298, rec_loss 0.0788, p_loss 0.5921, quant_error 1.7232, utilization 0.0013, perplexity 19.7076,
Train Epoch: [1/2] Iters:[910/20018] transplant_loss 83.8105, rec_loss 0.0785, p_loss 0.5911, quant_error 1.7183, utilization 0.0013, perplexity 19.8870,
Train Epoch: [1/2] Iters:[920/20018] transplant_loss 86.7728, rec_loss 0.0781, p_loss 0.5892, quant_error 1.7146, utilization 0.0013, perplexity 19.9672,
Train Epoch: [1/2] Iters:[930/20018] transplant_loss 78.4964, rec_loss 0.0773, p_loss 0.5881, quant_error 1.6995, utilization 0.0013, perplexity 20.0974,
Train Epoch: [1/2] Iters:[940/20018] transplant_loss 81.6049, rec_loss 0.0770, p_loss 0.5882, quant_error 1.6957, utilization 0.0013, perplexity 20.2977,
Train Epoch: [1/2] Iters:[950/20018] transplant_loss 84.8878, rec_loss 0.0770, p_loss 0.5882, quant_error 1.6971, utilization 0.0013, perplexity 20.5114,
Train Epoch: [1/2] Iters:[960/20018] transplant_loss 81.8368, rec_loss 0.0767, p_loss 0.5880, quant_error 1.6882, utilization 0.0013, perplexity 20.5357,
Train Epoch: [1/2] Iters:[970/20018] transplant_loss 79.1073, rec_loss 0.0765, p_loss 0.5873, quant_error 1.6751, utilization 0.0013, perplexity 20.7314,
Train Epoch: [1/2] Iters:[980/20018] transplant_loss 79.9545, rec_loss 0.0762, p_loss 0.5865, quant_error 1.6648, utilization 0.0013, perplexity 20.9216,
Train Epoch: [1/2] Iters:[990/20018] transplant_loss 75.1087, rec_loss 0.0759, p_loss 0.5848, quant_error 1.6539, utilization 0.0013, perplexity 21.1271,
Train Epoch: [1/2] Iters:[1000/20018] transplant_loss 72.1269, rec_loss 0.0768, p_loss 0.5833, quant_error 1.6495, utilization 0.0013, perplexity 21.2448,
Train Epoch: [1/2] Iters:[1010/20018] transplant_loss 72.5495, rec_loss 0.0762, p_loss 0.5811, quant_error 1.6424, utilization 0.0013, perplexity 21.4371,
Train Epoch: [1/2] Iters:[1020/20018] transplant_loss 72.5931, rec_loss 0.0759, p_loss 0.5812, quant_error 1.6415, utilization 0.0013, perplexity 21.5347,
Train Epoch: [1/2] Iters:[1030/20018] transplant_loss 71.4812, rec_loss 0.0758, p_loss 0.5811, quant_error 1.6400, utilization 0.0013, perplexity 21.7508,
Train Epoch: [1/2] Iters:[1040/20018] transplant_loss 70.2719, rec_loss 0.0757, p_loss 0.5808, quant_error 1.6254, utilization 0.0013, perplexity 21.8006,
Train Epoch: [1/2] Iters:[1050/20018] transplant_loss 68.5904, rec_loss 0.0747, p_loss 0.5804, quant_error 1.6184, utilization 0.0013, perplexity 22.0290,
Train Epoch: [1/2] Iters:[1060/20018] transplant_loss 70.2263, rec_loss 0.0743, p_loss 0.5799, quant_error 1.6156, utilization 0.0013, perplexity 22.2552,
Train Epoch: [1/2] Iters:[1070/20018] transplant_loss 69.7649, rec_loss 0.0734, p_loss 0.5789, quant_error 1.6023, utilization 0.0013, perplexity 22.3801,
Train Epoch: [1/2] Iters:[1080/20018] transplant_loss 67.6402, rec_loss 0.0729, p_loss 0.5772, quant_error 1.5908, utilization 0.0013, perplexity 22.3485,
Train Epoch: [1/2] Iters:[1090/20018] transplant_loss 65.4904, rec_loss 0.0725, p_loss 0.5754, quant_error 1.5869, utilization 0.0013, perplexity 22.5039,
Train Epoch: [1/2] Iters:[1100/20018] transplant_loss 65.8120, rec_loss 0.0717, p_loss 0.5746, quant_error 1.5740, utilization 0.0013, perplexity 22.5997,
Train Epoch: [1/2] Iters:[1110/20018] transplant_loss 64.5611, rec_loss 0.0716, p_loss 0.5729, quant_error 1.5666, utilization 0.0013, perplexity 22.6787,
Train Epoch: [1/2] Iters:[1120/20018] transplant_loss 61.7525, rec_loss 0.0727, p_loss 0.5727, quant_error 1.5598, utilization 0.0013, perplexity 22.7748,
Train Epoch: [1/2] Iters:[1130/20018] transplant_loss 62.8389, rec_loss 0.0728, p_loss 0.5722, quant_error 1.5613, utilization 0.0013, perplexity 23.0020,
Train Epoch: [1/2] Iters:[1140/20018] transplant_loss 61.9459, rec_loss 0.0744, p_loss 0.5723, quant_error 1.5611, utilization 0.0013, perplexity 23.1343,
Train Epoch: [1/2] Iters:[1150/20018] transplant_loss 61.8212, rec_loss 0.0745, p_loss 0.5713, quant_error 1.5551, utilization 0.0013, perplexity 23.2705,
Train Epoch: [1/2] Iters:[1160/20018] transplant_loss 61.7424, rec_loss 0.0753, p_loss 0.5718, quant_error 1.5528, utilization 0.0013, perplexity 23.3435,
Train Epoch: [1/2] Iters:[1170/20018] transplant_loss 61.0192, rec_loss 0.0742, p_loss 0.5705, quant_error 1.5465, utilization 0.0013, perplexity 23.6767,
Train Epoch: [1/2] Iters:[1180/20018] transplant_loss 58.7592, rec_loss 0.0735, p_loss 0.5675, quant_error 1.5299, utilization 0.0013, perplexity 23.8289,
Train Epoch: [1/2] Iters:[1190/20018] transplant_loss 58.9917, rec_loss 0.0722, p_loss 0.5664, quant_error 1.5204, utilization 0.0013, perplexity 23.8549,
Train Epoch: [1/2] Iters:[1200/20018] transplant_loss 57.3815, rec_loss 0.0715, p_loss 0.5647, quant_error 1.5107, utilization 0.0013, perplexity 23.8189,
Train Epoch: [1/2] Iters:[1210/20018] transplant_loss 55.6758, rec_loss 0.0706, p_loss 0.5629, quant_error 1.5018, utilization 0.0013, perplexity 23.9707,
Train Epoch: [1/2] Iters:[1220/20018] transplant_loss 56.9438, rec_loss 0.0711, p_loss 0.5605, quant_error 1.4982, utilization 0.0013, perplexity 23.8774,
Train Epoch: [1/2] Iters:[1230/20018] transplant_loss 56.1383, rec_loss 0.0721, p_loss 0.5614, quant_error 1.4961, utilization 0.0013, perplexity 23.9033,
Train Epoch: [1/2] Iters:[1240/20018] transplant_loss 54.0678, rec_loss 0.0721, p_loss 0.5614, quant_error 1.4933, utilization 0.0013, perplexity 24.0879,
Train Epoch: [1/2] Iters:[1250/20018] transplant_loss 54.3603, rec_loss 0.0723, p_loss 0.5599, quant_error 1.4912, utilization 0.0013, perplexity 24.4516,
Train Epoch: [1/2] Iters:[1260/20018] transplant_loss 54.3899, rec_loss 0.0728, p_loss 0.5596, quant_error 1.4883, utilization 0.0013, perplexity 24.5435,
Train Epoch: [1/2] Iters:[1270/20018] transplant_loss 53.2453, rec_loss 0.0720, p_loss 0.5585, quant_error 1.4816, utilization 0.0013, perplexity 24.5780,
Train Epoch: [1/2] Iters:[1280/20018] transplant_loss 52.5646, rec_loss 0.0715, p_loss 0.5577, quant_error 1.4798, utilization 0.0013, perplexity 24.6833,
Train Epoch: [1/2] Iters:[1290/20018] transplant_loss 53.3270, rec_loss 0.0709, p_loss 0.5560, quant_error 1.4682, utilization 0.0013, perplexity 24.8395,
Train Epoch: [1/2] Iters:[1300/20018] transplant_loss 52.6051, rec_loss 0.0706, p_loss 0.5557, quant_error 1.4653, utilization 0.0013, perplexity 24.7584,
Train Epoch: [1/2] Iters:[1310/20018] transplant_loss 50.5942, rec_loss 0.0699, p_loss 0.5548, quant_error 1.4513, utilization 0.0013, perplexity 24.9202,
Train Epoch: [1/2] Iters:[1320/20018] transplant_loss 49.4309, rec_loss 0.0707, p_loss 0.5558, quant_error 1.4556, utilization 0.0013, perplexity 25.2071,
Train Epoch: [1/2] Iters:[1330/20018] transplant_loss 49.6869, rec_loss 0.0699, p_loss 0.5526, quant_error 1.4458, utilization 0.0013, perplexity 25.4099,
Train Epoch: [1/2] Iters:[1340/20018] transplant_loss 49.0114, rec_loss 0.0691, p_loss 0.5502, quant_error 1.4431, utilization 0.0013, perplexity 25.5767,
Train Epoch: [1/2] Iters:[1350/20018] transplant_loss 48.3956, rec_loss 0.0696, p_loss 0.5488, quant_error 1.4367, utilization 0.0013, perplexity 25.6767,
Train Epoch: [1/2] Iters:[1360/20018] transplant_loss 48.7970, rec_loss 0.0688, p_loss 0.5457, quant_error 1.4291, utilization 0.0013, perplexity 25.6295,
Train Epoch: [1/2] Iters:[1370/20018] transplant_loss 49.9581, rec_loss 0.0691, p_loss 0.5438, quant_error 1.4215, utilization 0.0013, perplexity 25.6073,
Train Epoch: [1/2] Iters:[1380/20018] transplant_loss 49.8699, rec_loss 0.0688, p_loss 0.5446, quant_error 1.4185, utilization 0.0013, perplexity 25.6755,
Train Epoch: [1/2] Iters:[1390/20018] transplant_loss 49.0686, rec_loss 0.0696, p_loss 0.5441, quant_error 1.4165, utilization 0.0013, perplexity 25.6960,
Train Epoch: [1/2] Iters:[1400/20018] transplant_loss 48.7967, rec_loss 0.0699, p_loss 0.5445, quant_error 1.4141, utilization 0.0013, perplexity 25.8733,
Train Epoch: [1/2] Iters:[1410/20018] transplant_loss 49.5810, rec_loss 0.0712, p_loss 0.5464, quant_error 1.4264, utilization 0.0013, perplexity 26.1094,
Train Epoch: [1/2] Iters:[1420/20018] transplant_loss 48.3613, rec_loss 0.0701, p_loss 0.5456, quant_error 1.4143, utilization 0.0013, perplexity 26.3992,
Train Epoch: [1/2] Iters:[1430/20018] transplant_loss 48.1800, rec_loss 0.0698, p_loss 0.5435, quant_error 1.4056, utilization 0.0013, perplexity 26.4967,
Train Epoch: [1/2] Iters:[1440/20018] transplant_loss 47.8481, rec_loss 0.0692, p_loss 0.5440, quant_error 1.4032, utilization 0.0013, perplexity 26.6538,
Train Epoch: [1/2] Iters:[1450/20018] transplant_loss 47.3653, rec_loss 0.0679, p_loss 0.5417, quant_error 1.3965, utilization 0.0013, perplexity 26.7135,
Train Epoch: [1/2] Iters:[1460/20018] transplant_loss 46.6543, rec_loss 0.0668, p_loss 0.5409, quant_error 1.3862, utilization 0.0013, perplexity 26.8596,
Train Epoch: [1/2] Iters:[1470/20018] transplant_loss 46.3881, rec_loss 0.0667, p_loss 0.5388, quant_error 1.3850, utilization 0.0013, perplexity 26.7178,
Train Epoch: [1/2] Iters:[1480/20018] transplant_loss 45.2522, rec_loss 0.0674, p_loss 0.5380, quant_error 1.3843, utilization 0.0013, perplexity 26.7951,
Train Epoch: [1/2] Iters:[1490/20018] transplant_loss 45.4440, rec_loss 0.0673, p_loss 0.5369, quant_error 1.3765, utilization 0.0013, perplexity 26.9555,
Train Epoch: [1/2] Iters:[1500/20018] transplant_loss 45.7531, rec_loss 0.0674, p_loss 0.5361, quant_error 1.3742, utilization 0.0013, perplexity 27.1041,
Train Epoch: [1/2] Iters:[1510/20018] transplant_loss 44.1397, rec_loss 0.0682, p_loss 0.5356, quant_error 1.3680, utilization 0.0013, perplexity 27.1000,
Train Epoch: [1/2] Iters:[1520/20018] transplant_loss 45.0690, rec_loss 0.0686, p_loss 0.5360, quant_error 1.3642, utilization 0.0013, perplexity 27.4319,
Train Epoch: [1/2] Iters:[1530/20018] transplant_loss 45.9954, rec_loss 0.0680, p_loss 0.5364, quant_error 1.3603, utilization 0.0013, perplexity 27.6559,
Train Epoch: [1/2] Iters:[1540/20018] transplant_loss 44.9977, rec_loss 0.0687, p_loss 0.5349, quant_error 1.3547, utilization 0.0013, perplexity 27.7302,
Train Epoch: [1/2] Iters:[1550/20018] transplant_loss 44.7750, rec_loss 0.0687, p_loss 0.5342, quant_error 1.3473, utilization 0.0013, perplexity 27.7618,
Train Epoch: [1/2] Iters:[1560/20018] transplant_loss 45.6554, rec_loss 0.0678, p_loss 0.5324, quant_error 1.3446, utilization 0.0013, perplexity 27.9557,
Train Epoch: [1/2] Iters:[1570/20018] transplant_loss 44.6279, rec_loss 0.0673, p_loss 0.5318, quant_error 1.3408, utilization 0.0013, perplexity 28.0058,
Train Epoch: [1/2] Iters:[1580/20018] transplant_loss 44.7257, rec_loss 0.0675, p_loss 0.5294, quant_error 1.3364, utilization 0.0013, perplexity 27.9080,
Train Epoch: [1/2] Iters:[1590/20018] transplant_loss 45.4229, rec_loss 0.0673, p_loss 0.5282, quant_error 1.3355, utilization 0.0013, perplexity 27.8280,
Train Epoch: [1/2] Iters:[1600/20018] transplant_loss 44.4485, rec_loss 0.0670, p_loss 0.5291, quant_error 1.3313, utilization 0.0013, perplexity 27.9384,
Train Epoch: [1/2] Iters:[1610/20018] transplant_loss 44.3953, rec_loss 0.0669, p_loss 0.5277, quant_error 1.3238, utilization 0.0013, perplexity 28.0045,
Train Epoch: [1/2] Iters:[1620/20018] transplant_loss 44.5600, rec_loss 0.0685, p_loss 0.5278, quant_error 1.3295, utilization 0.0013, perplexity 28.1113,
Train Epoch: [1/2] Iters:[1630/20018] transplant_loss 44.1045, rec_loss 0.0692, p_loss 0.5281, quant_error 1.3313, utilization 0.0013, perplexity 28.2872,
Train Epoch: [1/2] Iters:[1640/20018] transplant_loss 43.9492, rec_loss 0.0689, p_loss 0.5277, quant_error 1.3305, utilization 0.0013, perplexity 28.3541,
Train Epoch: [1/2] Iters:[1650/20018] transplant_loss 44.3061, rec_loss 0.0692, p_loss 0.5243, quant_error 1.3322, utilization 0.0013, perplexity 28.5398,
Train Epoch: [1/2] Iters:[1660/20018] transplant_loss 44.1372, rec_loss 0.0692, p_loss 0.5234, quant_error 1.3305, utilization 0.0013, perplexity 28.6054,
Train Epoch: [1/2] Iters:[1670/20018] transplant_loss 44.7515, rec_loss 0.0677, p_loss 0.5231, quant_error 1.3247, utilization 0.0013, perplexity 28.7240,
Train Epoch: [1/2] Iters:[1680/20018] transplant_loss 44.6187, rec_loss 0.0673, p_loss 0.5225, quant_error 1.3197, utilization 0.0013, perplexity 28.7531,
Train Epoch: [1/2] Iters:[1690/20018] transplant_loss 43.9527, rec_loss 0.0672, p_loss 0.5229, quant_error 1.3154, utilization 0.0013, perplexity 28.8530,
Train Epoch: [1/2] Iters:[1700/20018] transplant_loss 43.9272, rec_loss 0.0663, p_loss 0.5223, quant_error 1.3093, utilization 0.0013, perplexity 28.9505,
Train Epoch: [1/2] Iters:[1710/20018] transplant_loss 43.7065, rec_loss 0.0666, p_loss 0.5216, quant_error 1.3038, utilization 0.0013, perplexity 29.0672,
Train Epoch: [1/2] Iters:[1720/20018] transplant_loss 42.1234, rec_loss 0.0670, p_loss 0.5187, quant_error 1.3010, utilization 0.0013, perplexity 29.1218,
Train Epoch: [1/2] Iters:[1730/20018] transplant_loss 42.0581, rec_loss 0.0667, p_loss 0.5184, quant_error 1.2953, utilization 0.0013, perplexity 29.2836,
Train Epoch: [1/2] Iters:[1740/20018] transplant_loss 43.0409, rec_loss 0.0667, p_loss 0.5184, quant_error 1.2968, utilization 0.0013, perplexity 29.4622,
Train Epoch: [1/2] Iters:[1750/20018] transplant_loss 42.8968, rec_loss 0.0677, p_loss 0.5202, quant_error 1.2993, utilization 0.0013, perplexity 29.5594,
Train Epoch: [1/2] Iters:[1760/20018] transplant_loss 43.0892, rec_loss 0.0665, p_loss 0.5192, quant_error 1.3008, utilization 0.0013, perplexity 29.6600,
Train Epoch: [1/2] Iters:[1770/20018] transplant_loss 43.6258, rec_loss 0.0663, p_loss 0.5204, quant_error 1.2962, utilization 0.0013, perplexity 29.7653,
Train Epoch: [1/2] Iters:[1780/20018] transplant_loss 43.8141, rec_loss 0.0656, p_loss 0.5183, quant_error 1.2930, utilization 0.0013, perplexity 29.8891,
Train Epoch: [1/2] Iters:[1790/20018] transplant_loss 42.6484, rec_loss 0.0654, p_loss 0.5172, quant_error 1.2873, utilization 0.0013, perplexity 29.9755,
Train Epoch: [1/2] Iters:[1800/20018] transplant_loss 42.0075, rec_loss 0.0644, p_loss 0.5166, quant_error 1.2789, utilization 0.0013, perplexity 30.0036,
Train Epoch: [1/2] Iters:[1810/20018] transplant_loss 41.6096, rec_loss 0.0654, p_loss 0.5171, quant_error 1.2752, utilization 0.0013, perplexity 30.1327,
Train Epoch: [1/2] Iters:[1820/20018] transplant_loss 41.4084, rec_loss 0.0637, p_loss 0.5148, quant_error 1.2643, utilization 0.0013, perplexity 30.1788,
Train Epoch: [1/2] Iters:[1830/20018] transplant_loss 40.0866, rec_loss 0.0642, p_loss 0.5157, quant_error 1.2594, utilization 0.0013, perplexity 30.3700,
Train Epoch: [1/2] Iters:[1840/20018] transplant_loss 40.3621, rec_loss 0.0646, p_loss 0.5141, quant_error 1.2540, utilization 0.0013, perplexity 30.4419,
Train Epoch: [1/2] Iters:[1850/20018] transplant_loss 41.2889, rec_loss 0.0653, p_loss 0.5129, quant_error 1.2570, utilization 0.0013, perplexity 30.5014,
Train Epoch: [1/2] Iters:[1860/20018] transplant_loss 41.6464, rec_loss 0.0645, p_loss 0.5107, quant_error 1.2540, utilization 0.0013, perplexity 30.5432,
Train Epoch: [1/2] Iters:[1870/20018] transplant_loss 41.1111, rec_loss 0.0659, p_loss 0.5115, quant_error 1.2531, utilization 0.0013, perplexity 30.6705,
Train Epoch: [1/2] Iters:[1880/20018] transplant_loss 41.8665, rec_loss 0.0656, p_loss 0.5100, quant_error 1.2532, utilization 0.0013, perplexity 30.6108,
Train Epoch: [1/2] Iters:[1890/20018] transplant_loss 41.4058, rec_loss 0.0647, p_loss 0.5095, quant_error 1.2486, utilization 0.0013, perplexity 30.7613,
Train Epoch: [1/2] Iters:[1900/20018] transplant_loss 40.8790, rec_loss 0.0648, p_loss 0.5087, quant_error 1.2475, utilization 0.0013, perplexity 30.9318,
Train Epoch: [1/2] Iters:[1910/20018] transplant_loss 40.3759, rec_loss 0.0652, p_loss 0.5100, quant_error 1.2476, utilization 0.0013, perplexity 31.0708,
Train Epoch: [1/2] Iters:[1920/20018] transplant_loss 40.6443, rec_loss 0.0649, p_loss 0.5075, quant_error 1.2440, utilization 0.0013, perplexity 31.0655,
Train Epoch: [1/2] Iters:[1930/20018] transplant_loss 40.5361, rec_loss 0.0651, p_loss 0.5071, quant_error 1.2438, utilization 0.0013, perplexity 31.1621,
Train Epoch: [1/2] Iters:[1940/20018] transplant_loss 40.7512, rec_loss 0.0652, p_loss 0.5063, quant_error 1.2417, utilization 0.0013, perplexity 31.1971,
Train Epoch: [1/2] Iters:[1950/20018] transplant_loss 40.7484, rec_loss 0.0645, p_loss 0.5045, quant_error 1.2357, utilization 0.0013, perplexity 31.1675,
Train Epoch: [1/2] Iters:[1960/20018] transplant_loss 40.8750, rec_loss 0.0645, p_loss 0.5045, quant_error 1.2322, utilization 0.0013, perplexity 31.1913,
Train Epoch: [1/2] Iters:[1970/20018] transplant_loss 40.8863, rec_loss 0.0643, p_loss 0.5054, quant_error 1.2337, utilization 0.0013, perplexity 31.3019,
Train Epoch: [1/2] Iters:[1980/20018] transplant_loss 40.8349, rec_loss 0.0646, p_loss 0.5051, quant_error 1.2302, utilization 0.0013, perplexity 31.3888,
Train Epoch: [1/2] Iters:[1990/20018] transplant_loss 40.7880, rec_loss 0.0651, p_loss 0.5041, quant_error 1.2309, utilization 0.0013, perplexity 31.5059,
Train Epoch: [1/2] Iters:[2000/20018] transplant_loss 40.7352, rec_loss 0.0656, p_loss 0.5046, quant_error 1.2307, utilization 0.0013, perplexity 31.6277,
Train Epoch: [1/2] Iters:[2010/20018] transplant_loss 40.6176, rec_loss 0.0660, p_loss 0.5040, quant_error 1.2312, utilization 0.0013, perplexity 31.7239,
Train Epoch: [1/2] Iters:[2020/20018] transplant_loss 40.5310, rec_loss 0.0655, p_loss 0.5017, quant_error 1.2266, utilization 0.0013, perplexity 31.8247,
Train Epoch: [1/2] Iters:[2030/20018] transplant_loss 39.8845, rec_loss 0.0654, p_loss 0.5009, quant_error 1.2220, utilization 0.0013, perplexity 31.9443,
Train Epoch: [1/2] Iters:[2040/20018] transplant_loss 39.7423, rec_loss 0.0656, p_loss 0.4995, quant_error 1.2245, utilization 0.0013, perplexity 31.9915,
Train Epoch: [1/2] Iters:[2050/20018] transplant_loss 39.5363, rec_loss 0.0661, p_loss 0.5009, quant_error 1.2258, utilization 0.0013, perplexity 31.9885,
Train Epoch: [1/2] Iters:[2060/20018] transplant_loss 39.6424, rec_loss 0.0653, p_loss 0.4991, quant_error 1.2202, utilization 0.0013, perplexity 32.0331,
Train Epoch: [1/2] Iters:[2070/20018] transplant_loss 39.5575, rec_loss 0.0654, p_loss 0.4995, quant_error 1.2163, utilization 0.0013, perplexity 32.1109,
Train Epoch: [1/2] Iters:[2080/20018] transplant_loss 40.0001, rec_loss 0.0653, p_loss 0.4991, quant_error 1.2175, utilization 0.0013, perplexity 32.1258,
Train Epoch: [1/2] Iters:[2090/20018] transplant_loss 39.8151, rec_loss 0.0644, p_loss 0.5001, quant_error 1.2062, utilization 0.0013, perplexity 32.2204,
Train Epoch: [1/2] Iters:[2100/20018] transplant_loss 39.4040, rec_loss 0.0638, p_loss 0.4974, quant_error 1.1974, utilization 0.0013, perplexity 32.4142,
Train Epoch: [1/2] Iters:[2110/20018] transplant_loss 39.3529, rec_loss 0.0645, p_loss 0.4972, quant_error 1.1974, utilization 0.0013, perplexity 32.5145,
Train Epoch: [1/2] Iters:[2120/20018] transplant_loss 39.2818, rec_loss 0.0646, p_loss 0.4970, quant_error 1.1957, utilization 0.0013, perplexity 32.6569,
Train Epoch: [1/2] Iters:[2130/20018] transplant_loss 38.5824, rec_loss 0.0637, p_loss 0.4962, quant_error 1.1889, utilization 0.0013, perplexity 32.6989,
Train Epoch: [1/2] Iters:[2140/20018] transplant_loss 38.5160, rec_loss 0.0638, p_loss 0.4959, quant_error 1.1927, utilization 0.0013, perplexity 32.7165,
Train Epoch: [1/2] Iters:[2150/20018] transplant_loss 38.7446, rec_loss 0.0638, p_loss 0.4948, quant_error 1.1913, utilization 0.0013, perplexity 32.7720,
Train Epoch: [1/2] Iters:[2160/20018] transplant_loss 38.7633, rec_loss 0.0635, p_loss 0.4954, quant_error 1.1921, utilization 0.0013, perplexity 32.8958,
Train Epoch: [1/2] Iters:[2170/20018] transplant_loss 38.7617, rec_loss 0.0636, p_loss 0.4951, quant_error 1.1917, utilization 0.0013, perplexity 32.9040,
Train Epoch: [1/2] Iters:[2180/20018] transplant_loss 39.4308, rec_loss 0.0637, p_loss 0.4936, quant_error 1.1912, utilization 0.0013, perplexity 32.9645,
Train Epoch: [1/2] Iters:[2190/20018] transplant_loss 39.4898, rec_loss 0.0632, p_loss 0.4921, quant_error 1.1846, utilization 0.0013, perplexity 33.0455,
Train Epoch: [1/2] Iters:[2200/20018] transplant_loss 39.2786, rec_loss 0.0629, p_loss 0.4924, quant_error 1.1824, utilization 0.0013, perplexity 33.1312,
Train Epoch: [1/2] Iters:[2210/20018] transplant_loss 38.7937, rec_loss 0.0619, p_loss 0.4892, quant_error 1.1747, utilization 0.0013, perplexity 33.1469,
Train Epoch: [1/2] Iters:[2220/20018] transplant_loss 39.2071, rec_loss 0.0617, p_loss 0.4885, quant_error 1.1782, utilization 0.0013, perplexity 33.2652,
Train Epoch: [1/2] Iters:[2230/20018] transplant_loss 38.6635, rec_loss 0.0612, p_loss 0.4892, quant_error 1.1746, utilization 0.0013, perplexity 33.3681,
Train Epoch: [1/2] Iters:[2240/20018] transplant_loss 38.5242, rec_loss 0.0622, p_loss 0.4903, quant_error 1.1775, utilization 0.0013, perplexity 33.4874,
Train Epoch: [1/2] Iters:[2250/20018] transplant_loss 38.8604, rec_loss 0.0621, p_loss 0.4902, quant_error 1.1755, utilization 0.0013, perplexity 33.5123,
Train Epoch: [1/2] Iters:[2260/20018] transplant_loss 38.8705, rec_loss 0.0628, p_loss 0.4918, quant_error 1.1753, utilization 0.0013, perplexity 33.6362,
Train Epoch: [1/2] Iters:[2270/20018] transplant_loss 38.3760, rec_loss 0.0625, p_loss 0.4912, quant_error 1.1678, utilization 0.0013, perplexity 33.6484,
Train Epoch: [1/2] Iters:[2280/20018] transplant_loss 38.4540, rec_loss 0.0631, p_loss 0.4905, quant_error 1.1667, utilization 0.0013, perplexity 33.7243,
Train Epoch: [1/2] Iters:[2290/20018] transplant_loss 38.3344, rec_loss 0.0620, p_loss 0.4878, quant_error 1.1579, utilization 0.0013, perplexity 33.7307,
Train Epoch: [1/2] Iters:[2300/20018] transplant_loss 37.7543, rec_loss 0.0618, p_loss 0.4865, quant_error 1.1528, utilization 0.0013, perplexity 33.7895,
Train Epoch: [1/2] Iters:[2310/20018] transplant_loss 37.6181, rec_loss 0.0608, p_loss 0.4844, quant_error 1.1473, utilization 0.0013, perplexity 33.7620,
Train Epoch: [1/2] Iters:[2320/20018] transplant_loss 37.7887, rec_loss 0.0611, p_loss 0.4820, quant_error 1.1459, utilization 0.0013, perplexity 33.9247,
Train Epoch: [1/2] Iters:[2330/20018] transplant_loss 37.6845, rec_loss 0.0617, p_loss 0.4818, quant_error 1.1458, utilization 0.0013, perplexity 33.9256,
Train Epoch: [1/2] Iters:[2340/20018] transplant_loss 37.7826, rec_loss 0.0617, p_loss 0.4815, quant_error 1.1500, utilization 0.0013, perplexity 33.9728,
Train Epoch: [1/2] Iters:[2350/20018] transplant_loss 38.0170, rec_loss 0.0612, p_loss 0.4817, quant_error 1.1494, utilization 0.0013, perplexity 34.1139,
Train Epoch: [1/2] Iters:[2360/20018] transplant_loss 37.8170, rec_loss 0.0621, p_loss 0.4817, quant_error 1.1483, utilization 0.0013, perplexity 34.1691,
Train Epoch: [1/2] Iters:[2370/20018] transplant_loss 37.1857, rec_loss 0.0624, p_loss 0.4827, quant_error 1.1439, utilization 0.0013, perplexity 34.1062,
Train Epoch: [1/2] Iters:[2380/20018] transplant_loss 37.0957, rec_loss 0.0614, p_loss 0.4822, quant_error 1.1412, utilization 0.0013, perplexity 34.2400,
Train Epoch: [1/2] Iters:[2390/20018] transplant_loss 36.9816, rec_loss 0.0615, p_loss 0.4817, quant_error 1.1364, utilization 0.0013, perplexity 34.3676,
Train Epoch: [1/2] Iters:[2400/20018] transplant_loss 36.6181, rec_loss 0.0613, p_loss 0.4793, quant_error 1.1300, utilization 0.0013, perplexity 34.2710,
Train Epoch: [1/2] Iters:[2410/20018] transplant_loss 36.2683, rec_loss 0.0606, p_loss 0.4790, quant_error 1.1256, utilization 0.0013, perplexity 34.3384,
Train Epoch: [1/2] Iters:[2420/20018] transplant_loss 36.4287, rec_loss 0.0607, p_loss 0.4801, quant_error 1.1316, utilization 0.0013, perplexity 34.4689,
Train Epoch: [1/2] Iters:[2430/20018] transplant_loss 36.3696, rec_loss 0.0612, p_loss 0.4790, quant_error 1.1273, utilization 0.0013, perplexity 34.5096,
Train Epoch: [1/2] Iters:[2440/20018] transplant_loss 36.1555, rec_loss 0.0613, p_loss 0.4787, quant_error 1.1255, utilization 0.0013, perplexity 34.5008,
Train Epoch: [1/2] Iters:[2450/20018] transplant_loss 36.2336, rec_loss 0.0618, p_loss 0.4799, quant_error 1.1320, utilization 0.0013, perplexity 34.5512,
Train Epoch: [1/2] Iters:[2460/20018] transplant_loss 36.4084, rec_loss 0.0616, p_loss 0.4788, quant_error 1.1316, utilization 0.0013, perplexity 34.5792,
Train Epoch: [1/2] Iters:[2470/20018] transplant_loss 36.1944, rec_loss 0.0613, p_loss 0.4770, quant_error 1.1222, utilization 0.0013, perplexity 34.6051,
Train Epoch: [1/2] Iters:[2480/20018] transplant_loss 36.1066, rec_loss 0.0614, p_loss 0.4783, quant_error 1.1238, utilization 0.0013, perplexity 34.7477,
Train Epoch: [1/2] Iters:[2490/20018] transplant_loss 35.8722, rec_loss 0.0605, p_loss 0.4786, quant_error 1.1210, utilization 0.0013, perplexity 34.8956,
Train Epoch: [1/2] Iters:[2500/20018] transplant_loss 35.8460, rec_loss 0.0610, p_loss 0.4776, quant_error 1.1157, utilization 0.0013, perplexity 34.9931,
Train Epoch: [1/2] Iters:[2510/20018] transplant_loss 35.8488, rec_loss 0.0617, p_loss 0.4791, quant_error 1.1181, utilization 0.0013, perplexity 35.0721,
Train Epoch: [1/2] Iters:[2520/20018] transplant_loss 35.9120, rec_loss 0.0611, p_loss 0.4783, quant_error 1.1191, utilization 0.0013, perplexity 35.0603,
Train Epoch: [1/2] Iters:[2530/20018] transplant_loss 35.9063, rec_loss 0.0607, p_loss 0.4763, quant_error 1.1166, utilization 0.0013, perplexity 34.9440,
Train Epoch: [1/2] Iters:[2540/20018] transplant_loss 35.7897, rec_loss 0.0626, p_loss 0.4778, quant_error 1.1220, utilization 0.0013, perplexity 34.8693,
Train Epoch: [1/2] Iters:[2550/20018] transplant_loss 35.6857, rec_loss 0.0628, p_loss 0.4784, quant_error 1.1265, utilization 0.0013, perplexity 34.8782,
Train Epoch: [1/2] Iters:[2560/20018] transplant_loss 35.5241, rec_loss 0.0624, p_loss 0.4775, quant_error 1.1234, utilization 0.0013, perplexity 34.9127,
Train Epoch: [1/2] Iters:[2570/20018] transplant_loss 35.3721, rec_loss 0.0628, p_loss 0.4768, quant_error 1.1204, utilization 0.0013, perplexity 35.0169,
Train Epoch: [1/2] Iters:[2580/20018] transplant_loss 35.1353, rec_loss 0.0624, p_loss 0.4761, quant_error 1.1168, utilization 0.0013, perplexity 35.1696,
Train Epoch: [1/2] Iters:[2590/20018] transplant_loss 35.2816, rec_loss 0.0607, p_loss 0.4750, quant_error 1.1113, utilization 0.0013, perplexity 35.2784,
Train Epoch: [1/2] Iters:[2600/20018] transplant_loss 35.1179, rec_loss 0.0602, p_loss 0.4741, quant_error 1.1065, utilization 0.0013, perplexity 35.3718,
Train Epoch: [1/2] Iters:[2610/20018] transplant_loss 34.9671, rec_loss 0.0598, p_loss 0.4733, quant_error 1.1015, utilization 0.0013, perplexity 35.4129,
Train Epoch: [1/2] Iters:[2620/20018] transplant_loss 34.8833, rec_loss 0.0592, p_loss 0.4724, quant_error 1.1006, utilization 0.0013, perplexity 35.3892,
Train Epoch: [1/2] Iters:[2630/20018] transplant_loss 35.0046, rec_loss 0.0593, p_loss 0.4713, quant_error 1.1006, utilization 0.0013, perplexity 35.4015,
Train Epoch: [1/2] Iters:[2640/20018] transplant_loss 34.5999, rec_loss 0.0595, p_loss 0.4702, quant_error 1.0948, utilization 0.0013, perplexity 35.4962,
Train Epoch: [1/2] Iters:[2650/20018] transplant_loss 34.7890, rec_loss 0.0596, p_loss 0.4695, quant_error 1.0964, utilization 0.0013, perplexity 35.4946,
Train Epoch: [1/2] Iters:[2660/20018] transplant_loss 34.8403, rec_loss 0.0601, p_loss 0.4696, quant_error 1.0982, utilization 0.0013, perplexity 35.5737,
Train Epoch: [1/2] Iters:[2670/20018] transplant_loss 34.6379, rec_loss 0.0606, p_loss 0.4701, quant_error 1.0964, utilization 0.0013, perplexity 35.6443,
Train Epoch: [1/2] Iters:[2680/20018] transplant_loss 34.6958, rec_loss 0.0606, p_loss 0.4705, quant_error 1.0968, utilization 0.0013, perplexity 35.6829,
Train Epoch: [1/2] Iters:[2690/20018] transplant_loss 35.2591, rec_loss 0.0611, p_loss 0.4701, quant_error 1.1041, utilization 0.0013, perplexity 35.6047,
Train Epoch: [1/2] Iters:[2700/20018] transplant_loss 34.7648, rec_loss 0.0601, p_loss 0.4690, quant_error 1.0924, utilization 0.0013, perplexity 35.6918,
Train Epoch: [1/2] Iters:[2710/20018] transplant_loss 34.3547, rec_loss 0.0605, p_loss 0.4681, quant_error 1.0902, utilization 0.0013, perplexity 35.6919,
Train Epoch: [1/2] Iters:[2720/20018] transplant_loss 34.5611, rec_loss 0.0614, p_loss 0.4683, quant_error 1.0957, utilization 0.0013, perplexity 35.6901,
Train Epoch: [1/2] Iters:[2730/20018] transplant_loss 34.2367, rec_loss 0.0614, p_loss 0.4688, quant_error 1.0961, utilization 0.0013, perplexity 35.6690,
Train Epoch: [1/2] Iters:[2740/20018] transplant_loss 33.6871, rec_loss 0.0614, p_loss 0.4690, quant_error 1.0942, utilization 0.0013, perplexity 35.7129,
Train Epoch: [1/2] Iters:[2750/20018] transplant_loss 33.6724, rec_loss 0.0629, p_loss 0.4720, quant_error 1.1022, utilization 0.0013, perplexity 35.7657,
Train Epoch: [1/2] Iters:[2760/20018] transplant_loss 33.9974, rec_loss 0.0623, p_loss 0.4731, quant_error 1.1025, utilization 0.0013, perplexity 35.8083,
Train Epoch: [1/2] Iters:[2770/20018] transplant_loss 33.6789, rec_loss 0.0610, p_loss 0.4706, quant_error 1.0950, utilization 0.0013, perplexity 35.8115,
Train Epoch: [1/2] Iters:[2780/20018] transplant_loss 33.8713, rec_loss 0.0614, p_loss 0.4708, quant_error 1.0928, utilization 0.0013, perplexity 35.9220,
Train Epoch: [1/2] Iters:[2790/20018] transplant_loss 33.7379, rec_loss 0.0600, p_loss 0.4681, quant_error 1.0837, utilization 0.0013, perplexity 35.9652,
Train Epoch: [1/2] Iters:[2800/20018] transplant_loss 33.4514, rec_loss 0.0598, p_loss 0.4652, quant_error 1.0808, utilization 0.0013, perplexity 35.9754,
Train Epoch: [1/2] Iters:[2810/20018] transplant_loss 33.3161, rec_loss 0.0600, p_loss 0.4638, quant_error 1.0788, utilization 0.0013, perplexity 36.0407,
Train Epoch: [1/2] Iters:[2820/20018] transplant_loss 33.3646, rec_loss 0.0605, p_loss 0.4657, quant_error 1.0792, utilization 0.0013, perplexity 36.2348,
Train Epoch: [1/2] Iters:[2830/20018] transplant_loss 32.9505, rec_loss 0.0602, p_loss 0.4654, quant_error 1.0783, utilization 0.0013, perplexity 36.1487,
Train Epoch: [1/2] Iters:[2840/20018] transplant_loss 33.1284, rec_loss 0.0619, p_loss 0.4680, quant_error 1.0823, utilization 0.0013, perplexity 36.1670,
Train Epoch: [1/2] Iters:[2850/20018] transplant_loss 33.3563, rec_loss 0.0612, p_loss 0.4663, quant_error 1.0805, utilization 0.0013, perplexity 36.2577,
Train Epoch: [1/2] Iters:[2860/20018] transplant_loss 33.1179, rec_loss 0.0612, p_loss 0.4668, quant_error 1.0806, utilization 0.0013, perplexity 36.2159,
Train Epoch: [1/2] Iters:[2870/20018] transplant_loss 32.7665, rec_loss 0.0614, p_loss 0.4678, quant_error 1.0793, utilization 0.0013, perplexity 36.1354,
Train Epoch: [1/2] Iters:[2880/20018] transplant_loss 32.8870, rec_loss 0.0612, p_loss 0.4666, quant_error 1.0767, utilization 0.0013, perplexity 36.2850,
Train Epoch: [1/2] Iters:[2890/20018] transplant_loss 32.6856, rec_loss 0.0606, p_loss 0.4656, quant_error 1.0754, utilization 0.0013, perplexity 36.4035,
Train Epoch: [1/2] Iters:[2900/20018] transplant_loss 32.5181, rec_loss 0.0606, p_loss 0.4667, quant_error 1.0726, utilization 0.0013, perplexity 36.3330,
Train Epoch: [1/2] Iters:[2910/20018] transplant_loss 32.7830, rec_loss 0.0603, p_loss 0.4664, quant_error 1.0733, utilization 0.0013, perplexity 36.4501,
Train Epoch: [1/2] Iters:[2920/20018] transplant_loss 32.6587, rec_loss 0.0607, p_loss 0.4669, quant_error 1.0734, utilization 0.0013, perplexity 36.4712,
Train Epoch: [1/2] Iters:[2930/20018] transplant_loss 32.5714, rec_loss 0.0610, p_loss 0.4665, quant_error 1.0718, utilization 0.0013, perplexity 36.5462,
Train Epoch: [1/2] Iters:[2940/20018] transplant_loss 32.3123, rec_loss 0.0602, p_loss 0.4659, quant_error 1.0680, utilization 0.0013, perplexity 36.5723,
Train Epoch: [1/2] Iters:[2950/20018] transplant_loss 32.4551, rec_loss 0.0606, p_loss 0.4663, quant_error 1.0714, utilization 0.0013, perplexity 36.6125,
Train Epoch: [1/2] Iters:[2960/20018] transplant_loss 32.1627, rec_loss 0.0614, p_loss 0.4655, quant_error 1.0717, utilization 0.0013, perplexity 36.5801,
Train Epoch: [1/2] Iters:[2970/20018] transplant_loss 32.1329, rec_loss 0.0605, p_loss 0.4621, quant_error 1.0664, utilization 0.0013, perplexity 36.5942,
Train Epoch: [1/2] Iters:[2980/20018] transplant_loss 31.8579, rec_loss 0.0607, p_loss 0.4631, quant_error 1.0685, utilization 0.0013, perplexity 36.6310,
Train Epoch: [1/2] Iters:[2990/20018] transplant_loss 31.8404, rec_loss 0.0613, p_loss 0.4622, quant_error 1.0690, utilization 0.0013, perplexity 36.5844,
Train Epoch: [1/2] Iters:[3000/20018] transplant_loss 31.6233, rec_loss 0.0615, p_loss 0.4614, quant_error 1.0660, utilization 0.0013, perplexity 36.6404,
Train Epoch: [1/2] Iters:[3010/20018] transplant_loss 31.5001, rec_loss 0.0608, p_loss 0.4618, quant_error 1.0639, utilization 0.0013, perplexity 36.6360,
Train Epoch: [1/2] Iters:[3020/20018] transplant_loss 31.2942, rec_loss 0.0617, p_loss 0.4623, quant_error 1.0663, utilization 0.0013, perplexity 36.7375,
Train Epoch: [1/2] Iters:[3030/20018] transplant_loss 31.2674, rec_loss 0.0613, p_loss 0.4622, quant_error 1.0630, utilization 0.0013, perplexity 36.7198,
Train Epoch: [1/2] Iters:[3040/20018] transplant_loss 31.0968, rec_loss 0.0613, p_loss 0.4630, quant_error 1.0605, utilization 0.0013, perplexity 36.7909,
Train Epoch: [1/2] Iters:[3050/20018] transplant_loss 31.0407, rec_loss 0.0615, p_loss 0.4649, quant_error 1.0622, utilization 0.0013, perplexity 36.8683,
Train Epoch: [1/2] Iters:[3060/20018] transplant_loss 30.8295, rec_loss 0.0618, p_loss 0.4643, quant_error 1.0585, utilization 0.0013, perplexity 36.9158,
Train Epoch: [1/2] Iters:[3070/20018] transplant_loss 30.9248, rec_loss 0.0608, p_loss 0.4647, quant_error 1.0568, utilization 0.0013, perplexity 37.0023,
Train Epoch: [1/2] Iters:[3080/20018] transplant_loss 30.8707, rec_loss 0.0605, p_loss 0.4639, quant_error 1.0582, utilization 0.0013, perplexity 37.0246,
Train Epoch: [1/2] Iters:[3090/20018] transplant_loss 30.7737, rec_loss 0.0609, p_loss 0.4652, quant_error 1.0580, utilization 0.0013, perplexity 37.0211,
Train Epoch: [1/2] Iters:[3100/20018] transplant_loss 30.6116, rec_loss 0.0598, p_loss 0.4624, quant_error 1.0520, utilization 0.0013, perplexity 37.0353,
Train Epoch: [1/2] Iters:[3110/20018] transplant_loss 30.7511, rec_loss 0.0595, p_loss 0.4618, quant_error 1.0547, utilization 0.0013, perplexity 37.1662,
Train Epoch: [1/2] Iters:[3120/20018] transplant_loss 30.5884, rec_loss 0.0600, p_loss 0.4613, quant_error 1.0560, utilization 0.0013, perplexity 37.0252,
Train Epoch: [1/2] Iters:[3130/20018] transplant_loss 30.1887, rec_loss 0.0594, p_loss 0.4586, quant_error 1.0479, utilization 0.0013, perplexity 37.0295,
Train Epoch: [1/2] Iters:[3140/20018] transplant_loss 30.1465, rec_loss 0.0588, p_loss 0.4564, quant_error 1.0475, utilization 0.0013, perplexity 37.1069,
Train Epoch: [1/2] Iters:[3150/20018] transplant_loss 29.9980, rec_loss 0.0596, p_loss 0.4580, quant_error 1.0501, utilization 0.0013, perplexity 37.1487,
Train Epoch: [1/2] Iters:[3160/20018] transplant_loss 29.7489, rec_loss 0.0593, p_loss 0.4564, quant_error 1.0447, utilization 0.0013, perplexity 37.1246,
Train Epoch: [1/2] Iters:[3170/20018] transplant_loss 29.8230, rec_loss 0.0592, p_loss 0.4563, quant_error 1.0434, utilization 0.0013, perplexity 37.2190,
Train Epoch: [1/2] Iters:[3180/20018] transplant_loss 29.9678, rec_loss 0.0591, p_loss 0.4580, quant_error 1.0464, utilization 0.0013, perplexity 37.1697,
Train Epoch: [1/2] Iters:[3190/20018] transplant_loss 29.7880, rec_loss 0.0598, p_loss 0.4596, quant_error 1.0465, utilization 0.0013, perplexity 37.2124,
Train Epoch: [1/2] Iters:[3200/20018] transplant_loss 29.9143, rec_loss 0.0598, p_loss 0.4594, quant_error 1.0475, utilization 0.0013, perplexity 37.2290,
Train Epoch: [1/2] Iters:[3210/20018] transplant_loss 29.6326, rec_loss 0.0602, p_loss 0.4621, quant_error 1.0500, utilization 0.0013, perplexity 37.1769,
Train Epoch: [1/2] Iters:[3220/20018] transplant_loss 29.5061, rec_loss 0.0607, p_loss 0.4613, quant_error 1.0498, utilization 0.0013, perplexity 37.2970,
Train Epoch: [1/2] Iters:[3230/20018] transplant_loss 29.2425, rec_loss 0.0609, p_loss 0.4601, quant_error 1.0463, utilization 0.0013, perplexity 37.3286,
Train Epoch: [1/2] Iters:[3240/20018] transplant_loss 29.2849, rec_loss 0.0606, p_loss 0.4593, quant_error 1.0444, utilization 0.0013, perplexity 37.3590,
Train Epoch: [1/2] Iters:[3250/20018] transplant_loss 28.9250, rec_loss 0.0596, p_loss 0.4571, quant_error 1.0364, utilization 0.0013, perplexity 37.3348,
Train Epoch: [1/2] Iters:[3260/20018] transplant_loss 29.0423, rec_loss 0.0595, p_loss 0.4561, quant_error 1.0351, utilization 0.0013, perplexity 37.4356,
Train Epoch: [1/2] Iters:[3270/20018] transplant_loss 28.7622, rec_loss 0.0590, p_loss 0.4554, quant_error 1.0307, utilization 0.0013, perplexity 37.3931,
Train Epoch: [1/2] Iters:[3280/20018] transplant_loss 28.6710, rec_loss 0.0597, p_loss 0.4555, quant_error 1.0289, utilization 0.0013, perplexity 37.4515,
Train Epoch: [1/2] Iters:[3290/20018] transplant_loss 28.4871, rec_loss 0.0591, p_loss 0.4527, quant_error 1.0291, utilization 0.0013, perplexity 37.4432,
Train Epoch: [1/2] Iters:[3300/20018] transplant_loss 28.3787, rec_loss 0.0596, p_loss 0.4541, quant_error 1.0314, utilization 0.0013, perplexity 37.4888,
Train Epoch: [1/2] Iters:[3310/20018] transplant_loss 28.3479, rec_loss 0.0590, p_loss 0.4529, quant_error 1.0298, utilization 0.0013, perplexity 37.4903,
Train Epoch: [1/2] Iters:[3320/20018] transplant_loss 28.2212, rec_loss 0.0585, p_loss 0.4514, quant_error 1.0274, utilization 0.0013, perplexity 37.5174,
Train Epoch: [1/2] Iters:[3330/20018] transplant_loss 28.3387, rec_loss 0.0583, p_loss 0.4530, quant_error 1.0346, utilization 0.0013, perplexity 37.5343,
Train Epoch: [1/2] Iters:[3340/20018] transplant_loss 28.5318, rec_loss 0.0600, p_loss 0.4548, quant_error 1.0391, utilization 0.0013, perplexity 37.5137,
Train Epoch: [1/2] Iters:[3350/20018] transplant_loss 28.4357, rec_loss 0.0602, p_loss 0.4547, quant_error 1.0384, utilization 0.0013, perplexity 37.5096,
Train Epoch: [1/2] Iters:[3360/20018] transplant_loss 28.0903, rec_loss 0.0600, p_loss 0.4541, quant_error 1.0342, utilization 0.0013, perplexity 37.5520,
Train Epoch: [1/2] Iters:[3370/20018] transplant_loss 28.1824, rec_loss 0.0606, p_loss 0.4558, quant_error 1.0355, utilization 0.0013, perplexity 37.5525,
Train Epoch: [1/2] Iters:[3380/20018] transplant_loss 28.0056, rec_loss 0.0608, p_loss 0.4544, quant_error 1.0338, utilization 0.0013, perplexity 37.6508,
Train Epoch: [1/2] Iters:[3390/20018] transplant_loss 27.5687, rec_loss 0.0588, p_loss 0.4536, quant_error 1.0235, utilization 0.0013, perplexity 37.6613,
Train Epoch: [1/2] Iters:[3400/20018] transplant_loss 27.4797, rec_loss 0.0585, p_loss 0.4528, quant_error 1.0221, utilization 0.0013, perplexity 37.7060,
Train Epoch: [1/2] Iters:[3410/20018] transplant_loss 27.6711, rec_loss 0.0595, p_loss 0.4538, quant_error 1.0279, utilization 0.0013, perplexity 37.7484,
Train Epoch: [1/2] Iters:[3420/20018] transplant_loss 27.4402, rec_loss 0.0595, p_loss 0.4548, quant_error 1.0311, utilization 0.0013, perplexity 37.8253,
Train Epoch: [1/2] Iters:[3430/20018] transplant_loss 27.4704, rec_loss 0.0595, p_loss 0.4533, quant_error 1.0291, utilization 0.0013, perplexity 37.7771,
Train Epoch: [1/2] Iters:[3440/20018] transplant_loss 27.5401, rec_loss 0.0603, p_loss 0.4545, quant_error 1.0327, utilization 0.0013, perplexity 37.8357,
Train Epoch: [1/2] Iters:[3450/20018] transplant_loss 27.4336, rec_loss 0.0609, p_loss 0.4549, quant_error 1.0338, utilization 0.0013, perplexity 37.8867,
Train Epoch: [1/2] Iters:[3460/20018] transplant_loss 27.3712, rec_loss 0.0605, p_loss 0.4542, quant_error 1.0380, utilization 0.0013, perplexity 37.8854,
Train Epoch: [1/2] Iters:[3470/20018] transplant_loss 27.4125, rec_loss 0.0614, p_loss 0.4545, quant_error 1.0391, utilization 0.0013, perplexity 37.8341,
Train Epoch: [1/2] Iters:[3480/20018] transplant_loss 27.3608, rec_loss 0.0611, p_loss 0.4552, quant_error 1.0398, utilization 0.0013, perplexity 37.8726,
Train Epoch: [1/2] Iters:[3490/20018] transplant_loss 27.2318, rec_loss 0.0606, p_loss 0.4534, quant_error 1.0355, utilization 0.0013, perplexity 37.9387,
Train Epoch: [1/2] Iters:[3500/20018] transplant_loss 27.2212, rec_loss 0.0606, p_loss 0.4527, quant_error 1.0375, utilization 0.0013, perplexity 37.9544,
Train Epoch: [1/2] Iters:[3510/20018] transplant_loss 27.0189, rec_loss 0.0622, p_loss 0.4544, quant_error 1.0384, utilization 0.0013, perplexity 37.9066,
Train Epoch: [1/2] Iters:[3520/20018] transplant_loss 26.8885, rec_loss 0.0608, p_loss 0.4538, quant_error 1.0382, utilization 0.0013, perplexity 37.8768,
Train Epoch: [1/2] Iters:[3530/20018] transplant_loss 26.6804, rec_loss 0.0613, p_loss 0.4540, quant_error 1.0352, utilization 0.0013, perplexity 37.9189,
Train Epoch: [1/2] Iters:[3540/20018] transplant_loss 26.7341, rec_loss 0.0617, p_loss 0.4547, quant_error 1.0397, utilization 0.0013, perplexity 37.9144,
Train Epoch: [1/2] Iters:[3550/20018] transplant_loss 26.4526, rec_loss 0.0612, p_loss 0.4542, quant_error 1.0346, utilization 0.0013, perplexity 37.9164,
Train Epoch: [1/2] Iters:[3560/20018] transplant_loss 26.3140, rec_loss 0.0592, p_loss 0.4522, quant_error 1.0235, utilization 0.0013, perplexity 37.9951,
Train Epoch: [1/2] Iters:[3570/20018] transplant_loss 26.0262, rec_loss 0.0595, p_loss 0.4507, quant_error 1.0145, utilization 0.0013, perplexity 38.0932,
Train Epoch: [1/2] Iters:[3580/20018] transplant_loss 25.8221, rec_loss 0.0602, p_loss 0.4520, quant_error 1.0182, utilization 0.0013, perplexity 38.0516,
Train Epoch: [1/2] Iters:[3590/20018] transplant_loss 25.5410, rec_loss 0.0604, p_loss 0.4528, quant_error 1.0209, utilization 0.0013, perplexity 38.0113,
Train Epoch: [1/2] Iters:[3600/20018] transplant_loss 25.7496, rec_loss 0.0602, p_loss 0.4532, quant_error 1.0227, utilization 0.0013, perplexity 37.9667,
Train Epoch: [1/2] Iters:[3610/20018] transplant_loss 25.6579, rec_loss 0.0607, p_loss 0.4533, quant_error 1.0257, utilization 0.0013, perplexity 38.0245,
Train Epoch: [1/2] Iters:[3620/20018] transplant_loss 25.6642, rec_loss 0.0602, p_loss 0.4530, quant_error 1.0287, utilization 0.0013, perplexity 38.0256,
Train Epoch: [1/2] Iters:[3630/20018] transplant_loss 25.6323, rec_loss 0.0590, p_loss 0.4505, quant_error 1.0224, utilization 0.0013, perplexity 38.0784,
Train Epoch: [1/2] Iters:[3640/20018] transplant_loss 25.6084, rec_loss 0.0588, p_loss 0.4499, quant_error 1.0185, utilization 0.0013, perplexity 38.1355,
Train Epoch: [1/2] Iters:[3650/20018] transplant_loss 25.2864, rec_loss 0.0589, p_loss 0.4500, quant_error 1.0148, utilization 0.0013, perplexity 38.2262,
Train Epoch: [1/2] Iters:[3660/20018] transplant_loss 24.9859, rec_loss 0.0589, p_loss 0.4498, quant_error 1.0120, utilization 0.0013, perplexity 38.1665,
Train Epoch: [1/2] Iters:[3670/20018] transplant_loss 25.0338, rec_loss 0.0594, p_loss 0.4513, quant_error 1.0140, utilization 0.0013, perplexity 38.2211,
Train Epoch: [1/2] Iters:[3680/20018] transplant_loss 24.8992, rec_loss 0.0594, p_loss 0.4533, quant_error 1.0157, utilization 0.0013, perplexity 38.2859,
Train Epoch: [1/2] Iters:[3690/20018] transplant_loss 24.8576, rec_loss 0.0596, p_loss 0.4537, quant_error 1.0166, utilization 0.0013, perplexity 38.2520,
Train Epoch: [1/2] Iters:[3700/20018] transplant_loss 24.8292, rec_loss 0.0595, p_loss 0.4533, quant_error 1.0161, utilization 0.0013, perplexity 38.2374,
Train Epoch: [1/2] Iters:[3710/20018] transplant_loss 24.8481, rec_loss 0.0585, p_loss 0.4518, quant_error 1.0142, utilization 0.0013, perplexity 38.2373,
Train Epoch: [1/2] Iters:[3720/20018] transplant_loss 24.6268, rec_loss 0.0587, p_loss 0.4512, quant_error 1.0096, utilization 0.0013, perplexity 38.2153,
Train Epoch: [1/2] Iters:[3730/20018] transplant_loss 24.6406, rec_loss 0.0584, p_loss 0.4496, quant_error 1.0071, utilization 0.0013, perplexity 38.2188,
Train Epoch: [1/2] Iters:[3740/20018] transplant_loss 24.4716, rec_loss 0.0575, p_loss 0.4477, quant_error 1.0031, utilization 0.0013, perplexity 38.2913,
Train Epoch: [1/2] Iters:[3750/20018] transplant_loss 24.4790, rec_loss 0.0578, p_loss 0.4477, quant_error 1.0057, utilization 0.0013, perplexity 38.3305,
Train Epoch: [1/2] Iters:[3760/20018] transplant_loss 24.4552, rec_loss 0.0585, p_loss 0.4475, quant_error 1.0047, utilization 0.0013, perplexity 38.3998,
Train Epoch: [1/2] Iters:[3770/20018] transplant_loss 24.3098, rec_loss 0.0576, p_loss 0.4464, quant_error 1.0054, utilization 0.0013, perplexity 38.4665,
Train Epoch: [1/2] Iters:[3780/20018] transplant_loss 24.0773, rec_loss 0.0580, p_loss 0.4474, quant_error 1.0055, utilization 0.0013, perplexity 38.4370,
Train Epoch: [1/2] Iters:[3790/20018] transplant_loss 24.0967, rec_loss 0.0589, p_loss 0.4482, quant_error 1.0082, utilization 0.0013, perplexity 38.4213,
Train Epoch: [1/2] Iters:[3800/20018] transplant_loss 24.0803, rec_loss 0.0589, p_loss 0.4485, quant_error 1.0106, utilization 0.0013, perplexity 38.4471,
Train Epoch: [1/2] Iters:[3810/20018] transplant_loss 23.8717, rec_loss 0.0587, p_loss 0.4501, quant_error 1.0103, utilization 0.0013, perplexity 38.4766,
