dataset_dir: /projects/yuanai/data/
dataset_name: ImageNet
global_batch_size: 64
workers: 6
resolution: 256
channels: 3
ms_patch_size: 1_2_3_4_5_6_8_10_13_16
importance: (1, 1, 1, 2, 2, 2, 3, 3, 5, 5)
max_patch_size: 16
codebook_size: 16384
codebook_dim: 8
project_dim: 16
pq: 1
L: 4
alpha: 1.0
beta: 1.0
gamma: 0.0
disc_weight: 0.4
lecam_loss_weight: 0.001
disc_cr_loss_weight: 4.0
VQ: vanilla_vq
use_multiscale: False
transplant_epochs: 2
refinement_epochs: 5
eval_epochs: 1
disc_epoch: 1
lr_transplant: 0.0001
lr_refinement: 1e-05
dropout: 0.0
seed: 3407
weight_decay: 1e-05
stage: transplant
path: bc
checkpoint_dir: /projects/yuanai/projects/VQ-Transplant2/checkpoint/Transplant/ImageNet
results_dir: /projects/yuanai/projects/VQ-Transplant2/results/Transplant/ImageNet
saver_dir: /projects/yuanai/projects/VQ-Transplant2/saver/Transplant/ImageNet
reconstruction_dir: /projects/yuanai/projects/VQ-Transplant2/reconstruction/Transplant/ImageNet
yaml_dir: /projects/yuanai/projects/VQ-Transplant2/yaml/Transplant/ImageNet
pretrained_tokenizer: /projects/yuanai/projects/VQ-Transplant2/pretrained_tokenizer/model.ckpt
checkpoint_name: 
nnodes: -1
node_rank: -1
local_rank: 0
dist_url: tcp://224.66.41.62:23456
dist_backend: nccl
world_size: 2
batch_size: 32
ms_token_size: (1, 2, 3, 4, 5, 6, 8, 10, 13, 16)
init_checkpoint_dir: /projects/yuanai/projects/VQ-Transplant2/checkpoint/
data_pre: ImageNet
model_pre: model_16384_8_1
loss_pre: loss_1.0_1.0_0.0_0.4
training_pre: vanilla_vq_transplant_False
saver_name_pre: vanilla_vq_transplant_False_ImageNet_model_16384_8_1_loss_1.0_1.0_0.0_0.4
| distributed init (rank 0): env://
| distributed init (rank 1): env://
making attention of type 'vanilla' with 512 in_channels
making attention of type 'vanilla' with 512 in_channels
making attention of type 'vanilla' with 512 in_channels
Working with z of shape (1, 16, 16, 16) = 4096 dimensions.
making attention of type 'vanilla' with 512 in_channels
making attention of type 'vanilla' with 512 in_channels
making attention of type 'vanilla' with 512 in_channels
making attention of type 'vanilla' with 512 in_channels
loaded pretrained LPIPS loss from /projects/yuanai/projects/VQ-Transplant2/code/models/cache/vgg.pth
VQ Model Parameters: 69609635
dataset name: ImageNet
len train_set: 1281167
len val_set: 50000
Start training...
epoch:1, cur_lr:0.000100
Train Epoch: [1/2] Iters:[10/20018] transplant_loss 17.0767, rec_loss 0.3251, p_loss 0.7282, quant_error 4.0084, utilization 0.0286, perplexity 187.4290,
Train Epoch: [1/2] Iters:[20/20018] transplant_loss 21.7096, rec_loss 0.3209, p_loss 0.7283, quant_error 3.9091, utilization 0.0226, perplexity 137.9760,
Train Epoch: [1/2] Iters:[30/20018] transplant_loss 21.9645, rec_loss 0.3120, p_loss 0.7222, quant_error 3.8097, utilization 0.0199, perplexity 120.2252,
Train Epoch: [1/2] Iters:[40/20018] transplant_loss 22.0999, rec_loss 0.3104, p_loss 0.7198, quant_error 3.7632, utilization 0.0182, perplexity 105.3323,
Train Epoch: [1/2] Iters:[50/20018] transplant_loss 24.1477, rec_loss 0.3082, p_loss 0.7153, quant_error 3.7212, utilization 0.0168, perplexity 92.6885,
Train Epoch: [1/2] Iters:[60/20018] transplant_loss 29.6384, rec_loss 0.3044, p_loss 0.7118, quant_error 3.6536, utilization 0.0132, perplexity 59.9124,
Train Epoch: [1/2] Iters:[70/20018] transplant_loss 48.1339, rec_loss 0.3015, p_loss 0.7071, quant_error 3.6288, utilization 0.0118, perplexity 45.0101,
Train Epoch: [1/2] Iters:[80/20018] transplant_loss 99.1488, rec_loss 0.2947, p_loss 0.7047, quant_error 3.6055, utilization 0.0107, perplexity 30.0272,
Train Epoch: [1/2] Iters:[90/20018] transplant_loss 192.9458, rec_loss 0.2757, p_loss 0.7016, quant_error 3.5295, utilization 0.0099, perplexity 19.6900,
Train Epoch: [1/2] Iters:[100/20018] transplant_loss 264.1099, rec_loss 0.2543, p_loss 0.7014, quant_error 3.4384, utilization 0.0096, perplexity 14.3112,
Train Epoch: [1/2] Iters:[110/20018] transplant_loss 323.8762, rec_loss 0.2299, p_loss 0.6979, quant_error 3.3164, utilization 0.0093, perplexity 12.2656,
Train Epoch: [1/2] Iters:[120/20018] transplant_loss 356.4605, rec_loss 0.2052, p_loss 0.6957, quant_error 3.1980, utilization 0.0092, perplexity 11.8867,
Train Epoch: [1/2] Iters:[130/20018] transplant_loss 367.9432, rec_loss 0.1863, p_loss 0.6945, quant_error 3.0880, utilization 0.0092, perplexity 12.2666,
Train Epoch: [1/2] Iters:[140/20018] transplant_loss 318.3145, rec_loss 0.1739, p_loss 0.6925, quant_error 3.0173, utilization 0.0091, perplexity 13.4166,
Train Epoch: [1/2] Iters:[150/20018] transplant_loss 283.1915, rec_loss 0.1661, p_loss 0.6921, quant_error 2.9713, utilization 0.0090, perplexity 13.1990,
Train Epoch: [1/2] Iters:[160/20018] transplant_loss 294.9307, rec_loss 0.1585, p_loss 0.6904, quant_error 2.9270, utilization 0.0087, perplexity 12.4196,
Train Epoch: [1/2] Iters:[170/20018] transplant_loss 351.9203, rec_loss 0.1527, p_loss 0.6894, quant_error 2.8730, utilization 0.0083, perplexity 11.7103,
Train Epoch: [1/2] Iters:[180/20018] transplant_loss 359.3698, rec_loss 0.1491, p_loss 0.6884, quant_error 2.8619, utilization 0.0080, perplexity 11.4003,
Train Epoch: [1/2] Iters:[190/20018] transplant_loss 410.8825, rec_loss 0.1466, p_loss 0.6880, quant_error 2.8479, utilization 0.0075, perplexity 10.2806,
Train Epoch: [1/2] Iters:[200/20018] transplant_loss 477.3441, rec_loss 0.1453, p_loss 0.6864, quant_error 2.8325, utilization 0.0070, perplexity 9.4116,
Train Epoch: [1/2] Iters:[210/20018] transplant_loss 492.2318, rec_loss 0.1455, p_loss 0.6875, quant_error 2.8427, utilization 0.0063, perplexity 9.1014,
Train Epoch: [1/2] Iters:[220/20018] transplant_loss 514.8041, rec_loss 0.1446, p_loss 0.6870, quant_error 2.8494, utilization 0.0056, perplexity 8.6514,
Train Epoch: [1/2] Iters:[230/20018] transplant_loss 584.9328, rec_loss 0.1430, p_loss 0.6861, quant_error 2.8268, utilization 0.0050, perplexity 8.0222,
Train Epoch: [1/2] Iters:[240/20018] transplant_loss 636.2188, rec_loss 0.1472, p_loss 0.6867, quant_error 2.8324, utilization 0.0044, perplexity 7.8402,
Train Epoch: [1/2] Iters:[250/20018] transplant_loss 638.8390, rec_loss 0.1515, p_loss 0.6871, quant_error 2.8600, utilization 0.0040, perplexity 7.0584,
Train Epoch: [1/2] Iters:[260/20018] transplant_loss 778.9994, rec_loss 0.1521, p_loss 0.6861, quant_error 2.8426, utilization 0.0038, perplexity 6.8641,
Train Epoch: [1/2] Iters:[270/20018] transplant_loss 819.6232, rec_loss 0.1596, p_loss 0.6866, quant_error 2.8781, utilization 0.0037, perplexity 6.7634,
Train Epoch: [1/2] Iters:[280/20018] transplant_loss 1001.3713, rec_loss 0.1661, p_loss 0.6881, quant_error 2.9128, utilization 0.0034, perplexity 6.4813,
Train Epoch: [1/2] Iters:[290/20018] transplant_loss 1171.8066, rec_loss 0.1698, p_loss 0.6881, quant_error 2.9536, utilization 0.0032, perplexity 5.7496,
Train Epoch: [1/2] Iters:[300/20018] transplant_loss 1329.2149, rec_loss 0.1789, p_loss 0.6883, quant_error 2.9901, utilization 0.0030, perplexity 5.4948,
Train Epoch: [1/2] Iters:[310/20018] transplant_loss 1690.1179, rec_loss 0.1829, p_loss 0.6881, quant_error 3.0089, utilization 0.0029, perplexity 5.3181,
Train Epoch: [1/2] Iters:[320/20018] transplant_loss 1759.8181, rec_loss 0.1865, p_loss 0.6886, quant_error 3.0123, utilization 0.0028, perplexity 5.1445,
Train Epoch: [1/2] Iters:[330/20018] transplant_loss 1499.6807, rec_loss 0.1989, p_loss 0.6888, quant_error 3.0640, utilization 0.0027, perplexity 4.8778,
Train Epoch: [1/2] Iters:[340/20018] transplant_loss 1416.7782, rec_loss 0.2015, p_loss 0.6899, quant_error 3.0728, utilization 0.0027, perplexity 5.1591,
Train Epoch: [1/2] Iters:[350/20018] transplant_loss 1485.8940, rec_loss 0.1919, p_loss 0.6899, quant_error 3.0393, utilization 0.0026, perplexity 5.3157,
Train Epoch: [1/2] Iters:[360/20018] transplant_loss 1031.3412, rec_loss 0.1990, p_loss 0.6902, quant_error 3.0783, utilization 0.0026, perplexity 4.8643,
Train Epoch: [1/2] Iters:[370/20018] transplant_loss 994.1118, rec_loss 0.2047, p_loss 0.6898, quant_error 3.1163, utilization 0.0025, perplexity 4.6713,
Train Epoch: [1/2] Iters:[380/20018] transplant_loss 1389.8550, rec_loss 0.1969, p_loss 0.6891, quant_error 3.0862, utilization 0.0025, perplexity 5.0058,
Train Epoch: [1/2] Iters:[390/20018] transplant_loss 1415.4927, rec_loss 0.1925, p_loss 0.6887, quant_error 3.0572, utilization 0.0024, perplexity 4.9781,
Train Epoch: [1/2] Iters:[400/20018] transplant_loss 1169.0694, rec_loss 0.2054, p_loss 0.6890, quant_error 3.1215, utilization 0.0024, perplexity 4.8083,
Train Epoch: [1/2] Iters:[410/20018] transplant_loss 1267.5000, rec_loss 0.2006, p_loss 0.6890, quant_error 3.0990, utilization 0.0024, perplexity 5.2079,
Train Epoch: [1/2] Iters:[420/20018] transplant_loss 1360.0025, rec_loss 0.1834, p_loss 0.6883, quant_error 3.0152, utilization 0.0024, perplexity 5.6721,
Train Epoch: [1/2] Iters:[430/20018] transplant_loss 1048.3190, rec_loss 0.1723, p_loss 0.6880, quant_error 2.9601, utilization 0.0023, perplexity 5.6232,
Train Epoch: [1/2] Iters:[440/20018] transplant_loss 844.8022, rec_loss 0.1667, p_loss 0.6862, quant_error 2.9225, utilization 0.0022, perplexity 5.6117,
Train Epoch: [1/2] Iters:[450/20018] transplant_loss 803.4606, rec_loss 0.1466, p_loss 0.6845, quant_error 2.8186, utilization 0.0022, perplexity 6.1596,
Train Epoch: [1/2] Iters:[460/20018] transplant_loss 581.1579, rec_loss 0.1352, p_loss 0.6825, quant_error 2.7602, utilization 0.0021, perplexity 6.5046,
Train Epoch: [1/2] Iters:[470/20018] transplant_loss 284.8079, rec_loss 0.1292, p_loss 0.6797, quant_error 2.7039, utilization 0.0022, perplexity 6.9869,
Train Epoch: [1/2] Iters:[480/20018] transplant_loss 142.8002, rec_loss 0.1250, p_loss 0.6771, quant_error 2.6615, utilization 0.0023, perplexity 7.7911,
Train Epoch: [1/2] Iters:[490/20018] transplant_loss 122.6828, rec_loss 0.1212, p_loss 0.6760, quant_error 2.6418, utilization 0.0024, perplexity 8.3288,
Train Epoch: [1/2] Iters:[500/20018] transplant_loss 257.9308, rec_loss 0.1211, p_loss 0.6750, quant_error 2.6339, utilization 0.0025, perplexity 8.2060,
Train Epoch: [1/2] Iters:[510/20018] transplant_loss 395.8542, rec_loss 0.1242, p_loss 0.6761, quant_error 2.6547, utilization 0.0024, perplexity 7.9511,
Train Epoch: [1/2] Iters:[520/20018] transplant_loss 503.1102, rec_loss 0.1282, p_loss 0.6764, quant_error 2.6820, utilization 0.0023, perplexity 7.6393,
Train Epoch: [1/2] Iters:[530/20018] transplant_loss 524.2003, rec_loss 0.1293, p_loss 0.6757, quant_error 2.6896, utilization 0.0021, perplexity 7.0098,
Train Epoch: [1/2] Iters:[540/20018] transplant_loss 490.3167, rec_loss 0.1286, p_loss 0.6732, quant_error 2.6603, utilization 0.0020, perplexity 6.7073,
Train Epoch: [1/2] Iters:[550/20018] transplant_loss 308.9950, rec_loss 0.1234, p_loss 0.6676, quant_error 2.5894, utilization 0.0020, perplexity 7.1696,
Train Epoch: [1/2] Iters:[560/20018] transplant_loss 156.8577, rec_loss 0.1138, p_loss 0.6609, quant_error 2.4882, utilization 0.0020, perplexity 8.0012,
Train Epoch: [1/2] Iters:[570/20018] transplant_loss 48.3686, rec_loss 0.1054, p_loss 0.6539, quant_error 2.4033, utilization 0.0020, perplexity 8.4000,
Train Epoch: [1/2] Iters:[580/20018] transplant_loss 25.3080, rec_loss 0.1004, p_loss 0.6491, quant_error 2.3510, utilization 0.0021, perplexity 8.9822,
Train Epoch: [1/2] Iters:[590/20018] transplant_loss 43.9043, rec_loss 0.0970, p_loss 0.6450, quant_error 2.3101, utilization 0.0021, perplexity 9.5337,
Train Epoch: [1/2] Iters:[600/20018] transplant_loss 104.0694, rec_loss 0.0967, p_loss 0.6456, quant_error 2.3123, utilization 0.0022, perplexity 9.5308,
Train Epoch: [1/2] Iters:[610/20018] transplant_loss 167.9888, rec_loss 0.0984, p_loss 0.6451, quant_error 2.3230, utilization 0.0023, perplexity 9.3420,
Train Epoch: [1/2] Iters:[620/20018] transplant_loss 196.0272, rec_loss 0.0994, p_loss 0.6442, quant_error 2.3215, utilization 0.0024, perplexity 9.5999,
Train Epoch: [1/2] Iters:[630/20018] transplant_loss 198.7859, rec_loss 0.0981, p_loss 0.6413, quant_error 2.2891, utilization 0.0024, perplexity 9.7217,
Train Epoch: [1/2] Iters:[640/20018] transplant_loss 180.0045, rec_loss 0.0985, p_loss 0.6376, quant_error 2.2597, utilization 0.0024, perplexity 9.8402,
Train Epoch: [1/2] Iters:[650/20018] transplant_loss 122.9784, rec_loss 0.0975, p_loss 0.6337, quant_error 2.2130, utilization 0.0024, perplexity 10.2501,
Train Epoch: [1/2] Iters:[660/20018] transplant_loss 81.2381, rec_loss 0.0949, p_loss 0.6303, quant_error 2.1777, utilization 0.0024, perplexity 10.5615,
Train Epoch: [1/2] Iters:[670/20018] transplant_loss 77.6167, rec_loss 0.0936, p_loss 0.6301, quant_error 2.1580, utilization 0.0024, perplexity 10.9231,
Train Epoch: [1/2] Iters:[680/20018] transplant_loss 91.8757, rec_loss 0.0940, p_loss 0.6291, quant_error 2.1471, utilization 0.0025, perplexity 11.4703,
Train Epoch: [1/2] Iters:[690/20018] transplant_loss 99.9032, rec_loss 0.0912, p_loss 0.6277, quant_error 2.1219, utilization 0.0025, perplexity 11.9858,
Train Epoch: [1/2] Iters:[700/20018] transplant_loss 109.9957, rec_loss 0.0897, p_loss 0.6248, quant_error 2.1039, utilization 0.0026, perplexity 12.3982,
Train Epoch: [1/2] Iters:[710/20018] transplant_loss 100.4975, rec_loss 0.0899, p_loss 0.6227, quant_error 2.0834, utilization 0.0026, perplexity 12.9124,
Train Epoch: [1/2] Iters:[720/20018] transplant_loss 85.7776, rec_loss 0.0893, p_loss 0.6190, quant_error 2.0518, utilization 0.0026, perplexity 13.2367,
Train Epoch: [1/2] Iters:[730/20018] transplant_loss 78.1424, rec_loss 0.0876, p_loss 0.6158, quant_error 2.0164, utilization 0.0026, perplexity 13.4414,
Train Epoch: [1/2] Iters:[740/20018] transplant_loss 75.0364, rec_loss 0.0879, p_loss 0.6141, quant_error 2.0003, utilization 0.0026, perplexity 13.8101,
Train Epoch: [1/2] Iters:[750/20018] transplant_loss 68.1865, rec_loss 0.0871, p_loss 0.6116, quant_error 1.9784, utilization 0.0026, perplexity 14.2796,
Train Epoch: [1/2] Iters:[760/20018] transplant_loss 60.3938, rec_loss 0.0859, p_loss 0.6100, quant_error 1.9490, utilization 0.0026, perplexity 14.7261,
Train Epoch: [1/2] Iters:[770/20018] transplant_loss 59.5952, rec_loss 0.0850, p_loss 0.6081, quant_error 1.9319, utilization 0.0026, perplexity 15.0802,
Train Epoch: [1/2] Iters:[780/20018] transplant_loss 59.1348, rec_loss 0.0848, p_loss 0.6079, quant_error 1.9318, utilization 0.0026, perplexity 15.4934,
Train Epoch: [1/2] Iters:[790/20018] transplant_loss 65.0381, rec_loss 0.0843, p_loss 0.6071, quant_error 1.9247, utilization 0.0026, perplexity 15.8042,
Train Epoch: [1/2] Iters:[800/20018] transplant_loss 67.9689, rec_loss 0.0841, p_loss 0.6071, quant_error 1.9142, utilization 0.0026, perplexity 16.1127,
Train Epoch: [1/2] Iters:[810/20018] transplant_loss 69.2215, rec_loss 0.0843, p_loss 0.6062, quant_error 1.9063, utilization 0.0026, perplexity 16.3610,
Train Epoch: [1/2] Iters:[820/20018] transplant_loss 68.7769, rec_loss 0.0846, p_loss 0.6057, quant_error 1.9020, utilization 0.0026, perplexity 16.6473,
Train Epoch: [1/2] Iters:[830/20018] transplant_loss 69.5638, rec_loss 0.0840, p_loss 0.6037, quant_error 1.8822, utilization 0.0026, perplexity 16.9254,
Train Epoch: [1/2] Iters:[840/20018] transplant_loss 67.4604, rec_loss 0.0834, p_loss 0.6034, quant_error 1.8725, utilization 0.0026, perplexity 17.0888,
Train Epoch: [1/2] Iters:[850/20018] transplant_loss 68.8214, rec_loss 0.0830, p_loss 0.6016, quant_error 1.8637, utilization 0.0026, perplexity 17.1745,
Train Epoch: [1/2] Iters:[860/20018] transplant_loss 68.7191, rec_loss 0.0827, p_loss 0.6002, quant_error 1.8484, utilization 0.0026, perplexity 17.2089,
Train Epoch: [1/2] Iters:[870/20018] transplant_loss 66.4972, rec_loss 0.0820, p_loss 0.5996, quant_error 1.8306, utilization 0.0026, perplexity 17.3661,
Train Epoch: [1/2] Iters:[880/20018] transplant_loss 66.9734, rec_loss 0.0821, p_loss 0.5999, quant_error 1.8248, utilization 0.0026, perplexity 17.6291,
Train Epoch: [1/2] Iters:[890/20018] transplant_loss 67.1069, rec_loss 0.0812, p_loss 0.5984, quant_error 1.8117, utilization 0.0026, perplexity 17.9240,
Train Epoch: [1/2] Iters:[900/20018] transplant_loss 66.0028, rec_loss 0.0813, p_loss 0.5987, quant_error 1.7991, utilization 0.0026, perplexity 18.1268,
Train Epoch: [1/2] Iters:[910/20018] transplant_loss 69.6402, rec_loss 0.0810, p_loss 0.5988, quant_error 1.7979, utilization 0.0026, perplexity 18.3915,
Train Epoch: [1/2] Iters:[920/20018] transplant_loss 74.1350, rec_loss 0.0808, p_loss 0.5976, quant_error 1.7974, utilization 0.0026, perplexity 18.5510,
Train Epoch: [1/2] Iters:[930/20018] transplant_loss 71.4968, rec_loss 0.0806, p_loss 0.5967, quant_error 1.7878, utilization 0.0026, perplexity 18.6001,
Train Epoch: [1/2] Iters:[940/20018] transplant_loss 73.9044, rec_loss 0.0803, p_loss 0.5964, quant_error 1.7817, utilization 0.0026, perplexity 18.7112,
Train Epoch: [1/2] Iters:[950/20018] transplant_loss 75.7064, rec_loss 0.0796, p_loss 0.5963, quant_error 1.7777, utilization 0.0026, perplexity 18.8812,
Train Epoch: [1/2] Iters:[960/20018] transplant_loss 75.5053, rec_loss 0.0793, p_loss 0.5952, quant_error 1.7654, utilization 0.0026, perplexity 18.9921,
Train Epoch: [1/2] Iters:[970/20018] transplant_loss 74.1411, rec_loss 0.0790, p_loss 0.5946, quant_error 1.7519, utilization 0.0026, perplexity 19.1313,
Train Epoch: [1/2] Iters:[980/20018] transplant_loss 73.2375, rec_loss 0.0785, p_loss 0.5940, quant_error 1.7394, utilization 0.0026, perplexity 19.3033,
Train Epoch: [1/2] Iters:[990/20018] transplant_loss 72.4958, rec_loss 0.0775, p_loss 0.5924, quant_error 1.7267, utilization 0.0026, perplexity 19.4872,
Train Epoch: [1/2] Iters:[1000/20018] transplant_loss 71.9278, rec_loss 0.0781, p_loss 0.5908, quant_error 1.7238, utilization 0.0026, perplexity 19.6676,
Train Epoch: [1/2] Iters:[1010/20018] transplant_loss 70.3340, rec_loss 0.0773, p_loss 0.5888, quant_error 1.7154, utilization 0.0026, perplexity 19.8662,
Train Epoch: [1/2] Iters:[1020/20018] transplant_loss 69.6291, rec_loss 0.0770, p_loss 0.5878, quant_error 1.7086, utilization 0.0026, perplexity 20.0217,
Train Epoch: [1/2] Iters:[1030/20018] transplant_loss 69.6309, rec_loss 0.0769, p_loss 0.5877, quant_error 1.7061, utilization 0.0026, perplexity 20.0699,
Train Epoch: [1/2] Iters:[1040/20018] transplant_loss 65.3564, rec_loss 0.0773, p_loss 0.5875, quant_error 1.6932, utilization 0.0026, perplexity 20.1538,
Train Epoch: [1/2] Iters:[1050/20018] transplant_loss 62.4529, rec_loss 0.0764, p_loss 0.5873, quant_error 1.6840, utilization 0.0026, perplexity 20.2273,
Train Epoch: [1/2] Iters:[1060/20018] transplant_loss 65.2662, rec_loss 0.0761, p_loss 0.5873, quant_error 1.6812, utilization 0.0026, perplexity 20.3150,
Train Epoch: [1/2] Iters:[1070/20018] transplant_loss 65.4985, rec_loss 0.0752, p_loss 0.5871, quant_error 1.6719, utilization 0.0026, perplexity 20.3821,
Train Epoch: [1/2] Iters:[1080/20018] transplant_loss 64.1848, rec_loss 0.0744, p_loss 0.5858, quant_error 1.6617, utilization 0.0026, perplexity 20.4870,
Train Epoch: [1/2] Iters:[1090/20018] transplant_loss 63.2177, rec_loss 0.0741, p_loss 0.5841, quant_error 1.6574, utilization 0.0026, perplexity 20.6364,
Train Epoch: [1/2] Iters:[1100/20018] transplant_loss 63.1676, rec_loss 0.0736, p_loss 0.5837, quant_error 1.6448, utilization 0.0026, perplexity 20.8221,
Train Epoch: [1/2] Iters:[1110/20018] transplant_loss 63.1888, rec_loss 0.0732, p_loss 0.5825, quant_error 1.6396, utilization 0.0026, perplexity 21.0501,
Train Epoch: [1/2] Iters:[1120/20018] transplant_loss 62.8680, rec_loss 0.0742, p_loss 0.5826, quant_error 1.6346, utilization 0.0026, perplexity 21.2304,
Train Epoch: [1/2] Iters:[1130/20018] transplant_loss 64.2284, rec_loss 0.0744, p_loss 0.5821, quant_error 1.6350, utilization 0.0026, perplexity 21.4821,
Train Epoch: [1/2] Iters:[1140/20018] transplant_loss 63.8157, rec_loss 0.0754, p_loss 0.5826, quant_error 1.6322, utilization 0.0026, perplexity 21.6593,
Train Epoch: [1/2] Iters:[1150/20018] transplant_loss 65.0338, rec_loss 0.0750, p_loss 0.5806, quant_error 1.6230, utilization 0.0026, perplexity 21.7827,
Train Epoch: [1/2] Iters:[1160/20018] transplant_loss 63.2058, rec_loss 0.0765, p_loss 0.5801, quant_error 1.6157, utilization 0.0026, perplexity 21.8095,
Train Epoch: [1/2] Iters:[1170/20018] transplant_loss 61.2485, rec_loss 0.0754, p_loss 0.5786, quant_error 1.6077, utilization 0.0026, perplexity 22.0132,
Train Epoch: [1/2] Iters:[1180/20018] transplant_loss 59.1345, rec_loss 0.0746, p_loss 0.5761, quant_error 1.5914, utilization 0.0026, perplexity 22.1845,
Train Epoch: [1/2] Iters:[1190/20018] transplant_loss 58.6102, rec_loss 0.0744, p_loss 0.5752, quant_error 1.5847, utilization 0.0026, perplexity 22.1996,
Train Epoch: [1/2] Iters:[1200/20018] transplant_loss 55.9485, rec_loss 0.0743, p_loss 0.5746, quant_error 1.5778, utilization 0.0026, perplexity 22.2792,
Train Epoch: [1/2] Iters:[1210/20018] transplant_loss 54.0930, rec_loss 0.0729, p_loss 0.5743, quant_error 1.5705, utilization 0.0026, perplexity 22.5513,
Train Epoch: [1/2] Iters:[1220/20018] transplant_loss 54.3774, rec_loss 0.0733, p_loss 0.5725, quant_error 1.5681, utilization 0.0026, perplexity 22.6529,
Train Epoch: [1/2] Iters:[1230/20018] transplant_loss 54.1522, rec_loss 0.0743, p_loss 0.5733, quant_error 1.5656, utilization 0.0026, perplexity 22.6647,
Train Epoch: [1/2] Iters:[1240/20018] transplant_loss 53.9587, rec_loss 0.0741, p_loss 0.5739, quant_error 1.5645, utilization 0.0026, perplexity 22.9202,
Train Epoch: [1/2] Iters:[1250/20018] transplant_loss 54.6039, rec_loss 0.0743, p_loss 0.5728, quant_error 1.5630, utilization 0.0026, perplexity 23.1699,
Train Epoch: [1/2] Iters:[1260/20018] transplant_loss 55.1502, rec_loss 0.0751, p_loss 0.5726, quant_error 1.5627, utilization 0.0026, perplexity 23.2173,
Train Epoch: [1/2] Iters:[1270/20018] transplant_loss 54.8734, rec_loss 0.0749, p_loss 0.5720, quant_error 1.5557, utilization 0.0026, perplexity 23.2140,
Train Epoch: [1/2] Iters:[1280/20018] transplant_loss 55.0743, rec_loss 0.0745, p_loss 0.5716, quant_error 1.5550, utilization 0.0026, perplexity 23.3038,
Train Epoch: [1/2] Iters:[1290/20018] transplant_loss 53.8177, rec_loss 0.0737, p_loss 0.5695, quant_error 1.5402, utilization 0.0026, perplexity 23.4287,
Train Epoch: [1/2] Iters:[1300/20018] transplant_loss 51.7828, rec_loss 0.0734, p_loss 0.5687, quant_error 1.5346, utilization 0.0026, perplexity 23.5186,
Train Epoch: [1/2] Iters:[1310/20018] transplant_loss 49.5031, rec_loss 0.0725, p_loss 0.5674, quant_error 1.5180, utilization 0.0026, perplexity 23.6574,
Train Epoch: [1/2] Iters:[1320/20018] transplant_loss 48.3624, rec_loss 0.0728, p_loss 0.5690, quant_error 1.5231, utilization 0.0026, perplexity 23.9573,
Train Epoch: [1/2] Iters:[1330/20018] transplant_loss 48.1302, rec_loss 0.0714, p_loss 0.5662, quant_error 1.5136, utilization 0.0026, perplexity 24.2109,
Train Epoch: [1/2] Iters:[1340/20018] transplant_loss 48.2491, rec_loss 0.0707, p_loss 0.5636, quant_error 1.5114, utilization 0.0026, perplexity 24.2897,
Train Epoch: [1/2] Iters:[1350/20018] transplant_loss 48.4087, rec_loss 0.0709, p_loss 0.5626, quant_error 1.5067, utilization 0.0026, perplexity 24.3468,
Train Epoch: [1/2] Iters:[1360/20018] transplant_loss 47.9201, rec_loss 0.0704, p_loss 0.5604, quant_error 1.4987, utilization 0.0026, perplexity 24.4735,
Train Epoch: [1/2] Iters:[1370/20018] transplant_loss 48.4423, rec_loss 0.0704, p_loss 0.5583, quant_error 1.4917, utilization 0.0026, perplexity 24.5716,
Train Epoch: [1/2] Iters:[1380/20018] transplant_loss 48.3838, rec_loss 0.0710, p_loss 0.5597, quant_error 1.4923, utilization 0.0026, perplexity 24.6551,
Train Epoch: [1/2] Iters:[1390/20018] transplant_loss 47.4635, rec_loss 0.0716, p_loss 0.5605, quant_error 1.4927, utilization 0.0026, perplexity 24.7524,
Train Epoch: [1/2] Iters:[1400/20018] transplant_loss 47.4070, rec_loss 0.0718, p_loss 0.5604, quant_error 1.4909, utilization 0.0026, perplexity 24.8409,
Train Epoch: [1/2] Iters:[1410/20018] transplant_loss 48.4020, rec_loss 0.0723, p_loss 0.5613, quant_error 1.4986, utilization 0.0026, perplexity 25.0981,
Train Epoch: [1/2] Iters:[1420/20018] transplant_loss 47.1844, rec_loss 0.0714, p_loss 0.5596, quant_error 1.4821, utilization 0.0026, perplexity 25.1752,
Train Epoch: [1/2] Iters:[1430/20018] transplant_loss 45.6062, rec_loss 0.0709, p_loss 0.5573, quant_error 1.4696, utilization 0.0026, perplexity 25.3399,
Train Epoch: [1/2] Iters:[1440/20018] transplant_loss 46.9116, rec_loss 0.0703, p_loss 0.5566, quant_error 1.4659, utilization 0.0026, perplexity 25.5453,
Train Epoch: [1/2] Iters:[1450/20018] transplant_loss 46.0835, rec_loss 0.0691, p_loss 0.5552, quant_error 1.4582, utilization 0.0026, perplexity 25.7172,
Train Epoch: [1/2] Iters:[1460/20018] transplant_loss 45.2860, rec_loss 0.0689, p_loss 0.5551, quant_error 1.4547, utilization 0.0026, perplexity 25.7491,
Train Epoch: [1/2] Iters:[1470/20018] transplant_loss 45.2640, rec_loss 0.0691, p_loss 0.5537, quant_error 1.4579, utilization 0.0026, perplexity 25.8611,
Train Epoch: [1/2] Iters:[1480/20018] transplant_loss 44.9580, rec_loss 0.0692, p_loss 0.5525, quant_error 1.4563, utilization 0.0026, perplexity 25.9782,
Train Epoch: [1/2] Iters:[1490/20018] transplant_loss 43.3742, rec_loss 0.0692, p_loss 0.5519, quant_error 1.4490, utilization 0.0026, perplexity 26.1325,
Train Epoch: [1/2] Iters:[1500/20018] transplant_loss 44.0585, rec_loss 0.0692, p_loss 0.5513, quant_error 1.4480, utilization 0.0026, perplexity 26.2181,
Train Epoch: [1/2] Iters:[1510/20018] transplant_loss 43.0140, rec_loss 0.0698, p_loss 0.5507, quant_error 1.4396, utilization 0.0026, perplexity 26.2188,
Train Epoch: [1/2] Iters:[1520/20018] transplant_loss 42.7986, rec_loss 0.0699, p_loss 0.5503, quant_error 1.4294, utilization 0.0026, perplexity 26.4387,
Train Epoch: [1/2] Iters:[1530/20018] transplant_loss 42.7447, rec_loss 0.0699, p_loss 0.5507, quant_error 1.4260, utilization 0.0026, perplexity 26.6113,
Train Epoch: [1/2] Iters:[1540/20018] transplant_loss 42.2760, rec_loss 0.0704, p_loss 0.5497, quant_error 1.4213, utilization 0.0026, perplexity 26.6295,
Train Epoch: [1/2] Iters:[1550/20018] transplant_loss 41.1172, rec_loss 0.0710, p_loss 0.5493, quant_error 1.4164, utilization 0.0026, perplexity 26.8296,
Train Epoch: [1/2] Iters:[1560/20018] transplant_loss 41.6183, rec_loss 0.0701, p_loss 0.5482, quant_error 1.4155, utilization 0.0026, perplexity 27.0349,
Train Epoch: [1/2] Iters:[1570/20018] transplant_loss 41.3121, rec_loss 0.0695, p_loss 0.5485, quant_error 1.4139, utilization 0.0026, perplexity 27.1436,
Train Epoch: [1/2] Iters:[1580/20018] transplant_loss 41.2990, rec_loss 0.0695, p_loss 0.5465, quant_error 1.4102, utilization 0.0026, perplexity 27.2205,
Train Epoch: [1/2] Iters:[1590/20018] transplant_loss 41.1586, rec_loss 0.0697, p_loss 0.5453, quant_error 1.4088, utilization 0.0026, perplexity 27.3147,
Train Epoch: [1/2] Iters:[1600/20018] transplant_loss 40.8729, rec_loss 0.0689, p_loss 0.5458, quant_error 1.4037, utilization 0.0026, perplexity 27.3212,
Train Epoch: [1/2] Iters:[1610/20018] transplant_loss 41.1863, rec_loss 0.0686, p_loss 0.5446, quant_error 1.3956, utilization 0.0026, perplexity 27.3639,
Train Epoch: [1/2] Iters:[1620/20018] transplant_loss 41.1832, rec_loss 0.0695, p_loss 0.5435, quant_error 1.3948, utilization 0.0026, perplexity 27.4262,
Train Epoch: [1/2] Iters:[1630/20018] transplant_loss 40.3031, rec_loss 0.0689, p_loss 0.5431, quant_error 1.3895, utilization 0.0026, perplexity 27.5673,
Train Epoch: [1/2] Iters:[1640/20018] transplant_loss 39.7738, rec_loss 0.0679, p_loss 0.5419, quant_error 1.3814, utilization 0.0026, perplexity 27.6653,
Train Epoch: [1/2] Iters:[1650/20018] transplant_loss 40.4095, rec_loss 0.0679, p_loss 0.5383, quant_error 1.3776, utilization 0.0026, perplexity 27.8605,
Train Epoch: [1/2] Iters:[1660/20018] transplant_loss 39.7728, rec_loss 0.0673, p_loss 0.5361, quant_error 1.3698, utilization 0.0026, perplexity 28.1007,
Train Epoch: [1/2] Iters:[1670/20018] transplant_loss 39.3809, rec_loss 0.0671, p_loss 0.5364, quant_error 1.3694, utilization 0.0026, perplexity 28.2300,
Train Epoch: [1/2] Iters:[1680/20018] transplant_loss 39.7742, rec_loss 0.0677, p_loss 0.5359, quant_error 1.3691, utilization 0.0026, perplexity 28.2135,
Train Epoch: [1/2] Iters:[1690/20018] transplant_loss 39.9758, rec_loss 0.0685, p_loss 0.5366, quant_error 1.3707, utilization 0.0026, perplexity 28.3539,
Train Epoch: [1/2] Iters:[1700/20018] transplant_loss 39.4133, rec_loss 0.0688, p_loss 0.5369, quant_error 1.3709, utilization 0.0026, perplexity 28.4254,
Train Epoch: [1/2] Iters:[1710/20018] transplant_loss 39.7333, rec_loss 0.0699, p_loss 0.5369, quant_error 1.3716, utilization 0.0026, perplexity 28.3951,
Train Epoch: [1/2] Iters:[1720/20018] transplant_loss 40.0919, rec_loss 0.0690, p_loss 0.5344, quant_error 1.3643, utilization 0.0026, perplexity 28.5325,
Train Epoch: [1/2] Iters:[1730/20018] transplant_loss 39.7983, rec_loss 0.0685, p_loss 0.5334, quant_error 1.3575, utilization 0.0026, perplexity 28.7632,
Train Epoch: [1/2] Iters:[1740/20018] transplant_loss 39.4607, rec_loss 0.0676, p_loss 0.5327, quant_error 1.3527, utilization 0.0026, perplexity 28.9329,
Train Epoch: [1/2] Iters:[1750/20018] transplant_loss 39.6104, rec_loss 0.0677, p_loss 0.5326, quant_error 1.3506, utilization 0.0026, perplexity 29.1002,
Train Epoch: [1/2] Iters:[1760/20018] transplant_loss 39.2745, rec_loss 0.0661, p_loss 0.5315, quant_error 1.3473, utilization 0.0026, perplexity 29.2548,
Train Epoch: [1/2] Iters:[1770/20018] transplant_loss 39.0211, rec_loss 0.0667, p_loss 0.5328, quant_error 1.3462, utilization 0.0026, perplexity 29.3168,
Train Epoch: [1/2] Iters:[1780/20018] transplant_loss 39.7923, rec_loss 0.0665, p_loss 0.5314, quant_error 1.3455, utilization 0.0026, perplexity 29.4529,
Train Epoch: [1/2] Iters:[1790/20018] transplant_loss 40.0443, rec_loss 0.0664, p_loss 0.5305, quant_error 1.3391, utilization 0.0026, perplexity 29.5342,
Train Epoch: [1/2] Iters:[1800/20018] transplant_loss 39.4755, rec_loss 0.0655, p_loss 0.5301, quant_error 1.3277, utilization 0.0026, perplexity 29.6880,
Train Epoch: [1/2] Iters:[1810/20018] transplant_loss 39.4392, rec_loss 0.0666, p_loss 0.5302, quant_error 1.3231, utilization 0.0026, perplexity 29.8709,
Train Epoch: [1/2] Iters:[1820/20018] transplant_loss 39.3478, rec_loss 0.0651, p_loss 0.5273, quant_error 1.3138, utilization 0.0026, perplexity 29.9460,
Train Epoch: [1/2] Iters:[1830/20018] transplant_loss 38.0417, rec_loss 0.0657, p_loss 0.5280, quant_error 1.3087, utilization 0.0026, perplexity 30.0265,
Train Epoch: [1/2] Iters:[1840/20018] transplant_loss 38.0249, rec_loss 0.0665, p_loss 0.5268, quant_error 1.3077, utilization 0.0026, perplexity 30.1146,
Train Epoch: [1/2] Iters:[1850/20018] transplant_loss 38.9016, rec_loss 0.0682, p_loss 0.5267, quant_error 1.3166, utilization 0.0026, perplexity 30.1263,
Train Epoch: [1/2] Iters:[1860/20018] transplant_loss 38.9589, rec_loss 0.0678, p_loss 0.5247, quant_error 1.3171, utilization 0.0026, perplexity 30.1132,
Train Epoch: [1/2] Iters:[1870/20018] transplant_loss 38.6945, rec_loss 0.0696, p_loss 0.5262, quant_error 1.3186, utilization 0.0026, perplexity 30.2750,
Train Epoch: [1/2] Iters:[1880/20018] transplant_loss 39.2098, rec_loss 0.0698, p_loss 0.5262, quant_error 1.3201, utilization 0.0026, perplexity 30.3506,
Train Epoch: [1/2] Iters:[1890/20018] transplant_loss 38.9271, rec_loss 0.0689, p_loss 0.5258, quant_error 1.3176, utilization 0.0026, perplexity 30.3954,
Train Epoch: [1/2] Iters:[1900/20018] transplant_loss 38.8815, rec_loss 0.0674, p_loss 0.5242, quant_error 1.3097, utilization 0.0026, perplexity 30.4882,
Train Epoch: [1/2] Iters:[1910/20018] transplant_loss 38.4125, rec_loss 0.0675, p_loss 0.5253, quant_error 1.3079, utilization 0.0026, perplexity 30.6895,
Train Epoch: [1/2] Iters:[1920/20018] transplant_loss 37.9303, rec_loss 0.0669, p_loss 0.5228, quant_error 1.3035, utilization 0.0026, perplexity 30.6740,
Train Epoch: [1/2] Iters:[1930/20018] transplant_loss 38.1030, rec_loss 0.0664, p_loss 0.5215, quant_error 1.3010, utilization 0.0026, perplexity 30.6574,
Train Epoch: [1/2] Iters:[1940/20018] transplant_loss 38.3854, rec_loss 0.0661, p_loss 0.5206, quant_error 1.2936, utilization 0.0026, perplexity 30.7718,
Train Epoch: [1/2] Iters:[1950/20018] transplant_loss 37.2383, rec_loss 0.0657, p_loss 0.5189, quant_error 1.2907, utilization 0.0026, perplexity 30.8612,
Train Epoch: [1/2] Iters:[1960/20018] transplant_loss 37.6488, rec_loss 0.0652, p_loss 0.5191, quant_error 1.2868, utilization 0.0026, perplexity 30.9346,
Train Epoch: [1/2] Iters:[1970/20018] transplant_loss 37.9521, rec_loss 0.0650, p_loss 0.5198, quant_error 1.2854, utilization 0.0026, perplexity 31.0815,
Train Epoch: [1/2] Iters:[1980/20018] transplant_loss 37.1316, rec_loss 0.0653, p_loss 0.5193, quant_error 1.2792, utilization 0.0026, perplexity 31.2297,
Train Epoch: [1/2] Iters:[1990/20018] transplant_loss 37.2838, rec_loss 0.0659, p_loss 0.5178, quant_error 1.2821, utilization 0.0026, perplexity 31.2901,
Train Epoch: [1/2] Iters:[2000/20018] transplant_loss 37.7628, rec_loss 0.0669, p_loss 0.5183, quant_error 1.2824, utilization 0.0026, perplexity 31.3965,
Train Epoch: [1/2] Iters:[2010/20018] transplant_loss 37.4089, rec_loss 0.0680, p_loss 0.5171, quant_error 1.2829, utilization 0.0026, perplexity 31.3851,
Train Epoch: [1/2] Iters:[2020/20018] transplant_loss 37.2399, rec_loss 0.0676, p_loss 0.5147, quant_error 1.2785, utilization 0.0026, perplexity 31.4419,
Train Epoch: [1/2] Iters:[2030/20018] transplant_loss 37.4847, rec_loss 0.0672, p_loss 0.5140, quant_error 1.2757, utilization 0.0026, perplexity 31.5211,
Train Epoch: [1/2] Iters:[2040/20018] transplant_loss 37.5308, rec_loss 0.0666, p_loss 0.5131, quant_error 1.2745, utilization 0.0026, perplexity 31.6856,
Train Epoch: [1/2] Iters:[2050/20018] transplant_loss 37.1887, rec_loss 0.0660, p_loss 0.5146, quant_error 1.2698, utilization 0.0026, perplexity 31.7033,
Train Epoch: [1/2] Iters:[2060/20018] transplant_loss 37.0029, rec_loss 0.0646, p_loss 0.5123, quant_error 1.2622, utilization 0.0026, perplexity 31.8243,
Train Epoch: [1/2] Iters:[2070/20018] transplant_loss 37.2243, rec_loss 0.0646, p_loss 0.5122, quant_error 1.2571, utilization 0.0026, perplexity 31.9419,
Train Epoch: [1/2] Iters:[2080/20018] transplant_loss 37.2164, rec_loss 0.0647, p_loss 0.5117, quant_error 1.2578, utilization 0.0026, perplexity 31.9348,
Train Epoch: [1/2] Iters:[2090/20018] transplant_loss 36.4734, rec_loss 0.0651, p_loss 0.5129, quant_error 1.2529, utilization 0.0026, perplexity 31.9911,
Train Epoch: [1/2] Iters:[2100/20018] transplant_loss 36.4093, rec_loss 0.0654, p_loss 0.5104, quant_error 1.2497, utilization 0.0026, perplexity 32.0925,
Train Epoch: [1/2] Iters:[2110/20018] transplant_loss 36.4322, rec_loss 0.0664, p_loss 0.5103, quant_error 1.2505, utilization 0.0026, perplexity 32.0864,
Train Epoch: [1/2] Iters:[2120/20018] transplant_loss 36.2180, rec_loss 0.0665, p_loss 0.5115, quant_error 1.2533, utilization 0.0026, perplexity 32.2121,
Train Epoch: [1/2] Iters:[2130/20018] transplant_loss 35.7057, rec_loss 0.0663, p_loss 0.5110, quant_error 1.2499, utilization 0.0026, perplexity 32.3553,
Train Epoch: [1/2] Iters:[2140/20018] transplant_loss 35.9749, rec_loss 0.0662, p_loss 0.5109, quant_error 1.2546, utilization 0.0026, perplexity 32.4074,
Train Epoch: [1/2] Iters:[2150/20018] transplant_loss 36.4270, rec_loss 0.0654, p_loss 0.5100, quant_error 1.2497, utilization 0.0026, perplexity 32.4900,
Train Epoch: [1/2] Iters:[2160/20018] transplant_loss 36.5214, rec_loss 0.0651, p_loss 0.5103, quant_error 1.2513, utilization 0.0026, perplexity 32.6411,
Train Epoch: [1/2] Iters:[2170/20018] transplant_loss 36.4286, rec_loss 0.0653, p_loss 0.5089, quant_error 1.2490, utilization 0.0026, perplexity 32.6524,
Train Epoch: [1/2] Iters:[2180/20018] transplant_loss 36.8383, rec_loss 0.0654, p_loss 0.5075, quant_error 1.2481, utilization 0.0026, perplexity 32.7504,
Train Epoch: [1/2] Iters:[2190/20018] transplant_loss 36.5727, rec_loss 0.0646, p_loss 0.5052, quant_error 1.2397, utilization 0.0026, perplexity 32.7627,
Train Epoch: [1/2] Iters:[2200/20018] transplant_loss 36.4847, rec_loss 0.0651, p_loss 0.5061, quant_error 1.2436, utilization 0.0026, perplexity 32.8151,
Train Epoch: [1/2] Iters:[2210/20018] transplant_loss 36.4284, rec_loss 0.0641, p_loss 0.5031, quant_error 1.2375, utilization 0.0026, perplexity 32.9042,
Train Epoch: [1/2] Iters:[2220/20018] transplant_loss 36.5429, rec_loss 0.0636, p_loss 0.5025, quant_error 1.2375, utilization 0.0026, perplexity 32.9750,
Train Epoch: [1/2] Iters:[2230/20018] transplant_loss 36.4279, rec_loss 0.0626, p_loss 0.5030, quant_error 1.2303, utilization 0.0026, perplexity 33.0391,
Train Epoch: [1/2] Iters:[2240/20018] transplant_loss 36.2899, rec_loss 0.0630, p_loss 0.5032, quant_error 1.2255, utilization 0.0026, perplexity 33.0993,
Train Epoch: [1/2] Iters:[2250/20018] transplant_loss 35.8279, rec_loss 0.0631, p_loss 0.5022, quant_error 1.2201, utilization 0.0026, perplexity 33.1952,
Train Epoch: [1/2] Iters:[2260/20018] transplant_loss 35.6596, rec_loss 0.0642, p_loss 0.5038, quant_error 1.2200, utilization 0.0026, perplexity 33.3488,
Train Epoch: [1/2] Iters:[2270/20018] transplant_loss 35.5719, rec_loss 0.0643, p_loss 0.5036, quant_error 1.2168, utilization 0.0026, perplexity 33.3548,
Train Epoch: [1/2] Iters:[2280/20018] transplant_loss 35.7152, rec_loss 0.0649, p_loss 0.5028, quant_error 1.2167, utilization 0.0026, perplexity 33.4951,
Train Epoch: [1/2] Iters:[2290/20018] transplant_loss 35.5574, rec_loss 0.0646, p_loss 0.5012, quant_error 1.2143, utilization 0.0026, perplexity 33.6359,
Train Epoch: [1/2] Iters:[2300/20018] transplant_loss 35.4064, rec_loss 0.0639, p_loss 0.5002, quant_error 1.2093, utilization 0.0026, perplexity 33.6333,
Train Epoch: [1/2] Iters:[2310/20018] transplant_loss 35.0109, rec_loss 0.0630, p_loss 0.4985, quant_error 1.2041, utilization 0.0026, perplexity 33.5856,
Train Epoch: [1/2] Iters:[2320/20018] transplant_loss 34.9521, rec_loss 0.0631, p_loss 0.4954, quant_error 1.2005, utilization 0.0026, perplexity 33.7125,
Train Epoch: [1/2] Iters:[2330/20018] transplant_loss 34.5316, rec_loss 0.0628, p_loss 0.4942, quant_error 1.1947, utilization 0.0026, perplexity 33.6718,
Train Epoch: [1/2] Iters:[2340/20018] transplant_loss 34.5760, rec_loss 0.0623, p_loss 0.4929, quant_error 1.1922, utilization 0.0026, perplexity 33.8091,
Train Epoch: [1/2] Iters:[2350/20018] transplant_loss 34.4767, rec_loss 0.0621, p_loss 0.4923, quant_error 1.1900, utilization 0.0026, perplexity 33.9819,
Train Epoch: [1/2] Iters:[2360/20018] transplant_loss 34.6929, rec_loss 0.0627, p_loss 0.4923, quant_error 1.1883, utilization 0.0026, perplexity 34.0417,
Train Epoch: [1/2] Iters:[2370/20018] transplant_loss 34.2221, rec_loss 0.0632, p_loss 0.4945, quant_error 1.1847, utilization 0.0026, perplexity 34.1187,
Train Epoch: [1/2] Iters:[2380/20018] transplant_loss 34.1858, rec_loss 0.0636, p_loss 0.4945, quant_error 1.1882, utilization 0.0026, perplexity 34.2443,
Train Epoch: [1/2] Iters:[2390/20018] transplant_loss 34.3646, rec_loss 0.0641, p_loss 0.4948, quant_error 1.1887, utilization 0.0026, perplexity 34.1902,
Train Epoch: [1/2] Iters:[2400/20018] transplant_loss 34.1374, rec_loss 0.0647, p_loss 0.4930, quant_error 1.1896, utilization 0.0026, perplexity 34.1266,
Train Epoch: [1/2] Iters:[2410/20018] transplant_loss 33.6117, rec_loss 0.0661, p_loss 0.4940, quant_error 1.2002, utilization 0.0026, perplexity 34.1776,
Train Epoch: [1/2] Iters:[2420/20018] transplant_loss 34.0760, rec_loss 0.0665, p_loss 0.4962, quant_error 1.2130, utilization 0.0026, perplexity 34.1790,
Train Epoch: [1/2] Iters:[2430/20018] transplant_loss 34.3590, rec_loss 0.0664, p_loss 0.4956, quant_error 1.2100, utilization 0.0026, perplexity 34.2078,
Train Epoch: [1/2] Iters:[2440/20018] transplant_loss 33.8600, rec_loss 0.0661, p_loss 0.4951, quant_error 1.2059, utilization 0.0026, perplexity 34.3691,
Train Epoch: [1/2] Iters:[2450/20018] transplant_loss 33.7657, rec_loss 0.0656, p_loss 0.4959, quant_error 1.2059, utilization 0.0026, perplexity 34.4807,
Train Epoch: [1/2] Iters:[2460/20018] transplant_loss 34.0739, rec_loss 0.0634, p_loss 0.4934, quant_error 1.1895, utilization 0.0026, perplexity 34.5662,
Train Epoch: [1/2] Iters:[2470/20018] transplant_loss 33.6530, rec_loss 0.0626, p_loss 0.4896, quant_error 1.1714, utilization 0.0026, perplexity 34.6164,
Train Epoch: [1/2] Iters:[2480/20018] transplant_loss 33.0078, rec_loss 0.0625, p_loss 0.4901, quant_error 1.1703, utilization 0.0026, perplexity 34.7061,
Train Epoch: [1/2] Iters:[2490/20018] transplant_loss 33.0473, rec_loss 0.0621, p_loss 0.4903, quant_error 1.1699, utilization 0.0026, perplexity 34.7576,
Train Epoch: [1/2] Iters:[2500/20018] transplant_loss 33.1303, rec_loss 0.0626, p_loss 0.4892, quant_error 1.1668, utilization 0.0026, perplexity 34.8534,
Train Epoch: [1/2] Iters:[2510/20018] transplant_loss 33.0674, rec_loss 0.0633, p_loss 0.4918, quant_error 1.1743, utilization 0.0026, perplexity 34.8673,
Train Epoch: [1/2] Iters:[2520/20018] transplant_loss 33.4063, rec_loss 0.0630, p_loss 0.4926, quant_error 1.1795, utilization 0.0026, perplexity 35.0126,
Train Epoch: [1/2] Iters:[2530/20018] transplant_loss 33.7072, rec_loss 0.0626, p_loss 0.4911, quant_error 1.1756, utilization 0.0026, perplexity 35.0176,
Train Epoch: [1/2] Iters:[2540/20018] transplant_loss 33.5799, rec_loss 0.0634, p_loss 0.4922, quant_error 1.1763, utilization 0.0026, perplexity 34.9720,
Train Epoch: [1/2] Iters:[2550/20018] transplant_loss 33.8257, rec_loss 0.0625, p_loss 0.4922, quant_error 1.1736, utilization 0.0026, perplexity 35.0768,
Train Epoch: [1/2] Iters:[2560/20018] transplant_loss 33.5120, rec_loss 0.0619, p_loss 0.4896, quant_error 1.1649, utilization 0.0026, perplexity 35.1794,
Train Epoch: [1/2] Iters:[2570/20018] transplant_loss 33.1490, rec_loss 0.0620, p_loss 0.4876, quant_error 1.1592, utilization 0.0026, perplexity 35.2107,
Train Epoch: [1/2] Iters:[2580/20018] transplant_loss 32.9182, rec_loss 0.0616, p_loss 0.4857, quant_error 1.1550, utilization 0.0026, perplexity 35.2900,
Train Epoch: [1/2] Iters:[2590/20018] transplant_loss 33.1051, rec_loss 0.0613, p_loss 0.4849, quant_error 1.1543, utilization 0.0026, perplexity 35.3418,
Train Epoch: [1/2] Iters:[2600/20018] transplant_loss 33.1453, rec_loss 0.0615, p_loss 0.4845, quant_error 1.1536, utilization 0.0026, perplexity 35.3778,
Train Epoch: [1/2] Iters:[2610/20018] transplant_loss 33.1495, rec_loss 0.0611, p_loss 0.4836, quant_error 1.1493, utilization 0.0026, perplexity 35.4573,
Train Epoch: [1/2] Iters:[2620/20018] transplant_loss 33.1805, rec_loss 0.0608, p_loss 0.4835, quant_error 1.1497, utilization 0.0026, perplexity 35.5659,
Train Epoch: [1/2] Iters:[2630/20018] transplant_loss 33.3458, rec_loss 0.0611, p_loss 0.4841, quant_error 1.1538, utilization 0.0026, perplexity 35.6853,
Train Epoch: [1/2] Iters:[2640/20018] transplant_loss 33.2454, rec_loss 0.0610, p_loss 0.4834, quant_error 1.1495, utilization 0.0026, perplexity 35.7616,
Train Epoch: [1/2] Iters:[2650/20018] transplant_loss 32.9036, rec_loss 0.0612, p_loss 0.4831, quant_error 1.1500, utilization 0.0026, perplexity 35.8026,
Train Epoch: [1/2] Iters:[2660/20018] transplant_loss 32.9924, rec_loss 0.0615, p_loss 0.4831, quant_error 1.1485, utilization 0.0026, perplexity 35.8176,
Train Epoch: [1/2] Iters:[2670/20018] transplant_loss 33.0376, rec_loss 0.0616, p_loss 0.4830, quant_error 1.1452, utilization 0.0026, perplexity 35.8462,
Train Epoch: [1/2] Iters:[2680/20018] transplant_loss 32.9981, rec_loss 0.0615, p_loss 0.4823, quant_error 1.1421, utilization 0.0026, perplexity 35.8828,
Train Epoch: [1/2] Iters:[2690/20018] transplant_loss 33.3365, rec_loss 0.0624, p_loss 0.4820, quant_error 1.1489, utilization 0.0026, perplexity 35.9577,
Train Epoch: [1/2] Iters:[2700/20018] transplant_loss 33.0332, rec_loss 0.0618, p_loss 0.4800, quant_error 1.1415, utilization 0.0026, perplexity 35.9403,
Train Epoch: [1/2] Iters:[2710/20018] transplant_loss 32.8073, rec_loss 0.0616, p_loss 0.4801, quant_error 1.1390, utilization 0.0026, perplexity 35.9804,
Train Epoch: [1/2] Iters:[2720/20018] transplant_loss 32.8718, rec_loss 0.0617, p_loss 0.4786, quant_error 1.1368, utilization 0.0026, perplexity 36.0537,
Train Epoch: [1/2] Iters:[2730/20018] transplant_loss 32.6324, rec_loss 0.0619, p_loss 0.4795, quant_error 1.1381, utilization 0.0026, perplexity 36.1342,
Train Epoch: [1/2] Iters:[2740/20018] transplant_loss 32.2275, rec_loss 0.0614, p_loss 0.4792, quant_error 1.1331, utilization 0.0026, perplexity 36.1667,
Train Epoch: [1/2] Iters:[2750/20018] transplant_loss 32.5134, rec_loss 0.0623, p_loss 0.4821, quant_error 1.1370, utilization 0.0026, perplexity 36.2788,
Train Epoch: [1/2] Iters:[2760/20018] transplant_loss 32.6305, rec_loss 0.0627, p_loss 0.4824, quant_error 1.1408, utilization 0.0026, perplexity 36.3945,
Train Epoch: [1/2] Iters:[2770/20018] transplant_loss 32.3542, rec_loss 0.0622, p_loss 0.4809, quant_error 1.1374, utilization 0.0026, perplexity 36.3963,
Train Epoch: [1/2] Iters:[2780/20018] transplant_loss 32.4315, rec_loss 0.0618, p_loss 0.4804, quant_error 1.1335, utilization 0.0026, perplexity 36.3051,
Train Epoch: [1/2] Iters:[2790/20018] transplant_loss 32.1062, rec_loss 0.0610, p_loss 0.4785, quant_error 1.1269, utilization 0.0026, perplexity 36.3951,
Train Epoch: [1/2] Iters:[2800/20018] transplant_loss 31.8729, rec_loss 0.0604, p_loss 0.4761, quant_error 1.1217, utilization 0.0026, perplexity 36.4204,
Train Epoch: [1/2] Iters:[2810/20018] transplant_loss 31.8803, rec_loss 0.0603, p_loss 0.4747, quant_error 1.1184, utilization 0.0026, perplexity 36.4248,
Train Epoch: [1/2] Iters:[2820/20018] transplant_loss 31.7608, rec_loss 0.0605, p_loss 0.4764, quant_error 1.1189, utilization 0.0026, perplexity 36.5248,
Train Epoch: [1/2] Iters:[2830/20018] transplant_loss 31.6691, rec_loss 0.0611, p_loss 0.4767, quant_error 1.1180, utilization 0.0026, perplexity 36.6145,
Train Epoch: [1/2] Iters:[2840/20018] transplant_loss 31.7192, rec_loss 0.0624, p_loss 0.4781, quant_error 1.1195, utilization 0.0026, perplexity 36.6257,
Train Epoch: [1/2] Iters:[2850/20018] transplant_loss 32.0444, rec_loss 0.0620, p_loss 0.4761, quant_error 1.1215, utilization 0.0026, perplexity 36.6727,
Train Epoch: [1/2] Iters:[2860/20018] transplant_loss 31.9157, rec_loss 0.0620, p_loss 0.4772, quant_error 1.1186, utilization 0.0026, perplexity 36.7214,
Train Epoch: [1/2] Iters:[2870/20018] transplant_loss 31.8875, rec_loss 0.0624, p_loss 0.4787, quant_error 1.1197, utilization 0.0026, perplexity 36.7130,
Train Epoch: [1/2] Iters:[2880/20018] transplant_loss 32.0671, rec_loss 0.0620, p_loss 0.4771, quant_error 1.1180, utilization 0.0026, perplexity 36.8295,
Train Epoch: [1/2] Iters:[2890/20018] transplant_loss 32.2185, rec_loss 0.0614, p_loss 0.4763, quant_error 1.1163, utilization 0.0026, perplexity 36.8960,
Train Epoch: [1/2] Iters:[2900/20018] transplant_loss 31.7244, rec_loss 0.0615, p_loss 0.4771, quant_error 1.1118, utilization 0.0026, perplexity 36.9028,
Train Epoch: [1/2] Iters:[2910/20018] transplant_loss 31.8697, rec_loss 0.0614, p_loss 0.4761, quant_error 1.1151, utilization 0.0026, perplexity 36.9920,
Train Epoch: [1/2] Iters:[2920/20018] transplant_loss 31.7242, rec_loss 0.0617, p_loss 0.4761, quant_error 1.1140, utilization 0.0026, perplexity 37.0040,
Train Epoch: [1/2] Iters:[2930/20018] transplant_loss 31.4363, rec_loss 0.0626, p_loss 0.4757, quant_error 1.1137, utilization 0.0026, perplexity 36.9857,
Train Epoch: [1/2] Iters:[2940/20018] transplant_loss 31.2001, rec_loss 0.0619, p_loss 0.4755, quant_error 1.1104, utilization 0.0026, perplexity 37.0016,
Train Epoch: [1/2] Iters:[2950/20018] transplant_loss 31.4057, rec_loss 0.0627, p_loss 0.4766, quant_error 1.1152, utilization 0.0026, perplexity 37.1044,
Train Epoch: [1/2] Iters:[2960/20018] transplant_loss 31.3780, rec_loss 0.0631, p_loss 0.4759, quant_error 1.1145, utilization 0.0026, perplexity 37.1118,
Train Epoch: [1/2] Iters:[2970/20018] transplant_loss 31.2174, rec_loss 0.0623, p_loss 0.4731, quant_error 1.1099, utilization 0.0026, perplexity 37.1802,
Train Epoch: [1/2] Iters:[2980/20018] transplant_loss 31.2253, rec_loss 0.0621, p_loss 0.4746, quant_error 1.1108, utilization 0.0026, perplexity 37.2591,
Train Epoch: [1/2] Iters:[2990/20018] transplant_loss 31.2808, rec_loss 0.0626, p_loss 0.4735, quant_error 1.1119, utilization 0.0026, perplexity 37.2897,
Train Epoch: [1/2] Iters:[3000/20018] transplant_loss 31.3309, rec_loss 0.0623, p_loss 0.4725, quant_error 1.1080, utilization 0.0026, perplexity 37.3236,
Train Epoch: [1/2] Iters:[3010/20018] transplant_loss 31.1819, rec_loss 0.0620, p_loss 0.4732, quant_error 1.1060, utilization 0.0026, perplexity 37.3287,
Train Epoch: [1/2] Iters:[3020/20018] transplant_loss 31.3105, rec_loss 0.0630, p_loss 0.4735, quant_error 1.1087, utilization 0.0026, perplexity 37.3555,
Train Epoch: [1/2] Iters:[3030/20018] transplant_loss 31.1924, rec_loss 0.0621, p_loss 0.4724, quant_error 1.1027, utilization 0.0026, perplexity 37.3814,
Train Epoch: [1/2] Iters:[3040/20018] transplant_loss 30.9584, rec_loss 0.0624, p_loss 0.4733, quant_error 1.1003, utilization 0.0026, perplexity 37.4543,
Train Epoch: [1/2] Iters:[3050/20018] transplant_loss 30.6874, rec_loss 0.0628, p_loss 0.4744, quant_error 1.1009, utilization 0.0026, perplexity 37.4748,
Train Epoch: [1/2] Iters:[3060/20018] transplant_loss 30.4512, rec_loss 0.0632, p_loss 0.4744, quant_error 1.1008, utilization 0.0026, perplexity 37.5030,
Train Epoch: [1/2] Iters:[3070/20018] transplant_loss 30.3765, rec_loss 0.0624, p_loss 0.4746, quant_error 1.0996, utilization 0.0026, perplexity 37.5234,
Train Epoch: [1/2] Iters:[3080/20018] transplant_loss 30.4582, rec_loss 0.0623, p_loss 0.4750, quant_error 1.1054, utilization 0.0026, perplexity 37.5573,
Train Epoch: [1/2] Iters:[3090/20018] transplant_loss 30.3481, rec_loss 0.0623, p_loss 0.4760, quant_error 1.1042, utilization 0.0026, perplexity 37.5458,
Train Epoch: [1/2] Iters:[3100/20018] transplant_loss 30.3411, rec_loss 0.0612, p_loss 0.4738, quant_error 1.0993, utilization 0.0026, perplexity 37.5269,
Train Epoch: [1/2] Iters:[3110/20018] transplant_loss 30.5645, rec_loss 0.0602, p_loss 0.4725, quant_error 1.0969, utilization 0.0026, perplexity 37.6465,
Train Epoch: [1/2] Iters:[3120/20018] transplant_loss 30.4452, rec_loss 0.0604, p_loss 0.4714, quant_error 1.0953, utilization 0.0026, perplexity 37.7063,
Train Epoch: [1/2] Iters:[3130/20018] transplant_loss 30.0027, rec_loss 0.0599, p_loss 0.4682, quant_error 1.0847, utilization 0.0026, perplexity 37.6934,
Train Epoch: [1/2] Iters:[3140/20018] transplant_loss 30.1416, rec_loss 0.0595, p_loss 0.4657, quant_error 1.0841, utilization 0.0026, perplexity 37.7391,
Train Epoch: [1/2] Iters:[3150/20018] transplant_loss 29.9041, rec_loss 0.0605, p_loss 0.4666, quant_error 1.0877, utilization 0.0026, perplexity 37.8397,
Train Epoch: [1/2] Iters:[3160/20018] transplant_loss 29.7846, rec_loss 0.0609, p_loss 0.4660, quant_error 1.0863, utilization 0.0026, perplexity 37.8325,
Train Epoch: [1/2] Iters:[3170/20018] transplant_loss 29.7319, rec_loss 0.0607, p_loss 0.4666, quant_error 1.0849, utilization 0.0026, perplexity 37.8917,
Train Epoch: [1/2] Iters:[3180/20018] transplant_loss 29.8038, rec_loss 0.0608, p_loss 0.4683, quant_error 1.0871, utilization 0.0026, perplexity 37.9176,
Train Epoch: [1/2] Iters:[3190/20018] transplant_loss 29.7072, rec_loss 0.0614, p_loss 0.4700, quant_error 1.0883, utilization 0.0026, perplexity 37.9698,
Train Epoch: [1/2] Iters:[3200/20018] transplant_loss 29.8716, rec_loss 0.0609, p_loss 0.4697, quant_error 1.0869, utilization 0.0026, perplexity 37.9509,
Train Epoch: [1/2] Iters:[3210/20018] transplant_loss 29.7609, rec_loss 0.0611, p_loss 0.4719, quant_error 1.0875, utilization 0.0026, perplexity 37.9546,
Train Epoch: [1/2] Iters:[3220/20018] transplant_loss 29.7598, rec_loss 0.0616, p_loss 0.4708, quant_error 1.0872, utilization 0.0026, perplexity 37.9441,
Train Epoch: [1/2] Iters:[3230/20018] transplant_loss 29.7281, rec_loss 0.0618, p_loss 0.4700, quant_error 1.0832, utilization 0.0026, perplexity 37.9678,
Train Epoch: [1/2] Iters:[3240/20018] transplant_loss 29.3995, rec_loss 0.0617, p_loss 0.4697, quant_error 1.0822, utilization 0.0026, perplexity 37.9733,
Train Epoch: [1/2] Iters:[3250/20018] transplant_loss 29.1914, rec_loss 0.0609, p_loss 0.4681, quant_error 1.0764, utilization 0.0026, perplexity 38.0385,
Train Epoch: [1/2] Iters:[3260/20018] transplant_loss 28.9738, rec_loss 0.0611, p_loss 0.4668, quant_error 1.0756, utilization 0.0026, perplexity 38.0615,
Train Epoch: [1/2] Iters:[3270/20018] transplant_loss 28.8401, rec_loss 0.0607, p_loss 0.4666, quant_error 1.0738, utilization 0.0026, perplexity 38.0601,
Train Epoch: [1/2] Iters:[3280/20018] transplant_loss 28.5697, rec_loss 0.0616, p_loss 0.4669, quant_error 1.0742, utilization 0.0026, perplexity 38.1008,
Train Epoch: [1/2] Iters:[3290/20018] transplant_loss 28.6908, rec_loss 0.0609, p_loss 0.4640, quant_error 1.0727, utilization 0.0026, perplexity 38.1239,
Train Epoch: [1/2] Iters:[3300/20018] transplant_loss 28.6515, rec_loss 0.0612, p_loss 0.4652, quant_error 1.0728, utilization 0.0026, perplexity 38.1411,
Train Epoch: [1/2] Iters:[3310/20018] transplant_loss 28.6062, rec_loss 0.0605, p_loss 0.4633, quant_error 1.0699, utilization 0.0026, perplexity 38.1523,
Train Epoch: [1/2] Iters:[3320/20018] transplant_loss 28.6039, rec_loss 0.0599, p_loss 0.4623, quant_error 1.0661, utilization 0.0026, perplexity 38.1726,
Train Epoch: [1/2] Iters:[3330/20018] transplant_loss 28.7688, rec_loss 0.0594, p_loss 0.4628, quant_error 1.0722, utilization 0.0026, perplexity 38.2215,
Train Epoch: [1/2] Iters:[3340/20018] transplant_loss 28.9753, rec_loss 0.0603, p_loss 0.4649, quant_error 1.0741, utilization 0.0026, perplexity 38.1951,
Train Epoch: [1/2] Iters:[3350/20018] transplant_loss 28.6853, rec_loss 0.0607, p_loss 0.4643, quant_error 1.0742, utilization 0.0026, perplexity 38.2203,
Train Epoch: [1/2] Iters:[3360/20018] transplant_loss 28.5541, rec_loss 0.0603, p_loss 0.4645, quant_error 1.0694, utilization 0.0026, perplexity 38.2270,
Train Epoch: [1/2] Iters:[3370/20018] transplant_loss 28.5471, rec_loss 0.0611, p_loss 0.4651, quant_error 1.0722, utilization 0.0026, perplexity 38.2370,
Train Epoch: [1/2] Iters:[3380/20018] transplant_loss 28.5044, rec_loss 0.0614, p_loss 0.4642, quant_error 1.0687, utilization 0.0026, perplexity 38.2649,
Train Epoch: [1/2] Iters:[3390/20018] transplant_loss 27.9249, rec_loss 0.0604, p_loss 0.4633, quant_error 1.0627, utilization 0.0026, perplexity 38.3164,
Train Epoch: [1/2] Iters:[3400/20018] transplant_loss 28.1268, rec_loss 0.0603, p_loss 0.4632, quant_error 1.0657, utilization 0.0026, perplexity 38.2660,
Train Epoch: [1/2] Iters:[3410/20018] transplant_loss 28.3404, rec_loss 0.0611, p_loss 0.4643, quant_error 1.0745, utilization 0.0026, perplexity 38.3173,
Train Epoch: [1/2] Iters:[3420/20018] transplant_loss 28.2632, rec_loss 0.0614, p_loss 0.4661, quant_error 1.0790, utilization 0.0026, perplexity 38.4135,
Train Epoch: [1/2] Iters:[3430/20018] transplant_loss 28.3334, rec_loss 0.0616, p_loss 0.4648, quant_error 1.0800, utilization 0.0026, perplexity 38.3913,
Train Epoch: [1/2] Iters:[3440/20018] transplant_loss 28.4765, rec_loss 0.0623, p_loss 0.4651, quant_error 1.0814, utilization 0.0026, perplexity 38.3953,
Train Epoch: [1/2] Iters:[3450/20018] transplant_loss 28.3517, rec_loss 0.0623, p_loss 0.4649, quant_error 1.0765, utilization 0.0026, perplexity 38.4743,
Train Epoch: [1/2] Iters:[3460/20018] transplant_loss 28.1624, rec_loss 0.0619, p_loss 0.4635, quant_error 1.0741, utilization 0.0026, perplexity 38.5321,
Train Epoch: [1/2] Iters:[3470/20018] transplant_loss 28.0849, rec_loss 0.0624, p_loss 0.4629, quant_error 1.0700, utilization 0.0026, perplexity 38.5292,
Train Epoch: [1/2] Iters:[3480/20018] transplant_loss 27.9148, rec_loss 0.0617, p_loss 0.4637, quant_error 1.0697, utilization 0.0026, perplexity 38.5314,
Train Epoch: [1/2] Iters:[3490/20018] transplant_loss 27.8204, rec_loss 0.0612, p_loss 0.4624, quant_error 1.0657, utilization 0.0026, perplexity 38.6126,
Train Epoch: [1/2] Iters:[3500/20018] transplant_loss 27.7205, rec_loss 0.0614, p_loss 0.4621, quant_error 1.0691, utilization 0.0026, perplexity 38.6362,
Train Epoch: [1/2] Iters:[3510/20018] transplant_loss 27.6502, rec_loss 0.0615, p_loss 0.4627, quant_error 1.0637, utilization 0.0026, perplexity 38.6235,
Train Epoch: [1/2] Iters:[3520/20018] transplant_loss 27.3287, rec_loss 0.0604, p_loss 0.4616, quant_error 1.0612, utilization 0.0026, perplexity 38.6124,
Train Epoch: [1/2] Iters:[3530/20018] transplant_loss 27.0185, rec_loss 0.0609, p_loss 0.4620, quant_error 1.0591, utilization 0.0026, perplexity 38.6813,
Train Epoch: [1/2] Iters:[3540/20018] transplant_loss 27.1560, rec_loss 0.0615, p_loss 0.4623, quant_error 1.0642, utilization 0.0026, perplexity 38.6370,
Train Epoch: [1/2] Iters:[3550/20018] transplant_loss 26.6380, rec_loss 0.0609, p_loss 0.4616, quant_error 1.0559, utilization 0.0026, perplexity 38.6585,
Train Epoch: [1/2] Iters:[3560/20018] transplant_loss 26.4710, rec_loss 0.0605, p_loss 0.4615, quant_error 1.0544, utilization 0.0026, perplexity 38.7365,
Train Epoch: [1/2] Iters:[3570/20018] transplant_loss 26.3415, rec_loss 0.0610, p_loss 0.4613, quant_error 1.0517, utilization 0.0026, perplexity 38.7643,
Train Epoch: [1/2] Iters:[3580/20018] transplant_loss 26.2331, rec_loss 0.0616, p_loss 0.4624, quant_error 1.0520, utilization 0.0026, perplexity 38.7512,
Train Epoch: [1/2] Iters:[3590/20018] transplant_loss 25.9475, rec_loss 0.0607, p_loss 0.4627, quant_error 1.0470, utilization 0.0026, perplexity 38.8314,
Train Epoch: [1/2] Iters:[3600/20018] transplant_loss 26.1933, rec_loss 0.0607, p_loss 0.4625, quant_error 1.0508, utilization 0.0026, perplexity 38.8152,
Train Epoch: [1/2] Iters:[3610/20018] transplant_loss 26.0951, rec_loss 0.0613, p_loss 0.4616, quant_error 1.0510, utilization 0.0026, perplexity 38.7583,
Train Epoch: [1/2] Iters:[3620/20018] transplant_loss 26.2142, rec_loss 0.0605, p_loss 0.4604, quant_error 1.0504, utilization 0.0026, perplexity 38.7778,
Train Epoch: [1/2] Iters:[3630/20018] transplant_loss 26.1383, rec_loss 0.0595, p_loss 0.4581, quant_error 1.0481, utilization 0.0026, perplexity 38.7666,
Train Epoch: [1/2] Iters:[3640/20018] transplant_loss 26.1423, rec_loss 0.0600, p_loss 0.4587, quant_error 1.0510, utilization 0.0026, perplexity 38.7580,
Train Epoch: [1/2] Iters:[3650/20018] transplant_loss 25.8619, rec_loss 0.0598, p_loss 0.4594, quant_error 1.0457, utilization 0.0026, perplexity 38.8083,
Train Epoch: [1/2] Iters:[3660/20018] transplant_loss 25.6028, rec_loss 0.0594, p_loss 0.4592, quant_error 1.0441, utilization 0.0026, perplexity 38.8172,
Train Epoch: [1/2] Iters:[3670/20018] transplant_loss 25.4973, rec_loss 0.0597, p_loss 0.4607, quant_error 1.0441, utilization 0.0026, perplexity 38.8065,
Train Epoch: [1/2] Iters:[3680/20018] transplant_loss 25.4338, rec_loss 0.0599, p_loss 0.4626, quant_error 1.0447, utilization 0.0026, perplexity 38.8378,
Train Epoch: [1/2] Iters:[3690/20018] transplant_loss 25.4171, rec_loss 0.0601, p_loss 0.4634, quant_error 1.0471, utilization 0.0026, perplexity 38.8620,
Train Epoch: [1/2] Iters:[3700/20018] transplant_loss 25.5706, rec_loss 0.0605, p_loss 0.4627, quant_error 1.0495, utilization 0.0026, perplexity 38.8856,
Train Epoch: [1/2] Iters:[3710/20018] transplant_loss 25.5715, rec_loss 0.0598, p_loss 0.4620, quant_error 1.0499, utilization 0.0026, perplexity 38.8733,
Train Epoch: [1/2] Iters:[3720/20018] transplant_loss 25.3715, rec_loss 0.0600, p_loss 0.4614, quant_error 1.0488, utilization 0.0026, perplexity 38.9322,
Train Epoch: [1/2] Iters:[3730/20018] transplant_loss 25.5064, rec_loss 0.0593, p_loss 0.4592, quant_error 1.0446, utilization 0.0026, perplexity 38.9562,
Train Epoch: [1/2] Iters:[3740/20018] transplant_loss 25.2715, rec_loss 0.0586, p_loss 0.4566, quant_error 1.0400, utilization 0.0026, perplexity 38.9366,
Train Epoch: [1/2] Iters:[3750/20018] transplant_loss 25.2556, rec_loss 0.0588, p_loss 0.4570, quant_error 1.0427, utilization 0.0026, perplexity 38.9422,
Train Epoch: [1/2] Iters:[3760/20018] transplant_loss 25.1752, rec_loss 0.0594, p_loss 0.4568, quant_error 1.0405, utilization 0.0026, perplexity 39.0238,
Train Epoch: [1/2] Iters:[3770/20018] transplant_loss 25.2108, rec_loss 0.0587, p_loss 0.4561, quant_error 1.0413, utilization 0.0026, perplexity 39.0828,
Train Epoch: [1/2] Iters:[3780/20018] transplant_loss 24.8790, rec_loss 0.0592, p_loss 0.4570, quant_error 1.0417, utilization 0.0026, perplexity 39.1356,
Train Epoch: [1/2] Iters:[3790/20018] transplant_loss 24.9853, rec_loss 0.0602, p_loss 0.4578, quant_error 1.0443, utilization 0.0026, perplexity 39.1699,
Train Epoch: [1/2] Iters:[3800/20018] transplant_loss 24.8209, rec_loss 0.0602, p_loss 0.4578, quant_error 1.0439, utilization 0.0026, perplexity 39.1690,
Train Epoch: [1/2] Iters:[3810/20018] transplant_loss 24.7325, rec_loss 0.0603, p_loss 0.4591, quant_error 1.0449, utilization 0.0026, perplexity 39.1148,
Train Epoch: [1/2] Iters:[3820/20018] transplant_loss 24.6679, rec_loss 0.0613, p_loss 0.4613, quant_error 1.0468, utilization 0.0026, perplexity 39.0923,
Train Epoch: [1/2] Iters:[3830/20018] transplant_loss 24.6964, rec_loss 0.0610, p_loss 0.4604, quant_error 1.0468, utilization 0.0026, perplexity 39.0635,
Train Epoch: [1/2] Iters:[3840/20018] transplant_loss 24.4825, rec_loss 0.0605, p_loss 0.4601, quant_error 1.0427, utilization 0.0026, perplexity 39.0995,
Train Epoch: [1/2] Iters:[3850/20018] transplant_loss 24.4627, rec_loss 0.0607, p_loss 0.4589, quant_error 1.0424, utilization 0.0026, perplexity 39.0872,
Train Epoch: [1/2] Iters:[3860/20018] transplant_loss 24.3239, rec_loss 0.0598, p_loss 0.4577, quant_error 1.0380, utilization 0.0026, perplexity 39.1692,
Train Epoch: [1/2] Iters:[3870/20018] transplant_loss 24.3398, rec_loss 0.0601, p_loss 0.4563, quant_error 1.0373, utilization 0.0026, perplexity 39.1608,
