dataset_dir: /projects/yuanai/data/
dataset_name: CelebAHQ
global_batch_size: 64
workers: 6
resolution: 256
channels: 3
ms_patch_size: 1_2_3_4_5_6_8_10_13_16
importance: (1, 1, 1, 2, 2, 2, 3, 3, 5, 5)
max_patch_size: 16
codebook_size: 16384
codebook_dim: 8
project_dim: 16
pq: 1
L: 4
alpha: 1.0
beta: 1.0
gamma: 1.0
disc_weight: 0.4
lecam_loss_weight: 0.001
disc_cr_loss_weight: 4.0
VQ: wasserstein_vq
use_multiscale: False
transplant_epochs: 30
refinement_epochs: 30
eval_epochs: 5
disc_epoch: 1
lr_transplant: 0.0001
lr_refinement: 1e-05
dropout: 0.0
seed: 3407
weight_decay: 1e-05
stage: transplant
path: bc
checkpoint_dir: /projects/yuanai/projects/VQ-Transplant2/checkpoint/Transplant/CelebAHQ
results_dir: /projects/yuanai/projects/VQ-Transplant2/results/Transplant/CelebAHQ
saver_dir: /projects/yuanai/projects/VQ-Transplant2/saver/Transplant/CelebAHQ
reconstruction_dir: /projects/yuanai/projects/VQ-Transplant2/reconstruction/Transplant/CelebAHQ
yaml_dir: /projects/yuanai/projects/VQ-Transplant2/yaml/Transplant/CelebAHQ
pretrained_tokenizer: /projects/yuanai/projects/VQ-Transplant2/pretrained_tokenizer/model.ckpt
checkpoint_name: 
nnodes: -1
node_rank: -1
local_rank: 0
dist_url: tcp://224.66.41.62:23456
dist_backend: nccl
world_size: 2
batch_size: 32
ms_token_size: (1, 2, 3, 4, 5, 6, 8, 10, 13, 16)
init_checkpoint_dir: /projects/yuanai/projects/VQ-Transplant2/checkpoint/
data_pre: CelebAHQ
model_pre: model_16384_8_1
loss_pre: loss_1.0_1.0_1.0_0.4
training_pre: wasserstein_vq_transplant_False
saver_name_pre: wasserstein_vq_transplant_False_CelebAHQ_model_16384_8_1_loss_1.0_1.0_1.0_0.4
| distributed init (rank 0): env://
| distributed init (rank 1): env://
making attention of type 'vanilla' with 512 in_channels
making attention of type 'vanilla' with 512 in_channels
making attention of type 'vanilla' with 512 in_channels
Working with z of shape (1, 16, 16, 16) = 4096 dimensions.
making attention of type 'vanilla' with 512 in_channels
making attention of type 'vanilla' with 512 in_channels
making attention of type 'vanilla' with 512 in_channels
making attention of type 'vanilla' with 512 in_channels
loaded pretrained LPIPS loss from /projects/yuanai/projects/VQ-Transplant2/code/models/cache/vgg.pth
VQ Model Parameters: 69609635
dataset name: CelebAHQ
len train_set: 30000
len val_set: 30000
Start training...
epoch:1, cur_lr:0.000100
Train Epoch: [1/30] Iters:[10/468] transplant_loss 27.7900, rec_loss 0.2845, p_loss 0.7011, quant_error 3.6095, utilization 0.0316, perplexity 121.8852,
Train Epoch: [1/30] Iters:[20/468] transplant_loss 34.6977, rec_loss 0.2222, p_loss 0.6821, quant_error 3.1496, utilization 0.0250, perplexity 89.3067,
Train Epoch: [1/30] Iters:[30/468] transplant_loss 27.5024, rec_loss 0.1760, p_loss 0.6667, quant_error 2.7855, utilization 0.0224, perplexity 101.4178,
Train Epoch: [1/30] Iters:[40/468] transplant_loss 23.0677, rec_loss 0.1467, p_loss 0.6480, quant_error 2.4699, utilization 0.0226, perplexity 116.3686,
Train Epoch: [1/30] Iters:[50/468] transplant_loss 20.0915, rec_loss 0.1271, p_loss 0.6174, quant_error 2.2141, utilization 0.0278, perplexity 135.2795,
Train Epoch: [1/30] Iters:[60/468] transplant_loss 15.9710, rec_loss 0.0781, p_loss 0.5579, quant_error 1.6867, utilization 0.0405, perplexity 177.1463,
Train Epoch: [1/30] Iters:[70/468] transplant_loss 8.9677, rec_loss 0.0538, p_loss 0.4986, quant_error 1.3271, utilization 0.0658, perplexity 269.7964,
Train Epoch: [1/30] Iters:[80/468] transplant_loss 7.5457, rec_loss 0.0437, p_loss 0.4401, quant_error 1.0779, utilization 0.0988, perplexity 402.0753,
Train Epoch: [1/30] Iters:[90/468] transplant_loss 6.6892, rec_loss 0.0385, p_loss 0.3881, quant_error 0.9258, utilization 0.1370, perplexity 597.5887,
Train Epoch: [1/30] Iters:[100/468] transplant_loss 6.0772, rec_loss 0.0353, p_loss 0.3533, quant_error 0.8347, utilization 0.1752, perplexity 863.0927,
Train Epoch: [1/30] Iters:[110/468] transplant_loss 5.5811, rec_loss 0.0333, p_loss 0.3343, quant_error 0.7791, utilization 0.2087, perplexity 1206.8975,
Train Epoch: [1/30] Iters:[120/468] transplant_loss 5.1195, rec_loss 0.0316, p_loss 0.3214, quant_error 0.7324, utilization 0.2354, perplexity 1606.1895,
Train Epoch: [1/30] Iters:[130/468] transplant_loss 4.7086, rec_loss 0.0306, p_loss 0.3111, quant_error 0.6955, utilization 0.2575, perplexity 2031.2259,
Train Epoch: [1/30] Iters:[140/468] transplant_loss 4.3280, rec_loss 0.0293, p_loss 0.3010, quant_error 0.6614, utilization 0.2754, perplexity 2434.1883,
Train Epoch: [1/30] Iters:[150/468] transplant_loss 3.9626, rec_loss 0.0280, p_loss 0.2915, quant_error 0.6277, utilization 0.2903, perplexity 2802.9056,
Train Epoch: [1/30] Iters:[160/468] transplant_loss 3.6292, rec_loss 0.0270, p_loss 0.2832, quant_error 0.5973, utilization 0.3020, perplexity 3097.8429,
Train Epoch: [1/30] Iters:[170/468] transplant_loss 3.3248, rec_loss 0.0256, p_loss 0.2749, quant_error 0.5676, utilization 0.3120, perplexity 3323.3815,
Train Epoch: [1/30] Iters:[180/468] transplant_loss 3.0510, rec_loss 0.0245, p_loss 0.2671, quant_error 0.5411, utilization 0.3198, perplexity 3487.0610,
Train Epoch: [1/30] Iters:[190/468] transplant_loss 2.8171, rec_loss 0.0235, p_loss 0.2610, quant_error 0.5182, utilization 0.3264, perplexity 3620.5485,
Train Epoch: [1/30] Iters:[200/468] transplant_loss 2.5965, rec_loss 0.0229, p_loss 0.2556, quant_error 0.4965, utilization 0.3310, perplexity 3713.9118,
Train Epoch: [1/30] Iters:[210/468] transplant_loss 2.4018, rec_loss 0.0221, p_loss 0.2512, quant_error 0.4768, utilization 0.3345, perplexity 3785.1671,
Train Epoch: [1/30] Iters:[220/468] transplant_loss 2.2353, rec_loss 0.0216, p_loss 0.2466, quant_error 0.4603, utilization 0.3368, perplexity 3835.1167,
Train Epoch: [1/30] Iters:[230/468] transplant_loss 2.0773, rec_loss 0.0208, p_loss 0.2421, quant_error 0.4427, utilization 0.3386, perplexity 3879.0060,
Train Epoch: [1/30] Iters:[240/468] transplant_loss 1.9359, rec_loss 0.0202, p_loss 0.2382, quant_error 0.4272, utilization 0.3403, perplexity 3919.0750,
Train Epoch: [1/30] Iters:[250/468] transplant_loss 1.8240, rec_loss 0.0196, p_loss 0.2354, quant_error 0.4138, utilization 0.3422, perplexity 3963.6370,
Train Epoch: [1/30] Iters:[260/468] transplant_loss 1.7301, rec_loss 0.0191, p_loss 0.2319, quant_error 0.4014, utilization 0.3442, perplexity 4017.8779,
Train Epoch: [1/30] Iters:[270/468] transplant_loss 1.6583, rec_loss 0.0187, p_loss 0.2292, quant_error 0.3908, utilization 0.3468, perplexity 4078.9314,
Train Epoch: [1/30] Iters:[280/468] transplant_loss 1.6079, rec_loss 0.0185, p_loss 0.2274, quant_error 0.3834, utilization 0.3496, perplexity 4142.8899,
Train Epoch: [1/30] Iters:[290/468] transplant_loss 1.5690, rec_loss 0.0181, p_loss 0.2245, quant_error 0.3742, utilization 0.3528, perplexity 4208.7826,
Train Epoch: [1/30] Iters:[300/468] transplant_loss 1.5361, rec_loss 0.0178, p_loss 0.2212, quant_error 0.3660, utilization 0.3566, perplexity 4289.4208,
Train Epoch: [1/30] Iters:[310/468] transplant_loss 1.5050, rec_loss 0.0173, p_loss 0.2183, quant_error 0.3578, utilization 0.3608, perplexity 4370.2418,
Train Epoch: [1/30] Iters:[320/468] transplant_loss 1.4788, rec_loss 0.0169, p_loss 0.2159, quant_error 0.3505, utilization 0.3648, perplexity 4450.1500,
Train Epoch: [1/30] Iters:[330/468] transplant_loss 1.4500, rec_loss 0.0165, p_loss 0.2140, quant_error 0.3424, utilization 0.3688, perplexity 4532.1707,
Train Epoch: [1/30] Iters:[340/468] transplant_loss 1.4266, rec_loss 0.0164, p_loss 0.2131, quant_error 0.3379, utilization 0.3729, perplexity 4614.3822,
Train Epoch: [1/30] Iters:[350/468] transplant_loss 1.4118, rec_loss 0.0163, p_loss 0.2123, quant_error 0.3334, utilization 0.3765, perplexity 4682.2587,
Train Epoch: [1/30] Iters:[360/468] transplant_loss 1.3945, rec_loss 0.0160, p_loss 0.2108, quant_error 0.3289, utilization 0.3800, perplexity 4749.5829,
Train Epoch: [1/30] Iters:[370/468] transplant_loss 1.3760, rec_loss 0.0159, p_loss 0.2093, quant_error 0.3242, utilization 0.3836, perplexity 4820.0763,
Train Epoch: [1/30] Iters:[380/468] transplant_loss 1.3632, rec_loss 0.0159, p_loss 0.2078, quant_error 0.3205, utilization 0.3874, perplexity 4890.9886,
Train Epoch: [1/30] Iters:[390/468] transplant_loss 1.3470, rec_loss 0.0155, p_loss 0.2059, quant_error 0.3159, utilization 0.3911, perplexity 4959.6156,
Train Epoch: [1/30] Iters:[400/468] transplant_loss 1.3313, rec_loss 0.0151, p_loss 0.2043, quant_error 0.3118, utilization 0.3948, perplexity 5029.9382,
Train Epoch: [1/30] Iters:[410/468] transplant_loss 1.3182, rec_loss 0.0151, p_loss 0.2036, quant_error 0.3083, utilization 0.3979, perplexity 5085.9963,
Train Epoch: [1/30] Iters:[420/468] transplant_loss 1.3071, rec_loss 0.0151, p_loss 0.2036, quant_error 0.3058, utilization 0.4015, perplexity 5154.2835,
Train Epoch: [1/30] Iters:[430/468] transplant_loss 1.3099, rec_loss 0.0150, p_loss 0.2029, quant_error 0.3041, utilization 0.4048, perplexity 5210.2586,
Train Epoch: [1/30] Iters:[440/468] transplant_loss 1.2983, rec_loss 0.0150, p_loss 0.2023, quant_error 0.3007, utilization 0.4079, perplexity 5262.2280,
Train Epoch: [1/30] Iters:[450/468] transplant_loss 1.2853, rec_loss 0.0149, p_loss 0.2012, quant_error 0.2977, utilization 0.4108, perplexity 5314.1396,
Train Epoch: [1/30] Iters:[460/468] transplant_loss 1.2826, rec_loss 0.0149, p_loss 0.2004, quant_error 0.2951, utilization 0.4143, perplexity 5377.6534,
epoch:2, cur_lr:0.000100
Train Epoch: [2/30] Iters:[10/468] transplant_loss 1.2543, rec_loss 0.0141, p_loss 0.1976, quant_error 0.2833, utilization 0.4247, perplexity 5576.4219,
Train Epoch: [2/30] Iters:[20/468] transplant_loss 1.2431, rec_loss 0.0141, p_loss 0.1973, quant_error 0.2840, utilization 0.4275, perplexity 5623.7265,
Train Epoch: [2/30] Iters:[30/468] transplant_loss 1.2349, rec_loss 0.0141, p_loss 0.1965, quant_error 0.2822, utilization 0.4287, perplexity 5644.0903,
Train Epoch: [2/30] Iters:[40/468] transplant_loss 1.2356, rec_loss 0.0141, p_loss 0.1960, quant_error 0.2816, utilization 0.4305, perplexity 5674.2099,
Train Epoch: [2/30] Iters:[50/468] transplant_loss 1.2325, rec_loss 0.0139, p_loss 0.1951, quant_error 0.2806, utilization 0.4314, perplexity 5685.3928,
Train Epoch: [2/30] Iters:[60/468] transplant_loss 1.2259, rec_loss 0.0140, p_loss 0.1943, quant_error 0.2793, utilization 0.4343, perplexity 5736.5702,
Train Epoch: [2/30] Iters:[70/468] transplant_loss 1.2184, rec_loss 0.0139, p_loss 0.1935, quant_error 0.2772, utilization 0.4365, perplexity 5774.8652,
Train Epoch: [2/30] Iters:[80/468] transplant_loss 1.2154, rec_loss 0.0138, p_loss 0.1928, quant_error 0.2762, utilization 0.4390, perplexity 5820.2223,
Train Epoch: [2/30] Iters:[90/468] transplant_loss 1.2074, rec_loss 0.0137, p_loss 0.1920, quant_error 0.2743, utilization 0.4412, perplexity 5859.6659,
Train Epoch: [2/30] Iters:[100/468] transplant_loss 1.1984, rec_loss 0.0137, p_loss 0.1916, quant_error 0.2726, utilization 0.4433, perplexity 5900.7238,
Train Epoch: [2/30] Iters:[110/468] transplant_loss 1.1962, rec_loss 0.0136, p_loss 0.1914, quant_error 0.2710, utilization 0.4454, perplexity 5933.6287,
Train Epoch: [2/30] Iters:[120/468] transplant_loss 1.1969, rec_loss 0.0135, p_loss 0.1907, quant_error 0.2694, utilization 0.4477, perplexity 5971.7020,
Train Epoch: [2/30] Iters:[130/468] transplant_loss 1.2026, rec_loss 0.0135, p_loss 0.1904, quant_error 0.2681, utilization 0.4497, perplexity 6005.4109,
Train Epoch: [2/30] Iters:[140/468] transplant_loss 1.2020, rec_loss 0.0136, p_loss 0.1904, quant_error 0.2670, utilization 0.4516, perplexity 6037.4636,
Train Epoch: [2/30] Iters:[150/468] transplant_loss 1.1999, rec_loss 0.0135, p_loss 0.1897, quant_error 0.2654, utilization 0.4540, perplexity 6078.3441,
Train Epoch: [2/30] Iters:[160/468] transplant_loss 1.1921, rec_loss 0.0134, p_loss 0.1887, quant_error 0.2633, utilization 0.4563, perplexity 6115.7154,
Train Epoch: [2/30] Iters:[170/468] transplant_loss 1.1864, rec_loss 0.0134, p_loss 0.1883, quant_error 0.2613, utilization 0.4579, perplexity 6145.3355,
Train Epoch: [2/30] Iters:[180/468] transplant_loss 1.1762, rec_loss 0.0133, p_loss 0.1875, quant_error 0.2599, utilization 0.4601, perplexity 6183.1958,
Train Epoch: [2/30] Iters:[190/468] transplant_loss 1.1738, rec_loss 0.0133, p_loss 0.1870, quant_error 0.2580, utilization 0.4621, perplexity 6215.5328,
Train Epoch: [2/30] Iters:[200/468] transplant_loss 1.1734, rec_loss 0.0133, p_loss 0.1868, quant_error 0.2568, utilization 0.4640, perplexity 6250.3570,
